ITEM: 蜡厚|1111|阂采颇祈 格吧捞(15407)|丢出道具|1000|78|81|2020-9-9 8:28:46|1599414492i351100
ITEM: 蜡厚|1111|怕浅狼 癌渴(15400)|丢出道具|1000|78|81|2020-9-9 8:28:48|1599414449i281100
ITEM: 蜡厚|1111|怕浅狼 芒(15401)|丢出道具|1000|78|81|2020-9-9 8:28:49|1599414452i291100
ITEM: 蜡厚|1111|怕浅狼 格吧捞(15402)|丢出道具|1000|78|81|2020-9-9 8:28:50|1599414456i301100
ITEM: 蜡厚|1111|阂采颇祈 捧备(15408)|丢出道具|1000|78|81|2020-9-9 8:28:54|1599414495i361100
ITEM: 蜡厚|1111|阂采颇祈 档尝(15406)|丢出道具|1000|78|81|2020-9-9 8:28:56|1599414486i341100
ITEM: 蜡厚|1111|脚格狼 芒(15404)|丢出道具|1000|78|81|2020-9-9 8:28:57|1599414469i321100
ITEM: 蜡厚|1111|脚格狼 格吧捞(15405)|丢出道具|1000|78|81|2020-9-9 8:28:59|1599414473i331100
ITEM: 蜡厚|1111|脚格狼 癌渴(15403)|丢出道具|1000|75|83|2020-9-9 8:29:1|1599414464i311100
ITEM: 蜡厚|1111|阂采颇祈 格吧捞(15407)|捡起道具|1000|76|82|2020-9-9 8:30:24|1599414492i351100
ITEM: 蜡厚|1111|脚格狼 癌渴(15403)|捡起道具|1000|75|84|2020-9-9 8:30:26|1599414464i311100
ITEM: 蜡厚|1111|脚格狼 癌渴(15403)|丢出道具|1000|77|82|2020-9-9 8:30:30|1599414464i311100
ITEM: 蜡厚|1111|阂采颇祈 格吧捞(15407)|丢出道具|1000|73|83|2020-9-9 8:30:32|1599414492i351100
ITEM: NULL|NULL|怕浅狼 芒(15401)|TiemDelete|1000|77|80|2020-9-9 8:34:16|1599414452i291100
ITEM: NULL|NULL|怕浅狼 癌渴(15400)|TiemDelete|1000|77|81|2020-9-9 8:34:16|1599414449i281100
ITEM: NULL|NULL|怕浅狼 格吧捞(15402)|TiemDelete|1000|78|80|2020-9-9 8:34:16|1599414456i301100
ITEM: NULL|NULL|脚格狼 格吧捞(15405)|TiemDelete|1000|78|82|2020-9-9 8:34:16|1599414473i331100
ITEM: NULL|NULL|阂采颇祈 捧备(15408)|TiemDelete|1000|79|80|2020-9-9 8:34:16|1599414495i361100
ITEM: NULL|NULL|阂采颇祈 档尝(15406)|TiemDelete|1000|79|81|2020-9-9 8:34:16|1599414486i341100
ITEM: NULL|NULL|脚格狼 芒(15404)|TiemDelete|1000|79|82|2020-9-9 8:34:16|1599414469i321100
ITEM: 力哎樊|gkrrua55|海畴固胶 Lv1狼 竣胶(1)|GM制作道具|1000|79|82|2020-9-9 8:34:21|1599665661i01100
ITEM: 力哎樊|gkrrua55|海畴固胶 Lv1狼 竣胶(1)|丢出道具|1000|79|84|2020-9-9 8:34:42|1599665661i01100
ITEM: 蜡厚|1111|海畴固胶 Lv1狼 竣胶(1)|捡起道具|1000|79|83|2020-9-9 8:35:9|1599665661i01100
ITEM: 蜡厚|1111|海畴固胶 Lv1狼 竣胶(1)|丢出道具|1000|79|83|2020-9-9 8:35:15|1599665661i01100
ITEM: NULL|NULL|脚格狼 癌渴(15403)|TiemDelete|1000|76|83|2020-9-9 8:35:31|1599414464i311100
ITEM: NULL|NULL|阂采颇祈 格吧捞(15407)|TiemDelete|1000|72|83|2020-9-9 8:35:33|1599414492i351100
ITEM: 力哎樊|gkrrua55|第二格包裹(23029)|GM制作道具|1000|80|84|2020-9-9 8:36:56|1599665816i11100
ITEM: 力哎樊|gkrrua55|第二格包裹(23029)|丢出道具|1000|80|84|2020-9-9 8:37:4|1599665816i11100
ITEM: 力哎樊|gkrrua55|第二格包裹(23029)|GM制作道具|1000|80|85|2020-9-9 8:37:11|1599665831i21100
ITEM: 力哎樊|gkrrua55|第二格包裹(23029)|丢出道具|1000|80|85|2020-9-9 8:37:16|1599665831i21100
ITEM: 力哎樊|gkrrua55|帖拉拉普捕抓证(23028)|GM制作道具|1000|80|85|2020-9-9 8:37:20|1599665840i31100
ITEM: 力哎樊|gkrrua55|帖拉拉普捕抓证(23028)|丢出道具|1000|80|85|2020-9-9 8:37:22|1599665840i31100
ITEM: 力哎樊|gkrrua55|50000声望券(23008)|GM制作道具|1000|80|84|2020-9-9 8:37:39|1599665859i41100
ITEM: 力哎樊|gkrrua55|智慧之果Max(23010)|GM制作道具|1000|81|85|2020-9-9 8:38:41|1599665921i51100
ITEM: 力哎樊|gkrrua55|智慧之果Max(23010)|使用道具|1000|81|85|2020-9-9 8:38:43|1599665921i51100
ITEM: 力哎樊|gkrrua55|智慧之果Max(23010)|战斗使用道具|1000|81|85|2020-9-9 8:38:43|1599665921i51100
ITEM: 蜡厚|1111|帖拉拉普捕抓证(23028)|捡起道具|1000|79|84|2020-9-9 8:38:53|1599665840i31100
ITEM: 蜡厚|1111|帖拉拉普捕抓证(23028)|丢出道具|1000|79|84|2020-9-9 8:38:56|1599665840i31100
ITEM: 力哎樊|gkrrua55|雷尔布偶衣(22779)|GM制作道具|1000|81|85|2020-9-9 8:40:6|1599666006i61100
ITEM: NULL|NULL|海畴固胶 Lv1狼 竣胶(1)|TiemDelete|1000|78|84|2020-9-9 8:40:16|1599665661i01100
ITEM: NULL|NULL|第二格包裹(23029)|TiemDelete|1000|79|86|2020-9-9 8:42:32|1599665831i21100
ITEM: NULL|NULL|第二格包裹(23029)|TiemDelete|1000|81|83|2020-9-9 8:42:32|1599665816i11100
ITEM: NULL|NULL|帖拉拉普捕抓证(23028)|TiemDelete|1000|79|85|2020-9-9 8:43:58|1599665840i31100
ITEM: 力哎樊|gkrrua55|雷尔布偶(22655)|GM制作道具|1000|79|83|2020-9-9 8:44:40|ITEM: server down(2020-9-9 9:25:11) 
