PET: 包快|jmycxc|酒胶鸥肺(1)|丢宠|1000|75|86|2020-9-9 6:58:23|1599502575i12
PET: 包快|jmycxc|酒胶鸥肺(1)|捡宠|1000|75|88|2020-9-9 6:58:33|1599502575i12
PET: 蜡厚|1111|绢赴酒捞胶靛贰帮(1)|GM命令制作|1000|72|87|2020-9-9 7:6:32|1599660392i11
PET: 蜡厚|1111|绢赴酒捞胶靛贰帮(1)|丢宠|1000|72|87|2020-9-9 7:6:36|1599660392i11
PET: 蜡厚|1111|绢赴酒捞胶靛贰帮(1)|捡宠|1000|70|86|2020-9-9 7:7:0|1599660392i11
PET: 蜡厚|1111|绢赴酒捞胶靛贰帮(1)|丢宠|1000|70|86|2020-9-9 7:7:5|1599660392i11
PET: 蜡厚|1111|孺林累(1)|GM命令制作|1000|82|91|2020-9-9 7:12:4|1599660724i110
PET: 蜡厚|1111|孺林累(1)|丢宠|1000|82|91|2020-9-9 7:12:7|1599660724i110
PET: 蜡厚|1111|具府胶(1)|GM命令制作|1000|82|91|2020-9-9 7:12:17|1599660737i111
PET: 蜡厚|1111|具府胶(1)|丢宠|1000|82|91|2020-9-9 7:12:21|1599660737i111
PET: 系统|Watchfunc|绢赴酒捞胶靛贰帮(1)|系统清除-地上自由宠|1000|71|87|2020-9-9 7:12:25|1599660392i11
PET: 蜡厚|1111|楷扁畴(1)|GM命令制作|1000|80|96|2020-9-9 7:12:27|1599660747i112
PET: 蜡厚|1111|楷扁畴(1)|丢宠|1000|82|95|2020-9-9 7:12:31|1599660747i112
PET: 蜡厚|1111|海扼扼(1)|GM命令制作|1000|85|98|2020-9-9 7:12:45|1599660765i113
PET: 蜡厚|1111|海扼扼(1)|丢宠|1000|85|98|2020-9-9 7:12:49|1599660765i113
PET: 蜡厚|1111|备孺龋(1)|GM命令制作|1000|85|98|2020-9-9 7:12:59|1599660779i114
PET: 蜡厚|1111|备孺龋(1)|丢宠|1000|84|97|2020-9-9 7:16:19|1599660779i114
PET: 蜡厚|1111|备孺龋(1)|捡宠|1000|83|97|2020-9-9 7:16:21|1599660779i114
PET: 蜡厚|1111|备孺龋(1)|丢宠|1000|83|97|2020-9-9 7:16:23|1599660779i114
PET: 系统|Watchfunc|孺林累(1)|系统清除-地上自由宠|1000|81|92|2020-9-9 7:17:7|1599660724i110
PET: 包快|jmycxc|备孺龋(1)|GM命令制作|1000|77|86|2020-9-9 7:17:21|1599661041i115
PET: 系统|Watchfunc|具府胶(1)|系统清除-地上自由宠|1000|81|91|2020-9-9 7:17:43|1599660737i111
PET: 系统|Watchfunc|楷扁畴(1)|系统清除-地上自由宠|1000|83|95|2020-9-9 7:17:43|1599660747i112
PET: 系统|Watchfunc|海扼扼(1)|系统清除-地上自由宠|1000|84|99|2020-9-9 7:17:56|1599660765i113
PET: 蜡厚|1111|归龋(1)|GM命令制作|1000|81|86|2020-9-9 7:18:49|1599661129i116
PET: 蜡厚|1111|归龋(1)|丢宠|1000|81|86|2020-9-9 7:18:53|1599661129i116
PET: 蜡厚|1111|酒捞胶父葛(1)|GM命令制作|1000|82|88|2020-9-9 7:19:8|1599661148i117
PET: 蜡厚|1111|酒捞胶父葛(1)|丢宠|1000|82|88|2020-9-9 7:19:10|1599661148i117
PET: 蜡厚|1111|全访(1)|GM命令制作|1000|83|90|2020-9-9 7:19:56|1599661196i118
PET: 蜡厚|1111|全访(1)|丢宠|1000|83|90|2020-9-9 7:20:8|1599661196i118
PET: 蜡厚|1111|馆焊肺(1)|GM命令制作|1000|92|86|2020-9-9 7:20:54|1599661254i121
PET: 蜡厚|1111|馆焊肺(1)|丢宠|1000|92|86|2020-9-9 7:20:58|1599661254i121
PET: 系统|Watchfunc|备孺龋(1)|系统清除-地上自由宠|1000|82|97|2020-9-9 7:21:45|1599660779i114
PET: 蜡厚|1111|踌锋(1)|GM命令制作|1000|82|95|2020-9-9 7:23:21|1599661401i124
PET: 蜡厚|1111|踌锋(1)|丢宠|1000|82|95|2020-9-9 7:23:24|1599661401i124
PET: 蜡厚|1111|扁肺官(1)|GM命令制作|1000|82|95|2020-9-9 7:23:30|1599661410i125
PET: 蜡厚|1111|扁肺官(1)|丢宠|1000|82|95|2020-9-9 7:23:34|1599661410i125
PET: 蜡厚|1111|喉发肺胶(1)|GM命令制作|1000|83|98|2020-9-9 7:23:41|1599661421i126
PET: 蜡厚|1111|喉发肺胶(1)|丢宠|1000|83|98|2020-9-9 7:23:43|1599661421i126
PET: 系统|Watchfunc|归龋(1)|系统清除-地上自由宠|1000|80|87|2020-9-9 7:24:45|1599661129i116
PET: 系统|Watchfunc|酒捞胶父葛(1)|系统清除-地上自由宠|1000|81|88|2020-9-9 7:24:45|1599661148i117
PET: 蜡厚|1111|绢赴倒啊肺胶(1)|GM命令制作|1000|85|96|2020-9-9 7:25:5|1599661505i127
PET: 蜡厚|1111|绢赴倒啊肺胶(1)|丢宠|1000|85|99|2020-9-9 7:25:9|1599661505i127
PET: 系统|Watchfunc|全访(1)|系统清除-地上自由宠|1000|83|91|2020-9-9 7:25:9|1599661196i118
PET: 系统|Watchfunc|馆焊肺(1)|系统清除-地上自由宠|1000|92|87|2020-9-9 7:26:45|1599661254i121
PET: 系统|Watchfunc|踌锋(1)|系统清除-地上自由宠|1000|81|94|2020-9-9 7:28:45|1599661401i124
PET: 系统|Watchfunc|扁肺官(1)|系统清除-地上自由宠|1000|82|94|2020-9-9 7:28:45|1599661410i125
PET: 系统|Watchfunc|喉发肺胶(1)|系统清除-地上自由宠|1000|82|99|2020-9-9 7:28:45|1599661421i126
PET: 系统|Watchfunc|绢赴倒啊肺胶(1)|系统清除-地上自由宠|1000|85|100|2020-9-9 7:30:45|1599661505i127
PET: 力哎樊|gkrrua55|滴府(1)|LUA的char.AddPet|2006|20|16|2020-9-9 8:17:7|1599664627i128
PETPET: server down(2020-9-9 9:25:11) 
