GM: 제갈량	gkrrua55	getuser	(1000,76,75)	 (2020-9-16 0:33:5) 
GM: 짱멋진장비님	yesdw00	noenemy on	(100,637,491)	 (2020-9-16 0:37:18) 
GM: 제갈량	gkrrua55	warp 32020 25 25	(1000,85,93)	 (2020-9-16 0:41:52) 
GM: 제갈량	gkrrua55	warp 32020 31 31	(32020,25,25)	 (2020-9-16 0:41:56) 
GM: 제갈량	gkrrua55	noenemy on	(32020,31,31)	 (2020-9-16 0:41:59) 
GM: 제갈량	gkrrua55	additem 2774	(32020,20,10)	 (2020-9-16 0:44:38) 
GM: 제갈량	gkrrua55	additem 2775	(32020,20,10)	 (2020-9-16 0:44:45) 
GM: 제갈량	gkrrua55	hp 1000000	(32020,20,10)	 (2020-9-16 0:47:37) 
GM: 제갈량	gkrrua55	hp 100000	(32020,20,10)	 (2020-9-16 0:49:8) 
GM: 제갈량	gkrrua55	getuser	(32020,21,12)	 (2020-9-16 0:52:5) 
GM: 제갈량	gkrrua55	warp 1000 66 73	(32020,21,12)	 (2020-9-16 0:52:9) 
GM: 제갈량	gkrrua55	additem 22509	(100,633,491)	 (2020-9-16 1:31:47) 
GM: 제갈량	gkrrua55	additem 22333	(100,633,491)	 (2020-9-16 1:32:23) 
GM: 제갈량	gkrrua55	additem 2615	(1000,67,80)	 (2020-9-16 1:33:53) 
GM: 제갈량	gkrrua55	additem 2939	(1000,74,76)	 (2020-9-16 1:35:16) 
GM: 제갈량	gkrrua55	additem 2958	(1000,71,78)	 (2020-9-16 1:36:25) 
GM: 제갈량	gkrrua55	noenemy on	(1100,94,63)	 (2020-9-16 1:47:4) 
GM: 제갈량	gkrrua55	help all	(2030,29,65)	 (2020-9-16 2:6:18) 
GM: 제갈량	gkrrua55	manorpk	(2030,29,65)	 (2020-9-16 2:6:26) 
GM: 제갈량	gkrrua55	manorpk clean	(2030,33,56)	 (2020-9-16 2:6:35) 
GM: 제갈량	gkrrua55	manorpk peace	(2030,33,56)	 (2020-9-16 2:6:46) 
GM: 제갈량	gkrrua55	help all	(2030,33,56)	 (2020-9-16 2:6:51) 
GM: 제갈량	gkrrua55	getuser	(2030,33,56)	 (2020-9-16 2:8:19) 
GM: 제갈량	gkrrua55	kfzl	(2030,33,56)	 (2020-9-16 2:8:23) 
GM: 제갈량	gkrrua55	kfzl 1	(2030,33,56)	 (2020-9-16 2:8:34) 
GM: 제갈량	gkrrua55	kfzl 밑륩	(2030,33,56)	 (2020-9-16 2:8:42) 
GM: 제갈량	gkrrua55	additem 19545	(500,268,362)	 (2020-9-16 2:20:13) 
GM: 제갈량	gkrrua55	petmake 1140	(500,268,362)	 (2020-9-16 2:20:47) 
GM: 제갈량	gkrrua55	MM 1	(500,268,362)	 (2020-9-16 2:20:59) 
GM: 제갈량	gkrrua55	additem 23990 15	(500,273,359)	 (2020-9-16 2:22:15) 
GM: 제갈량	gkrrua55	additem 23009 15	(500,273,359)	 (2020-9-16 2:22:26) 
GM: 제갈량	gkrrua55	petmake 2165	(1000,94,87)	 (2020-9-16 7:25:48) 
GM: 제갈량	gkrrua55	petmake 2166	(1000,94,87)	 (2020-9-16 7:25:53) 
GM: 제갈량	gkrrua55	petmake 2174	(1000,94,87)	 (2020-9-16 7:26:1) 
GM: 제갈량	gkrrua55	noenemy on	(5540,409,618)	 (2020-9-16 7:35:27) 
GM: 관우	jmycxc	additem 1893	(1000,71,52)	 (2020-9-16 7:42:13) 
GM: 관우	jmycxc	additem 1990	(1000,71,52)	 (2020-9-16 7:42:49) 
GM: 관우	jmycxc	additem 2004	(1000,71,52)	 (2020-9-16 7:43:0) 
GM: 관우	jmycxc	additem 2006	(1000,71,52)	 (2020-9-16 7:43:11) 
GM: 관우	jmycxc	additem 2768	(1000,71,52)	 (2020-9-16 7:43:30) 
GM: 관우	jmycxc	additem 2775	(1000,71,52)	 (2020-9-16 7:43:50) 
GM: 관우	jmycxc	additem 22349	(1000,71,52)	 (2020-9-16 7:44:8) 
GM: 제갈량	gkrrua55	warp 500 354 341	(500,211,348)	 (2020-9-16 7:45:0) 
GM: 관우	jmycxc	delpet	(1000,71,52)	 (2020-9-16 7:45:29) 
GM: 관우	jmycxc	delitem all	(1000,71,52)	 (2020-9-16 7:45:33) 
GM: 관우	jmycxc	additem 1	(1000,71,52)	 (2020-9-16 7:45:43) 
GM: 제갈량	gkrrua55	warp 500 449 391	(500,355,341)	 (2020-9-16 7:46:2) 
GM: 제갈량	gkrrua55	warp 500 199 320	(500,449,391)	 (2020-9-16 7:46:11) 
GM: 관우	jmycxc	additem 2774	(1000,71,52)	 (2020-9-16 7:46:11) 
GM: 제갈량	gkrrua55	noenemy on	(500,197,319)	 (2020-9-16 7:46:21) 
GM: 제갈량	gkrrua55	warp 500 207 309	(500,218,340)	 (2020-9-16 7:46:44) 
GM: 관우	jmycxc	additem 1919	(1000,72,53)	 (2020-9-16 7:48:25) 
GM: 관우	jmycxc	itemreload all	(1000,72,54)	 (2020-9-16 7:48:46) 
GM: 관우	jmycxc	additem 1919	(1000,74,55)	 (2020-9-16 7:48:52) 
GM: 관우	jmycxc	additem 1923	(1000,74,55)	 (2020-9-16 7:49:22) 
GM: 제갈량	gkrrua55	additem 25109	(1000,72,82)	 (2020-9-16 7:49:37) 
GM: 제갈량	gkrrua55	additem 19005	(1000,72,82)	 (2020-9-16 7:49:45) 
GM: 제갈량	gkrrua55	additem 19005	(1000,72,82)	 (2020-9-16 7:49:55) 
GM: 제갈량	gkrrua55	additem 19006	(1000,72,82)	 (2020-9-16 7:50:30) 
GM: 제갈량	gkrrua55	metamo 100740	(3000,107,114)	 (2020-9-16 7:55:48) 
GM: 제갈량	gkrrua55	noenemy on	(300,157,297)	 (2020-9-16 8:0:43) 
GM: 제갈량	gkrrua55	warp 7402 75 75	(7402,154,73)	 (2020-9-16 8:2:57) 
GM: 관우	jmycxc	additem 30002	(1000,74,55)	 (2020-9-16 8:21:31) 
GM: 관우	jmycxc	itemreload all	(1000,74,55)	 (2020-9-16 8:23:11) 
GM: 관우	jmycxc	additem 30002	(1000,74,55)	 (2020-9-16 8:23:16) 
GM: 관우	jmycxc	additem 24044	(1000,74,55)	 (2020-9-16 8:24:0) 
GM: 관우	jmycxc	additem 24044	(1000,74,55)	 (2020-9-16 8:24:13) 
GM: 관우	jmycxc	itemreload	(1000,74,55)	 (2020-9-16 8:25:31) 
GM: 관우	jmycxc	additem 24044	(1000,74,55)	 (2020-9-16 8:25:35) 
GM: 관우	jmycxc	itemreload	(1000,74,57)	 (2020-9-16 8:26:45) 
GM: 관우	jmycxc	additem 24044	(1000,74,57)	 (2020-9-16 8:26:50) 
GM: 관우	jmycxc	additem 24044	(1000,72,56)	 (2020-9-16 8:26:59) 
GM: 관우	jmycxc	metamo 100240	(1000,71,54)	 (2020-9-16 8:27:9) 
GM: 관우	jmycxc	additem 24044	(1000,71,54)	 (2020-9-16 8:27:13) 
GM: 관우	jmycxc	itemreload	(1000,72,54)	 (2020-9-16 8:27:26) 
GM: 관우	jmycxc	additem 24044	(1000,72,54)	 (2020-9-16 8:27:28) 
GM: 관우	jmycxc	additem 30002	(1000,71,54)	 (2020-9-16 8:28:19) 
GM: 관우	jmycxc	metamo 100710	(1000,68,59)	 (2020-9-16 8:28:26) 
GM: 관우	jmycxc	metamo 100710	(1000,65,59)	 (2020-9-16 8:29:30) 
GM: 관우	jmycxc	metamo 100000	(1000,65,59)	 (2020-9-16 8:29:43) 
GM: 관우	jmycxc	metamo 100710	(1000,67,56)	 (2020-9-16 8:30:5) 
GM: 관우	jmycxc	metamo 100000	(1000,67,56)	 (2020-9-16 8:31:7) 
GM: 관우	jmycxc	metamo 100005	(1000,67,56)	 (2020-9-16 8:31:10) 
GM: 관우	jmycxc	metamo 100010	(1000,67,56)	 (2020-9-16 8:31:14) 
GM: 관우	jmycxc	metamo 100000	(1000,67,56)	 (2020-9-16 8:35:11) 
GM: 관우	jmycxc	itemreload	(1000,67,56)	 (2020-9-16 8:40:8) 
GM: 관우	jmycxc	delitem all	(1000,64,61)	 (2020-9-16 8:40:16) 
GM: 관우	jmycxc	additem 24044	(1000,64,61)	 (2020-9-16 8:40:21) 
GM: 관우	jmycxc	additem 24045	(1000,64,61)	 (2020-9-16 8:40:24) 
GM: 관우	jmycxc	additem 24046	(1000,64,61)	 (2020-9-16 8:40:25) 
GM: 관우	jmycxc	additem 24047	(1000,64,61)	 (2020-9-16 8:40:25) 
GM: 관우	jmycxc	additem 240487	(1000,64,61)	 (2020-9-16 8:40:26) 
GM: 관우	jmycxc	additem 24048	(1000,64,61)	 (2020-9-16 8:40:30) 
GM: 관우	jmycxc	additem 24049	(1000,64,61)	 (2020-9-16 8:40:31) 
GM: 관우	jmycxc	additem 24050	(1000,64,61)	 (2020-9-16 8:40:34) 
GM: 관우	jmycxc	additem 24051	(1000,64,61)	 (2020-9-16 8:40:36) 
GM: 관우	jmycxc	additem 24052	(1000,64,61)	 (2020-9-16 8:40:37) 
GM: 관우	jmycxc	additem 24053	(1000,64,61)	 (2020-9-16 8:40:37) 
GM: 관우	jmycxc	additem 24054	(1000,64,61)	 (2020-9-16 8:40:38) 
GM: 관우	jmycxc	additem 24055	(1000,64,61)	 (2020-9-16 8:40:39) 
GM: 관우	jmycxc	additem 24056	(1000,64,61)	 (2020-9-16 8:40:40) 
GM: 관우	jmycxc	additem 24057	(1000,64,61)	 (2020-9-16 8:40:42) 
GM: 관우	jmycxc	additem 24058	(1000,64,61)	 (2020-9-16 8:40:42) 
GM: 제갈량	gkrrua55	itemreload	(200,123,1009)	 (2020-9-16 9:21:53) 
GM: 제갈량	gkrrua55	additem 18540	(200,123,1009)	 (2020-9-16 9:22:5) 
GM: 관우	jmycxc	itemreload all	(1003,16,17)	 (2020-9-16 9:54:31) 
GM: 관우	jmycxc	additem 24022	(1003,16,17)	 (2020-9-16 9:54:55) 
GM: 관우	jmycxc	additem 24016	(1003,16,17)	 (2020-9-16 9:55:12) 
GM: 관우	jmycxc	additem 24002	(1003,16,17)	 (2020-9-16 9:55:31) 
GM: 관우	jmycxc	additem 22901	(1003,16,17)	 (2020-9-16 9:55:53) 
GM: 관우	jmycxc	additem 22899	(1003,11,18)	 (2020-9-16 9:57:34) 
GM: 관우	jmycxc	additem 22881	(1003,11,18)	 (2020-9-16 9:57:50) 
GM: 관우	jmycxc	additem 22178	(1003,13,18)	 (2020-9-16 9:58:19) 
GM: 관우	jmycxc	additem 22178	(1003,13,18)	 (2020-9-16 9:58:38) 
GM: 관우	jmycxc	additem 21439	(1003,13,18)	 (2020-9-16 9:58:53) 
GM: 관우	jmycxc	additem 21159	(1003,13,18)	 (2020-9-16 9:59:34) 
GM: 관우	jmycxc	additem 21094	(1003,13,18)	 (2020-9-16 9:59:50) 
GM: 관우	jmycxc	additem 21093	(1000,92,99)	 (2020-9-16 10:5:42) 
GM: 관우	jmycxc	additem 21086	(1000,92,99)	 (2020-9-16 10:6:12) 
GM: 관우	jmycxc	additem 21053	(1000,92,99)	 (2020-9-16 10:7:36) 
GM: 관우	jmycxc	additem 20947	(1000,92,99)	 (2020-9-16 10:7:59) 
GM: 관우	jmycxc	delitem all	(1000,92,99)	 (2020-9-16 10:8:12) 
GM: 관우	jmycxc	delpet	(1000,92,99)	 (2020-9-16 10:8:17) 
GM: 관우	jmycxc	delitem all	(1000,92,99)	 (2020-9-16 10:8:21) 
GM: 관우	jmycxc	additem 20942	(1000,92,99)	 (2020-9-16 10:8:31) 
GM: 관우	jmycxc	additem 20941	(1000,92,99)	 (2020-9-16 10:9:0) 
GM: 관우	jmycxc	additem 20851	(1000,92,99)	 (2020-9-16 10:9:15) 
GM: 관우	jmycxc	additem 20818	(1000,92,99)	 (2020-9-16 10:9:35) 
GM: 관우	jmycxc	petmake 5060	(1000,87,100)	 (2020-9-16 10:9:45) 
GM: 관우	jmycxc	additem 20813	(1000,90,90)	 (2020-9-16 10:10:9) 
GM: 관우	jmycxc	additem 20811	(1000,90,90)	 (2020-9-16 10:10:29) 
GM: 관우	jmycxc	petmake 6000	(1000,90,90)	 (2020-9-16 10:11:4) 
GM: 관우	jmycxc	petmake 5000	(1000,90,90)	 (2020-9-16 10:11:9) 
GM: 관우	jmycxc	petmake 5001	(1000,90,90)	 (2020-9-16 10:11:18) 
GM: 관우	jmycxc	additem 20720	(1000,90,90)	 (2020-9-16 10:11:39) 
GM: 관우	jmycxc	level 1	(1000,90,90)	 (2020-9-16 10:12:21) 
GM: 관우	jmycxc	additem 20746	(1000,90,90)	 (2020-9-16 10:12:27) 
GM: 관우	jmycxc	additem 24044	(1000,90,90)	 (2020-9-16 10:12:50) 
GM: 관우	jmycxc	additem 24045	(1000,90,90)	 (2020-9-16 10:13:3) 
GM: 관우	jmycxc	additem 24046	(1000,90,90)	 (2020-9-16 10:13:5) 
GM: 관우	jmycxc	additem 24047	(1000,90,90)	 (2020-9-16 10:13:8) 
GM: 관우	jmycxc	additem 24048	(1000,90,90)	 (2020-9-16 10:13:12) 
GM: 관우	jmycxc	level 140	(1000,86,95)	 (2020-9-16 10:31:42) 
GM: 관우	jmycxc	additem 24044	(1000,85,93)	 (2020-9-16 10:32:18) 
GM: 관우	jmycxc	additem 24049	(1000,85,93)	 (2020-9-16 10:32:26) 
GM: 관우	jmycxc	additem 24050	(1000,85,93)	 (2020-9-16 10:32:30) 
GM: 관우	jmycxc	additem 24051	(1000,85,93)	 (2020-9-16 10:32:36) 
GM: 관우	jmycxc	additem 24052	(1000,85,93)	 (2020-9-16 10:32:39) 
GM: 관우	jmycxc	additem 24053	(1000,85,93)	 (2020-9-16 10:32:45) 
GM: 관우	jmycxc	additem 24054	(1000,85,93)	 (2020-9-16 10:32:48) 
GM: 관우	jmycxc	additem 24055	(1000,85,93)	 (2020-9-16 10:32:51) 
GM: 관우	jmycxc	additem 24056	(1000,85,93)	 (2020-9-16 10:32:58) 
GM: 관우	jmycxc	additem 24057	(1000,85,93)	 (2020-9-16 10:33:1) 
GM: 관우	jmycxc	additem 24058	(1000,85,93)	 (2020-9-16 10:33:3) 
GM: 관우	jmycxc	additem 22880	(1000,85,95)	 (2020-9-16 10:40:54) 
GM: 관우	jmycxc	additem 21438	(1000,84,95)	 (2020-9-16 10:43:49) 
GM: 관우	jmycxc	additem 21438	(1000,83,95)	 (2020-9-16 10:44:8) 
GM: 관우	jmycxc	additem 21438	(1000,84,94)	 (2020-9-16 10:45:12) 
GM: 관우	jmycxc	additem 21437	(1000,85,96)	 (2020-9-16 10:45:48) 
GM: 관우	jmycxc	additem 25187	(1000,85,96)	 (2020-9-16 10:49:6) 
GM: 관우	jmycxc	additem 25191	(1000,85,96)	 (2020-9-16 10:50:28) 
GM: 관우	jmycxc	additem 25190	(1000,85,96)	 (2020-9-16 10:50:49) 
GM: 관우	jmycxc	additem 25189	(1000,85,96)	 (2020-9-16 10:52:16) 
GM: 관우	jmycxc	additem 25188	(1000,85,96)	 (2020-9-16 10:52:42) 
GM: 관우	jmycxc	additem 24096	(1000,85,96)	 (2020-9-16 10:53:14) 
GM: 관우	jmycxc	additem 24055	(1000,86,92)	 (2020-9-16 10:54:8) 
GM: 관우	jmycxc	petlevelup 1 160	(1000,84,97)	 (2020-9-16 10:54:55) 
GM: 짱멋진장비님	yesdw00	superman	(1000,84,98)	 (2020-9-16 10:55:37) 
GM: 짱멋진장비님	yesdw00	superman	(1000,84,98)	 (2020-9-16 10:55:53) 
GM: 짱멋진장비님	yesdw00	superman	(1000,84,98)	 (2020-9-16 10:56:51) 
GM: 관우	jmycxc	superman	(1000,83,97)	 (2020-9-16 10:57:2) 
GM: 짱멋진장비님	yesdw00	superman	(1005,15,18)	 (2020-9-16 10:58:18) 
GM: 관우	jmycxc	superman	(1005,17,15)	 (2020-9-16 10:59:21) 
GM: 관우	jmycxc	petlevelup 4 160	(1005,16,19)	 (2020-9-16 11:0:27) 
GM: 관우	jmycxc	petmake 106	(1005,16,19)	 (2020-9-16 11:1:26) 
GM: 관우	jmycxc	petmake 303	(1005,16,19)	 (2020-9-16 11:1:39) 
GM: 관우	jmycxc	additem 724	(1005,16,19)	 (2020-9-16 11:2:19) 
GM: 관우	jmycxc	petmake 724	(1005,16,19)	 (2020-9-16 11:2:22) 
GM: 관우	jmycxc	petmake 303	(1005,16,19)	 (2020-9-16 11:2:32) 
GM: 관우	jmycxc	petmake 106	(1005,16,19)	 (2020-9-16 11:2:40) 
GM: 관우	jmycxc	superman	(1005,16,19)	 (2020-9-16 11:3:13) 
GM: 관우	jmycxc	petlevelup 2 140	(1005,16,19)	 (2020-9-16 11:3:34) 
GM: 관우	jmycxc	superman	(1005,15,15)	 (2020-9-16 11:5:3) 
GM: 관우	jmycxc	petmake 106	(1005,15,16)	 (2020-9-16 11:9:0) 
GM: 관우	jmycxc	petmake 105	(1005,15,16)	 (2020-9-16 11:9:15) 
GM: 관우	jmycxc	petmake 1	(1005,15,16)	 (2020-9-16 11:9:19) 
GM: 관우	jmycxc	petmake 50	(1005,15,16)	 (2020-9-16 11:9:22) 
GM: 관우	jmycxc	petmake 3	(1005,16,16)	 (2020-