ITEM: 力哎樊|gkrrua55|风的宝珠(2774)|GM制作道具|32020|20|10|2020-9-16 0:44:38|1600242278i01100
ITEM: 力哎樊|gkrrua55|精灵王之弓(2775)|GM制作道具|32020|20|10|2020-9-16 0:44:45|1600242285i11100
ITEM: 力哎樊|gkrrua55|风的宝珠(2774)|登出消失道具|32020|21|12|2020-9-16 0:51:59|1600242278i01100
ITEM: 力哎樊|gkrrua55|客服用加盾牌1攻(22509)|GM制作道具|100|633|491|2020-9-16 1:31:47|1600245107i21100
ITEM: 力哎樊|gkrrua55|雷酋胸甲(22333)|GM制作道具|100|633|491|2020-9-16 1:32:23|1600245143i31100
ITEM: 力哎樊|gkrrua55|神签(2615)|GM制作道具|1000|67|80|2020-9-16 1:33:53|1600245233i41100
ITEM: 力哎樊|gkrrua55|神签(2615)|使用道具|1000|67|80|2020-9-16 1:33:57|1600245233i41100
ITEM: 力哎樊|gkrrua55|二代满石ＭＭ(2939)|GM制作道具|1000|74|76|2020-9-16 1:35:16|1600245316i51100
ITEM: 力哎樊|gkrrua55|珊瑚装备箱Lv1(2958)|GM制作道具|1000|71|78|2020-9-16 1:36:25|1600245385i61100
ITEM: 力哎樊|gkrrua55|岚黄之斧1(1898)|LUA制作道具|1000|71|78|2020-9-16 1:36:29|1600245389i71100
ITEM: 力哎樊|gkrrua55|眉农 胶沛(2552)|任务得到道具|3000|85|94|2020-9-16 1:51:36|1600246296i81100
ITEM: 力哎樊|gkrrua55|1000金币券(23009)|GM制作道具|500|273|359|2020-9-16 2:22:26|1600248146i101100
ITEM: 力哎樊|gkrrua55|1000金币券(23009)|GM制作道具|500|273|359|2020-9-16 2:22:26|1600248146i111100
ITEM: 力哎樊|gkrrua55|1000金币券(23009)|GM制作道具|500|273|359|2020-9-16 2:22:26|1600248146i121100
ITEM: 力哎樊|gkrrua55|1000金币券(23009)|GM制作道具|500|273|359|2020-9-16 2:22:26|1600248146i131100
ITEM: 力哎樊|gkrrua55|1000金币券(23009)|GM制作道具|500|273|359|2020-9-16 2:22:26|1600248146i141100
ITEM: 力哎樊|gkrrua55|1000金币券(23009)|GM制作道具|500|273|359|2020-9-16 2:22:26|1600248146i151100
ITEM: 力哎樊|gkrrua55|1000金币券(23009)|GM制作道具|500|273|359|2020-9-16 2:22:26|1600248146i161100
ITEM: 力哎樊|gkrrua55|1000金币券(23009)|GM制作道具|500|273|359|2020-9-16 2:22:26|1600248146i171100
ITEM: 包快|jmycxc|焰红之斧1(1893)|GM制作道具|1000|71|52|2020-9-16 7:42:13|1600267333i181100
ITEM: 包快|jmycxc|双尖枪(2004)|GM制作道具|1000|71|52|2020-9-16 7:43:0|1600267380i201100
ITEM: 包快|jmycxc|馆扁畴狼 捞弧(2006)|GM制作道具|1000|71|52|2020-9-16 7:43:11|1600267391i211100
ITEM: 包快|jmycxc|群青的水(2768)|GM制作道具|1000|71|52|2020-9-16 7:43:30|1600267410i221100
ITEM: 包快|jmycxc|精灵王之弓(2775)|GM制作道具|1000|71|52|2020-9-16 7:43:50|1600267430i231100
ITEM: 包快|jmycxc|潘索头套(22349)|GM制作道具|1000|71|52|2020-9-16 7:44:8|1600267448i241100
ITEM: 包快|jmycxc|抹 酒赣(1000)|GM删除道具|1000|71|52|2020-9-16 7:45:33|1600004347i31100
ITEM: 包快|jmycxc|抹 酒赣(1000)|GM删除道具|1000|71|52|2020-9-16 7:45:33|1600004347i31100
ITEM: 包快|jmycxc|尖牙头盔(2349)|GM删除道具|1000|71|52|2020-9-16 7:45:33|1600230465i541100
ITEM: 包快|jmycxc|焰红之斧1(1893)|GM删除道具|1000|71|52|2020-9-16 7:45:33|1600267333i181100
ITEM: 包快|jmycxc|双尖枪(2004)|GM删除道具|1000|71|52|2020-9-16 7:45:33|1600267380i201100
ITEM: 包快|jmycxc|馆扁畴狼 捞弧(2006)|GM删除道具|1000|71|52|2020-9-16 7:45:33|1600267391i211100
ITEM: 包快|jmycxc|群青的水(2768)|GM删除道具|1000|71|52|2020-9-16 7:45:33|1600267410i221100
ITEM: 包快|jmycxc|精灵王之弓(2775)|GM删除道具|1000|71|52|2020-9-16 7:45:33|1600267430i231100
ITEM: 包快|jmycxc|潘索头套(22349)|GM删除道具|1000|71|52|2020-9-16 7:45:33|1600267448i241100
ITEM: 包快|jmycxc|海畴固胶Lv1 竣胶(1)|GM制作道具|1000|71|52|2020-9-16 7:45:43|1600267543i251100
ITEM: 包快|jmycxc|海畴固胶Lv1 竣胶(1)|Drop(酒捞袍滚覆)|1000|71|52|2020-9-16 7:45:49|1600267543i251100
ITEM: 包快|jmycxc|风的宝珠(2774)|GM制作道具|1000|71|52|2020-9-16 7:46:11|1600267571i261100
ITEM: 包快|jmycxc|风的宝珠(2774)|丢出后消失|1000|71|52|2020-9-16 7:46:17|1600267571i261100
ITEM: 包快|jmycxc|焰红之斧2(1919)|GM制作道具|1000|72|53|2020-9-16 7:48:25|1600267705i271100
ITEM: 包快|jmycxc|焰红之斧2(1919)|Drop(酒捞袍滚覆)|1000|72|54|2020-9-16 7:48:34|1600267705i271100
ITEM: 包快|jmycxc|阂采狼 河篮 档尝2(1919)|GM制作道具|1000|74|55|2020-9-16 7:48:52|1600267732i281100
ITEM: 包快|jmycxc|阂采狼 河篮 癌渴2(1923)|GM制作道具|1000|74|55|2020-9-16 7:49:22|1600267762i291100
ITEM: 力哎樊|gkrrua55|骑乘学习同意书(19005)|GM制作道具|1000|72|82|2020-9-16 7:49:45|1600267785i301100
ITEM: 力哎樊|gkrrua55|骑乘学习同意书(19005)|Drop(酒捞袍滚覆)|1000|72|82|2020-9-16 7:49:50|1600267785i301100
ITEM: 蜡厚|1111|骑乘学习同意书(19005)|PickUp(酒捞袍凛促)|1000|72|81|2020-9-16 7:49:50|1600267785i301100
ITEM: 蜡厚|1111|骑乘学习同意书(19005)|使用道具|1000|72|81|2020-9-16 7:49:53|1600267785i301100
ITEM: 力哎樊|gkrrua55|骑乘学习同意书(19005)|GM制作道具|1000|72|82|2020-9-16 7:49:55|1600267795i311100
ITEM: 力哎樊|gkrrua55|骑乘学习同意书(19005)|使用道具|1000|72|82|2020-9-16 7:49:56|1600267795i311100
ITEM: 力哎樊|gkrrua55|骑乘学习同意书(19006)|GM制作道具|1000|72|82|2020-9-16 7:50:30|1600267830i321100
ITEM: 力哎樊|gkrrua55|骑乘学习同意书(19006)|Drop(酒捞袍滚覆)|1000|72|82|2020-9-16 7:50:33|1600267830i321100
ITEM: 蜡厚|1111|骑乘学习同意书(19006)|PickUp(酒捞袍凛促)|1000|72|81|2020-9-16 7:50:34|1600267830i321100
ITEM: 力哎樊|gkrrua55|不可思议的贝壳(2414)|任务得到道具|4000|70|97|2020-9-16 8:8:52|1600268932i331100
ITEM: 蜡厚|1111|骑乘学习同意书(19006)|使用道具|200|326|643|2020-9-16 8:11:8|1600267830i321100
ITEM: NULL|NULL|海畴固胶Lv1 竣胶(1)|TiemDelete|1000|70|53|2020-9-16 8:21:34|1600267543i251100
ITEM: NULL|NULL|焰红之斧2(1919)|TiemDelete|1000|72|55|2020-9-16 8:21:34|1600267705i271100
ITEM: 包快|jmycxc|某腐磐 菩靛(30002)|GM制作道具|1000|74|55|2020-9-16 8:23:16|1600269796i341100
ITEM: 包快|jmycxc|某腐磐 函版(24044)|GM制作道具|1000|74|55|2020-9-16 8:25:35|1600269935i351100
ITEM: 包快|jmycxc|某腐磐 菩靛(30002)|使用道具|1000|74|55|2020-9-16 8:25:50|1600269796i341100
ITEM: 包快|jmycxc|某腐磐 函版(24044)|使用道具|1000|74|55|2020-9-16 8:25:52|1600269935i351100
ITEM: 包快|jmycxc|某腐磐 函版(24044)|GM制作道具|1000|74|57|2020-9-16 8:26:50|1600270010i361100
ITEM: 包快|jmycxc|某腐磐 函版(24044)|使用道具|1000|74|57|2020-9-16 8:26:51|1600270010i361100
ITEM: 包快|jmycxc|某腐磐 函版(24044)|GM制作道具|1000|72|56|2020-9-16 8:26:59|1600270019i371100
ITEM: 包快|jmycxc|某腐磐 函版(24044)|使用道具|1000|72|56|2020-9-16 8:27:5|1600270019i371100
ITEM: 包快|jmycxc|某腐磐 函版(24044)|GM制作道具|1000|71|54|2020-9-16 8:27:13|1600270033i381100
ITEM: 包快|jmycxc|某腐磐 函版(24044)|使用道具|1000|71|54|2020-9-16 8:27:15|1600270033i381100
ITEM: 包快|jmycxc|某腐磐 函版(24044)|GM制作道具|1000|72|54|2020-9-16 8:27:28|1600270048i391100
ITEM: 包快|jmycxc|某腐磐 函版(24044)|使用道具|1000|72|54|2020-9-16 8:27:29|1600270048i391100
ITEM: 包快|jmycxc|某腐磐 菩靛(30002)|GM制作道具|1000|71|54|2020-9-16 8:28:19|1600270099i401100
ITEM: 包快|jmycxc|某腐磐 菩靛(30002)|使用道具|1000|71|54|2020-9-16 8:28:20|1600270099i401100
ITEM: 包快|jmycxc|某腐磐 菩靛(30002)|使用道具|1000|71|54|2020-9-16 8:28:21|1600270099i401100
ITEM: 包快|jmycxc|某腐磐 菩靛(30002)|使用道具|1000|65|59|2020-9-16 8:28:28|1600270099i401100
ITEM: 包快|jmycxc|阂采狼 河篮 档尝2(1919)|GM删除道具|1000|64|61|2020-9-16 8:40:16|1600267732i281100
ITEM: 包快|jmycxc|阂采狼 河篮 癌渴2(1923)|GM删除道具|1000|64|61|2020-9-16 8:40:16|1600267762i291100
ITEM: 包快|jmycxc|某腐磐 函版(24044)|GM制作道具|1000|64|61|2020-9-16 8:40:21|1600270821i411100
ITEM: 包快|jmycxc|某腐磐 函版(24045)|GM制作道具|1000|64|61|2020-9-16 8:40:24|1600270824i421100
ITEM: 包快|jmycxc|某腐磐 函版(24046)|GM制作道具|1000|64|61|2020-9-16 8:40:25|1600270825i431100
ITEM: 包快|jmycxc|某腐磐 函版(24047)|GM制作道具|1000|64|61|2020-9-16 8:40:25|1600270825i441100
ITEM: 包快|jmycxc|某腐磐 函版(24048)|GM制作道具|1000|64|61|2020-9-16 8:40:30|1600270830i451100
ITEM: 包快|jmycxc|某腐磐 函版(24049)|GM制作道具|1000|64|61|2020-9-16 8:40:31|1600270831i461100
ITEM: 包快|jmycxc|某腐磐 函版(24050)|GM制作道具|1000|64|61|2020-9-16 8:40:34|1600270834i471100
ITEM: 包快|jmycxc|某腐磐 函版(24051)|GM制作道具|1000|64|61|2020-9-16 8:40:36|1600270836i481100
ITEM: 包快|jmycxc|某腐磐 函版(24052)|GM制作道具|1000|64|61|2020-9-16 8:40:37|1600270837i491100
ITEM: 包快|jmycxc|某腐磐 函版(24053)|GM制作道具|1000|64|61|2020-9-16 8:40:37|1600270837i501100
ITEM: 包快|jmycxc|某腐磐 函版(24054)|GM制作道具|1000|64|61|2020-9-16 8:40:38|1600270838i511100
ITEM: 包快|jmycxc|某腐磐 函版(24055)|GM制作道具|1000|64|61|2020-9-16 8:40:39|1600270839i521100
ITEM: 包快|jmycxc|某腐磐 函版(24056)|GM制作道具|1000|64|61|2020-9-16 8:40:40|1600270840i531100
ITEM: 包快|jmycxc|某腐磐 函版(24057)|GM制作道具|1000|64|61|2020-9-16 8:40:42|1600270842i541100
ITEM: 包快|jmycxc|某腐磐 函版(24058)|GM制作道具|1000|64|61|2020-9-16 8:40:42|1600270842i551100
ITEM: 包快|jmycxc|某腐磐 函版(24044)|使用道具|1000|64|61|2020-9-16 8:41:59|1600270821i411100
ITEM: 包快|jmycxc|某腐磐 函版(24045)|使用道具|1000|64|61|2020-9-16 8:41:59|1600270824i421100
ITEM: 包快|jmycxc|某腐磐 函版(24046)|使用道具|1000|63|63|2020-9-16 8:42:2|1600270825i431100
ITEM: 包快|jmycxc|某腐磐 函版(24047)|使用道具|1000|63|63|2020-9-16 8:42:3|1600270825i441100
ITEM: 包快|jmycxc|某腐磐 函版(24048)|使用道具|1000|63|63|2020-9-16 8:42:4|1600270830i451100
ITEM: 包快|jmycxc|某腐磐 函版(24049)|使用道具|1000|63|63|2020-9-16 8:42:5|1600270831i461100
ITEM: 包快|jmycxc|某腐磐 函版(24050)|使用道具|1000|63|63|2020-9-16 8:42:5|1600270834i471100
ITEM: 包快|jmycxc|某腐磐 函版(24051)|使用道具|1000|63|63|2020-9-16 8:42:6|1600270836i481100
ITEM: 包快|jmycxc|某腐磐 函版(24052)|使用道具|1000|63|63|2020-9-16 8:42:7|1600270837i491100
ITEM: 包快|jmycxc|某腐磐 函版(24053)|使用道具|1000|63|63|2020-9-16 8:42:7|1600270837i501100
ITEM: 包快|jmycxc|某腐磐 函版(24054)|使用道具|1000|63|63|2020-9-16 8:42:8|1600270838i511100
ITEM: 包快|jmycxc|某腐磐 函版(24055)|使用道具|1000|63|63|2020-9-16 8:42:9|1600270839i521100
ITEM: 包快|jmycxc|某腐磐 函版(24056)|使用道具|1000|63|63|2020-9-16 8:42:10|1600270840i531100
ITEM: 包快|jmycxc|某腐磐 函版(24057)|使用道具|1000|63|63|2020-9-16 8:42:11|1600270842i541100
ITEM: 包快|jmycxc|某腐磐 函版(24058)|使用道具|1000|63|63|2020-9-16 8:42:12|1600270842i551100
ITEM: 力哎樊|gkrrua55|激扁福狼 哎绊府 苛(18540)|GM制作道具|200|123|1009|2020-9-16 9:22:5|1600273325i561100
ITEM: 包快|jmycxc|榜靛胶沛(300000)(24022)|GM制作道具|1003|16|17|2020-9-16 9:54:55|1600275295i571100
ITEM: 包快|jmycxc|榜靛胶沛(300000)(24022)|使用道具|1003|16|17|2020-9-16 9:54:59|1600275295i571100
ITEM: 包快|jmycxc|葱匙烙 函版巩辑(24016)|GM制作道具|1003|16|17|2020-9-16 9:55:12|1600275312i581100
ITEM: 包快|jmycxc|葱匙烙 函版巩辑(24016)|Drop(酒捞袍滚覆)|1003|16|17|2020-9-16 9:55:18|1600275312i581100
ITEM: 包快|jmycxc|归龋狼 其飘捍(24002)|GM制作道具|1003|16|17|2020-9-16 9:55:31|1600275331i591100
ITEM: 包快|jmycxc|归龋狼 其飘捍(24002)|使用道具|1003|16|17|2020-9-16 9:55:32|1600275331i591100
ITEM: 包快|jmycxc|归龋狼 其飘捍(24002)|使用道具|1003|16|17|2020-9-16 9:55:33|1600275331i591100
ITEM: 包快|jmycxc|归龋狼 其飘捍(24002)|使用道具|1003|16|17|2020-9-16 9:55:33|1600275331i591100
ITEM: 包快|jmycxc|归龋狼 其飘捍(24002)|Drop(酒捞袍滚覆)|1003|16|17|2020-9-16 9:55:34|1600275331i591100
ITEM: 包快|jmycxc|VIP POINT 100￥(22901)|GM制作道具|1003|16|17|2020-9-16 9:55:53|1600275353i601100
ITEM: 包快|jmycxc|VIP POINT 100￥(22901)|使用道具|1003|16|17|2020-9-16 9:55:55|1600275353i601100
ITEM: 包快|jmycxc|疙己巩辑(22899)|GM制作道具|1003|11|18|2020-9-16 9:57:34|1600275454i611100
ITEM: 包快|jmycxc|疙己巩辑(22899)|使用道具|1003|11|18|2020-9-16 9:57:36|1600275454i611100
ITEM: 包快|jmycxc|绊措狼 捧备(函脚)(22881)|GM制作道具|1003|11|18|2020-9-16 9:57:50|1600275470i621100
ITEM: 包快|jmycxc|绊措狼 捧备(函脚)(22881)|Drop(酒捞袍滚覆)|1003|13|18|2020-9-16 9:58:7|1600275470i621100
ITEM: 包快|jmycxc|版氰摹 诀 酒捞袍(22178)|GM制作道具|1003|13|18|2020-9-16 9:58:19|1600275499i631100
ITEM: 包快|jmycxc|版氰摹 诀 酒捞袍(22178)|使用道具|1003|13|18|2020-9-16 9:58:23|1600275499i631100
ITEM: 包快|jmycxc|版氰摹 诀 酒捞袍(22178)|战斗使用道具|1003|13|18|2020-9-16 9:58:23|1600275499i631100
ITEM: 包快|jmycxc|版氰摹 诀 酒捞袍(22178)|GM制作道具|1003|13|18|2020-9-16 9:58:38|1600275518i641100
ITEM: 包快|jmycxc|版氰摹 诀 酒捞袍(22178)|使用道具|1003|13|18|2020-9-16 9:58:39|1600275518i641100
ITEM: 包快|jmycxc|版氰摹 诀 酒捞袍(22178)|战斗使用道具|1003|13|18|2020-9-16 9:58:39|1600275518i641100
ITEM: 包快|jmycxc|墨坷葱胶狼 芒(21439)|GM制作道具|1003|13|18|2020-9-16 9:58:53|1600275533i651100
ITEM: 包快|jmycxc|掂倔 器牢飘 背券(21159)|GM制作道具|1003|13|18|2020-9-16 9:59:34|1600275574i661100
ITEM: 包快|jmycxc|掂倔 器牢飘 背券(21159)|Drop(酒捞袍滚覆)|1003|13|18|2020-9-16 9:59:42|1600275574i661100
ITEM: 包快|jmycxc|扼捞飘 竣胶(20)|Drop(酒捞袍滚覆)|1003|13|18|2020-9-16 9:59:42|1599741601i11100
ITEM: 包快|jmycxc|何遏狼标判[激扁福](21094)|GM制作道具|1003|13|18|2020-9-16 9:59:50|1600275590i671100
ITEM: 包快|jmycxc|何遏狼标判[激扁福](21094)|使用道具|1003|13|18|2020-9-16 9:59:52|1600275590i671100
ITEM: 包快|jmycxc|VIP疙己巩辑(21093)|GM制作道具|1000|92|99|2020-9-16 10:5:42|1600275942i681100
ITEM: 包快|jmycxc|VIP疙己巩辑(21093)|使用道具|1000|92|99|2020-9-16 10:5:45|1600275942i681100
ITEM: 包快|jmycxc|瘤盔 器牢飘(21086)|GM制作道具|1000|92|99|2020-9-16 10:6:12|1600275972i691100
ITEM: 包快|jmycxc|瘤盔 器牢飘(21086)|使用道具|1000|92|99|2020-9-16 10:6:15|1600275972i691100
ITEM: 包快|jmycxc|瘤柳狼 档尝(21053)|GM制作道具|1000|92|99|2020-9-16 10:7:36|1600276056i701100
ITEM: 包快|jmycxc|瘤柳狼 档尝(21053)|GM删除道具|1000|92|99|2020-9-16 10:8:12|1600276056i701100
ITEM: 包快|jmycxc|绵汗狼 馆瘤(20942)|GM制作道具|1000|92|99|2020-9-16 10:8:31|1600276111i721100
ITEM: 包快|jmycxc|漂喊 FAME 100000￥(20941)|GM制作道具|1000|92|99|2020-9-16 10:9:0|1600276140i731100
ITEM: 包快|jmycxc|漂喊 FAME 100000￥(20941)|使用道具|1000|92|99|2020-9-16 10:9:3|1600276140i731100
ITEM: 包快|jmycxc|瘤盔狼 惑磊[140Lv](20851)|GM制作道具|1000|92|99|2020-9-16 10:9:15|1600276155i741100
ITEM: 包快|jmycxc|瘤盔狼 惑磊[140Lv](20851)|使用道具|1000|92|99|2020-9-16 10:9:17|1600276155i741100
ITEM: 包快|jmycxc|瘤盔狼 其飘捍(20852)|使用道具|1000|92|99|2020-9-16 10:9:18|1600276157i751100
ITEM: 包快|jmycxc|瘤盔狼 其飘捍(20852)|使用道具|1000|92|99|2020-9-16 10:9:18|1600276157i751100
ITEM: 包快|jmycxc|瘤盔狼 其飘捍(20852)|使用道具|1000|92|99|2020-9-16 10:9:19|1600276157i751100
ITEM: 包快|jmycxc|瘤盔狼 其飘捍(20852)|Drop(酒捞袍滚覆)|1000|92|99|2020-9-16 10:9:20|1600276157i751100
ITEM: 包快|jmycxc|其飘檬扁拳[10](20818)|GM制作道具|1000|92|99|2020-9-16 10:9:35|1600276175i761100
ITEM: 包快|jmycxc|胶泡檬扁拳(20813)|GM制作道具|1000|90|90|2020-9-16 10:10:9|1600276209i771100
ITEM: 包快|jmycxc|胶泡檬扁拳(20813)|使用道具|1000|90|90|2020-9-16 10:10:17|1600276209i771100
ITEM: 包快|jmycxc|款康瘤盔 惑磊(20811)|GM制作道具|1000|90|90|2020-9-16 10:10:29|1600276229i781100
ITEM: 包快|jmycxc|款康瘤盔 惑磊(20811)|使用道具|1000|90|90|2020-9-16 10:10:34|1600276229i781100
ITEM: 包快|jmycxc|款康瘤盔[110000](20799)|使用道具|1000|90|90|2020-9-16 10:10:36|1600276234i791100
ITEM: 包快|jmycxc|版氰摹 备浇(20804)|使用道具|1000|90|90|2020-9-16 10:10:37|1600276234i801100
ITEM: 包快|jmycxc|版氰摹 备浇(20804)|战斗使用道具|1000|90|90|2020-9-16 10:10:37|1600276234i801100
ITEM: 包快|jmycxc|版氰摹 备浇(20804)|使用道具|1000|90|90|2020-9-16 10:10:38|1600276234i801100
ITEM: 包快|jmycxc|版氰摹 备浇(20804)|战斗使用道具|1000|90|90|2020-9-16 10:10:38|1600276234i801100
ITEM: 包快|jmycxc|版氰摹 备浇(20804)|使用道具|1000|90|90|2020-9-16 10:10:38|1600276234i801100
ITEM: 包快|jmycxc|版氰摹 备浇(20804)|战斗使用道具|1000|90|90|2020-9-16 10:10:38|1600276234i801100
ITEM: 包快|jmycxc|版氰摹 备浇(20804)|使用道具|1000|90|90|2020-9-16 10:10:39|1600276234i801100
ITEM: 包快|jmycxc|版氰摹 备浇(20804)|战斗使用道具|1000|90|90|2020-9-16 10:10:39|1600276234i801100
ITEM: 包快|jmycxc|版氰摹 备浇(20804)|使用道具|1000|90|90|2020-9-16 10:10:40|1600276234i801100
ITEM: 包快|jmycxc|版氰摹 备浇(20804)|战斗使用道具|1000|90|90|2020-9-16 10:10:40|1600276234i801100
ITEM: 包快|jmycxc|版氰摹 备浇(20804)|使用道具|1000|90|90|2020-9-16 10:10:40|1600276234i801100
ITEM: 包快|jmycxc|版氰摹 备浇(20804)|战斗使用道具|1000|90|90|2020-9-16 10:10:40|1600276234i801100
ITEM: 包快|jmycxc|版氰摹 备浇(20804)|使用道具|1000|90|90|2020-9-16 10:10:41|1600276234i801100
ITEM: 包快|jmycxc|版氰摹 备浇(20804)|战斗使用道具|1000|90|90|2020-9-16 10:10:41|1600276234i801100
ITEM: 包快|jmycxc|版氰摹 备浇(20804)|使用道具|1000|90|90|2020-9-16 10:10:42|1600276234i801100
ITEM: 包快|jmycxc|版氰摹 备浇(20804)|战斗使用道具|1000|90|90|2020-9-16 10:10:42|1600276234i801100
ITEM: 包快|jmycxc|版氰摹 备浇(20804)|使用道具|1000|90|90|2020-9-16 10:10:43|1600276234i801100
ITEM: 包快|jmycxc|版氰摹 备浇(20804)|战斗使用道具|1000|90|90|2020-9-16 10:10:43|1600276234i801100
ITEM: 包快|jmycxc|版氰摹 备浇(20804)|使用道具|1000|90|90|2020-9-16 10:10:43|1600276234i801100
ITEM: 包快|jmycxc|版氰摹 备浇(20804)|战斗使用道具|1000|90|90|2020-9-16 10:10:43|1600276234i801100
ITEM: 蜡厚|1111|瘤盔狼 其飘捍(20852)|PickUp(酒捞袍凛促)|1000|90|99|2020-9-16 10:10:49|1600276157i751100
ITEM: 包快|jmycxc|其飘檬扁拳[10](20818)|丢出后消失|1000|90|90|2020-9-16 10:10:50|1600276175i761100
ITEM: 包快|jmycxc|其飘檬扁拳(20806)|Drop(酒捞袍滚覆)|1000|90|90|2020-9-16 10:10:50|1600276234i811100
ITEM: 蜡厚|1111|瘤盔狼 其飘捍(20852)|使用道具|1000|84|97|2020-9-16 10:10:51|1600276157i751100
ITEM: 包快|jmycxc|绵汗狼 馆瘤(20942)|Drop(酒捞袍滚覆)|1000|90|90|2020-9-16 10:10:51|1600276111i721100
ITEM: 蜡厚|1111|瘤盔狼 其飘捍(20852)|使用道具|1000|84|97|2020-9-16 10:10:54|1600276157i751100
ITEM: 蜡厚|1111|瘤盔狼 其飘捍(20852)|使用道具|1000|84|97|2020-9-16 10:10:55|1600276157i751100
ITEM: 蜡厚|1111|瘤盔狼 其飘捍(20852)|Drop(酒捞袍滚覆)|1000|89|92|2020-9-16 10:11:2|1600276157i751100
ITEM: 蜡厚|1111|其飘檬扁拳(20806)|PickUp(酒捞袍凛促)|1000|89|91|2020-9-16 10:11:3|1600276234i811100
ITEM: 蜡厚|1111|其飘檬扁拳(20806)|Drop(酒捞袍滚覆)|1000|89|91|2020-9-16 10:11:13|1600276234i811100
ITEM: 蜡厚|1111|绵汗狼 馆瘤(20942)|PickUp(酒捞袍凛促)|1000|89|90|2020-9-16 10:11:15|1600276111i721100
ITEM: 蜡厚|1111|绵汗狼 馆瘤(20942)|Drop(酒捞袍滚覆)|1000|87|90|2020-9-16 10:11:26|1600276111i721100
ITEM: 蜡厚|1111|捞惑茄 炼俺(2414)|丢出后消失|1000|89|90|2020-9-16 10:11:28|1599491049i51100
ITEM: 蜡厚|1111|胶隔 何皋尔(500)|Drop(酒捞袍滚覆)|1000|89|90|2020-9-16 10:11:30|1599671198i71100
ITEM: 包快|jmycxc|公仿狼捧备(20720)|GM制作道具|1000|90|90|2020-9-16 10:11:39|1600276299i821100
ITEM: 包快|jmycxc|公仿狼捧备(20720)|Drop(酒捞袍滚覆)|1000|90|90|2020-9-16 10:11:43|1600276299i821100
ITEM: 包快|jmycxc|版氰摹 萍南(20746)|GM制作道具|1000|90|90|2020-9-16 10:12:27|1600276347i831100
ITEM: 包快|jmycxc|版氰摹 萍南(20746)|丢出后消失|1000|90|90|2020-9-16 10:12:31|1600276347i831100
ITEM: 包快|jmycxc|某腐磐 函版(24044)|GM制作道具|1000|90|90|2020-9-16 10:12:50|1600276370i841100
ITEM: 包快|jmycxc|某腐磐 函版(24045)|GM制作道具|1000|90|90|2020-9-16 10:13:3|1600276383i851100
ITEM: 包快|jmycxc|某腐磐 函版(24046)|GM制作道具|1000|90|90|2020-9-16 10:13:5|1600276385i861100
ITEM: 包快|jmycxc|某腐磐 函版(24047)|GM制作道具|1000|90|90|2020-9-16 10:13:8|1600276388i871100
ITEM: 包快|jmycxc|某腐磐 函版(24048)|GM制作道具|1000|90|90|2020-9-16 10:13:12|1600276392i881100
ITEM: 蜡厚|1111|瘤盔狼 其飘捍(20852)|PickUp(酒捞袍凛促)|1000|88|91|2020-9-16 10:14:35|1600276157i751100
ITEM: 蜡厚|1111|其飘檬扁拳(20806)|PickUp(酒捞袍凛促)|1000|88|91|2020-9-16 10:14:35|1600276234i811100
ITEM: 蜡厚|1111|绵汗狼 馆瘤(20942)|PickUp(酒捞袍凛促)|1000|87|91|2020-9-16 10:14:36|1600276111i721100
ITEM: 蜡厚|1111|瘤盔狼 其飘捍(20852)|使用道具|1000|89|87|2020-9-16 10:15:23|1600276157i751100
ITEM: 蜡厚|1111|瘤盔狼 其飘捍(20852)|使用道具|1000|89|87|2020-9-16 10:15:27|1600276157i751100
ITEM: 蜡厚|1111|瘤盔狼 其飘捍(20852)|使用道具|1000|89|87|2020-9-16 10:15:28|1600276157i751100
ITEM: 蜡厚|1111|瘤盔狼 其飘捍(20852)|使用道具|1000|89|87|2020-9-16 10:15:28|1600276157i751100
ITEM: 蜡厚|1111|瘤盔狼 其飘捍(20852)|使用道具|1000|89|87|2020-9-16 10:15:29|1600276157i751100
ITEM: 蜡厚|1111|瘤盔狼 其飘捍(20852)|使用道具|1000|89|87|2020-9-16 10:15:30|1600276157i751100
ITEM: 蜡厚|1111|瘤盔狼 其飘捍(20852)|使用道具|1000|89|87|2020-9-16 10:15:31|1600276157i751100
ITEM: 蜡厚|1111|瘤盔狼 其飘捍(20852)|使用道具|1000|89|87|2020-9-16 10:16:20|1600276157i751100
ITEM: 蜡厚|1111|瘤盔狼 其飘捍(20852)|使用道具|1000|89|87|2020-9-16 10:16:20|1600276157i751100
ITEM: 蜡厚|1111|瘤盔狼 其飘捍(20852)|使用道具|1000|89|87|2020-9-16 10:16:24|1600276157i751100
ITEM: NULL|NULL|胶隔 何皋尔(500)|TiemDelete|1000|90|90|2020-9-16 10:16:31|1599671198i71100
ITEM: NULL|NULL|公仿狼捧备(20720)|TiemDelete|1000|89|90|2020-9-16 10:17:40|1600276299i821100
ITEM: 包快|jmycxc|某腐磐 函版(24044)|丢出后消失|1000|85|96|2020-9-16 10:18:59|1600276370i841100
ITEM: 包快|jmycxc|某腐磐 函版(24044)|GM制作道具|1000|85|93|2020-9-16 10:32:18|1600277538i891100
ITEM: 包快|jmycxc|某腐磐 函版(24049)|GM制作道具|1000|85|93|2020-9-16 10:32:26|1600277546i901100
ITEM: 包快|jmycxc|某腐磐 函版(24050)|GM制作道具|1000|85|93|2020-9-16 10:32:30|1600277550i911100
ITEM: 包快|jmycxc|某腐磐 函版(24051)|GM制作道具|1000|85|93|2020-9-16 10:32:36|1600277556i921100
ITEM: 包快|jmycxc|某腐磐 函版(24052)|GM制作道具|1000|85|93|2020-9-16 10:32:39|1600277559i931100
ITEM: 包快|jmycxc|某腐磐 函版(24053)|GM制作道具|1000|85|93|2020-9-16 10:32:45|1600277565i941100
ITEM: 包快|jmycxc|某腐磐 函版(24054)|GM制作道具|1000|85|93|2020-9-16 10:32:48|1600277568i951100
ITEM: 包快|jmycxc|某腐磐 函版(24055)|GM制作道具|1000|85|93|2020-9-16 10:32:51|1600277571i961100
ITEM: 包快|jmycxc|某腐磐 函版(24056)|GM制作道具|1000|85|93|2020-9-16 10:32:58|1600277578i971100
ITEM: 包快|jmycxc|某腐磐 函版(24057)|GM制作道具|1000|85|93|2020-9-16 10:33:1|1600277581i981100
ITEM: 包快|jmycxc|某腐磐 函版(24058)|GM制作道具|1000|85|93|2020-9-16 10:33:3|1600277583i991100
ITEM: 炉岗柳厘厚丛|yesdw00|某腐磐 函版(24046)|使用道具|1000|82|99|2020-9-16 10:35:59|1600276385i861100
ITEM: 炉岗柳厘厚丛|yesdw00|某腐磐 函版(24053)|使用道具|1000|85|96|2020-9-16 10:36:10|1600277565i941100
ITEM: 炉岗柳厘厚丛|yesdw00|某腐磐 函版(24055)|使用道具|1000|85|96|2020-9-16 10:36:11|1600277571i961100
ITEM: 炉岗柳厘厚丛|yesdw00|某腐磐 函版(24057)|使用道具|1000|85|96|2020-9-16 10:36:11|1600277581i981100
ITEM: 炉岗柳厘厚丛|yesdw00|某腐磐 函版(24058)|使用道具|1000|85|96|2020-9-16 10:36:12|1600277583i991100
ITEM: 蜡厚|1111|某腐磐 函版(24050)|使用道具|1000|86|96|2020-9-16 10:38:45|1600277550i911100
ITEM: 蜡厚|1111|某腐磐 函版(24049)|使用道具|1000|86|96|2020-9-16 10:38:47|1600277546i901100
ITEM: 蜡厚|1111|某腐磐 函版(24047)|使用道具|1000|86|96|2020-9-16 10:38:58|1600276388i871100
ITEM: 蜡厚|1111|某腐磐 函版(24051)|使用道具|1000|86|96|2020-9-16 10:39:1|1600277556i921100
ITEM: 包快|jmycxc|某腐磐 函版(24056)|丢出后消失|1000|84|95|2020-9-16 10:40:2|1600277578i971100
ITEM: 包快|jmycxc|某腐磐 函版(24052)|丢出后消失|1000|84|95|2020-9-16 10:40:3|1600277559i931100
ITEM: 包快|jmycxc|某腐磐 函版(24044)|丢出后消失|1000|84|95|2020-9-16 10:40:3|1600277538i891100
ITEM: 包快|jmycxc|某腐磐 函版(24045)|丢出后消失|1000|84|95|2020-9-16 10:40:4|1600276383i851100
ITEM: 包快|jmycxc|某腐磐 函版(24048)|丢出后消失|1000|84|95|2020-9-16 10:40:5|1600276392i881100
ITEM: 包快|jmycxc|攫凋狼 去 档尝(22880)|GM制作道具|1000|85|95|2020-9-16 10:40:54|1600278054i1001100
ITEM: 包快|jmycxc|墨坷葱胶狼 阂采(21438)|GM制作道具|1000|84|95|2020-9-16 10:43:49|1600278229i1011100
ITEM: 包快|jmycxc|墨坷葱胶狼 阂采(21438)|GM制作道具|1000|83|95|2020-9-16 10:44:8|1600278248i1021100
ITEM: 包快|jmycxc|墨坷葱胶狼 阂采(21438)|Drop(酒捞袍滚覆)|1000|84|94|2020-9-16 10:45:6|1600278229i1011100
ITEM: 蜡厚|1111|墨坷葱胶狼 阂采(21438)|PickUp(酒捞袍凛促)|1000|85|94|2020-9-16 10:45:8|1600278229i1011100
ITEM: 包快|jmycxc|墨坷葱胶狼 阂采(21438)|GM制作道具|1000|84|94|2020-9-16 10:45:12|1600278312i1031100
ITEM: 包快|jmycxc|墨坷葱胶狼 阂采(21438)|Drop(酒捞袍滚覆)|1000|84|94|2020-9-16 10:45:13|1600278312i1031100
ITEM: 炉岗柳厘厚丛|yesdw00|墨坷葱胶狼 阂采(21438)|PickUp(酒捞袍凛促)|1000|83|95|2020-9-16 10:45:14|1600278312i1031100
ITEM: 包快|jmycxc|墨坷葱胶狼 捧备(21437)|GM制作道具|1000|85|96|2020-9-16 10:45:48|1600278348i1041100
ITEM: 蜡厚|1111|其飘檬扁拳(20806)|Drop(酒捞袍滚覆)|1000|85|94|2020-9-16 10:46:9|1600276234i811100
ITEM: 蜡厚|1111|其飘檬扁拳(20806)|PickUp(酒捞袍凛促)|1000|85|94|2020-9-16 10:46:11|1600276234i811100
ITEM: 蜡厚|1111|其飘檬扁拳(20806)|Drop(酒捞袍滚覆)|1000|85|94|2020-9-16 10:46:12|1600276234i811100
ITEM: 蜡厚|1111|瘤盔狼 其飘捍(20852)|Drop(酒捞袍滚覆)|1000|85|94|2020-9-16 10:46:14|1600276157i751100
ITEM: 炉岗柳厘厚丛|yesdw00|其飘檬扁拳(20806)|PickUp(酒捞袍凛促)|1000|84|95|2020-9-16 10:46:17|1600276234i811100
ITEM: 蜡厚|1111|某腐磐 函版(24054)|Drop(酒捞袍滚覆)|1000|85|94|2020-9-16 10:46:18|1600277568i951100
ITEM: 炉岗柳厘厚丛|yesdw00|瘤盔狼 其飘捍(20852)|PickUp(酒捞袍凛促)|1000|84|94|2020-9-16 10:46:18|1600276157i751100
ITEM: 蜡厚|1111|某腐磐 函版(24054)|PickUp(酒捞袍凛促)|1000|85|94|2020-9-16 10:46:21|1600277568i951100
ITEM: 蜡厚|1111|某腐磐 函版(24054)|Drop(酒捞袍滚覆)|1000|85|94|2020-9-16 10:46:25|1600277568i951100
ITEM: 炉岗柳厘厚丛|yesdw00|瘤盔狼 其飘捍(20852)|使用道具|1000|82|92|2020-9-16 10:46:36|1600276157i751100
ITEM: 炉岗柳厘厚丛|yesdw00|瘤盔狼 其飘捍(20852)|使用道具|1000|82|92|2020-9-16 10:46:37|1600276157i751100
ITEM: 炉岗柳厘厚丛|yesdw00|瘤盔狼 其飘捍(20852)|使用道具|1000|82|92|2020-9-16 10:46:37|1600276157i751100
ITEM: 炉岗柳厘厚丛|yesdw00|某腐磐 函版(24054)|PickUp(酒捞袍凛促)|1000|83|96|2020-9-16 10:46:48|1600277568i951100
ITEM: 炉岗柳厘厚丛|yesdw00|某腐磐 函版(24054)|使用道具|1000|83|96|2020-9-16 10:46:49|1600277568i951100
ITEM: 炉岗柳厘厚丛|yesdw00|瘤盔狼 其飘捍(20852)|使用道具|1000|85|95|2020-9-16 10:47:6|1600276157i751100
ITEM: 包快|jmycxc|(童)檬脚己狼 癌渴(25187)|GM制作道具|1000|85|96|2020-9-16 10:49:6|1600278546i1051100
ITEM: 包快|jmycxc|(童)攫凋 胶挪 癌渴(25191)|GM制作道具|1000|85|96|2020-9-16 10:50:28|1600278628i1061100
ITEM: 包快|jmycxc|伙困老眉(童)(25190)|GM制作道具|1000|85|96|2020-9-16 10:50:49|1600278649i1071100
ITEM: 包快|jmycxc|(童)庆萍酒狼 赣府 厘侥(25189)|GM制作道具|1000|85|96|2020-9-16 10:52:16|1600278736i1081100
ITEM: 包快|jmycxc|(童)庆萍酒狼 蝴唱绰 芒(25188)|GM制作道具|1000|85|96|2020-9-16 10:52:42|1600278762i1091100
ITEM: 包快|jmycxc|某腐磐 函版(24096)|GM制作道具|1000|85|96|2020-9-16 10:53:14|1600278794i1101100
ITEM: 包快|jmycxc|某腐磐 函版(24096)|使用道具|1000|85|96|2020-9-16 10:53:16|1600278794i1101100
ITEM: 包快|jmycxc|某腐磐 函版(24055)|GM制作道具|1000|86|92|2020-9-16 10:54:8|1600278848i1111100
ITEM: 包快|jmycxc|某腐磐 函版(24055)|使用道具|1000|86|92|2020-9-16 10:54:10|1600278848i1111100
ITEM: 包快|jmycxc|(童)檬脚己狼 癌渴(25187)|Drop(酒捞袍滚覆)|1005|16|19|2020-9-16 10:59:40|1600278546i1051100
ITEM: 炉岗柳厘厚丛|yesdw00|(童)檬脚己狼 癌渴(25187)|PickUp(酒捞袍凛促)|1005|15|18|2020-9-16 10:59:41|1600278546i1051100
ITEM: 包快|jmycxc|墨坷葱胶狼 阂采(21438)|Drop(酒捞袍滚覆)|1005|16|19|2020-9-16 10:59:42|1600278248i1021100
ITEM: 炉岗柳厘厚丛|yesdw00|墨坷葱胶狼 阂采(21438)|PickUp(酒捞袍凛促)|1005|15|18|2020-9-16 10:59:59|1600278248i1021100
ITEM: 包快|jmycxc|墨坷葱胶狼 捧备(21437)|Drop(酒捞袍滚覆)|1005|16|19|2020-9-16 11:0:1|1600278348i1041100
ITEM: 炉岗柳厘厚丛|yesdw00|墨坷葱胶狼 捧备(21437)|PickUp(酒捞袍凛促)|1005|15|18|2020-9-16 11:0:2|1600278348i1041100
ITEM: 包快|jmycxc|(童)庆萍酒狼 蝴唱绰 芒(25188)|Drop(酒捞袍滚覆)|1005|16|19|2020-9-16 11:2:1|1600278762i1091100
ITEM: 包快|jmycxc|扼捞磊 Lv2狼 胶沛(724)|GM制作道具|1005|16|19|2020-9-16 11:2:19|1600279339i1121100
ITEM: 炉岗柳厘厚丛|yesdw00|(童)庆萍酒狼 蝴唱绰 芒(25188)|PickUp(酒捞袍凛促)|1005|15|18|2020-9-16 11:2:32|1600278762i1091100
ITEM: NULL|NULL|扼捞飘 竣胶(20)|TiemDelete|1003|12|17|2020-9-16 11:6:9|1599741601i11100
ITEM: NULL|NULL|掂倔 器牢飘 背券(21159)|TiemDelete|1003|12|18|2020-9-16 11:6:9|1600275574i661100
ITEM: NULL|NULL|绊措狼 捧备(函脚)(22881)|TiemDelete|1003|13|19|2020-9-16 11:6:9|1600275470i621100
ITEM: NULL|NULL|归龋狼 其飘捍(24002)|TiemDelete|1003|15|16|2020-9-16 11:6:9|1600275331i591100
ITEM: NULL|NULL|葱匙烙 函版巩辑(24016)|TiemDelete|1003|15|17|2020-9-16 11:6:9|1600275312i581100
ITEM: 包快|jmycxc|亚伊欧的弓箭6(20514)|GM制作道具|1005|16|16|2020-9-16 11:16:41|1600280201i1161100
ITEM: 包快|jmycxc|亚伊欧的弓箭6(20514)|Drop(酒捞袍滚覆)|1005|16|16|2020-9-16 11:16:46|1600280201i1161100
ITEM: 包快|jmycxc|亚伊欧的弓箭6(20514)|GM制作道具|1005|16|16|2020-9-16 11:16:55|1600280215i1171100
ITEM: 包快|jmycxc|亚伊欧的弓箭6(20514)|Drop(酒捞袍滚覆)|1005|16|16|2020-9-16 11:16:58|1600280215i1171100
ITEM: 包快|jmycxc|亚伊欧的弓箭5(20513)|GM制作道具|1005|16|16|2020-9-16 11:18:22|1600280302i1181100
ITEM: 包快|jmycxc|弊府橇胶 啪铰巩辑(20747)|GM制作道具|1005|16|16|2020-9-16 11:19:29|1600280369i1191100
ITEM: 包快|jmycxc|弊府橇胶 啪铰巩辑(20747)|使用道具|1005|16|16|2020-9-16 11:19:31|1600280369i1191100
ITEM: 包快|jmycxc|亚伊欧的弓箭5(20513)|Drop(酒捞袍滚覆)|1005|16|16|2020-9-16 11:19:32|1600280302i1181100
ITEM: 包快|jmycxc|某腐磐 函版(24044)|GM制作道具|1005|16|17|2020-9-16 11:19:58|1600280398i1201100
ITEM: 包快|jmycxc|某腐磐 函版(24044)|使用道具|1005|16|17|2020-9-16 11:19:59|1600280398i1201100
ITEM: 包快|jmycxc|某腐磐 函版(24045)|GM制作道具|1005|16