ITEM: 제갈량T2|sasky|캐릭터 패드(25021)|賈痰돛야|1006|14|21|2020-9-15 1:21:31|1600096995i281100
ITEM: 유비|1111|캐릭터 패드(25010)|GM齡鱗돛야|1005|17|16|2020-9-15 4:8:47|1600168127i11100
ITEM: 유비|1111|캐릭터 패드(25010)|賈痰돛야|1005|17|16|2020-9-15 4:8:49|1600168127i11100
ITEM: 유비|1111|캐릭터 패드(25012)|GM齡鱗돛야|1005|17|16|2020-9-15 4:8:57|1600168137i21100
ITEM: 유비|1111|캐릭터 패드(25012)|賈痰돛야|1005|17|16|2020-9-15 4:9:0|1600168137i21100
ITEM: 유비|1111|캐릭터 패드(25013)|GM齡鱗돛야|1005|17|16|2020-9-15 4:9:6|1600168146i31100
ITEM: 유비|1111|캐릭터 패드(25013)|賈痰돛야|1005|17|16|2020-9-15 4:9:8|1600168146i31100
ITEM: 유비|1111|캐릭터 패드(25011)|GM齡鱗돛야|1005|17|16|2020-9-15 4:9:16|1600168156i41100
ITEM: 유비|1111|캐릭터 패드(25011)|賈痰돛야|1005|17|16|2020-9-15 4:9:17|1600168156i41100
ITEM: 짱멋진장비님|yesdw00|1등당첨복권(2729)|GM齡鱗돛야|1000|86|94|2020-9-15 6:2:57|1600174977i51100
ITEM: 짱멋진장비님|yesdw00|맘모스복권(2728)|GM齡鱗돛야|1000|85|94|2020-9-15 6:3:8|1600174988i61100
ITEM: 짱멋진장비님|yesdw00|맘모스복권(2728)|賈痰돛야|1000|85|94|2020-9-15 6:3:9|1600174988i61100
ITEM: 짱멋진장비님|yesdw00|맘모스복권(2728)|賈痰돛야|1000|85|94|2020-9-15 6:3:10|1600174988i61100
ITEM: 짱멋진장비님|yesdw00|맘모스복권(2728)|賈痰돛야|1000|85|94|2020-9-15 6:3:10|1600174988i61100
ITEM: 짱멋진장비님|yesdw00|맘모스복권(2728)|賈痰돛야|1000|85|94|2020-9-15 6:3:11|1600174988i61100
ITEM: 짱멋진장비님|yesdw00|맘모스복권(2728)|賈痰돛야|1000|85|94|2020-9-15 6:3:11|1600174988i61100
ITEM: 짱멋진장비님|yesdw00|맘모스복권(2728)|賈痰돛야|1000|85|94|2020-9-15 6:3:12|1600174988i61100
ITEM: 짱멋진장비님|yesdw00|맘모스복권(2728)|賈痰돛야|1000|85|91|2020-9-15 6:3:21|1600174988i61100
ITEM: 짱멋진장비님|yesdw00|1등당첨복권(2729)|Drop(아이템버림)|1000|88|89|2020-9-15 7:0:25|1600174977i51100
ITEM: 짱멋진장비님|yesdw00|물의 보석(2761)|땔놔빈句呵|1006|14|26|2020-9-15 7:5:11|1599972329i261100
ITEM: 짱멋진장비님|yesdw00|바람의 보석(2763)|땔놔빈句呵|1006|13|26|2020-9-15 7:5:12|1599971801i211100
ITEM: 짱멋진장비님|yesdw00|용의 돌(2764)|땔놔빈句呵|1006|13|26|2020-9-15 7:5:13|1599970152i11100
ITEM: NULL|NULL|1등당첨복권(2729)|TiemDelete|1000|87|89|2020-9-15 7:7:21|1600174977i51100
ITEM: 부족테스트용1|gkrrua66|*녑섬쉽쟨聯츠(23012)|LUA齡鱗돛야|2006|20|16|2020-9-15 8:15:53|1600182953i101100
ITEM: 부족테스트용3|gkrrua77|*녑섬쉽쟨聯츠(23012)|LUA齡鱗돛야|2006|20|16|2020-9-15 8:20:58|1600183258i111100
ITEM: 부족테스트용4|gkrrua88|*녑섬쉽쟨聯츠(23012)|LUA齡鱗돛야|2006|20|16|2020-9-15 8:26:37|1600183597i121100
ITEM: 관우|jmycxc|벽청의 소라 (1시간)(30228)|GM齡鱗돛야|1003|15|17|2020-9-15 11:5:7|1600193107i131100
ITEM: 관우|jmycxc|벽청의 소라 (1시간)(30228)|Drop(아이템버림)|1003|15|17|2020-9-15 11:6:25|1600193107i131100
ITEM: 유비|1111|벽청의 소라 (1시간)(30228)|PickUp(아이템줍다)|1003|15|18|2020-9-15 11:6:29|1600193107i131100
ITEM: 관우|jmycxc|벽청의 소라 (1시간)(30228)|GM齡鱗돛야|1003|13|17|2020-9-15 11:8:20|1600193301i141100
ITEM: 관우|jmycxc|경험치 구슬 (2시간)(30000)|GM齡鱗돛야|1003|13|17|2020-9-15 11:10:43|1600193443i151100
ITEM: 관우|jmycxc|경험치 구슬 (2시간)(30000)|賈痰돛야|1003|13|17|2020-9-15 11:10:45|1600193443i151100
ITEM: 관우|jmycxc|경험치 구슬 (2시간)(30000)|濫떱賈痰돛야|1003|13|17|2020-9-15 11:10:45|1600193443i151100
ITEM: 관우|jmycxc|경험치 구슬 (2시간)(30000)|GM齡鱗돛야|1003|13|17|2020-9-15 11:11:12|1600193472i161100
ITEM: 관우|jmycxc|경험치 구슬 (2시간)(30000)|땔놔빈句呵|1003|13|17|2020-9-15 11:11:15|1600193472i161100
ITEM: 유비|1111|벽청의 소라 (1시간)(30228)|Drop(아이템버림)|1003|14|18|2020-9-15 11:11:34|1600193107i131100
ITEM: 유비|1111|벽청의 소라 (1시간)(30228)|PickUp(아이템줍다)|1003|14|18|2020-9-15 11:11:34|1600193107i131100
ITEM: 관우|jmycxc|경험치 구슬 (2시간)(30000)|땔놔돛야|1003|13|17|2020-9-15 11:11:36|1600193496i241100
ITEM: 관우|jmycxc|경험치 구슬 (2시간)(30000)|땔놔돛야|1003|13|17|2020-9-15 11:11:36|1600193496i251100
ITEM: 관우|jmycxc|경험치 구슬 (2시간)(30000)|땔놔돛야|1003|13|17|2020-9-15 11:11:36|1600193496i261100
ITEM: 관우|jmycxc|경험치 구슬 (2시간)(30000)|땔놔돛야|1003|13|17|2020-9-15 11:11:36|1600193496i271100
ITEM: 관우|jmycxc|경험치 구슬 (2시간)(30000)|땔놔돛야|1003|13|17|2020-9-15 11:11:36|1600193496i281100
ITEM: 관우|jmycxc|경험치 구슬 (2시간)(30000)|땔놔돛야|1003|13|17|2020-9-15 11:11:36|1600193496i301100
ITEM: 관우|jmycxc|경험치 구슬 (2시간)(30000)|땔놔돛야|1003|13|17|2020-9-15 11:11:36|1600193496i311100
ITEM: 관우|jmycxc|경험치 구슬 (2시간)(30000)|땔놔돛야|1003|13|17|2020-9-15 11:11:36|1600193496i321100
ITEM: 관우|jmycxc|경험치 구슬 (2시간)(30000)|땔놔돛야|1003|13|17|2020-9-15 11:11:36|1600193496i331100
ITEM: 관우|jmycxc|경험치 구슬 (2시간)(30000)|땔놔돛야|1003|13|17|2020-9-15 11:11:36|1600193496i341100
ITEM: 관우|jmycxc|경험치 구슬 (2시간)(30000)|땔놔돛야|1003|13|17|2020-9-15 11:11:36|1600193496i361100
ITEM: 관우|jmycxc|경험치 구슬 (2시간)(30000)|땔놔돛야|1003|13|17|2020-9-15 11:11:36|1600193496i371100
ITEM: 관우|jmycxc|경험치 구슬 (2시간)(30000)|땔놔돛야|1003|13|17|2020-9-15 11:11:36|1600193496i381100
ITEM: 관우|jmycxc|경험치 구슬 (2시간)(30000)|땔놔돛야|1003|13|17|2020-9-15 11:11:36|1600193496i391100
ITEM: 관우|jmycxc|경험치 구슬 (2시간)(30000)|땔놔돛야|1003|13|17|2020-9-15 11:11:36|1600193496i401100
ITEM: 관우|jmycxc|경험치 구슬 (2시간)(30000)|땔놔돛야|1003|13|17|2020-9-15 11:11:36|1600193496i421100
ITEM: 관우|jmycxc|경험치 구슬 (2시간)(30000)|땔놔돛야|1003|13|17|2020-9-15 11:11:36|1600193496i431100
ITEM: 관우|jmycxc|경험치 구슬 (2시간)(30000)|땔놔돛야|1003|13|17|2020-9-15 11:11:36|1600193496i441100
ITEM: 관우|jmycxc|경험치 구슬 (2시간)(30000)|땔놔돛야|1003|13|17|2020-9-15 11:11:36|1600193496i451100
ITEM: 관우|jmycxc|경험치 구슬 (2시간)(30000)|땔놔돛야|1003|13|17|2020-9-15 11:11:36|1600193496i461100
ITEM: 관우|jmycxc|경험치 구슬 (2시간)(30000)|땔놔돛야|1003|13|17|2020-9-15 11:11:36|1600193496i481100
ITEM: 관우|jmycxc|경험치 구슬 (2시간)(30000)|땔놔돛야|1003|13|17|2020-9-15 11:11:36|1600193496i491100
ITEM: 관우|jmycxc|경험치 구슬 (2시간)(30000)|땔놔돛야|1003|13|17|2020-9-15 11:11:36|1600193496i501100
ITEM: 관우|jmycxc|경험치 구슬 (2시간)(30000)|땔놔돛야|1003|13|17|2020-9-15 11:11:36|1600193496i511100
ITEM: 관우|jmycxc|경험치 구슬 (2시간)(30000)|땔놔돛야|1003|13|17|2020-9-15 11:11:36|1600193496i521100
ITEM: 유비|1111|경험치 구슬 (2시간)(30000)|PickUp(아이템줍다)|1003|14|18|2020-9-15 11:11:41|1600193496i381100
ITEM: 유비|1111|경험치 구슬 (2시간)(30000)|PickUp(아이템줍다)|1003|14|18|2020-9-15 11:11:41|1600193496i441100
ITEM: 유비|1111|경험치 구슬 (2시간)(30000)|PickUp(아이템줍다)|1003|14|18|2020-9-15 11:11:42|1600193496i501100
ITEM: 유비|1111|경험치 구슬 (2시간)(30000)|PickUp(아이템줍다)|1003|15|16|2020-9-15 11:11:43|1600193496i481100
ITEM: 유비|1111|경험치 구슬 (2시간)(30000)|賈痰돛야|1003|15|16|2020-9-15 11:11:44|1600193496i481100
ITEM: 유비|1111|경험치 구슬 (2시간)(30000)|濫떱賈痰돛야|1003|15|16|2020-9-15 11:11:44|1600193496i481100
ITEM: 유비|1111|경험치 구슬 (2시간)(30000)|賈痰돛야|1003|15|16|2020-9-15 11:11:45|1600193496i501100
ITEM: 유비|1111|경험치 구슬 (2시간)(30000)|濫떱賈痰돛야|1003|15|16|2020-9-15 11:11:45|1600193496i501100
ITEM: 유비|1111|경험치 구슬 (2시간)(30000)|賈痰돛야|1003|15|16|2020-9-15 11:11:46|1600193496i441100
ITEM: 유비|1111|경험치 구슬 (2시간)(30000)|濫떱賈痰돛야|1003|15|16|2020-9-15 11:11:46|1600193496i441100
ITEM: 유비|1111|경험치 구슬 (2시간)(30000)|賈痰돛야|1003|15|16|2020-9-15 11:11:46|1600193496i381100
ITEM: 유비|1111|경험치 구슬 (2시간)(30000)|濫떱賈痰돛야|1003|15|16|2020-9-15 11:11:46|1600193496i381100
ITEM: 유비|1111|경험치 구슬 (2시간)(30000)|PickUp(아이템줍다)|1003|15|16|2020-9-15 11:11:47|1600193496i491100
ITEM: 유비|1111|경험치 구슬 (2시간)(30000)|PickUp(아이템줍다)|1003|15|16|2020-9-15 11:11:48|1600193496i431100
ITEM: 유비|1111|경험치 구슬 (2시간)(30000)|PickUp(아이템줍다)|1003|14|16|2020-9-15 11:11:48|1600193496i421100
ITEM: 유비|1111|경험치 구슬 (2시간)(30000)|PickUp(아이템줍다)|1003|14|16|2020-9-15 11:11:49|1600193496i371100
ITEM: 유비|1111|경험치 구슬 (2시간)(30000)|PickUp(아이템줍다)|1003|14|16|2020-9-15 11:11:50|1600193496i361100
ITEM: 유비|1111|경험치 구슬 (2시간)(30000)|賈痰돛야|1003|14|16|2020-9-15 11:11:50|1600193496i361100
ITEM: 유비|1111|경험치 구슬 (2시간)(30000)|濫떱賈痰돛야|1003|14|16|2020-9-15 11:11:50|1600193496i361100
ITEM: 유비|1111|경험치 구슬 (2시간)(30000)|賈痰돛야|1003|14|16|2020-9-15 11:11:51|1600193496i371100
ITEM: 유비|1111|경험치 구슬 (2시간)(30000)|濫떱賈痰돛야|1003|14|16|2020-9-15 11:11:51|1600193496i371100
ITEM: 유비|1111|경험치 구슬 (2시간)(30000)|賈痰돛야|1003|14|16|2020-9-15 11:11:52|1600193496i421100
ITEM: 유비|1111|경험치 구슬 (2시간)(30000)|濫떱賈痰돛야|1003|14|16|2020-9-15 11:11:52|1600193496i421100
ITEM: 유비|1111|경험치 구슬 (2시간)(30000)|賈痰돛야|1003|14|16|2020-9-15 11:11:52|1600193496i431100
ITEM: 유비|1111|경험치 구슬 (2시간)(30000)|濫떱賈痰돛야|1003|14|16|2020-9-15 11:11:52|1600193496i431100
ITEM: 유비|1111|경험치 구슬 (2시간)(30000)|賈痰돛야|1003|14|16|2020-9-15 11:11:53|1600193496i491100
ITEM: 유비|1111|경험치 구슬 (2시간)(30000)|濫떱賈痰돛야|1003|14|16|2020-9-15 11:11:53|1600193496i491100
ITEM: 유비|1111|경험치 구슬 (2시간)(30000)|PickUp(아이템줍다)|1003|13|16|2020-9-15 11:11:54|1600193496i311100
ITEM: 유비|1111|경험치 구슬 (2시간)(30000)|PickUp(아이템줍다)|1003|12|16|2020-9-15 11:11:55|1600193496i261100
ITEM: 유비|1111|경험치 구슬 (2시간)(30000)|PickUp(아이템줍다)|1003|12|16|2020-9-15 11:11:56|1600193496i321100
ITEM: 유비|1111|경험치 구슬 (2시간)(30000)|PickUp(아이템줍다)|1003|12|16|2020-9-15 11:11:57|1600193496i251100
ITEM: 유비|1111|경험치 구슬 (2시간)(30000)|PickUp(아이템줍다)|1003|12|16|2020-9-15 11:11:57|1600193496i241100
ITEM: 유비|1111|경험치 구슬 (2시간)(30000)|PickUp(아이템줍다)|1003|12|16|2020-9-15 11:11:58|1600193496i301100
ITEM: 유비|1111|경험치 구슬 (2시간)(30000)|賈痰돛야|1003|12|16|2020-9-15 11:11:59|1600193496i311100
ITEM: 유비|1111|경험치 구슬 (2시간)(30000)|濫떱賈痰돛야|1003|12|16|2020-9-15 11:11:59|1600193496i311100
ITEM: 유비|1111|경험치 구슬 (2시간)(30000)|賈痰돛야|1003|12|16|2020-9-15 11:12:0|1600193496i301100
ITEM: 유비|1111|경험치 구슬 (2시간)(30000)|濫떱賈痰돛야|1003|12|16|2020-9-15 11:12:0|1600193496i301100
ITEM: 유비|1111|경험치 구슬 (2시간)(30000)|賈痰돛야|1003|12|16|2020-9-15 11:12:0|1600193496i241100
ITEM: 유비|1111|경험치 구슬 (2시간)(30000)|濫떱賈痰돛야|1003|12|16|2020-9-15 11:12:0|1600193496i241100
ITEM: 유비|1111|경험치 구슬 (2시간)(30000)|賈痰돛야|1003|12|16|2020-9-15 11:12:1|1600193496i251100
ITEM: 유비|1111|경험치 구슬 (2시간)(30000)|濫떱賈痰돛야|1003|12|16|2020-9-15 11:12:1|1600193496i251100
ITEM: 유비|1111|경험치 구슬 (2시간)(30000)|賈痰돛야|1003|12|16|2020-9-15 11:12:1|1600193496i321100
ITEM: 유비|1111|경험치 구슬 (2시간)(30000)|濫떱賈痰돛야|1003|12|16|2020-9-15 11:12:1|1600193496i321100
ITEM: 유비|1111|경험치 구슬 (2시간)(30000)|賈痰돛야|1003|12|16|2020-9-15 11:12:2|1600193496i261100
ITEM: 유비|1111|경험치 구슬 (2시간)(30000)|濫떱賈痰돛야|1003|12|16|2020-9-15 11:12:2|1600193496i261100
ITEM: 유비|1111|경험치 구슬 (2시간)(30000)|PickUp(아이템줍다)|1003|12|17|2020-9-15 11:12:3|1600193496i331100
ITEM: 유비|1111|경험치 구슬 (2시간)(30000)|PickUp(아이템줍다)|1003|12|18|2020-9-15 11:12:3|1600193496i341100
ITEM: 유비|1111|경험치 구슬 (2시간)(30000)|PickUp(아이템줍다)|1003|12|18|2020-9-15 11:12:4|1600193496i281100
ITEM: 유비|1111|경험치 구슬 (2시간)(30000)|PickUp(아이템줍다)|1003|12|18|2020-9-15 11:12:4|1600193496i271100
ITEM: 유비|1111|경험치 구슬 (2시간)(30000)|PickUp(아이템줍다)|1003|12|19|2020-9-15 11:12:5|1600193496i401100
ITEM: 유비|1111|경험치 구슬 (2시간)(30000)|PickUp(아이템줍다)|1003|12|19|2020-9-15 11:12:6|1600193496i391100
ITEM: 유비|1111|경험치 구슬 (2시간)(30000)|PickUp(아이템줍다)|1003|14|18|2020-9-15 11:12:7|1600193496i511100
ITEM: 유비|1111|경험치 구슬 (2시간)(30000)|PickUp(아이템줍다)|1003|14|18|2020-9-15 11:12:8|1600193496i451100
ITEM: 유비|1111|경험치 구슬 (2시간)(30000)|賈痰돛야|1003|14|18|2020-9-15 11:12:10|1600193496i451100
ITEM: 유비|1111|경험치 구슬 (2시간)(30000)|濫떱賈痰돛야|1003|14|18|2020-9-15 11:12:10|1600193496i451100
ITEM: 유비|1111|경험치 구슬 (2시간)(30000)|賈痰돛야|1003|14|18|2020-9-15 11:12:10|1600193496i511100
ITEM: 유비|1111|경험치 구슬 (2시간)(30000)|濫떱賈痰돛야|1003|14|18|2020-9-15 11:12:10|1600193496i511100
ITEM: 유비|1111|경험치 구슬 (2시간)(30000)|賈痰돛야|1003|14|18|2020-9-15 11:ITEM: NULL|NULL|괬질돨쇄記(21685)|TiemDelete|1002|14|15|2020-9-15 21:52:47|
ITEM: NULL|NULL|괬질돨쇄記(21685)|TiemDelete|1002|16|16|2020-9-15 21:52:47|
