2021-03-10 00:03:51|еЪ:kyk9698|Ућ:ЦФЖћ|Еу:48 бЊ:100 ЙЅ:515 ЗР:0 Ує:0 зм:663
2021-03-10 00:15:13|еЪ:yy1212|Ућ:ПЌЕЮ|Еу:6 бЊ:100 ЙЅ:548 ЗР:0 Ує:0 зм:654
2021-03-10 00:22:42|еЪ:jis871125|Ућ:ЗчЧЧ|Еу:12 бЊ:10 ЙЅ:619 ЗР:0 Ує:0 зм:641
2021-03-10 03:16:41|еЪ:jis871125|Ућ:ЗчЧЧ|Еу:628 бЊ:10 ЙЅ:0 ЗР:0 Ує:0 зм:638
2021-03-10 04:18:10|еЪ:cm901|Ућ:ЙйЖї|Еу:75 бЊ:100 ЙЅ:529 ЗР:0 Ує:0 зм:704
2021-03-10 05:26:18|еЪ:cm900|Ућ:РЏШЄ|Еу:39 бЊ:100 ЙЅ:529 ЗР:0 Ує:0 зм:668
2021-03-10 05:27:14|еЪ:cm901|Ућ:ЙйЖї|Еу:6 бЊ:103 ЙЅ:526 ЗР:0 Ує:0 зм:635
2021-03-10 05:46:26|еЪ:cm900|Ућ:РЏШЄ|Еу:21 бЊ:419 ЙЅ:210 ЗР:0 Ує:0 зм:650
2021-03-10 10:16:26|еЪ:yy1212|Ућ:ПЌЕЮ|Еу:0 бЊ:0 ЙЅ:635 ЗР:0 Ує:0 зм:635
2021-03-10 10:16:37|еЪ:kyk9698|Ућ:ЦФЖћ|Еу:0 бЊ:100 ЙЅ:541 ЗР:0 Ує:0 зм:641
2021-03-10 11:43:02|еЪ:kyk9698|Ућ:ЦФЖћ|Еу:12 бЊ:100 ЙЅ:529 ЗР:0 Ує:0 зм:641
2021-03-10 11:46:24|еЪ:cm901|Ућ:ЙйЖї|Еу:195 бЊ:208 ЙЅ:350 ЗР:0 Ує:0 зм:753
2021-03-10 11:46:43|еЪ:yy1212|Ућ:ПЌЕЮ|Еу:6 бЊ:10 ЙЅ:619 ЗР:0 Ує:0 зм:635
2021-03-10 11:50:28|еЪ:cm900|Ућ:РЏШЄ|Еу:195 бЊ:198 ЙЅ:360 ЗР:0 Ує:0 зм:753
2021-03-10 15:49:25|еЪ:yy1212|Ућ:ПЌЕЮ|Еу:69 бЊ:10 ЙЅ:553 ЗР:0 Ує:0 зм:632
2021-03-10 15:49:27|еЪ:kyk9698|Ућ:ЦФЖћ|Еу:69 бЊ:20 ЙЅ:543 ЗР:0 Ує:0 зм:632
2021-03-10 15:55:26|еЪ:yy1212|Ућ:ПЌЕЮ|Еу:628 бЊ:10 ЙЅ:0 ЗР:0 Ує:0 зм:638
2021-03-10 16:03:44|еЪ:kyk9698|Ућ:ЦФЖћ|Еу:0 бЊ:10 ЙЅ:628 ЗР:0 Ує:0 зм:638
2021-03-10 16:52:42|еЪ:yy1212|Ућ:ПЌЕЮ|Еу:42 бЊ:10 ЙЅ:619 ЗР:0 Ує:0 зм:671
2021-03-10 16:52:48|еЪ:kyk9698|Ућ:ЦФЖћ|Еу:36 бЊ:10 ЙЅ:625 ЗР:0 Ує:0 зм:671
2021-03-10 17:19:57|еЪ:yy1212|Ућ:ПЌЕЮ|Еу:6 бЊ:10 ЙЅ:619 ЗР:0 Ує:0 зм:635
2021-03-10 17:22:29|еЪ:kyk9698|Ућ:ЦФЖћ|Еу:9 бЊ:10 ЙЅ:609 ЗР:0 Ує:10 зм:638
2021-03-10 17:47:34|еЪ:kokopp345|Ућ:ГЊЙйИЎ|Еу:90 бЊ:14 ЙЅ:526 ЗР:0 Ує:0 зм:630
2021-03-10 18:43:23|еЪ:kokopp345|Ућ:ГЊЙйИЎ|Еу:622 бЊ:10 ЙЅ:0 ЗР:0 Ує:0 зм:632
2021-03-10 18:43:39|еЪ:lkl8611|Ућ:ЕЙКЯРЬ|Еу:0 бЊ:1000 ЙЅ:1000 ЗР:1000 Ує:1000 зм:4000
2021-03-10 18:43:50|еЪ:lkl8611|Ућ:ЕЙКЯРЬ|Еу:619 бЊ:10 ЙЅ:619 ЗР:0 Ує:0 зм:1248
2021-03-10 18:44:01|еЪ:lkl8611|Ућ:ЕЙКЯРЬ|Еу:619 бЊ:10 ЙЅ:609 ЗР:0 Ує:0 зм:1238
2021-03-10 18:44:46|еЪ:lkl8611|Ућ:ЕЙКЯРЬ|Еу:0 бЊ:10 ЙЅ:629 ЗР:0 Ує:0 зм:639
2021-03-10 18:49:39|еЪ:lkl8611|Ућ:ЕЙКЯРЬ|Еу:0 бЊ:1000 ЙЅ:1000 ЗР:1000 Ує:1000 зм:4000
2021-03-10 19:23:50|еЪ:kokopp345|Ућ:ГЊЙйИЎ|Еу:622 бЊ:10 ЙЅ:0 ЗР:0 Ує:0 зм:632
2021-03-10 19:40:11|еЪ:cm901|Ућ:ЙйЖї|Еу:6 бЊ:100 ЙЅ:612 ЗР:0 Ує:0 зм:718
2021-03-10 19:51:23|еЪ:cm901|Ућ:ЙйЖї|Еу:9 бЊ:100 ЙЅ:529 ЗР:0 Ує:0 зм:638
2021-03-10 19:52:42|еЪ:cm900|Ућ:РЏШЄ|Еу:30 бЊ:100 ЙЅ:578 ЗР:0 Ує:0 зм:708
2021-03-10 19:59:28|еЪ:yy1212|Ућ:ПЌЕЮ|Еу:9 бЊ:10 ЙЅ:619 ЗР:0 Ує:0 зм:638
2021-03-10 20:00:01|еЪ:kyk9698|Ућ:ЦФЖћ|Еу:9 бЊ:10 ЙЅ:619 ЗР:0 Ує:0 зм:638
2021-03-10 20:20:43|еЪ:cm901|Ућ:ЙйЖї|Еу:18 бЊ:100 ЙЅ:529 ЗР:0 Ує:0 зм:647
2021-03-10 20:31:41|еЪ:cm901|Ућ:ЙйЖї|Еу:3 бЊ:100 ЙЅ:529 ЗР:0 Ує:0 зм:632
2021-03-10 20:33:54|еЪ:cm901|Ућ:ЙйЖї|Еу:3 бЊ:110 ЙЅ:519 ЗР:0 Ує:0 зм:632
2021-03-10 20:45:12|еЪ:cm900|Ућ:РЏШЄ|Еу:48 бЊ:107 ЙЅ:521 ЗР:1 Ує:0 зм:677
2021-03-10 21:05:25|еЪ:cm900|Ућ:РЏШЄ|Еу:9 бЊ:100 ЙЅ:529 ЗР:0 Ує:0 зм:638
2021-03-10 21:05:36|еЪ:kyk9698|Ућ:ЦФЖћ|Еу:9 бЊ:10 ЙЅ:619 ЗР:0 Ує:0 зм:638
2021-03-10 21:05:39|еЪ:yy1212|Ућ:ПЌЕЮ|Еу:12 бЊ:10 ЙЅ:619 ЗР:0 Ує:0 зм:641
2021-03-10 21:06:34|еЪ:cm901|Ућ:ЙйЖї|Еу:3 бЊ:100 ЙЅ:529 ЗР:0 Ує:0 зм:632
2021-03-10 21:10:49|еЪ:cm901|Ућ:ЙйЖї|Еу:3 бЊ:100 ЙЅ:529 ЗР:0 Ує:0 зм:632
2021-03-10 21:12:32|еЪ:cm900|Ућ:РЏШЄ|Еу:3 бЊ:115 ЙЅ:514 ЗР:0 Ує:0 зм:632
2021-03-10 21:19:22|еЪ:cm900|Ућ:РЏШЄ|Еу:3 бЊ:100 ЙЅ:529 ЗР:0 Ує:0 зм:632
2021-03-10 21:23:57|еЪ:cm901|Ућ:ЙйЖї|Еу:3 бЊ:110 ЙЅ:519 ЗР:0 Ує:0 зм:632
2021-03-10 21:24:58|еЪ:cm900|Ућ:РЏШЄ|Еу:3 бЊ:110 ЙЅ:519 ЗР:0 Ує:0 зм:632
2021-03-10 21:37:53|еЪ:cm901|Ућ:ЙйЖї|Еу:3 бЊ:100 ЙЅ:541 ЗР:0 Ує:0 зм:644
2021-03-10 21:45:08|еЪ:kokopp123|Ућ:ДйЙйИЎ|Еу:102 бЊ:14 ЙЅ:526 ЗР:0 Ує:0 зм:642
2021-03-10 21:45:08|еЪ:kokopp345|Ућ:ГЊЙйИЎ|Еу:625 бЊ:10 ЙЅ:0 ЗР:0 Ує:0 зм:635
2021-03-10 22:28:30|еЪ:kokopp345|Ућ:ГЊЙйИЎ|Еу:18 бЊ:10 ЙЅ:619 ЗР:0 Ує:0 зм:647
2021-03-10 22:28:46|еЪ:kokopp123|Ућ:ДйЙйИЎ|Еу:18 бЊ:10 ЙЅ:619 ЗР:0 Ує:0 зм:647
2021-03-10 22:34:07|еЪ:destop12|Ућ:ТЏОЦ|Еу:33 бЊ:0 ЙЅ:627 ЗР:0 Ує:0 зм:660
2021-03-10 22:34:10|еЪ:destop123|Ућ:ТЏБИ|Еу:33 бЊ:0 ЙЅ:627 ЗР:0 Ує:0 зм:660
