2021-03-11 00:31:35|еЪ:jju4585|Ућ:До|Еу:24 бЊ:100 ЙЅ:518 ЗР:0 Ує:0 зм:642
2021-03-11 00:31:36|еЪ:jju4656|Ућ:Чи|Еу:24 бЊ:100 ЙЅ:518 ЗР:0 Ує:0 зм:642
2021-03-11 00:41:32|еЪ:yy1212|Ућ:ПЌЕЮ|Еу:9 бЊ:110 ЙЅ:606 ЗР:0 Ує:0 зм:725
2021-03-11 00:41:44|еЪ:jju4585|Ућ:До|Еу:3 бЊ:120 ЙЅ:509 ЗР:0 Ує:0 зм:632
2021-03-11 00:41:44|еЪ:jju4656|Ућ:Чи|Еу:3 бЊ:120 ЙЅ:509 ЗР:0 Ує:0 зм:632
2021-03-11 00:42:05|еЪ:kyk9698|Ућ:ЦФЖћ|Еу:9 бЊ:110 ЙЅ:606 ЗР:0 Ує:0 зм:725
2021-03-11 00:59:03|еЪ:jju4585|Ућ:До|Еу:105 бЊ:10 ЙЅ:520 ЗР:0 Ує:0 зм:635
2021-03-11 00:59:03|еЪ:jju4656|Ућ:Чи|Еу:102 бЊ:10 ЙЅ:520 ЗР:0 Ує:0 зм:632
2021-03-11 01:20:08|еЪ:yy1212|Ућ:ПЌЕЮ|Еу:6 бЊ:10 ЙЅ:619 ЗР:0 Ує:0 зм:635
2021-03-11 01:20:10|еЪ:kyk9698|Ућ:ЦФЖћ|Еу:6 бЊ:10 ЙЅ:619 ЗР:0 Ує:0 зм:635
2021-03-11 01:44:02|еЪ:jju4585|Ућ:До|Еу:9 бЊ:10 ЙЅ:619 ЗР:0 Ує:0 зм:638
2021-03-11 01:44:04|еЪ:jju4656|Ућ:Чи|Еу:12 бЊ:10 ЙЅ:619 ЗР:0 Ує:0 зм:641
2021-03-11 03:29:36|еЪ:destop123|Ућ:ТЏБИ|Еу:23 бЊ:0 ЙЅ:609 ЗР:0 Ує:0 зм:632
2021-03-11 04:11:31|еЪ:kokopp345|Ућ:ГЊЙйИЎ|Еу:42 бЊ:10 ЙЅ:595 ЗР:0 Ує:0 зм:647
2021-03-11 04:44:22|еЪ:destop12|Ућ:ТЏОЦ|Еу:0 бЊ:0 ЙЅ:632 ЗР:0 Ує:0 зм:632
2021-03-11 04:51:33|еЪ:kyk9698|Ућ:ЦФЖћ|Еу:12 бЊ:100 ЙЅ:637 ЗР:0 Ує:0 зм:749
2021-03-11 04:51:36|еЪ:yy1212|Ућ:ПЌЕЮ|Еу:99 бЊ:100 ЙЅ:550 ЗР:0 Ує:0 зм:749
2021-03-11 05:14:19|еЪ:jju4656|Ућ:Чи|Еу:12 бЊ:10 ЙЅ:444 ЗР:0 Ує:175 зм:641
2021-03-11 05:17:31|еЪ:cm901|Ућ:ЙйЖї|Еу:210 бЊ:120 ЙЅ:466 ЗР:0 Ує:0 зм:796
2021-03-11 05:20:01|еЪ:cm900|Ућ:РЏШЄ|Еу:216 бЊ:100 ЙЅ:480 ЗР:0 Ує:0 зм:796
2021-03-11 05:26:04|еЪ:jju4585|Ућ:До|Еу:15 бЊ:10 ЙЅ:414 ЗР:0 Ує:205 зм:644
2021-03-11 05:45:31|еЪ:jju4656|Ућ:Чи|Еу:3 бЊ:10 ЙЅ:619 ЗР:0 Ує:0 зм:632
2021-03-11 06:34:50|еЪ:destop12|Ућ:ТЏОЦ|Еу:23 бЊ:0 ЙЅ:609 ЗР:0 Ує:0 зм:632
2021-03-11 06:40:35|еЪ:destop123|Ућ:ТЏБИ|Еу:23 бЊ:0 ЙЅ:609 ЗР:0 Ує:0 зм:632
2021-03-11 08:22:18|еЪ:kokopp345|Ућ:ГЊЙйИЎ|Еу:26 бЊ:10 ЙЅ:596 ЗР:0 Ує:0 зм:632
2021-03-11 08:22:43|еЪ:kokopp123|Ућ:ДйЙйИЎ|Еу:45 бЊ:10 ЙЅ:595 ЗР:0 Ує:0 зм:650
2021-03-11 10:52:21|еЪ:kokopp345|Ућ:ГЊЙйИЎ|Еу:30 бЊ:10 ЙЅ:595 ЗР:0 Ує:0 зм:635
2021-03-11 10:52:23|еЪ:kokopp123|Ућ:ДйЙйИЎ|Еу:30 бЊ:10 ЙЅ:595 ЗР:0 Ує:0 зм:635
2021-03-11 11:36:44|еЪ:destop123|Ућ:ТЏБИ|Еу:35 бЊ:0 ЙЅ:600 ЗР:0 Ує:0 зм:635
2021-03-11 11:36:50|еЪ:destop12|Ућ:ТЏОЦ|Еу:35 бЊ:0 ЙЅ:600 ЗР:0 Ує:0 зм:635
2021-03-11 12:06:22|еЪ:kyk9698|Ућ:ЦФЖћ|Еу:135 бЊ:100 ЙЅ:538 ЗР:0 Ує:0 зм:773
2021-03-11 12:07:07|еЪ:yy1212|Ућ:ПЌЕЮ|Еу:180 бЊ:100 ЙЅ:493 ЗР:0 Ує:0 зм:773
2021-03-11 13:02:48|еЪ:jju4585|Ућ:До|Еу:9 бЊ:10 ЙЅ:619 ЗР:0 Ує:0 зм:638
2021-03-11 13:02:51|еЪ:jju4656|Ућ:Чи|Еу:12 бЊ:10 ЙЅ:619 ЗР:0 Ує:0 зм:641
2021-03-11 13:16:56|еЪ:jju4585|Ућ:До|Еу:3 бЊ:10 ЙЅ:619 ЗР:0 Ує:0 зм:632
2021-03-11 13:22:38|еЪ:destop123|Ућ:ТЏБИ|Еу:35 бЊ:10 ЙЅ:599 ЗР:0 Ує:0 зм:644
2021-03-11 13:22:38|еЪ:destop12|Ућ:ТЏОЦ|Еу:35 бЊ:10 ЙЅ:599 ЗР:0 Ує:0 зм:644
2021-03-11 17:18:46|еЪ:kyk9698|Ућ:ЦФЖћ|Еу:15 бЊ:100 ЙЅ:680 ЗР:0 Ує:0 зм:795
2021-03-11 17:19:00|еЪ:yy1212|Ућ:ПЌЕЮ|Еу:15 бЊ:100 ЙЅ:680 ЗР:0 Ує:0 зм:795
2021-03-11 17:43:53|еЪ:cm901|Ућ:ЙйЖї|Еу:450 бЊ:100 ЙЅ:267 ЗР:0 Ує:0 зм:817
2021-03-11 17:45:15|еЪ:cm900|Ућ:РЏШЄ|Еу:450 бЊ:100 ЙЅ:266 ЗР:0 Ує:0 зм:816
2021-03-11 19:52:41|еЪ:kokopp345|Ућ:ГЊЙйИЎ|Еу:180 бЊ:2 ЙЅ:501 ЗР:0 Ує:0 зм:683
2021-03-11 19:52:44|еЪ:kokopp123|Ућ:ДйЙйИЎ|Еу:180 бЊ:2 ЙЅ:501 ЗР:0 Ує:0 зм:683
2021-03-11 20:08:04|еЪ:lkl8611|Ућ:ЕЙКЯРЬ|Еу:0 бЊ:100 ЙЅ:1111111 ЗР:100 Ує:100 зм:1111411
2021-03-11 20:11:17|еЪ:lkl8611|Ућ:ЕЙКЯРЬ|Еу:820 бЊ:1 ЙЅ:0 ЗР:0 Ує:0 зм:821
2021-03-11 20:13:38|еЪ:lkl8611|Ућ:ЕЙКЯРЬ|Еу:820 бЊ:1 ЙЅ:0 ЗР:0 Ує:0 зм:821
2021-03-11 20:14:10|еЪ:lkl8611|Ућ:ЕЙКЯРЬ|Еу:820 бЊ:1 ЙЅ:0 ЗР:0 Ує:0 зм:821
2021-03-11 20:16:14|еЪ:lkl8611|Ућ:ЕЙКЯРЬ|Еу:0 бЊ:1000 ЙЅ:1000 ЗР:1000 Ує:1000 зм:4000
2021-03-11 20:16:48|еЪ:lkl8611|Ућ:ЕЙКЯРЬ|Еу:0 бЊ:10 ЙЅ:820 ЗР:0 Ує:0 зм:830
2021-03-11 20:17:26|еЪ:lkl8611|Ућ:ЕЙКЯРЬ|Еу:820 бЊ:4 ЙЅ:0 ЗР:0 Ує:0 зм:824
2021-03-11 20:17:34|еЪ:lkl8611|Ућ:ЕЙКЯРЬ|Еу:0 бЊ:400 ЙЅ:400 ЗР:400 Ує:400 зм:1600
2021-03-11 20:23:42|еЪ:cm900|Ућ:РЏШЄ|Еу:0 бЊ:48 ЙЅ:399999 ЗР:0 Ує:0 зм:400047
2021-03-11 20:23:49|еЪ:cm901|Ућ:ЙйЖї|Еу:0 бЊ:40 ЙЅ:3999999 ЗР:0 Ує:0 зм:4000039
2021-03-11 20:33:19|еЪ:kk1212|Ућ:ГыКЯРЬ|Еу:0 бЊ:400 ЙЅ:400 ЗР:400 Ує:400 зм:1600
2021-03-11 20:33:22|еЪ:kk1212|Ућ:ГыКЯРЬ|Еу:820 бЊ:4 ЙЅ:0 ЗР:0 Ує:0 зм:824
2021-03-11 20:39:47|еЪ:lkl8611|Ућ:ЕЙКЯРЬ|Еу:0 бЊ:400 ЙЅ:400 ЗР:400 Ує:400 зм:1600
2021-03-11 20:41:10|еЪ:lkl8611|Ућ:ЕЙКЯРЬ|Еу:820 бЊ:4 ЙЅ:0 ЗР:0 Ує:0 зм:824
2021-03-11 20:47:40|еЪ:lkl8611|Ућ:ЕЙКЯРЬ|Еу:820 бЊ:4 ЙЅ:0 ЗР:0 Ує:0 зм:824
2021-03-11 20:47:45|еЪ:lkl8611|Ућ:ЕЙКЯРЬ|Еу:820 бЊ:4 ЙЅ:0 ЗР:0 Ує:0 зм:824
2021-03-11 20:48:45|еЪ:lkl8611|Ућ:ЕЙКЯРЬ|Еу:820 бЊ:4 ЙЅ:0 ЗР:0 Ує:0 зм:824
2021-03-11 20:51:50|еЪ:lkl8611|Ућ:ЕЙКЯРЬ|Еу:820 бЊ:4 ЙЅ:0 ЗР:0 Ує:0 зм:824
2021-03-11 20:51:54|еЪ:lkl8611|Ућ:ЕЙКЯРЬ|Еу:820 бЊ:4 ЙЅ:0 ЗР:0 Ує:0 зм:824
2021-03-11 22:36:38|еЪ:lkl8611|Ућ:ЕЙКЯРЬ|Еу:820 бЊ:4 ЙЅ:0 ЗР:0 Ує:0 зм:824
2021-03-11 22:36:48|еЪ:lkl8611|Ућ:ЕЙКЯРЬ|Еу:820 бЊ:4 ЙЅ:0 ЗР:0 Ує:0 зм:824
2021-03-11 22:36:51|еЪ:lkl8611|Ућ:ЕЙКЯРЬ|Еу:820 бЊ:4 ЙЅ:0 ЗР:0 Ує:0 зм:824
2021-03-11 22:36:55|еЪ:lkl8611|Ућ:ЕЙКЯРЬ|Еу:820 бЊ:4 ЙЅ:0 ЗР:0 Ує:0 зм:824
2021-03-11 22:37:00|еЪ:lkl8611|Ућ:ЕЙКЯРЬ|Еу:820 бЊ:4 ЙЅ:0 ЗР:0 Ує:0 зм:824
2021-03-11 22:37:42|еЪ:lkl8611|Ућ:ЕЙКЯРЬ|Еу:820 бЊ:4 ЙЅ:0 ЗР:0 Ує:0 зм:824
2021-03-11 22:38:07|еЪ:lkl8611|Ућ:ЕЙКЯРЬ|Еу:820 бЊ:4 ЙЅ:0 ЗР:0 Ує:0 зм:824
2021-03-11 22:39:27|еЪ:lkl8611|Ућ:ЕЙКЯРЬ|Еу:820 бЊ:4 ЙЅ:0 ЗР:0 Ує:0 зм:824
2021-03-11 22:39:35|еЪ:lkl8611|Ућ:ЕЙКЯРЬ|Еу:820 бЊ:4 ЙЅ:0 ЗР:0 Ує:0 зм:824
