ITEM: 力哎樊|gkrrua55|复活之石(23024)|Drop(酒捞袍滚覆)|1000|76|74|2020-9-14 0:9:31|
ITEM: 力哎樊|gkrrua55|复活之石(23024)|Drop(酒捞袍滚覆)|1000|76|74|2020-9-14 0:9:32|
ITEM: 力哎樊|gkrrua55|复活之石(23024)|Drop(酒捞袍滚覆)|1000|76|74|2020-9-14 0:9:33|
ITEM: 力哎樊|gkrrua55|厘脚备(2421)|GM删除道具|1000|76|74|2020-9-14 0:9:38|1599813512i411100
ITEM: 力哎樊|gkrrua55|暴龙的尖牙(21685)|GM删除道具|1000|76|74|2020-9-14 0:9:38|1599758897i71100
ITEM: 力哎樊|gkrrua55|复活之石(23024)|GM删除道具|1000|76|74|2020-9-14 0:9:38|1600061568i31100
ITEM: 力哎樊|gkrrua55|盲籍厘狼 凯艰(2549)|GM删除道具|1000|76|74|2020-9-14 0:9:38|1599816129i801100
ITEM: 力哎樊|gkrrua55|复活之石(23024)|GM删除道具|1000|76|74|2020-9-14 0:9:38|1599921678i01100
ITEM: 力哎樊|gkrrua55|馋磊福绰 倒(2697)|GM删除道具|1000|76|74|2020-9-14 0:9:38|1599814828i501100
ITEM: 力哎樊|gkrrua55|复活之石(23024)|GM删除道具|1000|76|74|2020-9-14 0:9:38|1600064984i01100
ITEM: 力哎樊|gkrrua55|复活之石(23024)|GM删除道具|1000|76|74|2020-9-14 0:9:38|1600064987i11100
ITEM: 力哎樊|gkrrua55|捞惑茄 炼俺(2414)|GM删除道具|1000|76|74|2020-9-14 0:9:38|1599761926i161100
ITEM: 力哎樊|gkrrua55|复活之石(23024)|GM删除道具|1000|76|74|2020-9-14 0:9:38|1600064990i21100
ITEM: 力哎樊|gkrrua55|暴龙的尖牙(21685)|GM删除道具|1000|76|74|2020-9-14 0:9:49|1599758897i71100
ITEM: 力哎樊|gkrrua55|复活之石(23024)|GM删除道具|1000|76|74|2020-9-14 0:9:49|1600061568i31100
ITEM: 力哎樊|gkrrua55|复活之石(23024)|GM删除道具|1000|76|74|2020-9-14 0:9:49|1599921678i01100
ITEM: 力哎樊|gkrrua55|复活之石(23024)|GM删除道具|1000|76|74|2020-9-14 0:9:49|1600064984i01100
ITEM: 力哎樊|gkrrua55|复活之石(23024)|GM删除道具|1000|76|74|2020-9-14 0:9:49|1600064987i11100
ITEM: 力哎樊|gkrrua55|复活之石(23024)|GM删除道具|1000|76|74|2020-9-14 0:9:49|1600064990i21100
ITEM: 力哎樊|gkrrua55|暴龙的尖牙(21685)|GM删除道具|1000|76|74|2020-9-14 0:9:50|1599758897i71100
ITEM: 力哎樊|gkrrua55|复活之石(23024)|GM删除道具|1000|76|74|2020-9-14 0:9:50|1600061568i31100
ITEM: 力哎樊|gkrrua55|复活之石(23024)|GM删除道具|1000|76|74|2020-9-14 0:9:50|1599921678i01100
ITEM: 力哎樊|gkrrua55|复活之石(23024)|GM删除道具|1000|76|74|2020-9-14 0:9:50|1600064984i01100
ITEM: 力哎樊|gkrrua55|复活之石(23024)|GM删除道具|1000|76|74|2020-9-14 0:9:50|1600064987i11100
ITEM: 力哎樊|gkrrua55|复活之石(23024)|GM删除道具|1000|76|74|2020-9-14 0:9:50|1600064990i21100
ITEM: 力哎樊|gkrrua55|复活之石(23024)|GM删除道具|1000|76|74|2020-9-14 0:9:53|1600061568i31100
ITEM: 力哎樊|gkrrua55|复活之石(23024)|GM删除道具|1000|76|74|2020-9-14 0:9:53|1599921678i01100
ITEM: 力哎樊|gkrrua55|复活之石(23024)|GM删除道具|1000|76|74|2020-9-14 0:9:53|1600064984i01100
ITEM: 力哎樊|gkrrua55|复活之石(23024)|GM删除道具|1000|76|74|2020-9-14 0:9:53|1600064987i11100
ITEM: 力哎樊|gkrrua55|复活之石(23024)|GM删除道具|1000|76|74|2020-9-14 0:9:53|1600064990i21100
ITEM: 力哎樊|gkrrua55|复活之石(23024)|GM删除道具|1000|76|74|2020-9-14 0:9:54|1600061568i31100
ITEM: 力哎樊|gkrrua55|复活之石(23024)|GM删除道具|1000|76|74|2020-9-14 0:9:54|1599921678i01100
ITEM: 力哎樊|gkrrua55|复活之石(23024)|GM删除道具|1000|76|74|2020-9-14 0:9:54|1600064984i01100
ITEM: 力哎樊|gkrrua55|复活之石(23024)|GM删除道具|1000|76|74|2020-9-14 0:9:54|1600064987i11100
ITEM: 力哎樊|gkrrua55|复活之石(23024)|GM删除道具|1000|76|74|2020-9-14 0:9:54|1600064990i21100
ITEM: 力哎樊|gkrrua55|复活之石(23024)|GM删除道具|1000|76|74|2020-9-14 0:9:55|1600061568i31100
ITEM: 力哎樊|gkrrua55|复活之石(23024)|GM删除道具|1000|76|74|2020-9-14 0:9:55|1599921678i01100
ITEM: 力哎樊|gkrrua55|复活之石(23024)|GM删除道具|1000|76|74|2020-9-14 0:9:55|1600064984i01100
ITEM: 力哎樊|gkrrua55|复活之石(23024)|GM删除道具|1000|76|74|2020-9-14 0:9:55|1600064987i11100
ITEM: 力哎樊|gkrrua55|复活之石(23024)|GM删除道具|1000|76|74|2020-9-14 0:9:55|1600064990i21100
ITEM: 力哎樊|gkrrua55|复活之石(23024)|GM删除道具|1000|76|74|2020-9-14 0:9:56|1600061568i31100
ITEM: 力哎樊|gkrrua55|复活之石(23024)|GM删除道具|1000|76|74|2020-9-14 0:9:56|1599921678i01100
ITEM: 力哎樊|gkrrua55|复活之石(23024)|GM删除道具|1000|76|74|2020-9-14 0:9:56|1600064984i01100
ITEM: 力哎樊|gkrrua55|复活之石(23024)|GM删除道具|1000|76|74|2020-9-14 0:9:56|1600064987i11100
ITEM: 力哎樊|gkrrua55|复活之石(23024)|GM删除道具|1000|76|74|2020-9-14 0:9:56|1600064990i21100
ITEM: 力哎樊|gkrrua55|复活之石(23024)|GM删除道具|1000|76|74|2020-9-14 0:9:57|1600061568i31100
ITEM: 力哎樊|gkrrua55|复活之石(23024)|GM删除道具|1000|76|74|2020-9-14 0:9:57|1599921678i01100
ITEM: 力哎樊|gkrrua55|复活之石(23024)|GM删除道具|1000|76|74|2020-9-14 0:9:57|1600064984i01100
ITEM: 力哎樊|gkrrua55|复活之石(23024)|GM删除道具|1000|76|74|2020-9-14 0:9:57|1600064987i11100
ITEM: 力哎樊|gkrrua55|复活之石(23024)|GM删除道具|1000|76|74|2020-9-14 0:9:57|1600064990i21100
ITEM: 力哎樊|gkrrua55|复活之石(23024)|GM删除道具|1000|76|74|2020-9-14 0:9:59|1600061568i31100
ITEM: 力哎樊|gkrrua55|复活之石(23024)|GM删除道具|1000|76|74|2020-9-14 0:9:59|1599921678i01100
ITEM: 力哎樊|gkrrua55|复活之石(23024)|GM删除道具|1000|76|74|2020-9-14 0:9:59|1600064984i01100
ITEM: 力哎樊|gkrrua55|复活之石(23024)|GM删除道具|1000|76|74|2020-9-14 0:9:59|1600064987i11100
ITEM: 力哎樊|gkrrua55|复活之石(23024)|GM删除道具|1000|76|74|2020-9-14 0:9:59|1600064990i21100
ITEM: 力哎樊|gkrrua55|复活之石(23024)|GM删除道具|1000|76|74|2020-9-14 0:10:0|1600061568i31100
ITEM: 力哎樊|gkrrua55|复活之石(23024)|GM删除道具|1000|76|74|2020-9-14 0:10:0|1599921678i01100
ITEM: 力哎樊|gkrrua55|复活之石(23024)|GM删除道具|1000|76|74|2020-9-14 0:10:0|1600064984i01100
ITEM: 力哎樊|gkrrua55|复活之石(23024)|GM删除道具|1000|76|74|2020-9-14 0:10:0|1600064987i11100
ITEM: 力哎樊|gkrrua55|复活之石(23024)|GM删除道具|1000|76|74|2020-9-14 0:10:0|1600064990i21100
ITEM: 力哎樊|gkrrua55|复活之石(23024)|GM删除道具|1000|76|74|2020-9-14 0:10:2|1600061568i31100
ITEM: 力哎樊|gkrrua55|复活之石(23024)|GM删除道具|1000|76|74|2020-9-14 0:10:2|1599921678i01100
ITEM: 力哎樊|gkrrua55|复活之石(23024)|GM删除道具|1000|76|74|2020-9-14 0:10:2|1600064984i01100
ITEM: 力哎樊|gkrrua55|复活之石(23024)|GM删除道具|1000|76|74|2020-9-14 0:10:2|1600064987i11100
ITEM: 力哎樊|gkrrua55|复活之石(23024)|GM删除道具|1000|76|74|2020-9-14 0:10:2|1600064990i21100
ITEM: 力哎樊|gkrrua55|复活之石(23024)|GM删除道具|1000|76|74|2020-9-14 0:10:3|1600061568i31100
ITEM: 力哎樊|gkrrua55|复活之石(23024)|GM删除道具|1000|76|74|2020-9-14 0:10:3|1599921678i01100
ITEM: 力哎樊|gkrrua55|复活之石(23024)|GM删除道具|1000|76|74|2020-9-14 0:10:3|1600064984i01100
ITEM: 力哎樊|gkrrua55|复活之石(23024)|GM删除道具|1000|76|74|2020-9-14 0:10:3|1600064987i11100
ITEM: 力哎樊|gkrrua55|复活之石(23024)|GM删除道具|1000|76|74|2020-9-14 0:10:3|1600064990i21100
ITEM: 力哎樊|gkrrua55|复活之石(23024)|GM删除道具|1000|76|74|2020-9-14 0:10:5|1600061568i31100
ITEM: 力哎樊|gkrrua55|复活之石(23024)|GM删除道具|1000|76|74|2020-9-14 0:10:5|1599921678i01100
ITEM: 力哎樊|gkrrua55|复活之石(23024)|GM删除道具|1000|76|74|2020-9-14 0:10:5|1600064987i11100
ITEM: 力哎樊|gkrrua55|复活之石(23024)|GM删除道具|1000|76|74|2020-9-14 0:10:5|1600064990i21100
ITEM: 力哎樊|gkrrua55|复活之石(23024)|Drop(酒捞袍滚覆)|1000|76|74|2020-9-14 0:10:7|
ITEM: 力哎樊|gkrrua55|复活之石(23024)|Drop(酒捞袍滚覆)|1000|76|74|2020-9-14 0:10:8|
ITEM: 力哎樊|gkrrua55|复活之石(23024)|Drop(酒捞袍滚覆)|1000|76|74|2020-9-14 0:10:9|
ITEM: 力哎樊|gkrrua55|复活之石(23024)|Drop(酒捞袍滚覆)|1000|76|74|2020-9-14 0:10:10|
ITEM: 力哎樊|gkrrua55|复活之石(23024)|Drop(酒捞袍滚覆)|1000|76|74|2020-9-14 0:10:11|
ITEM: 力哎樊|gkrrua55|复活之石(23024)|Drop(酒捞袍滚覆)|1000|74|76|2020-9-14 0:10:15|
ITEM: 力哎樊|gkrrua55|复活之石(23024)|Drop(酒捞袍滚覆)|1000|74|76|2020-9-14 0:10:16|1600064987i11100
ITEM: 力哎樊|gkrrua55|复活之石(23024)|Drop(酒捞袍滚覆)|1000|74|76|2020-9-14 0:10:16|
ITEM: 力哎樊|gkrrua55|复活之石(23024)|Drop(酒捞袍滚覆)|1000|74|76|2020-9-14 0:10:17|
ITEM: 力哎樊|gkrrua55|复活之石(23024)|Drop(酒捞袍滚覆)|1000|75|77|2020-9-14 0:10:19|
ITEM: 力哎樊|gkrrua55|复活之石(23024)|Drop(酒捞袍滚覆)|1000|74|79|2020-9-14 0:10:20|
ITEM: 力哎樊|gkrrua55|复活之石(23024)|Drop(酒捞袍滚覆)|1000|72|80|2020-9-14 0:10:21|
ITEM: 力哎樊|gkrrua55|复活之石(23024)|Drop(酒捞袍滚覆)|1000|71|78|2020-9-14 0:10:23|
ITEM: 力哎樊|gkrrua55|复活之石(23024)|Drop(酒捞袍滚覆)|1000|71|78|2020-9-14 0:10:23|1600061568i31100
ITEM: 力哎樊|gkrrua55|复活之石(2ITEM: NULL|NULL|暴龙的尖牙(21685)|TiemDelete|1002|14|15|2020-9-14 7:49:43|
ITEM: NULL|NULL|暴龙的尖牙(21685)|TiemDelete|1002|16|16|2020-9-14 7:49:43|
ITEM: 包快|jmycxc|某腐磐 菩靛(25010)|GM制作道具|1000|83|81|2020-9-14 7:50:54|1600095054i01100
ITEM: 包快|jmycxc|某腐磐 菩靛(25010)|使用道具|1000|83|81|2020-9-14 7:50:59|1600095054i01100
ITEM: 包快|jmycxc|拿矾函版(25001)|GM制作道具|1000|83|83|2020-9-14 7:51:9|1600095069i11100
ITEM: 包快|jmycxc|拿矾函版(25001)|使用道具|1000|83|83|2020-9-14 7:51:14|1600095069i11100
ITEM: 包快|jmycxc|拿矾函版(25002)|GM制作道具|1000|83|83|2020-9-14 7:51:23|1600095083i21100
ITEM: 包快|jmycxc|拿矾函版(25002)|使用道具|1000|83|83|2020-9-14 7:51:26|1600095083i21100
ITEM: 包快|jmycxc|某腐磐 菩靛(25011)|GM制作道具|1000|83|83|2020-9-14 7:51:32|1600095092i31100
ITEM: 包快|jmycxc|某腐磐 菩靛(25011)|使用道具|1000|83|83|2020-9-14 7:51:34|1600095092i31100
ITEM: 包快|jmycxc|某腐磐 菩靛(25010)|GM制作道具|1000|85|82|2020-9-14 7:52:10|1600095130i41100
ITEM: 包快|jmycxc|某腐磐 菩靛(25011)|GM制作道具|1000|85|82|2020-9-14 7:52:15|1600095135i51100
ITEM: 包快|jmycxc|某腐磐 菩靛(25012)|GM制作道具|1000|85|82|2020-9-14 7:52:19|1600095139i61100
ITEM: 包快|jmycxc|某腐磐 菩靛(25012)|GM制作道具|1000|85|82|2020-9-14 7:52:22|1600095142i71100
ITEM: 包快|jmycxc|某腐磐 菩靛(25012)|Drop(酒捞袍滚覆)|1000|85|82|2020-9-14 7:52:30|1600095142i71100
ITEM: 包快|jmycxc|某腐磐 菩靛(25013)|GM制作道具|1000|83|82|2020-9-14 7:52:42|1600095162i81100
ITEM: 包快|jmycxc|某腐磐 菩靛(25014)|GM制作道具|1000|83|82|2020-9-14 7:52:45|1600095165i91100
ITEM: 包快|jmycxc|某腐磐 菩靛(25015)|GM制作道具|1000|83|82|2020-9-14 7:52:48|1600095168i101100
ITEM: 包快|jmycxc|某腐磐 菩靛(25016)|GM制作道具|1000|83|82|2020-9-14 7:52:51|1600095171i111100
ITEM: 包快|jmycxc|某腐磐 菩靛(25017)|GM制作道具|1000|83|82|2020-9-14 7:52:53|1600095173i121100
ITEM: 包快|jmycxc|某腐磐 菩靛(25018)|GM制作道具|1000|83|82|2020-9-14 7:52:56|1600095176i131100
ITEM: 包快|jmycxc|某腐磐 菩靛(25019)|GM制作道具|1000|83|82|2020-9-14 7:52:58|1600095178i141100
ITEM: 包快|jmycxc|某腐磐 菩靛(25020)|GM制作道具|1000|83|82|2020-9-14 7:53:1|1600095181i151100
ITEM: 包快|jmycxc|某腐磐 菩靛(25021)|GM制作道具|1000|83|82|2020-9-14 7:53:4|1600095184i161100
ITEM: 包快|jmycxc|饭歹 傅(1300)|Drop(酒捞袍滚覆)|1000|83|82|2020-9-14 7:53:7|1600004343i21100
ITEM: 包快|jmycxc|胶隔 胶肺雷 竣胶(600)|Drop(酒捞袍滚覆)|1000|83|82|2020-9-14 7:53:8|1600004338i11100
ITEM: 包快|jmycxc|弊饭捞飘 竣胶(70)|Drop(酒捞袍滚覆)|1000|83|82|2020-9-14 7:53:9|1600004331i01100
ITEM: 包快|jmycxc|拿矾函版(25000)|GM制作道具|1000|81|84|2020-9-14 7:53:38|1600095218i171100
ITEM: 包快|jmycxc|拿矾函版(25001)|GM制作道具|1000|81|84|2020-9-14 7:53:41|1600095221i181100
ITEM: 包快|jmycxc|拿矾函版(25002)|GM制作道具|1000|81|84|2020-9-14 7:53:44|1600095224i191100
ITEM: 蜡厚|1111|某腐磐 菩靛(25012)|PickUp(酒捞袍凛促)|1000|84|82|2020-9-14 7:54:8|1600095142i71100
ITEM: 蜡厚|1111|某腐磐 菩靛(25012)|使用道具|1000|81|85|2020-9-14 7:54:12|1600095142i71100
ITEM: 包快|jmycxc|某腐磐 菩靛(25013)|使用道具|1000|81|84|2020-9-14 7:54:52|1600095162i81100
ITEM: 包快|jmycxc|拿矾函版(25000)|使用道具|1000|81|84|2020-9-14 7:55:20|1600095218i171100
ITEM: 包快|jmycxc|拿矾函版(25001)|使用道具|1000|81|84|2020-9-14 7:55:23|1600095221i181100
ITEM: 蜡厚|1111|胶隔 何皋尔(500)|Drop(酒捞袍滚覆)|1000|75|83|2020-9-14 7:55:35|1599671198i71100
ITEM: 蜡厚|1111|胶隔 何皋尔(500)|PickUp(酒捞袍凛促)|1000|75|83|2020-9-14 7:55:35|1599671198i71100
ITEM: 蜡厚|1111|弊饭捞飘 竣胶(70)|PickUp(酒捞袍凛促)|1000|82|82|2020-9-14 7:55:39|1600004331i01100
ITEM: 蜡厚|1111|弊饭捞飘 竣胶(70)|Drop(酒捞袍滚覆)|1000|82|85|2020-9-14 7:55:45|1600004331i01100
ITEM: 包快|jmycxc|拿矾函版(25002)|使用道具|1000|81|84|2020-9-14 7:56:20|1600095224i191100
ITEM: 包快|jmycxc|某腐磐 菩靛(25019)|使用道具|1000|81|84|2020-9-14 7:56:22|1600095178i141100
ITEM: 包快|jmycxc|某腐磐 菩靛(25019)|使用道具|1000|81|84|2020-9-14 7:56:25|1600095178i141100
ITEM: 包快|jmycxc|某腐磐 菩靛(25018)|使用道具|1000|81|84|2020-9-14 7:56:27|1600095176i131100
ITEM: 包快|jmycxc|某腐磐 菩靛(25015)|使用道具|1000|81|84|2020-9-14 7:56:30|1600095168i101100
ITEM: 包快|jmycxc|某腐磐 菩靛(25020)|使用道具|1000|81|84|2020-9-14 7:57:11|1600095181i151100
ITEM: 包快|jmycxc|具公具公 档尝(2448)|GM制作道具|1000|81|84|2020-9-14 7:58:42|1600095522i201100
ITEM: 蜡厚|1111|具公具公 档尝(2448)|Drop(酒捞袍滚覆)|1000|82|87|2020-9-14 7:59:31|1600095522i201100
ITEM: NULL|NULL|胶隔 胶肺雷 竣胶(600)|TiemDelete|1000|82|82|2020-9-14 8:1:52|1600004338i11100
ITEM: NULL|NULL|饭歹 傅(1300)|TiemDelete|1000|82|83|2020-9-14 8:1:52|1600004343i21100
ITEM: 包快|jmycxc|靛贰帮 癌渴(2340)|GM制作道具|1000|80|85|2020-9-14 8:1:55|1600095715i211100
ITEM: NULL|NULL|弊饭捞飘 竣胶(70)|TiemDelete|1000|81|86|2020-9-14 8:9:22|1600004331i01100
ITEM: NULL|NULL|具公具公 档尝(2448)|TiemDelete|1000|82|86|2020-9-14 8:9:22|1600095522i201100
ITEM: 包快|jmycxc|匙农狼 癌渴(2152)|GM制作道具|1000|80|85|2020-9-14 8:14:20|1600096460i221100
ITEM: 包快|jmycxc|靛贰帮 癌渴(2340)|Drop(酒捞袍滚覆)|1000|80|85|2020-9-14 8:14:38|1600095715i211100
ITEM: 包快|jmycxc|匙农狼 癌渴(2152)|Drop(酒捞袍滚覆)|1000|77|84|2020-9-14 8:14:40|1600096460i221100
ITEM: 蜡厚|1111|靛贰帮 癌渴(2340)|PickUp(酒捞袍凛促)|1000|80|86|2020-9-14 8:15:5|1600095715i211100
ITEM: 包快|jmycxc|钦己癌渴 20(1675)|GM制作道具|1000|77|86|2020-9-14 8:15:6|1600096506i231100
ITEM: 蜡厚|1111|匙农狼 癌渴(2152)|PickUp(酒捞袍凛促)|1000|77|84|2020-9-14 8:15:7|1600096460i221100
ITEM: 蜡厚|1111|靛贰帮 癌渴(2340)|Drop(酒捞袍滚覆)|1000|77|84|2020-9-14 8:15:15|1600095715i211100
ITEM: 蜡厚|1111|匙农狼 癌渴(2152)|Drop(酒捞袍滚覆)|1000|77|84|2020-9-14 8:15:16|1600096460i221100
ITEM: 包快|jmycxc|坷福帮 啪铰鼻茄(25108)|GM制作道具|1000|77|86|2020-9-14 8:19:34|1600096774i241100
ITEM: 包快|jmycxc|坷福帮 啪铰鼻茄(25108)|使用道具|1000|77|86|2020-9-14 8:19:37|1600096774i241100
ITEM: 力哎樊|gkrrua55|坷福帮 啪铰鼻茄(25108)|GM制作道具|1006|15|23|2020-9-14 8:21:17|1600096877i251100
ITEM: 力哎樊|gkrrua55|坷福帮 啪铰鼻茄(25108)|使用道具|1006|15|23|2020-9-14 8:21:21|1600096877i251100
ITEM: 力哎樊|gkrrua55|某腐磐 菩靛(25010)|GM制作道具|1006|15|23|2020-9-14 8:22:48|1600096968i261100
ITEM: 力哎樊|gkrrua55|某腐磐 菩靛(25010)|使用道具|1006|15|23|2020-9-14 8:22:49|1600096968i261100
ITEM: 包快|jmycxc|坷福帮 啪铰鼻茄(25108)|GM制作道具|1000|73|81|2020-9-14 8:23:13|1600096993i271100
ITEM: 包快|jmycxc|坷福帮 啪铰鼻茄(25108)|Drop(酒捞袍滚覆)|1000|73|81|2020-9-14 8:23:14|1600096993i271100
ITEM: 力哎樊|gkrrua55|某腐磐 菩靛(25021)|GM制作道具|1006|15|23|2020-9-14 8:23:15|1600096995i281100
ITEM: 力哎樊|gkrrua55|某腐磐 菩靛(25021)|GM制作道具|1006|15|23|2020-9-14 8:23:15|1600096995i291100
ITEM: 力哎樊|gkrrua55|某腐磐 菩靛(25021)|GM制作道具|1006|15|23|2020-9-14 8:23:15|1600096995i301100
ITEM: 力哎樊|gkrrua55|某腐磐 菩靛(25021)|GM制作道具|1006|15|23|2020-9-14 8:23:15|1600096995i311100
ITEM: 力哎樊|gkrrua55|某腐磐 菩靛(25021)|GM制作道具|1006|15|23|2020-9-14 8:23:15|1600096995i321100
ITEM: 蜡厚|1111|坷福帮 啪铰鼻茄(25108)|PickUp(酒捞袍凛促)|1000|73|82|2020-9-14 8:23:16|1600096993i271100
ITEM: 蜡厚|1111|坷福帮 啪铰鼻茄(25108)|使用道具|1000|73|82|2020-9-14 8:23:16|1600096993i271100
ITEM: 力哎樊|gkrrua55|某腐磐 菩靛(25021)|使用道具|1006|15|23|2020-9-14 8:23:17|1600096995i281100
ITEM: 力哎樊|gkrrua55|某腐磐 菩靛(25021)|使用道具|1006|15|23|2020-9-14 8:23:18|1600096995i281100
ITEM: 力哎樊|gkrrua55|某腐磐 菩靛(25021)|使用道具|1006|15|23|2020-9-14 8:23:19|1600096995i281100
ITEM: 力哎樊|gkrrua55|某腐磐 菩靛(25021)|使用道具|1006|15|23|2020-9-14 8:23:20|1600096995i281100
ITEM: 力哎樊|gkrrua55|某腐磐 菩靛(25021)|使用道具|1006|15|23|2020-9-14 8:23:20|1600096995i281100
ITEM: 蜡厚|1111|周年庆之棒(1979)|Drop(酒捞袍滚覆)|1000|74|82|2020-9-14 8:23:25|1599933523i01100
ITEM: 蜡厚|1111|周年庆之棒(1979)|PickUp(酒捞袍凛促)|1000|74|82|2020-9-14 8:23:26|1599933523i01100
ITEM: 力哎樊|gkrrua55|某腐磐 菩靛(25021)|使用道具|1006|15|23|2020-9-14 8:23:30|1600096995i321100
ITEM: 力哎樊|gkrrua55|某腐磐 菩靛(25021)|使用道具|1006|15|23|2020-9-14 8:23:31|1600096995i281100
ITEM: 蜡厚|1111|周年庆之棒(1979)|Drop(酒捞袍滚覆)|1000|74|82|2020-9-14 8:23:36|1599933523i01100
ITEM: NULL|NULL|靛贰帮 癌渴(2340)|TiemDelete|1000|76|84|2020-9-14 8:23:36|1600095715i211100
ITEM: NULL|NULL|匙农狼 癌渴(2152)|TiemDelete|1000|76|83|2020-9-14 8:23:38|1600096460i221100
ITEM: 蜡厚|1111|周年庆之棒(1979)|PickUp(酒捞袍凛促)|1000|74|82|2020-9-14 8:23:38|1599933523i01100
ITEM: 力哎樊|gkrrua55|某腐磐 菩靛(25012)|GM制作道具|1006|14|23|2020-9-14 8:23:44|1600097024i331100
ITEM: 力哎樊|gkrrua55|某腐磐 菩靛(25012)|使用道具|1006|14|23|2020-9-14 8:23:45|1600097024i331100
ITEM: 力哎樊|gkrrua55|某腐磐 菩靛(25021)|使用道具|1006|16|24|2020-9-14 8:24:9|1600096995i321100
ITEM: 包快|jmycxc|某腐磐 菩靛(25012)|使用道具|1000|73|81|2020-9-14 8:25:7|1600095139i61100
ITEM: 包快|jmycxc|某腐磐 菩靛(25012)|使用道具|1000|73|81|2020-9-14 8:25:12|1600095139i61100
ITEM: 包快|jmycxc|某腐磐 菩靛(25020)|Drop(酒捞袍滚覆)|1000|73|81|2020-9-14 8:25:54|1600095181i151100
ITEM: 包快|jmycxc|某腐磐 菩靛(25021)|Drop(酒捞袍滚覆)|1000|73|81|2020-9-14 8:25:55|1600095184i161100
ITEM: 包快|jmycxc|某腐磐 菩靛(25016)|Drop(酒捞袍滚覆)|1000|73|81|2020-9-14 8:25:55|1600095171i111100
ITEM: 包快|jmycxc|某腐磐 菩靛(25010)|Drop(酒捞袍滚覆)|1000|73|81|2020-9-14 8:25:56|1600095130i41100
ITEM: 包快|jmycxc|某腐磐 菩靛(25011)|Drop(酒捞袍滚覆)|1000|73|81|2020-9-14 8:25:57|1600095135i51100
ITEM: 包快|jmycxc|某腐磐 菩靛(25017)|Drop(酒捞袍滚覆)|1000|73|81|2020-9-14 8:25:58|1600095173i121100
ITEM: 包快|jmycxc|某腐磐 菩靛(25018)|Drop(酒捞袍滚覆)|1000|73|81|2020-9-14 8:25:58|1600095176i131100
ITEM: 包快|jmycxc|某腐磐 菩靛(25019)|Drop(酒捞袍滚覆)|1000|73|81|2020-9-14 8:25:59|1600095178i141100
ITEM: 包快|jmycxc|某腐磐 菩靛(25014)|Drop(酒捞袍滚覆)|1000|73|82|2020-9-14 8:26:4|1600095165i91100
ITEM: 蜡厚|1111|某腐磐 菩靛(25020)|PickUp(酒捞袍凛促)|1000|74|83|2020-9-14 8:26:18|1600095181i151100
ITEM: 蜡厚|1111|某腐磐 菩靛(25014)|PickUp(酒捞袍凛促)|1000|74|84|2020-9-14 8:26:20|1600095165i91100
ITEM: 蜡厚|1111|某腐磐 菩靛(25016)|PickUp(酒捞袍凛促)|1000|73|83|2020-9-14 8:26:21|1600095171i111100
ITEM: 蜡厚|1111|某腐磐 菩靛(25021)|PickUp(酒捞袍凛促)|1000|73|83|2020-9-14 8:26:22|1600095184i161100
ITEM: 蜡厚|1111|某腐磐 菩靛(25019)|PickUp(酒捞袍凛促)|1000|73|82|2020-9-14 8:26:23|1600095178i141100
ITEM: 蜡厚|1111|某腐磐 菩靛(25018)|PickUp(酒捞袍凛促)|1000|73|81|2020-9-14 8:26:23|1600095176i131100
ITEM: 蜡厚|1111|某腐磐 菩靛(25017)|PickUp(酒捞袍凛促)|1000|73|81|2020-9-14 8:26:24|1600095173i121100
ITEM: 蜡厚|1111|某腐磐 菩靛(25011)|PickUp(酒捞袍凛促)|1000|73|81|2020-9-14 8:26:24|1600095135i51100
ITEM: 蜡厚|1111|某腐磐 菩靛(25010)|PickUp(酒捞袍凛促)|1000|73|81|2020-9-14 8:26:25|1600095130i41100
ITEM: 蜡厚|1111|某腐磐 菩靛(25020)|使用道具|1000|73|83|2020-9-14 8:26:31|1600095181i151100
ITEM: 蜡厚|1111|某腐磐 菩靛(25020)|使用道具|1000|73|83|2020-9-14 8:26:33|1600095181i151100
ITEM: 蜡厚|1111|某腐磐 菩靛(25020)|使用道具|1000|73|83|2020-9-14 8:26:40|1600095181i151100
ITEM: 蜡厚|1111|某腐磐 菩靛(25010)|使用道具|1000|73|83|2020-9-14 8:26:41|1600095130i41100
ITEM: 蜡厚|1111|某腐磐 菩靛(25011)|使用道具|1000|73|83|2020-9-14 8:26:42|1600095135i51100
ITEM: 蜡厚|1111|某腐磐 菩靛(25017)|使用道具|1000|73|83|2020-9-14 8:26:49|1600095173i121100
ITEM: 蜡厚|1111|某腐磐 菩靛(25018)|使用道具|1000|73|83|2020-9-14 8:26:51|1600095176i131100
ITEM: 蜡厚|1111|某腐磐 菩靛(25019)|使用道具|1000|73|83|2020-9-14 8:26:52|1600095178i141100
ITEM: 蜡厚|1111|某腐磐 菩靛(25021)|使用道具|1000|73|83|2020-9-14 8:26:52|1600095184i161100
ITEM: 蜡厚|1111|某腐磐 菩靛(25016)|使用道具|1000|73|83|2020-9-14 8:26:53|1600095171i111100
ITEM: 蜡厚|1111|某腐磐 菩靛(25020)|使用道具|1000|73|83|2020-9-14 8:26:54|1600095181i151100
ITEM: 蜡厚|1111|某腐磐 菩靛(25014)|使用道具|1000|73|83|2020-9-14 8:26:55|1600095165i91100
ITEM: 蜡厚|1111|某腐磐 菩靛(25020)|使用道具|1000|73|83|2020-9-14 8:27:1|1600095181i151100
ITEM: 蜡厚|1111|某腐磐 菩靛(25018)|使用道具|1000|73|83|2020-9-14 8:27:1|1600095176i131100
ITEM: 蜡厚|1111|某腐磐 菩靛(25017)|使用道具|1000|73|83|2020-9-14 8:27:2|1600095173i121100
ITEM: 蜡厚|1111|某腐磐 菩靛(25017)|Drop(酒捞袍滚覆)|1000|73|83|2020-9-14 8:27:3|1600095173i121100
ITEM: 蜡厚|1111|某腐磐 菩靛(25018)|Drop(酒捞袍滚覆)|1000|73|83|2020-9-14 8:27:3|1600095176i131100
ITEM: 蜡厚|1111|某腐磐 菩靛(25021)|Drop(酒捞袍滚覆)|1000|73|83|2020-9-14 8:27:4|1600ITEM: NULL|NULL|暴龙的尖牙(21685)|TiemDelete|1002|14|15|2020-9-14 22:8:52|
ITEM: NULL|NULL|暴龙的尖牙(21685)|TiemDelete|1002|16|16|2020-9-14 22:8:52|
