GM: zzz	test1	warp 40000 80 19	(2000,98,82)	 (2022-1-11 2:20:11) 
GM: zzz	test1	warp 40000	(2000,103,83)	 (2022-1-11 2:20:17) 
GM: server down(2022-1-11 2:21:3) 
GM: zzz	test1	additem 25151	(2000,94,83)	 (2022-1-11 5:35:17) 
GM: zzz	test1	additem 70025	(2000,94,83)	 (2022-1-11 5:36:39) 
GM: zzz	test1	additem 70011 1	(2000,94,83)	 (2022-1-11 5:37:18) 
GM: zzz	test1	additem 40180	(2000,100,81)	 (2022-1-11 5:39:35) 
GM: zzz	test1	additem 40181	(2000,100,81)	 (2022-1-11 5:40:3) 
GM: zzz	test1	additem 40203	(2000,100,81)	 (2022-1-11 5:40:29) 
GM: zzz	test1	additem 21505	(2000,100,81)	 (2022-1-11 5:40:59) 
GM: server down(2022-1-11 5:50:12) 
GM: zzz	test1	additem 40180	(100,120,662)	 (2022-1-11 7:40:17) 
GM: zzz	test1	additem 40050	(100,120,662)	 (2022-1-11 7:40:49) 
GM: zzz	test1	additem 45007	(100,636,492)	 (2022-1-11 7:42:42) 
GM: zzz	test1	metamo 100710	(100,636,492)	 (2022-1-11 7:43:27) 
GM: zzz	test1	additem 45016	(100,636,492)	 (2022-1-11 7:44:0) 
GM: zzz	test1	additem 45015	(100,637,492)	 (2022-1-11 7:44:28) 
GM: zzz	test1	additem 45010	(100,636,492)	 (2022-1-11 7:44:50) 
GM: zzz	test1	additem 20962	(100,636,492)	 (2022-1-11 7:45:9) 
GM: zzz	test1	warp 10000 10 10	(100,636,492)	 (2022-1-11 8:6:58) 
GM: zzz	test1	superman	(10000,10,10)	 (2022-1-11 8:8:57) 
GM: server down(2022-1-11 8:15:40) 
