ITEM: server down(2022-1-11 2:21:3) 
ITEM: zzz|test1|炔陛磊风(25151)|GM制作道具|2000|94|83|2022-1-11 5:35:17|1641908117i01100
ITEM: zzz|test1|炔陛磊风(25151)|使用道具|2000|94|83|2022-1-11 5:35:28|1641908117i01100
ITEM: zzz|test1|其飘狼 舅捞 腹捞 柄脸嚼聪促(70025)|GM制作道具|2000|94|83|2022-1-11 5:36:39|1641908199i11100
ITEM: zzz|test1|其飘狼 舅捞 腹捞 柄脸嚼聪促(70025)|使用道具|2000|94|83|2022-1-11 5:36:47|1641908199i11100
ITEM: zzz|test1|其飘狼 舅捞 腹捞 柄脸嚼聪促(70025)|使用道具|2000|94|83|2022-1-11 5:36:48|1641908199i11100
ITEM: zzz|test1|其飘狼 舅捞 腹捞 柄脸嚼聪促(70025)|使用道具|2000|94|83|2022-1-11 5:36:49|1641908199i11100
ITEM: zzz|test1|其飘狼 舅捞 腹捞 柄脸嚼聪促(70025)|使用道具|2000|94|83|2022-1-11 5:36:50|1641908199i11100
ITEM: zzz|test1|其飘狼 舅捞 腹捞 柄脸嚼聪促(70025)|使用道具|2000|94|83|2022-1-11 5:36:51|1641908199i11100
ITEM: zzz|test1|其飘狼 舅捞 腹捞 柄脸嚼聪促(70025)|使用道具|2000|94|83|2022-1-11 5:36:54|1641908199i11100
ITEM: zzz|test1|其飘狼 舅捞 腹捞 柄脸嚼聪促(70025)|使用道具|2000|94|83|2022-1-11 5:36:55|1641908199i11100
ITEM: zzz|test1|其飘狼 舅捞 腹捞 柄脸嚼聪促(70025)|使用道具|2000|97|82|2022-1-11 5:37:44|1641908199i11100
ITEM: zzz|test1|其飘狼 舅捞 腹捞 柄脸嚼聪促(70025)|Drop(酒捞袍滚覆)|2000|97|82|2022-1-11 5:37:44|1641908199i11100
ITEM: server down(2022-1-11 5:50:12) 
ITEM: zzz|test1|归拳鄂龋府捍(40180)|GM制作道具|100|120|662|2022-1-11 7:40:17|1641915617i11100
ITEM: zzz|test1|归拳鄂龋府捍(40180)|使用道具|100|120|662|2022-1-11 7:40:25|1641915617i11100
ITEM: zzz|test1|妇葛胶捻迄(40050)|GM制作道具|100|120|662|2022-1-11 7:40:49|1641915649i21100
ITEM: zzz|test1|妇葛胶捻迄(40050)|使用道具|100|120|662|2022-1-11 7:41:4|1641915649i21100
ITEM: zzz|test1|捞棋飘(45007)|GM制作道具|100|636|492|2022-1-11 7:42:42|1641915762i41100
ITEM: zzz|test1|妇捻烹炼覆(46028)|使用道具|100|635|493|2022-1-11 7:43:6|1641915671i31100
ITEM: zzz|test1|厩技荤府 荐 捞棋飘1(45016)|GM制作道具|100|636|492|2022-1-11 7:44:0|1641915840i61100
ITEM: zzz|test1|厩技荤府 康旷 捞棋飘2(45015)|GM制作道具|100|637|492|2022-1-11 7:44:28|1641915868i71100
ITEM: zzz|test1|厩技荤府 浅 捞棋飘1(45010)|GM制作道具|100|636|492|2022-1-11 7:44:50|1641915890i81100
ITEM: zzz|test1|崔狼 馆瘤 [颌](20962)|GM制作道具|100|636|492|2022-1-11 7:45:9|1641915909i91100
ITEM: zzz|test1|兵合捞龋府捍(40152)|[硅撇]酒捞袍 裙垫|10000|10|10|2022-1-11 8:10:38|1641917340i111100
ITEM: server down(2022-1-11 8:15:40) 
