GM: server down(2020-9-2 2:59:9) 
GM: 11111	jmycxc	delpet	(2000,59,60)	 (2020-9-2 3:2:7) 
GM: 11111	jmycxc	petmake 1	(2000,59,60)	 (2020-9-2 3:2:10) 
GM: 11111	jmycxc	petmake 2	(2000,59,60)	 (2020-9-2 3:2:12) 
GM: 11111	jmycxc	petmake 3	(2000,59,60)	 (2020-9-2 3:2:14) 
GM: 11111	jmycxc	petmake 4	(2000,59,60)	 (2020-9-2 3:2:16) 
GM: 11111	jmycxc	petmake 5	(2000,59,60)	 (2020-9-2 3:2:18) 
GM: 11111	jmycxc	delpet	(2000,59,60)	 (2020-9-2 3:2:58) 
GM: 11111	jmycxc	petmake 1	(2000,59,60)	 (2020-9-2 3:3:3) 
GM: 11111	jmycxc	petmake 2	(2000,59,60)	 (2020-9-2 3:3:5) 
GM: 11111	jmycxc	petmake 3	(2000,59,60)	 (2020-9-2 3:3:7) 
GM: 11111	jmycxc	petmake 4	(2000,59,60)	 (2020-9-2 3:3:11) 
GM: 11111	jmycxc	enemyrestart	(2000,59,60)	 (2020-9-2 3:12:49) 
GM: 11111	jmycxc	enemyrestart	(2000,59,60)	 (2020-9-2 3:14:18) 
GM: 11111	jmycxc	enemyrestart	(2000,59,60)	 (2020-9-2 3:14:42) 
GM: 11111	jmycxc	enemyrestart	(2000,59,60)	 (2020-9-2 3:15:51) 
GM: 11111	jmycxc	enemyrestart	(2000,59,60)	 (2020-9-2 3:16:13) 
GM: 11111	jmycxc	petmake 2	(2000,59,60)	 (2020-9-2 3:16:25) 
GM: 11111	jmycxc	delpet	(2000,59,60)	 (2020-9-2 3:16:27) 
GM: 11111	jmycxc	petmake 1	(2000,59,60)	 (2020-9-2 3:16:30) 
GM: 11111	jmycxc	delpet	(2000,59,60)	 (2020-9-2 3:16:37) 
GM: 11111	jmycxc	enemyrestart	(2000,59,60)	 (2020-9-2 3:17:1) 
GM: 11111	jmycxc	petmake 1	(2000,59,60)	 (2020-9-2 3:17:5) 
GM: 11111	jmycxc	delpet	(2000,59,60)	 (2020-9-2 3:17:8) 
GM: 11111	jmycxc	enemyrestart	(2000,59,60)	 (2020-9-2 3:17:22) 
GM: 11111	jmycxc	petmake 1	(2000,59,60)	 (2020-9-2 3:17:25) 
GM: 11111	jmycxc	delpet	(2000,59,60)	 (2020-9-2 3:17:48) 
GM: 11111	jmycxc	enemyrestart	(2000,59,60)	 (2020-9-2 3:17:50) 
GM: 11111	jmycxc	petmake 1	(2000,59,60)	 (2020-9-2 3:17:53) 
GM: 11111	jmycxc	delpet	(2000,59,60)	 (2020-9-2 3:18:0) 
GM: 11111	jmycxc	enemyrestart	(2000,59,60)	 (2020-9-2 3:18:10) 
GM: 11111	jmycxc	petmake 1	(2000,59,60)	 (2020-9-2 3:18:14) 
GM: 11111	jmycxc	enemyrestart	(2000,59,60)	 (2020-9-2 3:21:21) 
GM: 11111	jmycxc	petmake 2	(2000,59,60)	 (2020-9-2 3:21:29) 
GM: 11111	jmycxc	enemyrestart	(2000,59,60)	 (2020-9-2 3:21:51) 
GM: 11111	jmycxc	delpet	(2000,59,60)	 (2020-9-2 3:21:55) 
GM: 11111	jmycxc	petmake 1	(2000,59,60)	 (2020-9-2 3:21:59) 
GM: 11111	jmycxc	petmake 2	(2000,59,60)	 (2020-9-2 3:22:13) 
GM: 11111	jmycxc	petmake 5059	(2000,59,60)	 (2020-9-2 3:31:41) 
GM: 11111	jmycxc	enemyrestart	(2000,59,60)	 (2020-9-2 3:32:33) 
GM: 11111	jmycxc	petmake 5059	(2000,59,60)	 (2020-9-2 3:32:38) 
GM: 11111	jmycxc	delpet	(2000,59,60)	 (2020-9-2 4:48:12) 
GM: 11111	jmycxc	enemyrestart	(2000,59,60)	 (2020-9-2 4:48:13) 
GM: 11111	jmycxc	petmake 6000	(2000,59,60)	 (2020-9-2 4:48:17) 
GM: aa	jmycxc	level 140	(100,591,534)	 (2020-9-2 5:10:40) 
GM: aa	jmycxc	petlevelup 4 140	(100,529,591)	 (2020-9-2 5:11:5) 
GM: aa	jmycxc	superman	(100,529,591)	 (2020-9-2 5:11:29) 
GM: aa	jmycxc	level 140 1111	(100,529,595)	 (2020-9-2 5:12:5) 
GM: aa	jmycxc	level 140 1111	(100,537,610)	 (2020-9-2 5:12:28) 
GM: 유비	1111	superman	(1000,78,84)	 (2020-9-2 5:22:15) 
GM: 유비	1111	superman	(1000,77,81)	 (2020-9-2 5:23:11) 
GM: 유비	1111	superman	(1000,78,84)	 (2020-9-2 5:23:35) 
GM: 유비	1111	superman	(1005,17,15)	 (2020-9-2 5:24:54) 
GM: 장비	yesdw00	superman	(1005,17,16)	 (2020-9-2 5:24:59) 
GM: 유비	1111	superman	(1005,17,15)	 (2020-9-2 5:25:2) 
GM: 유비	1111	superman	(1005,17,15)	 (2020-9-2 5:25:6) 
GM: 장비	yesdw00	superman	(1005,17,16)	 (2020-9-2 5:25:29) 
GM: 유비	1111	superman	(1005,17,15)	 (2020-9-2 5:25:44) 
GM: 유비	1111	superman	(1005,17,15)	 (2020-9-2 5:25:57) 
GM: 유비	1111	metamo 100710	(1005,16,15)	 (2020-9-2 5:27:51) 
GM: 유비	1111	metamo 100713	(1005,16,15)	 (2020-9-2 5:28:11) 
GM: 유비	1111	superman	(1005,16,16)	 (2020-9-2 5:28:54) 
GM: 유비	1111	superman	(1005,16,16)	 (2020-9-2 5:29:9) 
GM: 유비	1111	str 숫자*100	(1005,16,16)	 (2020-9-2 5:29:43) 
GM: 장비	yesdw00	settrans 5	(1005,17,16)	 (2020-9-2 5:30:58) 
GM: 장비	yesdw00	petlevelup 2 140	(1005,17,16)	 (2020-9-2 5:31:29) 
GM: 장비	yesdw00	petlevelup 3 150	(1005,17,16)	 (2020-9-2 5:31:42) 
GM: 장비	yesdw00	metamo 100735	(1005,17,16)	 (2020-9-2 5:33:50) 
GM: 장비	yesdw00	metamo 738GM: 유비	1111	dropmypet 1	(1000,82,86)	 (2020-9-2 15:50:8) 
GM: 유비	1111	petmake 1	(1000,81,85)	 (2020-9-2 15:51:0) 
GM: 유비	1111	petmake 2	(1000,81,85)	 (2020-9-2 15:52:1) 
GM: 유비	1111	petmake 100250	(1000,81,85)	 (2020-9-2 15:53:10) 
GM: 유비	1111	petmake 1	(1000,69,83)	 (2020-9-2 16:1:7) 
GM: 유비	1111	petmake 3	(1000,69,83)	 (2020-9-2 16:2:51) 
GM: 유비	1111	petmake 10	(1000,69,83)	 (2020-9-2 16:3:3) 
GM: 유비	1111	petmake 15	(1000,69,83)	 (2020-9-2 16:3:12) 
GM: 유비	1111	petmake 1	(1000,76,87)	 (2020-9-2 16:9:20) 
GM: 유비	1111	petmake 2	(1000,74,86)	 (2020-9-2 16:11:42) 
GM: 유비	1111	petmake 3	(1000,74,86)	 (2020-9-2 16:11:56) 
GM: 유비	1111	petmake 4	(1000,74,86)	 (2020-9-2 16:12:10) 
GM: 유비	1111	petmake 5	(1000,74,86)	 (2020-9-2 16:12:55) 
GM: 유비	1111	petmake 5	(1000,74,86)	 (2020-9-2 16:13:9) 
GM: 유비	1111	petmake 6	(1000,74,86)	 (2020-9-2 16:13:19) 
GM: 유비	1111	petmake 7	(1000,74,86)	 (2020-9-2 16:13:26) 
GM: 유비	1111	petmake 8	(1000,74,86)	 (2020-9-2 16:13:34) 
GM: 유비	1111	petmake 9	(1000,74,86)	 (2020-9-2 16:13:39) 
GM: 유비	1111	petmake 10	(1000,74,86)	 (2020-9-2 16:14:43) 
GM: 유비	1111	petmake 10	(1000,74,86)	 (2020-9-2 16:14:53) 
GM: 유비	1111	petmake 20	(1000,79,81)	 (2020-9-2 16:19:57) 
GM: 유비	1111	petmake 21	(1000,79,81)	 (2020-9-2 16:20:1) 
GM: 유비	1111	petmake 22	(1000,79,81)	 (2020-9-2 16:20:21) 
GM: 유비	1111	petmake 23	(1000,79,81)	 (2020-9-2 16:20:26) 
GM: 유비	1111	petmake 21	(1000,79,81)	 (2020-9-2 16:20:31) 
GM: 유비	1111	petmake 25	(1000,79,81)	 (2020-9-2 16:20:36) 
GM: 유비	1111	petmake 26	(1000,79,81)	 (2020-9-2 16:20:44) 
GM: 유비	1111	petmake 27	(1000,79,81)	 (2020-9-2 16:20:51) 
GM: 유비	1111	petmake 28	(1000,79,81)	 (2020-9-2 16:20:57) 
GM: 유비	1111	petmake 29	(1000,79,81)	 (2020-9-2 16:21:5) 
GM: 유비	1111	petmake 30	(1000,79,81)	 (2020-9-2 16:21:13) 
GM: 유비	1111	petmake 31	(1000,79,81)	 (2020-9-2 16:21:26) 
GM: 유비	1111	petmake 32	(1000,79,81)	 (2020-9-2 16:21:32) 
GM: 유비	1111	petmake 355	(1000,92,85)	 (2020-9-2 16:23:7) 
GM: 유비	1111	petmake 370	(1000,92,85)	 (2020-9-2 16:23:16) 
GM: 유비	1111	petmake 355	(1000,92,85)	 (2020-9-2 16:23:23) 
GM: 유비	1111	petmake 350	(1000,92,85)	 (2020-9-2 16:23:29) 
GM: 유비	1111	petmake 351	(1000,92,85)	 (2020-9-2 16:23:36) 
GM: 유비	1111	petmake 352	(1000,92,85)	 (2020-9-2 16:23:46) 
GM: 유비	1111	petmake 352	(1000,90,82)	 (2020-9-2 16:24:38) 
GM: 유비	1111	petmake 352	(1000,90,82)	 (2020-9-2 16:24:47) 
GM: 유비	1111	petmake 352	(1000,90,82)	 (2020-9-2 16:24:52) 
GM: 장비	yesdw00	petmake 91	(200,624,689)	 (2020-9-2 16:36:48) 
GM: 장비	yesdw00	petmake 101	(200,624,689)	 (2020-9-2 16:36:59) 
GM: 장비	yesdw00	petmake 1	(200,624,689)	 (2020-9-2 16:37:8) 
GM: 장비	yesdw00	petmake  2	(200,624,689)	 (2020-9-2 16:37:23) 
GM: 장비	yesdw00	petmake  3	(200,624,689)	 (2020-9-2 16:37:31) 
GM: 장비	yesdw00	petmake 4	(200,624,689)	 (2020-9-2 16:37:35) 
GM: 장비	yesdw00	petmake 5	(200,624,689)	 (2020-9-2 16:37:39) 
GM: 장비	yesdw00	petmake 6	(200,624,689)	 (2020-9-2 16:37:43) 
GM: 장비	yesdw00	petmake 7	(200,624,689)	 (2020-9-2 16:37:47) 
GM: 장비	yesdw00	petmake 8	(200,624,689)	 (2020-9-2 16:37:50) 
GM: 장비	yesdw00	petmake 9	(200,624,689)	 (2020-9-2 16:37:54) 
GM: 장비	yesdw00	petmake 10	(200,624,687)	 (2020-9-2 16:38:1) 
GM: 장비	yesdw00	petmake 11	(200,624,687)	 (2020-9-2 16:38:7) 
GM: 장비	yesdw00	petmake 12	(200,624,687)	 (2020-9-2 16:38:13) 
GM: 장비	yesdw00	petmake 13	(200,624,687)	 (2020-9-2 16:38:19) 
GM: 장비	yesdw00	petmake 14	(200,624,687)	 (2020-9-2 16:38:24) 
GM: 장비	yesdw00	petmake 15	(200,624,687)	 (2020-9-2 16:38:30) 
GM: 장비	yesdw00	petmake 12	(200,624,687)	 (2020-9-2 16:38:45) 
GM: 유비	1111	petmake 504	(1000,86,71)	 (2020-9-2 16:46:58) 
GM: 유비	1111	petmake 5045	(1000,87,91)	 (2020-9-2 16:47:23) 
GM: 유비	1111	petmake 5044	(1000,87,91)	 (2020-9-2 16:47:38) 
GM: 유비	1111	petmake 5043	(1000,87,91)	 (2020-9-2 16:47:48) 
GM: 유비	1111	petmake 5042	(1000,87,91)	 (2020-9-2 16:47:55) 
GM: 유비	1111	petmake 5041	(1000,87,91)	 (2020-9-2 16:48:2) 
GM: 유비	1111	petmake 5032	(1000,87,91)	 (2020-9-2 16:48:13) 
GM: 유비	1111	petmake 5020	(1000,87,91)	 (2020-9-2 16:48:26) 
GM: 유비	1111	petmake 5	(1000,87,91)	 (2020-9-2 16:54:59) 
GM: 유비	1111	petmake 6	(1000,87,91)	 (2020-9-2 16:55:2) 
GM: 유비	1111	petmake 7	(1000,87,91)	 (2020-9-2 16:55:9) 
GM: 유비	1111	petmake 8	(1000,87,91)	 (2020-9-2 16:55:12) 
GM: 유비	1111	petmake 9	(1000,87,91)	 (2020-9-2 16:55:15) 
GM: 유비	1111	petmake 10	(1000,87,91)	 (2020-9-2 16:55:40) 
GM: 유비	1111	petmake 11	(1000,87,91)	 (2020-9-2 16:55:51) 
GM: 유비	1111	petmake 11	(1000,87,91)	 (2020-9-2 16:56:0) 
GM: 유비	1111	petmake 12	(1000,87,91)	 (2020-9-2 16:56:13) 
GM: 유비	1111	petmake 13	(1000,87,91)	 (2020-9-2 16:56:30) 
GM: 유비	1111	petmake 12	(1000,87,91)	 (2020-9-2 16:56:49) 
GM: 유비	1111	petmake 13	(1000,87,91)	 (2020-9-2 16:56:55) 
GM: 유비	1111	petmake 14	(1000,87,91)	 (2020-9-2 16:57:58) 
GM: 유비	1111	petmake 15	(1000,87,91)	 (2020-9-2 16:58:12) 
GM: 유비	1111	petmake 16	(1000,87,91)	 (2020-9-2 16:58:25) 
GM: 유비	1111	petmake 17	(1000,87,91)	 (2020-9-2 16:58:42) 
GM: 유비	1111	petmake 18	(1000,87,91)	 (2020-9-2 16:59:12) 
GM: 유비	1111	petmake 19	(1000,87,91)	 (2020-9-2 16:59:16) 
GM: 유비	1111	petmake 20	(1000,87,91)	 (2020-9-2 16:59:19) 
GM: 유비	1111	petmake 21	(1000,87,91)	 (2020-9-2 16:59:21) 
GM: 유비	1111	petmake 22	(1000,85,94)	 (2020-9-2 17:0:18) 
GM: 유비	1111	petmake 22	(1000,85,94)	 (2020-9-2 17:0:21) 
GM: 유비	1111	petmake 23	(1000,85,94)	 (2020-9-2 17:0:25) 
GM: 유비	1111	petmake 24	(1000,85,94)	 (2020-9-2 17:0:27) 
GM: 유비	1111	petmake 25	(1000,85,94)	 (2020-9-2 17:0:30) 
GM: 유비	1111	petmake 26	(1000,85,94)	 (2020-9-2 17:0:56) 
GM: 유비	1111	petmake 27	(1000,85,94)	 (2020-9-2 17:1:10) 
GM: 유비	1111	petmake 28	(1000,85,94)	 (2020-9-2 17:1:28) 
GM: 유비	1111	petmake 29	(1000,85,94)	 (2020-9-2 17:1:46) 
GM: 유비	1111	petmake 29	(1000,85,94)	 (2020-9-2 17:1:59) 
GM: 유비	1111	petmake 30	(1000,85,94)	 (2020-9-2 17:2:12) 
GM: 유비	1111	petmake 31	(1000,85,94)	 (2020-9-2 17:2:22) 
GM: 유비	1111	petmake 32	(1000,85,94)	 (2020-9-2 17:2:34) 
GM: 유비	1111	petmake 33	(1000,85,94)	 (2020-9-2 17:2:58) 
GM: 유비	1111	petmake 34	(1000,85,94)	 (2020-9-2 17:3:24) 
GM: 유비	1111	petmake 35	(1000,85,94)	 (2020-9-2 17:3:40) 
GM: 유비	1111	petmake 36	(1000,85,94)	 (2020-9-2 17:3:52) 
GM: 유비	1111	petmake 37	(1000,85,94)	 (2020-9-2 17:4:5) 
GM: 유비	1111	petmake 38	(1000,85,94)	 (2020-9-2 17:4:19) 
GM: 유비	1111	petmake 39	(1000,93,87)	 (2020-9-2 17:4:40) 
GM: 유비	1111	petmake 40	(1000,93,87)	 (2020-9-2 17:4:51) 
GM: 유비	1111	petmake 40	(1000,93,87)	 (2020-9-2 17:4:57) 
GM: 유비	1111	petmake 41	(1000,93,87)	 (2020-9-2 17:5:0) 
GM: 유비	1111	petmake 42	(1000,93,87)	 (2020-9-2 17:5:2) 
GM: 유비	1111	petmake 43	(1000,93,87)	 (2020-9-2 17:5:21) 
GM: 유비	1111	petmake 44	(1000,93,87)	 (2020-9-2 17:5:36) 
GM: 유비	1111	petmake 45	(1000,93,87)	 (2020-9-2 17:5:46) 
GM: 유비	1111	petmake 46	(1000,93,87)	 (2020-9-2 17:6:11) 
GM: 유비	1111	petmake 47	(1000,93,87)	 (2020-9-2 17:6:22) 
GM: 유비	1111	petmake 47	(1000,93,82)	 (2020-9-2 17:6:34) 
GM: 유비	1111	petmake 48	(1000,93,82)	 (2020-9-2 17:6:47) 
GM: 유비	1111	petmake 49	(1000,93,82)	 (2020-9-2 17:7:26) 
GM: 유비	1111	petmake 50	(1000,93,82)	 (2020-9-2 17:7:38) 
GM: 유비	1111	petmake 51	(1000,93,82)	 (2020-9-2 17:7:58) 
GM: 유비	1111	petmake 52	(1000,93,82)	 (2020-9-2 17:8:17) 
GM: 유비	1111	petmake 53	(1000,93,82)	 (2020-9-2 17:8:44) 
GM: 유비	1111	petmake 54	(1000,93,82)	 (2020-9-2 17:9:10) 
GM: 유비	1111	petmake 55	(1000,93,82)	 (2020-9-2 17:9:24) 
GM: 유비	1111	petmake 56	(1000,93,82)	 (2020-9-2 17:9:35) 
GM: 유비	1111	petmake 57	(1000,93,82)	 (2020-9-2 17:9:45) 
GM: 유비	1111	petmake 57	(1000,93,82)	 (2020-9-2 17:9:58) 
GM: 유비	1111	petmake 58	(1000,93,82)	 (2020-9-2 17:10:15) 
GM: 유비	1111	petmake 59	(1000,93,82)	 (2020-9-2 17:10:36) 
GM: 유비	1111	petmake 60	(1000,93,82)	 (2020-9-2 17:10:49) 
GM: 유비	1111	petmake 61	(1000,93,82)	 (2020-9-2 17:11:3) 
GM: 유비	1111	petmake 62	(1000,93,82)	 (2020-9-2 17:11:15) 
GM: 유비	1111	petmake 63	(1000,93,82)	 (2020-9-2 17:11:53) 
GM: 유비	1111	petmake 64	(1000,93,82)	 (2020-9-2 17:12:13) 
GM: 유비	1111	petmake 65	(1000,93,82)	 (2020-9-2 17:12:35) 
GM: 유비	1111	petmake 66	(1000,93,82)	 (2020-9-2 17:12:47) 
GM: 유비	1111	petmake 67	(1000,93,82)	 (2020-9-2 17:12:51) 
GM: 유비	1111	petmake 68	(1000,93,82)	 (2020-9-2 17:12:55) 
GM: 유비	1111	petmake 69	(1000,93,82)	 (2020-9-2 17:12:57) 
GM: 유비	1111	petmake 70	(1000,93,82)	 (2020-9-2 17:13:2) 
GM: 유비	1111	petmake 71	(1000,93,82)	 (2020-9-2 17:13:7) 
GM: 유비	1111	petmake 72	(1000,93,82)	 (2020-9-2 17:13:9) 
GM: 유비	1111	petmake 73	(1000,93,82)	 (2020-9-2 17:13:13) 
GM: 유비	1111	petmake 74	(1000,93,82)	 (2020-9-2 17:13:17) 
GM: 유비	1111	petmake 75	(1000,93,82)	 (2020-9-2 17:13:21) 
GM: 유비	1111	petmake 76	(1000,93,82)	 (2020-9-2 17:13:48) 
GM: 유비	1111	petmake 77	(1000,95,83)	 (2020-9-2 17:14:19) 
GM: 유비	1111	petmake 78	(1000,95,83)	 (2020-9-2 17:14:36) 
GM: 유비	1111	petmake 79	(1000,95,83)	 (2020-9-2 17:14:54) 
GM: 유비	1111	petmake 80	(1000,95,83)	 (2020-9-2 17:15:1) 
GM: 유비	1111	petmake 81	(1000,95,83)	 (2020-9-2 17:15:3) 
GM: 유비	1111	petmake 82	(1000,95,83)	 (2020-9-2 17:15:5) 
GM: 유비	1111	petmake 83	(1000,95,83)	 (2020-9-2 17:15:7) 
GM: 유비	1111	petmake 84	(1000,95,83)	 (2020-9-2 17:15:10) 
GM: 유비	1111	petmake 85	(1000,95,83)	 (2020-9-2 17:15:27) 
GM: 유비	1111	petmake 86	(1000,95,83)	 (2020-9-2 17:15:33) 
GM: 유비	1111	petmake 87	(1000,95,83)	 (2020-9-2 17:15:35) 
GM: 유비	1111	petmake 88	(1000,95,83)	 (2020-9-2 17:15:37) 
GM: 유비	1111	petmake 89	(1000,95,83)	 (2020-9-2 17:15:39) 
GM: 유비	1111	petmake 90	(1000,95,83)	 (2020-9-2 17:15:41) 
GM: 유비	1111	petmake 91	(1000,95,83)	 (2020-9-2 17:15:44) 
GM: 유비	1111	petmake 92	(1000,95,83)	 (2020-9-2 17:15:46) 
GM: 유비	1111	petmake 93	(1000,95,83)	 (2020-9-2 17:15:48) 
GM: 유비	1111	petmake 94	(1000,95,83)	 (2020-9-2 17:18:15) 
GM: 유비	1111	petmake 95	(1000,95,83)	 (2020-9-2 17:19:4) 
GM: 유비	1111	petmake 96	(1000,95,83)	 (2020-9-2 17:19:32) 
GM: 유비	1111	petmake 96	(1000,95,83)	 (2020-9-2 17:19:59) 
GM: 유비	1111	petmake 97	(1000,95,83)	 (2020-9-2 17:20:17) 
GM: 유비	1111	petmake 98	(1000,95,83)	 (2020-9-2 17:20:20) 
GM: 유비	1111	petmake 98	(1000,95,83)	 (2020-9-2 17:20:22) 
GM: 유비	1111	petmake 99	(1000,95,83)	 (2020-9-2 17:20:25) 
GM: 유비	1111	petmake 100	(1000,95,83)	 (2020-9-2 17:20:28) 
GM: 유비	1111	petmake 101	(1000,95,83)	 (2020-9-2 17:20:30) 
GM: 유비	1111	petmake 102	(1000,95,83)	 (2020-9-2 17:20:32) 
GM: 유비	1111	petmake 103	(1000,95,83)	 (2020-9-2 17:20:34) 
GM: 유비	1111	petmake 104	(1000,95,83)	 (2020-9-2 17:20:37) 
GM: 유비	1111	petmake 105	(1000,95,83)	 (2020-9-2 17:20:39) 
GM: 유비	1111	petmake 106	(1000,95,83)	 (2020-9-2 17:20:41) 
GM: 유비	1111	petmake 107	(1000,95,83)	 (2020-9-2 17:20:44) 
GM: 유비	1111	petmake 108	(1000,95,83)	 (2020-9-2 17:20:46) 
GM: 유비	1111	petmake 109	(1000,95,83)	 (2020-9-2 17:20:49) 
GM: 유비	1111	petmake 110	(1000,95,83)	 (2020-9-2 17:20:51) 
GM: 유비	1111	petmake 111	(1000,95,83)	 (2020-9-2 17:20:54) 
GM: 유비	1111	petmake 112	(1000,95,83)	 (2020-9-2 17:20:58) 
GM: 유비	1111	petmake 113	(1000,95,83)	 (2020-9-2 17:21:0) 
GM: 유비	1111	petmake 114	(1000,95,83)	 (2020-9-2 17:21:3) 
GM: 유비	1111	petmake 115	(1000,95,83)	 (2020-9-2 17:21:7) 
GM: 유비	1111	petmake 116	(1000,95,83)	 (2020-9-2 17:21:16) 
GM: 유비	1111	petmake 117	(1000,95,83)	 (2020-9-2 17:21:18) 
GM: 유비	1111	petmake 118	(1000,95,83)	 (2020-9-2 17:21:21) 
GM: 유비	1111	petmake 119	(1000,95,83)	 (2020-9-2 17:21:23) 
GM: 유비	1111	petmake 120	(1000,95,83)	 (2020-9-2 17:21:40) 
GM: 유비	1111	petmake 121	(1000,95,83)	 (2020-9-2 17:21:55) 
GM: 유비	1111	petmake 122	(1000,95,83)	 (2020-9-2 17:22:8) 
GM: 유비	1111	petmake 123	(1000,95,83)	 (2020-9-2 17:22:23) 
GM: 유비	1111	petmake 124	(1000,95,83)	 (2020-9-2 17:22:47) 
GM: 유비	1111	petmake 125	(1000,95,83)	 (2020-9-2 17:23:0) 
GM: 유비	1111	petmake 126	(1000,95,83)	 (2020-9-2 17:23:13) 
GM: 유비	1111	petmake 127	(1000,95,83)	 (2020-9-2 17:23:22) 
GM: 유비	1111	petmake 128	(1000,95,83)	 (2020-9-2 17:23:30) 
GM: 유비	1111	petmake 129	(1000,95,83)	 (2020-9-2 17:23:53) 
GM: 유비	1111	petmake 129	(1000,95,83)	 (2020-9-2 17:23:58) 
GM: 유비	1111	petmake 130	(1000,95,83)	 (2020-9-2 17:24:0) 
GM: 유비	1111	petmake 131	(1000,95,83)	 (2020-9-2 17:24:4) 
GM: 유비	1111	petmake 131	(1000,95,83)	 (2020-9-2 17:24:16) 
GM: 유비	1111	petmake 132	(1000,95,83)	 (2020-9-2 17:24:19) 
GM: 유비	1111	petmake 133	(1000,95,83)	 (2020-9-2 17:24:21) 
GM: 유비	1111	petmake 134	(1000,95,83)	 (2020-9-2 17:24:24) 
GM: 유비	1111	petmake 135	(1000,95,83)	 (2020-9-2 17:24:27) 
GM: 유비	1111	petmake 136	(1000,95,83)	 (2020-9-2 17:24:29) 
GM: 유비	1111	petmake 137	(1000,95,83)	 (2020-9-2 17:24:32) 
GM: 유비	1111	petmake 138	(1000,95,83)	 (2020-9-2 17:24:34) 
GM: 유비	1111	petmake 139	(1000,95,83)	 (2020-9-2 17:24:38) 
GM: 유비	1111	petmake 140	(1000,95,83)	 (2020-9-2 17:24:40) 
GM: 유비	1111	petmake 141	(1000,95,83)	 (2020-9-2 17:24:55) 
GM: 유비	1111	petmake 142	(1000,96,84)	 (2020-9-2 17:25:16) 
GM: 유비	1111	petmake 143	(1000,96,84)	 (2020-9-2 17:25:22) 
GM: 유비	1111	petmake 144	(1000,96,84)	 (2020-9-2 17:25:41) 
GM: 유비	1111	petmake 145	(1000,96,84)	 (2020-9-2 17:25:44) 
GM: 유비	1111	petmake 146	(1000,96,84)	 (2020-9-2 17:25:47) 
GM: 유비	1111	petmake 147	(1000,98,85)	 (2020-9-2 17:26:26) 
GM: 유비	1111	petmake 148	(1000,98,85)	 (2020-9-2 17:26:33) 
GM: 유비	1111	petmake 149	(1000,98,85)	 (2020-9-2 17:26:40) 
GM: 유비	1111	petmake 150	(1000,98,85)	 (2020-9-2 17:27:2) 
GM: 유비	1111	petmake 151	(1000,98,85)	 (2020-9-2 17:27:8) 
GM: 유비	1111	petmake 152	(1000,98,85)	 (2020-9-2 17:27:33) 
GM: 유비	1111	petmake 152	(1000,98,85)	 (2020-9-2 17:28:15) 
GM: 유비	1111	petmake 153	(1000,98,85)	 (2020-9-2 17:28:29) 
GM: 유비	1111	petmake 154	(1000,98,85)	 (2020-9-2 17:28:33) 
GM: 유비	1111	petmake 154	(1000,98,85)	 (2020-9-2 17:28:37) 
GM: 유비	1111	petmake 155	(1000,98,85)	 (2020-9-2 17:28:47) 
GM: 유비	1111	petmake 156	(1000,98,85)	 (2020-9-2 17:28:49) 
GM: 유비	1111	petmake 157	(1000,98,85)	 (2020-9-2 17:29:17) 
GM: 유비	1111	petmake 158	(1000,98,85)	 (2020-9-2 17:29:23) 
GM: 유비	1111	petmake 159	(1000,98,85)	 (2020-9-2 17:29:26) 
GM: 유비	1111	petmake 160	(1000,98,85)	 (2020-9-2 17:29:30) 
GM: 유비	1111	petmake 161	(1000,100,87)	 (2020-9-2 17:30:19) 
GM: 유비	1111	petmake 162	(1000,100,87)	 (2020-9-2 17:30:22) 
GM: 유비	1111	petmake 163	(1000,100,87)	 (2020-9-2 17:30:34) 
GM: 유비	1111	petmake 162	(1000,100,87)	 (2020-9-2 17:30:50) 
GM: 유비	1111	petmake 164	(1000,100,87)	 (2020-9-2 17:30:54) 
GM: 유비	1111	petmake 165	(1000,100,87)	 (2020-9-2 17:30:58) 
GM: 유비	1111	petmake 164	(1000,100,87)	 (2020-9-2 17:31:10) 
GM: 유비	1111	petmake 165	(1000,100,87)	 (2020-9-2 17:31:21) 
GM: 유비	1111	petmake 166	(1000,100,88)	 (2020-9-2 17:31:44) 
GM: 유비	1111	petmake 167	(1000,100,88)	 (2020-9-2 17:31:48) 
GM: 유비	1111	petmake 168	(1000,100,88)	 (2020-9-2 17:31:50) 
GM: 유비	1111	petmake 166	(1000,100,88)	 (2020-9-2 17:32:12) 
GM: 유비	1111	petmake 167	(1000,100,88)	 (2020-9-2 17:32:14) 
GM: 유비	1111	petmake 168	(1000,100,88)	 (2020-9-2 17:32:23) 
GM: 유비	1111	petmake 169	(1000,100,88)	 (2020-9-2 17:32:25) 
GM: 유비	1111	petmake 170	(1000,100,88)	 (2020-9-2 17:32:28) 
GM: 유비	1111	petmake 171	(1000,100,88)	 (2020-9-2 17:32:48) 
GM: 유비	1111	petmake 172	(1000,100,88)	 (2020-9-2 17:32:51) 
GM: 유비	1111	petmake 173	(1000,100,88)	 (2020-9-2 17:32:54) 
GM: 유비	1111	petmake 174	(1000,100,88)	 (2020-9-2 17:32:56) 
GM: 유비	1111	petmake 137	(1000,100,88)	 (2020-9-2 17:33:58) 
GM: 유비	1111	petmake 175	(1000,100,88)	 (2020-9-2 17:34:9) 
GM: 유비	1111	petmake 176	(1000,100,88)	 (2020-9-2 17:34:13) 
GM: 유비	1111	petmake 177	(1000,100,88)	 (2020-9-2 17:34:16) 
GM: 유비	1111	petmake 178	(1000,100,88)	 (2020-9-2 17:34:19) 
GM: 유비	1111	petmake 177	(1000,100,88)	 (2020-9-2 17:34:46) 
GM: 유비	1111	petmake 179	(1000,99,89)	 (2020-9-2 17:35:16) 
GM: 유비	1111	petmake 180	(1000,99,89)	 (2020-9-2 17:35:27) 
GM: 유비	1111	petmake 181	(1000,99,89)	 (2020-9-2 17:35:30) 
GM: 유비	1111	petmake 182	(1000,99,89)	 (2020-9-2 17:35:33) 
GM: 유비	1111	petmake 182	(1000,99,89)	 (2020-9-2 17:35:50) 
GM: 유비	1111	petmake 183	(1000,99,89)	 (2020-9-2 17:35:54) 
GM: 유비	1111	petmake 184	(1000,99,89)	 (2020-9-2 17:35:56) 
GM: 유비	1111	petmake 185	(1000,99,89)	 (2020-9-2 17:35:58) 
GM: 유비	1111	petmake 186	(1000,99,89)	 (2020-9-2 17:36:3) 
GM: 유비	1111	petmake 187	(1000,99,89)	 (2020-9-2 17:36:5) 
GM: 유비	1111	petmake 188	(1000,99,89)	 (2020-9-2 17:36:7) 
GM: 유비	1111	petmake 189	(1000,99,89)	 (2020-9-2 17:36:9) 
GM: 유비	1111	petmake 190	(1000,99,89)	 (2020-9-2 17:36:11) 
GM: 유비	1111	petmake 190	(1000,99,89)	 (2020-9-2 17:37:0) 
GM: 유비	1111	petmake 191	(1000,99,89)	 (2020-9-2 17:37:56) 
GM: 유비	1111	petmake 192	(1000,99,89)	 (2020-9-2 17:38:7) 
GM: 유비	1111	petmake 193	(1000,99,89)	 (2020-9-2 17:38:11) 
GM: 유비	1111	petmake 194	(1000,99,89)	 (2020-9-2 17:38:14) 
GM: 유비	1111	petmake 195	(1000,99,89)	 (2020-9-2 17:38:32) 
GM: 유비	1111	petmake 196	(1000,99,89)	 (2020-9-2 17:39:0) 
GM: 유비	1111	petmake 197	(1000,99,89)	 (2020-9-2 17:39:2) 
GM: 유비	1111	petmake 198	(1000,99,89)	 (2020-9-2 17:39:4) 
GM: 유비	1111	petmake 198	(1000,99,89)	 (2020-9-2 17:39:24) 
GM: 유비	1111	petmake 196	(1000,99,89)	 (2020-9-2 17:39:31) 
GM: 유비	1111	petmake 199	(1000,99,89)	 (2020-9-2 17:39:36) 
GM: 유비	1111	petmake 200	(1000,99,89)	 (2020-9-2 17:39:39) 
GM: 유비	1111	petmake 201	(1000,99,89)	 (2020-9-2 17:39:41) 
GM: 유비	1111	petmake 202	(1000,99,89)	 (2020-9-2 17:39:44) 
GM: 유비	1111	petmake 203	(1000,99,89)	 (2020-9-2 17:39:46) 
GM: 유비	1111	petmake 204	(1000,99,89)	 (2020-9-2 17:39:48) 
GM: 유비	1111	petmake 205	(1000,99,89)	 (2020-9-2 17:39:50) 
GM: 유비	1111	petmake 206	(1000,99,89)	 (2020-9-2 17:39:52) 
GM: 유비	1111	petmake 207	(1000,99,89)	 (2020-9-2 17:39:54) 
GM: 유비	1111	petmake 208	(1000,99,89)	 (2020-9-2 17:39:56) 
GM: 유비	1111	petmake 209	(1000,99,89)	 (2020-9-2 17:39:58) 
GM: 유비	1111	petmake 210	(1000,99,89)	 (2020-9-2 17:40:0) 
GM: 유비	1111	petmake 211	(1000,99,89)	 (2020-9-2 17:40:3) 
GM: 유비	1111	petmake 212	(1000,99,89)	 (2020-9-2 17:40:6) 
GM: 유비	1111	petmake 213	(1000,99,89)	 (2020-9-2 17:40:10) 
GM: 유비	1111	petmake 214	(1000,99,89)	 (2020-9-2 17:40:12) 
GM: 유비	1111	petmake 215	(1000,99,89)	 (2020-9-2 17:40:15) 
GM: 유비	1111	petmake 216	(1000,99,89)	 (2020-9-2 17:40:17) 
GM: 유비	1111	petmake 217	(1000,99,89)	 (2020-9-2 17:40:20) 
GM: 유비	1111	petmake 218	(1000,99,89)	 (2020-9-2 17:40:21) 
GM: 유비	1111	petmake 219	(1000,99,89)	 (2020-9-2 17:40:25) 
GM: 유비	1111	petmake 220	(1000,99,89)	 (2020-9-2 17:40:27) 
GM: 유비	1111	petmake 221	(1000,99,89)	 (2020-9-2 17:40:30) 
GM: 유비	1111	petmake 222	(1000,99,89)	 (2020-9-2 17:40:32) 
GM: 유비	1111	petmake 223	(1000,99,89)	 (2020-9-2 17:40:36) 
GM: 유비	1111	petmake 224	(1000,99,89)	 (2020-9-2 17:40:38) 
GM: 유비	1111	petmake 225	(1000,99,89)	 (2020-9-2 17:40:40) 
GM: 유비	1111	petmake 226	(1000,99,89)	 (2020-9-2 17:40:42) 
GM: 유비	1111	petmake 227	(1000,99,89)	 (2020-9-2 17:40:44) 
GM: 유비	1111	petmake 228	(1000,99,89)	 (2020-9-2 17:40:45) 
GM: 유비	1111	petmake 229	(1000,99,89)	 (2020-9-2 17:40:48) 
GM: 유비	1111	petmake 230	(1000,99,89)	 (2020-9-2 17:40:50) 
GM: 유비	1111	petmake 231	(1000,99,89)	 (2020-9-2 17:40:53) 
GM: 유비	1111	petmake 232	(1000,99,89)	 (2020-9-2 17:40:57) 
GM: 유비	1111	petmake 233	(1000,99,89)	 (2020-9-2 17:40:59) 
GM: 유비	1111	petmake 244	(1000,99,89)	 (2020-9-2 17:41:1) 
GM: 유비	1111	petmake 255	(1000,99,89)	 (2020-9-2 17:41:4) 
GM: 유비	1111	petmake 234	(1000,99,89)	 (2020-9-2 17:41:16) 
GM: 유비	1111	petmake 235	(1000,99,89)	 (2020-9-2 17:41:19) 
GM: 유비	1111	petmake 236	(1000,99,89)	 (2020-9-2 17:41:22) 
GM: 유비	1111	petmake 237	(1000,99,89)	 (2020-9-2 17:41:24) 
GM: 유비	1111	petmake 238	(1000,99,89)	 (2020-9-2 17:41:27) 
GM: 유비	1111	petmake 239	(1000,99,89)	 (2020-9-2 17:41:29) 
GM: 유비	1111	petmake 240	(1000,99,89)	 (2020-9-2 17:41:32) 
GM: 유비	1111	petmake 250	(1000,99,89)	 (2020-9-2 17:41:34) 
GM: 유비	1111	petmake 241	(1000,99,89)	 (2020-9-2 17:41:44) 
GM: 유비	1111	petmake 242	(1000,99,89)	 (2020-9-2 17:41:47) 
GM: 유비	1111	petmake 243	(1000,99,89)	 (2020-9-2 17:41:49) 
GM: 유비	1111	petmake 244	(1000,99,89)	 (2020-9-2 17:41:51) 
GM: 유비	1111	petmake 245	(1000,99,89)	 (2020-9-2 17:41:54) 
GM: 유비	1111	petmake 246	(1000,99,89)	 (2020-9-2 17:41:56) 
GM: 유비	1111	petmake 247	(1000,99,89)	 (2020-9-2 17:42:0) 
GM: 유비	1111	petmake 248	(1000,99,89)	 (2020-9-2 17:42:3) 
GM: 유비	1111	petmake 249	(1000,99,89)	 (2020-9-2 17:42:4) 
GM: 유비	1111	petmake 250	(1000,99,89)	 (2020-9-2 17:42:7) 
GM: 유비	1111	petmake 260	(1000,99,89)	 (2020-9-2 17:42:10) 
GM: 유비	1111	petmake 251	(1000,99,89)	 (2020-9-2 17:42:16) 
GM: 유비	1111	petmake 251	(1000,99,89)	 (2020-9-2 17:42:28) 
GM: 유비	1111	petmake 252	(1000,99,89)	 (2020-9-2 17:42:31) 
GM: 유비	1111	petmake 253	(1000,99,89)	 (2020-9-2 17:42:34) 
GM: 유비	1111	petmake 254	(1000,99,89)	 (2020-9-2 17:44:7) 
GM: 유비	1111	petmake 2565	(1000,99,89)	 (2020-9-2 17:44:25) 
GM: 유비	1111	petmake 254	(1000,99,89)	 (2020-9-2 17:44:41) 
GM: 유비	1111	petmake 255	(1000,99,89)	 (2020-9-2 17:44:56) 
GM: 유비	1111	petmake 256	(1000,99,89)	 (2020-9-2 17:45:6) 
GM: 유비	1111	petmake 257	(1000,99,89)	 (2020-9-2 17:45:17) 
GM: 유비	1111	petmake 258	(1000,99,89)	 (2020-9-2 17:45:43) 
GM: 유비	1111	petmake 259	(1000,99,89)	 (2020-9-2 17:45:46) 
GM: 유비	1111	petmake 260	(1000,99,89)	 (2020-9-2 17:46:7) 
GM: 유비	1111	petmake 261	(1000,99,89)	 (2020-9-2 17:46:11) 
GM: 유비	1111	petmake 261	(1000,99,89)	 (2020-9-2 17:46:39) 
GM: 유비	1111	petmake 257	(1000,99,89)	 (2020-9-2 17:47:18) 
GM: 유비	1111	petmake 262	(1000,99,89)	 (2020-9-2 17:47:28) 
GM: 유비	1111	petmake 263	(1000,99,89)	 (2020-9-2 17:47:43) 
GM: 유비	1111	petmake 264	(1000,99,89)	 (2020-9-2 17:47:54) 
GM: 유비	1111	petmake 264	(1000,99,89)	 (2020-9-2 17:48:14) 
GM: 유비	1111	petmake 265	(1000,99,89)	 (2020-9-2 17:48:17) 
GM: 유비	1111	petmake 271	(1000,99,89)	 (2020-9-2 17:48:34) 
GM: 유비	1111	petmake 272	(1000,99,89)	 (2020-9-2 17:48:56) 
GM: 유비	1111	petmake 272	(1000,99,89)	 (2020-9-2 17:49:6) 
GM: 유비	1111	petmake 273	(1000,99,89)	 (2020-9-2 17:49:12) 
GM: 유비	1111	petmake 274	(1000,99,89)	 (2020-9-2 17:49:15) 
GM: 유비	1111	petmake 275	(1000,99,89)	 (2020-9-2 17:49:17) 
GM: 유비	1111	petmake 275	(1000,99,89)	 (2020-9-2 17:49:44) 
GM: 유비	1111	petmake 291	(1000,98,89)	 (2020-9-2 17:50:3) 
GM: 장비	yesdw00	additem  1	(2000,61,77)	 (2020-9-2 17:57:35) 
GM: 장비	yesdw00	additem 32	(2000,61,77)	 (2020-9-2 17:58:53) 
GM: 장비	yesdw00	petmake  1	(2000,61,74)	 (2020-9-2 18:15:17) 
GM: 장비	yesdw00	petmake  2	(2000,61,74)	 (2020-9-2 18:15:37) 
GM: 장비	yesdw00	petmake 3	(2000,61,74)	 (2020-9-2 18:15:47) 
GM: 장비	yesdw00	additem 2238	(2000,63,66)	 (2020-9-2 18:39:2) 
GM: 장비	yesdw00	additem 2237	(2000,62,68)	 (2020-9-2 18:39:23) 
GM: 장비	yesdw00	additem 2239	(2000,62,68)	 (2020-9-2 18:39:36) 
GM: 장비	yesdw00	additem 2239	(2000,62,68)	 (2020-9-2 18:39:41) 
GM: 장비	yesdw00	additem 2239	(2000,62,68)	 (2020-9-2 18:39:44) 
GM: 장비	yesdw00	additem 2239	(2000,62,68)	 (2020-9-2 18:39:47) 
GM: 장비	yesdw00	additem 2239	(2000,62,68)	 (2020-9-2 18:39:50) 
GM: 장비	yesdw00	additem 2240	(2000,62,68)	 (2020-9-2 18:40:30) 
GM: 장비	yesdw00	additem 2242	(2000,62,68)	 (2020-9-2 18:40:46) 
GM: 장비	yesdw00	additem 2247	(2000,62,68)	 (2020-9-2 18:41:4) 
GM: 장비	yesdw00	additem 2248	(2000,62,71)	 (2020-9-2 18:41:27) 
GM: 장비	yesdw00	additem 2254	(2000,60,69)	 (2020-9-2 18:41:39) 
GM: 장비	yesdw00	additem 2255	(2000,60,69)	 (2020-9-2 18:41:57) 
GM: 장비	yesdw00	additem 2262	(2000,60,69)	 (2020-9-2 18:42:11) 
GM: 장비	yesdw00	additem 2374	(2000,59,68)	 (2020-9-2 18:42:45) 
GM: 장비	yesdw00	additem 2274	(2000,61,70)	 (2020-9-2 18:42:56) 
GM: 장비	yesdw00	additem 2376	(2000,62,71)	 (2020-9-2 18:43:12) 
GM: 장비	yesdw00	additem 2389	(2000,62,71)	 (2020-9-2 18:43:24) 
GM: 장비	yesdw00	additem 2388	(2000,59,72)	 (2020-9-2 18:43:44) 
GM: 장비	yesdw00	additem 2411	(2000,58,73)	 (2020-9-2 18:44:1) 
GM: 장비	yesdw00	additem 2410	(2000,58,73)	 (2020-9-2 18:44:10) 
GM: 장비	yesdw00	additem 2629	(2000,58,73)	 (2020-9-2 18:44:43) 
GM: 장비	yesdw00	additem 2701	(2000,58,73)	 (2020-9-2 18:44:56) 
GM: 장비	yesdw00	additem 2709	(2000,58,73)	 (2020-9-2 18:45:8) 
GM: 유비	1111	additem  2701	(2000,59,74)	 (2020-9-2 18:45:39) 
GM: 장비	yesdw00	additem 2758	(2000,57,73)	 (2020-9-2 18:45:50) 
GM: 유비	1111	additem  2709	(2000,59,74)	 (2020-9-2 18:45:51) 
GM: 장비	yesdw00	additem 2790	(2000,57,73)	 (2020-9-2 18:46:5) 
GM: 장비	yesdw00	additem 2898	(2000,56,75)	 (2020-9-2 18:46:44) 
GM: 장비	yesdw00	additem 2946	(2000,56,75)	 (2020-9-2 18:47:2) 
GM: 장비	yesdw00	additem 2547	(2000,56,75)	 (2020-9-2 18:47:21) 
GM: 유비	1111	additem 2547	(2000,55,77)	 (2020-9-2 18:47:24) 
GM: 장비	yesdw00	additem 2944	(2000,56,75)	 (2020-9-2 18:47:31) 
GM: 유비	1111	additem  2944	(2000,55,75)	 (2020-9-2 18:47:34) 
GM: 장비	yesdw00	additem 23030	(2000,54,77)	 (2020-9-2 18:48:4) 
GM: 장비	yesdw00	additem 23029	(2000,54,77)	 (2020-9-2 18:48:14) 
GM: 장비	yesdw00	additem 23028	(2000,54,77)	 (2020-9-2 18:48:19) 
GM: 장비	yesdw00	additem 23024	(2000,56,76)	 (2020-9-2 18:48:31) 
GM: 장비	yesdw00	additem 23022	(2000,59,75)	 (2020-9-2 18:49:3) 
GM: 장비	yesdw00	additem 22908	(2000,59,75)	 (2020-9-2 18:49:22) 
GM: 장비	yesdw00	additem 100	(2000,63,71)	 (2020-9-2 18:52:31) 
GM: 장비	yesdw00	additem 2626	(2000,63,71)	 (2020-9-2 18:52:41) 
GM: 장비	yesdw00	additem 23010	(2000,63,71)	 (2020-9-2 18:53:32) 
GM: 장비	yesdw00	additem 23010	(2000,63,71)	 (2020-9-2 18:53:37) 
GM: 장비	yesdw00	additem 1920	(2000,63,71)	 (2020-9-2 18:55:2) 
GM: 장비	yesdw00	additem 1918	(2000,63,71)	 (2020-9-2 18:55:15) 
GM: 장비	yesdw00	additem 1917	(2000,63,71)	 (2020-9-2 18:55:20) 
GM: 장비	yesdw00	additem 1919	(2000,63,71)	 (2020-9-2 18:55:25) 
GM: 장비	yesdw00	additem 1920	(2000,63,71)	 (2020-9-2 18:55:29) 
GM: 장비	yesdw00	additem 1921	(2000,63,71)	 (2020-9-2 18:55:39) 
GM: 장비	yesdw00	additem 1924	(2000,63,71)	 (2020-9-2 18:55:48) 
GM: 장비	yesdw00	additem 1926	(2000,63,71)	 (2020-9-2 18:55:57) 
GM: 장비	yesdw00	additem 1928	(2000,62,73)	 (2020-9-2 18:56:6) 
GM: 장비	yesdw00	additem 1929	(2000,62,73)	 (2020-9-2 18:56:12) 
GM: 장비	yesdw00	additem 1877	(2000,64,74)	 (2020-9-2 18:56:57) 
GM: 장비	yesdw00	additem [gm additem 1858	(2000,59,72)	 (2020-9-2 18:58:3) 
GM: 장비	yesdw00	additem 1857	(2000,59,72)	 (2020-9-2 18:58:10) 
GM: 장비	yesdw00	additem 1858	(2000,59,72)	 (2020-9-2 18:58:16) 
GM: 장비	yesdw00	additem 1859	(2000,59,72)	 (2020-9-2 18:58:26) 
GM: 장비	yesdw00	additem 1827	(2000,59,75)	 (2020-9-2 18:59:16) 
GM: 장비	yesdw00	additem 1649	(10001,35,12)	 (2020-9-2 19:0:26) 
GM: 유비	1111	petmake 351	(10001,36,12)	 (2020-9-2 19:0:27) 
GM: 유비	1111	petmake 352	(10001,36,12)	 (2020-9-2 19:0:39) 
GM: 유비	1111	petmake 355	(10001,36,12)	 (2020-9-2 19:0:44) 
GM: 장비	yesdw00	additem 1612	(10001,35,12)	 (2020-9-2 19:0:50) 
GM: 유비	1111	petmake 354	(10001,36,12)	 (2020-9-2 19:0:52) 
GM: 유비	1111	petmake 353	(10001,36,12)	 (2020-9-2 19:0:57) 
GM: 장비	yesdw00	additem 1663	(7402,159,89)	 (2020-9-2 19:8:9) 
GM: 장비	yesdw00	additem 1664	(7402,159,89)	 (2020-9-2 19:8:17) 
GM: 장비	yesdw00	additem 1665	(7402,159,89)	 (2020-9-2 19:8:25) 
GM: 장비	yesdw00	additem 1666	(7402,159,89)	 (2020-9-2 19:8:29) 
GM: 장비	yesdw00	additem 1667	(7402,159,89)	 (2020-9-2 19:8:33) 
GM: 장비	yesdw00	additem 1668	(7402,159,89)	 (2020-9-2 19:8:35) 
GM: 장비	yesdw00	additem 1669	(7402,159,89)	 (2020-9-2 19:8:40) 
GM: 장비	yesdw00	additem 1670	(7402,159,89)	 (2020-9-2 19:8:42) 
GM: 장비	yesdw00	additem 1671	(7402,159,89)	 (2020-9-2 19:8:46) 
GM: 장비	yesdw00	additem 1234	(7402,159,89)	 (2020-9-2 19:10:56) 
