ITEM: server down(2020-9-2 2:59:9) 
ITEM: 厘厚|yesdw00|新手棒(2237)|丢出道具|1000|52|125|2020-9-2 5:6:19|1598956421i41100
ITEM: 厘厚|yesdw00|新手棒(2237)|捡起道具|1000|52|125|2020-9-2 5:6:22|1598956421i41100
ITEM: 厘厚|yesdw00|精灵的羽毛(13041)|使用道具|2000|67|63|2020-9-2 5:7:53|1599048471i01100
ITEM: 厘厚|yesdw00|新手棒(2237)|丢出道具|1000|59|125|2020-9-2 5:8:14|1598956421i41100
ITEM: 厘厚|yesdw00|新手棒(2237)|捡起道具|1000|59|125|2020-9-2 5:8:15|1598956421i41100
ITEM: 蜡厚|1111|新手棒(2237)|丢出道具|1000|62|92|2020-9-2 5:8:36|1598962003i201100
ITEM: 蜡厚|1111|新手棒(2237)|捡起道具|1000|62|92|2020-9-2 5:8:36|1598962003i201100
ITEM: 11111|jmycxc|精灵的羽毛(13044)|使用道具|2000|67|61|2020-9-2 5:8:49|1599048526i11100
ITEM: aa|jmycxc|新手棒(2237)|LUA制作道具|2006|20|16|2020-9-2 5:10:0|1599048600i21100
ITEM: aa|jmycxc|新手铠(2238)|LUA制作道具|2006|20|16|2020-9-2 5:10:0|1599048600i31100
ITEM: aa|jmycxc|新手兜(2239)|LUA制作道具|2006|20|16|2020-9-2 5:10:0|1599048600i41100
ITEM: aa|jmycxc|*新手报道(3401)|LUA制作道具|2006|20|16|2020-9-2 5:10:0|1599048600i51100
ITEM: 厘厚|yesdw00|仪的玉(2417)|任务得到道具|10204|188|14|2020-9-2 5:16:11|1599048971i111100
ITEM: 厘厚|yesdw00|仪的玉(2417)|任务得到道具|10204|188|14|2020-9-2 5:16:11|1599048971i121100
ITEM: 厘厚|yesdw00|仪的玉(2417)|任务得到道具|10204|188|14|2020-9-2 5:16:11|1599048971i131100
ITEM: 厘厚|yesdw00|仪的玉(2417)|任务得到道具|10204|188|14|2020-9-2 5:16:11|1599048971i141100
ITEM: 厘厚|yesdw00|仪的玉(2417)|任务得到道具|10204|188|14|2020-9-2 5:16:11|1599048971i151100
ITEM: 厘厚|yesdw00|仪的玉(2417)|任务得到道具|10204|188|14|2020-9-2 5:16:11|1599048971i161100
ITEM: 厘厚|yesdw00|仪的玉(2417)|任务得到道具|10204|188|14|2020-9-2 5:16:11|1599048971i171100
ITEM: 厘厚|yesdw00|仪的玉(2417)|任务得到道具|10204|188|14|2020-9-2 5:16:11|1599048971i181100
ITEM: 厘厚|yesdw00|仪的玉(2417)|任务得到道具|10204|188|14|2020-9-2 5:16:11|1599048971i191100
ITEM: 厘厚|yesdw00|仪的玉(2417)|任务得到道具|10204|188|14|2020-9-2 5:16:11|1599048971i201100
ITEM: 厘厚|yesdw00|仪的玉(2417)|任务得到道具|10204|188|14|2020-9-2 5:16:11|1599048971i211100
ITEM: 厘厚|yesdw00|仪的玉(2417)|任务得到道具|10204|188|14|2020-9-2 5:16:11|1599048971i221100
ITEM: 厘厚|yesdw00|仪的玉(2417)|任务得到道具|10204|188|14|2020-9-2 5:16:11|1599048971i231100
ITEM: 厘厚|yesdw00|仪的玉(2417)|任务得到道具|10204|188|14|2020-9-2 5:16:11|1599048971i241100
ITEM: 厘厚|yesdw00|仪的玉(2417)|任务得到道具|10204|188|14|2020-9-2 5:16:11|1599048971i251100
ITEM: 蜡厚|1111|仪的玉(2417)|任务得到道具|10204|188|14|2020-9-2 5:17:14|1599049034i271100
ITEM: 蜡厚|1111|仪的玉(2417)|任务得到道具|10204|188|14|2020-9-2 5:17:14|1599049034i281100
ITEM: 蜡厚|1111|仪的玉(2417)|任务得到道具|10204|188|14|2020-9-2 5:17:14|1599049034i291100
ITEM: 蜡厚|1111|仪的玉(2417)|任务得到道具|10204|188|14|2020-9-2 5:17:14|1599049034i301100
ITEM: 蜡厚|1111|仪的玉(2417)|任务得到道具|10204|188|14|2020-9-2 5:17:14|1599049034i311100
ITEM: 蜡厚|1111|仪的玉(2417)|任务得到道具|10204|188|14|2020-9-2 5:17:14|1599049034i321100
ITEM: 蜡厚|1111|仪的玉(2417)|任务得到道具|10204|188|14|2020-9-2 5:17:14|1599049034i331100
ITEM: 蜡厚|1111|仪的玉(2417)|任务得到道具|10204|188|14|2020-9-2 5:17:14|1599049034i341100
ITEM: 蜡厚|1111|仪的玉(2417)|任务得到道具|10204|188|14|2020-9-2 5:17:14|1599049034i351100
ITEM: 蜡厚|1111|仪的玉(2417)|任务得到道具|10204|188|14|2020-9-2 5:17:14|1599049034i361100
ITEM: 蜡厚|1111|仪的玉(2417)|任务得到道具|10204|188|14|2020-9-2 5:17:14|1599049034i371100
ITEM: 蜡厚|1111|仪的玉(2417)|任务得到道具|10204|188|14|2020-9-2 5:17:14|1599049034i381100
ITEM: 蜡厚|1111|仪的玉(2417)|任务得到道具|10204|188|14|2020-9-2 5:17:14|1599049034i391100
ITEM: 蜡厚|1111|仪的玉(2417)|任务得到道具|10204|188|14|2020-9-2 5:17:14|1599049034i401100
ITEM: 蜡厚|1111|仪的玉(2417)|任务得到道具|10204|188|14|2020-9-2 5:17:14|1599049034i411100
ITEM: 厘厚|yesdw00|仪的玉(2417)|任务收回道具|10204|14|7|2020-9-2 5:18:9|1599048971i111100
ITEM: 厘厚|yesdw00|仪的玉(2417)|任务收回道具|10204|14|7|2020-9-2 5:18:9|1599048971i121100
ITEM: 厘厚|yesdw00|仪的玉(2417)|任务收回道具|10204|14|7|2020-9-2 5:18:9|1599048971i131100
ITEM: 厘厚|yesdw00|仪的玉(2417)|任务收回道具|102ITEM: 厘厚|yesdw00|贝诺美斯Lv1斧头(1)|丢出道具|200|619|696|2020-9-2 15:48:15|1599052632i471100
ITEM: 厘厚|yesdw00|贝诺美斯Lv1斧头(1)|捡起道具|200|619|696|2020-9-2 15:48:15|1599052632i471100
ITEM: 蜡厚|1111|仪之兜(2418)|丢出道具|1000|97|76|2020-9-2 15:57:37|1599049194i461100
ITEM: 蜡厚|1111|仪之兜(2418)|捡起道具|1000|96|76|2020-9-2 15:57:38|1599049194i461100
ITEM: 蜡厚|1111|新手棒(2237)|丢出道具|1000|96|77|2020-9-2 15:57:39|1598962003i201100
ITEM: 蜡厚|1111|新手棒(2237)|捡起道具|1000|96|77|2020-9-2 15:57:40|1598962003i201100
ITEM: 蜡厚|1111|新手铠(2238)|丢出道具|1000|95|79|2020-9-2 15:57:41|1598962003i211100
ITEM: 蜡厚|1111|新手铠(2238)|捡起道具|1000|95|79|2020-9-2 15:57:42|1598962003i211100
ITEM: 蜡厚|1111|新手兜(2239)|丢出道具|1000|95|79|2020-9-2 15:57:42|1598962003i221100
ITEM: 蜡厚|1111|新手兜(2239)|捡起道具|1000|95|79|2020-9-2 15:57:43|1598962003i221100
ITEM: 厘厚|yesdw00|贝诺美斯Lv1斧头(1)|GM制作道具|2000|61|77|2020-9-2 17:57:35|1599094655i31100
ITEM: 厘厚|yesdw00|贝诺美斯Lv1斧头(1)|丢出道具|2000|61|77|2020-9-2 17:57:38|1599052632i471100
ITEM: 厘厚|yesdw00|贝诺美斯Lv1斧头(1)|丢出道具|2000|61|77|2020-9-2 17:57:39|1599094655i31100
ITEM: NULL|NULL|贝诺美斯Lv1斧头(1)|TiemDelete|2000|62|76|2020-9-2 17:58:41|1599052632i471100
ITEM: NULL|NULL|贝诺美斯Lv1斧头(1)|TiemDelete|2000|62|77|2020-9-2 17:58:41|1599094655i31100
ITEM: 厘厚|yesdw00|威金娜斯Lv2斧头(32)|GM制作道具|2000|61|77|2020-9-2 17:58:53|1599094733i41100
ITEM: 厘厚|yesdw00|威金娜斯Lv2斧头(32)|丢出道具|2000|62|64|2020-9-2 18:35:16|1599094733i41100
ITEM: 蜡厚|1111|威金娜斯Lv2斧头(32)|捡起道具|2000|61|65|2020-9-2 18:35:25|1599094733i41100
ITEM: 蜡厚|1111|威金娜斯Lv2斧头(32)|丢出道具|2000|63|65|2020-9-2 18:35:43|1599094733i41100
ITEM: 厘厚|yesdw00|威金娜斯Lv2斧头(32)|捡起道具|2000|62|64|2020-9-2 18:35:44|1599094733i41100
ITEM: 蜡厚|1111|新手棒(2237)|丢出道具|2000|64|66|2020-9-2 18:35:51|1598962003i201100
ITEM: 蜡厚|1111|新手棒(2237)|捡起道具|2000|64|66|2020-9-2 18:36:0|1598962003i201100
ITEM: 厘厚|yesdw00|新手铠(2238)|GM制作道具|2000|63|66|2020-9-2 18:39:2|1599097142i51100
ITEM: 厘厚|yesdw00|新手铠(2238)|丢出道具|2000|63|66|2020-9-2 18:39:4|1599097142i51100
ITEM: 蜡厚|1111|新手铠(2238)|捡起道具|2000|63|67|2020-9-2 18:39:6|1599097142i51100
ITEM: 蜡厚|1111|新手棒(2237)|丢出道具|2000|64|67|2020-9-2 18:39:8|1598962003i201100
ITEM: 蜡厚|1111|新手棒(2237)|捡起道具|2000|64|67|2020-9-2 18:39:12|1598962003i201100
ITEM: 厘厚|yesdw00|新手棒(2237)|GM制作道具|2000|62|68|2020-9-2 18:39:23|1599097163i61100
ITEM: 厘厚|yesdw00|新手棒(2237)|丢出道具|2000|62|68|2020-9-2 18:39:24|1599097163i61100
ITEM: 蜡厚|1111|新手棒(2237)|捡起道具|2000|63|67|2020-9-2 18:39:25|1599097163i61100
ITEM: 厘厚|yesdw00|新手兜(2239)|GM制作道具|2000|62|68|2020-9-2 18:39:36|1599097176i71100
ITEM: 厘厚|yesdw00|新手兜(2239)|丢出道具|2000|62|68|2020-9-2 18:39:37|1599097176i71100
ITEM: 厘厚|yesdw00|新手兜(2239)|GM制作道具|2000|62|68|2020-9-2 18:39:41|1599097181i81100
ITEM: 厘厚|yesdw00|新手兜(2239)|丢出道具|2000|62|68|2020-9-2 18:39:42|1599097181i81100
ITEM: 厘厚|yesdw00|新手兜(2239)|GM制作道具|2000|62|68|2020-9-2 18:39:44|1599097184i91100
ITEM: 厘厚|yesdw00|新手兜(2239)|丢出道具|2000|62|68|2020-9-2 18:39:45|1599097184i91100
ITEM: 厘厚|yesdw00|新手兜(2239)|GM制作道具|2000|62|68|2020-9-2 18:39:47|1599097187i101100
ITEM: 厘厚|yesdw00|新手兜(2239)|丢出道具|2000|62|68|2020-9-2 18:39:48|1599097187i101100
ITEM: 厘厚|yesdw00|新手兜(2239)|GM制作道具|2000|62|68|2020-9-2 18:39:50|1599097190i111100
ITEM: 厘厚|yesdw00|倚天剑(2240)|GM制作道具|2000|62|68|2020-9-2 18:40:30|1599097230i121100
ITEM: 厘厚|yesdw00|倚天剑(2240)|丢出道具|2000|62|68|2020-9-2 18:40:33|1599097230i121100
ITEM: NULL|NULL|新手兜(2239)|TiemDelete|2000|61|67|2020-9-2 18:40:33|1599097187i101100
ITEM: NULL|NULL|新手兜(2239)|TiemDelete|2000|61|68|2020-9-2 18:40:33|1599097184i91100
ITEM: NULL|NULL|新手兜(2239)|TiemDelete|2000|61|69|2020-9-2 18:40:33|1599097181i81100
ITEM: NULL|NULL|新手兜(2239)|TiemDelete|2000|62|69|2020-9-2 18:40:33|1599097176i71100
ITEM: 蜡厚|1111|倚天剑(2240)|捡起道具|2000|63|67|2020-9-2 18:40:38|1599097230i121100
ITEM: 厘厚|yesdw00|*M证书(2242)|GM制作道具|2000|62|68|2020-9-2 18:40:46|1599097246i131100
ITEM: 厘厚|yesdw00|B级奖励证明(2247)|GM制作道具|2000|62|68|2020-9-2 18:41:4|1599097264i141100
ITEM: 厘厚|yesdw00|B级奖励证明(2247)|丢出道具|2000|62|68|2020-9-2 18:41:7|1599097264i141100
ITEM: 蜡厚|1111|B级奖励证明(2247)|捡起道具|2000|63|68|2020-9-2 18:41:13|1599097264i141100
ITEM: 蜡厚|1111|铁枪3(20284)|LUA制作道具|2000|63|68|2020-9-2 18:41:16|1599097276i151100
ITEM: 蜡厚|1111|铁枪3(20284)|丢出道具|2000|63|68|2020-9-2 18:41:18|1599097276i151100
ITEM: 蜡厚|1111|铁枪3(20284)|捡起道具|2000|62|69|2020-9-2 18:41:38|1599097276i151100
ITEM: 厘厚|yesdw00|A级奖励证明(2254)|GM制作道具|2000|60|69|2020-9-2 18:41:39|1599097299i171100
ITEM: 厘厚|yesdw00|A级奖励证明(2254)|丢出道具|2000|60|69|2020-9-2 18:41:40|1599097299i171100
ITEM: 蜡厚|1111|A级奖励证明(2254)|捡起道具|2000|61|70|2020-9-2 18:41:43|1599097299i171100
ITEM: 厘厚|yesdw00|六转人道具(2255)|GM制作道具|2000|60|69|2020-9-2 18:41:57|1599097317i181100
ITEM: 厘厚|yesdw00|六转人道具(2255)|使用道具|2000|60|69|2020-9-2 18:41:58|1599097317i181100
ITEM: 厘厚|yesdw00|六转人道具(2255)|丢出道具|2000|60|69|2020-9-2 18:41:59|1599097317i181100
ITEM: 厘厚|yesdw00|月神之帽(2262)|GM制作道具|2000|60|69|2020-9-2 18:42:11|1599097331i191100
ITEM: 厘厚|yesdw00|月神之帽(2262)|丢出道具|2000|60|69|2020-9-2 18:42:13|1599097331i191100
ITEM: 厘厚|yesdw00|月神之帽(2262)|捡起道具|2000|60|70|2020-9-2 18:42:18|1599097331i191100
ITEM: 厘厚|yesdw00|月神之帽(2262)|丢出道具|2000|60|70|2020-9-2 18:42:22|1599097331i191100
ITEM: NULL|NULL|六转人道具(2255)|TiemDelete|2000|59|70|2020-9-2 18:42:41|1599097317i181100
ITEM: 厘厚|yesdw00|金飞任务石(2374)|GM制作道具|2000|59|68|2020-9-2 18:42:45|1599097365i201100
ITEM: 厘厚|yesdw00|金飞任务石(2374)|丢出道具|2000|59|68|2020-9-2 18:42:46|1599097365i201100
ITEM: 厘厚|yesdw00|金飞任务石(2374)|捡起道具|2000|59|68|2020-9-2 18:42:49|1599097365i201100
ITEM: 厘厚|yesdw00|金飞任务石(2374)|丢出道具|2000|59|68|2020-9-2 18:42:51|1599097365i201100
ITEM: NULL|NULL|月神之帽(2262)|TiemDelete|2000|59|71|2020-9-2 18:42:53|1599097331i191100
ITEM: 厘厚|yesdw00|阳焰腰带(2274)|GM制作道具|2000|61|70|2020-9-2 18:42:56|1599097376i211100
ITEM: 厘厚|yesdw00|阳焰腰带(2274)|丢出道具|2000|61|70|2020-9-2 18:42:59|1599097376i211100
ITEM: 厘厚|yesdw00|琉璃洞窟任务石(2376)|GM制作道具|2000|62|71|2020-9-2 18:43:12|1599097392i221100
ITEM: 厘厚|yesdw00|琉璃洞窟任务石(2376)|丢出道具|2000|62|71|2020-9-2 18:43:14|1599097392i221100
ITEM: 厘厚|yesdw00|魔魂铠(2389)|GM制作道具|2000|62|71|2020-9-2 18:43:24|1599097404i231100
ITEM: 厘厚|yesdw00|魔魂铠(2389)|丢出道具|2000|62|71|2020-9-2 18:43:27|1599097404i231100
ITEM: NULL|NULL|金飞任务石(2374)|TiemDelete|2000|59|69|2020-9-2 18:43:27|1599097365i201100
ITEM: NULL|NULL|阳焰腰带(2274)|TiemDelete|2000|62|69|2020-9-2 18:43:31|1599097376i211100
ITEM: 蜡厚|1111|魔魂铠(2389)|捡起道具|2000|61|71|2020-9-2 18:43:32|1599097404i231100
ITEM: 蜡厚|1111|魔魂铠(2389)|丢出道具|2000|61|71|2020-9-2 18:43:35|1599097404i231100
ITEM: 蜡厚|1111|倚天剑(2240)|丢出道具|2000|61|71|2020-9-2 18:43:37|1599097230i121100
ITEM: 厘厚|yesdw00|魔魂枪(2388)|GM制作道具|2000|59|72|2020-9-2 18:43:44|1599097424i241100
ITEM: NULL|NULL|琉璃洞窟任务石(2376)|TiemDelete|2000|62|72|2020-9-2 18:43:47|1599097392i221100
ITEM: 厘厚|yesdw00|魔魂枪(2388)|丢出道具|2000|60|71|2020-9-2 18:43:49|1599097424i241100
ITEM: 厘厚|yesdw00|往加加的行李(2411)|GM制作道具|2000|58|73|2020-9-2 18:44:1|1599097441i251100
ITEM: 厘厚|yesdw00|往加加的行李(2411)|丢出后消失|2000|58|73|2020-9-2 18:44:3|1599097441i251100
ITEM: NULL|NULL|魔魂铠(2389)|TiemDelete|2000|61|72|2020-9-2 18:44:6|1599097404i231100
ITEM: NULL|NULL|倚天剑(2240)|TiemDelete|2000|60|72|2020-9-2 18:44:8|1599097230i121100
ITEM: 蜡厚|1111|新手棒(2237)|丢出道具|2000|59|74|2020-9-2 18:44:10|1599097163i61100
ITEM: 厘厚|yesdw00|往卡鲁它那的行李(2410)|GM制作道具|2000|58|73|2020-9-2 18:44:10|1599097450i261100
ITEM: 蜡厚|1111|铁枪3(20284)|丢出道具|2000|59|74|2020-9-2 18:44:11|1599097276i151100
ITEM: 厘厚|yesdw00|往卡鲁它那的行李(2410)|丢出后消失|2000|58|73|2020-9-2 18:44:13|1599097450i261100
ITEM: 蜡厚|1111|新手铠(2238)|丢出道具|2000|59|74|2020-9-2 18:44:13|1599097142i51100
ITEM: NULL|NULL|魔魂枪(2388)|TiemDelete|2000|61|70|2020-9-2 18:44:40|1599097424i241100
ITEM: 厘厚|yesdw00|变色戒指(2629)|GM制作道具|2000|58|73|2020-9-2 18:44:43|1599097483i271100
ITEM: 厘厚|yesdw00|变色戒指(2629)|丢出道具|2000|58|73|2020-9-2 18:44:45|1599097483i271100
ITEM: NULL|NULL|铁枪3(20284)|TiemDelete|2000|58|73|2020-9-2 18:44:45|1599097276i151100
ITEM: NULL|NULL|新手棒(2237)|TiemDelete|2000|58|74|2020-9-2 18:44:45|1599097163i61100
ITEM: NULL|NULL|新手铠(2238)|TiemDelete|2000|59|73|2020-9-2 18:44:45|1599097142i51100
ITEM: 厘厚|yesdw00|大地的羁绊[地](2701)|GM制作道具|2000|58|73|2020-9-2 18:44:56|1599097496i281100
ITEM: 厘厚|yesdw00|大地的羁绊[地](2701)|丢出道具|2000|58|73|2020-9-2 18:44:58|1599097496i281100
ITEM: 蜡厚|1111|大地的羁绊[地](2701)|捡起道具|2000|59|74|2020-9-2 18:45:1|1599097496i281100
ITEM: 蜡厚|1111|大地的羁绊[地](2701)|丢出道具|2000|59|74|2020-9-2 18:45:2|1599097496i281100
ITEM: 厘厚|yesdw00|巴那姆的水壶(2709)|GM制作道具|2000|58|73|2020-9-2 18:45:8|1599097508i291100
ITEM: 厘厚|yesdw00|巴那姆的水壶(2709)|丢出后消失|2000|58|73|2020-9-2 18:45:10|1599097508i291100
ITEM: NULL|NULL|变色戒指(2629)|TiemDelete|2000|57|74|2020-9-2 18:45:24|1599097483i271100
ITEM: 蜡厚|1111|大地的羁绊[地](2701)|GM制作道具|2000|59|74|2020-9-2 18:45:39|1599097539i301100
ITEM: 蜡厚|1111|大地的羁绊[地](2701)|丢出道具|2000|59|74|2020-9-2 18:45:41|1599097539i301100
ITEM: NULL|NULL|大地的羁绊[地](2701)|TiemDelete|2000|58|74|2020-9-2 18:45:41|1599097496i281100
ITEM: 蜡厚|1111|大地的羁绊[地](2701)|捡起道具|2000|59|74|2020-9-2 18:45:42|1599097539i301100
ITEM: 蜡厚|1111|大地的羁绊[地](2701)|丢出道具|2000|59|74|2020-9-2 18:45:43|1599097539i301100
ITEM: 厘厚|yesdw00|风的手镯 [风](2758)|GM制作道具|2000|57|73|2020-9-2 18:45:50|1599097550i311100
ITEM: 蜡厚|1111|巴那姆的水壶(2709)|GM制作道具|2000|59|74|2020-9-2 18:45:51|1599097551i321100
ITEM: 厘厚|yesdw00|风的手镯 [风](2758)|丢出后消失|2000|57|73|2020-9-2 18:45:52|1599097550i311100
ITEM: 蜡厚|1111|巴那姆的水壶(2709)|丢出后消失|2000|59|74|2020-9-2 18:45:53|1599097551i321100
ITEM: 厘厚|yesdw00|拼图Ｆ-５(2790)|GM制作道具|2000|57|73|2020-9-2 18:46:5|1599097565i331100
ITEM: 厘厚|yesdw00|拼图Ｆ-５(2790)|丢出道具|2000|57|73|2020-9-2 18:46:7|1599097565i331100
ITEM: 蜡厚|1111|拼图Ｆ-５(2790)|捡起道具|2000|57|74|2020-9-2 18:46:10|1599097565i331100
ITEM: NULL|NULL|大地的羁绊[地](2701)|TiemDelete|2000|58|75|2020-9-2 18:46:14|1599097539i301100
ITEM: 蜡厚|1111|拼图Ｆ-５(2790)|丢出道具|2000|57|74|2020-9-2 18:46:16|1599097565i331100
ITEM: 蜡厚|1111|拼图Ｆ-５(2790)|捡起道具|2000|57|74|2020-9-2 18:46:18|1599097565i331100
ITEM: 蜡厚|1111|拼图Ｆ-５(2790)|丢出道具|2000|57|74|2020-9-2 18:46:22|1599097565i331100
ITEM: 蜡厚|1111|拼图Ｆ-５(2790)|捡起道具|2000|57|74|2020-9-2 18:46:24|1599097565i331100
ITEM: 蜡厚|1111|拼图Ｆ-５(2790)|丢出道具|2000|57|74|2020-9-2 18:46:26|1599097565i331100
ITEM: 厘厚|yesdw00|活力护身符(2898)|GM制作道具|2000|56|75|2020-9-2 18:46:44|1599097604i341100
ITEM: 厘厚|yesdw00|活力护身符(2898)|丢出道具|2000|56|75|2020-9-2 18:46:52|1599097604i341100
ITEM: 蜡厚|1111|活力护身符(2898)|捡起道具|2000|57|76|2020-9-2 18:46:53|1599097604i341100
ITEM: 蜡厚|1111|活力护身符(2898)|丢出道具|2000|57|76|2020-9-2 18:46:57|1599097604i341100
ITEM: NULL|NULL|拼图Ｆ-５(2790)|TiemDelete|2000|56|74|2020-9-2 18:46:57|1599097565i331100
ITEM: 蜡厚|1111|活力护身符(2898)|捡起道具|2000|57|76|2020-9-2 18:47:1|1599097604i341100
ITEM: 厘厚|yesdw00|二代体防ＭＭ(2946)|GM制作道具|2000|56|75|2020-9-2 18:47:2|1599097622i351100
ITEM: 蜡厚|1111|活力护身符(2898)|丢出道具|2000|57|76|2020-9-2 18:47:2|1599097604i341100
ITEM: 厘厚|yesdw00|心性之镜(2547)|GM制作道具|2000|56|75|2020-9-2 18:47:21|1599097641i361100
ITEM: 蜡厚|1111|心性之镜(2547)|GM制作道具|2000|55|77|2020-9-2 18:47:24|1599097644i371100
ITEM: 厘厚|yesdw00|心性之镜(2547)|丢出后消失|2000|56|75|2020-9-2 18:47:25|1599097641i361100
ITEM: 蜡厚|1111|心性之镜(2547)|丢出后消失|2000|56|77|2020-9-2 18:47:27|1599097644i371100
ITEM: 厘厚|yesdw00|二代单敏ＭＭ(2944)|GM制作道具|2000|56|75|2020-9-2 18:47:31|1599097651i381100
ITEM: 蜡厚|1111|二代单敏ＭＭ(2944)|GM制作道具|2000|55|75|2020-9-2 18:47:34|1599097654i391100
ITEM: NULL|NULL|活力护身符(2898)|TiemDelete|2000|58|76|2020-9-2 18:47:37|1599097604i341100
ITEM: 厘厚|yesdw00|第三格包裹(23030)|GM制作道具|2000|54|77|2020-9-2 18:48:4|1599097684i401100
ITEM: 厘厚|yesdw00|第三格包裹(23030)|丢出道具|2000|54|77|2020-9-2 18:48:6|1599097684i401100
ITEM: 厘厚|yesdw00|第二格包裹(23029)|GM制作道具|2000|54|77|2020-9-2 18:48:14|1599097694i411100
ITEM: 厘厚|yesdw00|第二格包裹(23029)|丢出道具|2000|54|77|2020-9-2 18:48:15|1599097694i411100
ITEM: 蜡厚|1111|第二格包裹(23029)|捡起道具|2000|55|77|2020-9-2 18:48:16|1599097694i411100
ITEM: 蜡厚|1111|第二格包裹(23029)|丢出道具|2000|55|77|2020-9-2 18:48:18|1599097694i411100
ITEM: 厘厚|yesdw00|帖拉拉普捕抓证(23028)|GM制作道具|2000|54|77|2020-9-2 18:48:19|1599097699i421100
ITEM: 厘厚|yesdw00|帖拉拉普捕抓证(23028)|丢出道具|2000|54|77|2020-9-2 18:48:20|1599097699i421100
ITEM: 蜡厚|1111|帖拉拉普捕抓证(23028)|捡起道具|2000|54|78|2020-9-2 18:48:22|1599097699i421100
ITEM: 厘厚|yesdw00|第二格包裹(23029)|捡起道具|2000|54|77|2020-9-2 18:48:23|1599097694i411100
ITEM: 蜡厚|1111|帖拉拉普捕抓证(23028)|丢出道具|2000|54|78|2020-9-2 18:48:24|1599097699i421100
ITEM: 厘厚|yesdw00|第二格包裹(23029)|丢出道具|2000|54|77|2020-9-2 18:48:25|1599097694i411100
ITEM: 厘厚|yesdw00|复活之石(23024)|GM制作道具|2000|56|76|2020-9-2 18:48:31|1599097711i431100
ITEM: 厘厚|yesdw00|复活之石(23024)|丢出道具|2000|56|76|2020-9-2 18:48:32|
ITEM: 厘厚|yesdw00|复活之石(23024)|丢出道具|2000|56|76|2020-9-2 18:48:34|
ITEM: 蜡厚|1111|复活之石(23024)|捡起道具|2000|56|77|2020-9-2 18:48:34|1599097714i441100
ITEM: 厘厚|yesdw00|复活之石(23024)|丢出道具|2000|56|76|2020-9-2 18:48:34|
ITEM: 厘厚|yesdw00|复活之石(23024)|丢出道具|2000|56|76|2020-9-2 18:48:35|
ITEM: 蜡厚|1111|复活之石(23024)|捡起道具|2000|56|77|2020-9-2 18:48:36|1599097716i451100
ITEM: 厘厚|yesdw00|复活之石(23024)|丢出道具|2000|56|76|2020-9-2 18:48:36|
ITEM: 蜡厚|1111|复活之石(23024)|捡起道具|2000|56|77|2020-9-2 18:48:36|1599097716i461100
ITEM: 厘厚|yesdw00|复活之石(23024)|丢出道具|2000|56|76|2020-9-2 18:48:37|
ITEM: NULL|NULL|第三格包裹(23030)|TiemDelete|2000|53|78|2020-9-2 18:48:37|1599097684i401100
ITEM: 蜡厚|1111|复活之石(23024)|捡起道具|2000|56|77|2020-9-2 18:48:37|1599097717i471100
ITEM: 厘厚|yesdw00|复活之石(23024)|丢出道具|2000|56|76|2020-9-2 18:48:37|
ITEM: 蜡厚|1111|复活之石(23024)|捡起道具|2000|56|77|2020-9-2 18:48:37|1599097717i481100
ITEM: 厘厚|yesdw00|复活之石(23024)|丢出道具|2000|56|76|2020-9-2 18:48:38|
ITEM: 蜡厚|1111|复活之石(23024)|捡起道具|2000|55|77|2020-9-2 18:48:38|1599097718i491100
ITEM: 蜡厚|1111|复活之石(23024)|捡起道具|2000|55|76|2020-9-2 18:48:39|1599097719i501100
ITEM: 厘厚|yesdw00|复活之石(23024)|丢出道具|2000|56|76|2020-9-2 18:48:39|
ITEM: 蜡厚|1111|复活之石(23024)|捡起道具|2000|55|76|2020-9-2 18:48:40|1599097720i511100
ITEM: 厘厚|yesdw00|复活之石(23024)|丢出道具|2000|56|76|2020-9-2 18:48:40|
ITEM: 蜡厚|1111|复活之石(23024)|捡起道具|2000|55|76|2020-9-2 18:48:40|1599097720i521100
ITEM: 厘厚|yesdw00|复活之石(23024)|丢出道具|2000|56|76|2020-9-2 18:48:41|
ITEM: 蜡厚|1111|复活之石(23024)|捡起道具|2000|55|76|2020-9-2 18:48:41|1599097721i531100
ITEM: 厘厚|yesdw00|复活之石(23024)|丢出道具|2000|56|76|2020-9-2 18:48:41|
ITEM: 蜡厚|1111|复活之石(23024)|捡起道具|2000|55|76|2020-9-2 18:48:42|1599097722i541100
ITEM: 厘厚|yesdw00|复活之石(23024)|丢出道具|2000|56|76|2020-9-2 18:48:42|
ITEM: 厘厚|yesdw00|复活之石(23024)|丢出道具|2000|56|76|2020-9-2 18:48:43|
ITEM: 厘厚|yesdw00|复活之石(23024)|丢出道具|2000|56|76|2020-9-2 18:48:44|
ITEM: 厘厚|yesdw00|复活之石(23024)|丢出道具|2000|56|76|2020-9-2 18:48:45|
ITEM: 厘厚|yesdw00|复活之石(23024)|丢出道具|2000|56|76|2020-9-2 18:48:45|
ITEM: 蜡厚|1111|复活之石(23024)|丢出道具|2000|55|76|2020-9-2 18:48:46|
ITEM: 厘厚|yesdw00|复活之石(23024)|丢出道具|2000|56|76|2020-9-2 18:48:46|
ITEM: 厘厚|yesdw00|复活之石(23024)|丢出道具|2000|56|76|2020-9-2 18:48:47|
ITEM: 蜡厚|1111|复活之石(23024)|丢出道具|2000|55|76|2020-9-2 18:48:48|
ITEM: 蜡厚|1111|复活之石(23024)|丢出道具|2000|55|76|2020-9-2 18:48:49|
ITEM: 蜡厚|1111|复活之石(23024)|丢出道具|2000|55|76|2020-9-2 18:48:50|
ITEM: 蜡厚|1111|复活之石(23024)|丢出道具|2000|57|73|2020-9-2 18:48:52|
ITEM: 蜡厚|1111|复活之石(23024)|丢出道具|2000|57|73|2020-9-2 18:48:54|
ITEM: 厘厚|yesdw00|复活之石(23024)|丢出道具|2000|55|78|2020-9-2 18:48:54|1599097711i431100
ITEM: 蜡厚|1111|复活之石(23024)|丢出道具|2000|57|73|2020-9-2 18:48:54|
ITEM: NULL|NULL|帖拉拉普捕抓证(23028)|TiemDelete|2000|53|77|2020-9-2 18:48:55|1599097699i421100
ITEM: 蜡厚|1111|复活之石(23024)|丢出道具|2000|57|73|2020-9-2 18:48:55|
ITEM: 蜡厚|1111|复活之石(23024)|丢出道具|2000|57|73|2020-9-2 18:48:55|
ITEM: 蜡厚|1111|复活之石(23024)|丢出道具|2000|57|73|2020-9-2 18:48:55|
ITEM: 蜡厚|1111|复活之石(23024)|丢出道具|2000|57|73|2020-9-2 18:48:55|
ITEM: NULL|NULL|第二格包裹(23029)|TiemDelete|2000|53|76|2020-9-2 18:48:56|1599097694i411100
ITEM: 蜡厚|1111|复活之石(23024)|丢出道具|2000|57|73|2020-9-2 18:48:56|
ITEM: 蜡厚|1111|复活之石(23024)|丢出道具|2000|58|78|2020-9-2 18:48:59|
ITEM: 蜡厚|1111|复活之石(23024)|丢出道具|2000|58|78|2020-9-2 18:49:0|
ITEM: 蜡厚|1111|复活之石(23024)|丢出道具|2000|58|78|2020-9-2 18:49:0|
ITEM: 蜡厚|1111|复活之石(23024)|丢出道具|2000|58|78|2020-9-2 18:49:0|
ITEM: 蜡厚|1111|复活之石(23024)|丢出道具|2000|58|78|2020-9-2 18:49:0|
ITEM: 蜡厚|1111|复活之石(23024)|丢出道具|2000|58|78|2020-9-2 18:49:1|
ITEM: 蜡厚|1111|复活之石(23024)|丢出道具|2000|58|78|2020-9-2 18:49:2|
ITEM: 厘厚|yesdw00|随机声望券(23022)|GM制作道具|2000|59|75|2020-9-2 18:49:3|1599097743i551100
ITEM: 蜡厚|1111|复活之石(23024)|丢出道具|2000|61|78|2020-9-2 18:49:5|
ITEM: 蜡厚|1111|复活之石(23024)|丢出道具|2000|61|78|2020-9-2 18:49:6|
ITEM: 蜡厚|1111|复活之石(23024)|丢出道具|2000|61|78|2020-9-2 18:49:6|
ITEM: 蜡厚|1111|复活之石(23024)|丢出道具|2000|61|78|2020-9-2 18:49:7|
ITEM: 蜡厚|1111|复活之石(23024)|丢出道具|2000|61|78|2020-9-2 18:49:7|
ITEM: 蜡厚|1111|复活之石(23024)|丢出道具|2000|61|78|2020-9-2 18:49:8|
ITEM: 蜡厚|1111|复活之石(23024)|丢出道具|2000|62|73|2020-9-2 18:49:11|
ITEM: 蜡厚|1111|复活之石(23024)|丢出道具|2000|62|73|2020-9-2 18:49:11|
ITEM: 蜡厚|1111|复活之石(23024)|丢出道具|2000|62|73|2020-9-2 18:49:12|
ITEM: NULL|NULL|复活之石(23024)|TiemDelete|2000|55|77|2020-9-2 18:49:12|
ITEM: 蜡厚|1111|复活之石(23024)|丢出道具|2000|62|73|2020-9-2 18:49:12|
ITEM: 蜡厚|1111|复活之石(23024)|丢出道具|2000|62|73|2020-9-2 18:49:13|
ITEM: NULL|NULL|复活之石(23024)|TiemDelete|2000|55|76|2020-9-2 18:49:13|
ITEM: 蜡厚|1111|复活之石(23024)|丢出道具|2000|62|73|2020-9-2 18:49:14|
ITEM: NULL|NULL|复活之石(23024)|TiemDelete|2000|55|75|2020-9-2 18:49:14|
ITEM: 蜡厚|1111|复活之石(23024)|丢出道具|2000|62|73|2020-9-2 18:49:14|
ITEM: 蜡厚|1111|复活之石(23024)|丢出道具|2000|62|73|2020-9-2 18:49:15|
ITEM: NULL|NULL|复活之石(23024)|TiemDelete|2000|56|75|2020-9-2 18:49:15|
ITEM: NULL|NULL|复活之石(23024)|TiemDelete|2000|57|75|2020-9-2 18:49:16|
ITEM: NULL|NULL|复活之石(23024)|TiemDelete|2000|57|76|2020-9-2 18:49:16|
ITEM: 蜡厚|1111|复活之石(23024)|丢出道具|2000|61|73|2020-9-2 18:49:17|
ITEM: NULL|NULL|复活之石(23024)|TiemDelete|2000|54|77|2020-9-2 18:49:17|
ITEM: NULL|NULL|复活之石(23024)|TiemDelete|2000|57|77|2020-9-2 18:49:17|
ITEM: 蜡厚|1111|复活之石(23024)|丢出道具|2000|61|73|2020-9-2 18:49:17|
ITEM: NULL|NULL|复活之石(23024)|TiemDelete|2000|56|77|2020-9-2 18:49:18|
ITEM: NULL|NULL|复活之石(23024)|TiemDelete|2000|54|76|2020-9-2 18:49:19|
ITEM: NULL|NULL|复活之石(23024)|TiemDelete|2000|54|75|2020-9-2 18:49:20|
ITEM: 蜡厚|1111|复活之石(23024)|丢出道具|2000|61|73|2020-9-2 18:49:21|
ITEM: NULL|NULL|复活之石(23024)|TiemDelete|2000|56|76|2020-9-2 18:49:21|
ITEM: 蜡厚|1111|复活之石(23024)|丢出道具|2000|61|73|2020-9-2 18:49:21|
ITEM: 厘厚|yesdw00|200声望券(22908)|GM制作道具|2000|59|75|2020-9-2 18:49:22|1599097762i561100
ITEM: NULL|NULL|复活之石(23024)|TiemDelete|2000|57|72|2020-9-2 18:49:23|
ITEM: 蜡厚|1111|复活之石(23024)|丢出道具|2000|61|68|2020-9-2 18:49:23|
ITEM: 蜡厚|1111|复活之石(23024)|丢出道具|2000|61|68|2020-9-2 18:49:23|
ITEM: 蜡厚|1111|复活之石(23024)|丢出道具|2000|61|68|2020-9-2 18:49:24|
ITEM: NULL|NULL|复活之石(23024)|TiemDelete|2000|55|79|2020-9-2 18:49:25|1599097711i431100
ITEM: NULL|NULL|复活之石(23024)|TiemDelete|2000|58|72|2020-9-2 18:49:25|
ITEM: NULL|NULL|复活之石(23024)|TiemDelete|2000|58|73|2020-9-2 18:49:25|
ITEM: 蜡厚|1111|复活之石(23024)|丢出道具|2000|61|68|2020-9-2 18:49:26|
ITEM: NULL|NULL|复活之石(23024)|TiemDelete|2000|56|73|2020-9-2 18:49:26|
ITEM: NULL|NULL|复活之石(23024)|TiemDelete|2000|56|74|2020-9-2 18:49:26|
ITEM: NULL|NULL|复活之石(23024)|TiemDelete|2000|57|74|2020-9-2 18:49:26|
ITEM: NULL|NULL|复活之石(23024)|TiemDelete|2000|58|74|2020-9-2 18:49:26|
ITEM: 蜡厚|1111|复活之石(23024)|丢出道具|2000|61|68|2020-9-2 18:49:26|
ITEM: 蜡厚|1111|复活之石(23024)|丢出道具|2000|61|68|2020-9-2 18:49:27|
ITEM: NULL|NULL|复活之石(23024)|TiemDelete|2000|56|72|2020-9-2 18:49:27|
ITEM: 蜡厚|1111|复活之石(23024)|丢出道具|2000|61|68|2020-9-2 18:49:27|
ITEM: 蜡厚|1111|复活之石(23024)|丢出道具|2000|61|68|2020-9-2 18:49:28|
ITEM: 蜡厚|1111|复活之石(23024)|丢出道具|2000|63|68|2020-9-2 18:49:30|
ITEM: 蜡厚|1111|复活之石(23024)|丢出道具|2000|63|68|2020-9-2 18:49:30|
ITEM: NULL|NULL|复活之石(23024)|TiemDelete|2000|59|79|2020-9-2 18:49:30|
ITEM: 蜡厚|1111|复活之石(23024)|丢出道具|2000|63|68|2020-9-2 18:49:31|
ITEM: NULL|NULL|复活之石(23024)|TiemDelete|2000|57|78|2020-9-2 18:49:31|
ITEM: NULL|NULL|复活之石(23024)|TiemDelete|2000|57|79|2020-9-2 18:49:31|
ITEM: NULL|NULL|复活之石(23024)|TiemDelete|2000|58|77|2020-9-2 18:49:31|
ITEM: NULL|NULL|复活之石(23024)|TiemDelete|2000|58|79|2020-9-2 18:49:31|
ITEM: 蜡厚|1111|复活之石(23024)|丢出道具|2000|63|68|2020-9-2 18:49:31|
ITEM: 蜡厚|1111|复活之石(23024)|丢出道具|2000|63|68|2020-9-2 18:49:32|
ITEM: NULL|NULL|复活之石(23024)|TiemDelete|2000|59|77|2020-9-2 18:49:32|
ITEM: NULL|NULL|复活之石(23024)|TiemDelete|2000|59|78|2020-9-2 18:49:34|
ITEM: 蜡厚|1111|复活之石(23024)|丢出道具|2000|64|68|2020-9-2 18:49:35|
ITEM: 蜡厚|1111|复活之石(23024)|丢出道具|2000|64|68|2020-9-2 18:49:36|1599097716i461100
ITEM: NULL|NULL|复活之石(23024)|TiemDelete|2000|61|79|2020-9-2 18:49:36|
ITEM: 蜡厚|1111|复活之石(23024)|丢出道具|2000|64|68|2020-9-2 18:49:38|
ITEM: NULL|NULL|复活之石(23024)|TiemDelete|2000|60|77|2020-9-2 18:49:38|
ITEM: NULL|NULL|复活之石(23024)|TiemDelete|2000|60|78|2020-9-2 18:49:38|
ITEM: NULL|NULL|复活之石(23024)|TiemDelete|2000|61|77|2020-9-2 18:49:38|
ITEM: 蜡厚|1111|复活之石(23024)|丢出道具|2000|64|68|2020-9-2 18:49:38|
ITEM: NULL|NULL|复活之石(23024)|TiemDelete|2000|62|72|2020-9-2 18:49:42|
ITEM: NULL|NULL|复活之石(23024)|TiemDelete|2000|62|77|2020-9-2 18:49:42|
ITEM: NULL|NULL|复活之石(23024)|TiemDelete|2000|63|72|2020-9-2 18:49:42|
ITEM: NULL|NULL|复活之石(23024)|TiemDelete|2000|63|73|2020-9-2 18:49:43|
ITEM: NULL|NULL|复活之石(23024)|TiemDelete|2000|63|74|2020-9-2 18:49:43|
ITEM: NULL|NULL|复活之石(23024)|TiemDelete|2000|62|74|2020-9-2 18:49:44|
ITEM: 蜡厚|1111|复活之石(23024)|丢出道具|2000|62|68|2020-9-2 18:49:45|
ITEM: NULL|NULL|复活之石(23024)|TiemDelete|2000|61|73|2020-9-2 18:49:45|
ITEM: NULL|NULL|复活之石(23024)|TiemDelete|2000|61|74|2020-9-2 18:49:45|
ITEM: NULL|NULL|复活之石(23024)|TiemDelete|2000|61|72|2020-9-2 18:49:46|
ITEM: 蜡厚|1111|复活之石(23024)|丢出道具|2000|63|65|2020-9-2 18:49:46|
ITEM: 蜡厚|1111|复活之石(23024)|丢出道具|2000|63|65|2020-9-2 18:49:47|
ITEM: 蜡厚|1111|复活之石(23024)|丢出道具|2000|63|65|2020-9-2 18:49:48|
ITEM: NULL|NULL|复活之石(23024)|TiemDelete|2000|60|72|2020-9-2 18:49:48|
ITEM: NULL|NULL|复活之石(23024)|TiemDelete|2000|60|73|2020-9-2 18:49:48|
ITEM: NULL|NULL|复活之石(23024)|TiemDelete|2000|60|79|2020-9-2 18:49:49|
ITEM: 蜡厚|1111|复活之石(23024)|丢出道具|2000|62|71|2020-9-2 18:49:51|
ITEM: 蜡厚|1111|复活之石(23024)|丢出道具|2000|62|71|2020-9-2 18:49:52|
ITEM: NULL|NULL|复活之石(23024)|TiemDelete|2000|60|74|2020-9-2 18:49:52|
ITEM: NULL|NULL|复活之石(23024)|TiemDelete|2000|62|73|2020-9-2 18:49:52|
ITEM: 蜡厚|1111|复活之石(23024)|丢出道具|2000|62|71|2020-9-2 18:49:53|
ITEM: 蜡厚|1111|复活之石(23024)|丢出道具|2000|62|71|2020-9-2 18:49:53|
ITEM: NULL|NULL|复活之石(23024)|TiemDelete|2000|61|67|2020-9-2 18:49:54|
ITEM: NULL|NULL|复活之石(23024)|TiemDelete|2000|62|67|2020-9-2 18:49:54|
ITEM: NULL|NULL|复活之石(23024)|TiemDelete|2000|62|68|2020-9-2 18:49:55|
ITEM: 蜡厚|1111|复活之石(23024)|丢出道具|2000|64|71|2020-9-2 18:49:55|
ITEM: 蜡厚|1111|复活之石(23024)|丢出道具|2000|64|71|2020-9-2 18:49:56|
ITEM: 蜡厚|1111|复活之石(23024)|丢出道具|2000|64|71|2020-9-2 18:49:57|
ITEM: NULL|NULL|复活之石(23024)|TiemDelete|2000|61|69|2020-9-2 18:49:57|
ITEM: NULL|NULL|复活之石(23024)|TiemDelete|2000|62|69|2020-9-2 18:49:57|
ITEM: 蜡厚|1111|复活之石(23024)|丢出道具|2000|63|72|2020-9-2 18:49:58|
ITEM: NULL|NULL|复活之石(23024)|TiemDelete|2000|60|68|2020-9-2 18:49:58|
ITEM: NULL|NULL|复活之石(23024)|TiemDelete|2000|60|69|2020-9-2 18:49:58|
ITEM: 蜡厚|1111|复活之石(23024)|丢出道具|2000|63|72|2020-9-2 18:49:59|
ITEM: NULL|NULL|复活之石(23024)|TiemDelete|2000|60|67|2020-9-2 18:49:59|
ITEM: 蜡厚|1111|复活之石(23024)|丢出道具|2000|63|72|2020-9-2 18:50:0|
ITEM: 蜡厚|1111|复活之石(23024)|丢出道具|2000|63|72|2020-9-2 18:50:0|
ITEM: 蜡厚|1111|复活之石(23024)|丢出道具|2000|63|72|2020-9-2 18:50:1|
ITEM: NULL|NULL|复活之石(23024)|TiemDelete|2000|64|68|2020-9-2 18:50:1|
ITEM: NULL|NULL|复活之石(23024)|TiemDelete|2000|64|69|2020-9-2 18:50:1|
ITEM: 蜡厚|1111|复活之石(23024)|丢出道具|2000|63|72|2020-9-2 18:50:1|
ITEM: NULL|NULL|复活之石(23024)|TiemDelete|2000|63|67|2020-9-2 18:50:2|
ITEM: NULL|NULL|复活之石(23024)|TiemDelete|2000|63|69|2020-9-2 18:50:2|
ITEM: NULL|NULL|复活之石(23024)|TiemDelete|2000|64|67|2020-9-2 18:50:3|
ITEM: 蜡厚|1111|复活之石(23024)|丢出道具|2000|64|69|2020-9-2 18:50:4|
ITEM: 蜡厚|1111|复活之石(23024)|丢出道具|2000|64|69|2020-9-2 18:50:5|
ITEM: 蜡厚|1111|复活之石(23024)|丢出道具|2000|63|69|2020-9-2 18:50:6|1599097719i501100
ITEM: NULL|NULL|复活之石(23024)|TiemDelete|2000|65|68|2020-9-2 18:50:6|
ITEM: 蜡厚|1111|复活之石(23024)|丢出道具|2000|63|69|2020-9-2 18:50:7|
ITEM: NULL|NULL|复活之石(23024)|TiemDelete|2000|65|69|2020-9-2 18:50:7|1599097716i461100
ITEM: 蜡厚|1111|复活之石(23024)|丢出道具|2000|63|69|2020-9-2 18:50:8|
ITEM: 蜡厚|1111|复活之石(23024)|丢出道具|2000|63|69|2020-9-2 18:50:9|
ITEM: NULL|NULL|复活之石(23024)|TiemDelete|2000|63|68|2020-9-2 18:50:9|
ITEM: NULL|NULL|复活之石(23024)|TiemDelete|2000|65|67|2020-9-2 18:50:9|
ITEM: 蜡厚|1111|复活之石(23024)|丢出道具|2000|63|69|2020-9-2 18:50:11|
ITEM: 蜡厚|1111|复活之石(23024)|丢出道具|2000|63|69|2020-9-2 18:50:11|
ITEM: 蜡厚|1111|复活之石(23024)|丢出道具|2000|64|68|2020-9-2 18:50:13|
ITEM: 蜡厚|1111|复活之石(23024)|丢出道具|2000|64|68|2020-9-2 18:50:14|
ITEM: 蜡厚|1111|复活之石(23024)|丢出道具|2000|64|68|2020-9-2 18:50:15|
ITEM: 蜡厚|1111|复活之石(23024)|丢出道具|2000|64|68|2020-9-2 18:50:16|
ITEM: NULL|NULL|复活之石(23024)|TiemDelete|2000|61|68|2020-9-2 18:50:16|
ITEM: 蜡厚|1111|复活之石(23024)|丢出道具|2000|64|68|2020-9-2 18:50:16|
ITEM: 蜡厚|1111|复活之石(23024)|丢出道具|2000|64|68|2020-9-2 18:50:17|
ITEM: NULL|NULL|复活之石(23024)|TiemDelete|2000|63|64|2020-9-2 18:50:17|
ITEM: NULL|NULL|复活之石(23024)|TiemDelete|2000|64|64|2020-9-2 18:50:19|
ITEM: NULL|NULL|复活之石(23024)|TiemDelete|2000|64|65|2020-9-2 18:50:19|
ITEM: 蜡厚|1111|复活之石(23024)|丢出道具|2000|66|68|2020-9-2 18:50:20|
ITEM: 蜡厚|1111|复活之石(23024)|丢出道具|2000|66|68|2020-9-2 18:50:20|
ITEM: 蜡厚|1111|复活之石(23024)|丢出道具|2000|66|68|2020-9-2 18:50:21|
ITEM: 蜡厚|1111|复活之石(23024)|丢出道具|2000|66|68|2020-9-2 18:50:22|
ITEM: NULL|NULL|复活之石(23024)|TiemDelete|2000|61|72|2020-9-2 18:50:22|
ITEM: 蜡厚|1111|复活之石(23024)|丢出道具|2000|66|68|2020-9-2 18:50:22|
ITEM: NULL|NULL|复活之石(23024)|TiemDelete|2000|61|70|2020-9-2 18:50:24|
ITEM: NULL|NULL|复活之石(23024)|TiemDelete|2000|61|71|2020-9-2 18:50:24|
ITEM: NULL|NULL|复活之石(23024)|TiemDelete|2000|62|70|2020-9-2 18:50:24|
ITEM: 蜡厚|1111|复活之石(23024)|丢出道具|2000|67|71|2020-9-2 18:50:25|
ITEM: 蜡厚|1111|复活之石(23024)|丢出道具|2000|67|71|2020-9-2 18:50:25|
ITEM: 蜡厚|1111|复活之石(23024)|丢出道具|2000|67|71|2020-9-2 18:50:26|1599097716i451100
ITEM: NULL|NULL|复活之石(23024)|TiemDelete|2000|65|71|2020-9-2 18:50:26|
ITEM: 蜡厚|1111|复活之石(23024)|丢出道具|2000|67|71|2020-9-2 18:50:27|
ITEM: NULL|NULL|复活之石(23024)|TiemDelete|2000|65|72|2020-9-2 18:50:27|
ITEM: 蜡厚|1111|复活之石(23024)|丢出道具|2000|67|71|2020-9-2 18:50:27|
ITEM: 蜡厚|1111|复活之石(23024)|丢出道具|2000|67|71|2020-9-2 18:50:28|
ITEM: NULL|NULL|复活之石(23024)|TiemDelete|2000|64|72|2020-9-2 18:50:28|
ITEM: 蜡厚|1111|复活之石(23024)|丢出道具|2000|67|71|2020-9-2 18:50:29|
ITEM: NULL|NULL|复活之石(23024)|TiemDelete|2000|63|73|2020-9-2 18:50:29|
ITEM: 蜡厚|1111|复活之石(23024)|丢出道具|2000|67|71|2020-9-2 18:50:29|
ITEM: NULL|NULL|复活之石(23024)|TiemDelete|2000|62|71|2020-9-2 18:50:31|
ITEM: NULL|NULL|复活之石(23024)|TiemDelete|2000|62|72|2020-9-2 18:50:31|
ITEM: NULL|NULL|复活之石(23024)|TiemDelete|2000|62|73|2020-9-2 18:50:31|
ITEM: 蜡厚|1111|复活之石(23024)|丢出道具|2000|68|70|2020-9-2 18:50:33|
ITEM: NULL|NULL|复活之石(23024)|TiemDelete|2000|63|71|2020-9-2 18:50:33|
ITEM: NULL|NULL|复活之石(23024)|TiemDelete|2000|64|71|2020-9-2 18:50:33|
ITEM: 蜡厚|1111|复活之石(23024)|丢出道具|2000|68|70|2020-9-2 18:50:34|
ITEM: NULL|NULL|复活之石(23024)|TiemDelete|2000|64|68|2020-9-2 18:50:35|
ITEM: NULL|NULL|复活之石(23024)|TiemDelete|2000|65|70|2020-9-2 18:50:36|
ITEM: 蜡厚|1111|复活之石(23024)|丢出道具|2000|68|70|2020-9-2 18:50:37|
ITEM: NULL|NULL|复活之石(23024)|TiemDelete|2000|62|69|2020-9-2 18:50:37|1599097719i501100
ITEM: 蜡厚|1111|复活之石(23024)|丢出道具|2000|68|70|2020-9-2 18:50:37|
ITEM: NULL|NULL|复活之石(23024)|TiemDelete|2000|62|68|2020-9-2 18:50:38|
ITEM: 蜡厚|1111|复活之石(23024)|丢出道具|2000|68|70|2020-9-2 18:50:39|
ITEM: NULL|NULL|复活之石(23024)|TiemDelete|2000|64|69|2020-9-2 18:50:39|
ITEM: NULL|NULL|复活之石(23024)|TiemDelete|2000|64|70|2020-9-2 18:50:41|
ITEM: 蜡厚|1111|复活之石(23024)|丢出道具|2000|65|72|2020-9-2 18:50:42|
ITEM: NULL|NULL|复活之石(23024)|TiemDelete|2000|63|68|2020-9-2 18:50:42|
ITEM: NULL|NULL|复活之石(23024)|TiemDelete|2000|63|70|2020-9-2 18:50:42|
ITEM: 蜡厚|1111|复活之石(23024)|丢出道具|2000|65|72|2020-9-2 18:50:42|
ITEM: 蜡厚|1111|复活之石(23024)|丢出道具|2000|65|72|2020-9-2 18:50:43|
ITEM: 蜡厚|1111|复活之石(23024)|丢出道具|2000|65|73|2020-9-2 18:50:44|
ITEM: NULL|NULL|复活之石(23024)|TiemDelete|2000|65|67|2020-9-2 18:50:44|
ITEM: 蜡厚|1111|复活之石(23024)|丢出道具|2000|65|73|2020-9-2 18:50:45|
ITEM: NULL|NULL|复活之石(23024)|TiemDelete|2000|65|68|2020-9-2 18:50:45|
ITEM: 蜡厚|1111|复活之石(23024)|丢出道具|2000|65|73|2020-9-2 18:50:45|
ITEM: 蜡厚|1111|复活之石(23024)|丢出道具|2000|65|73|2020-9-2 18:50:46|
ITEM: NULL|NULL|复活之石(23024)|TiemDelete|2000|65|69|2020-9-2 18:50:46|
ITEM: 蜡厚|1111|复活之石(23024)|丢出道具|2000|66|73|2020-9-2 18:50:47|
ITEM: NULL|NULL|复活之石(23024)|TiemDelete|2000|63|67|2020-9-2 18:50:47|
ITEM: NULL|NULL|复活之石(23024)|TiemDelete|2000|63|69|2020-9-2 18:50:47|
ITEM: 蜡厚|1111|复活之石(23024)|丢出道具|2000|66|73|2020-9-2 18:50:48|1599097720i511100
ITEM: NULL|NULL|复活之石(23024)|TiemDelete|2000|64|67|2020-9-2 18:50:48|
ITEM: 蜡厚|1111|复活之石(23024)|丢出道具|2000|66|74|2020-9-2 18:50:50|
ITEM: 蜡厚|1111|复活之石(23024)|丢出道具|2000|66|74|2020-9-2 18:50:51|
ITEM: NULL|NULL|复活之石(23024)|TiemDelete|2000|67|68|2020-9-2 18:50:51|
ITEM: NULL|NULL|复活之石(23024)|TiemDelete|2000|67|69|2020-9-2 18:50:51|
ITEM: 蜡厚|1111|复活之石(23024)|丢出道具|2000|66|74|2020-9-2 18:50:52|
ITEM: NULL|NULL|复活之石(23024)|TiemDelete|2000|66|69|2020-9-2 18:50:52|
ITEM: 蜡厚|1111|复活之石(23024)|丢出道具|2000|66|74|2020-9-2 18:50:52|
ITEM: NULL|NULL|复活之石(23024)|TiemDelete|2000|66|67|2020-9-2 18:50:53|
ITEM: NULL|NULL|复活之石(23024)|TiemDelete|2000|67|67|2020-9-2 18:50:53|
ITEM: 蜡厚|1111|复活之石(23024)|丢出道具|2000|67|74|2020-9-2 18:50:54|
ITEM: 蜡厚|1111|复活之石(23024)|丢出道具|2000|67|74|2020-9-2 18:50:54|
ITEM: 蜡厚|1111|复活之石(23024)|丢出道具|2000|67|74|2020-9-2 18:50:55|
ITEM: 蜡厚|1111|复活之石(23024)|丢出道具|2000|67|74|2020-9-2 18:50:55|
ITEM: 蜡厚|1111|复活之石(23024)|丢出道具|2000|67|74|2020-9-2 18:50:56|
ITEM: NULL|NULL|复活之石(23024)|TiemDelete|2000|66|72|2020-9-2 18:50:56|
ITEM: NULL|NULL|复活之石(23024)|TiemDelete|2000|67|72|2020-9-2 18:50:56|
ITEM: NULL|NULL|复活之石(23024)|TiemDelete|2000|66|71|2020-9-2 18:50:57|1599097716i451100
ITEM: 蜡厚|1111|复活之石(23024)|丢出道具|2000|69|74|2020-9-2 18:50:57|
ITEM: 蜡厚|1111|复活之石(23024)|丢出道具|2000|69|74|2020-9-2 18:50:58|
ITEM: NULL|NULL|复活之石(23024)|TiemDelete|2000|66|70|2020-9-2 18:50:58|
ITEM: NULL|NULL|复活之石(23024)|TiemDelete|2000|67|70|2020-9-2 18:50:58|
ITEM: 蜡厚|1111|复活之石(23024)|丢出道具|2000|69|74|2020-9-2 18:50:59|
ITEM: NULL|NULL|复活之石(23024)|TiemDelete|2000|68|70|2020-9-2 18:50:59|
ITEM: 蜡厚|1111|复活之石(23024)|丢出道具|2000|69|74|2020-9-2 18:50:59|
ITEM: NULL|NULL|复活之石(23024)|TiemDelete|2000|68|71|2020-9-2 18:51:0|
ITEM: NULL|NULL|复活之石(23024)|TiemDelete|2000|68|72|2020-9-2 18:51:0|
ITEM: 蜡厚|1111|复活之石(23024)|丢出道具|2000|69|73|2020-9-2 18:51:1|
ITEM: 蜡厚|1111|复活之石(23024)|丢出道具|2000|69|73|2020-9-2 18:51:2|
ITEM: 蜡厚|1111|复活之石(23024)|丢出道具|2000|69|73|2020-9-2 18:51:3|
ITEM: 蜡厚|1111|复活之石(23024)|丢出道具|2000|69|73|2020-9-2 18:51:4|
ITEM: NULL|NULL|复活之石(23024)|TiemDelete|2000|69|69|2020-9-2 18:51:4|
ITEM: NULL|NULL|复活之石(23024)|TiemDelete|2000|69|70|2020-9-2 18:51:5|
ITEM: 蜡厚|1111|复活之石(23024)|丢出道具|2000|69|73|2020-9-2 18:51:6|
ITEM: NULL|NULL|复活之石(23024)|TiemDelete|2000|68|69|2020-9-2 18:51:8|
ITEM: NULL|NULL|复活之石(23024)|TiemDelete|2000|69|71|2020-9-2 18:51:8|
ITEM: 蜡厚|1111|复活之石(23024)|丢出道具|2000|67|69|2020-9-2 18:51:10|
ITEM: NULL|NULL|复活之石(23024)|TiemDelete|2000|67|71|2020-9-2 18:51:10|
ITEM: 蜡厚|1111|复活之石(23024)|丢出道具|2000|67|69|2020-9-2 18:51:10|
ITEM: 蜡厚|1111|复活之石(23024)|丢出道具|2000|67|69|2020-9-2 18:51:11|1599097717i481100
ITEM: 蜡厚|1111|复活之石(23024)|丢出道具|2000|65|68|2020-9-2 18:51:12|
ITEM: 蜡厚|1111|复活之石(23024)|丢出道具|2000|65|68|2020-9-2 18:51:13|
ITEM: NULL|NULL|复活之石(23024)|TiemDelete|2000|64|71|2020-9-2 18:51:13|
ITEM: NULL|NULL|复活之石(23024)|TiemDelete|2000|64|72|2020-9-2 18:51:13|
ITEM: 蜡厚|1111|复活之石(23024)|丢出道具|2000|65|68|2020-9-2 18:51:13|
ITEM: 蜡厚|1111|复活之石(23024)|丢出道具|2000|65|68|2020-9-2 18:51:14|
ITEM: NULL|NULL|复活之石(23024)|TiemDelete|2000|65|71|2020-9-2 18:51:14|
ITEM: 蜡厚|1111|复活之石(23024)|丢出道具|2000|65|68|2020-9-2 18:51:15|
ITEM: NULL|NULL|复活之石(23024)|TiemDelete|2000|65|74|2020-9-2 18:51:15|
ITEM: 蜡厚|1111|复活之石(23024)|丢出道具|2000|65|68|2020-9-2 18:51:15|
ITEM: 蜡厚|1111|复活之石(23024)|丢出道具|2000|65|68|2020-9-2 18:51:16|
ITEM: NULL|NULL|复活之石(23024)|TiemDelete|2000|64|73|2020-9-2 18:51:16|
ITEM: NULL|NULL|复活之石(23024)|TiemDelete|2000|64|74|2020-9-2 18:51:16|
ITEM: NULL|NULL|复活之石(23024)|TiemDelete|2000|65|72|2020-9-2 18:51:17|
ITEM: 蜡厚|1111|复活之石(23024)|丢出道具|2000|64|69|2020-9-2 18:51:17|
ITEM: 蜡厚|1111|复活之石(23024)|丢出道具|2000|64|69|2020-9-2 18:51:18|
ITEM: NULL|NULL|复活之石(23024)|TiemDelete|2000|67|73|2020-9-2 18:51:18|
ITEM: 蜡厚|1111|复活之石(23024)|丢出道具|2000|64|69|2020-9-2 18:51:19|
ITEM: NULL|NULL|复活之石(23024)|TiemDelete|2000|67|74|2020-9-2 18:51:19|1599097720i511100
ITEM: 蜡厚|1111|复活之石(23024)|丢出道具|2000|64|69|2020-9-2 18:51:19|
ITEM: 蜡厚|1111|复活之石(23024)|丢出道具|2000|64|69|2020-9-2 18:51:20|
ITEM: NULL|NULL|复活之石(23024)|TiemDelete|2000|66|75|2020-9-2 18:51:21|
ITEM: 蜡厚|1111|复活之石(23024)|丢出道具|2000|64|71|2020-9-2 18:51:22|1599097720i521100
ITEM: NULL|NULL|复活之石(23024)|TiemDelete|2000|65|75|2020-9-2 18:51:22|
ITEM: NULL|NULL|复活之石(23024)|TiemDelete|2000|65|73|2020-9-2 18:51:23|
ITEM: NULL|NULL|复活之石(23024)|TiemDelete|2000|66|73|2020-9-2 18:51:23|
ITEM: 蜡厚|1111|复活之石(23024)|丢出道具|2000|62|72|2020-9-2 18:51:24|
ITEM: 蜡厚|1111|复活之石(23024)|丢出道具|2000|62|72|2020-9-2 18:51:24|
ITEM: 蜡厚|1111|复活之石(23024)|丢出道具|2000|62|72|2020-9-2 18:51:25|1599097717i471100
ITEM: NULL|NULL|复活之石(23024)|TiemDelete|2000|68|74|2020-9-2 18:51:25|
ITEM: NULL|NULL|复活之石(23024)|TiemDelete|2000|68|75|2020-9-2 18:51:25|
ITEM: 蜡厚|1111|复活之石(23024)|丢出道具|2000|62|72|2020-9-2 18:51:26|
ITEM: NULL|NULL|复活之石(23024)|TiemDelete|2000|66|74|2020-9-2 18:51:26|
ITEM: NULL|NULL|复活之石(23024)|TiemDelete|2000|67|75|2020-9-2 18:51:26|
ITEM: 蜡厚|1111|复活之石(23024)|丢出道具|2000|62|72|2020-9-2 18:51:27|
ITEM: NULL|NULL|复活之石(23024)|TiemDelete|2000|68|73|2020-9-2 18:51:27|
ITEM: 蜡厚|1111|复活之石(23024)|丢出道具|2000|63|74|2020-9-2 18:51:28|
ITEM: NULL|NULL|复活之石(23024)|TiemDelete|2000|70|74|2020-9-2 18:51:28|
ITEM: 蜡厚|1111|复活之石(23024)|丢出道具|2000|63|74|2020-9-2 18:51:29|
ITEM: NULL|NULL|复活之石(23024)|TiemDelete|2000|70|75|2020-9-2 18:51:29|
ITEM: 蜡厚|1111|复活之石(23024)|丢出道具|2000|63|74|2020-9-2 18:51:29|
ITEM: 蜡厚|1111|复活之石(23024)|丢出道具|2000|63|74|2020-9-2 18:51:30|
ITEM: NULL|NULL|复活之石(23024)|TiemDelete|2000|69|73|2020-9-2 18:51:30|
ITEM: NULL|NULL|复活之石(23024)|TiemDelete|2000|69|75|2020-9-2 18:51:30|
ITEM: 蜡厚|1111|复活之石(23024)|丢出道具|2000|63|74|2020-9-2 18:51:31|
ITEM: 蜡厚|1111|复活之石(23024)|丢出道具|2000|64|74|2020-9-2 18:51:32|
ITEM: NULL|NULL|复活之石(23024)|TiemDelete|2000|69|72|2020-9-2 18:51:32|
ITEM: 蜡厚|1111|复活之石(23024)|丢出道具|2000|64|74|2020-9-2 18:51:33|
ITEM: NULL|NULL|复活之石(23024)|TiemDelete|2000|70|72|2020-9-2 18:51:33|
ITEM: 蜡厚|1111|复活之石(23024)|丢出道具|2000|64|74|2020-9-2 18:51:34|
ITEM: NULL|NULL|复活之石(23024)|TiemDelete|2000|70|73|2020-9-2 18:51:34|
ITEM: 蜡厚|1111|复活之石(23024)|丢出道具|2000|66|74|2020-9-2 18:51:35|
ITEM: NULL|NULL|复活之石(23024)|TiemDelete|2000|69|74|2020-9-2 18:51:35|
ITEM: 蜡厚|1111|复活之石(23024)|丢出道具|2000|66|74|2020-9-2 18:51:36|
ITEM: 蜡厚|1111|复活之石(23024)|丢出道具|2000|67|72|2020-9-2 18:51:37|1599097722i541100
ITEM: NULL|NULL|复活之石(23024)|TiemDelete|2000|68|72|2020-9-2 18:51:37|
ITEM: 蜡厚|1111|复活之石(23024)|丢出道具|2000|66|72|2020-9-2 18:51:39|
ITEM: 蜡厚|1111|复活之石(23024)|丢出道具|2000|66|72|2020-9-2 18:51:39|
ITEM: 蜡厚|1111|复活之石(23024)|丢出道具|2000|67|72|2020-9-2 18:51:41|
ITEM: NULL|NULL|复活之石(23024)|TiemDelete|2000|67|68|2020-9-2 18:51:41|
ITEM: NULL|NULL|复活之石(23024)|TiemDelete|2000|68|68|2020-9-2 18:51:41|
ITEM: 蜡厚|1111|复活之石(23024)|丢出道具|2000|67|72|2020-9-2 18:51:42|
ITEM: NULL|NULL|复活之石(23024)|TiemDelete|2000|68|69|2020-9-2 18:51:42|1599097717i481100
ITEM: 蜡厚|1111|复活之石(23024)|丢出道具|2000|67|72|2020-9-2 18:51:43|
ITEM: NULL|NULL|复活之石(23024)|TiemDelete|2000|64|68|2020-9-2 18:51:43|
ITEM: 蜡厚|1111|复活之石(23024)|丢出道具|2000|67|72|2020-9-2 18:51:44|
ITEM: NULL|NULL|复活之石(23024)|TiemDelete|2000|64|67|2020-9-2 18:51:44|
ITEM: NULL|NULL|复活之石(23024)|TiemDelete|2000|65|67|2020-9-2 18:51:44|
ITEM: 蜡厚|1111|复活之石(23024)|丢出道具|2000|67|72|2020-9-2 18:51:45|
ITEM: NULL|NULL|复活之石(23024)|TiemDelete|2000|66|67|2020-9-2 18:51:45|
ITEM: 蜡厚|1111|复活之石(23024)|丢出道具|2000|67|72|2020-9-2 18:51:45|
ITEM: 蜡厚|1111|复活之石(23024)|丢出道具|2000|67|72|2020-9-2 18:51:46|
ITEM: NULL|NULL|复活之石(23024)|TiemDelete|2000|66|68|2020-9-2 18:51:46|
ITEM: NULL|NULL|复活之石(23024)|TiemDelete|2000|66|69|2020-9-2 18:51:46|
ITEM: NULL|NULL|复活之石(23024)|TiemDelete|2000|65|69|2020-9-2 18:51:47|
ITEM: 蜡厚|1111|复活之石(23024)|丢出道具|2000|67|68|2020-9-2 18:51:48|
ITEM: NULL|NULL|复活之石(23024)|TiemDelete|2000|63|70|2020-9-2 18:51:48|
ITEM: 蜡厚|1111|复活之石(23024)|丢出道具|2000|67|68|2020-9-2 18:51:49|
ITEM: NULL|NULL|复活之石(23024)|TiemDelete|2000|63|69|2020-9-2 18:51:49|
ITEM: 蜡厚|1111|复活之石(23024)|丢出道具|2000|67|68|2020-9-2 18:51:50|
ITEM: NULL|NULL|复活之石(23024)|TiemDelete|2000|63|68|2020-9-2 18:51:50|
ITEM: NULL|NULL|复活之石(23024)|TiemDelete|2000|65|68|2020-9-2 18:51:50|
ITEM: 蜡厚|1111|复活之石(23024)|丢出道具|2000|67|68|2020-9-2 18:51:51|
ITEM: NULL|NULL|复活之石(23024)|TiemDelete|2000|65|70|2020-9-2 18:51:51|
ITEM: 蜡厚|1111|复活之石(23024)|丢出道具|2000|67|68|2020-9-2 18:51:52|
ITEM: 蜡厚|1111|复活之石(23024)|丢出道具|2000|67|68|2020-9-2 18:51:53|
ITEM: NULL|NULL|复活之石(23024)|TiemDelete|2000|64|72|2020-9-2 18:51:53|1599097720i521100
ITEM: 蜡厚|1111|复活之石(23024)|丢出道具|2000|68|69|2020-9-2 18:51:54|
ITEM: 蜡厚|1111|复活之石(23024)|丢出道具|2000|68|69|2020-9-2 18:51:55|
ITEM: NULL|NULL|复活之石(23024)|TiemDelete|2000|61|71|2020-9-2 18:51:55|
ITEM: NULL|NULL|复活之石(23024)|TiemDelete|2000|61|72|2020-9-2 18:51:55|
ITEM: 蜡厚|1111|复活之石(23024)|丢出道具|2000|68|69|2020-9-2 18:51:56|1599097721i531100
ITEM: NULL|NULL|复活之石(23024)|TiemDelete|2000|62|71|2020-9-2 18:51:56|1599097717i471100
ITEM: NULL|NULL|复活之石(23024)|TiemDelete|2000|63|71|2020-9-2 18:51:57|
ITEM: NULL|NULL|复活之石(23024)|TiemDelete|2000|63|72|2020-9-2 18:51:58|
ITEM: 蜡厚|1111|复活之石(23024)|丢出道具|2000|63|66|2020-9-2 18:51:58|
ITEM: 蜡厚|1111|复活之石(23024)|丢出道具|2000|63|66|2020-9-2 18:51:59|
ITEM: NULL|NULL|复活之石(23024)|TiemDelete|2000|63|75|2020-9-2 18:51:59|
ITEM: 蜡厚|1111|复活之石(23024)|丢出道具|2000|63|66|2020-9-2 18:51:59|
ITEM: 蜡厚|1111|复活之石(23024)|丢出道具|2000|63|66|2020-9-2 18:52:0|
ITEM: NULL|NULL|复活之石(23024)|TiemDelete|2000|62|74|2020-9-2 18:52:0|
ITEM: NULL|NULL|复活之石(23024)|TiemDelete|2000|62|75|2020-9-2 18:52:0|
ITEM: 蜡厚|1111|复活之石(23024)|丢出道具|2000|63|66|2020-9-2 18:52:1|
ITEM: NULL|NULL|复活之石(23024)|TiemDelete|2000|62|73|2020-9-2 18:52:1|
ITEM: 蜡厚|1111|复活之石(23024)|丢出道具|2000|63|66|2020-9-2 18:52:2|
ITEM: NULL|NULL|复活之石(23024)|TiemDelete|2000|63|73|2020-9-2 18:52:2|
ITEM: 蜡厚|1111|复活之石(23024)|丢出道具|2000|63|66|2020-9-2 18:52:3|
ITEM: NULL|NULL|复活之石(23024)|TiemDelete|2000|65|74|2020-9-2 18:52:3|
ITEM: 蜡厚|1111|复活之石(23024)|丢出道具|2000|62|69|2020-9-2 18:52:4|
ITEM: NULL|NULL|复活之石(23024)|TiemDelete|2000|65|75|2020-9-2 18:52:4|
ITEM: 蜡厚|1111|复活之石(23024)|丢出道具|2000|62|69|2020-9-2 18:52:5|
ITEM: NULL|NULL|复活之石(23024)|TiemDelete|2000|64|75|2020-9-2 18:52:5|
ITEM: 蜡厚|1111|复活之石(23024)|丢出道具|2000|62|69|2020-9-2 18:52:6|
ITEM: NULL|NULL|复活之石(23024)|TiemDelete|2000|67|74|2020-9-2 18:52:6|
ITEM: 蜡厚|1111|复活之石(23024)|丢出道具|2000|62|69|2020-9-2 18:52:7|
ITEM: NULL|NULL|复活之石(23024)|TiemDelete|2000|67|75|2020-9-2 18:52:7|
ITEM: 蜡厚|1111|复活之石(23024)|丢出道具|2000|62|69|2020-9-2 18:52:8|
ITEM: NULL|NULL|复活之石(23024)|TiemDelete|2000|67|71|2020-9-2 18:52:8|1599097722i541100
ITEM: 蜡厚|1111|复活之石(23024)|丢出道具|2000|62|69|2020-9-2 18:52:8|
ITEM: NULL|NULL|复活之石(23024)|TiemDelete|2000|65|71|2020-9-2 18:52:10|
ITEM: NULL|NULL|复活之石(23024)|TiemDelete|2000|65|72|2020-9-2 18:52:10|
ITEM: 蜡厚|1111|复活之石(23024)|丢出道具|2000|61|74|2020-9-2 18:52:11|
ITEM: 蜡厚|1111|复活之石(23024)|丢出道具|2000|61|74|2020-9-2 18:52:12|
ITEM: NULL|NULL|复活之石(23024)|TiemDelete|2000|68|72|2020-9-2 18:52:12|
ITEM: 蜡厚|1111|复活之石(23024)|丢出道具|2000|61|74|2020-9-2 18:52:12|
ITEM: 蜡厚|1111|复活之石(23024)|丢出道具|2000|61|74|2020-9-2 18:52:13|
ITEM: NULL|NULL|复活之石(23024)|TiemDelete|2000|68|73|2020-9-2 18:52:13|
ITEM: 蜡厚|1111|复活之石(23024)|丢出道具|2000|61|74|2020-9-2 18:52:15|
ITEM: NULL|NULL|复活之石(23024)|TiemDelete|2000|66|73|2020-9-2 18:52:15|
ITEM: NULL|NULL|复活之石(23024)|TiemDelete|2000|67|73|2020-9-2 18:52:15|
ITEM: 蜡厚|1111|复活之石(23024)|丢出道具|2000|61|74|2020-9-2 18:52:17|
ITEM: NULL|NULL|复活之石(23024)|TiemDelete|2000|66|71|2020-9-2 18:52:17|
ITEM: NULL|NULL|复活之石(23024)|TiemDelete|2000|66|72|2020-9-2 18:52:17|
ITEM: NULL|NULL|复活之石(23024)|TiemDelete|2000|68|71|2020-9-2 18:52:17|
ITEM: 蜡厚|1111|复活之石(23024)|丢出道具|2000|61|74|2020-9-2 18:52:18|1599097718i491100
ITEM: 蜡厚|1111|复活之石(23024)|丢出道具|2000|63|74|2020-9-2 18:52:19|
ITEM: NULL|NULL|复活之石(23024)|TiemDelete|2000|67|67|2020-9-2 18:52:19|
ITEM: 蜡厚|1111|复活之石(23024)|丢出道具|2000|63|74|2020-9-2 18:52:19|
ITEM: 蜡厚|1111|复活之石(23024)|丢出道具|2000|63|74|2020-9-2 18:52:20|
ITEM: NULL|NULL|复活之石(23024)|TiemDelete|2000|68|67|2020-9-2 18:52:20|
ITEM: 蜡厚|1111|复活之石(23024)|丢出道具|2000|63|74|2020-9-2 18:52:21|
ITEM: NULL|NULL|复活之石(23024)|TiemDelete|2000|68|68|2020-9-2 18:52:21|
ITEM: 蜡厚|1111|复活之石(23024)|丢出道具|2000|63|74|2020-9-2 18:52:21|
ITEM: 蜡厚|1111|复活之石(23024)|丢出道具|2000|63|74|2020-9-2 18:52:22|
ITEM: NULL|NULL|复活之石(23024)|TiemDelete|2000|67|69|2020-9-2 18:52:22|
ITEM: NULL|NULL|复活之石(23024)|TiemDelete|2000|66|69|2020-9-2 18:52:23|
ITEM: 蜡厚|1111|复活之石(23024)|丢出道具|2000|66|74|2020-9-2 18:52:23|
ITEM: 蜡厚|1111|复活之石(23024)|丢出道具|2000|66|74|2020-9-2 18:52:24|
ITEM: NULL|NULL|复活之石(23024)|TiemDelete|2000|66|68|2020-9-2 18:52:24|
ITEM: 蜡厚|1111|复活之石(23024)|丢出道具|2000|66|74|2020-9-2 18:52:25|
ITEM: NULL|NULL|复活之石(23024)|TiemDelete|2000|69|70|2020-9-2 18:52:25|
ITEM: 蜡厚|1111|复活之石(23024)|丢出道具|2000|66|74|2020-9-2 18:52:25|
ITEM: 蜡厚|1111|复活之石(23024)|丢出道具|2000|66|74|2020-9-2 18:52:26|
ITEM: NULL|NULL|复活之石(23024)|TiemDelete|2000|68|70|2020-9-2 18:52:26|
ITEM: 蜡厚|1111|复活之石(23024)|丢出道具|2000|66|74|2020-9-2 18:52:27|
ITEM: NULL|NULL|复活之石(23024)|TiemDelete|2000|67|70|2020-9-2 18:52:27|1599097721i531100
ITEM: 蜡厚|1111|复活之石(23024)|丢出道具|2000|66|74|2020-9-2 18:52:28|
ITEM: 蜡厚|1111|复活之石(23024)|丢出道具|2000|66|74|2020-9-2 18:52:28|
ITEM: NULL|NULL|复活之石(23024)|TiemDelete|2000|62|65|2020-9-2 18:52:30|
ITEM: NULL|NULL|复活之石(23024)|TiemDelete|2000|62|66|2020-9-2 18:52:30|
ITEM: NULL|NULL|复活之石(23024)|TiemDelete|2000|63|65|2020-9-2 18:52:30|
ITEM: 蜡厚|1111|复活之石(23024)|丢出道具|2000|67|72|2020-9-2 18:52:31|
ITEM: NULL|NULL|复活之石(23024)|TiemDelete|2000|64|65|2020-9-2 18:52:31|
ITEM: 厘厚|yesdw00|小棍棒(100)|GM制作道具|2000|63|71|2020-9-2 18:52:31|1599097951i571100
ITEM: 蜡厚|1111|复活之石(23024)|丢出道具|2000|67|72|2020-9-2 18:52:32|
ITEM: NULL|NULL|复活之石(23024)|TiemDelete|2000|64|66|2020-9-2 18:52:32|
ITEM: 蜡厚|1111|复活之石(23024)|丢出道具|2000|67|72|2020-9-2 18:52:32|
ITEM: 蜡厚|1111|复活之石(23024)|丢出道具|2000|67|72|2020-9-2 18:52:33|
ITEM: NULL|NULL|复活之石(23024)|TiemDelete|2000|64|67|2020-9-2 18:52:33|
ITEM: 蜡厚|1111|复活之石(23024)|丢出道具|2000|67|72|2020-9-2 18:52:34|
ITEM: NULL|NULL|复活之石(23024)|TiemDelete|2000|63|67|2020-9-2 18:52:34|
ITEM: 蜡厚|1111|复活之石(23024)|丢出道具|2000|67|72|2020-9-2 18:52:34|1599097714i441100
ITEM: NULL|NULL|复活之石(23024)|TiemDelete|2000|61|70|2020-9-2 18:52:35|
ITEM: NULL|NULL|复活之石(23024)|TiemDelete|2000|61|69|2020-9-2 18:52:36|
ITEM: 厘厚|yesdw00|Ｍａｘ手环(2626)|GM制作道具|2000|63|71|2020-9-2 18:52:41|1599097961i581100
ITEM: 厘厚|yesdw00|Ｍａｘ手环(2626)|丢出道具|2000|63|71|2020-9-2 18:52:47|1599097961i581100
ITEM: NULL|NULL|复活之石(23024)|TiemDelete|2000|60|73|2020-9-2 18:52:47|
ITEM: NULL|NULL|复活之石(23024)|TiemDelete|2000|60|74|2020-9-2 18:52:47|
ITEM: NULL|NULL|复活之石(23024)|TiemDelete|2000|60|75|2020-9-2 18:52:47|
ITEM: NULL|NULL|复活之石(23024)|TiemDelete|2000|61|68|2020-9-2 18:52:47|
ITEM: NULL|NULL|复活之石(23024)|TiemDelete|2000|61|73|2020-9-2 18:52:47|
ITEM: NULL|NULL|复活之石(23024)|TiemDelete|2000|61|75|2020-9-2 18:52:47|
ITEM: NULL|NULL|复活之石(23024)|TiemDelete|2000|62|68|2020-9-2 18:52:47|
ITEM: NULL|NULL|复活之石(23024)|TiemDelete|2000|63|68|2020-9-2 18:52:47|
ITEM: NULL|NULL|复活之石(23024)|TiemDelete|2000|63|69|2020-9-2 18:52:47|
ITEM: 蜡厚|1111|Ｍａｘ手环(2626)|捡起道具|2000|64|72|2020-9-2 18:52:47|1599097961i581100
ITEM: NULL|NULL|复活之石(23024)|TiemDelete|2000|62|73|2020-9-2 18:52:55|
ITEM: NULL|NULL|复活之石(23024)|TiemDelete|2000|62|74|2020-9-2 18:52:55|1599097718i491100
ITEM: NULL|NULL|复活之石(23024)|TiemDelete|2000|62|75|2020-9-2 18:52:55|
ITEM: NULL|NULL|复活之石(23024)|TiemDelete|2000|63|73|2020-9-2 18:52:55|
ITEM: NULL|NULL|复活之石(23024)|TiemDelete|2000|63|75|2020-9-2 18:52:55|
ITEM: NULL|NULL|复活之石(23024)|TiemDelete|2000|64|73|2020-9-2 18:52:55|
ITEM: NULL|NULL|复活之石(23024)|TiemDelete|2000|64|74|2020-9-2 18:52:55|
ITEM: NULL|NULL|复活之石(23024)|TiemDelete|2000|64|75|2020-9-2 18:52:55|
ITEM: NULL|NULL|复活之石(23024)|TiemDelete|2000|67|74|2020-9-2 18:52:55|
ITEM: NULL|NULL|复活之石(23024)|TiemDelete|2000|67|75|2020-9-2 18:52:55|
ITEM: NULL|NULL|复活之石(23024)|TiemDelete|2000|65|75|2020-9-2 18:52:56|
ITEM: NULL|NULL|复活之石(23024)|TiemDelete|2000|66|75|2020-9-2 18:52:56|
ITEM: NULL|NULL|复活之石(23024)|TiemDelete|2000|65|74|2020-9-2 18:52:57|
ITEM: NULL|NULL|复活之石(23024)|TiemDelete|2000|65|73|2020-9-2 18:52:59|
ITEM: NULL|NULL|复活之石(23024)|TiemDelete|2000|66|73|2020-9-2 18:52:59|
ITEM: NULL|NULL|复活之石(23024)|TiemDelete|2000|67|73|2020-9-2 18:52:59|
ITEM: 蜡厚|1111|Ｍａｘ手环(2626)|丢出道具|2000|64|72|2020-9-2 18:53:5|1599097961i581100
ITEM: NULL|NULL|复活之石(23024)|TiemDelete|2000|66|71|2020-9-2 18:53:5|1599097714i441100
ITEM: NULL|NULL|复活之石(23024)|TiemDelete|2000|66|72|2020-9-2 18:53:5|
ITEM: NULL|NULL|复活之石(23024)|TiemDelete|2000|67|71|2020-9-2 18:53:5|
ITEM: NULL|NULL|复活之石(23024)|TiemDelete|2000|68|71|2020-9-2 18:53:5|
ITEM: NULL|NULL|复活之石(23024)|TiemDelete|2000|68|72|2020-9-2 18:53:5|
ITEM: NULL|NULL|复活之石(23024)|TiemDelete|2000|68|73|2020-9-2 18:53:5|
ITEM: 蜡厚|1111|Ｍａｘ手环(2626)|捡起道具|2000|63|73|2020-9-2 18:53:26|1599097961i581100
ITEM: 蜡厚|1111|Ｍａｘ手环(2626)|丢出道具|2000|66|71|2020-9-2 18:53:27|1599097961i581100
ITEM: 厘厚|yesdw00|智慧之果Max(23010)|GM制作道具|2000|63|71|2020-9-2 18:53:32|1599098012i591100
ITEM: 厘厚|yesdw00|智慧之果Max(23010)|使用道具|2000|63|71|2020-9-2 18:53:34|1599098012i591100
ITEM: 厘厚|yesdw00|智慧之果Max(23010)|战斗使用道具|2000|63|71|2020-9-2 18:53:34|1599098012i591100
ITEM: 厘厚|yesdw00|智慧之果Max(23010)|GM制作道具|2000|63|71|2020-9-2 18:53:37|1599098017i601100
ITEM: 厘厚|yesdw00|智慧之果Max(23010)|丢出道具|2000|63|71|2020-9-2 18:53:40|1599098017i601100
ITEM: 蜡厚|1111|智慧之果Max(23010)|捡起道具|2000|63|72|2020-9-2 18:53:40|1599098017i601100
ITEM: 蜡厚|1111|智慧之果Max(23010)|使用道具|2000|63|72|2020-9-2 18:53:42|1599098017i601100
ITEM: 蜡厚|1111|智慧之果Max(23010)|战斗使用道具|2000|63|72|2020-9-2 18:53:42|1599098017i601100
ITEM: NULL|NULL|Ｍａｘ手环(2626)|TiemDelete|2000|67|71|2020-9-2 18:54:56|1599097961i581100
ITEM: 厘厚|yesdw00|焰红之枪2(1920)|GM制作道具|2000|63|71|2020-9-2 18:55:2|1599098102i611100
ITEM: 厘厚|yesdw00|焰红之枪2(1920)|丢出道具|2000|63|71|2020-9-2 18:55:9|1599098102i611100
ITEM: 蜡厚|1111|焰红之枪2(1920)|捡起道具|2000|64|72|2020-9-2 18:55:10|1599098102i611100
ITEM: 厘厚|yesdw00|湛蓝之铠2(1918)|GM制作道具|2000|63|71|2020-9-2 18:55:15|1599098115i621100
ITEM: 厘厚|yesdw00|湛蓝之铠2(1918)|丢出道具|2000|63|71|2020-9-2 18:55:17|1599098115i621100
ITEM: 蜡厚|1111|焰红之枪2(1920)|丢出道具|2000|64|72|2020-9-2 18:55:17|1599098102i611100
ITEM: 蜡厚|1111|湛蓝之铠2(1918)|捡起道具|2000|64|72|2020-9-2 18:55:18|1599098115i621100
ITEM: 厘厚|yesdw00|湛蓝之兜2(1917)|GM制作道具|2000|63|71|2020-9-2 18:55:20|1599098120i631100
ITEM: 厘厚|yesdw00|湛蓝之兜2(1917)|丢出道具|2000|63|71|2020-9-2 18:55:21|1599098120i631100
ITEM: 厘厚|yesdw00|焰红之斧2(1919)|GM制作道具|2000|63|71|2020-9-2 18:55:25|1599098125i641100
ITEM: 蜡厚|1111|湛蓝之兜2(1917)|捡起道具|2000|64|72|2020-9-2 18:55:25|1599098120i631100
ITEM: 厘厚|yesdw00|焰红之斧2(1919)|丢出道具|2000|63|71|2020-9-2 18:55:26|1599098125i641100
ITEM: 厘厚|yesdw00|焰红之枪2(1920)|GM制作道具|2000|63|71|2020-9-2 18:55:29|1599098129i651100
ITEM: 厘厚|yesdw00|焰红之枪2(1920)|丢出道具|2000|63|71|2020-9-2 18:55:31|1599098129i651100
ITEM: 蜡厚|1111|焰红之枪2(1920)|捡起道具|2000|63|72|2020-9-2 18:55:32|1599098129i651100
ITEM: 厘厚|yesdw00|焰红之棍2(1921)|GM制作道具|2000|63|71|2020-9-2 18:55:39|1599098139i661100
ITEM: 厘厚|yesdw00|焰红之棍2(1921)|丢出道具|2000|63|71|2020-9-2 18:55:41|1599098139i661100
ITEM: 蜡厚|1111|焰红之棍2(1921)|捡起道具|2000|63|72|2020-9-2 18:55:43|1599098139i661100
ITEM: 蜡厚|1111|焰红之枪2(1920)|丢出道具|2000|64|71|2020-9-2 18:55:47|1599098129i651100
ITEM: 蜡厚|1111|焰红之棍2(1921)|丢出道具|2000|64|71|2020-9-2 18:55:47|1599098139i661100
ITEM: 蜡厚|1111|湛蓝之铠2(1918)|丢出道具|2000|64|71|2020-9-2 18:55:48|1599098115i621100
ITEM: NULL|NULL|焰红之枪2(1920)|TiemDelete|2000|63|71|2020-9-2 18:55:48|1599098102i611100
ITEM: 厘厚|yesdw00|岚黄之斧2(1924)|GM制作道具|2000|63|71|2020-9-2 18:55:48|1599098148i671100
ITEM: 蜡厚|1111|湛蓝之兜2(1917)|丢出道具|2000|64|71|2020-9-2 18:55:49|1599098120i631100
ITEM: 厘厚|yesdw00|岚黄之斧2(1924)|丢出道具|2000|63|71|2020-9-2 18:55:49|1599098148i671100
ITEM: NULL|NULL|焰红之斧2(1919)|TiemDelete|2000|63|72|2020-9-2 18:55:57|1599098125i641100
ITEM: 厘厚|yesdw00|岚黄之棍2(1926)|GM制作道具|2000|63|71|2020-9-2 18:55:57|1599098157i681100
ITEM: 厘厚|yesdw00|岚黄之棍2(1926)|丢出道具|2000|63|71|2020-9-2 18:55:59|1599098157i681100
ITEM: 厘厚|yesdw00|岚黄之铠2(1928)|GM制作道具|2000|62|73|2020-9-2 18:56:6|1599098166i691100
ITEM: 厘厚|yesdw00|岚黄之铠2(1928)|丢出道具|2000|62|73|2020-9-2 18:56:7|1599098166i691100
ITEM: 厘厚|yesdw00|苍绿之斧3(1929)|GM制作道具|2000|62|73|2020-9-2 18:56:12|1599098172i701100
ITEM: 厘厚|yesdw00|苍绿之斧3(1929)|丢出道具|2000|62|73|2020-9-2 18:56:13|1599098172i701100
ITEM: NULL|NULL|焰红之枪2(1920)|TiemDelete|2000|63|70|2020-9-2 18:56:18|1599098129i651100
ITEM: NULL|NULL|焰红之棍2(1921)|TiemDelete|2000|64|70|2020-9-2 18:56:18|1599098139i661100
ITEM: NULL|NULL|湛蓝之铠2(1918)|TiemDelete|2000|65|70|2020-9-2 18:56:19|1599098115i621100
ITEM: NULL|NULL|岚黄之斧2(1924)|TiemDelete|2000|62|72|2020-9-2 18:56:20|1599098148i671100
ITEM: NULL|NULL|湛蓝之兜2(1917)|TiemDelete|2000|65|71|2020-9-2 18:56:20|1599098120i631100
ITEM: NULL|NULL|岚黄之棍2(1926)|TiemDelete|2000|63|72|2020-9-2 18:56:30|1599098157i681100
ITEM: NULL|NULL|岚黄之铠2(1928)|TiemDelete|2000|63|73|2020-9-2 18:56:38|1599098166i691100
ITEM: NULL|NULL|苍绿之斧3(1929)|TiemDelete|2000|62|74|2020-9-2 18:56:51|1599098172i701100
ITEM: 厘厚|yesdw00|苍绿之斧1(1877)|GM制作道具|2000|64|74|2020-9-2 18:56:57|1599098217i711100
ITEM: 厘厚|yesdw00|苍绿之斧1(1877)|丢出道具|2000|64|74|2020-9-2 18:56:59|1599098217i711100
ITEM: 厘厚|yesdw00|小棍棒(100)|丢出道具|2000|64|74|2020-9-2 18:57:6|1599097951i571100
ITEM: 厘厚|yesdw00|新手兜(2239)|丢出道具|2000|64|74|2020-9-2 18:57:7|1599097190i111100
ITEM: 厘厚|yesdw00|仪之兜(2418)|丢出道具|2000|64|74|2020-9-2 18:57:8|1599049089i431100
ITEM: 厘厚|yesdw00|威金娜斯Lv2斧头(32)|丢出道具|2000|64|74|2020-9-2 18:57:8|1599094733i41100
ITEM: NULL|NULL|苍绿之斧1(1877)|TiemDelete|2000|65|75|2020-9-2 18:57:30|1599098217i711100
ITEM: NULL|NULL|小棍棒(100)|TiemDelete|2000|64|75|2020-9-2 18:57:37|1599097951i571100
ITEM: NULL|NULL|新手兜(2239)|TiemDelete|2000|63|75|2020-9-2 18:57:38|1599097190i111100
ITEM: NULL|NULL|威金娜斯Lv2斧头(32)|TiemDelete|2000|63|73|2020-9-2 18:57:39|1599094733i41100
ITEM: NULL|NULL|仪之兜(2418)|TiemDelete|2000|63|74|2020-9-2 18:57:39|1599049089i431100
ITEM: 厘厚|yesdw00|透明的水晶(1857)|GM制作道具|2000|59|72|2020-9-2 18:58:10|1599098290i721100
ITEM: 厘厚|yesdw00|透明的水晶(1857)|丢出后消失|2000|59|72|2020-9-2 18:58:13|1599098290i721100
ITEM: 厘厚|yesdw00|和弦的首饰(1858)|GM制作道具|2000|59|72|2020-9-2 18:58:16|1599098296i731100
ITEM: 厘厚|yesdw00|和弦的首饰(1858)|丢出道具|2000|59|72|2020-9-2 18:58:18|1599098296i731100
ITEM: 蜡厚|1111|和弦的首饰(1858)|捡起道具|2000|59|73|2020-9-2 18:58:20|1599098296i731100
ITEM: 厘厚|yesdw00|力击之戒(1859)|GM制作道具|2000|59|72|2020-9-2 18:58:26|1599098306i741100
ITEM: 厘厚|yesdw00|力击之戒(1859)|丢出道具|2000|59|72|2020-9-2 18:58:27|1599098306i741100
ITEM: 厘厚|yesdw00|力击之戒(1859)|捡起道具|2000|59|72|2020-9-2 18:58:30|1599098306i741100
ITEM: 厘厚|yesdw00|力击之戒(1859)|丢出道具|2000|59|72|2020-9-2 18:58:37|1599098306i741100
ITEM: 蜡厚|1111|和弦的首饰(1858)|丢出道具|2000|59|73|2020-9-2 18:58:41|1599098296i731100
ITEM: NULL|NULL|力击之戒(1859)|TiemDelete|2000|59|73|2020-9-2 18:59:10|1599098306i741100
ITEM: NULL|NULL|和弦的首饰(1858)|TiemDelete|2000|58|73|2020-9-2 18:59:12|1599098296i731100
ITEM: 厘厚|yesdw00|凯亚兜(1827)|GM制作道具|2000|59|75|2020-9-2 18:59:16|1599098356i751100
ITEM: 厘厚|yesdw00|小底板Ａ(1649)|GM制作道具|10001|35|12|2020-9-2 19:0:26|1599098426i791100
ITEM: 厘厚|yesdw00|小底板Ａ(1649)|丢出道具|10001|35|12|2020-9-2 19:0:30|1599098426i791100
ITEM: 厘厚|yesdw00|凯亚兜(1827)|丢出道具|10001|32|15|2020-9-2 19:0:55|1599098356i751100
ITEM: 厘厚|yesdw00|新手兜(2239)|丢出道具|10001|32|15|2020-9-2 19:0:56|1598956421i61100
ITEM: 厘厚|yesdw00|新手棒(2237)|丢出道具|10001|32|15|2020-9-2 19:0:57|1598956421i41100
ITEM: 厘厚|yesdw00|新手铠(2238)|丢出道具|10001|32|15|2020-9-2 19:0:58|1598956421i51100
ITEM: NULL|NULL|小底板Ａ(1649)|TiemDelete|10001|34|12|2020-9-2 19:1:2|1599098426i791100
ITEM: NULL|NULL|新手棒(2237)|TiemDelete|10001|31|14|2020-9-2 19:1:45|1598956421i41100
ITEM: NULL|NULL|新手兜(2239)|TiemDelete|10001|31|15|2020-9-2 19:1:45|1598956421i61100
ITEM: NULL|NULL|凯亚兜(1827)|TiemDelete|10001|31|16|2020-9-2 19:1:45|1599098356i751100
ITEM: NULL|NULL|新手铠(2238)|TiemDelete|10001|32|14|2020-9-2 19:1:45|1598956421i51100
ITEM: 厘厚|yesdw00|禁断的青蛙1(1663)|GM制作道具|7402|159|89|2020-9-2 19:8:9|1599098889i831100
ITEM: 厘厚|yesdw00|禁断的青蛙2(1664)|GM制作道具|7402|159|89|2020-9-2 19:8:17|1599098897i841100
ITEM: 厘厚|yesdw00|禁断的青蛙3(1665)|GM制作道具|7402|159|89|2020-9-2 19:8:25|1599098905i851100
ITEM: 厘厚|yesdw00|幸运的樱桃1(1666)|GM制作道具|7402|159|89|2020-9-2 19:8:29|1599098909i861100
ITEM: 厘厚|yesdw00|幸运的樱桃2(1667)|GM制作道具|7402|159|89|2020-9-2 19:8:33|1599098913i871100
ITEM: 厘厚|yesdw00|幸运的樱桃3(1668)|GM制作道具|7402|159|89|2020-9-2 19:8:35|1599098915i881100
ITEM: 厘厚|yesdw00|神秘的香菇1(1669)|GM制作道具|7402|159|89|2020-9-2 19:8:40|1599098920i891100
ITEM: 厘厚|yesdw00|神秘的香菇2(1670)|GM制作道具|7402|159|89|2020-9-2 19:8:42|1599098922i901100
ITEM: 厘厚|yesdw00|神秘的香菇3(1671)|GM制作道具|7402|159|89|2020-9-2 19:8:46|1599098926i911100
ITEM: 蜡厚|1111|神秘的香菇1(1669)|使用道具|7402|160|89|2020-9-2 19:9:41|1599098920i891100
ITEM: 蜡厚|1111|神秘的香菇1(1669)|战斗使用道具|7402|160|89|2020-9-2 19:9:41|1599098920i891100
ITEM: 蜡厚|1111|幸运的樱桃3(1668)|使用道具|7402|160|89|2020-9-2 19:9:41|1599098915i881100
ITEM: 蜡厚|1111|幸运的樱桃3(1668)|战斗使用道具|7402|160|89|2020-9-2 19:9:41|1599098915i881100
ITEM: 蜡厚|1111|神秘的香菇2(1670)|使用道具|7402|160|89|2020-9-2 19:9:42|1599098922i901100
ITEM: 蜡厚|1111|神秘的香菇2(1670)|战斗使用道具|7402|160|89|2020-9-2 19:9:42|1599098922i901100
ITEM: 蜡厚|1111|神秘的香菇3(1671)|使用道具|7402|160|89|2020-9-2 19:9:43|1599098926i911100
ITEM: 蜡厚|1111|神秘的香菇3(1671)|战斗使用道具|7402|160|89|2020-9-2 19:9:43|1599098926i911100
ITEM: 蜡厚|1111|幸运的樱桃2(1667)|使用道具|7402|160|89|2020-9-2 19:9:43|1599098913i871100
ITEM: 蜡厚|1111|幸运的樱桃2(1667)|战斗使用道具|7402|160|89|2020-9-2 19:9:43|1599098913i871100
ITEM: 蜡厚|1111|禁断的青蛙1(1663)|使用道具|7402|160|89|2020-9-2 19:9:44|1599098889i831100
ITEM: 蜡厚|1111|禁断的青蛙1(1663)|战斗使用道具|7402|160|89|2020-9-2 19:9:44|1599098889i831100
ITEM: 蜡厚|1111|禁断的青蛙2(1664)|使用道具|7402|160|89|2020-9-2 19:9:45|1599098897i841100
ITEM: 蜡厚|1111|禁断的青蛙2(1664)|战斗使用道具|7402|160|89|2020-9-2 19:9:45|1599098897i841100
ITEM: 蜡厚|1111|禁断的青蛙3(1665)|使用道具|7402|160|89|2020-9-2 19:9:45|1599098905i851100
ITEM: 蜡厚|1111|禁断的青蛙3(1665)|战斗使用道具|7402|160|89|2020-9-2 19:9:45|1599098905i851100
ITEM: 蜡厚|1111|幸运的樱桃1(1666)|使用道具|7402|160|89|2020-9-2 19:9:46|1599098909i861100
ITEM: 蜡厚|1111|幸运的樱桃1(1666)|战斗使用道具|7402|160|89|2020-9-2 19:9:46|1599098909i861100
ITEM: 厘厚|yesdw00|精灵的羽毛(13041)|使用道具|2000|65|66|2020-9-2 19:21:18|1599099675i931100
