PET: server down(2020-9-2 2:59:9) 
PET: РЏКё|1111|аТЪжБДТГвСПЈ(16)|LUAЕФchar.DelPet|1000|78|88|2020-9-2 15:50:27|1598962003i111
PET: РЏКё|1111|аТЪжБДТГвСПЈ(13)|LUAЕФchar.DelPet|1000|78|88|2020-9-2 15:50:30|1598962003i110
PET: РЏКё|1111|аТЪжТхЦцЫЙЕТ(1)|LUAЕФchar.DelPet|1000|77|87|2020-9-2 15:50:35|1598962003i19
PET: РЏКё|1111|ЮкСІЮкСІ(1)|ЖЊГш|1000|77|87|2020-9-2 15:50:38|1598962003i18
PET: ЯЕЭГ|Watchfunc|??(1)|ЯЕЭГЧхГ§-ЕиЩЯздгЩГш|1000|79|83|2020-9-2 15:50:40|
PET: ЯЕЭГ|Watchfunc|??(1)|ЯЕЭГЧхГ§-ЕиЩЯздгЩГш|1000|79|84|2020-9-2 15:50:40|
PET: ЯЕЭГ|Watchfunc|??(1)|ЯЕЭГЧхГ§-ЕиЩЯздгЩГш|1000|79|85|2020-9-2 15:50:40|
PET: ЯЕЭГ|Watchfunc|??(1)|ЯЕЭГЧхГ§-ЕиЩЯздгЩГш|1000|79|86|2020-9-2 15:50:40|
PET: ЯЕЭГ|Watchfunc|??(1)|ЯЕЭГЧхГ§-ЕиЩЯздгЩГш|1000|79|87|2020-9-2 15:50:40|
PET: ЯЕЭГ|Watchfunc|??(1)|ЯЕЭГЧхГ§-ЕиЩЯздгЩГш|1000|79|88|2020-9-2 15:50:40|
PET: ЯЕЭГ|Watchfunc|??(1)|ЯЕЭГЧхГ§-ЕиЩЯздгЩГш|1000|80|83|2020-9-2 15:50:40|
PET: ЯЕЭГ|Watchfunc|??(1)|ЯЕЭГЧхГ§-ЕиЩЯздгЩГш|1000|80|84|2020-9-2 15:50:40|
PET: ЯЕЭГ|Watchfunc|??(1)|ЯЕЭГЧхГ§-ЕиЩЯздгЩГш|1000|80|85|2020-9-2 15:50:40|
PET: ЯЕЭГ|Watchfunc|??(1)|ЯЕЭГЧхГ§-ЕиЩЯздгЩГш|1000|80|86|2020-9-2 15:50:40|
PET: ЯЕЭГ|Watchfunc|??(1)|ЯЕЭГЧхГ§-ЕиЩЯздгЩГш|1000|80|87|2020-9-2 15:50:40|
PET: ЯЕЭГ|Watchfunc|??(1)|ЯЕЭГЧхГ§-ЕиЩЯздгЩГш|1000|80|88|2020-9-2 15:50:40|
PET: ЯЕЭГ|Watchfunc|??(1)|ЯЕЭГЧхГ§-ЕиЩЯздгЩГш|1000|81|83|2020-9-2 15:50:40|
PET: ЯЕЭГ|Watchfunc|??(1)|ЯЕЭГЧхГ§-ЕиЩЯздгЩГш|1000|81|84|2020-9-2 15:50:40|
PET: ЯЕЭГ|Watchfunc|??(1)|ЯЕЭГЧхГ§-ЕиЩЯздгЩГш|1000|81|85|2020-9-2 15:50:40|
PET: ЯЕЭГ|Watchfunc|??(1)|ЯЕЭГЧхГ§-ЕиЩЯздгЩГш|1000|81|86|2020-9-2 15:50:40|
PET: ЯЕЭГ|Watchfunc|??(1)|ЯЕЭГЧхГ§-ЕиЩЯздгЩГш|1000|81|87|2020-9-2 15:50:40|
PET: ЯЕЭГ|Watchfunc|??(1)|ЯЕЭГЧхГ§-ЕиЩЯздгЩГш|1000|81|88|2020-9-2 15:50:40|
PET: ЯЕЭГ|Watchfunc|??(1)|ЯЕЭГЧхГ§-ЕиЩЯздгЩГш|1000|82|83|2020-9-2 15:50:40|
PET: ЯЕЭГ|Watchfunc|??(1)|ЯЕЭГЧхГ§-ЕиЩЯздгЩГш|1000|82|84|2020-9-2 15:50:40|
PET: ЯЕЭГ|Watchfunc|??(1)|ЯЕЭГЧхГ§-ЕиЩЯздгЩГш|1000|82|85|2020-9-2 15:50:40|
PET: ЯЕЭГ|Watchfunc|??(1)|ЯЕЭГЧхГ§-ЕиЩЯздгЩГш|1000|82|86|2020-9-2 15:50:40|
PET: ЯЕЭГ|Watchfunc|??(1)|ЯЕЭГЧхГ§-ЕиЩЯздгЩГш|1000|82|87|2020-9-2 15:50:40|
PET: ЯЕЭГ|Watchfunc|??(1)|ЯЕЭГЧхГ§-ЕиЩЯздгЩГш|1000|82|88|2020-9-2 15:50:40|
PET: ЯЕЭГ|Watchfunc|??(1)|ЯЕЭГЧхГ§-ЕиЩЯздгЩГш|1000|83|83|2020-9-2 15:50:40|
PET: ЯЕЭГ|Watchfunc|??(1)|ЯЕЭГЧхГ§-ЕиЩЯздгЩГш|1000|83|84|2020-9-2 15:50:40|
PET: ЯЕЭГ|Watchfunc|??(1)|ЯЕЭГЧхГ§-ЕиЩЯздгЩГш|1000|83|85|2020-9-2 15:50:40|
PET: ЯЕЭГ|Watchfunc|??(1)|ЯЕЭГЧхГ§-ЕиЩЯздгЩГш|1000|83|86|2020-9-2 15:50:40|
PET: ЯЕЭГ|Watchfunc|??(1)|ЯЕЭГЧхГ§-ЕиЩЯздгЩГш|1000|83|87|2020-9-2 15:50:40|
PET: ЯЕЭГ|Watchfunc|??(1)|ЯЕЭГЧхГ§-ЕиЩЯздгЩГш|1000|83|88|2020-9-2 15:50:40|
PET: ЯЕЭГ|Watchfunc|??(1)|ЯЕЭГЧхГ§-ЕиЩЯздгЩГш|1000|84|83|2020-9-2 15:50:40|
PET: ЯЕЭГ|Watchfunc|??(1)|ЯЕЭГЧхГ§-ЕиЩЯздгЩГш|1000|84|84|2020-9-2 15:50:40|
PET: ЯЕЭГ|Watchfunc|??(1)|ЯЕЭГЧхГ§-ЕиЩЯздгЩГш|1000|84|85|2020-9-2 15:50:40|
PET: ЯЕЭГ|Watchfunc|??(1)|ЯЕЭГЧхГ§-ЕиЩЯздгЩГш|1000|84|86|2020-9-2 15:50:40|
PET: ЯЕЭГ|Watchfunc|??(1)|ЯЕЭГЧхГ§-ЕиЩЯздгЩГш|1000|84|87|2020-9-2 15:50:40|
PET: ЯЕЭГ|Watchfunc|??(1)|ЯЕЭГЧхГ§-ЕиЩЯздгЩГш|1000|84|88|2020-9-2 15:50:40|
PET: РЏКё|1111|??(1)|GMУќСюжЦзї|1000|81|85|2020-9-2 15:51:0|1599087060i10
PET: ЯЕЭГ|Watchfunc|ЮкСІЮкСІ(1)|ЯЕЭГЧхГ§-ЕиЩЯздгЩГш|1000|76|87|2020-9-2 15:51:55|1598962003i18
PET: РЏКё|1111|П­БШ(1)|GMУќСюжЦзї|1000|81|85|2020-9-2 15:52:1|1599087121i11
PET: РЏКё|1111|П­БШ(1)|ЖЊГш|1000|80|83|2020-9-2 15:53:13|1599087121i11
PET: РЏКё|1111|??(1)|ЖЊГш|1000|80|84|2020-9-2 15:53:15|1599087060i10
PET: ЯЕЭГ|Watchfunc|П­БШ(1)|ЯЕЭГЧхГ§-ЕиЩЯздгЩГш|1000|79|82|2020-9-2 15:53:55|1599087121i11
PET: ЯЕЭГ|Watchfunc|??(1)|ЯЕЭГЧхГ§-ЕиЩЯздгЩГш|1000|80|85|2020-9-2 15:53:55|1599087060i10
PET: РЏКё|1111|??(1)|GMУќСюжЦзї|1000|69|83|2020-9-2 16:1:7|1599087667i12
PET: РЏКё|1111|ПЫПЫЖћ(1)|GMУќСюжЦзї|1000|69|83|2020-9-2 16:2:51|1599087771i13
PET: РЏКё|1111|ПЫПЫЖћ(1)|ЖЊГш|1000|69|83|2020-9-2 16:2:57|1599087771i13
PET: РЏКё|1111|??(1)|ЖЊГш|1000|69|83|2020-9-2 16:2:59|1599087667i12
PET: РЏКё|1111|??(1)|GMУќСюжЦзї|1000|69|83|2020-9-2 16:3:3|1599087783i14
PET: РЏКё|1111|ВМвС(1)|GMУќСюжЦзї|1000|69|83|2020-9-2 16:3:12|1599087792i15
PET: ЯЕЭГ|Watchfunc|??(1)|ЯЕЭГЧхГ§-ЕиЩЯздгЩГш|1000|68|82|2020-9-2 16:3:35|1599087667i12
PET: ЯЕЭГ|Watchfunc|ПЫПЫЖћ(1)|ЯЕЭГЧхГ§-ЕиЩЯздгЩГш|1000|68|83|2020-9-2 16:3:35|1599087771i13
PET: РЏКё|1111|ВМвС(1)|ЖЊГш|1000|69|83|2020-9-2 16:3:38|1599087792i15
PET: РЏКё|1111|??(1)|ЖЊГш|1000|69|83|2020-9-2 16:3:39|1599087783i14
PET: ЯЕЭГ|Watchfunc|ВМвС(1)|ЯЕЭГЧхГ§-ЕиЩЯздгЩГш|1000|68|84|2020-9-2 16:4:55|1599087792i15
PET: ЯЕЭГ|Watchfunc|??(1)|ЯЕЭГЧхГ§-ЕиЩЯздгЩГш|1000|68|83|2020-9-2 16:4:55|1599087783i14
PET: РЏКё|1111|??(1)|GMУќСюжЦзї|1000|76|87|2020-9-2 16:9:20|1599088160i16
PET: РЏКё|1111|П­БШ(1)|GMУќСюжЦзї|1000|74|86|2020-9-2 16:11:42|1599088302i17
PET: РЏКё|1111|ПЫПЫЖћ(1)|GMУќСюжЦзї|1000|74|86|2020-9-2 16:11:56|1599088316i18
PET: РЏКё|1111|ЭўВЎ(1)|GMУќСюжЦзї|1000|74|86|2020-9-2 16:12:10|1599088330i19
PET: РЏКё|1111|ЭўВЎ(1)|ЖЊГш|1000|74|86|2020-9-2 16:13:2|1599088330i19
PET: РЏКё|1111|ПЫПЫЖћ(1)|ЖЊГш|1000|74|86|2020-9-2 16:13:3|1599088316i18
PET: РЏКё|1111|П­БШ(1)|ЖЊГш|1000|74|86|2020-9-2 16:13:4|1599088302i17
PET: РЏКё|1111|??(1)|ЖЊГш|1000|74|86|2020-9-2 16:13:5|1599088160i16
PET: РЏКё|1111|1111(1)|GMУќСюжЦзї|1000|74|86|2020-9-2 16:13:39|1599088419i110
PET: ЯЕЭГ|Watchfunc|ЭўВЎ(1)|ЯЕЭГЧхГ§-ЕиЩЯздгЩГш|1000|73|87|2020-9-2 16:13:56|1599088330i19
PET: ЯЕЭГ|Watchfunc|ПЫПЫЖћ(1)|ЯЕЭГЧхГ§-ЕиЩЯздгЩГш|1000|73|86|2020-9-2 16:13:56|1599088316i18
PET: ЯЕЭГ|Watchfunc|П­БШ(1)|ЯЕЭГЧхГ§-ЕиЩЯздгЩГш|1000|73|85|2020-9-2 16:13:56|1599088302i17
PET: ЯЕЭГ|Watchfunc|??(1)|ЯЕЭГЧхГ§-ЕиЩЯздгЩГш|1000|74|85|2020-9-2 16:13:56|1599088160i16
PET: РЏКё|1111|??(1)|GMУќСюжЦзї|1000|74|86|2020-9-2 16:14:43|1599088483i111
PET: РЏКё|1111|??(1)|GMУќСюжЦзї|1000|74|86|2020-9-2 16:14:53|1599088493i112
PET: РЏКё|1111|??(1)|ЖЊГш|1000|74|86|2020-9-2 16:14:57|1599088493i112
PET: РЏКё|1111|??(1)|ЖЊГш|1000|74|86|2020-9-2 16:14:59|1599088483i111
PET: РЏКё|1111|1111(1)|ЖЊГш|1000|74|85|2020-9-2 16:15:0|1599088419i110
PET: ЯЕЭГ|Watchfunc|??(1)|ЯЕЭГЧхГ§-ЕиЩЯздгЩГш|1000|73|87|2020-9-2 16:15:55|1599088493i112
PET: ЯЕЭГ|Watchfunc|??(1)|ЯЕЭГЧхГ§-ЕиЩЯздгЩГш|1000|73|86|2020-9-2 16:15:55|1599088483i111
PET: ЯЕЭГ|Watchfunc|1111(1)|ЯЕЭГЧхГ§-ЕиЩЯздгЩГш|1000|74|84|2020-9-2 16:15:55|1599088419i110
PET: РЏКё|1111|МгУР(1)|GMУќСюжЦзї|1000|79|81|2020-9-2 16:20:1|1599088801i113
PET: РЏКё|1111|МгУР(1)|ЖЊГш|1000|79|81|2020-9-2 16:20:13|1599088801i113
PET: РЏКё|1111|МгУР(1)|GMУќСюжЦзї|1000|79|81|2020-9-2 16:20:31|1599088831i114
PET: РЏКё|1111|МгУР(1)|ЖЊГш|1000|79|81|2020-9-2 16:20:33|1599088831i114
PET: РЏКё|1111|МгБШ(1)|GMУќСюжЦзї|1000|79|81|2020-9-2 16:20:36|1599088836i115
PET: РЏКё|1111|МгБШ(1)|ЖЊГш|1000|79|81|2020-9-2 16:20:40|1599088836i115
PET: РЏКё|1111|МгБШАТ(1)|GMУќСюжЦзї|1000|79|81|2020-9-2 16:20:44|1599088844i116
PET: РЏКё|1111|МгБШАТ(1)|ЖЊГш|1000|79|81|2020-9-2 16:20:47|1599088844i116
PET: РЏКё|1111|МгЫЙ(1)|GMУќСюжЦзї|1000|79|81|2020-9-2 16:20:51|1599088851i117
PET: РЏКё|1111|МгЫЙ(1)|ЖЊГш|1000|79|81|2020-9-2 16:20:54|1599088851i117
PET: ЯЕЭГ|Watchfunc|МгУР(1)|ЯЕЭГЧхГ§-ЕиЩЯздгЩГш|1000|78|82|2020-9-2 16:20:55|1599088801i113
PET: РЏКё|1111|ЮкБІБІ(1)|GMУќСюжЦзї|1000|79|81|2020-9-2 16:20:57|1599088857i118
PET: РЏКё|1111|ЮкБІБІ(1)|ЖЊГш|1000|79|81|2020-9-2 16:21:0|1599088857i118
PET: РЏКё|1111|ЭўЭў(1)|GMУќСюжЦзї|1000|79|81|2020-9-2 16:21:5|1599088865i119
PET: РЏКё|1111|ЭўЭў(1)|ЖЊГш|1000|79|81|2020-9-2 16:21:8|1599088865i119
PET: РЏКё|1111|ЮкПЈТГ(1)|GMУќСюжЦзї|1000|79|81|2020-9-2 16:21:13|1599088873i120
PET: РЏКё|1111|ЮкПЈТГ(1)|ЖЊГш|1000|79|81|2020-9-2 16:21:17|1599088873i120
PET: РЏКё|1111|ЭўВЎ(1)|GMУќСюжЦзї|1000|79|81|2020-9-2 16:21:26|1599088886i121
PET: РЏКё|1111|ЭўВЎ(1)|ЖЊГш|1000|79|81|2020-9-2 16:21:29|1599088886i121
PET: РЏКё|1111|БДТхЖї(1)|GMУќСюжЦзї|1000|79|81|2020-9-2 16:21:32|1599088892i122
PET: РЏКё|1111|БДТхЖї(1)|ЖЊГш|1000|79|81|2020-9-2 16:21:35|1599088892i122
PET: ЯЕЭГ|Watchfunc|МгБШ(1)|ЯЕЭГЧхГ§-ЕиЩЯздгЩГш|1000|78|80|2020-9-2 16:21:36|1599088836i115
PET: ЯЕЭГ|Watchfunc|МгУР(1)|ЯЕЭГЧхГ§-ЕиЩЯздгЩГш|1000|78|81|2020-9-2 16:21:36|1599088831i114
PET: ЯЕЭГ|Watchfunc|ЮкБІБІ(1)|ЯЕЭГЧхГ§-ЕиЩЯздгЩГш|1000|78|82|2020-9-2 16:21:36|1599088857i118
PET: ЯЕЭГ|Watchfunc|МгБШАТ(1)|ЯЕЭГЧхГ§-ЕиЩЯздгЩГш|1000|79|80|2020-9-2 16:21:36|1599088844i116
PET: ЯЕЭГ|Watchfunc|МгЫЙ(1)|ЯЕЭГЧхГ§-ЕиЩЯздгЩГш|1000|80|80|2020-9-2 16:21:36|1599088851i117
PET: ЯЕЭГ|Watchfunc|ЭўЭў(1)|ЯЕЭГЧхГ§-ЕиЩЯздгЩГш|1000|80|81|2020-9-2 16:21:38|1599088865i119
PET: ЯЕЭГ|Watchfunc|ЮкПЈТГ(1)|ЯЕЭГЧхГ§-ЕиЩЯздгЩГш|1000|80|82|2020-9-2 16:21:55|1599088873i120
PET: ЯЕЭГ|Watchfunc|ЭўВЎ(1)|ЯЕЭГЧхГ§-ЕиЩЯздгЩГш|1000|79|82|2020-9-2 16:22:55|1599088886i121
PET: ЯЕЭГ|Watchfunc|БДТхЖї(1)|ЯЕЭГЧхГ§-ЕиЩЯздгЩГш|1000|79|81|2020-9-2 16:22:55|1599088892i122
PET: РЏКё|1111|ФІФШЮїЦе(1)|GMУќСюжЦзї|1000|92|85|2020-9-2 16:23:7|1599088987i123
PET: РЏКё|1111|ФІФШЮїЦе(1)|ЖЊГш|1000|92|85|2020-9-2 16:23:13|1599088987i123
PET: РЏКё|1111|ЮкБІБІ(1)|GMУќСюжЦзї|1000|92|85|2020-9-2 16:23:16|1599088996i124
PET: РЏКё|1111|ЮкБІБІ(1)|ЖЊГш|1000|92|85|2020-9-2 16:23:20|1599088996i124
PET: РЏКё|1111|ФІФШЮїЦе(1)|GMУќСюжЦзї|1000|92|85|2020-9-2 16:23:23|1599089003i125
PET: РЏКё|1111|ФІФШЮїЦе(1)|ЖЊГш|1000|92|85|2020-9-2 16:23:27|1599089003i125
PET: РЏКё|1111|АТПЈТхЫЙ(1)|GMУќСюжЦзї|1000|92|85|2020-9-2 16:23:29|1599089009i126
PET: РЏКё|1111|АТПЈТхЫЙ(1)|ЖЊГш|1000|92|85|2020-9-2 16:23:32|1599089009i126
PET: РЏКё|1111|зѓЕЯТхЫЙ(1)|GMУќСюжЦзї|1000|92|85|2020-9-2 16:23:36|1599089016i127
PET: РЏКё|1111|зѓЕЯТхЫЙ(1)|ЖЊГш|1000|92|85|2020-9-2 16:23:43|1599089016i127
PET: РЏКё|1111|АЭЖфРМЖї(1)|GMУќСюжЦзї|1000|92|85|2020-9-2 16:23:46|1599089026i128
PET: ЯЕЭГ|Watchfunc|ЮкБІБІ(1)|ЯЕЭГЧхГ§-ЕиЩЯздгЩГш|1000|92|86|2020-9-2 16:23:54|1599088996i124
PET: ЯЕЭГ|Watchfunc|ФІФШЮїЦе(1)|ЯЕЭГЧхГ§-ЕиЩЯздгЩГш|1000|93|86|2020-9-2 16:23:54|1599088987i123
PET: ЯЕЭГ|Watchfunc|зѓЕЯТхЫЙ(1)|ЯЕЭГЧхГ§-ЕиЩЯздгЩГш|1000|91|84|2020-9-2 16:24:34|1599089016i127
PET: ЯЕЭГ|Watchfunc|АТПЈТхЫЙ(1)|ЯЕЭГЧхГ§-ЕиЩЯздгЩГш|1000|91|85|2020-9-2 16:24:34|1599089009i126
PET: ЯЕЭГ|Watchfunc|ФІФШЮїЦе(1)|ЯЕЭГЧхГ§-ЕиЩЯздгЩГш|1000|91|86|2020-9-2 16:24:34|1599089003i125
PET: РЏКё|1111|АЭЖфРМЖї(1)|GMУќСюжЦзї|1000|90|82|2020-9-2 16:24:38|1599089078i129
PET: РЏКё|1111|АЭЖфРМЖї(1)|GMУќСюжЦзї|1000|90|82|2020-9-2 16:24:47|1599089087i130
PET: РЏКё|1111|АЭЖфРМЖї(1)|GMУќСюжЦзї|1000|90|82|2020-9-2 16:24:52|1599089092i131
PET: РЏКё|1111|АЭЖфРМЖї(1)|ЖЊГш|1000|90|82|2020-9-2 16:25:2|1599089092i131
PET: РЏКё|1111|АЭЖфРМЖї(1)|ЖЊГш|1000|90|82|2020-9-2 16:25:3|1599089087i130
PET: РЏКё|1111|АЭЖфРМЖї(1)|ЖЊГш|1000|91|82|2020-9-2 16:25:8|1599089078i129
PET: РЏКё|1111|АЭЖфРМЖї(1)|ЖЊГш|1000|91|82|2020-9-2 16:25:9|1599089026i128
PET: ЯЕЭГ|Watchfunc|АЭЖфРМЖї(1)|ЯЕЭГЧхГ§-ЕиЩЯздгЩГш|1000|89|83|2020-9-2 16:25:32|1599089092i131
PET: ЯЕЭГ|Watchfunc|АЭЖфРМЖї(1)|ЯЕЭГЧхГ§-ЕиЩЯздгЩГш|1000|89|82|2020-9-2 16:25:33|1599089087i130
PET: ЯЕЭГ|Watchfunc|АЭЖфРМЖї(1)|ЯЕЭГЧхГ§-ЕиЩЯздгЩГш|1000|90|83|2020-9-2 16:25:41|1599089026i128
PET: ЯЕЭГ|Watchfunc|АЭЖфРМЖї(1)|ЯЕЭГЧхГ§-ЕиЩЯздгЩГш|1000|91|83|2020-9-2 16:25:41|1599089078i129
PET: РхКё|yesdw00|??(1)|GMУќСюжЦзї|200|624|689|2020-9-2 16:37:8|1599089828i132
PET: РхКё|yesdw00|??(1)|ЖЊГш|200|624|689|2020-9-2 16:37:19|1599089828i132
PET: РхКё|yesdw00|П­БШ(1)|GMУќСюжЦзї|200|624|689|2020-9-2 16:37:23|1599089843i133
PET: РхКё|yesdw00|П­БШ(1)|ЖЊГш|200|624|689|2020-9-2 16:37:27|1599089843i133
PET: РхКё|yesdw00|ПЫПЫЖћ(1)|GMУќСюжЦзї|200|624|689|2020-9-2 16:37:31|1599089851i134
PET: РхКё|yesdw00|ПЫПЫЖћ(1)|ЖЊГш|200|624|689|2020-9-2 16:37:33|1599089851i134
PET: РхКё|yesdw00|ЭўВЎ(1)|GMУќСюжЦзї|200|624|689|2020-9-2 16:37:35|1599089855i135
PET: РхКё|yesdw00|ЭўВЎ(1)|ЖЊГш|200|624|689|2020-9-2 16:37:36|1599089855i135
PET: РхКё|yesdw00|1111(1)|GMУќСюжЦзї|200|624|689|2020-9-2 16:37:54|1599089874i136
PET: ЯЕЭГ|Watchfunc|??(1)|ЯЕЭГЧхГ§-ЕиЩЯздгЩГш|200|623|690|2020-9-2 16:37:55|1599089828i132
PET: ЯЕЭГ|Watchfunc|П­БШ(1)|ЯЕЭГЧхГ§-ЕиЩЯздгЩГш|200|623|689|2020-9-2 16:37:57|1599089843i133
PET: РхКё|yesdw00|1111(1)|ЖЊГш|200|624|687|2020-9-2 16:37:57|1599089874i136
PET: РхКё|yesdw00|??(1)|GMУќСюжЦзї|200|624|687|2020-9-2 16:38:1|1599089881i137
PET: РхКё|yesdw00|??(1)|ЖЊГш|200|624|687|2020-9-2 16:38:3|1599089881i137
PET: РхКё|yesdw00|3333(1)|GMУќСюжЦзї|200|624|687|2020-9-2 16:38:7|1599089887i138
PET: РхКё|yesdw00|3333(1)|ЖЊГш|200|624|687|2020-9-2 16:38:9|1599089887i138
PET: РхКё|yesdw00|???(1)|GMУќСюжЦзї|200|624|687|2020-9-2 16:38:13|1599089893i139
PET: РхКё|yesdw00|???(1)|ЖЊГш|200|624|687|2020-9-2 16:38:15|1599089893i139
PET: РхКё|yesdw00|ВМБШ(1)|GMУќСюжЦзї|200|624|687|2020-9-2 16:38:19|1599089899i140
PET: РхКё|yesdw00|ВМБШ(1)|ЖЊГш|200|624|687|2020-9-2 16:38:21|1599089899i140
PET: РхКё|yesdw00|Н№ВМвС(1)|GMУќСюжЦзї|200|624|687|2020-9-2 16:38:24|1599089904i141
PET: РхКё|yesdw00|Н№ВМвС(1)|ЖЊГш|200|624|687|2020-9-2 16:38:26|1599089904i141
PET: РхКё|yesdw00|ВМвС(1)|GMУќСюжЦзї|200|624|687|2020-9-2 16:38:30|1599089910i142
PET: РхКё|yesdw00|ВМвС(1)|ЖЊГш|200|624|687|2020-9-2 16:38:32|1599089910i142
PET: РхКё|yesdw00|???(1)|GMУќСюжЦзї|200|624|687|2020-9-2 16:38:45|1599089925i143
PET: ЯЕЭГ|Watchfunc|3333(1)|ЯЕЭГЧхГ§-ЕиЩЯздгЩГш|200|623|686|2020-9-2 16:38:47|1599089887i138
PET: ЯЕЭГ|Watchfunc|??(1)|ЯЕЭГЧхГ§-ЕиЩЯздгЩГш|200|623|687|2020-9-2 16:38:47|1599089881i137
PET: ЯЕЭГ|Watchfunc|ПЫПЫЖћ(1)|ЯЕЭГЧхГ§-ЕиЩЯздгЩГш|200|623|688|2020-9-2 16:38:47|1599089851i134
PET: ЯЕЭГ|Watchfunc|1111(1)|ЯЕЭГЧхГ§-ЕиЩЯздгЩГш|200|624|686|2020-9-2 16:38:47|1599089874i136
PET: ЯЕЭГ|Watchfunc|ЭўВЎ(1)|ЯЕЭГЧхГ§-ЕиЩЯздгЩГш|200|624|688|2020-9-2 16:38:47|1599089855i135
PET: ЯЕЭГ|Watchfunc|???(1)|ЯЕЭГЧхГ§-ЕиЩЯздгЩГш|200|625|686|2020-9-2 16:38:47|1599089893i139
PET: РхКё|yesdw00|???(1)|ЖЊГш|200|623|685|2020-9-2 16:38:48|1599089925i143
PET: ЯЕЭГ|Watchfunc|ВМБШ(1)|ЯЕЭГЧхГ§-ЕиЩЯздгЩГш|200|625|687|2020-9-2 16:38:55|1599089899i140
PET: ЯЕЭГ|Watchfunc|Н№ВМвС(1)|ЯЕЭГЧхГ§-ЕиЩЯздгЩГш|200|625|688|2020-9-2 16:39:55|1599089904i141
PET: ЯЕЭГ|Watchfunc|ВМвС(1)|ЯЕЭГЧхГ§-ЕиЩЯздгЩГш|200|624|687|2020-9-2 16:39:55|1599089910i142
PET: ЯЕЭГ|Watchfunc|???(1)|ЯЕЭГЧхГ§-ЕиЩЯздгЩГш|200|622|684|2020-9-2 16:39:55|1599089925i143
PET: РЏКё|1111|ЬћР­Р­Це(1)|GMУќСюжЦзї|1000|87|91|2020-9-2 16:47:23|1599090443i145
PET: РЏКё|1111|ЬћР­Р­Це(1)|GMУќСюжЦзї|1000|87|91|2020-9-2 16:47:38|1599090458i146
PET: РЏКё|1111|ЬћР­Р­Це(1)|ЖЊГш|1000|87|91|2020-9-2 16:47:43|1599090458i146
PET: РЏКё|1111|ЬћР­Р­Це(1)|ЖЊГш|1000|87|91|2020-9-2 16:47:44|1599090443i145
PET: РЏКё|1111|ЬћР­ФсЫї(1)|GMУќСюжЦзї|1000|87|91|2020-9-2 16:47:48|1599090468i147
PET: РЏКё|1111|ЬћР­ФсЫї(1)|ЖЊГш|1000|87|91|2020-9-2 16:47:51|1599090468i147
PET: РЏКё|1111|ЬћР­ЖрЫЙ(1)|GMУќСюжЦзї|1000|87|91|2020-9-2 16:47:55|1599090475i148
PET: РЏКё|1111|ЬћР­ЖрЫЙ(1)|ЖЊГш|1000|87|91|2020-9-2 16:47:58|1599090475i148
PET: РЏКё|1111|ЬћР­ТГПЈ(1)|GMУќСюжЦзї|1000|87|91|2020-9-2 16:48:2|1599090482i149
PET: РЏКё|1111|ЬћР­ТГПЈ(1)|ЖЊГш|1000|87|91|2020-9-2 16:48:5|1599090482i149
PET: РЏКё|1111|РЖвэКЃСњЪо(1)|GMУќСюжЦзї|1000|87|91|2020-9-2 16:48:13|1599090493i150
PET: РЏКё|1111|РЖвэКЃСњЪо(1)|ЖЊГш|1000|87|91|2020-9-2 16:48:16|1599090493i150
PET: ЯЕЭГ|Watchfunc|ЬћР­Р­Це(1)|ЯЕЭГЧхГ§-ЕиЩЯздгЩГш|1000|86|91|2020-9-2 16:48:17|1599090443i145
PET: ЯЕЭГ|Watchfunc|ЬћР­Р­Це(1)|ЯЕЭГЧхГ§-ЕиЩЯздгЩГш|1000|86|92|2020-9-2 16:48:17|1599090458i146
PET: РЏКё|1111|РћдђХЕЖй(1)|GMУќСюжЦзї|1000|87|91|2020-9-2 16:48:26|1599090506i151
PET: РЏКё|1111|РћдђХЕЖй(1)|ЖЊГш|1000|87|91|2020-9-2 16:48:30|1599090506i151
PET: ЯЕЭГ|Watchfunc|ЬћР­ФсЫї(1)|ЯЕЭГЧхГ§-ЕиЩЯздгЩГш|1000|86|90|2020-9-2 16:48:55|1599090468i147
PET: ЯЕЭГ|Watchfunc|ЬћР­ЖрЫЙ(1)|ЯЕЭГЧхГ§-ЕиЩЯздгЩГш|1000|87|90|2020-9-2 16:48:55|1599090475i148
PET: ЯЕЭГ|Watchfunc|ЬћР­ТГПЈ(1)|ЯЕЭГЧхГ§-ЕиЩЯздгЩГш|1000|88|90|2020-9-2 16:48:55|1599090482i149
PET: ЯЕЭГ|Watchfunc|РЖвэКЃСњЪо(1)|ЯЕЭГЧхГ§-ЕиЩЯздгЩГш|1000|88|91|2020-9-2 16:48:55|1599090493i150
PET: ЯЕЭГ|Watchfunc|РћдђХЕЖй(1)|ЯЕЭГЧхГ§-ЕиЩЯздгЩГш|1000|86|92|2020-9-2 16:49:55|1599090506i151
PET: РЏКё|1111|1111(1)|GMУќСюжЦзї|1000|87|91|2020-9-2 16:55:15|1599090915i152
PET: РЏКё|1111|??(1)|GMУќСюжЦзї|1000|87|91|2020-9-2 16:55:40|1599090940i153
PET: РЏКё|1111|1111(1)|ЖЊГш|1000|87|91|2020-9-2 16:55:43|1599090915i152
PET: РЏКё|1111|3333(1)|GMУќСюжЦзї|1000|87|91|2020-9-2 16:55:51|1599090951i154
PET: РЏКё|1111|??(1)|ЖЊГш|1000|87|91|2020-9-2 16:55:55|1599090940i153
PET: РЏКё|1111|3333(1)|ЖЊГш|1000|87|91|2020-9-2 16:55:57|1599090951i154
PET: РЏКё|1111|3333(1)|GMУќСюжЦзї|1000|87|91|2020-9-2 16:56:0|1599090960i155
PET: РЏКё|1111|???(1)|GMУќСюжЦзї|1000|87|91|2020-9-2 16:56:13|1599090973i156
PET: РЏКё|1111|ВМБШ(1)|GMУќСюжЦзї|1000|87|91|2020-9-2 16:56:30|1599090990i157
PET: РЏКё|1111|ВМБШ(1)|ЖЊГш|1000|87|91|2020-9-2 16:56:38|1599090990i157
PET: РЏКё|1111|???(1)|ЖЊГш|1000|87|91|2020-9-2 16:56:39|1599090973i156
PET: РЏКё|1111|3333(1)|ЖЊГш|1000|87|91|2020-9-2 16:56:41|1599090960i155
PET: РЏКё|1111|???(1)|GMУќСюжЦзї|1000|87|91|2020-9-2 16:56:49|1599091009i158
PET: РЏКё|1111|???(1)|ЖЊГш|1000|87|91|2020-9-2 16:56:53|1599091009i158
PET: РЏКё|1111|ВМБШ(1)|GMУќСюжЦзї|1000|87|91|2020-9-2 16:56:55|1599091015i159
PET: ЯЕЭГ|Watchfunc|1111(1)|ЯЕЭГЧхГ§-ЕиЩЯздгЩГш|1000|86|91|2020-9-2 16:56:56|1599090915i152
PET: ЯЕЭГ|Watchfunc|??(1)|ЯЕЭГЧхГ§-ЕиЩЯздгЩГш|1000|86|90|2020-9-2 16:56:56|1599090940i153
PET: ЯЕЭГ|Watchfunc|3333(1)|ЯЕЭГЧхГ§-ЕиЩЯздгЩГш|1000|86|92|2020-9-2 16:56:56|1599090951i154
PET: ЯЕЭГ|Watchfunc|ВМБШ(1)|ЯЕЭГЧхГ§-ЕиЩЯздгЩГш|1000|87|90|2020-9-2 16:57:55|1599090990i157
PET: ЯЕЭГ|Watchfunc|???(1)|ЯЕЭГЧхГ§-ЕиЩЯздгЩГш|1000|88|90|2020-9-2 16:57:55|1599090973i156
PET: ЯЕЭГ|Watchfunc|3333(1)|ЯЕЭГЧхГ§-ЕиЩЯздгЩГш|1000|88|91|2020-9-2 16:57:55|1599090960i155
PET: ЯЕЭГ|Watchfunc|???(1)|ЯЕЭГЧхГ§-ЕиЩЯздгЩГш|1000|88|92|2020-9-2 16:57:55|1599091009i158
PET: РЏКё|1111|Н№ВМвС(1)|GMУќСюжЦзї|1000|87|91|2020-9-2 16:57:58|1599091078i160
PET: РЏКё|1111|ВМвС(1)|GMУќСюжЦзї|1000|87|91|2020-9-2 16:58:12|1599091092i161
PET: РЏКё|1111|ВМвСБШ(1)|GMУќСюжЦзї|1000|87|91|2020-9-2 16:58:25|1599091105i162
PET: РЏКё|1111|ПЈВМвС(1)|GMУќСюжЦзї|1000|87|91|2020-9-2 16:58:42|1599091122i163
PET: РЏКё|1111|ПЈВМвС(1)|ЖЊГш|1000|87|91|2020-9-2 16:59:4|1599091122i163
PET: РЏКё|1111|ВМвСБШ(1)|ЖЊГш|1000|87|91|2020-9-2 16:59:5|1599091105i162
PET: РЏКё|1111|ВМвС(1)|ЖЊГш|1000|87|91|2020-9-2 16:59:6|1599091092i161
PET: РЏКё|1111|Н№ВМвС(1)|ЖЊГш|1000|87|91|2020-9-2 16:59:7|1599091078i160
PET: РЏКё|1111|ВМБШ(1)|ЖЊГш|1000|87|91|2020-9-2 16:59:8|1599091015i159
PET: РЏКё|1111|МгУР(1)|GMУќСюжЦзї|1000|87|91|2020-9-2 16:59:21|1599091161i164
PET: ЯЕЭГ|Watchfunc|ПЈВМвС(1)|ЯЕЭГЧхГ§-ЕиЩЯздгЩГш|1000|86|92|2020-9-2 16:59:55|1599091122i163
PET: ЯЕЭГ|Watchfunc|ВМвСБШ(1)|ЯЕЭГЧхГ§-ЕиЩЯздгЩГш|1000|86|91|2020-9-2 16:59:55|1599091105i162
PET: ЯЕЭГ|Watchfunc|ВМвС(1)|ЯЕЭГЧхГ§-ЕиЩЯздгЩГш|1000|86|90|2020-9-2 16:59:55|1599091092i161
PET: ЯЕЭГ|Watchfunc|Н№ВМвС(1)|ЯЕЭГЧхГ§-ЕиЩЯздгЩГш|1000|87|90|2020-9-2 16:59:55|1599091078i160
PET: ЯЕЭГ|Watchfunc|ВМБШ(1)|ЯЕЭГЧхГ§-ЕиЩЯздгЩГш|1000|88|90|2020-9-2 16:59:55|1599091015i159
PET: РЏКё|1111|МгБШ(1)|GMУќСюжЦзї|1000|85|94|2020-9-2 17:0:30|1599091230i165
PET: РЏКё|1111|МгБШАТ(1)|GMУќСюжЦзї|1000|85|94|2020-9-2 17:0:56|1599091256i166
PET: РЏКё|1111|МгЫЙ(1)|GMУќСюжЦзї|1000|85|94|2020-9-2 17:1:10|1599091270i167
PET: РЏКё|1111|ЮкБІБІ(1)|GMУќСюжЦзї|1000|85|94|2020-9-2 17:1:28|1599091288i168
PET: РЏКё|1111|ЮкБІБІ(1)|ЖЊГш|1000|85|94|2020-9-2 17:1:50|1599091288i168
PET: РЏКё|1111|МгЫЙ(1)|ЖЊГш|1000|85|94|2020-9-2 17:1:51|1599091270i167
PET: РЏКё|1111|МгБШАТ(1)|ЖЊГш|1000|85|94|2020-9-2 17:1:52|1599091256i166
PET: РЏКё|1111|МгБШ(1)|ЖЊГш|1000|85|94|2020-9-2 17:1:53|1599091230i165
PET: РЏКё|1111|МгУР(1)|ЖЊГш|1000|85|94|2020-9-2 17:1:55|1599091161i164
PET: РЏКё|1111|ЭўЭў(1)|GMУќСюжЦзї|1000|85|94|2020-9-2 17:1:59|1599091319i169
PET: РЏКё|1111|ЮкПЈТГ(1)|GMУќСюжЦзї|1000|85|94|2020-9-2 17:2:12|1599091332i170
PET: РЏКё|1111|ЭўВЎ(1)|GMУќСюжЦзї|1000|85|94|2020-9-2 17:2:22|1599091342i171
PET: РЏКё|1111|БДТхЖї(1)|GMУќСюжЦзї|1000|85|94|2020-9-2 17:2:34|1599091354i172
PET: ЯЕЭГ|Watchfunc|ЮкБІБІ(1)|ЯЕЭГЧхГ§-ЕиЩЯздгЩГш|1000|84|95|2020-9-2 17:2:55|1599091288i168
PET: ЯЕЭГ|Watchfunc|МгЫЙ(1)|ЯЕЭГЧхГ§-ЕиЩЯздгЩГш|1000|84|94|2020-9-2 17:2:55|1599091270i167
PET: ЯЕЭГ|Watchfunc|МгБШАТ(1)|ЯЕЭГЧхГ§-ЕиЩЯздгЩГш|1000|84|93|2020-9-2 17:2:55|1599091256i166
PET: ЯЕЭГ|Watchfunc|МгБШ(1)|ЯЕЭГЧхГ§-ЕиЩЯздгЩГш|1000|85|93|2020-9-2 17:2:55|1599091230i165
PET: ЯЕЭГ|Watchfunc|МгУР(1)|ЯЕЭГЧхГ§-ЕиЩЯздгЩГш|1000|86|93|2020-9-2 17:2:55|1599091161i164
PET: РЏКё|1111|БДТхТхПЫ(1)|GMУќСюжЦзї|1000|85|94|2020-9-2 17:2:58|1599091378i173
PET: РЏКё|1111|БДТхТхПЫ(1)|ЖЊГш|1000|85|94|2020-9-2 17:3:12|1599091378i173
PET: РЏКё|1111|БДТхЖї(1)|ЖЊГш|1000|85|94|2020-9-2 17:3:13|1599091354i172
PET: РЏКё|1111|ЭўВЎ(1)|ЖЊГш|1000|85|94|2020-9-2 17:3:15|1599091342i171
PET: РЏКё|1111|ЮкПЈТГ(1)|ЖЊГш|1000|85|94|2020-9-2 17:3:16|1599091332i170
PET: РЏКё|1111|ЭўЭў(1)|ЖЊГш|1000|85|94|2020-9-2 17:3:17|1599091319i169
PET: РЏКё|1111|БДТхБІПЫЖћ(1)|GMУќСюжЦзї|1000|85|94|2020-9-2 17:3:24|1599091404i174
PET: РЏКё|1111|БДТхБІРћ(1)|GMУќСюжЦзї|1000|85|94|2020-9-2 17:3:40|1599091420i175
PET: РЏКё|1111|ЙъжЎЖм(1)|GMУќСюжЦзї|1000|85|94|2020-9-2 17:3:52|1599091432i176
PET: ЯЕЭГ|Watchfunc|БДТхТхПЫ(1)|ЯЕЭГЧхГ§-ЕиЩЯздгЩГш|1000|84|95|2020-9-2 17:3:55|1599091378i173
PET: ЯЕЭГ|Watchfunc|БДТхЖї(1)|ЯЕЭГЧхГ§-ЕиЩЯздгЩГш|1000|84|94|2020-9-2 17:3:55|1599091354i172
PET: ЯЕЭГ|Watchfunc|ЭўВЎ(1)|ЯЕЭГЧхГ§-ЕиЩЯздгЩГш|1000|84|93|2020-9-2 17:3:55|1599091342i171
PET: ЯЕЭГ|Watchfunc|ЮкПЈТГ(1)|ЯЕЭГЧхГ§-ЕиЩЯздгЩГш|1000|85|93|2020-9-2 17:3:55|1599091332i170
PET: ЯЕЭГ|Watchfunc|ЭўЭў(1)|ЯЕЭГЧхГ§-ЕиЩЯздгЩГш|1000|86|93|2020-9-2 17:3:55|1599091319i169
PET: РЏКё|1111|ТЬЙъ(1)|GMУќСюжЦзї|1000|85|94|2020-9-2 17:4:5|1599091445i177
PET: РЏКё|1111|ПЈУЗРМЖї(1)|GMУќСюжЦзї|1000|85|94|2020-9-2 17:4:19|1599091459i178
PET: РЏКё|1111|ПЈУЗРМЖї(1)|ЖЊГш|1000|85|94|2020-9-2 17:4:27|1599091459i178
PET: РЏКё|1111|ТЬЙъ(1)|ЖЊГш|1000|85|94|2020-9-2 17:4:28|1599091445i177
PET: РЏКё|1111|ЙъжЎЖм(1)|ЖЊГш|1000|85|94|2020-9-2 17:4:28|1599091432i176
PET: РЏКё|1111|БДТхБІРћ(1)|ЖЊГш|1000|85|94|2020-9-2 17:4:30|1599091420i175
PET: РЏКё|1111|БДТхБІПЫЖћ(1)|ЖЊГш|1000|85|92|2020-9-2 17:4:31|1599091404i174
PET: РЏКё|1111|ЪЏЙъ(1)|GMУќСюжЦзї|1000|93|87|2020-9-2 17:4:40|1599091480i179
PET: РЏКё|1111|ЪЏЙъ(1)|ЖЊГш|1000|93|87|2020-9-2 17:4:54|1599091480i179
PET: РЏКё|1111|АЂИчбЧ(1)|GMУќСюжЦзї|1000|93|87|2020-9-2 17:5:2|1599091502i180
PET: РЏКё|1111|ФсПЩЫЙ(1)|GMУќСюжЦзї|1000|93|87|2020-9-2 17:5:21|1599091521i181
PET: РЏКё|1111|ЬиТхРЅ(1)|GMУќСюжЦзї|1000|93|87|2020-9-2 17:5:36|1599091536i182
PET: РЏКё|1111|ДяПЫЖћ(1)|GMУќСюжЦзї|1000|93|87|2020-9-2 17:5:46|1599091546i183
PET: ЯЕЭГ|Watchfunc|ПЈУЗРМЖї(1)|ЯЕЭГЧхГ§-ЕиЩЯздгЩГш|1000|84|95|2020-9-2 17:5:55|1599091459i178
PET: ЯЕЭГ|Watchfunc|ТЬЙъ(1)|ЯЕЭГЧхГ§-ЕиЩЯздгЩГш|1000|84|94|2020-9-2 17:5:55|1599091445i177
PET: ЯЕЭГ|Watchfunc|ЙъжЎЖм(1)|ЯЕЭГЧхГ§-ЕиЩЯздгЩГш|1000|84|93|2020-9-2 17:5:55|1599091432i176
PET: ЯЕЭГ|Watchfunc|БДТхБІРћ(1)|ЯЕЭГЧхГ§-ЕиЩЯздгЩГш|1000|85|93|2020-9-2 17:5:55|1599091420i175
PET: ЯЕЭГ|Watchfunc|БДТхБІПЫЖћ(1)|ЯЕЭГЧхГ§-ЕиЩЯздгЩГш|1000|85|91|2020-9-2 17:5:55|1599091404i174
PET: ЯЕЭГ|Watchfunc|ЪЏЙъ(1)|ЯЕЭГЧхГ§-ЕиЩЯздгЩГш|1000|92|88|2020-9-2 17:5:55|1599091480i179
PET: РЏКё|1111|Р­ЦцТГИч(1)|GMУќСюжЦзї|1000|93|87|2020-9-2 17:6:11|1599091571i184
PET: РЏКё|1111|Р­ЦцТГИч(1)|ЖЊГш|1000|93|87|2020-9-2 17:6:26|1599091571i184
PET: РЏКё|1111|ДяПЫЖћ(1)|ЖЊГш|1000|93|87|2020-9-2 17:6:27|1599091546i183
PET: РЏКё|1111|ЬиТхРЅ(1)|ЖЊГш|1000|93|87|2020-9-2 17:6:28|1599091536i182
PET: РЏКё|1111|ФсПЩЫЙ(1)|ЖЊГш|1000|92|86|2020-9-2 17:6:29|1599091521i181
PET: РЏКё|1111|АЂИчбЧ(1)|ЖЊГш|1000|92|81|2020-9-2 17:6:30|1599091502i180
PET: РЏКё|1111|КєАЮАЮ(1)|GMУќСюжЦзї|1000|93|82|2020-9-2 17:6:34|1599091594i185
PET: РЏКё|1111|ЖрШјН№Иё(1)|GMУќСюжЦзї|1000|93|82|2020-9-2 17:6:47|1599091607i186
PET: РЏКё|1111|ТГФсЬћЫЙ(1)|GMУќСюжЦзї|1000|93|82|2020-9-2 17:7:26|1599091646i187
PET: РЏКё|1111|ПЈДяТГПЈЫЙ(1)|GMУќСюжЦзї|1000|93|82|2020-9-2 17:7:38|1599091658i188
PET: ЯЕЭГ|Watchfunc|Р­ЦцТГИч(1)|ЯЕЭГЧхГ§-ЕиЩЯздгЩГш|1000|92|88|2020-9-2 17:7:55|1599091571i184
PET: ЯЕЭГ|Watchfunc|ДяПЫЖћ(1)|ЯЕЭГЧхГ§-ЕиЩЯздгЩГш|1000|92|87|2020-9-2 17:7:55|1599091546i183
PET: ЯЕЭГ|Watchfunc|ЬиТхРЅ(1)|ЯЕЭГЧхГ§-ЕиЩЯздгЩГш|1000|92|86|2020-9-2 17:7:55|1599091536i182
PET: ЯЕЭГ|Watchfunc|ФсПЩЫЙ(1)|ЯЕЭГЧхГ§-ЕиЩЯздгЩГш|1000|91|85|2020-9-2 17:7:55|1599091521i181
PET: ЯЕЭГ|Watchfunc|АЂИчбЧ(1)|ЯЕЭГЧхГ§-ЕиЩЯздгЩГш|1000|91|80|2020-9-2 17:7:55|1599091502i180
PET: РЏКё|1111|ПТвСДя(1)|GMУќСюжЦзї|1000|93|82|2020-9-2 17:7:58|1599091678i189
PET: РЏКё|1111|ПТвСДя(1)|ЖЊГш|1000|93|82|2020-9-2 17:8:8|1599091678i189
PET: РЏКё|1111|ПЈДяТГПЈЫЙ(1)|ЖЊГш|1000|93|82|2020-9-2 17:8:9|1599091658i188
PET: РЏКё|1111|ТГФсЬћЫЙ(1)|ЖЊГш|1000|93|82|2020-9-2 17:8:10|1599091646i187
PET: РЏКё|1111|ЖрШјН№Иё(1)|ЖЊГш|1000|93|82|2020-9-2 17:8:11|1599091607i186
PET: РЏКё|1111|КєАЮАЮ(1)|ЖЊГш|1000|93|82|2020-9-2 17:8:12|1599091594i185
PET: РЏКё|1111|ПТТхМгЫЙ(1)|GMУќСюжЦзї|1000|93|82|2020-9-2 17:8:17|1599091697i190
PET: РЏКё|1111|ТхЦцАВ(1)|GMУќСюжЦзї|1000|93|82|2020-9-2 17:8:44|1599091724i191
PET: ЯЕЭГ|Watchfunc|ПТвСДя(1)|ЯЕЭГЧхГ§-ЕиЩЯздгЩГш|1000|92|83|2020-9-2 17:8:55|1599091678i189
PET: ЯЕЭГ|Watchfunc|ПЈДяТГПЈЫЙ(1)|ЯЕЭГЧхГ§-ЕиЩЯздгЩГш|1000|92|82|2020-9-2 17:8:55|1599091658i188
PET: ЯЕЭГ|Watchfunc|ТГФсЬћЫЙ(1)|ЯЕЭГЧхГ§-ЕиЩЯздгЩГш|1000|92|81|2020-9-2 17:8:55|1599091646i187
PET: ЯЕЭГ|Watchfunc|ЖрШјН№Иё(1)|ЯЕЭГЧхГ§-ЕиЩЯздгЩГш|1000|93|81|2020-9-2 17:8:55|1599091607i186
PET: ЯЕЭГ|Watchfunc|КєАЮАЮ(1)|ЯЕЭГЧхГ§-ЕиЩЯздгЩГш|1000|94|81|2020-9-2 17:8:55|1599091594i185
PET: РЏКё|1111|РћдђХЕЖй(1)|GMУќСюжЦзї|1000|93|82|2020-9-2 17:9:10|1599091750i192
PET: РЏКё|1111|бяЦцТхЫЙ(1)|GMУќСюжЦзї|1000|93|82|2020-9-2 17:9:24|1599091764i193
PET: РЏКё|1111|АюЦжТхЫЙ(1)|GMУќСюжЦзї|1000|93|82|2020-9-2 17:9:35|1599091775i194
PET: РЏКё|1111|АюЦжТхЫЙ(1)|ЖЊГш|1000|93|82|2020-9-2 17:9:51|1599091775i194
PET: РЏКё|1111|бяЦцТхЫЙ(1)|ЖЊГш|1000|93|82|2020-9-2 17:9:52|1599091764i193
PET: РЏКё|1111|РћдђХЕЖй(1)|ЖЊГш|1000|93|82|2020-9-2 17:9:53|1599091750i192
PET: РЏКё|1111|ТхЦцАВ(1)|ЖЊГш|1000|93|82|2020-9-2 17:9:53|1599091724i191
PET: РЏКё|1111|ПТТхМгЫЙ(1)|ЖЊГш|1000|93|82|2020-9-2 17:9:54|1599091697i190
PET: РЏКё|1111|АюЦцХЕ(1)|GMУќСюжЦзї|1000|93|82|2020-9-2 17:9:58|1599091798i195
PET: РЏКё|1111|АюЦцХЕ(1)|ЖЊГш|1000|93|82|2020-9-2 17:10:11|1599091798i195
PET: РЏКё|1111|ПЫРзЖћ(1)|GMУќСюжЦзї|1000|93|82|2020-9-2 17:10:15|1599091815i196
PET: РЏКё|1111|ПЫПЫЖћ(1)|GMУќСюжЦзї|1000|93|82|2020-9-2 17:10:36|1599091836i197
PET: ЯЕЭГ|Watchfunc|РћдђХЕЖй(1)|ЯЕЭГЧхГ§-ЕиЩЯздгЩГш|1000|92|81|2020-9-2 17:10:46|1599091750i192
PET: ЯЕЭГ|Watchfunc|бяЦцТхЫЙ(1)|ЯЕЭГЧхГ§-ЕиЩЯздгЩГш|1000|92|82|2020-9-2 17:10:46|1599091764i193
PET: ЯЕЭГ|Watchfunc|АюЦжТхЫЙ(1)|ЯЕЭГЧхГ§-ЕиЩЯздгЩГш|1000|92|83|2020-9-2 17:10:46|1599091775i194
PET: ЯЕЭГ|Watchfunc|ТхЦцАВ(1)|ЯЕЭГЧхГ§-ЕиЩЯздгЩГш|1000|93|81|2020-9-2 17:10:46|1599091724i191
PET: ЯЕЭГ|Watchfunc|ПТТхМгЫЙ(1)|ЯЕЭГЧхГ§-ЕиЩЯздгЩГш|1000|94|81|2020-9-2 17:10:46|1599091697i190
PET: ЯЕЭГ|Watchfunc|АюЦцХЕ(1)|ЯЕЭГЧхГ§-ЕиЩЯздгЩГш|1000|94|82|2020-9-2 17:10:46|1599091798i195
PET: РЏКё|1111|ПЫТхЖћ(1)|GMУќСюжЦзї|1000|93|82|2020-9-2 17:10:49|1599091849i198
PET: РЏКё|1111|РяЫЙЛљ(1)|GMУќСюжЦзї|1000|93|82|2020-9-2 17:11:3|1599091863i199
PET: РЏКё|1111|ПЈБШЬи(1)|GMУќСюжЦзї|1000|93|82|2020-9-2 17:11:15|1599091875i1100
PET: РЏКё|1111|ПЈБШЬи(1)|ЖЊГш|1000|93|82|2020-9-2 17:11:43|1599091875i1100
PET: РЏКё|1111|РяЫЙЛљ(1)|ЖЊГш|1000|93|82|2020-9-2 17:11:43|1599091863i199
PET: РЏКё|1111|ПЫТхЖћ(1)|ЖЊГш|1000|93|82|2020-9-2 17:11:44|1599091849i198
PET: РЏКё|1111|ПЫПЫЖћ(1)|ЖЊГш|1000|93|82|2020-9-2 17:11:45|1599091836i197
PET: РЏКё|1111|ПЫРзЖћ(1)|ЖЊГш|1000|93|82|2020-9-2 17:11:46|1599091815i196
PET: РЏКё|1111|П­БШ(1)|GMУќСюжЦзї|1000|93|82|2020-9-2 17:11:53|1599091913i1101
PET: РЏКё|1111|РЅвС(1)|GMУќСюжЦзї|1000|93|82|2020-9-2 17:12:13|1599091933i1102
PET: РЏКё|1111|П­БШЬи(1)|GMУќСюжЦзї|1000|93|82|2020-9-2 17:12:35|1599091955i1103
PET: ЯЕЭГ|Watchfunc|ПЈБШЬи(1)|ЯЕЭГЧхГ§-ЕиЩЯздгЩГш|1000|92|83|2020-9-2 17:12:55|1599091875i1100
PET: ЯЕЭГ|Watchfunc|РяЫЙЛљ(1)|ЯЕЭГЧхГ§-ЕиЩЯздгЩГш|1000|92|82|2020-9-2 17:12:55|1599091863i199
PET: ЯЕЭГ|Watchfunc|ПЫТхЖћ(1)|ЯЕЭГЧхГ§-ЕиЩЯздгЩГш|1000|92|81|2020-9-2 17:12:55|1599091849i198
PET: ЯЕЭГ|Watchfunc|ПЫПЫЖћ(1)|ЯЕЭГЧхГ§-ЕиЩЯздгЩГш|1000|93|81|2020-9-2 17:12:55|1599091836i197
PET: ЯЕЭГ|Watchfunc|ПЫРзЖћ(1)|ЯЕЭГЧхГ§-ЕиЩЯздгЩГш|1000|94|81|2020-9-2 17:12:55|1599091815i196
PET: РЏКё|1111|ИёЖћЖй(1)|GMУќСюжЦзї|1000|93|82|2020-9-2 17:13:21|1599092001i1104
PET: РЏКё|1111|ЦцР­Жй(1)|GMУќСюжЦзї|1000|93|82|2020-9-2 17:13:48|1599092028i1105
PET: РЏКё|1111|ЦцР­Жй(1)|ЖЊГш|1000|93|82|2020-9-2 17:14:2|1599092028i1105
PET: РЏКё|1111|ИёЖћЖй(1)|ЖЊГш|1000|93|82|2020-9-2 17:14:3|1599092001i1104
PET: РЏКё|1111|П­БШЬи(1)|ЖЊГш|1000|93|82|2020-9-2 17:14:4|1599091955i1103
PET: РЏКё|1111|РЅвС(1)|ЖЊГш|1000|92|80|2020-9-2 17:14:6|1599091933i1102
PET: РЏКё|1111|П­БШ(1)|ЖЊГш|1000|94|80|2020-9-2 17:14:7|1599091913i1101
PET: РЏКё|1111|ЦыЖћИёЖћЖй(1)|GMУќСюжЦзї|1000|95|83|2020-9-2 17:14:19|1599092059i1106
PET: РЏКё|1111|ИёЖћИё(1)|GMУќСюжЦзї|1000|95|83|2020-9-2 17:14:36|1599092076i1107
PET: ЯЕЭГ|Watchfunc|ЦцР­Жй(1)|ЯЕЭГЧхГ§-ЕиЩЯздгЩГш|1000|92|83|2020-9-2 17:14:55|1599092028i1105
PET: ЯЕЭГ|Watchfunc|ИёЖћЖй(1)|ЯЕЭГЧхГ§-ЕиЩЯздгЩГш|1000|92|82|2020-9-2 17:14:55|1599092001i1104
PET: ЯЕЭГ|Watchfunc|П­БШЬи(1)|ЯЕЭГЧхГ§-ЕиЩЯздгЩГш|1000|92|81|2020-9-2 17:14:55|1599091955i1103
PET: ЯЕЭГ|Watchfunc|РЅвС(1)|ЯЕЭГЧхГ§-ЕиЩЯздгЩГш|1000|91|79|2020-9-2 17:14:55|1599091933i1102
PET: ЯЕЭГ|Watchfunc|П­БШ(1)|ЯЕЭГЧхГ§-ЕиЩЯздгЩГш|1000|95|80|2020-9-2 17:14:55|1599091913i1101
PET: РЏКё|1111|ИёЖћИё(1)|ЖЊГш|1000|95|83|2020-9-2 17:15:13|1599092076i1107
PET: РЏКё|1111|ЦыЖћИёЖћЖй(1)|ЖЊГш|1000|95|83|2020-9-2 17:15:15|1599092059i1106
PET: РЏКё|1111|аоБІ(1)|GMУќСюжЦзї|1000|95|83|2020-9-2 17:15:48|1599092148i1108
PET: ЯЕЭГ|Watchfunc|ИёЖћИё(1)|ЯЕЭГЧхГ§-ЕиЩЯздгЩГш|1000|94|84|2020-9-2 17:15:55|1599092076i1107
PET: ЯЕЭГ|Watchfunc|ЦыЖћИёЖћЖй(1)|ЯЕЭГЧхГ§-ЕиЩЯздгЩГш|1000|94|83|2020-9-2 17:15:55|1599092059i1106
PET: РЏКё|1111|ПЈР­БІЫЙ(1)|GMУќСюжЦзї|1000|95|83|2020-9-2 17:18:15|1599092295i1109
PET: РЏКё|1111|ВМПЫВМПЫ(1)|GMУќСюжЦзї|1000|95|83|2020-9-2 17:19:4|1599092344i1110
PET: РЏКё|1111|ЖрТхМг(1)|GMУќСюжЦзї|1000|95|83|2020-9-2 17:19:32|1599092372i1111
PET: РЏКё|1111|ЖрТхМг(1)|GMУќСюжЦзї|1000|95|83|2020-9-2 17:19:59|1599092399i1112
PET: РЏКё|1111|ЖрТхМг(1)|ЖЊГш|1000|95|83|2020-9-2 17:20:9|1599092399i1112
PET: РЏКё|1111|ЖрТхМг(1)|ЖЊГш|1000|95|83|2020-9-2 17:20:10|1599092372i1111
PET: РЏКё|1111|ВМПЫВМПЫ(1)|ЖЊГш|1000|95|83|2020-9-2 17:20:11|1599092344i1110
PET: РЏКё|1111|ПЈР­БІЫЙ(1)|ЖЊГш|1000|95|83|2020-9-2 17:20:12|1599092295i1109
PET: РЏКё|1111|аоБІ(1)|ЖЊГш|1000|95|83|2020-9-2 17:20:13|1599092148i1108
PET: ЯЕЭГ|Watchfunc|ЖрТхМг(1)|ЯЕЭГЧхГ§-ЕиЩЯздгЩГш|1000|94|84|2020-9-2 17:20:55|1599092399i1112
PET: ЯЕЭГ|Watchfunc|ЖрТхМг(1)|ЯЕЭГЧхГ§-ЕиЩЯздгЩГш|1000|94|83|2020-9-2 17:20:55|1599092372i1111
PET: ЯЕЭГ|Watchfunc|ВМПЫВМПЫ(1)|ЯЕЭГЧхГ§-ЕиЩЯздгЩГш|1000|94|82|2020-9-2 17:20:55|1599092344i1110
PET: ЯЕЭГ|Watchfunc|ПЈР­БІЫЙ(1)|ЯЕЭГЧхГ§-ЕиЩЯздгЩГш|1000|95|82|2020-9-2 17:20:55|1599092295i1109
PET: ЯЕЭГ|Watchfunc|аоБІ(1)|ЯЕЭГЧхГ§-ЕиЩЯздгЩГш|1000|96|82|2020-9-2 17:20:55|1599092148i1108
PET: РЏКё|1111|РЅвС(1)|GMУќСюжЦзї|1000|95|83|2020-9-2 17:21:23|1599092483i1113
PET: РЏКё|1111|П­БШЬи(1)|GMУќСюжЦзї|1000|95|83|2020-9-2 17:22:8|1599092528i1116
PET: РЏКё|1111|П­БШЬи(1)|ЖЊГш|1000|95|83|2020-9-2 17:22:39|1599092528i1116
PET: РЏКё|1111|РЅвС(1)|ЖЊГш|1000|95|83|2020-9-2 17:22:42|1599092483i1113
PET: ЯЕЭГ|Watchfunc|П­БШЬи(1)|ЯЕЭГЧхГ§-ЕиЩЯздгЩГш|1000|94|83|2020-9-2 17:23:28|1599092528i1116
PET: ЯЕЭГ|Watchfunc|РЅвС(1)|ЯЕЭГЧхГ§-ЕиЩЯздгЩГш|1000|96|82|2020-9-2 17:23:28|1599092483i1113
PET: РЏКё|1111|1111(1)|GMУќСюжЦзї|1000|95|83|2020-9-2 17:24:40|1599092680i1126
PET: РЏКё|1111|1111(1)|ЖЊГш|1000|94|82|2020-9-2 17:25:3|1599092680i1126
PET: РЏКё|1111|3333(1)|GMУќСюжЦзї|1000|96|84|2020-9-2 17:25:22|1599092722i1129
PET: ЯЕЭГ|Watchfunc|1111(1)|ЯЕЭГЧхГ§-ЕиЩЯздгЩГш|1000|93|81|2020-9-2 17:25:55|1599092680i1126
PET: РЏКё|1111|3333(1)|ЖЊГш|1000|96|82|2020-9-2 17:26:19|1599092722i1129
PET: ЯЕЭГ|Watchfunc|3333(1)|ЯЕЭГЧхГ§-ЕиЩЯздгЩГш|1000|95|83|2020-9-2 17:26:55|1599092722i1129
PET: РЏКё|1111|АюТхТхПЫЫЙ(1)|GMУќСюжЦзї|1000|98|85|2020-9-2 17:28:29|1599092909i1140
PET: РЏКё|1111|АюТхТхПЫЫЙ(1)|ЖЊГш|1000|98|85|2020-9-2 17:28:44|1599092909i1140
PET: РЏКё|1111|ВМБШ(1)|GMУќСюжЦзї|1000|98|85|2020-9-2 17:28:49|1599092929i1141
PET: РЏКё|1111|ВМвС(1)|GMУќСюжЦзї|1000|98|85|2020-9-2 17:29:30|1599092970i1145
PET: ЯЕЭГ|Watchfunc|АюТхТхПЫЫЙ(1)|ЯЕЭГЧхГ§-ЕиЩЯздгЩГш|1000|99|86|2020-9-2 17:29:55|1599092909i1140
PET: РЏКё|1111|ВМвС(1)|ЖЊГш|1000|98|85|2020-9-2 17:30:8|1599092970i1145
PET: РЏКё|1111|ВМБШ(1)|ЖЊГш|1000|97|83|2020-9-2 17:30:13|1599092929i1141
PET: ЯЕЭГ|Watchfunc|ВМвС(1)|ЯЕЭГЧхГ§-ЕиЩЯздгЩГш|1000|97|86|2020-9-2 17:30:56|1599092970i1145
PET: ЯЕЭГ|Watchfunc|ВМБШ(1)|ЯЕЭГЧхГ§-ЕиЩЯздгЩГш|1000|96|82|2020-9-2 17:30:56|1599092929i1141
PET: РЏКё|1111|КєАЮАЮ(1)|GMУќСюжЦзї|1000|100|87|2020-9-2 17:30:58|1599093058i1149
PET: РЏКё|1111|КєАЮАЮ(1)|GMУќСюжЦзї|1000|100|87|2020-9-2 17:31:21|1599093081i1151
PET: РЏКё|1111|КєАЮАЮ(1)|ЖЊГш|1000|99|85|2020-9-2 17:31:32|1599093081i1151
PET: РЏКё|1111|КєАЮАЮ(1)|ЖЊГш|1000|99|85|2020-9-2 17:31:34|1599093058i1149
PET: РЏКё|1111|ТГФсЬћЫЙ(1)|GMУќСюжЦзї|1000|100|88|2020-9-2 17:32:28|1599093148i1157
PET: РЏКё|1111|ТГФсЬћЫЙ(1)|ЖЊГш|1000|100|88|2020-9-2 17:32:41|1599093148i1157
PET: ЯЕЭГ|Watchfunc|КєАЮАЮ(1)|ЯЕЭГЧхГ§-ЕиЩЯздгЩГш|1000|99|84|2020-9-2 17:32:55|1599093081i1151
PET: ЯЕЭГ|Watchfunc|КєАЮАЮ(1)|ЯЕЭГЧхГ§-ЕиЩЯздгЩГш|1000|100|86|2020-9-2 17:32:55|1599093058i1149
PET: РЏКё|1111|ЬиТхРЅ(1)|GMУќСюжЦзї|1000|100|88|2020-9-2 17:32:56|1599093176i1161
PET: ЯЕЭГ|Watchfunc|ТГФсЬћЫЙ(1)|ЯЕЭГЧхГ§-ЕиЩЯздгЩГш|1000|99|87|2020-9-2 17:33:55|1599093148i1157
PET: РЏКё|1111|ЬиТхРЅ(1)|ЖЊГш|1000|100|88|2020-9-2 17:33:59|1599093176i1161
PET: РЏКё|1111|ДяПЫЖћ(1)|GMУќСюжЦзї|1000|100|88|2020-9-2 17:34:19|1599093259i1165
PET: ЯЕЭГ|Watchfunc|ЬиТхРЅ(1)|ЯЕЭГЧхГ§-ЕиЩЯздгЩГш|1000|99|89|2020-9-2 17:34:42|1599093176i1161
PET: РЏКё|1111|ДяПЫЖћ(1)|ЖЊГш|1000|100|88|2020-9-2 17:35:9|1599093259i1165
PET: ЯЕЭГ|Watchfunc|ДяПЫЖћ(1)|ЯЕЭГЧхГ§-ЕиЩЯздгЩГш|1000|99|87|2020-9-2 17:35:48|1599093259i1165
PET: РЏКё|1111|Л№МІ(1)|GMУќСюжЦзї|1000|99|89|2020-9-2 17:36:11|1599093371i1170
PET: РЏКё|1111|Л№МІ(1)|GMУќСюжЦзї|1000|99|89|2020-9-2 17:37:0|1599093420i1171
PET: РЏКё|1111|Л№МІ(1)|ЖЊГш|1000|99|89|2020-9-2 17:37:47|1599093420i1171
PET: РЏКё|1111|Л№МІ(1)|ЖЊГш|1000|99|89|2020-9-2 17:37:48|1599093371i1170
PET: РЏКё|1111|ЦцБІ(1)|GMУќСюжЦзї|1000|99|89|2020-9-2 17:38:14|1599093494i1175
PET: ЯЕЭГ|Watchfunc|Л№МІ(1)|ЯЕЭГЧхГ§-ЕиЩЯздгЩГш|1000|98|88|2020-9-2 17:38:30|1599093371i1170
PET: ЯЕЭГ|Watchfunc|Л№МІ(1)|ЯЕЭГЧхГ§-ЕиЩЯздгЩГш|1000|98|89|2020-9-2 17:38:30|1599093420i1171
PET: РЏКё|1111|ЦцБІ(1)|ЖЊГш|1000|99|89|2020-9-2 17:38:47|1599093494i1175
PET: ЯЕЭГ|Watchfunc|ЦцБІ(1)|ЯЕЭГЧхГ§-ЕиЩЯздгЩГш|1000|98|89|2020-9-2 17:39:30|1599093494i1175
PET: РЏКё|1111|ЛГЮжЗђ(1)|GMУќСюжЦзї|1000|99|89|2020-9-2 17:44:25|1599093865i1184
PET: РЏКё|1111|ЛГЮжЗђ(1)|ЖЊГш|1000|99|89|2020-9-2 17:44:45|1599093865i1184
PET: РЏКё|1111|ПЈБШЬи(1)|GMУќСюжЦзї|1000|99|89|2020-9-2 17:45:17|1599093917i1188
PET: ЯЕЭГ|Watchfunc|ЛГЮжЗђ(1)|ЯЕЭГЧхГ§-ЕиЩЯздгЩГш|1000|98|89|2020-9-2 17:45:55|1599093865i1184
PET: РЏКё|1111|ПЈБШЬи(1)|ЖЊГш|1000|99|89|2020-9-2 17:45:58|1599093917i1188
PET: ЯЕЭГ|Watchfunc|ПЈБШЬи(1)|ЯЕЭГЧхГ§-ЕиЩЯздгЩГш|1000|98|88|2020-9-2 17:46:55|1599093917i1188
PET: РЏКё|1111|ПЈБШЬи(1)|GMУќСюжЦзї|1000|99|89|2020-9-2 17:47:18|1599094038i1194
PET: РЏКё|1111|ПЈБШЬи(1)|ЖЊГш|1000|99|89|2020-9-2 17:47:22|1599094038i1194
PET: ЯЕЭГ|Watchfunc|ПЈБШЬи(1)|ЯЕЭГЧхГ§-ЕиЩЯздгЩГш|1000|98|90|2020-9-2 17:47:52|1599094038i1194
PET: РЏКё|1111|БДТхТхПЫ(1)|GMУќСюжЦзї|1000|99|89|2020-9-2 17:48:34|1599094114i1198
PET: РЏКё|1111|БДТхТхПЫ(1)|ЖЊГш|1000|99|89|2020-9-2 17:49:1|1599094114i1198
PET: ЯЕЭГ|Watchfunc|БДТхТхПЫ(1)|ЯЕЭГЧхГ§-ЕиЩЯздгЩГш|1000|98|89|2020-9-2 17:49:55|1599094114i1198
PET: РхКё|yesdw00|??(1)|GMУќСюжЦзї|2000|61|74|2020-9-2 18:15:17|1599095717i1206
PET: РхКё|yesdw00|??(1)|ЖЊГш|2000|61|74|2020-9-2 18:15:22|1599095717i1206
PET: РхКё|yesdw00|П­БШ(1)|GMУќСюжЦзї|2000|61|74|2020-9-2 18:15:37|1599095737i1207
PET: РхКё|yesdw00|П­БШ(1)|ЖЊГш|2000|61|74|2020-9-2 18:15:39|1599095737i1207
PET: РхКё|yesdw00|ПЫПЫЖћ(1)|GMУќСюжЦзї|2000|61|74|2020-9-2 18:15:47|1599095747i1208
PET: РхКё|yesdw00|ПЫПЫЖћ(1)|ЖЊГш|2000|61|74|2020-9-2 18:15:50|1599095747i1208
PET: ЯЕЭГ|Watchfunc|??(1)|ЯЕЭГЧхГ§-ЕиЩЯздгЩГш|2000|60|74|2020-9-2 18:15:53|1599095717i1206
PET: ЯЕЭГ|Watchfunc|П­БШ(1)|ЯЕЭГЧхГ§-ЕиЩЯздгЩГш|2000|60|73|2020-9-2 18:16:55|1599095737i1207
PET: ЯЕЭГ|Watchfunc|ПЫПЫЖћ(1)|ЯЕЭГЧхГ§-ЕиЩЯздгЩГш|2000|60|75|2020-9-2 18:16:55|1599095747i1208
PET: РЏКё|1111|МЊБШ(1)|LUAЕФchar.AddPet|2000|61|70|2020-9-2 18:41:44|1599097304i1209
PET: РхКё|yesdw00|ТъРйЗЦбХ(1)|LUAЕФchar.AddPet|2000|56|75|2020-9-2 18:47:4|1599097624i1210
PET: РхКё|yesdw00|ТъРйЗЦбХ(79)|ЖЊГш|2000|56|75|2020-9-2 18:47:9|1599097624i1210
PET: РхКё|yesdw00|ТъРйЗЦбХ(1)|LUAЕФchar.AddPet|2000|56|75|2020-9-2 18:47:33|1599097653i1211
PET: РЏКё|1111|ТъРйЗЦбХ(1)|LUAЕФchar.AddPet|2000|55|75|2020-9-2 18:47:35|1599097655i1212
PET: РхКё|yesdw00|ТъРйЗЦбХ(79)|ЖЊГш|2000|56|75|2020-9-2 18:47:36|1599097653i1211
PET: ЯЕЭГ|Watchfunc|ТъРйЗЦбХ(79)|ЯЕЭГЧхГ§-ЕиЩЯздгЩГш|2000|56|76|2020-9-2 18:47:39|1599097624i1210
PET: РЏКё|1111|ТъРйЗЦбХ(79)|ЖЊГш|2000|55|75|2020-9-2 18:47:40|1599097655i1212
PET: ЯЕЭГ|Watchfunc|ТъРйЗЦбХ(79)|ЯЕЭГЧхГ§-ЕиЩЯздгЩГш|2000|54|76|2020-9-2 18:48:11|1599097655i1212
PET: ЯЕЭГ|Watchfunc|ТъРйЗЦбХ(79)|ЯЕЭГЧхГ§-ЕиЩЯздгЩГш|2000|55|76|2020-9-2 18:48:11|1599097653i1211
PET: РЏКё|1111|МЊБШ(1)|ЖЊГш|2000|60|72|2020-9-2 18:57:22|1599097304i1209
PET: РЏКё|1111|МЊБШ(1)|МёГш|2000|59|74|2020-9-2 18:57:30|1599097304i1209
PET: РЏКё|1111|МЊБШ(1)|ЖЊГш|2000|58|70|2020-9-2 18:57:34|1599097304i1209
PET: ЯЕЭГ|Watchfunc|МЊБШ(1)|ЯЕЭГЧхГ§-ЕиЩЯздгЩГш|2000|57|69|2020-9-2 18:58:4|1599097304i1209
PET: РЏКё|1111|зѓЕЯТхЫЙ(1)|GMУќСюжЦзї|10001|36|12|2020-9-2 19:0:27|1599098427i1213
PET: РЏКё|1111|зѓЕЯТхЫЙ(1)|ЖЊГш|10001|36|12|2020-9-2 19:0:31|1599098427i1213
PET: РЏКё|1111|АЭЖфРМЖї(1)|GMУќСюжЦзї|10001|36|12|2020-9-2 19:0:39|1599098439i1214
PET: РЏКё|1111|АЭЖфРМЖї(1)|ЖЊГш|10001|36|12|2020-9-2 19:0:41|1599098439i1214
PET: РЏКё|1111|ФІФШЮїЦе(1)|GMУќСюжЦзї|10001|36|12|2020-9-2 19:0:44|1599098444i1215
PET: РЏКё|1111|ФІФШЮїЦе(1)|ЖЊГш|10001|36|12|2020-9-2 19:0:46|1599098444i1215
PET: РЏКё|1111|ВМвСЕТ(1)|GMУќСюжЦзї|10001|36|12|2020-9-2 19:0:52|1599098452i1216
PET: РЏКё|1111|ВМвСЕТ(1)|ЖЊГш|10001|36|12|2020-9-2 19:0:55|1599098452i1216
PET: РЏКё|1111|ЬћР­ЫљвСЖф(1)|GMУќСюжЦзї|10001|36|12|2020-9-2 19:0:57|1599098457i1217
PET: РЏКё|1111|ЬћР­ЫљвСЖф(1)|ЖЊГш|10001|36|12|2020-9-2 19:1:1|1599098457i1217
PET: ЯЕЭГ|Watchfunc|зѓЕЯТхЫЙ(1)|ЯЕЭГЧхГ§-ЕиЩЯздгЩГш|10001|35|11|2020-9-2 19:1:2|1599098427i1213
PET: РЏКё|1111|ЬћР­ЫљвСЖф(1)|МёГш|10001|36|12|2020-9-2 19:1:5|1599098457i1217
PET: РЏКё|1111|ЬћР­ЫљвСЖф(1)|ЖЊГш|10001|36|12|2020-9-2 19:1:11|1599098457i1217
PET: ЯЕЭГ|Watchfunc|АЭЖфРМЖї(1)|ЯЕЭГЧхГ§-ЕиЩЯздгЩГш|10001|37|11|2020-9-2 19:1:15|1599098439i1214
PET: ЯЕЭГ|Watchfunc|ФІФШЮїЦе(1)|ЯЕЭГЧхГ§-ЕиЩЯздгЩГш|10001|35|13|2020-9-2 19:1:24|1599098444i1215
PET: ЯЕЭГ|Watchfunc|ВМвСЕТ(1)|ЯЕЭГЧхГ§-ЕиЩЯздгЩГш|10001|35|12|2020-9-2 19:1:25|1599098452i1216
PET: ЯЕЭГ|Watchfunc|ЬћР­ЫљвСЖф(1)|ЯЕЭГЧхГ§-ЕиЩЯздгЩГш|10001|36|11|2020-9-2 19:1:45|1599098457i1217
PET: РхКё|yesdw00|ЮкСІЮкСІ(11)|ЖЊГш|1006|17|24|2020-9-2 19:22:34|1598956421i14
PET: РхКё|yesdw00|ЮкСІЮкСІ(11)|МёГш|1006|17|24|2020-9-2 19:22:37|1598956421i14
