GM: server down(2020-8-27 14:3:19) 
GM: test	123	metamo 128012	(2006,21,16)	 (2020-8-27 14:40:38) 
GM: test	123	shutdown	(2000,52,54)	 (2020-8-27 14:56:53) 
GM: server down(2020-8-27 14:56:53) 
GM: server down(2020-8-27 17:46:42) 
GM: 11111	jmycxc	level 140 1234	(2000,60,58)	 (2020-8-27 18:18:14) 
GM: 11111	jmycxc	level 140 yesdw00	(2000,61,59)	 (2020-8-27 18:43:13) 
GM: 센스쟁이우기	yesdw00	level 100	(100,557,356)	 (2020-8-27 19:4:15) 
GM: 센스쟁이우기	yesdw00	level 140	(100,557,356)	 (2020-8-27 19:4:37) 
GM: 센스쟁이우기	yesdw00	superman	(100,557,356)	 (2020-8-27 19:4:47) 
GM: 센스쟁이우기	yesdw00	settrans 6	(100,594,457)	 (2020-8-27 19:7:53) 
GM: 센스쟁이우기	yesdw00	settrans 5	(100,594,457)	 (2020-8-27 19:8:0) 
GM: 43434	1234	loginannounce 개새끼들아!!!	(100,466,142)	 (2020-8-27 19:8:51) 
GM: 43434	1234	metamo 100	(2000,69,73)	 (2020-8-27 19:9:23) 
GM: 43434	1234	metamo 2115	(2000,69,73)	 (2020-8-27 19:9:29) 
GM: 43434	1234	metamo 20005	(2000,69,73)	 (2020-8-27 19:9:37) 
GM: 43434	1234	metamo 11111111	(2000,69,73)	 (2020-8-27 19:9:45) 
GM: 43434	1234	metamo 2222222	(2000,68,73)	 (2020-8-27 19:9:52) 
GM: 43434	1234	petmake 100	(2000,64,73)	 (2020-8-27 19:10:19) 
GM: 43434	1234	petmake 300	(2000,64,73)	 (2020-8-27 19:10:24) 
GM: 43434	1234	petmake 500	(2000,64,73)	 (2020-8-27 19:10:28) 
GM: 센스쟁이우기	yesdw00	settrans 6	(1000,66,81)	 (2020-8-27 19:14:2) 
GM: 센스쟁이우기	yesdw00	settrans 7	(1000,66,81)	 (2020-8-27 19:14:8) 
GM: 센스쟁이우기	yesdw00	settrans 8	(1000,66,81)	 (2020-8-27 19:14:17) 
GM: 센스쟁이우기	yesdw00	settrans 1	(1000,66,81)	 (2020-8-27 19:14:21) 
GM: 센스쟁이우기	yesdw00	settrans 2	(1000,66,81)	 (2020-8-27 19:14:25) 
GM: 센스쟁이우기	yesdw00	settrans 3	(1000,66,81)	 (2020-8-27 19:14:29) 
GM: 센스쟁이우기	yesdw00	settrans 4	(1000,66,81)	 (2020-8-27 19:14:34) 
GM: 센스쟁이우기	yesdw00	settrans 5	(1000,66,81)	 (2020-8-27 19:14:38) 
GM: 43434	1234	metamo 128012	(1000,85,95)	 (2020-8-27 19:15:19) 
GM: 43434	1234	metamo 128013	(1000,59,114)	 (2020-8-27 19:16:37) 
GM: 43434	1234	metamo 128014	(1000,59,111)	 (2020-8-27 19:16:45) 
GM: 43434	1234	metamo 128015	(1000,57,91)	 (2020-8-27 19:16:53) 
GM: 43434	1234	metamo 128020	(1000,56,102)	 (2020-8-27 19:17:0) 
GM: 43434	1234	metamo 128010	(1000,57,104)	 (2020-8-27 19:17:22) 
GM: 43434	1234	metamo 128011	(1000,85,119)	 (2020-8-27 19:17:30) 
GM: 43434	1234	metamo 128012	(1000,88,118)	 (2020-8-27 19:17:39) 
GM: 43434	1234	additem 1	(1000,65,124)	 (2020-8-27 19:18:28) 
GM: 43434	1234	metamo 100035	(1000,85,93)	 (2020-8-27 19:19:49) 
GM: 43434	1234	metamo 100710	(1000,84,94)	 (2020-8-27 19:20:56) 
GM: 43434	1234	metamo 100714	(1000,84,94)	 (2020-8-27 19:21:13) 
GM: 센스쟁이우기	yesdw00	metamo 100258	(1000,83,94)	 (2020-8-27 19:21:47) 
GM: 센스쟁이우기	yesdw00	metamo 100469	(1000,77,87)	 (2020-8-27 19:22:3) 
GM: 43434	1234	metamo 100713	(1000,68,88)	 (2020-8-27 19:22:36) 
GM: 43434	1234	metamo 100710	(1000,68,88)	 (2020-8-27 19:22:55) 
GM: 43434	1234	metamo 100715	(1000,68,88)	 (2020-8-27 19:23:11) 
GM: 43434	1234	metamo 102050	(1000,68,88)	 (2020-8-27 19:23:25) 
GM: 43434	1234	metamo 102049	(1000,68,88)	 (2020-8-27 19:23:43) 
GM: 43434	1234	metamo 102048	(1000,68,88)	 (2020-8-27 19:23:51) 
GM: 43434	1234	metamo 102047	(1000,68,88)	 (2020-8-27 19:23:58) 
GM: 43434	1234	metamo 100720	(1000,68,88)	 (2020-8-27 19:24:29) 
GM: 센스쟁이우기	yesdw00	metamo 102050	(1000,62,88)	 (2020-8-27 19:25:48) 
GM: 센스쟁이우기	yesdw00	superman	(100,529,511)	 (2020-8-27 19:31:53) 
GM: 센스쟁이우기	yesdw00	noenemy on	(100,125,658)	 (2020-8-27 19:41:25) 
GM: 센스쟁이우기	yesdw00	showip 43434	(1000,61,98)	 (2020-8-27 19:45:6) 
GM: 센스쟁이우기	yesdw00	trans 43434 5	(1000,61,102)	 (2020-8-27 19:45:21) 
GM: 센스쟁이우기	yesdw00	loginannounce 안뇽	(1000,62,93)	 (2020-8-27 19:46:20) 
GM: 센스쟁이우기	yesdw00	metamo 12320	(1000,62,93)	 (2020-8-27 19:46:46) 
GM: 센스쟁이우기	yesdw00	metamo 111111	(1000,60,97)	 (2020-8-27 19:46:57) 
GM: 센스쟁이우기	yesdw00	metamo 111112	(1000,60,116)	 (2020-8-27 19:47:9) 
GM: 센스쟁이우기	yesdw00	metamo 101861	(1000,60,116)	 (2020-8-27 19:47:45) 
GM: 센스쟁이우기	yesdw00	metamo 101862	(1000,58,94)	 (2020-8-27 19:48:2) 
GM: 센스쟁이우기	yesdw00	metamo 101863	(1000,58,94)	 (2020-8-27 19:48:7) 
GM: 센스쟁이우기	yesdw00	metamo 101860	(1000,76,91)	 (2020-8-27 19:48:18) 
GM: 센스쟁이우기	yesdGM: 2311313	yesdw00	level 180	(2000,55,54)	 (2020-8-27 20:38:10) 
GM: 2311313	yesdw00	superman	(2000,69,68)	 (2020-8-27 20:39:13) 
GM: 2311313	yesdw00	superman	(60301,86,19)	 (2020-8-27 20:51:31) 
GM: 11111	jmycxc	info	(2000,72,115)	 (2020-8-27 21:21:51) 
GM: 11111	jmycxc	superman	(100,85,610)	 (2020-8-27 21:28:40) 
GM: 11111	jmycxc	info	(100,99,617)	 (2020-8-27 21:30:41) 
GM: 11111	jmycxc	send 1302 99 617 1234	(100,99,617)	 (2020-8-27 21:31:2) 
GM: 11111	jmycxc	send 100 99 617 1234	(100,99,617)	 (2020-8-27 21:31:29) 
GM: 11111	jmycxc	warp 32021 31 52	(100,100,620)	 (2020-8-27 21:35:24) 
GM: 11111	jmycxc	superman	(32020,20,10)	 (2020-8-27 21:36:20) 
GM: 11111	jmycxc	send 32021 31 52 1234	(32020,20,10)	 (2020-8-27 21:36:44) 
GM: 11111	jmycxc	superman	(2000,65,58)	 (2020-8-27 21:50:7) 
GM: 11111	jmycxc	superman	(2000,65,50)	 (2020-8-27 23:25:25) 
GM: 11111	jmycxc	warp 32021 31 52	(2000,64,51)	 (2020-8-27 23:25:42) 
GM: 11111	jmycxc	info	(32020,20,11)	 (2020-8-27 23:26:25) 
GM: 11111	jmycxc	send 32020 20 11 yesdw00	(32020,20,11)	 (2020-8-27 23:26:48) 
GM: 11111	jmycxc	petmake 2015 140	(32020,20,11)	 (2020-8-27 23:28:7) 
GM: 11111	jmycxc	superman	(32020,20,11)	 (2020-8-27 23:28:37) 
GM: 센스쟁이우기	yesdw00	superman	(32020,20,11)	 (2020-8-27 23:32:8) 
