ITEM: test|123|新手棒(2237)|LUA制作道具|2006|20|16|2020-8-27 14:1:53|1598562113i01100
ITEM: test|123|新手铠(2238)|LUA制作道具|2006|20|16|2020-8-27 14:1:53|1598562113i11100
ITEM: test|123|新手兜(2239)|LUA制作道具|2006|20|16|2020-8-27 14:1:53|1598562113i21100
ITEM: test|123|*新手报道(3401)|LUA制作道具|2006|20|16|2020-8-27 14:1:53|1598562113i31100
ITEM: test|123|*冲级奖励证明(23012)|LUA制作道具|2006|20|16|2020-8-27 14:1:53|1598562113i41100
ITEM: server down(2020-8-27 14:3:19) 
ITEM: server down(2020-8-27 14:56:53) 
ITEM: server down(2020-8-27 17:46:42) 
ITEM: ds|yesdw00|新手棒(2237)|LUA制作道具|2006|20|16|2020-8-27 20:37:5|1598585825i01100
ITEM: ds|yesdw00|新手铠(2238)|LUA制作道具|2006|20|16|2020-8-27 20:37:5|1598585825i11100
ITEM: ds|yesdw00|新手兜(2239)|LUA制作道具|2006|20|16|2020-8-27 20:37:5|1598585825i21100
ITEM: ds|yesdw00|*新手报道(3401)|LUA制作道具|2006|20|16|2020-8-27 20:37:5|1598585825i31100
ITEM: 2311313|yesdw00|新手棒(2237)|LUA制作道具|2006|20|16|2020-8-27 20:37:28|1598585848i41100
ITEM: 2311313|yesdw00|新手铠(2238)|LUA制作道具|2006|20|16|2020-8-27 20:37:28|1598585848i51100
ITEM: 2311313|yesdw00|新手兜(2239)|LUA制作道具|2006|20|16|2020-8-27 20:37:28|1598585848i61100
ITEM: 2311313|yesdw00|*新手报道(3401)|LUA制作道具|2006|20|16|2020-8-27 20:37:28|1598585848i71100
ITEM: 2311313|yesdw00|精灵的羽毛(13042)|使用道具|2000|67|63|2020-8-27 20:40:51|1598586042i81100
ITEM: 2311313|yesdw00|精灵的羽毛(13041)|使用道具|2000|65|58|2020-8-27 20:40:55|1598586045i91100
ITEM: 2311313|yesdw00|精灵的羽毛(13043)|使用道具|1000|98|87|2020-8-27 20:41:38|1598586046i101100
ITEM: 2311313|yesdw00|精灵的羽毛(13044)|使用道具|3000|93|92|2020-8-27 20:41:42|1598586049i111100
ITEM: 11111|jmycxc|精灵的羽毛(13042)|使用道具|2000|54|76|2020-8-27 21:28:19|1598569954i01100
ITEM: 11111|jmycxc|空头支票(2257)|LUA制作道具|32020|20|12|2020-8-27 21:49:37|1598590177i171100
