GM: 유비	1111	metamo 100710	(1000,79,84)	 (2020-9-4 3:33:48) 
GM: 유비	1111	petmake  351	(1040,60,45)	 (2020-9-4 3:35:45) 
GM: 유비	1111	additem  1000	(1000,53,110)	 (2020-9-4 7:42:29) 
GM: 유비	1111	additem  1507	(1000,53,110)	 (2020-9-4 7:42:51) 
GM: 유비	1111	additem  2349	(1000,53,110)	 (2020-9-4 7:43:14) 
GM: 유비	1111	additem  36974	(1000,53,110)	 (2020-9-4 7:43:34) 
GM: 유비	1111	additem  15100	(1000,53,110)	 (2020-9-4 7:45:25) 
GM: 유비	1111	additem 36962	(1000,53,110)	 (2020-9-4 7:45:41) 
GM: 유비	1111	additem 15302	(1000,53,110)	 (2020-9-4 7:46:13) 
GM: 유비	1111	additem 37072	(1000,53,110)	 (2020-9-4 7:46:28) 
GM: 장비	yesdw00	additem 20115	(1000,82,56)	 (2020-9-4 7:46:38) 
GM: 유비	1111	additem 37504	(1000,53,110)	 (2020-9-4 7:46:39) 
GM: 장비	yesdw00	additem 100000	(1000,75,51)	 (2020-9-4 7:47:3) 
GM: 유비	1111	additem 37504	(1000,53,110)	 (2020-9-4 7:47:11) 
GM: 장비	yesdw00	additem 19012	(1000,75,51)	 (2020-9-4 7:47:14) 
GM: 유비	1111	additem 37504	(1000,53,110)	 (2020-9-4 7:48:5) 
GM: 장비	yesdw00	additem 16116	(1000,77,49)	 (2020-9-4 7:48:7) 
GM: 장비	yesdw00	additem 16112	(1000,77,49)	 (2020-9-4 7:48:21) 
GM: 장비	yesdw00	additem 23014	(1000,77,49)	 (2020-9-4 7:48:26) 
GM: 장비	yesdw00	additem 20401	(1000,76,52)	 (2020-9-4 7:48:40) 
GM: 장비	yesdw00	additem 16109	(1000,76,52)	 (2020-9-4 7:48:48) 
GM: 장비	yesdw00	additem 15904	(1000,76,52)	 (2020-9-4 7:49:4) 
GM: 장비	yesdw00	additem 24052	(1000,76,52)	 (2020-9-4 7:49:10) 
GM: 장비	yesdw00	additem 12522	(1000,76,52)	 (2020-9-4 7:49:38) 
GM: 장비	yesdw00	additem 11481	(1000,76,52)	 (2020-9-4 7:49:57) 
GM: 장비	yesdw00	petmake 12	(1000,77,76)	 (2020-9-4 10:58:20) 
GM: 장비	yesdw00	petmake  11	(1000,75,82)	 (2020-9-4 10:58:34) 
GM: 장비	yesdw00	additem 1 13	(1000,75,85)	 (2020-9-4 10:58:47) 
GM: 장비	yesdw00	petmake  13	(1000,75,85)	 (2020-9-4 10:58:57) 
GM: 장비	yesdw00	petmake  12	(1000,81,87)	 (2020-9-4 10:59:4) 
GM: 장비	yesdw00	petmake  21	(1000,81,90)	 (2020-9-4 10:59:23) 
GM: 장비	yesdw00	additem 22	(1000,85,91)	 (2020-9-4 10:59:31) 
GM: 장비	yesdw00	petmake 22	(1000,85,91)	 (2020-9-4 10:59:36) 
GM: 장비	yesdw00	petmake 667	(1000,85,91)	 (2020-9-4 10:59:41) 
GM: 장비	yesdw00	petmake 732	(1000,83,93)	 (2020-9-4 10:59:51) 
GM: 장비	yesdw00	petmake  12	(1000,83,93)	 (2020-9-4 11:0:23) 
GM: 장비	yesdw00	petmake  1 12	(1000,83,93)	 (2020-9-4 11:0:29) 
GM: 장비	yesdw00	petmake  23	(1000,83,93)	 (2020-9-4 11:0:39) 
GM: 장비	yesdw00	petmake  41	(1000,83,93)	 (2020-9-4 11:0:48) 
GM: 장비	yesdw00	petmake  42	(1000,83,93)	 (2020-9-4 11:0:53) 
GM: 장비	yesdw00	additem 53	(1000,83,93)	 (2020-9-4 11:1:16) 
GM: 장비	yesdw00	petmake  51	(1000,88,94)	 (2020-9-4 11:6:38) 
GM: 장비	yesdw00	petmake 14	(1000,88,94)	 (2020-9-4 11:6:53) 
GM: 장비	yesdw00	metamo 101161	(1000,88,95)	 (2020-9-4 11:11:52) 
GM: 장비	yesdw00	additem 5542	(1000,56,67)	 (2020-9-4 11:13:54) 
GM: 장비	yesdw00	additem 20323	(1000,63,61)	 (2020-9-4 11:14:18) 
GM: 장비	yesdw00	additem 5539,20323	(1000,69,46)	 (2020-9-4 11:14:35) 
GM: 장비	yesdw00	petmake  12,25	(1000,58,63)	 (2020-9-4 11:15:15) 
GM: 장비	yesdw00	additem 15,13,4	(1000,52,68)	 (2020-9-4 11:15:31) 
GM: 장비	yesdw00	additem 2300,24110	(1000,64,59)	 (2020-9-4 11:16:10) 
GM: 장비	yesdw00	additem 23000	(1000,64,59)	 (2020-9-4 11:16:17) 
GM: 장비	yesdw00	additem 25000	(1000,61,61)	 (2020-9-4 11:16:46) 
GM: 장비	yesdw00	additem 41402	(1000,61,61)	 (2020-9-4 11:16:53) 
GM: 장비	yesdw00	dropmyitem 5550,20321	(1000,46,82)	 (2020-9-4 11:18:47) 
GM: 장비	yesdw00	gold 999999999	(2000,56,60)	 (2020-9-4 11:19:24) 
GM: 장비	yesdw00	additem [gm additem 17001	(2000,56,58)	 (2020-9-4 11:20:16) 
GM: 장비	yesdw00	additem 17001	(2000,59,58)	 (2020-9-4 11:20:19) 
GM: 장비	yesdw00	additem 17001	(2000,59,58)	 (2020-9-4 11:20:21) 
GM: 장비	yesdw00	dropmyitem 90	(2000,59,58)	 (2020-9-4 11:21:29) 
GM: 장비	yesdw00	dropmyitem 90	(2000,53,60)	 (2020-9-4 11:21:32) 
GM: 장비	yesdw00	dropmyitem 90	(2000,47,61)	 (2020-9-4 11:21:35) 
GM: 장비	yesdw00	dropmyitem 90	(2000,41,68)	 (2020-9-4 11:21:38) 
GM: 장비	yesdw00	dropmyitem 90	(2000,44,75)	 (2020-9-4 11:21:42) 
GM: 장비	yesdw00	dropmyitem 90	(2000,49,72)	 (2020-9-4 11:21:45) 
GM: 장비	yesdw00	dropmyitem 90	(2000,49,77)	 (2020-9-4 11:21:47) 
GM: 장비	yesdw00	dropmyitem 90	(2000,55,73)	 (2020-9-4 11:21:48) 
GM: 장비	yesdw00	dropmyitem 90	(2000,58,71)	 (2020-9-4 11:21:50) 
GM: 장비	yesdw00	dropmyitem 90	(2000,63,66)	 (2020-9-4 11:21:51) 
GM: 장비	yesdw00	dropmyitem 90	(2000,59,59)	 (2020-9-4 11:21:54) 
GM: 장비	yesdw00	dropmyitem 90	(2000,59,57)	 (2020-9-4 11:21:55) 
GM: 장비	yesdw00	dropmyitem 90	(2000,54,56)	 (2020-9-4 11:21:57) 
GM: 장비	yesdw00	dropmyitem 90	(2000,58,59)	 (2020-9-4 11:22:0) 
GM: 장비	yesdw00	dropmyitem 90	(2000,60,58)	 (2020-9-4 11:22:1) 
GM: 장비	yesdw00	dropmyitem 90	(2000,60,61)	 (2020-9-4 11:22:3) 
GM: 장비	yesdw00	dropmyitem 90	(2000,57,58)	 (2020-9-4 11:26:38) 
GM: 장비	yesdw00	dropmyitem 90	(2000,60,55)	 (2020-9-4 11:26:40) 
GM: 장비	yesdw00	dropmyitem 90	(2000,61,59)	 (2020-9-4 11:26:42) 
GM: 장비	yesdw00	dropmyitem 90	(2000,56,62)	 (2020-9-4 11:26:44) 
GM: 장비	yesdw00	dropmyitem 90	(2000,53,58)	 (2020-9-4 11:26:46) 
GM: 장비	yesdw00	dropmyitem 90	(2000,54,54)	 (2020-9-4 11:26:48) 
GM: 장비	yesdw00	dropmyitem 90	(2000,57,52)	 (2020-9-4 11:26:54) 
GM: 장비	yesdw00	dropmyitem 90	(2000,64,52)	 (2020-9-4 11:26:56) 
GM: 장비	yesdw00	dropmyitem 90	(2000,60,63)	 (2020-9-4 11:27:0) 
GM: 장비	yesdw00	dropmyitem 90	(2000,63,65)	 (2020-9-4 11:27:1) 
GM: 장비	yesdw00	dropmyitem 90	(2000,65,68)	 (2020-9-4 11:27:2) 
GM: 장비	yesdw00	dropmyitem 90	(2000,66,73)	 (2020-9-4 11:27:3) 
GM: 장비	yesdw00	dropmyitem 90	(2000,64,73)	 (2020-9-4 11:27:5) 
GM: 장비	yesdw00	dropmyitem 90	(2000,60,71)	 (2020-9-4 11:27:6) 
GM: 장비	yesdw00	dropmyitem 90	(2000,60,74)	 (2020-9-4 11:27:7) 
GM: 장비	yesdw00	dropmyitem 90	(2000,59,79)	 (2020-9-4 11:27:8) 
GM: 장비	yesdw00	dropmyitem 90	(2000,57,77)	 (2020-9-4 11:27:10) 
GM: 장비	yesdw00	dropmyitem 90	(2000,55,74)	 (2020-9-4 11:27:12) 
GM: 장비	yesdw00	dropmyitem 90	(2000,57,70)	 (2020-9-4 11:27:15) 
GM: 장비	yesdw00	dropmyitem 90	(2000,64,70)	 (2020-9-4 11:27:18) 
GM: 장비	yesdw00	dropmyitem 90	(2000,62,69)	 (2020-9-4 11:27:49) 
GM: 장비	yesdw00	dropmyitem 90	(2000,63,70)	 (2020-9-4 11:27:50) 
GM: 장비	yesdw00	dropmyitem 90	(2000,65,72)	 (2020-9-4 11:27:51) 
GM: 장비	yesdw00	dropmyitem 90	(2000,67,75)	 (2020-9-4 11:27:53) 
GM: 장비	yesdw00	dropmyitem 90	(2000,71,74)	 (2020-9-4 11:27:54) 
GM: 장비	yesdw00	dropmyitem 90	(2000,73,76)	 (2020-9-4 11:27:55) 
GM: 장비	yesdw00	dropmyitem 90	(2000,75,78)	 (2020-9-4 11:27:57) 
GM: 장비	yesdw00	additem 1231234	(2000,80,85)	 (2020-9-4 11:32:28) 
GM: 장비	yesdw00	level 999456489646	(2000,80,85)	 (2020-9-4 11:32:38) 
GM: server down(2020-9-4 11:32:38) 
GM: 유비	1111	petmake  9	(2000,63,62)	 (2020-9-4 14:8:39) 
GM: 유비	1111	petmake  12	(2000,63,62)	 (2020-9-4 14:9:23) 
GM: 유비	1111	petmake  14	(2000,63,62)	 (2020-9-4 14:9:47) 
GM: server down(2020-9-4 14:46:40) 
GM: 11111	jmycxc	additem 1	(2000,58,59)	 (2020-9-4 16:1:48) 
GM: 11111	jmycxc	additem 2	(2000,58,59)	 (2020-9-4 16:2:0) 
GM: 11111	jmycxc	additem 3	(2000,58,59)	 (2020-9-4 16:2:3) 
GM: 11111	jmycxc	additem 4	(2000,58,59)	 (2020-9-4 16:2:6) 
GM: 11111	jmycxc	additem 5	(2000,58,59)	 (2020-9-4 16:2:7) 
GM: 11111	jmycxc	additem 6	(2000,58,59)	 (2020-9-4 16:2:9) 
GM: 11111	jmycxc	additem 7	(2000,58,59)	 (2020-9-4 16:2:11) 
GM: 11111	jmycxc	additem 8	(2000,58,59)	 (2020-9-4 16:2:13) 
GM: 11111	jmycxc	additem 9	(2000,58,59)	 (2020-9-4 16:2:15) 
GM: 11111	jmycxc	additem 10	(2000,58,59)	 (2020-9-4 16:2:21) 
GM: 11111	jmycxc	additem 11	(2000,58,59)	 (2020-9-4 16:2:24) 
GM: 장비	yesdw00	metamo 101161	(2000,59,59)	 (2020-9-4 16:5:56) 
GM: 11111	jmycxc	enemyrestart	(2000,58,59)	 (2020-9-4 16:8:58) 
GM: 11111	jmycxc	delpet	(2000,58,59)	 (2020-9-4 16:9:13) 
GM: 11111	jmycxc	petmake 1	(2000,57,59)	 (2020-9-4 16:9:39) 
GM: 11111	jmycxc	petmake enfl	(2000,57,59)	 (2020-9-4 16:9:43) 
GM: 장비	yesdw00	metamo 101142	(2000,58,60)	 (2020-9-4 16:10:2) 
GM: 장비	yesdw00	additem 101141	(2000,59,63)	 (2020-9-4 16:10:31) 
GM: 장비	yesdw00	metamo 101141	(2000,58,61)	 (2020-9-4 16:10:50) 
GM: 장비	yesdw00	petmake ENFL	(2000,61,59)	 (2020-9-4 16:11:2) 
GM: 11111	jmycxc	petmake enfl	(2000,57,59)	 (2020-9-4 16:12:38) 
GM: 장비	yesdw00	metamo 101120	(2000,60,58)	 (2020-9-4 16:15:6) 
GM: 장비	yesdw00	metamo 101121	(2000,55,58)	 (2020-9-4 16:15:26) 
GM: 장비	yesdw00	metamo 101122	(2000,56,60)	 (2020-9-4 16:15:49) 
GM: 장비	yesdw00	metamo 101123	(2000,56,60)	 (2020-9-4 16:16:0) 
GM: 장비	yesdw00	metamo 101124	(2000,56,60)	 (2020-9-4 16:16:9) 
GM: 장비	yesdw00	metamo 101125	(2000,56,60)	 (2020-9-4 16:16:24) 
GM: 장비	yesdw00	metamo 101126	(2000,56,60)	 (2020-9-4 16:16:39) 
GM: 장비	yesdw00	metamo 101127	(2000,59,58)	 (2020-9-4 16:17:3) 
GM: 장비	yesdw00	metamo 101129	(2000,61,59)	 (2020-9-4 16:17:20) 
GM: 장비	yesdw00	metamo 101152	(2000,57,62)	 (2020-9-4 16:17:38) 
GM: 장비	yesdw00	metamo 101156	(2000,55,61)	 (2020-9-4 16:18:12) 
GM: 장비	yesdw00	metamo 101209	(2000,55,61)	 (2020-9-4 16:18:46) 
GM: 장비	yesdw00	metamo 101277	(2000,55,62)	 (2020-9-4 16:19:14) 
GM: 장비	yesdw00	metamo 101739	(2000,56,61)	 (2020-9-4 16:20:47) 
GM: 장비	yesdw00	metamo 101840	(2000,57,58)	 (2020-9-4 16:21:31) 
GM: 장비	yesdw00	metamo 101168	(2000,56,62)	 (2020-9-4 16:22:50) 
GM: 장비	yesdw00	petmake  101444	(1000,91,60)	 (2020-9-4 17:40:46) 
GM: 장비	yesdw00	petmake 101444	(1000,86,67)	 (2020-9-4 17:40:53) 
GM: 장비	yesdw00	additem 2775	(1000,81,84)	 (2020-9-4 17:46:4) 
GM: 장비	yesdw00	additem 2775	(1000,81,84)	 (2020-9-4 17:46:13) 
GM: 장비	yesdw00	additem 2775	(1000,81,84)	 (2020-9-4 17:46:20) 
GM: 장비	yesdw00	additem 2775	(1000,81,84)	 (2020-9-4 17:46:23) 
GM: 장비	yesdw00	additem 2775	(1000,81,84)	 (2020-9-4 17:46:26) 
GM: 장비	yesdw00	additem 2775	(1000,81,84)	 (2020-9-4 17:46:28) 
GM: 장비	yesdw00	additem 2775	(1000,81,84)	 (2020-9-4 17:46:30) 
GM: 유비	1111	gold 9999999	(1000,80,87)	 (2020-9-4 17:52:45) 
GM: 11111	jmycxc	clean_floor	(1000,84,83)	 (2020-9-4 18:7:26) 
GM: 장비	yesdw00	petmake 13	(1000,79,88)	 (2020-9-4 18:10:54) 
GM: 11111	jmycxc	delpet	(1000,79,87)	 (2020-9-4 18:20:39) 
GM: 11111	jmycxc	petmake 1	(1000,79,87)	 (2020-9-4 18:20:42) 
GM: 11111	jmycxc	petmake 2	(1000,79,87)	 (2020-9-4 18:20:44) 
GM: 11111	jmycxc	petmake 3	(1000,79,87)	 (2020-9-4 18:20:46) 
GM: 11111	jmycxc	petmake 4	(1000,79,87)	 (2020-9-4 18:20:48) 
GM: 11111	jmycxc	petmake 5	(1000,79,87)	 (2020-9-4 18:20:50) 
GM: 11111	jmycxc	petmake enfl	(1000,79,87)	 (2020-9-4 18:21:34) 
GM: 11111	jmycxc	additem 1	(1000,77,87)	 (2020-9-4 18:36:23) 
GM: 11111	jmycxc	additem 1	(1000,77,87)	 (2020-9-4 18:36:24) 
GM: 장비	yesdw00	petmake 1219	(2000,56,67)	 (2020-9-4 19:10:7) 
GM: 짱멋진장비님	yesdw00	additem 20004	(2006,12,19)	 (2020-9-4 19:38:3) 
GM: 짱멋진장비님	yesdw00	additem 1232	(2000,47,71)	 (2020-9-4 19:41:47) 
GM: 짱멋진장비님	yesdw00	additem 1232	(2000,47,71)	 (2020-9-4 19:41:53) 
GM: 짱멋진장비님	yesdw00	additem 1232	(2000,47,71)	 (2020-9-4 19:41:55) 
GM: 짱멋진장비님	yesdw00	additem 1232	(2000,47,71)	 (2020-9-4 19:41:57) 
GM: 짱멋진장비님	yesdw00	additem 1232	(2000,47,71)	 (2020-9-4 19:41:59) 
GM: 짱멋진장비님	yesdw00	additem 1232	(2000,47,71)	 (2020-9-4 19:42:1) 
GM: 짱멋진장비님	yesdw00	additem 1232	(2000,47,71)	 (2020-9-4 19:42:4) 
GM: 짱멋진장비님	yesdw00	additem 1232	(2000,47,71)	 (2020-9-4 19:42:6) 
GM: 짱멋진장비님	yesdw00	additem 1232	(2000,47,71)	 (2020-9-4 19:42:9) 
GM: 짱멋진장비님	yesdw00	additem 1232	(2000,47,71)	 (2020-9-4 19:42:11) 
GM: 짱멋진장비님	yesdw00	additem 1232	(2000,47,71)	 (2020-9-4 19:42:13) 
GM: 짱멋진장비님	yesdw00	additem 1232	(2000,47,71)	 (2020-9-4 19:42:15) 
GM: 짱멋진장비님	yesdw00	additem 1232	(2000,47,71)	 (2020-9-4 19:42:18) 
GM: 짱멋진장비님	yesdw00	additem 9499	(2000,57,86)	 (2020-9-4 19:49:13) 
GM: 짱멋진장비님	yesdw00	additem 9499	(2000,57,86)	 (2020-9-4 19:49:28) 
GM: 짱멋진장비님	yesdw00	additem 12510	(1100,66,86)	 (2020-9-4 20:19:8) 
GM: 짱멋진장비님	yesdw00	additem 12510	(1100,66,86)	 (2020-9-4 20:19:13) 
GM: 짱멋진장비님	yesdw00	additem 12510	(1100,66,86)	 (2020-9-4 20:19:14) 
GM: 짱멋진장비님	yesdw00	additem 12510	(1100,66,86)	 (2020-9-4 20:19:16) 
GM: 짱멋진장비님	yesdw00	additem 12510	(1100,66,86)	 (2020-9-4 20:19:17) 
GM: 짱멋진장비님	yesdw00	noenemy on	(10201,11,9)	 (2020-9-4 20:20:24) 
