PET: РЏКё|1111|зѓЕЯТхЫЙ(1)|GMУќСюжЦзї|1040|60|45|2020-9-4 3:35:45|1599215745i10
PET: РхКё|yesdw00|???(1)|GMУќСюжЦзї|1000|77|76|2020-9-4 10:58:20|1599242300i11
PET: РхКё|yesdw00|???(1)|ЖЊГш|1000|73|80|2020-9-4 10:58:29|1599242300i11
PET: РхКё|yesdw00|3333(1)|GMУќСюжЦзї|1000|75|82|2020-9-4 10:58:34|1599242314i12
PET: РхКё|yesdw00|3333(1)|ЖЊГш|1000|75|82|2020-9-4 10:58:36|1599242314i12
PET: РхКё|yesdw00|ВМБШ(1)|GMУќСюжЦзї|1000|75|85|2020-9-4 10:58:57|1599242337i13
PET: РхКё|yesdw00|ВМБШ(1)|ЖЊГш|1000|75|85|2020-9-4 10:58:59|1599242337i13
PET: ЯЕЭГ|Watchfunc|???(1)|ЯЕЭГЧхГ§-ЕиЩЯздгЩГш|1000|72|81|2020-9-4 10:59:0|1599242300i11
PET: РхКё|yesdw00|???(1)|GMУќСюжЦзї|1000|81|87|2020-9-4 10:59:4|1599242344i14
PET: РхКё|yesdw00|???(1)|ЖЊГш|1000|81|87|2020-9-4 10:59:6|1599242344i14
PET: ЯЕЭГ|Watchfunc|3333(1)|ЯЕЭГЧхГ§-ЕиЩЯздгЩГш|1000|76|83|2020-9-4 10:59:6|1599242314i12
PET: РхКё|yesdw00|МгУР(1)|GMУќСюжЦзї|1000|81|90|2020-9-4 10:59:23|1599242363i15
PET: РхКё|yesdw00|МгУР(1)|ЖЊГш|1000|81|90|2020-9-4 10:59:25|1599242363i15
PET: РхКё|yesdw00|ЪЏЙъ(1)|GMУќСюжЦзї|1000|85|91|2020-9-4 10:59:41|1599242381i16
PET: ЯЕЭГ|Watchfunc|ВМБШ(1)|ЯЕЭГЧхГ§-ЕиЩЯздгЩГш|1000|75|86|2020-9-4 10:59:43|1599242337i13
PET: ЯЕЭГ|Watchfunc|???(1)|ЯЕЭГЧхГ§-ЕиЩЯздгЩГш|1000|82|87|2020-9-4 10:59:43|1599242344i14
PET: РхКё|yesdw00|ЪЏЙъ(1)|ЖЊГш|1000|84|89|2020-9-4 10:59:44|1599242381i16
PET: ЯЕЭГ|Watchfunc|МгУР(1)|ЯЕЭГЧхГ§-ЕиЩЯздгЩГш|1000|82|89|2020-9-4 10:59:56|1599242363i15
PET: РхКё|yesdw00|???(1)|GMУќСюжЦзї|1000|83|93|2020-9-4 11:0:23|1599242423i18
PET: РхКё|yesdw00|???(1)|ЖЊГш|1000|83|93|2020-9-4 11:0:25|1599242423i18
PET: РхКё|yesdw00|??(12)|GMУќСюжЦзї|1000|83|93|2020-9-4 11:0:29|1599242429i19
PET: РхКё|yesdw00|??(12)|ЖЊГш|1000|83|93|2020-9-4 11:0:32|1599242429i19
PET: ЯЕЭГ|Watchfunc|ЪЏЙъ(1)|ЯЕЭГЧхГ§-ЕиЩЯздгЩГш|1000|84|88|2020-9-4 11:0:45|1599242381i16
PET: РхКё|yesdw00|АЂИчбЧ(1)|GMУќСюжЦзї|1000|83|93|2020-9-4 11:0:53|1599242453i110
PET: РхКё|yesdw00|АЂИчбЧ(1)|ЖЊГш|1000|83|93|2020-9-4 11:0:55|1599242453i110
PET: ЯЕЭГ|Watchfunc|??(12)|ЯЕЭГЧхГ§-ЕиЩЯздгЩГш|1000|82|93|2020-9-4 11:1:13|1599242429i19
PET: ЯЕЭГ|Watchfunc|???(1)|ЯЕЭГЧхГ§-ЕиЩЯздгЩГш|1000|82|94|2020-9-4 11:1:13|1599242423i18
PET: ЯЕЭГ|Watchfunc|АЂИчбЧ(1)|ЯЕЭГЧхГ§-ЕиЩЯздгЩГш|1000|82|92|2020-9-4 11:1:45|1599242453i110
PET: РхКё|yesdw00|ПТвСДя(1)|GMУќСюжЦзї|1000|88|94|2020-9-4 11:6:38|1599242798i111
PET: РхКё|yesdw00|ПТвСДя(1)|ЖЊГш|1000|88|94|2020-9-4 11:6:41|1599242798i111
PET: РхКё|yesdw00|ПТвСДя(1)|МёГш|1000|88|94|2020-9-4 11:6:42|1599242798i111
PET: РхКё|yesdw00|Н№ВМвС(1)|GMУќСюжЦзї|1000|88|94|2020-9-4 11:6:53|1599242813i112
PET: РхКё|yesdw00|Н№ВМвС(1)|ЖЊГш|1000|88|94|2020-9-4 11:6:55|1599242813i112
PET: ЯЕЭГ|Watchfunc|Н№ВМвС(1)|ЯЕЭГЧхГ§-ЕиЩЯздгЩГш|1000|87|95|2020-9-4 11:7:45|1599242813i112
PET: РхКё|yesdw00|???(1)|GMУќСюжЦзї|1000|58|63|2020-9-4 11:15:15|1599243315i113
PET: РхКё|yesdw00|???(1)|ЖЊГш|1000|58|63|2020-9-4 11:15:18|1599243315i113
PET: РхКё|yesdw00|ПТвСДя(1)|ЖЊГш|1000|59|67|2020-9-4 11:15:21|1599242798i111
PET: ЯЕЭГ|Watchfunc|???(1)|ЯЕЭГЧхГ§-ЕиЩЯздгЩГш|1000|58|62|2020-9-4 11:16:3|1599243315i113
PET: ЯЕЭГ|Watchfunc|ПТвСДя(1)|ЯЕЭГЧхГ§-ЕиЩЯздгЩГш|1000|59|68|2020-9-4 11:16:3|1599242798i111
PET: server down(2020-9-4 11:32:38) 
PET: РЏКё|1111|1111(1)|GMУќСюжЦзї|2000|63|62|2020-9-4 14:8:39|1599253719i10
PET: РЏКё|1111|1111(1)|ЖЊГш|2000|63|62|2020-9-4 14:8:51|1599253719i10
PET: РЏКё|1111|???(1)|GMУќСюжЦзї|2000|63|62|2020-9-4 14:9:23|1599253763i11
PET: РЏКё|1111|???(1)|ЖЊГш|2000|63|62|2020-9-4 14:9:31|1599253763i11
PET: РЏКё|1111|Н№ВМвС(1)|GMУќСюжЦзї|2000|63|62|2020-9-4 14:9:47|1599253787i12
PET: ЯЕЭГ|Watchfunc|1111(1)|ЯЕЭГЧхГ§-ЕиЩЯздгЩГш|2000|62|62|2020-9-4 14:9:51|1599253719i10
PET: РЏКё|1111|Н№ВМвС(1)|ЖЊГш|2000|63|62|2020-9-4 14:9:56|1599253787i12
PET: ЯЕЭГ|Watchfunc|???(1)|ЯЕЭГЧхГ§-ЕиЩЯздгЩГш|2000|62|63|2020-9-4 14:10:51|1599253763i11
PET: ЯЕЭГ|Watchfunc|Н№ВМвС(1)|ЯЕЭГЧхГ§-ЕиЩЯздгЩГш|2000|62|62|2020-9-4 14:10:51|1599253787i12
PET: server down(2020-9-4 14:46:40) 
PET: РхКё|yesdw00|??(1)|LUAЕФchar.AddPet|2006|20|16|2020-9-4 14:52:28|1599256348i10
PET: РхКё|yesdw00|аТЪжТхЦцЫЙЕТ(1)|LUAЕФchar.AddPet|2006|20|16|2020-9-4 14:52:28|1599256348i11
PET: РхКё|yesdw00|аТЪжБДТГПЈ(1)|LUAЕФchar.AddPet|2006|20|16|2020-9-4 14:52:28|1599256348i12
PET: РхКё|yesdw00|аТЪжБДТГПЈ(1)|LUAЕФchar.AddPet|2006|20|16|2020-9-4 14:52:28|1599256348i13
PET: РхКё|yesdw00|аТЪжБДТГПЈ(1)|LUAЕФchar.DelPet|2000|55|75|2020-9-4 14:52:55|1599256348i13
PET: РхКё|yesdw00|аТЪжБДТГПЈ(1)|LUAЕФchar.DelPet|2000|54|72|2020-9-4 14:53:1|1599256348i12
PET: РхКё|yesdw00|аТЪжТхЦцЫЙЕТ(1)|LUAЕФchar.DelPet|2000|54|72|2020-9-4 14:53:4|1599256348i11
PET: РхКё|yesdw00|??(1)|ЖЊГш|2000|54|72|2020-9-4 14:53:6|1599256348i10
PET: ЯЕЭГ|Watchfunc|??(1)|ЯЕЭГЧхГ§-ЕиЩЯздгЩГш|2000|54|71|2020-9-4 14:53:59|1599256348i10
PET: РхКё|yesdw00|1111(1)|GMУќСюжЦзї|2000|59|88|2020-9-4 14:55:5|1599256505i14
PET: РхКё|yesdw00|1111(1)|ЖЊГш|2000|59|88|2020-9-4 14:55:8|1599256505i14
PET: РхКё|yesdw00|??(1)|GMУќСюжЦзї|2000|59|88|2020-9-4 14:55:12|1599256512i15
PET: РхКё|yesdw00|??(1)|ЖЊГш|2000|59|88|2020-9-4 14:55:16|1599256512i15
PET: РхКё|yesdw00|3333(1)|GMУќСюжЦзї|2000|59|88|2020-9-4 14:55:20|1599256520i16
PET: РхКё|yesdw00|3333(1)|ЖЊГш|2000|59|88|2020-9-4 14:55:25|1599256520i16
PET: РхКё|yesdw00|бяЦцТхЫЙ(1)|GMУќСюжЦзї|2000|59|88|2020-9-4 14:55:30|1599256530i17
PET: РхКё|yesdw00|бяЦцТхЫЙ(1)|ЖЊГш|2000|59|88|2020-9-4 14:55:35|1599256530i17
PET: РхКё|yesdw00|АюЦжТхЫЙ(1)|GMУќСюжЦзї|2000|59|88|2020-9-4 14:55:39|1599256539i18
PET: ЯЕЭГ|Watchfunc|??(1)|ЯЕЭГЧхГ§-ЕиЩЯздгЩГш|2000|58|88|2020-9-4 14:55:49|1599256512i15
PET: ЯЕЭГ|Watchfunc|1111(1)|ЯЕЭГЧхГ§-ЕиЩЯздгЩГш|2000|58|89|2020-9-4 14:55:49|1599256505i14
PET: РхКё|yesdw00|ИёЖћИё(1)|GMУќСюжЦзї|2000|59|88|2020-9-4 14:55:51|1599256551i19
PET: РхКё|yesdw00|ИёЖћИё(1)|ЖЊГш|2000|59|88|2020-9-4 14:55:59|1599256551i19
PET: ЯЕЭГ|Watchfunc|3333(1)|ЯЕЭГЧхГ§-ЕиЩЯздгЩГш|2000|58|87|2020-9-4 14:55:59|1599256520i16
PET: РхКё|yesdw00|АюЦжТхЫЙ(1)|ЖЊГш|2000|59|88|2020-9-4 14:56:0|1599256539i18
PET: РхКё|yesdw00|ИёЖћИё(1)|GMУќСюжЦзї|2000|59|98|2020-9-4 14:56:10|1599256570i110
PET: РхКё|yesdw00|ИёЖћИё(1)|ЖЊГш|2000|59|98|2020-9-4 14:56:23|1599256570i110
PET: ЯЕЭГ|Watchfunc|бяЦцТхЫЙ(1)|ЯЕЭГЧхГ§-ЕиЩЯздгЩГш|2000|59|89|2020-9-4 14:56:26|1599256530i17
PET: РхКё|yesdw00|РЅвС(1)|GMУќСюжЦзї|2000|59|98|2020-9-4 14:56:34|1599256594i111
PET: ЯЕЭГ|Watchfunc|АюЦжТхЫЙ(1)|ЯЕЭГЧхГ§-ЕиЩЯздгЩГш|2000|58|89|2020-9-4 14:56:52|1599256539i18
PET: ЯЕЭГ|Watchfunc|ИёЖћИё(1)|ЯЕЭГЧхГ§-ЕиЩЯздгЩГш|2000|60|89|2020-9-4 14:56:52|1599256551i19
PET: ЯЕЭГ|Watchfunc|ИёЖћИё(1)|ЯЕЭГЧхГ§-ЕиЩЯздгЩГш|2000|59|99|2020-9-4 14:56:59|1599256570i110
PET: РхКё|yesdw00|РЅвС(1)|ЖЊГш|2000|59|98|2020-9-4 14:57:9|1599256594i111
PET: РхКё|yesdw00|ЙъжЎЖм(1)|GMУќСюжЦзї|2000|59|98|2020-9-4 14:57:15|1599256635i113
PET: РхКё|yesdw00|ЙъжЎЖм(1)|ЖЊГш|2000|59|98|2020-9-4 14:57:26|1599256635i113
PET: ЯЕЭГ|Watchfunc|РЅвС(1)|ЯЕЭГЧхГ§-ЕиЩЯздгЩГш|2000|58|98|2020-9-4 14:57:41|1599256594i111
PET: РхКё|yesdw00|1111(1)|GMУќСюжЦзї|2000|56|91|2020-9-4 14:57:47|1599256667i116
PET: РхКё|yesdw00|1111(1)|ЖЊГш|2000|56|91|2020-9-4 14:57:51|1599256667i116
PET: ЯЕЭГ|Watchfunc|ЙъжЎЖм(1)|ЯЕЭГЧхГ§-ЕиЩЯздгЩГш|2000|60|99|2020-9-4 14:57:58|1599256635i113
PET: РхКё|yesdw00|ЖрТхВМЫЙ(1)|GMУќСюжЦзї|2000|53|97|2020-9-4 14:58:13|1599256693i118
PET: РхКё|yesdw00|ЖрРћХЕВМЫЙ(1)|GMУќСюжЦзї|2000|53|97|2020-9-4 14:58:27|1599256707i119
PET: РхКё|yesdw00|ЖрТхВМЫЙ(1)|GMУќСюжЦзї|2000|53|97|2020-9-4 14:58:37|1599256717i120
PET: РхКё|yesdw00|ЖрТхВМЫЙ(1)|ЖЊГш|2000|53|97|2020-9-4 14:58:45|1599256717i120
PET: РхКё|yesdw00|ЖрРћХЕВМЫЙ(1)|ЖЊГш|2000|53|97|2020-9-4 14:58:46|1599256707i119
PET: РхКё|yesdw00|ЖрТхВМЫЙ(1)|ЖЊГш|2000|53|97|2020-9-4 14:58:48|1599256693i118
PET: ЯЕЭГ|Watchfunc|1111(1)|ЯЕЭГЧхГ§-ЕиЩЯздгЩГш|2000|55|91|2020-9-4 14:58:50|1599256667i116
PET: РхКё|yesdw00|АюЦц(1)|GMУќСюжЦзї|2000|53|97|2020-9-4 14:58:58|1599256738i121
PET: РхКё|yesdw00|АюЦц(1)|ЖЊГш|2000|53|95|2020-9-4 14:59:10|1599256738i121
PET: ЯЕЭГ|Watchfunc|ЖрТхВМЫЙ(1)|ЯЕЭГЧхГ§-ЕиЩЯздгЩГш|2000|53|96|2020-9-4 14:59:15|1599256717i120
PET: РхКё|yesdw00|ЮкБІБІ(1)|GMУќСюжЦзї|2000|53|95|2020-9PET: 11111|jmycxc|ЕЮИЎ(1)|GMУќСюжЦзї|2000|57|59|2020-9-4 16:9:43|1599260983i10
PET: 11111|jmycxc|ЕЮИЎ(1)|ЖЊГш|2000|57|59|2020-9-4 16:10:28|1599260983i10
PET: РхКё|yesdw00|ЕЮИЎ(1)|GMУќСюжЦзї|2000|61|59|2020-9-4 16:11:2|1599261062i11
PET: ЯЕЭГ|Watchfunc|ЕЮИЎ(1)|ЯЕЭГЧхГ§-ЕиЩЯздгЩГш|2000|56|60|2020-9-4 16:11:26|1599260983i10
PET: РхКё|yesdw00|ЕЮИЎ(1)|ЖЊГш|2000|61|57|2020-9-4 16:11:32|1599261062i11
PET: РЏКё|1111|зѓЕЯТхЫЙ(1)|ЖЊГш|2000|58|60|2020-9-4 16:11:51|1599215745i10
PET: ЯЕЭГ|Watchfunc|ЕЮИЎ(1)|ЯЕЭГЧхГ§-ЕиЩЯздгЩГш|2000|61|56|2020-9-4 16:12:2|1599261062i11
PET: РЏКё|1111|зѓЕЯТхЫЙ(1)|МёГш|2000|57|62|2020-9-4 16:12:23|1599215745i10
PET: 11111|jmycxc|ЕЮИЎ(1)|GMУќСюжЦзї|2000|57|59|2020-9-4 16:12:38|1599261158i12
PET: РхКё|yesdw00|КЮКё(1)|GMУќСюжЦзї|1000|79|88|2020-9-4 18:10:54|1599268254i13
PET: 11111|jmycxc|ФЩРЬКё(1)|GMУќСюжЦзї|1000|79|87|2020-9-4 18:20:44|1599268844i14
PET: 11111|jmycxc|ФэФэЗч(1)|GMУќСюжЦзї|1000|79|87|2020-9-4 18:20:46|1599268846i15
PET: 11111|jmycxc|ПРХѕХѕ(1)|GMУќСюжЦзї|1000|79|87|2020-9-4 18:20:48|1599268848i16
PET: 11111|jmycxc|ЕЮИЎ(1)|GMУќСюжЦзї|1000|79|87|2020-9-4 18:21:34|1599268894i17
PET: РхКё|yesdw00|КЮКё(1)|ЖЊГш|2000|60|67|2020-9-4 19:10:21|1599268254i13
PET: ЯЕЭГ|Watchfunc|КЮКё(1)|ЯЕЭГЧхГ§-ЕиЩЯздгЩГш|2000|61|68|2020-9-4 19:10:53|1599268254i13
PET: ТЏИкСјРхКёДд|yesdw00|аТЪжТхЦцЫЙЕТ(1)|LUAЕФchar.AddPet|2006|20|16|2020-9-4 19:36:41|1599273401i19
PET: ТЏИкСјРхКёДд|yesdw00|аТЪжИёТГЮїЫЙ(1)|LUAЕФchar.AddPet|2006|20|16|2020-9-4 19:36:41|1599273401i110
PET: ТЏИкСјРхКёДд|yesdw00|аТЪжИёТГЮїЫЙ(1)|LUAЕФchar.AddPet|2006|20|16|2020-9-4 19:36:41|1599273401i111
