GM: zzz	test1	metamo 100205	(2000,63,64)	 (2021-9-21 3:58:37) 
GM: zzz	test1	metamo 102005	(2000,63,67)	 (2021-9-21 3:59:14) 
GM: zzz	test1	metamo 100206	(2000,68,73)	 (2021-9-21 4:0:23) 
GM: zzz	test1	metamo 102006	(2000,68,73)	 (2021-9-21 4:0:32) 
GM: zzz	test1	metamo 103685	(2000,59,57)	 (2021-9-21 4:5:15) 
GM: zzz	test1	warp 1006 16 10	(2000,63,65)	 (2021-9-21 4:10:55) 
GM: zzz	test1	warp 40000 80 19	(1006,16,10)	 (2021-9-21 4:12:26) 
GM: server down(2021-9-21 4:23:46) 
GM: server down(2021-9-21 4:36:59) 
GM: zzz	test1	warp 777 24 8	(2000,58,57)	 (2021-9-21 4:41:10) 
GM: server down(2021-9-21 6:41:38) 
GM: zzz	test1	warp 1006 16 27	(777,28,12)	 (2021-9-21 6:42:35) 
GM: zzz	test1	getuser	(1006,14,23)	 (2021-9-21 6:44:2) 
GM: zzz	test1	warp 8215 18 14	(1006,14,23)	 (2021-9-21 6:46:50) 
GM: zzz	test1	warp 8215 13 14	(1006,14,23)	 (2021-9-21 6:46:55) 
GM: server down(2021-9-21 6:48:46) 
GM: 15621212	test1	warp 777 13 13	(1000,97,86)	 (2021-9-21 6:49:34) 
GM: 15621212	test1	gold 111111111111111	(777,29,9)	 (2021-9-21 6:50:50) 
GM: 15621212	test1	warp 7008 13 3	(3000,92,68)	 (2021-9-21 7:0:46) 
GM: 15621212	test1	warp 7005 33 33	(7008,13,24)	 (2021-9-21 7:1:15) 
GM: server down(2021-9-21 7:3:2) 
GM: server down(2021-9-21 7:10:35) 
GM: 15621212	test1	warp 3004 16 18	(1006,16,18)	 (2021-9-21 7:12:56) 
GM: server down(2021-9-21 7:14:38) 
