PET: server down(2021-9-21 4:23:46) 
PET: server down(2021-9-21 4:36:59) 
PET: zzz|test1|走轟(1)|篠慧倖花活麗|777|25|16|2021-9-21 4:42:53|1632162743i10
PET: zzz|test1|[発持]虞壱壱(1)|篠慧倖花活麗|777|25|16|2021-9-21 4:43:35|1632163067i10
PET: zzz|test1|[発持]虞壱壱(1)|糟函倖花活麗|777|25|16|2021-9-21 4:43:42|1632163067i10
PET: zzz|test1|走轟(1)|糟函倖花活麗|777|25|16|2021-9-21 4:44:7|1632162743i10
PET: zzz|test1|走轟(1)|篠慧倖花活麗|777|25|16|2021-9-21 4:45:25|1632162743i10
PET: server down(2021-9-21 6:41:38) 
PET: server down(2021-9-21 6:48:46) 
PET: 15621212|test1|砧軒(1)|篠慧倖花活麗|777|28|9|2021-9-21 6:49:47|1631007015i14
PET: 15621212|test1|壱牽追什(1)|篠慧倖花活麗|777|28|9|2021-9-21 6:49:53|1631007015i15
PET: 15621212|test1|壱牽追什(1)|糟函倖花活麗|3000|92|68|2021-9-21 6:54:3|1631007015i15
PET: 15621212|test1|壱牽追什(1)|篠慧倖花活麗|3000|92|68|2021-9-21 6:56:48|1631007015i15
PET: 15621212|test1|壱牽追什(1)|糟函倖花活麗|3000|92|68|2021-9-21 6:56:55|1631007015i15
PET: 15621212|test1|壱牽追什(1)|篠慧倖花活麗|3000|92|68|2021-9-21 6:57:23|1631007015i15
PET: 15621212|test1|壱牽追什(1)|糟函倖花活麗|3000|92|68|2021-9-21 6:58:10|1631007015i15
PET: 15621212|test1|砧軒(1)|糟函倖花活麗|3000|92|68|2021-9-21 6:58:25|1631007015i14
PET: 15621212|test1|壱牽追什(1)|篠慧倖花活麗|3000|92|68|2021-9-21 6:58:43|1631007015i15
PET: server down(2021-9-21 7:3:2) 
PET: server down(2021-9-21 7:10:35) 
PET: server down(2021-9-21 7:14:38) 
