GM: 11111	jmycxc	sysinfo	(2000,52,60)	 (2020-8-28 5:35:51) 
GM: 11111	jmycxc	help all	(2000,52,60)	 (2020-8-28 5:36:11) 
GM: 11111	jmycxc	getuser 1234	(2000,52,60)	 (2020-8-28 5:36:47) 
GM: 11111	jmycxc	getuser yesdw00	(2000,52,60)	 (2020-8-28 5:37:12) 
GM: 11111	jmycxc	getuser 11111	(2000,52,60)	 (2020-8-28 5:37:41) 
GM: 43434	1234	dropmypet 100250	(2000,92,95)	 (2020-8-28 6:34:46) 
GM: 43434	1234	dropmypet 100251	(2000,91,95)	 (2020-8-28 6:35:5) 
GM: 43434	1234	delpet	(2000,86,89)	 (2020-8-28 6:35:20) 
GM: 43434	1234	petmake 100250 1	(2000,86,89)	 (2020-8-28 6:35:41) 
GM: 43434	1234	dropmypet 100250	(2000,86,89)	 (2020-8-28 6:36:1) 
GM: 43434	1234	additem 100250	(2000,68,102)	 (2020-8-28 6:38:4) 
GM: 43434	1234	additem 100250	(2000,68,102)	 (2020-8-28 6:38:15) 
GM: 센스쟁이우기	yesdw00	petmake 100250 140	(2000,69,103)	 (2020-8-28 6:38:19) 
GM: 센스쟁이우기	yesdw00	petmake 100	(2000,69,103)	 (2020-8-28 6:38:30) 
GM: 43434	1234	petmake 1	(2000,69,107)	 (2020-8-28 6:40:44) 
GM: 11111	jmycxc	petmake 1	(2000,57,57)	 (2020-8-28 6:49:36) 
GM: 43434	1234	petmake 2	(2000,67,113)	 (2020-8-28 6:51:28) 
GM: 11111	jmycxc	delpet	(2000,57,57)	 (2020-8-28 6:55:37) 
GM: 11111	jmycxc	petmake 1	(2000,57,57)	 (2020-8-28 6:56:53) 
GM: 11111	jmycxc	petmake 2	(2000,57,57)	 (2020-8-28 6:56:57) 
GM: 11111	jmycxc	petmake 3	(2000,57,57)	 (2020-8-28 6:56:59) 
GM: 11111	jmycxc	petmake 4	(2000,57,57)	 (2020-8-28 6:57:1) 
GM: 11111	jmycxc	petmake 5	(2000,57,57)	 (2020-8-28 6:57:4) 
GM: 센스쟁이우기	yesdw00	superman	(41,34,42)	 (2020-8-28 7:40:10) 
GM: 센스쟁이우기	yesdw00	petmake 1 140	(41,34,42)	 (2020-8-28 7:43:28) 
GM: 센스쟁이우기	yesdw00	delpet	(41,34,42)	 (2020-8-28 7:44:34) 
GM: 센스쟁이우기	yesdw00	petmake 2 140	(2000,59,56)	 (2020-8-28 7:45:42) 
GM: 센스쟁이우기	yesdw00	petmake 3 140	(2000,59,56)	 (2020-8-28 7:45:53) 
GM: 센스쟁이우기	yesdw00	petmake 4 140	(2000,59,56)	 (2020-8-28 7:46:6) 
GM: 센스쟁이우기	yesdw00	petmake 5 140	(2000,59,56)	 (2020-8-28 7:46:17) 
GM: 센스쟁이우기	yesdw00	petmake 5 140	(2000,59,56)	 (2020-8-28 7:46:23) 
GM: 센스쟁이우기	yesdw00	petmake 6 140	(2000,59,56)	 (2020-8-28 7:46:27) 
GM: 센스쟁이우기	yesdw00	petmake 7 140	(2000,59,56)	 (2020-8-28 7:46:31) 
GM: 센스쟁이우기	yesdw00	petmake 8 140	(2000,59,56)	 (2020-8-28 7:46:36) 
GM: 센스쟁이우기	yesdw00	petmake 12 140	(2000,59,56)	 (2020-8-28 7:46:40) 
GM: 센스쟁이우기	yesdw00	petmake 100 140	(2000,59,56)	 (2020-8-28 7:46:53) 
GM: 센스쟁이우기	yesdw00	petmake 211 140	(2000,59,56)	 (2020-8-28 7:46:59) 
GM: 센스쟁이우기	yesdw00	petmake 99 140	(2000,59,56)	 (2020-8-28 7:47:5) 
GM: 센스쟁이우기	yesdw00	petmake 98 140	(2000,59,56)	 (2020-8-28 7:47:10) 
GM: 센스쟁이우기	yesdw00	petmake 97	(2000,59,56)	 (2020-8-28 7:47:16) 
GM: 센스쟁이우기	yesdw00	petmake 96  140	(2000,59,56)	 (2020-8-28 7:47:25) 
GM: 센스쟁이우기	yesdw00	loginannounce 안녕하세요	(2000,58,56)	 (2020-8-28 7:47:42) 
GM: 센스쟁이우기	yesdw00	loginannounce 안녕하세요 우기입니다	(2000,58,56)	 (2020-8-28 7:47:56) 
GM: 센스쟁이우기	yesdw00	metamo 106040	(2000,58,56)	 (2020-8-28 7:48:31) 
GM: 센스쟁이우기	yesdw00	jail 	(2000,56,61)	 (2020-8-28 7:48:46) 
GM: 센스쟁이우기	yesdw00	delpet	(2000,56,61)	 (2020-8-28 7:49:3) 
GM: 센스쟁이우기	yesdw00	petmake 66 140	(2000,56,61)	 (2020-8-28 7:49:11) 
GM: 센스쟁이우기	yesdw00	petmake 50 140	(2000,56,61)	 (2020-8-28 7:49:31) 
GM: 센스쟁이우기	yesdw00	superman	(32018,21,34)	 (2020-8-28 7:50:2) 
GM: 센스쟁이우기	yesdw00	superman	(2000,55,88)	 (2020-8-28 7:51:19) 
GM: 센스쟁이우기	yesdw00	noenemy on	(100,637,493)	 (2020-8-28 7:53:54) 
GM: 센스쟁이우기	yesdw00	metamo 101861	(100,585,533)	 (2020-8-28 7:55:28) 
GM: 센스쟁이우기	yesdw00	metamo 102050	(100,581,540)	 (2020-8-28 7:55:38) 
GM: 센스쟁이우기	yesdw00	str 숫자*100 	(100,499,628)	 (2020-8-28 7:56:14) 
GM: 센스쟁이우기	yesdw00	superman	(1100,70,51)	 (2020-8-28 7:56:35) 
GM: 센스쟁이우기	yesdw00	superman	(10204,10,10)	 (2020-8-28 7:57:38) 
GM: 센스쟁이우기	yesdw00	eventsetend	(10204,188,15)	 (2020-8-28 7:59:49) 
GM: server down(2020-8-28 8:45:43) 
GM: 센스쟁이우기	yesdw00	superman	(2000,54,58)	 (2020-8-28 13:26:31) 
GM: 센스쟁이우기	yesdw00	superman	(2000,55,58)	 (2020-8-28 13:28:39) 
GM: 43434	1234	superman	(2000,56,58)	 (2020-8-28 13:28:43) 
GM: 43434	1234	superman	(2000,56,58)	 (2020-8-28 13:28:48) 
GM: 43434	1234	superman	(2000,56,58)	 (2020-8-28 13:29:12) 
GM: 43434	1234	superman	(2000,56,58)	 (2020-8-28 13:29:42) 
GM: 센스쟁이우기	yesdw00	superman	(2000,55,56)	 (2020-8-28 13:31:22) 
GM: 43434	1234	superman	(2000,54,56)	 (2020-8-28 13:31:38) 
GM: 센스쟁이우기	yesdw00	superman	(2000,55,56)	 (2020-8-28 13:31:53) 
GM: 43434	1234	superman	(2000,54,56)	 (2020-8-28 13:32:3) 
GM: 43434	1234	superman	(2000,54,56)	 (2020-8-28 13:32:56) 
GM: 센스쟁이우기	yesdw00	superman	(100,94,613)	 (2020-8-28 13:56:35) 
GM: server down(2020-8-28 14:45:51) 
GM: server down(2020-8-28 15:6:24) 
GM: server down(2020-8-28 15:12:29) 
GM: server down(2020-8-28 21:30:32) 
