GM: zzz	test1	warp 100 15 16	(2000,63,67)	 (2021-9-20 11:21:35) 
GM: zzz	test1	warp 100 635 490	(100,15,16)	 (2021-9-20 11:22:15) 
GM: zzz	test1	petmake 60000 1 	(100,634,490)	 (2021-9-20 11:22:45) 
GM: server down(2021-9-20 11:24:22) 
GM: server down(2021-9-20 11:26:31) 
GM: server down(2021-9-20 11:27:40) 
GM: server down(2021-9-20 11:28:31) 
GM: server down(2021-9-20 11:31:56) 
GM: zzz	test1	petmake 1420	(100,633,492)	 (2021-9-20 11:32:23) 
GM: server down(2021-9-20 11:34:37) 
GM: server down(2021-9-20 11:36:10) 
GM: zzz	test1	petmake 200	(100,635,491)	 (2021-9-20 11:37:47) 
GM: server down(2021-9-20 11:38:2) 
GM: zzz	test1	metamo 1	(100,635,491)	 (2021-9-20 11:40:11) 
GM: zzz	test1	metamo 100810	(100,635,494)	 (2021-9-20 11:40:20) 
GM: zzz	test1	superman	(100,634,492)	 (2021-9-20 11:45:41) 
GM: server down(2021-9-20 11:46:32) 
GM: zzz	test1	petmake 121	(100,635,491)	 (2021-9-20 11:48:10) 
GM: server down(2021-9-20 11:48:39) 
GM: server down(2021-9-20 11:49:20) 
GM: zzz	test1	superman	(100,635,491)	 (2021-9-20 11:50:0) 
GM: server down(2021-9-20 12:9:13) 
