GM: 관우	jmycxc	additem 0	(1000,72,83)	 (2020-9-5 17:39:11) 
GM: 관우	jmycxc	additem 1	(1000,72,83)	 (2020-9-5 17:39:16) 
GM: 관우	jmycxc	additem 2	(1000,72,83)	 (2020-9-5 17:39:20) 
GM: 관우	jmycxc	delitem	(1000,72,83)	 (2020-9-5 17:40:27) 
GM: 관우	jmycxc	help	(1000,72,83)	 (2020-9-5 17:40:43) 
GM: 관우	jmycxc	help all	(1000,72,83)	 (2020-9-5 17:41:2) 
GM: 관우	jmycxc	delitem	(1000,72,83)	 (2020-9-5 17:41:37) 
GM: 관우	jmycxc	delitem	(1000,72,83)	 (2020-9-5 17:41:48) 
GM: 관우	jmycxc	additem 9	(1000,72,83)	 (2020-9-5 17:42:28) 
GM: 관우	jmycxc	additem 11	(1000,72,83)	 (2020-9-5 17:42:34) 
GM: 관우	jmycxc	additem 12	(1000,72,83)	 (2020-9-5 17:42:45) 
GM: 관우	jmycxc	additem 15	(1000,72,83)	 (2020-9-5 17:42:50) 
GM: 관우	jmycxc	additem 60	(1000,72,83)	 (2020-9-5 17:42:53) 
GM: 관우	jmycxc	additem 70	(1000,72,83)	 (2020-9-5 17:42:59) 
GM: 관우	jmycxc	additem 80	(1000,72,83)	 (2020-9-5 17:43:1) 
GM: 관우	jmycxc	additem 90	(1000,72,83)	 (2020-9-5 17:43:4) 
GM: 관우	jmycxc	additem 100	(1000,72,83)	 (2020-9-5 17:43:6) 
GM: 관우	jmycxc	enemyrestart	(1000,71,86)	 (2020-9-5 17:43:25) 
GM: 관우	jmycxc	delpet	(1000,71,86)	 (2020-9-5 17:43:27) 
GM: 관우	jmycxc	itemreload all	(1000,71,86)	 (2020-9-5 17:43:34) 
GM: 관우	jmycxc	delpet	(1000,71,86)	 (2020-9-5 17:43:38) 
GM: 관우	jmycxc	delpet	(1000,71,86)	 (2020-9-5 17:43:42) 
GM: 관우	jmycxc	enemyrestart	(1000,71,86)	 (2020-9-5 17:43:43) 
GM: 관우	jmycxc	itemreload all	(1000,71,86)	 (2020-9-5 17:43:46) 
GM: 관우	jmycxc	clean_floor	(1000,71,86)	 (2020-9-5 17:44:17) 
GM: 관우	jmycxc	additem 130	(1000,71,86)	 (2020-9-5 17:44:21) 
GM: 관우	jmycxc	additem 150	(1000,71,86)	 (2020-9-5 17:44:26) 
GM: 관우	jmycxc	additem 170	(1000,71,86)	 (2020-9-5 17:44:30) 
GM: 관우	jmycxc	additem 190	(1000,71,86)	 (2020-9-5 17:44:33) 
GM: 관우	jmycxc	additem 210	(1000,71,86)	 (2020-9-5 17:44:37) 
GM: 관우	jmycxc	additem 300	(1000,71,86)	 (2020-9-5 17:44:40) 
GM: 관우	jmycxc	additem 500	(1000,71,86)	 (2020-9-5 17:44:43) 
GM: 관우	jmycxc	additem 900	(1000,71,86)	 (2020-9-5 17:44:46) 
GM: 관우	jmycxc	additem 1500	(1000,71,86)	 (2020-9-5 17:44:53) 
GM: 관우	jmycxc	delitem all	(1000,71,86)	 (2020-9-5 17:49:53) 
GM: 관우	jmycxc	petmake 1	(1000,71,86)	 (2020-9-5 17:51:9) 
GM: 관우	jmycxc	additem 1	(1000,70,83)	 (2020-9-5 18:31:33) 
GM: 관우	jmycxc	additem 90	(1000,69,83)	 (2020-9-5 18:44:4) 
GM: 관우	jmycxc	additem 150	(1000,69,83)	 (2020-9-5 18:44:25) 
GM: 관우	jmycxc	additem 300	(1000,69,83)	 (2020-9-5 18:45:43) 
GM: 관우	jmycxc	additem 900	(1000,69,83)	 (2020-9-5 18:59:3) 
GM: 관우	jmycxc	additem 1251	(1000,69,83)	 (2020-9-5 18:59:13) 
GM: 관우	jmycxc	loginannounce 패밀리서버 테스트중.	(1000,69,83)	 (2020-9-5 19:0:23) 
GM: 관우	jmycxc	level 140	(1000,69,83)	 (2020-9-5 19:12:6) 
GM: 관우	jmycxc	superman	(1000,69,83)	 (2020-9-5 19:12:20) 
GM: 짱멋진장비님	yesdw00	petmake  6	(2000,69,98)	 (2020-9-5 19:34:32) 
GM: 짱멋진장비님	yesdw00	petmake  24	(2000,69,98)	 (2020-9-5 19:34:37) 
GM: 짱멋진장비님	yesdw00	petmake  21	(2000,69,98)	 (2020-9-5 19:34:40) 
GM: 관우	jmycxc	petmake 352	(1000,70,75)	 (2020-9-5 20:5:39) 
GM: 관우	jmycxc	additem 16009	(1000,70,75)	 (2020-9-5 20:6:13) 
GM: 관우	jmycxc	clean_floor	(1006,17,24)	 (2020-9-5 20:6:36) 
GM: 관우	jmycxc	clean_floor	(1006,17,24)	 (2020-9-5 20:6:39) 
GM: 짱멋진장비님	yesdw00	clean_floor	(1000,95,93)	 (2020-9-5 21:2:56) 
GM: 짱멋진장비님	yesdw00	clean_floor	(1000,93,94)	 (2020-9-5 21:3:3) 
GM: 센스쟁이우기	yesdw00	clean_floor	(2000,67,63)	 (2020-9-5 21:9:29) 
GM: 센스쟁이우기	yesdw00	clean_floor	(2000,67,63)	 (2020-9-5 21:9:30) 
GM: 센스쟁이우기	yesdw00	clean_floor	(2000,67,63)	 (2020-9-5 21:9:30) 
GM: 센스쟁이우기	yesdw00	clean_floor	(2000,67,63)	 (2020-9-5 21:9:34) 
GM: 센스쟁이우기	yesdw00	clean_floor	(2000,63,62)	 (2020-9-5 21:9:37) 
GM: 센스쟁이우기	yesdw00	clean_floor	(2000,63,62)	 (2020-9-5 21:9:37) 
GM: 센스쟁이우기	yesdw00	clean_floor	(2012,14,14)	 (2020-9-5 21:9:45) 
GM: 센스쟁이우기	yesdw00	clean_floor	(2012,14,14)	 (2020-9-5 21:9:46) 
GM: 센스쟁이우기	yesdw00	clean_floor	(2012,14,14)	 (2020-9-5 21:9:46) 
GM: 센스쟁이우기	yesdw00	clean_floor	(2012,14,14)	 (2020-9-5 21:9:47) 
GM: 짱멋진장비님	yesdw00	clean_floor	(1000,111,101)	 (2020-9-5 21:10:8) 
GM: 짱멋진장비님	yesdw00	clean_floor	(1006,17,25)	 (2020-9-5 21:10:47) 
GM: 짱멋진장비님	yesdw00	clean_floor	(1006,17,25)	 (2020-9-5 21:10:52) 
GM: 짱멋진장비님	yesdw00	clean_floor	(1006,17,25)	 (2020-9-5 21:10:54) 
GM: 짱멋진장비님	yesdw00	clean_floor	(1000,96,43)	 (2020-9-5 21:12:7) 
GM: 관우	jmycxc	clean_floor	(1006,17,24)	 (2020-9-5 22:24:49) 
GM: 관우	jmycxc	petmake [gm delpet][gm enemyrestart][gm petlevelup [gm itemreload all	(1006,15,23)	 (2020-9-5 22:30:11) 
GM: 관우	jmycxc	petlevelup 1 140	(1006,15,23)	 (2020-9-5 22:30:17) 
GM: 관우	jmycxc	trans 2 jmycxc	(1006,15,23)	 (2020-9-5 22:31:29) 
GM: 관우	jmycxc	trans 1	(1006,15,23)	 (2020-9-5 22:31:59) 
GM: 관우	jmycxc	settrans 1	(1006,15,23)	 (2020-9-5 23:21:8) 
GM: 관우	jmycxc	settrans 2	(1006,15,23)	 (2020-9-5 23:21:15) 
GM: 관우	jmycxc	settrans 1 jmycxc	(1006,15,23)	 (2020-9-5 23:21:29) 
GM: 관우	jmycxc	settrans 2 jmycxc	(1006,12,23)	 (2020-9-5 23:21:51) 
GM: 관우	jmycxc	settrans 5 jmycxc	(1000,95,51)	 (2020-9-5 23:23:35) 
GM: 관우	jmycxc	settrans 5 jmycxc1	(1000,73,82)	 (2020-9-5 23:30:50) 
