ITEM: 包快|jmycxc|胶隔 竣胶(0)|GM制作道具|1000|72|83|2020-9-5 17:39:11|1599352751i01100
ITEM: 包快|jmycxc|海畴固胶Lv1 竣胶(1)|GM制作道具|1000|72|83|2020-9-5 17:39:16|1599352756i11100
ITEM: 包快|jmycxc|傀令匆Lv1 竣胶(2)|GM制作道具|1000|72|83|2020-9-5 17:39:20|1599352760i21100
ITEM: 包快|jmycxc|档肺矫Lv1 竣胶(9)|GM制作道具|1000|72|83|2020-9-5 17:42:28|1599352948i31100
ITEM: 包快|jmycxc|海畴磊Lv1 竣胶(11)|GM制作道具|1000|72|83|2020-9-5 17:42:34|1599352954i41100
ITEM: 包快|jmycxc|傀令呈胶Lv1 竣胶(12)|GM制作道具|1000|72|83|2020-9-5 17:42:45|1599352965i51100
ITEM: 包快|jmycxc|档肺令Lv1 竣胶(15)|GM制作道具|1000|72|83|2020-9-5 17:42:50|1599352970i61100
ITEM: 包快|jmycxc|胶飘氛 竣胶(60)|GM制作道具|1000|72|83|2020-9-5 17:42:53|1599352973i71100
ITEM: 包快|jmycxc|弊饭捞飘 竣胶(70)|GM制作道具|1000|72|83|2020-9-5 17:42:59|1599352979i81100
ITEM: 包快|jmycxc|鲤鲤狼 竣胶(80)|GM制作道具|1000|72|83|2020-9-5 17:43:1|1599352981i91100
ITEM: 包快|jmycxc|激扁福狼 竣胶(90)|GM制作道具|1000|72|83|2020-9-5 17:43:4|1599352984i101100
ITEM: 包快|jmycxc|胶隔 努反(100)|GM制作道具|1000|72|83|2020-9-5 17:43:6|1599352986i111100
ITEM: 包快|jmycxc|激扁福狼 竣胶(90)|丢出道具|1000|72|83|2020-9-5 17:43:14|1599352984i101100
ITEM: 包快|jmycxc|傀令呈胶Lv1 竣胶(12)|丢出道具|1000|72|83|2020-9-5 17:43:15|1599352965i51100
ITEM: 包快|jmycxc|胶隔 努反(100)|丢出道具|1000|72|83|2020-9-5 17:43:16|1599352986i111100
ITEM: 包快|jmycxc|档肺令Lv1 竣胶(15)|丢出道具|1000|72|83|2020-9-5 17:43:16|1599352970i61100
ITEM: 包快|jmycxc|弊饭捞飘 竣胶(70)|丢出道具|1000|72|83|2020-9-5 17:43:17|1599352979i81100
ITEM: 包快|jmycxc|胶飘氛 竣胶(60)|丢出道具|1000|72|83|2020-9-5 17:43:17|1599352973i71100
ITEM: 包快|jmycxc|鲤鲤狼 竣胶(80)|丢出道具|1000|72|83|2020-9-5 17:43:18|1599352981i91100
ITEM: 包快|jmycxc|胶隔 竣胶(0)|丢出道具|1000|72|83|2020-9-5 17:43:18|1599352751i01100
ITEM: 包快|jmycxc|海畴固胶Lv1 竣胶(1)|丢出道具|1000|71|86|2020-9-5 17:43:20|1599352756i11100
ITEM: 包快|jmycxc|档肺矫Lv1 竣胶(9)|丢出道具|1000|71|86|2020-9-5 17:43:20|1599352948i31100
ITEM: 包快|jmycxc|傀令匆Lv1 竣胶(2)|丢出道具|1000|71|86|2020-9-5 17:43:21|1599352760i21100
ITEM: 包快|jmycxc|海畴磊Lv1 竣胶(11)|丢出道具|1000|71|86|2020-9-5 17:43:22|1599352954i41100
ITEM: 包快|jmycxc|庆厚 努反(130)|GM制作道具|1000|71|86|2020-9-5 17:44:21|1599353061i121100
ITEM: 包快|jmycxc|窍靛 努反(150)|GM制作道具|1000|71|86|2020-9-5 17:44:26|1599353066i131100
ITEM: 包快|jmycxc|弊饭捞飘 努反(170)|GM制作道具|1000|71|86|2020-9-5 17:44:30|1599353070i141100
ITEM: 包快|jmycxc|激扁福狼 努反(190)|GM制作道具|1000|71|86|2020-9-5 17:44:33|1599353073i151100
ITEM: 包快|jmycxc|固叼决 胶乔绢(210)|GM制作道具|1000|71|86|2020-9-5 17:44:37|1599353077i161100
ITEM: 包快|jmycxc|胶隔 匙老(300)|GM制作道具|1000|71|86|2020-9-5 17:44:40|1599353080i171100
ITEM: 包快|jmycxc|胶隔 何皋尔(500)|GM制作道具|1000|71|86|2020-9-5 17:44:43|1599353083i181100
ITEM: 包快|jmycxc|蜡令靛 母(900)|GM制作道具|1000|71|86|2020-9-5 17:44:46|1599353086i191100
ITEM: 包快|jmycxc|庆厚 努反(130)|GM删除道具|1000|71|86|2020-9-5 17:49:53|1599353061i121100
ITEM: 包快|jmycxc|窍靛 努反(150)|GM删除道具|1000|71|86|2020-9-5 17:49:53|1599353066i131100
ITEM: 包快|jmycxc|弊饭捞飘 努反(170)|GM删除道具|1000|71|86|2020-9-5 17:49:53|1599353070i141100
ITEM: 包快|jmycxc|激扁福狼 努反(190)|GM删除道具|1000|71|86|2020-9-5 17:49:53|1599353073i151100
ITEM: 包快|jmycxc|固叼决 胶乔绢(210)|GM删除道具|1000|71|86|2020-9-5 17:49:53|1599353077i161100
ITEM: 包快|jmycxc|胶隔 匙老(300)|GM删除道具|1000|71|86|2020-9-5 17:49:53|1599353080i171100
ITEM: 包快|jmycxc|胶隔 何皋尔(500)|GM删除道具|1000|71|86|2020-9-5 17:49:53|1599353083i181100
ITEM: 包快|jmycxc|蜡令靛 母(900)|GM删除道具|1000|71|86|2020-9-5 17:49:53|1599353086i191100
ITEM: 包快|jmycxc|海畴固胶Lv1 竣胶(1)|GM制作道具|1000|70|83|2020-9-5 18:31:33|1599355893i221100
ITEM: 包快|jmycxc|海畴固胶Lv1 竣胶(1)|丢出道具|1000|70|83|2020-9-5 18:37:55|1599355893i221100
ITEM: 包快|jmycxc|海畴固胶Lv1 竣胶(1)|捡起道具|1000|70|83|2020-9-5 18:37:57|1599355893i221100
ITEM: 包快|jmycxc|海畴固胶Lv1 竣胶(1)|丢出道具|1000|70|83|2020-9-5 18:37:58|1599355893i221100
ITEM: 包快|jmycxc|海畴固胶Lv1 竣胶(1)|捡起道具|1000|69|84|2020-9-5 18:37:59|1599355893i221100
ITEM: 包快|jmycxc|海畴固胶Lv1 竣胶(1)|丢出道具|1000|69|84|2020-9-5 18:38:20|1599355893i221100
ITEM: 包快|jmycxc|海畴固胶Lv1 竣胶(1)|捡起道具|1000|69|84|2020-9-5 18:38:27|1599355893i221100
ITEM: 包快|jmycxc|海畴固胶Lv1 竣胶(1)|丢出道具|1000|68|83|2020-9-5 18:39:17|1599355893i221100
ITEM: 包快|jmycxc|海畴固胶Lv1 竣胶(1)|捡起道具|1000|68|83|2020-9-5 18:39:18|1599355893i221100
ITEM: 包快|jmycxc|激扁福狼 竣胶(90)|GM制作道具|1000|69|83|2020-9-5 18:44:4|1599356644i231100
ITEM: 包快|jmycxc|窍靛 努反(150)|GM制作道具|1000|69|83|2020-9-5 18:44:25|1599356665i241100
ITEM: 包快|jmycxc|胶隔 匙老(300)|GM制作道具|1000|69|83|2020-9-5 18:45:43|1599356743i251100
ITEM: 包快|jmycxc|蜡令靛 母(900)|GM制作道具|1000|69|83|2020-9-5 18:59:3|1599357543i261100
ITEM: 包快|jmycxc|酒农俊聪胶 Lv1伎 骇(1251)|GM制作道具|1000|69|83|2020-9-5 18:59:13|1599357553i271100
ITEM: 包快|jmycxc|葛啊肺胶 啪铰巩辑(16009)|GM制作道具|1000|70|75|2020-9-5 20:6:13|1599361573i281100
ITEM: 包快|jmycxc|葛啊肺胶 啪铰巩辑(16009)|使用道具|1000|70|75|2020-9-5 20:6:16|1599361573i281100
ITEM: a|jmycxc1|海畴固胶Lv1 竣胶(1)|宠邮->寄送道具|1000|72|81|2020-9-5 23:31:30|1599324930i891100
ITEM: 包快|jmycxc|海畴固胶Lv1 竣胶(1)|宠邮->收到道具|1000|74|81|2020-9-5 23:31:32|1599324930i891100
