GM: server down(2021-9-6 16:58:32) 
GM: server down(2021-9-6 16:58:54) 
GM: asdzxca	test123	petmake 1	(40000,93,81)	 (2021-9-6 16:59:52) 
GM: asdzxca	test123	petmake 1	(40000,91,84)	 (2021-9-6 17:0:24) 
GM: server down(2021-9-6 17:1:17) 
GM: server down(2021-9-6 17:5:12) 
GM: asdzxca	test123	additem 20004	(40000,90,85)	 (2021-9-6 17:5:46) 
GM: 12311231	test123	reset all	(40000,98,45)	 (2021-9-6 17:7:43) 
GM: 12311231	test123	additem 25151	(40000,98,45)	 (2021-9-6 17:7:54) 
GM: 12311231	test123	itemreload	(40000,91,50)	 (2021-9-6 17:8:58) 
GM: 12311231	test123	additem 25151	(40000,91,50)	 (2021-9-6 17:9:21) 
GM: 12311231	test123	additem 25150	(40000,91,50)	 (2021-9-6 17:9:27) 
GM: 12311231	test123	additem 25151	(40000,91,50)	 (2021-9-6 17:9:30) 
GM: 12311231	test123	help all	(40000,84,76)	 (2021-9-6 17:10:45) 
GM: 12311231	test123	newloadnpc	(40000,83,99)	 (2021-9-6 17:11:18) 
GM: 12311231	test123	warp 1001 15 51	(1006,15,22)	 (2021-9-6 17:11:41) 
GM: server down(2021-9-6 17:12:16) 
GM: server down(2021-9-6 17:15:17) 
GM: zzz	test1	warp 2000 15 15	(1000,88,81)	 (2021-9-6 17:15:34) 
GM: zzz	test1	reset all]	(100,630,493)	 (2021-9-6 17:19:15) 
GM: zzz	test1	reset all]	(100,630,493)	 (2021-9-6 17:19:18) 
GM: zzz	test1	reset all	(100,630,493)	 (2021-9-6 17:19:26) 
GM: server down(2021-9-6 17:19:44) 
GM: zzz	test1	petmake 1700	(100,631,494)	 (2021-9-6 17:21:4) 
GM: zzz	test1	petmake 1701	(100,630,496)	 (2021-9-6 17:21:33) 
GM: zzz	test1	petmake 1702	(100,630,496)	 (2021-9-6 17:21:56) 
GM: zzz	test1	help all	(100,635,490)	 (2021-9-6 17:41:30) 
GM: zzz	test1	getuser	(100,635,490)	 (2021-9-6 17:41:43) 
GM: zzz	test1	reloadlua	(100,631,491)	 (2021-9-6 17:42:9) 
GM: zzz	test1	reloadlua	(100,631,491)	 (2021-9-6 17:42:47) 
GM: server down(2021-9-6 17:43:1) 
GM: zzz	test1	warp 50000 15 12	(100,628,491)	 (2021-9-6 17:47:20) 
GM: zzz	test1	getuser	(100,631,493)	 (2021-9-6 17:47:31) 
GM: server down(2021-9-6 17:47:58) 
GM: zzz	test1	warp 777 4 9	(100,631,493)	 (2021-9-6 17:49:42) 
GM: zzz	test1	warp 1000 79 103	(1000,79,103)	 (2021-9-6 17:53:10) 
GM: server down(2021-9-6 18:4:38) 
GM: server down(2021-9-6 18:8:55) 
