ITEM: server down(2021-9-6 16:58:32) 
ITEM: server down(2021-9-6 16:58:54) 
ITEM: server down(2021-9-6 17:1:17) 
ITEM: server down(2021-9-6 17:5:12) 
ITEM: asdzxca|test123|檬焊瘤盔厘厚技飘(20004)|GM制作道具|40000|90|85|2021-9-6 17:5:46|1630973146i01100
ITEM: asdzxca|test123|檬焊瘤盔厘厚技飘(20004)|使用道具|40000|90|85|2021-9-6 17:5:47|1630973146i01100
ITEM: 12311231|test123|檬焊瘤盔厘厚技飘(20004)|LUA制作道具|1006|15|22|2021-9-6 17:6:44|1630973204i51100
ITEM: 12311231|test123|檬焊瘤盔厘厚技飘(20004)|使用道具|1006|14|20|2021-9-6 17:6:47|1630973204i51100
ITEM: 12311231|test123|炔陛磊风(25151)|GM制作道具|40000|91|50|2021-9-6 17:9:21|1630973361i101100
ITEM: 12311231|test123|炔陛磊风(25151)|使用道具|40000|91|50|2021-9-6 17:9:23|1630973361i101100
ITEM: 12311231|test123|炔陛磊风(25151)|GM制作道具|40000|91|50|2021-9-6 17:9:30|1630973370i111100
ITEM: 12311231|test123|炔陛磊风(25151)|使用道具|40000|91|50|2021-9-6 17:9:31|1630973370i111100
ITEM: server down(2021-9-6 17:12:16) 
ITEM: zzz|test1|檬焊瘤盔厘厚技飘(20004)|使用道具|1000|91|57|2021-9-6 17:14:24|1630968002i31100
ITEM: server down(2021-9-6 17:15:17) 
ITEM: server down(2021-9-6 17:19:44) 
ITEM: server down(2021-9-6 17:43:1) 
ITEM: server down(2021-9-6 17:47:58) 
ITEM: server down(2021-9-6 18:4:38) 
ITEM: server down(2021-9-6 18:8:55) 
