PET: server down(2021-9-6 16:58:32) 
PET: server down(2021-9-6 16:58:54) 
PET: asdzxca|test123|C庆萍酒SD(1)|丢宠|40000|93|81|2021-9-6 16:59:58|1630971201i11
PET: asdzxca|test123|肺快敲(199)|丢宠|40000|93|81|2021-9-6 16:59:59|1630970893i10
PET: asdzxca|test123|粮唱操咙(1)|丢宠|40000|93|81|2021-9-6 17:0:0|1630969815i11
PET: asdzxca|test123|粮唱操咙2技(1)|丢宠|40000|93|81|2021-9-6 17:0:1|1630969700i10
PET: asdzxca|test123|滴府(1)|GM命令制作|40000|91|84|2021-9-6 17:0:24|1630972824i10
PET: server down(2021-9-6 17:1:17) 
PET: server down(2021-9-6 17:5:12) 
PET: 系统|Watchfunc|C庆萍酒SD(1)|系统清除-地上自由宠|40000|93|82|2021-9-6 17:5:18|1630971201i11
PET: 系统|Watchfunc|肺快敲(199)|系统清除-地上自由宠|40000|92|82|2021-9-6 17:5:18|1630970893i10
PET: 系统|Watchfunc|粮唱操咙(1)|系统清除-地上自由宠|40000|92|81|2021-9-6 17:5:18|1630969815i11
PET: 系统|Watchfunc|粮唱操咙2技(1)|系统清除-地上自由宠|40000|92|80|2021-9-6 17:5:18|1630969700i10
PET: 12311231|test123|滴府(1)|LUA的char.AddPet|1006|15|22|2021-9-6 17:6:44|1630973204i10
PET: 12311231|test123|绊福纳胶(1)|LUA的char.AddPet|1006|15|22|2021-9-6 17:6:44|1630973204i11
PET: server down(2021-9-6 17:12:16) 
PET: server down(2021-9-6 17:15:17) 
PET: server down(2021-9-6 17:19:44) 
PET: zzz|test1|焊鞭 海福啊(1)|GM命令制作|100|631|494|2021-9-6 17:21:4|1630974064i10
PET: zzz|test1|焊鞭 海风风(1)|GM命令制作|100|630|496|2021-9-6 17:21:33|1630974093i11
PET: zzz|test1|焊鞭 绊福绊福(1)|GM命令制作|100|630|496|2021-9-6 17:21:56|1630974116i12
PET: server down(2021-9-6 17:43:1) 
PET: server down(2021-9-6 17:47:58) 
PET: server down(2021-9-6 18:4:38) 
PET: server down(2021-9-6 18:8:55) 
