GM: 제갈량	gkrrua55	getuser	(1000,81,93)	 (2020-9-11 0:23:5) 
GM: 제갈량	gkrrua55	superman	(1000,84,93)	 (2020-9-11 0:23:22) 
GM: 제갈량	gkrrua55	petlevelup 2 120	(1000,83,90)	 (2020-9-11 0:25:58) 
GM: 제갈량	gkrrua55	petlevelup 3 120	(1000,83,90)	 (2020-9-11 0:26:3) 
GM: 제갈량	gkrrua55	petlevelup 1 120	(1000,81,86)	 (2020-9-11 0:26:14) 
GM: 제갈량	gkrrua55	additem 22589	(1000,71,78)	 (2020-9-11 0:55:51) 
GM: 제갈량	gkrrua55	additem 22547	(100,630,491)	 (2020-9-11 0:56:56) 
GM: 제갈량	gkrrua55	noenemy on	(10201,6,4)	 (2020-9-11 1:3:59) 
GM: 제갈량	gkrrua55	additem 19005	(10204,46,31)	 (2020-9-11 1:4:58) 
GM: 제갈량	gkrrua55	additem 19006	(10204,71,30)	 (2020-9-11 1:5:13) 
GM: 제갈량	gkrrua55	additem 19007	(10204,71,30)	 (2020-9-11 1:5:16) 
GM: 제갈량	gkrrua55	petmake 352	(10204,76,31)	 (2020-9-11 1:6:13) 
GM: 제갈량	gkrrua55	warp 777 20 37	(1003,16,21)	 (2020-9-11 1:19:39) 
GM: 제갈량	gkrrua55	additem 22655	(1000,74,83)	 (2020-9-11 1:22:29) 
GM: 제갈량	gkrrua55	additem 22796	(1000,74,83)	 (2020-9-11 1:22:53) 
GM: 제갈량	gkrrua55	additem 22797	(1000,74,83)	 (2020-9-11 1:22:59) 
GM: 제갈량	gkrrua55	additem 23029	(1000,71,84)	 (2020-9-11 1:23:16) 
GM: 제갈량	gkrrua55	additem 23009 5	(1000,71,82)	 (2020-9-11 1:23:47) 
GM: 제갈량	gkrrua55	additem 23011	(1000,74,82)	 (2020-9-11 1:26:28) 
GM: 제갈량	gkrrua55	additem 22903	(1000,74,82)	 (2020-9-11 1:26:51) 
GM: 제갈량	gkrrua55	additem 22911 5	(1000,73,78)	 (2020-9-11 1:27:1) 
GM: 제갈량	gkrrua55	additem 2612	(1000,73,78)	 (2020-9-11 1:28:57) 
GM: 제갈량	gkrrua55	warp 1700 69 89	(1300,21,46)	 (2020-9-11 1:34:21) 
GM: 제갈량	gkrrua55	warp 1200 69 89	(1300,21,46)	 (2020-9-11 1:34:31) 
GM: 제갈량	gkrrua55	warp 1300 69 89	(1200,69,89)	 (2020-9-11 1:34:37) 
GM: 제갈량	gkrrua55	warp 1400 69 89	(1300,69,89)	 (2020-9-11 1:34:45) 
GM: 제갈량	gkrrua55	warp 1300 65 65	(1300,41,32)	 (2020-9-11 1:36:47) 
GM: 제갈량	gkrrua55	warp 1400 71 76	(1400,74,104)	 (2020-9-11 1:37:1) 
GM: 제갈량	gkrrua55	warp 100 442 127	(1400,71,77)	 (2020-9-11 1:37:12) 
GM: 제갈량	gkrrua55	warp 11107 24 6	(11101,33,29)	 (2020-9-11 1:37:38) 
GM: 제갈량	gkrrua55	warp 1400 71 76	(11107,24,7)	 (2020-9-11 1:37:53) 
GM: 제갈량	gkrrua55	warp 1300 34 42	(1400,71,77)	 (2020-9-11 1:38:3) 
GM: 제갈량	gkrrua55	warp 1300 65 65	(1300,50,50)	 (2020-9-11 1:38:28) 
GM: 제갈량	gkrrua55	warp 1200 96 75	(1200,59,47)	 (2020-9-11 1:39:38) 
GM: 제갈량	gkrrua55	warp 3400 58 66	(3400,63,48)	 (2020-9-11 1:40:48) 
GM: 제갈량	gkrrua55	warp 200 287 928	(3406,26,14)	 (2020-9-11 1:41:52) 
GM: 제갈량	gkrrua55	warp 20607 68 5	(20601,9,57)	 (2020-9-11 1:42:5) 
GM: 제갈량	gkrrua55	warp 3400 58 66	(20607,68,7)	 (2020-9-11 1:42:30) 
GM: 제갈량	gkrrua55	warp 200 285 926	(3406,22,16)	 (2020-9-11 1:42:53) 
GM: 제갈량	gkrrua55	warp 20607 68 5	(20601,9,59)	 (2020-9-11 1:43:4) 
GM: 제갈량	gkrrua55	warp 100 328 633	(3406,26,14)	 (2020-9-11 1:45:36) 
GM: 제갈량	gkrrua55	warp 11006 11 12	(11001,0,43)	 (2020-9-11 1:45:57) 
GM: 제갈량	gkrrua55	petmake 49 15	(11006,6,9)	 (2020-9-11 1:46:28) 
GM: 제갈량	gkrrua55	petmake 49 15	(11006,6,9)	 (2020-9-11 1:46:39) 
GM: 제갈량	gkrrua55	petmake 307 30	(11006,10,11)	 (2020-9-11 1:47:31) 
GM: 제갈량	gkrrua55	warp 1300 70 51	(1300,29,28)	 (2020-9-11 1:48:33) 
GM: 제갈량	gkrrua55	warp 100 549 638	(1300,69,51)	 (2020-9-11 1:48:45) 
GM: 제갈량	gkrrua55	warp 124 55 55	(122,6,5)	 (2020-9-11 1:49:39) 
GM: 제갈량	gkrrua55	warp 123 55 55	(122,6,5)	 (2020-9-11 1:49:43) 
GM: 제갈량	gkrrua55	clean_floor	(122,22,20)	 (2020-9-11 1:51:13) 
GM: 제갈량	gkrrua55	warp 122 150 30	(122,35,30)	 (2020-9-11 1:54:8) 
GM: 제갈량	gkrrua55	warp 122 300 30	(122,150,30)	 (2020-9-11 1:54:14) 
GM: 제갈량	gkrrua55	warp 122 250 30	(122,150,30)	 (2020-9-11 1:54:21) 
GM: 제갈량	gkrrua55	warp 122 250 90	(122,250,30)	 (2020-9-11 1:54:34) 
GM: 제갈량	gkrrua55	skywalker	(122,282,90)	 (2020-9-11 1:57:55) 
GM: 제갈량	gkrrua55	warp 122 290 90	(122,282,90)	 (2020-9-11 1:58:9) 
GM: 제갈량	gkrrua55	warp 122 289 190	(122,289,120)	 (2020-9-11 1:58:44) 
GM: 제갈량	gkrrua55	warp 122289 120	(122,289,190)	 (2020-9-11 1:58:51) 
GM: 제갈량	gkrrua55	warp 122 289 120	(122,289,190)	 (2020-9-11 1:58:55) 
GM: 제갈량	gkrrua55	warp 122 289 140	(122,289,122)	 (2020-9-11 1:59:6) 
GM: 제갈량	gkrrua55	warp 122 289 165	(122,289,157)	 (2020-9-11 1:59:25) 
GM: 제갈량	gkrrua55	warp 118 15 9	(118,231,9)	 (2020-9-11 2:0:5) 
GM: 제갈량	gkrrua55	warp 119 95 90	(119,95,10)	 (2020-9-11 2:0:25) 
GM: 제갈량	gkrrua55	warp 1300 70 51	(119,95,88)	 (2020-9-11 2:1:57) 
GM: 제갈량	gkrrua55	warp 400 97 119	(400,85,79)	 (2020-9-11 2:4:29) 
GM: 제갈량	gkrrua55	petlevelup 2 120	(41,34,42)	 (2020-9-11 2:5:34) 
GM: 제갈량	gkrrua55	petlevelup 3 120	(41,34,42)	 (2020-9-11 2:5:38) 
GM: 제갈량	gkrrua55	petlevelup 4 120	(41,34,42)	 (2020-9-11 2:5:41) 
GM: 제갈량	gkrrua55	additem 2775	(41,34,42)	 (2020-9-11 2:6:4) 
GM: 제갈량	gkrrua55	warp 6000 73 55	(41,35,29)	 (2020-9-11 2:8:16) 
GM: 제갈량	gkrrua55	warp 41 34 27	(6000,73,55)	 (2020-9-11 2:8:24) 
GM: 제갈량	gkrrua55	warp 6000 73 55	(41,34,27)	 (2020-9-11 2:8:30) 
GM: 제갈량	gkrrua55	warp 41 34 27	(6000,73,55)	 (2020-9-11 2:8:42) 
GM: 제갈량	gkrrua55	warp 300 343 191	(41,35,31)	 (2020-9-11 2:9:29) 
GM: 제갈량	gkrrua55	warp 31701 8 5	(31701,29,45)	 (2020-9-11 2:9:49) 
GM: 제갈량	gkrrua55	warp 31702 43 43	(31702,20,2)	 (2020-9-11 2:10:16) 
GM: 제갈량	gkrrua55	warp 31703 27 43	(31703,45,41)	 (2020-9-11 2:10:27) 
GM: 제갈량	gkrrua55	warp 31704 40 22	(31703,45,41)	 (2020-9-11 2:11:0) 
GM: 제갈량	gkrrua55	warp 31705 17 40	(31704,39,22)	 (2020-9-11 2:11:15) 
GM: 제갈량	gkrrua55	warp 200 99 425	(31706,19,5)	 (2020-9-11 2:14:6) 
GM: 제갈량	gkrrua55	warp 20401 12 13	(20401,29,49)	 (2020-9-11 2:14:14) 
GM: 제갈량	gkrrua55	warp 20404 44 13	(20401,14,11)	 (2020-9-11 2:14:40) 
GM: 제갈량	gkrrua55	warp 20406 36 34	(20404,43,14)	 (2020-9-11 2:14:53) 
GM: 제갈량	gkrrua55	warp 20401 14 10	(20406,36,35)	 (2020-9-11 2:15:9) 
GM: 제갈량	gkrrua55	warp 200 433 742	(20401,12,14)	 (2020-9-11 2:16:44) 
GM: 제갈량	gkrrua55	warp 20801 13 63	(20801,33,69)	 (2020-9-11 2:17:6) 
GM: 제갈량	gkrrua55	additem 2457	(20801,12,63)	 (2020-9-11 2:17:44) 
GM: 제갈량	gkrrua55	additem 2458	(20801,12,63)	 (2020-9-11 2:17:47) 
GM: 제갈량	gkrrua55	additem 2459	(20801,12,63)	 (2020-9-11 2:17:49) 
GM: 제갈량	gkrrua55	warp 20807 10 37	(20801,12,63)	 (2020-9-11 2:18:37) 
GM: 제갈량	gkrrua55	warp 300 483 196	(20807,23,7)	 (2020-9-11 2:19:28) 
GM: 제갈량	gkrrua55	warp 31805 29 22	(31801,37,49)	 (2020-9-11 2:19:41) 
GM: 제갈량	gkrrua55	additem 2534	(31805,32,23)	 (2020-9-11 2:20:31) 
GM: 제갈량	gkrrua55	warp 300 239 98	(31806,34,6)	 (2020-9-11 2:21:50) 
GM: 제갈량	gkrrua55	warp 31901 71 6	(31901,0,43)	 (2020-9-11 2:22:2) 
GM: 제갈량	gkrrua55	warp 31908 10 9	(31902,8,7)	 (2020-9-11 2:22:26) 
GM: 제갈량	gkrrua55	warp 31909 10 9	(31908,10,9)	 (2020-9-11 2:22:30) 
GM: 제갈량	gkrrua55	warp 300 266 294	(31909,10,10)	 (2020-9-11 2:22:46) 
GM: 제갈량	gkrrua55	additem 2548	(30600,15,14)	 (2020-9-11 2:23:12) 
GM: 제갈량	gkrrua55	warp 31909 10 9	(30600,15,14)	 (2020-9-11 2:23:22) 
GM: 제갈량	gkrrua55	warp 300 266 294	(31902,8,7)	 (2020-9-11 2:24:29) 
GM: 제갈량	gkrrua55	additem 2541	(1000,79,84)	 (2020-9-11 2:27:47) 
GM: 제갈량	gkrrua55	metamo 100035	(1000,74,80)	 (2020-9-11 2:27:59) 
GM: 관우	jmycxc	gold 9999999	(1000,82,71)	 (2020-9-11 3:10:43) 
GM: 관우	jmycxc	additem 2147	(1000,89,99)	 (2020-9-11 6:31:47) 
GM: 관우	jmycxc	additem 2268	(1000,86,98)	 (2020-9-11 6:32:10) 
GM: 관우	jmycxc	delitem all]2306	(1000,86,98)	 (2020-9-11 6:32:20) 
GM: 관우	jmycxc	additem 2306	(1000,86,98)	 (2020-9-11 6:32:25) 
GM: 관우	jmycxc	additem 2335	(1000,86,98)	 (2020-9-11 6:32:37) 
GM: 관우	jmycxc	additem 2866	(1000,86,98)	 (2020-9-11 6:32:45) 
GM: 관우	jmycxc	additem 2876	(1000,86,98)	 (2020-9-11 6:32:53) 
GM: 관우	jmycxc	info	(1005,17,16)	 (2020-9-11 6:37:33) 
GM: 제갈량	gkrrua55	getuser	(1000,72,84)	 (2020-9-11 7:27:5) 
GM: 제갈량	gkrrua55	gold 100000000	(1005,19,18)	 (2020-9-11 7:45:19) 
GM: 제갈량	gkrrua55	level 100	(1005,19,18)	 (2020-9-11 7:45:25) 
GM: 제갈량	gkrrua55	level 105	(1005,19,18)	 (2020-9-11 7:45:32) 
GM: 제갈량	gkrrua55	level 110	(1005,19,18)	 (2020-9-11 7:45:36) 
GM: 제갈량	gkrrua55	level 115	(1005,19,18)	 (2020-9-11 7:45:40) 
GM: 제갈량	gkrruGM: 관우	jmycxc	delpet	(1000,85,94)	 (2020-9-11 19:49:21) 
GM: 관우	jmycxc	delitem all	(1000,85,94)	 (2020-9-11 19:49:22) 
GM: 관우	jmycxc	petmake 5060	(1000,85,94)	 (2020-9-11 19:49:28) 
GM: 관우	jmycxc	petlevelup 1 100	(1000,85,94)	 (2020-9-11 19:50:24) 
GM: 관우	jmycxc	petmake 5050	(1000,85,94)	 (2020-9-11 19:50:43) 
