ITEM: 力哎樊|gkrrua55|补血浓汤1(22589)|GM制作道具|1000|71|78|2020-9-11 0:55:51|1599810951i71100
ITEM: 力哎樊|gkrrua55|补血浓汤1(22589)|Drop(酒捞袍滚覆)|100|630|491|2020-9-11 0:56:44|1599810951i71100
ITEM: 力哎樊|gkrrua55|奇异果(22547)|GM制作道具|100|630|491|2020-9-11 0:56:56|1599811016i81100
ITEM: 力哎樊|gkrrua55|奇异果(22547)|Drop(酒捞袍滚覆)|100|630|491|2020-9-11 0:57:4|1599811016i81100
ITEM: 力哎樊|gkrrua55|奇异果(22547)|PickUp(酒捞袍凛促)|100|630|491|2020-9-11 0:57:5|1599811016i81100
ITEM: 力哎樊|gkrrua55|奇异果(22547)|Drop(酒捞袍滚覆)|100|630|491|2020-9-11 0:57:13|1599811016i81100
ITEM: 力哎樊|gkrrua55|倔澜狼搬沥(2962)|LUA制作道具|100|630|491|2020-9-11 0:58:8|1599811088i91100
ITEM: 力哎樊|gkrrua55|暴龙的尖牙(21680)|Drop(酒捞袍滚覆)|1100|95|67|2020-9-11 1:3:52|1599758881i31100
ITEM: 力哎樊|gkrrua55|骑乘学习同意书(19005)|GM制作道具|10204|46|31|2020-9-11 1:4:58|1599811498i111100
ITEM: 力哎樊|gkrrua55|骑乘学习同意书(19005)|使用道具|10204|49|30|2020-9-11 1:5:1|1599811498i111100
ITEM: 力哎樊|gkrrua55|骑乘学习同意书(19006)|GM制作道具|10204|71|30|2020-9-11 1:5:13|1599811513i121100
ITEM: 力哎樊|gkrrua55|骑乘学习同意书(19007)|GM制作道具|10204|71|30|2020-9-11 1:5:16|1599811516i131100
ITEM: 力哎樊|gkrrua55|骑乘学习同意书(19007)|使用道具|10204|71|30|2020-9-11 1:5:19|1599811516i131100
ITEM: 力哎樊|gkrrua55|骑乘学习同意书(19006)|使用道具|10204|71|30|2020-9-11 1:5:20|1599811513i121100
ITEM: 力哎樊|gkrrua55|狼侥狼 备浇(2417)|任务得到道具|10204|188|14|2020-9-11 1:7:1|1599811621i141100
ITEM: 力哎樊|gkrrua55|狼侥狼 备浇(2417)|任务得到道具|10204|188|14|2020-9-11 1:7:1|1599811621i151100
ITEM: 力哎樊|gkrrua55|狼侥狼 备浇(2417)|任务得到道具|10204|188|14|2020-9-11 1:7:1|1599811621i161100
ITEM: 力哎樊|gkrrua55|狼侥狼 备浇(2417)|任务得到道具|10204|188|14|2020-9-11 1:7:1|1599811621i171100
ITEM: 力哎樊|gkrrua55|狼侥狼 备浇(2417)|任务得到道具|10204|188|14|2020-9-11 1:7:1|1599811621i181100
ITEM: NULL|NULL|奇异果(22547)|TiemDelete|100|629|492|2020-9-11 1:7:19|1599811016i81100
ITEM: NULL|NULL|补血浓汤1(22589)|TiemDelete|100|631|492|2020-9-11 1:7:19|1599810951i71100
ITEM: 力哎樊|gkrrua55|狼侥狼 备浇(2417)|任务收回道具|10204|14|7|2020-9-11 1:8:17|1599811621i141100
ITEM: 力哎樊|gkrrua55|狼侥狼 备浇(2417)|任务收回道具|10204|14|7|2020-9-11 1:8:17|1599811621i151100
ITEM: 力哎樊|gkrrua55|狼侥狼 备浇(2417)|任务收回道具|10204|14|7|2020-9-11 1:8:17|1599811621i161100
ITEM: 力哎樊|gkrrua55|狼侥狼 备浇(2417)|任务收回道具|10204|14|7|2020-9-11 1:8:17|1599811621i181100
ITEM: 力哎樊|gkrrua55|狼侥狼 备浇(2417)|任务收回道具|10204|14|7|2020-9-11 1:8:17|1599811621i171100
ITEM: 力哎樊|gkrrua55|狼侥狼 捧备(2418)|任务得到道具|10204|14|7|2020-9-11 1:8:17|1599811697i191100
ITEM: 力哎樊|gkrrua55|雷尔布偶(22655)|GM制作道具|1000|74|83|2020-9-11 1:22:29|1599812549i201100
ITEM: 力哎樊|gkrrua55|雷尔布偶(22655)|Drop(酒捞袍滚覆)|1000|74|83|2020-9-11 1:22:34|1599812549i201100
ITEM: 力哎樊|gkrrua55|雷尔布偶(22655)|PickUp(酒捞袍凛促)|1000|74|83|2020-9-11 1:22:34|1599812549i201100
ITEM: 力哎樊|gkrrua55|字符信封(22797)|GM制作道具|1000|74|83|2020-9-11 1:22:59|1599812579i211100
ITEM: 力哎樊|gkrrua55|字符信封(22797)|丢出后消失|1000|74|83|2020-9-11 1:23:2|1599812579i211100
ITEM: 力哎樊|gkrrua55|第二格包裹(23029)|GM制作道具|1000|71|84|2020-9-11 1:23:16|1599812596i221100
ITEM: 力哎樊|gkrrua55|第二格包裹(23029)|Drop(酒捞袍滚覆)|1000|71|84|2020-9-11 1:23:24|1599812596i221100
ITEM: 力哎樊|gkrrua55|1000金币券(23009)|GM制作道具|1000|71|82|2020-9-11 1:23:47|1599812627i231100
ITEM: 力哎樊|gkrrua55|1000金币券(23009)|GM制作道具|1000|71|82|2020-9-11 1:23:47|1599812627i241100
ITEM: 力哎樊|gkrrua55|1000金币券(23009)|GM制作道具|1000|71|82|2020-9-11 1:23:47|1599812627i251100
ITEM: 力哎樊|gkrrua55|1000金币券(23009)|GM制作道具|1000|71|82|2020-9-11 1:23:47|1599812627i261100
ITEM: 力哎樊|gkrrua55|1000金币券(23009)|GM制作道具|1000|71|82|2020-9-11 1:23:47|1599812627i271100
ITEM: 力哎樊|gkrrua55|智慧果酱包(23011)|GM制作道具|1000|74|82|2020-9-11 1:26:28|1599812788i281100
ITEM: 力哎樊|gkrrua55|智慧果酱包(23011)|使用道具|1000|74|82|2020-9-11 1:26:30|1599812788i281100
ITEM: 力哎樊|gkrrua55|智慧果酱包(23011)|使用道具|1000|74|82|2020-9-11 1:26:31|1599812788i281100
ITEM: 力哎樊|gkrrua55|智慧果酱包(23011)|使用道具|1000|74|82|2020-9-11 1:26:32|1599812788i281100
ITEM: 力哎樊|gkrrua55|智慧果酱包(23011)|使用道具|1000|74|82|2020-9-11 1:26:32|1599812788i281100
ITEM: 力哎樊|gkrrua55|智慧果酱包(23011)|使用道具|1000|74|82|2020-9-11 1:26:33|1599812788i281100
ITEM: 力哎樊|gkrrua55|智慧果酱包(23011)|使用道具|1000|74|82|2020-9-11 1:26:34|1599812788i281100
ITEM: 力哎樊|gkrrua55|技能丹(22903)|GM制作道具|1000|74|82|2020-9-11 1:26:51|1599812811i291100
ITEM: 力哎樊|gkrrua55|技能丹(22903)|使用道具|1000|74|82|2020-9-11 1:26:53|1599812811i291100
ITEM: 力哎樊|gkrrua55|技能丹(22903)|使用道具|1000|74|82|2020-9-11 1:26:53|1599812811i291100
ITEM: 力哎樊|gkrrua55|技能丹(22903)|丢出后消失|1000|74|82|2020-9-11 1:26:54|1599812811i291100
ITEM: 力哎樊|gkrrua55|500声望券(22911)|GM制作道具|1000|73|78|2020-9-11 1:27:1|1599812821i301100
ITEM: 力哎樊|gkrrua55|500声望券(22911)|GM制作道具|1000|73|78|2020-9-11 1:27:1|1599812821i311100
ITEM: 力哎樊|gkrrua55|500声望券(22911)|GM制作道具|1000|73|78|2020-9-11 1:27:1|1599812821i321100
ITEM: 力哎樊|gkrrua55|500声望券(22911)|GM制作道具|1000|73|78|2020-9-11 1:27:1|1599812821i331100
ITEM: 力哎樊|gkrrua55|林荤困(2612)|GM制作道具|1000|73|78|2020-9-11 1:28:57|1599812937i341100
ITEM: 力哎樊|gkrrua55|林荤困(2612)|Drop(酒捞袍滚覆)|1000|73|78|2020-9-11 1:29:0|1599812937i341100
ITEM: 力哎樊|gkrrua55|林荤困(2612)|PickUp(酒捞袍凛促)|1000|73|78|2020-9-11 1:29:2|1599812937i341100
ITEM: 力哎樊|gkrrua55|林荤困(2612)|Drop(酒捞袍滚覆)|1000|73|78|2020-9-11 1:29:4|1599812937i341100
ITEM: 力哎樊|gkrrua55|林荤困(2612)|PickUp(酒捞袍凛促)|1000|73|78|2020-9-11 1:29:6|1599812937i341100
ITEM: 力哎樊|gkrrua55|林荤困(2612)|Drop(酒捞袍滚覆)|1000|73|78|2020-9-11 1:29:7|1599812937i341100
ITEM: 力哎樊|gkrrua55|林荤困(2612)|PickUp(酒捞袍凛促)|1000|73|78|2020-9-11 1:29:8|1599812937i341100
ITEM: 力哎樊|gkrrua55|林荤困(2612)|Drop(酒捞袍滚覆)|1000|73|78|2020-9-11 1:29:9|1599812937i341100
ITEM: 力哎樊|gkrrua55|林荤困(2612)|PickUp(酒捞袍凛促)|1000|73|78|2020-9-11 1:29:10|1599812937i341100
ITEM: 力哎樊|gkrrua55|林荤困(2612)|Drop(酒捞袍滚覆)|1000|73|78|2020-9-11 1:29:11|1599812937i341100
ITEM: 力哎樊|gkrrua55|林荤困(2612)|PickUp(酒捞袍凛促)|1000|73|78|2020-9-11 1:29:12|1599812937i341100
ITEM: 力哎樊|gkrrua55|林荤困(2612)|Drop(酒捞袍滚覆)|1000|73|78|2020-9-11 1:29:13|1599812937i341100
ITEM: 力哎樊|gkrrua55|林荤困(2612)|PickUp(酒捞袍凛促)|1000|73|78|2020-9-11 1:29:14|1599812937i341100
ITEM: 力哎樊|gkrrua55|林荤困(2612)|Drop(酒捞袍滚覆)|1000|73|78|2020-9-11 1:29:21|1599812937i341100
ITEM: 力哎樊|gkrrua55|林荤困(2612)|PickUp(酒捞袍凛促)|1000|73|78|2020-9-11 1:29:22|1599812937i341100
ITEM: 力哎樊|gkrrua55|林荤困(2612)|Drop(酒捞袍滚覆)|1000|73|78|2020-9-11 1:29:39|1599812937i341100
ITEM: 力哎樊|gkrrua55|林荤困(2612)|PickUp(酒捞袍凛促)|1000|72|78|2020-9-11 1:29:41|1599812937i341100
ITEM: NULL|NULL|第二格包裹(23029)|TiemDelete|1000|70|84|2020-9-11 1:32:3|1599812596i221100
ITEM: 力哎樊|gkrrua55|具公具公 档尝(2416)|任务得到道具|1400|69|90|2020-9-11 1:33:58|1599813238i351100
ITEM: 力哎樊|gkrrua55|具公具公 档尝(2416)|任务收回道具|1300|18|43|2020-9-11 1:34:11|1599813238i351100
ITEM: 力哎樊|gkrrua55|付萍狼 祈瘤(2423)|任务得到道具|1300|19|42|2020-9-11 1:34:14|1599813254i361100
ITEM: 力哎樊|gkrrua55|付萍狼 祈瘤(2423)|任务收回道具|1400|69|90|2020-9-11 1:34:48|1599813254i361100
ITEM: 力哎樊|gkrrua55|具公具公 档尝(2448)|任务得到道具|1400|69|90|2020-9-11 1:34:48|1599813288i371100
ITEM: 力哎樊|gkrrua55|月光枪(20597)|Drop(酒捞袍滚覆)|1400|73|92|2020-9-11 1:35:24|1599759250i111100
ITEM: 力哎樊|gkrrua55|智慧果酱包(23011)|使用道具|1400|76|90|2020-9-11 1:35:26|1599812788i281100
ITEM: 力哎樊|gkrrua55|智慧果酱包(23011)|使用道具|1400|76|90|2020-9-11 1:35:27|1599812788i281100
ITEM: 力哎樊|gkrrua55|智慧果酱包(23011)|使用道具|1400|76|90|2020-9-11 1:35:28|1599812788i281100
ITEM: 力哎樊|gkrrua55|智慧果酱包(23011)|使用道具|1400|76|90|2020-9-11 1:35:28|1599812788i281100
ITEM: 力哎樊|gkrrua55|智慧果酱包(23011)|使用道具|1400|76|90|2020-9-11 1:35:29|1599812788i281100
ITEM: 力哎樊|gkrrua55|智慧果酱包(23011)|Drop(酒捞袍滚覆)|1400|76|90|2020-9-11 1:35:30|1599812788i281100
ITEM: 力哎樊|gkrrua55|智慧果酱包(23011)|PickUp(酒捞袍凛促)|1400|76|90|2020-9-11 1:35:32|1599812788i281100
ITEM: 力哎樊|gkrrua55|智慧果酱包(23011)|使用道具|1400|76|90|2020-9-11 1:35:33|1599812788i281100
ITEM: 力哎樊|gkrrua55|智慧果酱包(23011)|Drop(酒捞袍滚覆)|1400|76|90|2020-9-11 1:35:34|1599812788i281100
ITEM: 力哎樊|gkrrua55|倔澜狼搬沥(2962)|Drop(酒捞袍滚覆)|1400|76|90|2020-9-11 1:35:35|1599811088i91100
ITEM: 力哎樊|gkrrua55|雷尔布偶(22655)|Drop(酒捞袍滚覆)|1400|76|90|2020-9-11 1:35:36|1599812549i201100
ITEM: 力哎樊|gkrrua55|钦己迫骂 9 [](18090)|Drop(酒捞袍滚覆)|1400|76|90|2020-9-11 1:35:36|1599758973i91100
ITEM: 力哎樊|gkrrua55|林荤困(2612)|Drop(酒捞袍滚覆)|1400|81|89|2020-9-11 1:35:48|1599812937i341100
ITEM: 力哎樊|gkrrua55|龋配福狼 荐龋籍(2419)|任务得到道具|11107|24|7|2020-9-11 1:37:41|1599813461i381100
ITEM: 力哎樊|gkrrua55|墨藕狼 荐龋籍(2420)|任务得到道具|11107|24|7|2020-9-11 1:37:41|1599813461i391100
ITEM: 力哎樊|gkrrua55|墨藕狼 荐龋籍(2420)|任务收回道具|1400|71|77|2020-9-11 1:37:56|1599813461i391100
ITEM: 力哎樊|gkrrua55|橇饭酒Lv1狼 傀绢6(1052)|任务得到道具|1400|71|77|2020-9-11 1:37:56|1599813476i401100
ITEM: 力哎樊|gkrrua55|龋配福狼 荐龋籍(2419)|任务收回道具|1300|64|65|2020-9-11 1:38:32|1599813461i381100
ITEM: 力哎樊|gkrrua55|厘脚备(2421)|任务得到道具|1300|64|65|2020-9-11 1:38:32|1599813512i411100
ITEM: 力哎樊|gkrrua55|郡肺快 大首饰(1357)|任务得到道具|1200|96|75|2020-9-11 1:39:39|1599813579i421100
ITEM: 力哎樊|gkrrua55|捻虐俊辑 乔绰 采(2486)|任务得到道具|3400|58|66|2020-9-11 1:40:50|1599813650i431100
ITEM: 力哎樊|gkrrua55|捻虐俊辑 乔绰 采(2486)|任务收回道具|3406|26|14|2020-9-11 1:41:8|1599813650i431100
ITEM: 力哎樊|gkrrua55|绢赣聪狼 庆绢 宏复瘤(2487)|任务得到道具|3406|27|17|2020-9-11 1:42:41|1599813761i441100
ITEM: 力哎樊|gkrrua55|绢赣聪狼 庆绢 宏复瘤(2487)|任务收回道具|20608|8|3|2020-9-11 1:43:29|1599813761i441100
ITEM: 力哎樊|gkrrua55|魂利狼 匙老(2493)|任务得到道具|20607|68|7|2020-9-11 1:43:46|1599813826i451100
ITEM: 力哎樊|gkrrua55|何葛丛 傈惑辑(2488)|任务得到道具|20608|8|4|2020-9-11 1:43:59|1599813839i461100
ITEM: 力哎樊|gkrrua55|何葛丛 傈惑辑(2488)|任务收回道具|3406|26|14|2020-9-11 1:44:31|1599813839i461100
ITEM: 力哎樊|gkrrua55|墨唱狼 乔府(2489)|任务得到道具|3406|26|14|2020-9-11 1:44:31|1599813871i471100
ITEM: 力哎樊|gkrrua55|魂利狼 匙老(2493)|Drop(酒捞袍滚覆)|3406|26|14|2020-9-11 1:44:40|1599813826i451100
ITEM: 力哎樊|gkrrua55|魂利狼 匙老(2493)|PickUp(酒捞袍凛促)|3406|26|14|2020-9-11 1:44:46|1599813826i451100
ITEM: 力哎樊|gkrrua55|魂利狼 匙老(2493)|Drop(酒捞袍滚覆)|3406|26|14|2020-9-11 1:44:50|1599813826i451100
ITEM: 力哎樊|gkrrua55|魂利狼 匙老(2493)|PickUp(酒捞袍凛促)|3406|26|14|2020-9-11 1:44:52|1599813826i451100
ITEM: 力哎樊|gkrrua55|魂利狼 匙老(2493)|Drop(酒捞袍滚覆)|3406|26|14|2020-9-11 1:44:54|1599813826i451100
ITEM: 力哎樊|gkrrua55|饭靛 胶隔 池努府胶(1351)|任务得到道具|11006|10|11|2020-9-11 1:46:46|1599814006i481100
ITEM: 力哎樊|gkrrua55|快祈拱(2687)|任务得到道具|1300|69|51|2020-9-11 1:48:36|1599814116i491100
ITEM: 力哎樊|gkrrua55|快祈拱(2687)|任务收回道具|119|95|88|2020-9-11 2:0:28|1599814116i491100
ITEM: 力哎樊|gkrrua55|馋磊福绰 倒(2697)|任务得到道具|119|95|88|2020-9-11 2:0:28|1599814828i501100
ITEM: 力哎樊|gkrrua55|付陵狼 档尝(2688)|任务得到道具|1300|69|51|2020-9-11 2:2:0|1599814920i511100
ITEM: 力哎樊|gkrrua55|具公具公 档尝(2448)|Drop(酒捞袍滚覆)|1300|66|49|2020-9-11 2:2:4|1599813288i371100
ITEM: 力哎樊|gkrrua55|急斑狼 蝴(2603)|任务得到道具|6000|73|55|2020-9-11 2:4:11|1599815051i521100
ITEM: 力哎樊|gkrrua55|沥飞空狼 劝(2775)|GM制作道具|41|34|42|2020-9-11 2:6:4|1599815164i531100
ITEM: 力哎樊|gkrrua55|急斑狼 蝴(2603)|任务收回道具|41|34|27|2020-9-11 2:7:11|1599815051i521100
ITEM: 力哎樊|gkrrua55|厕狼 窍橇(2606)|任务得到道具|41|34|27|2020-9-11 2:7:11|1599815231i541100
ITEM: 力哎樊|gkrrua55|墨唱狼 乔府(2489)|Drop(酒捞袍滚覆)|41|34|27|2020-9-11 2:7:32|1599813871i471100
ITEM: 力哎樊|gkrrua55|急斑狼 蝴(2603)|任务得到道具|6000|73|55|2020-9-11 2:8:19|1599815299i551100
ITEM: 力哎樊|gkrrua55|急斑狼 蝴(2603)|任务收回道具|41|34|27|2020-9-11 2:8:26|1599815299i551100
ITEM: 力哎樊|gkrrua55|厕狼 葛磊(2605)|任务得到道具|41|34|27|2020-9-11 2:8:26|1599815306i561100
ITEM: 力哎樊|gkrrua55|急斑狼 蝴(2603)|任务得到道具|6000|73|55|2020-9-11 2:8:33|1599815313i571100
ITEM: 力哎樊|gkrrua55|急斑狼 蝴(2603)|任务收回道具|41|34|27|2020-9-11 2:8:46|1599815313i571100
ITEM: 力哎樊|gkrrua55|厕狼 渴(2604)|任务得到道具|41|34|27|2020-9-11 2:8:46|1599815326i581100
ITEM: 力哎樊|gkrrua55|橇饭酒Lv1狼 傀绢6(1052)|Drop(酒捞袍滚覆)|41|34|27|2020-9-11 2:8:51|1599813476i401100
ITEM: 力哎樊|gkrrua55|狼侥狼 捧备(2418)|Drop(酒捞袍滚覆)|41|34|27|2020-9-11 2:8:53|1599811697i191100
ITEM: 力哎樊|gkrrua55|沥飞空狼 劝(2775)|Drop(酒捞袍滚覆)|41|35|29|2020-9-11 2:9:0|1599815164i531100
ITEM: 力哎樊|gkrrua55|钦己劝 8(5610)|Drop(酒捞袍滚覆)|41|35|29|2020-9-11 2:9:1|1599669546i11100
ITEM: 力哎樊|gkrrua55|巩力1狼 翠救瘤(2507)|任务得到道具|31701|8|6|2020-9-11 2:9:51|1599815391i591100
ITEM: 力哎樊|gkrrua55|巩力2狼 翠救瘤(2509)|任务得到道具|31702|42|43|2020-9-11 2:10:19|1599815419i601100
ITEM: 力哎樊|gkrrua55|巩力3狼 翠救瘤(2511)|任务得到道具|31703|26|42|2020-9-11 2:10:30|1599815430i611100
ITEM: 力哎樊|gkrrua55|巩力4狼 翠救瘤(2513)|任务得到道具|31704|39|22|2020-9-11 2:11:3|1599815463i621100
ITEM: 力哎樊|gkrrua55|巩力5狼 翠救瘤(2515)|任务得到道具|31705|17|41|2020-9-11 2:11:18|1599815478i631100
ITEM: 力哎樊|gkrrua55|巩力1狼 翠救瘤(2507)|任务收回道具|31705|25|22|2020-9-11 2:11:29|1599815391i591100
ITEM: 力哎樊|gkrrua55|巩力2狼 翠救瘤(2509)|任务收回道具|31705|25|22|2020-9-11 2:11:29|1599815419i601100
ITEM: 力哎樊|gkrrua55|巩力3狼 翠救瘤(2511)|任务收回道具|31705|25|22|2020-9-11 2:11:29|1599815430i611100
ITEM: 力哎樊|gkrrua55|巩力4狼 翠救瘤(2513)|任务收回道具|31705|25|22|2020-9-11 2:11:29|1599815463i621100
ITEM: 力哎樊|gkrrua55|巩力5狼 翠救瘤(2515)|任务收回道具|31705|25|22|2020-9-11 2:11:29|1599815478i631100
ITEM: 力哎樊|gkrrua55|瘤驱狼 搬沥(2517)|任务得到道具|31705|25|22|2020-9-11 2:11:29|1599815489i641100
ITEM: 力哎樊|gkrrua55|瘤驱狼 搬沥(2517)|任务收回道具|31706|19|5|2020-9-11 2:13:33|1599815489i641100
ITEM: 力哎樊|gkrrua55|扁肺胶狼 馆瘤(2520)|任务得到道具|31706|19|5|2020-9-11 2:13:33|1599815613i651100
ITEM: 力哎樊|gkrrua55|快府胶纳狼 祈瘤(2425)|任务得到道具|20401|14|11|2020-9-11 2:14:23|1599815663i661100
ITEM: 力哎樊|gkrrua55|崔嘎捞 采(2424)|任务得到道具|20404|43|14|2020-9-11 2:14:43|1599815683i671100
ITEM: 力哎樊|gkrrua55|快府胶纳狼 祈瘤(2425)|任务收回道具|20406|35|34|2020-9-11 2:14:56|1599815663i661100
ITEM: 力哎樊|gkrrua55|崔嘎捞 采(2424)|任务收回道具|20406|35|34|2020-9-11 2:14:56|1599815683i671100
ITEM: 力哎樊|gkrrua55|快府固狼 祈瘤(2426)|任务得到道具|20406|36|35|2020-9-11 2:14:59|1599815699i681100
ITEM: 力哎樊|gkrrua55|快府固狼 祈瘤(2426)|任务收回道具|20401|14|11|2020-9-11 2:15:12|1599815699i681100
ITEM: 力哎樊|gkrrua55|红玉的手环(1206)|任务得到道具|20401|14|11|2020-9-11 2:15:12|1599815712i691100
ITEM: 力哎樊|gkrrua55|靛贰帮 敲讽(2505)|任务得到道具|20801|12|63|2020-9-11 2:17:8|1599815828i701100
ITEM: 力哎樊|gkrrua55|脚加茄 侩狼 咯狼林(2457)|GM制作道具|20801|12|63|2020-9-11 2:17:44|1599815864i711100
ITEM: 力哎樊|gkrrua55|侩皑茄 侩狼 咯狼林(2458)|GM制作道具|20801|12|63|2020-9-11 2:17:47|1599815867i721100
ITEM: 力哎樊|gkrrua55|碍枚狼 侩狼 咯狼林(2459)|GM制作道具|20801|12|63|2020-9-11 2:17:49|1599815869i731100
ITEM: 力哎樊|gkrrua55|客服用加盾牌1攻(22509)|Drop(酒捞袍滚覆)|20801|12|63|2020-9-11 2:17:54|1599752251i51100
ITEM: 力哎樊|gkrrua55|饭靛 胶隔 池努府胶(1351)|Drop(酒捞袍滚覆)|20801|12|63|2020-9-11 2:18:4|1599814006i481100
ITEM: 力哎樊|gkrrua55|脚加茄 侩狼 咯狼林(2457)|任务收回道具|20807|23|7|2020-9-11 2:19:1|1599815864i711100
ITEM: 力哎樊|gkrrua55|侩皑茄 侩狼 咯狼林(2458)|任务收回道具|20807|23|7|2020-9-11 2:19:1|1599815867i721100
ITEM: 力哎樊|gkrrua55|碍枚狼 侩狼 咯狼林(2459)|任务收回道具|20807|23|7|2020-9-11 2:19:1|1599815869i731100
ITEM: 力哎樊|gkrrua55|靛贰帮 敲讽(2505)|任务收回道具|20807|23|7|2020-9-11 2:19:1|1599815828i701100
ITEM: 力哎樊|gkrrua55|侩狼芒(2460)|任务得到道具|20807|23|7|2020-9-11 2:19:1|1599815941i741100
ITEM: 力哎樊|gkrrua55|官官肺狼 倾啊刘(2536)|任务得到道具|31805|32|23|2020-9-11 2:20:9|1599816ITEM: 包快|jmycxc|钦己 馆瘤 3(10750)|GM删除道具|1000|85|94|2020-9-11 19:49:22|1599476366i01100
ITEM: 包快|jmycxc|捞惑茄 炼俺(2414)|GM删除道具|1000|85|94|2020-9-11 19:49:22|1599722427i11100
ITEM: 包快|jmycxc|窍靛 竣胶(50)|GM删除道具|1000|85|94|2020-9-11 19:49:22|1599767098i01100
ITEM: 包快|jmycxc|阿己力(300)(1531)|GM删除道具|1000|85|94|2020-9-11 19:49:22|1599830692i921100
ITEM: 包快|jmycxc|阿己力(300)(1531)|GM删除道具|1000|85|94|2020-9-11 19:49:22|1599830692i931100
ITEM: 包快|jmycxc|贝诺美斯Lv1斧头(1)|GM删除道具|1000|85|94|2020-9-11 19:49:22|1599876859i01100
