2021-03-31 00:08:04|hihoce|마루|파이어킹스드래곤호리병(40115)|1|6900|54400
2021-03-31 00:33:00|||경험치 구슬(교불)(100508)|1|3|5
2021-03-31 00:33:03|||경험치 구슬(교불)(100508)|1|3|2
2021-03-31 00:36:29|||돌북이호리병(40153)|1|15|36
2021-03-31 00:36:40|||경험치 구슬(교불)(100508)|1|3|6
2021-03-31 00:36:43|||경험치 구슬(교불)(100508)|1|3|3
2021-03-31 00:36:45|||경험치 구슬(교불)(100508)|1|3|0
2021-03-31 00:36:46|||돌북이호리병(40153)|1|15|36
2021-03-31 01:11:37|||갈푸스퀘 깃털(100130)|1|4|0
2021-03-31 01:11:42|||갈푸스퀘 깃털(100130)|1|4|0
2021-03-31 02:26:14|archon12|델피아|(-1)|1|0|0
2021-03-31 03:26:29|ghrn|호규맨|VIP페트뽑기박스(40196)|1|7900|100
2021-03-31 07:30:58|||페트초기화(25150)|1|8|79
2021-03-31 07:31:00|||페트초기화(25150)|1|8|71
2021-03-31 07:31:02|||페트초기화(25150)|1|8|63
2021-03-31 07:32:08|||페트초기화(25150)|1|8|55
2021-03-31 07:32:10|||페트초기화(25150)|1|8|47
2021-03-31 07:38:39|||페트초기화(25150)|1|8|109
2021-03-31 07:38:41|||페트초기화(25150)|1|8|101
2021-03-31 07:45:10|||경험치 구슬(교불)(100508)|1|5|96
2021-03-31 07:45:11|||경험치 구슬(교불)(100508)|1|5|91
2021-03-31 07:45:13|||경험치 구슬(교불)(100508)|1|5|86
2021-03-31 07:45:15|||경험치 구슬(교불)(100508)|1|5|81
2021-03-31 07:45:16|||경험치 구슬(교불)(100508)|1|5|76
2021-03-31 07:45:17|||경험치 구슬(교불)(100508)|1|5|71
2021-03-31 07:49:32|||페트초기화(25150)|1|8|39
2021-03-31 07:49:34|||페트초기화(25150)|1|8|31
2021-03-31 07:49:36|||페트초기화(25150)|1|8|23
2021-03-31 07:55:32|comic200|공|Lv4페트 통조림(46018)|1|5000|45800
2021-03-31 07:56:13|||경험치 구슬(교불)(100508)|1|5|123
2021-03-31 07:56:14|||경험치 구슬(교불)(100508)|1|5|118
2021-03-31 07:56:15|||경험치 구슬(교불)(100508)|1|5|113
2021-03-31 07:56:16|||경험치 구슬(교불)(100508)|1|5|108
2021-03-31 07:56:17|||경험치 구슬(교불)(100508)|1|5|103
2021-03-31 07:56:18|||경험치 구슬(교불)(100508)|1|5|98
2021-03-31 07:56:20|||경험치 구슬(교불)(100508)|1|5|93
2021-03-31 08:00:33|||얼성퀘 깃털(110001)|1|3|28
2021-03-31 08:01:36|||얼성퀘 깃털(110001)|1|3|29
2021-03-31 11:09:32|qusrud11|여포왕|레이드일반강화(40039)|1|1000|173800
2021-03-31 11:09:34|qusrud11|여포왕|레이드일반강화(40039)|1|1000|172800
2021-03-31 11:09:35|qusrud11|여포왕|레이드일반강화(40039)|1|1000|171800
2021-03-31 11:09:36|qusrud11|여포왕|레이드일반강화(40039)|1|1000|170800
2021-03-31 11:09:38|qusrud11|여포왕|레이드일반강화(40039)|1|1000|169800
2021-03-31 11:10:29|qusrud11|여포왕|고급강화(40040)|1|3000|166800
2021-03-31 11:14:17|qusrud11|여포왕|레이드일반강화(40039)|1|1000|165800
2021-03-31 11:14:18|qusrud11|여포왕|레이드일반강화(40039)|1|1000|164800
2021-03-31 11:14:19|qusrud11|여포왕|레이드일반강화(40039)|1|1000|163800
2021-03-31 11:14:20|qusrud11|여포왕|레이드일반강화(40039)|1|1000|162800
2021-03-31 11:14:21|qusrud11|여포왕|레이드일반강화(40039)|1|1000|161800
2021-03-31 11:15:36|qusrud11|여포왕|장인의강화(40054)|1|5000|156800
2021-03-31 11:15:57|qusrud11|여포왕|레이드일반강화(40039)|1|1000|155800
2021-03-31 11:15:59|qusrud11|여포왕|레이드일반강화(40039)|1|1000|154800
2021-03-31 11:16:00|qusrud11|여포왕|레이드일반강화(40039)|1|1000|153800
2021-03-31 11:16:01|qusrud11|여포왕|레이드일반강화(40039)|1|1000|152800
2021-03-31 11:16:01|qusrud11|여포왕|레이드일반강화(40039)|1|1000|151800
2021-03-31 11:16:02|qusrud11|여포왕|레이드일반강화(40039)|1|1000|150800
2021-03-31 11:16:03|qusrud11|여포왕|레이드일반강화(40039)|1|1000|149800
2021-03-31 11:16:04|qusrud11|여포왕|레이드일반강화(40039)|1|1000|148800
2021-03-31 11:17:16|qusrud11|여포왕|장인의강화(40054)|1|5000|143800
2021-03-31 11:18:02|qusrud11|여포왕|장인의강화(40054)|1|5000|138800
2021-03-31 11:18:03|qusrud11|여포왕|장인의강화(40054)|1|5000|133800
2021-03-31 11:18:32|qusrud11|여포왕|장인의강화(40054)|1|5000|128800
2021-03-31 11:18:33|qusrud11|여포왕|장인의강화(40054)|1|5000|123800
2021-03-31 11:23:23|qusrud11|여포왕|레이드일반강화(40039)|1|1000|122800
2021-03-31 11:23:24|qusrud11|여포왕|레이드일반강화(40039)|1|1000|121800
2021-03-31 11:23:25|qusrud11|여포왕|레이드일반강화(40039)|1|1000|120800
2021-03-31 11:23:25|qusrud11|여포왕|레이드일반강화(40039)|1|1000|119800
2021-03-31 11:23:26|qusrud11|여포왕|레이드일반강화(40039)|1|1000|118800
2021-03-31 11:23:52|qusrud11|여포왕|레이드일반강화(40039)|1|1000|117800
2021-03-31 11:23:53|qusrud11|여포왕|레이드일반강화(40039)|1|1000|116800
2021-03-31 11:23:54|qusrud11|여포왕|레이드일반강화(40039)|1|1000|115800
2021-03-31 11:23:55|qusrud11|여포왕|레이드일반강화(40039)|1|1000|114800
2021-03-31 11:24:05|qusrud11|여포왕|장인의강화(40054)|1|5000|109800
2021-03-31 11:25:12|qusrud11|여포왕|장인의강화(40054)|1|5000|104800
2021-03-31 11:25:14|qusrud11|여포왕|장인의강화(40054)|1|5000|99800
2021-03-31 11:25:47|qusrud11|여포왕|장인의강화(40054)|1|5000|94800
2021-03-31 11:25:48|qusrud11|여포왕|장인의강화(40054)|1|5000|89800
2021-03-31 11:39:16|||갈푸스퀘 깃털(100130)|1|4|32
2021-03-31 11:39:21|||갈푸스퀘 깃털(100130)|1|4|26
2021-03-31 11:42:31|qusrud11|여포왕|레이드일반강화(40039)|1|1000|88800
2021-03-31 11:42:33|qusrud11|여포왕|레이드일반강화(40039)|1|1000|87800
2021-03-31 11:42:43|qusrud11|여포왕|레이드일반강화(40039)|1|1000|86800
2021-03-31 11:42:49|qusrud11|여포왕|레이드일반강화(40039)|1|1000|85800
2021-03-31 11:43:01|qusrud11|여포왕|장인의강화(40054)|1|5000|80800
2021-03-31 11:43:02|||갈푸스퀘 깃털(100130)|1|4|28
2021-03-31 11:43:02|qusrud11|여포왕|장인의강화(40054)|1|5000|75800
2021-03-31 11:43:07|||갈푸스퀘 깃털(100130)|1|4|22
2021-03-31 11:43:14|qusrud11|여포왕|장인의강화(40054)|1|5000|70800
2021-03-31 11:43:15|qusrud11|여포왕|장인의강화(40054)|1|5000|65800
2021-03-31 11:43:59|qusrud11|여포왕|레이드일반강화(40039)|1|1000|64800
2021-03-31 11:44:06|qusrud11|여포왕|레이드일반강화(40039)|1|1000|63800
2021-03-31 11:47:13|||갈푸스퀘 깃털(100130)|1|4|24
2021-03-31 11:47:24|||갈푸스퀘 깃털(100130)|1|4|18
2021-03-31 11:51:17|||갈푸스퀘 깃털(100130)|1|4|20
2021-03-31 11:51:20|||갈푸스퀘 깃털(100130)|1|4|14
2021-03-31 11:52:18|||갈푸스퀘 깃털(100130)|1|4|106
2021-03-31 11:52:20|||갈푸스퀘 깃털(100130)|1|4|26
2021-03-31 11:52:47|||갈푸스퀘 깃털(100130)|1|4|67
2021-03-31 11:52:53|||갈푸스퀘 깃털(100130)|1|4|67
2021-03-31 11:56:33|||갈푸스퀘 깃털(100130)|1|4|102
2021-03-31 13:51:52|||모가로스호리병(40160)|1|15|5
2021-03-31 13:51:54|||모가로스호리병(40160)|1|15|9
2021-03-31 14:25:04|||경험치 구슬(교불)(100508)|1|5|13
2021-03-31 14:25:05|||경험치 구슬(교불)(100508)|1|5|8
2021-03-31 14:25:06|||경험치 구슬(교불)(100508)|1|5|3
2021-03-31 14:25:19|||경험치 구슬(교불)(100508)|1|3|65
2021-03-31 15:01:23|comic200|공|VIP페트뽑기박스(40196)|1|7900|37900
2021-03-31 15:01:25|comic200|공|VIP페트뽑기박스(40196)|1|7900|30000
2021-03-31 18:16:44|||페트초기화(25150)|1|8|98
2021-03-31 18:16:45|||페트초기화(25150)|1|8|90
2021-03-31 18:16:47|||페트초기화(25150)|1|8|82
2021-03-31 18:16:48|||페트초기화(25150)|1|8|74
2021-03-31 18:16:49|||페트초기화(25150)|1|8|66
2021-03-31 18:17:29|||경험치 구슬(교불)(100508)|1|5|77
2021-03-31 18:17:30|||경험치 구슬(교불)(100508)|1|5|72
2021-03-31 18:17:32|||경험치 구슬(교불)(100508)|1|5|67
2021-03-31 18:17:33|||경험치 구슬(교불)(100508)|1|5|62
2021-03-31 18:17:34|||경험치 구슬(교불)(100508)|1|5|57
2021-03-31 18:17:35|||경험치 구슬(교불)(100508)|1|5|52
2021-03-31 18:17:37|||경험치 구슬(교불)(100508)|1|5|47
2021-03-31 18:17:38|||경험치 구슬(교불)(100508)|1|5|42
2021-03-31 18:17:53|||경험치 구슬(교불)(100508)|1|5|102
2021-03-31 18:17:55|||경험치 구슬(교불)(100508)|1|5|97
2021-03-31 18:17:56|||경험치 구슬(교불)(100508)|1|5|92
2021-03-31 18:17:57|||경험치 구슬(교불)(100508)|1|5|87
2021-03-31 18:17:58|||경험치 구슬(교불)(100508)|1|5|82
2021-03-31 18:18:07|||경험치 구슬(교불)(100508)|1|5|77
2021-03-31 18:18:08|||경험치 구슬(교불)(100508)|1|5|72
2021-03-31 18:18:09|||경험치 구슬(교불)(100508)|1|5|67
2021-03-31 18:18:12|||경험치 구슬(교불)(100508)|1|5|62
2021-03-31 18:22:53|||모가로스호리병(40160)|1|15|2
2021-03-31 18:29:06|qusrud11|여포왕|레이드일반강화(40039)|1|1000|62800
2021-03-31 18:29:07|qusrud11|여포왕|레이드일반강화(40039)|1|1000|61800
2021-03-31 18:29:08|qusrud11|여포왕|레이드일반강화(40039)|1|1000|60800
2021-03-31 18:29:09|qusrud11|여포왕|레이드일반강화(40039)|1|1000|59800
2021-03-31 18:29:10|qusrud11|여포왕|레이드일반강화(40039)|1|1000|58800
2021-03-31 18:29:11|qusrud11|여포왕|레이드일반강화(40039)|1|1000|57800
2021-03-31 18:29:13|qusrud11|여포왕|레이드일반강화(40039)|1|1000|56800
2021-03-31 18:30:11|qusrud11|여포왕|장인의강화(40054)|1|5000|51800
2021-03-31 18:30:45|qusrud11|여포왕|장인의강화(40054)|1|5000|46800
2021-03-31 18:30:46|qusrud11|여포왕|장인의강화(40054)|1|5000|41800
2021-03-31 19:21:23|||갈푸스퀘 깃털(100130)|1|4|67
2021-03-31 19:21:30|||갈푸스퀘 깃털(100130)|1|4|64
2021-03-31 19:27:11|||갈푸스퀘 깃털(100130)|1|4|63
2021-03-31 19:27:13|||갈푸스퀘 깃털(100130)|1|4|59
2021-03-31 19:27:14|||갈푸스퀘 깃털(100130)|1|4|55
2021-03-31 19:27:15|||갈푸스퀘 깃털(100130)|1|4|51
2021-03-31 19:27:18|||갈푸스퀘 깃털(100130)|1|4|60
2021-03-31 19:27:18|||갈푸스퀘 깃털(100130)|1|4|56
2021-03-31 19:27:19|||갈푸스퀘 깃털(100130)|1|4|52
2021-03-31 19:27:20|||갈푸스퀘 깃털(100130)|1|4|48
2021-03-31 19:43:20|||갈푸스퀘 깃털(100130)|1|4|25
2021-03-31 19:46:41|||갈푸스퀘 깃털(100130)|1|4|21
2021-03-31 19:52:55|||갈푸스퀘 깃털(100130)|1|4|47
2021-03-31 19:52:56|||갈푸스퀘 깃털(100130)|1|4|43
2021-03-31 19:53:14|||갈푸스퀘 깃털(100130)|1|4|44
2021-03-31 19:53:15|||갈푸스퀘 깃털(100130)|1|4|40
2021-03-31 20:22:36|||경험치 구슬(교불)(100508)|1|5|9
2021-03-31 20:22:38|||경험치 구슬(교불)(100508)|1|5|4
2021-03-31 21:19:39|homework13|오만의죄|3회창(94001)|1|30000|20700
2021-03-31 21:28:10|comic200|공|진화열매(45009)|1|15000|15000
2021-03-31 21:28:15|comic200|공|Lv4페트 통조림(46018)|1|5000|10000
2021-03-31 23:38:14|ds0516|피맛|(-1)|1|0|0
