2021-03-08 00:00:26|yy1212|연두|페가수스호리병(40141)|1|6900|473400
2021-03-08 00:00:44|yy1212|연두|페가수스호리병(40141)|1|6900|466500
2021-03-08 00:03:35|yy1212|연두|페가수스호리병(40141)|1|6900|459600
2021-03-08 00:03:37|yy1212|연두|페가수스호리병(40141)|1|6900|452700
2021-03-08 00:03:38|yy1212|연두|페가수스호리병(40141)|1|6900|445800
2021-03-08 00:06:50|yy1212|연두|페트초기화5개(25152)|1|4000|441800
2021-03-08 00:06:51|yy1212|연두|페트초기화5개(25152)|1|4000|437800
2021-03-08 00:06:52|yy1212|연두|페트초기화5개(25152)|1|4000|433800
2021-03-08 00:18:11|jis871125|루피|페가수스호리병(40141)|1|6900|138700
2021-03-08 00:18:13|jis871125|루피|페가수스호리병(40141)|1|6900|131800
2021-03-08 00:18:14|jis871125|루피|페가수스호리병(40141)|1|6900|124900
2021-03-08 00:18:16|jis871125|루피|페가수스호리병(40141)|1|6900|118000
2021-03-08 01:46:49|destop123|짱구|(-1)|1|0|2600
2021-03-08 11:12:52|jis871125|루피|황금자루(25151)|1|15000|103000
2021-03-08 11:12:54|jis871125|루피|황금자루(25151)|1|15000|88000
2021-03-08 11:13:24|jis871125|루피|악몽의성세트(47004)|1|60000|28000
2021-03-08 11:19:44|jis871125|루피|경험치 구슬(100507)|1|2000|526000
2021-03-08 11:20:14|jis871125|루피|페트초기화5개(25152)|1|4000|522000
2021-03-08 11:20:17|jis871125|루피|페트초기화5개(25152)|1|4000|518000
2021-03-08 11:20:18|jis871125|루피|페트초기화5개(25152)|1|4000|514000
2021-03-08 11:23:47|jis871125|루피|기린호리병(40144)|1|6900|507100
2021-03-08 11:23:48|jis871125|루피|기린호리병(40144)|1|6900|500200
2021-03-08 11:23:49|jis871125|루피|기린호리병(40144)|1|6900|493300
2021-03-08 11:23:51|jis871125|루피|기린호리병(40144)|1|6900|486400
2021-03-08 11:23:52|jis871125|루피|기린호리병(40144)|1|6900|479500
2021-03-08 11:31:58|jis871125|루피|페트초기화5개(25152)|1|4000|475500
2021-03-08 11:31:59|jis871125|루피|페트초기화5개(25152)|1|4000|471500
2021-03-08 11:32:00|jis871125|루피|페트초기화5개(25152)|1|4000|467500
2021-03-08 11:53:41|qusrud11|여포왕|울보소녀 상자(22119)|1|6900|100
2021-03-08 12:17:00|qusrud11|여포왕|아이스만모호리병(40146)|1|6900|93200
2021-03-08 12:20:20|janginsub|깡북이|아이스만모호리병(40146)|1|6900|465100
2021-03-08 12:22:24|janginsub|깡북이|울보소녀 상자(22119)|1|6900|458200
2021-03-08 12:24:37|janginsub|깡북이|울보소녀 상자(22119)|1|6900|451300
2021-03-08 12:29:19|janginsub|깡북이|바우트호리병(40138)|1|6900|444400
2021-03-08 12:30:05|janginsub|깡북이|바우트호리병(40138)|1|6900|437500
2021-03-08 12:35:22|janginsub|깡북이|바우트호리병(40138)|1|6900|430600
2021-03-08 12:36:21|janginsub|깡북이|사자소년 상자(22118)|1|6900|423700
2021-03-08 12:36:46|janginsub|깡북이|정글소녀 상자(22120)|1|6900|416800
2021-03-08 12:36:47|janginsub|깡북이|바람소년 상자(22121)|1|6900|409900
2021-03-08 12:36:49|janginsub|깡북이|툰가 상자(22122)|1|4900|405000
2021-03-08 12:36:50|janginsub|깡북이|산적 상자(22123)|1|4900|400100
2021-03-08 12:51:04|janginsub|깡북이|울보소녀 상자(22119)|1|6900|393200
2021-03-08 12:57:38|jis871125|루피|경험치 구슬(100507)|1|2000|465500
2021-03-08 13:28:06|janginsub|깡북이|울보소녀 상자(22119)|1|6900|386300
2021-03-08 13:29:15|janginsub|깡북이|울보소녀 상자(22119)|1|6900|379400
2021-03-08 13:29:23|janginsub|깡북이|울보소녀 상자(22119)|1|6900|372500
2021-03-08 13:29:35|janginsub|깡북이|울보소녀 상자(22119)|1|6900|365600
2021-03-08 13:29:36|janginsub|깡북이|울보소녀 상자(22119)|1|6900|358700
2021-03-08 13:29:38|janginsub|깡북이|울보소녀 상자(22119)|1|6900|351800
2021-03-08 13:30:35|qusrud11|여포왕|100만스톤 수표(100041)|1|1000|102200
2021-03-08 13:35:26|qusrud11|여포왕|샤우트호리병(40139)|1|6900|95300
2021-03-08 14:03:42|jis871125|루피|경험치 구슬(100507)|1|2000|463500
2021-03-08 14:27:04|jis871125|루피|메탈사로레전드호리병(40121)|1|6900|456600
2021-03-08 14:27:05|jis871125|루피|메탈사로레전드호리병(40121)|1|6900|449700
2021-03-08 14:27:07|jis871125|루피|메탈사로레전드호리병(40121)|1|6900|442800
2021-03-08 14:27:08|jis871125|루피|메탈사로레전드호리병(40121)|1|6900|435900
2021-03-08 14:28:43|rlatn123|CEIM|레피온호리병(40148)|1|6900|4100
2021-03-08 14:33:05|rlatn123|CEIM|페트초기화5개(25152)|1|4000|100
2021-03-08 14:43:54|qusrud11|여포왕|100만스톤 수표(100041)|1|1000|94300
2021-03-08 14:47:18|jis871125|루피|경험치 구슬(100507)|1|2000|433900
2021-03-08 14:52:00|jis871125|루피|현무호리병(40117)|1|6900|427000
2021-03-08 14:52:00|jis871125|루피|현무호리병(40117)|1|6900|420100
2021-03-08 14:52:01|jis871125|루피|현무호리병(40117)|1|6900|413200
2021-03-08 14:52:02|jis871125|루피|현무호리병(40117)|1|6900|406300
2021-03-08 14:59:24|jis871125|루피|페트초기화5개(25152)|1|4000|402300
2021-03-08 14:59:25|jis871125|루피|페트초기화5개(25152)|1|4000|398300
2021-03-08 14:59:28|jis871125|루피|페트초기화5개(25152)|1|4000|394300
2021-03-08 14:59:29|jis871125|루피|페트초기화5개(25152)|1|4000|390300
2021-03-08 15:03:41|jis871125|루피|고로호리병(40122)|1|6900|383400
2021-03-08 15:03:42|jis871125|루피|고로호리병(40122)|1|6900|376500
2021-03-08 15:03:43|jis871125|루피|고로호리병(40122)|1|6900|369600
2021-03-08 15:07:03|qusrud11|여포왕|카가로스호리병(40110)|1|6900|87400
2021-03-08 15:08:23|qusrud11|여포왕|페트초기화5개(25152)|1|4000|83400
2021-03-08 15:23:04|qusrud11|여포왕|페트초기화5개(25152)|1|4000|79400
2021-03-08 15:26:08|jis871125|루피|경험치 구슬(100507)|1|2000|367600
2021-03-08 15:26:09|jis871125|루피|경험치 구슬(100507)|1|2000|365600
2021-03-08 15:28:15|qusrud11|여포왕|파이어킹스드래곤호리병(40115)|1|6900|72500
2021-03-08 15:44:05|jis871125|루피|Lv4페트 통조림(46018)|1|5000|360600
2021-03-08 16:02:52|qusrud11|여포왕|아이스드래곤호리병(40113)|1|6900|65600
2021-03-08 16:03:15|qusrud11|여포왕|페트초기화5개(25152)|1|4000|61600
2021-03-08 16:42:38|jis8711255|핸콕|샤크론호리병(40133)|1|6900|493100
2021-03-08 16:43:47|jis8711255|핸콕|100만스톤 수표(100041)|1|1000|492100
2021-03-08 17:06:46|yy1212|연두|경험치 구슬(100507)|1|2000|431800
2021-03-08 17:06:47|yy1212|연두|경험치 구슬(100507)|1|2000|429800
2021-03-08 17:06:48|yy1212|연두|경험치 구슬(100507)|1|2000|427800
2021-03-08 17:06:50|yy1212|연두|경험치 구슬(100507)|1|2000|425800
2021-03-08 17:06:51|yy1212|연두|경험치 구슬(100507)|1|2000|423800
2021-03-08 17:06:53|yy1212|연두|경험치 구슬(100507)|1|2000|421800
2021-03-08 17:07:09|yy1212|연두|심연의바다세트(47005)|1|60000|361800
2021-03-08 18:07:42|yy1212|연두|펜리호리병(40124)|1|6900|354900
2021-03-08 18:15:49|jis8711255|핸콕|심연의바다세트(47005)|1|60000|432100
2021-03-08 18:18:32|jis8711255|핸콕|경험치 구슬(100507)|1|2000|430100
2021-03-08 18:18:34|jis8711255|핸콕|경험치 구슬(100507)|1|2000|428100
2021-03-08 18:20:29|jis871125|루피|3회창(94001)|1|30000|330600
2021-03-08 18:22:05|jis8711255|핸콕|아이스드래곤호리병(40113)|1|6900|421200
2021-03-08 18:22:18|yy1212|연두|파이어킹스드래곤호리병(40115)|1|6900|348000
2021-03-08 18:23:14|yy1212|연두|크로톤호리병(40137)|1|6900|341100
2021-03-08 18:24:34|yy1212|연두|악몽의성세트(47004)|1|60000|281100
2021-03-08 18:24:43|yy1212|연두|황금자루(25151)|1|15000|266100
2021-03-08 18:24:44|yy1212|연두|황금자루(25151)|1|15000|251100
2021-03-08 18:25:10|yy1212|연두|3회창(94001)|1|30000|221100
2021-03-08 18:26:39|yy1212|연두|정글소녀 상자(22120)|1|6900|214200
2021-03-08 18:27:55|yy1212|연두|레피온호리병(40148)|1|6900|207300
2021-03-08 18:29:21|janginsub|깡북이|경험치 구슬(100507)|1|2000|349800
2021-03-08 18:29:32|janginsub|깡북이|경험치 구슬(100507)|1|2000|347800
2021-03-08 20:43:53|jis871125|루피|아스타로호리병(40149)|1|6900|323700
2021-03-08 20:46:02|jis871125|루피|샤크론호리병(40133)|1|6900|316800
2021-03-08 20:46:04|jis871125|루피|샤크론호리병(40133)|1|6900|309900
2021-03-08 20:46:05|jis871125|루피|샤크론호리병(40133)|1|6900|303000
2021-03-08 20:46:51|jis871125|루피|페트초기화5개(25152)|1|4000|299000
2021-03-08 20:46:52|jis871125|루피|페트초기화5개(25152)|1|4000|295000
2021-03-08 20:46:53|jis871125|루피|페트초기화5개(25152)|1|4000|291000
2021-03-08 20:49:26|jis871125|루피|샤크론호리병(40133)|1|6900|284100
2021-03-08 20:49:28|jis871125|루피|샤크론호리병(40133)|1|6900|277200
2021-03-08 20:52:11|jis8711255|핸콕|경험치 구슬(100507)|1|2000|419200
2021-03-08 21:33:27|kyk9698|파랑|경험치 구슬(100507)|1|2000|48000
2021-03-08 21:33:28|kyk9698|파랑|경험치 구슬(100507)|1|2000|46000
2021-03-08 21:33:29|kyk9698|파랑|경험치 구슬(100507)|1|2000|44000
2021-03-08 21:33:30|kyk9698|파랑|경험치 구슬(100507)|1|2000|42000
2021-03-08 21:33:31|kyk9698|파랑|경험치 구슬(100507)|1|2000|40000
2021-03-08 23:08:49|jis8711255|핸콕|Lv4페트 통조림(46018)|1|5000|414200
