2021-03-17 00:00:36|yy1212|연두|500만스톤 수표(100045)|1|4000|454800
2021-03-17 00:00:37|yy1212|연두|500만스톤 수표(100045)|1|4000|450800
2021-03-17 00:00:38|yy1212|연두|500만스톤 수표(100045)|1|4000|446800
2021-03-17 00:00:39|yy1212|연두|500만스톤 수표(100045)|1|4000|442800
2021-03-17 00:00:41|yy1212|연두|500만스톤 수표(100045)|1|4000|438800
2021-03-17 00:00:42|yy1212|연두|500만스톤 수표(100045)|1|4000|434800
2021-03-17 00:00:44|yy1212|연두|500만스톤 수표(100045)|1|4000|430800
2021-03-17 00:00:44|yy1212|연두|500만스톤 수표(100045)|1|4000|426800
2021-03-17 00:00:45|yy1212|연두|500만스톤 수표(100045)|1|4000|422800
2021-03-17 00:00:57|yy1212|연두|500만스톤 수표(100045)|1|4000|418800
2021-03-17 00:01:06|kyk9698|파랑|500만스톤 수표(100045)|1|4000|8900
2021-03-17 00:01:07|kyk9698|파랑|500만스톤 수표(100045)|1|4000|4900
2021-03-17 00:01:08|kyk9698|파랑|500만스톤 수표(100045)|1|4000|900
2021-03-17 00:01:28|janginsub|깡북이|500만스톤 수표(100045)|1|4000|749800
2021-03-17 00:01:28|lkl8611|돌북이|500만스톤 수표(100045)|1|4000|181403
2021-03-17 00:01:29|janginsub|깡북이|500만스톤 수표(100045)|1|4000|745800
2021-03-17 00:02:21|kyk9698|파랑|500만스톤 수표(100045)|1|4000|496900
2021-03-17 00:02:22|kyk9698|파랑|500만스톤 수표(100045)|1|4000|492900
2021-03-17 00:02:23|kyk9698|파랑|500만스톤 수표(100045)|1|4000|488900
2021-03-17 00:02:25|kyk9698|파랑|500만스톤 수표(100045)|1|4000|484900
2021-03-17 00:02:26|kyk9698|파랑|500만스톤 수표(100045)|1|4000|480900
2021-03-17 00:02:27|kyk9698|파랑|500만스톤 수표(100045)|1|4000|476900
2021-03-17 00:02:28|kyk9698|파랑|500만스톤 수표(100045)|1|4000|472900
2021-03-17 00:32:35|janginsub|깡북이|맘모스쿠폰(40050)|1|4900|740900
2021-03-17 00:32:36|janginsub|깡북이|맘모스쿠폰(40050)|1|4900|736000
2021-03-17 00:32:37|janginsub|깡북이|맘모스쿠폰(40050)|1|4900|731100
2021-03-17 00:32:38|janginsub|깡북이|맘모스쿠폰(40050)|1|4900|726200
2021-03-17 00:32:40|janginsub|깡북이|맘모스쿠폰(40050)|1|4900|721300
2021-03-17 00:32:41|janginsub|깡북이|맘모스쿠폰(40050)|1|4900|716400
2021-03-17 00:32:42|janginsub|깡북이|맘모스쿠폰(40050)|1|4900|711500
2021-03-17 00:32:45|kk1212|노북이|맘모스쿠폰(40050)|1|4900|4730773
2021-03-17 00:33:30|lkl8611|돌북이|맘모스쿠폰(40050)|1|4900|176503
2021-03-17 00:38:28|janginsub|깡북이|해치호리병(40112)|1|6900|704600
2021-03-17 00:40:06|janginsub|깡북이|진화열매(45009)|1|15000|689600
2021-03-17 00:41:21|janginsub|깡북이|진화열매(45009)|1|15000|674600
2021-03-17 00:44:39|janginsub|깡북이|진화열매(45009)|1|15000|659600
2021-03-17 00:47:56|janginsub|깡북이|진화열매(45009)|1|15000|644600
2021-03-17 00:57:05|janginsub|깡북이|맘모스쿠폰(40050)|1|4900|639700
2021-03-17 00:57:07|janginsub|깡북이|맘모스쿠폰(40050)|1|4900|634800
2021-03-17 00:57:08|janginsub|깡북이|맘모스쿠폰(40050)|1|4900|629900
2021-03-17 00:57:09|janginsub|깡북이|맘모스쿠폰(40050)|1|4900|625000
2021-03-17 00:57:09|janginsub|깡북이|맘모스쿠폰(40050)|1|4900|620100
2021-03-17 00:57:11|janginsub|깡북이|맘모스쿠폰(40050)|1|4900|615200
2021-03-17 00:57:12|janginsub|깡북이|맘모스쿠폰(40050)|1|4900|610300
2021-03-17 00:57:13|janginsub|깡북이|맘모스쿠폰(40050)|1|4900|605400
2021-03-17 00:57:14|janginsub|깡북이|맘모스쿠폰(40050)|1|4900|600500
2021-03-17 00:57:16|janginsub|깡북이|맘모스쿠폰(40050)|1|4900|595600
2021-03-17 00:59:11|janginsub|깡북이|맘모스쿠폰(40050)|1|4900|590700
2021-03-17 00:59:12|janginsub|깡북이|맘모스쿠폰(40050)|1|4900|585800
2021-03-17 00:59:13|janginsub|깡북이|맘모스쿠폰(40050)|1|4900|580900
2021-03-17 00:59:14|janginsub|깡북이|맘모스쿠폰(40050)|1|4900|576000
2021-03-17 00:59:16|janginsub|깡북이|맘모스쿠폰(40050)|1|4900|571100
2021-03-17 01:00:02|janginsub|깡북이|맘모스쿠폰(40050)|1|4900|566200
2021-03-17 01:00:03|janginsub|깡북이|맘모스쿠폰(40050)|1|4900|561300
2021-03-17 01:00:04|janginsub|깡북이|맘모스쿠폰(40050)|1|4900|556400
2021-03-17 01:00:06|janginsub|깡북이|맘모스쿠폰(40050)|1|4900|551500
2021-03-17 01:00:07|janginsub|깡북이|맘모스쿠폰(40050)|1|4900|546600
2021-03-17 01:00:08|janginsub|깡북이|맘모스쿠폰(40050)|1|4900|541700
2021-03-17 01:00:09|janginsub|깡북이|맘모스쿠폰(40050)|1|4900|536800
2021-03-17 01:00:10|janginsub|깡북이|맘모스쿠폰(40050)|1|4900|531900
2021-03-17 01:00:11|janginsub|깡북이|맘모스쿠폰(40050)|1|4900|527000
2021-03-17 01:00:12|janginsub|깡북이|맘모스쿠폰(40050)|1|4900|522100
2021-03-17 01:01:07|janginsub|깡북이|맘모스쿠폰(40050)|1|4900|517200
2021-03-17 01:01:09|janginsub|깡북이|맘모스쿠폰(40050)|1|4900|512300
2021-03-17 01:01:09|janginsub|깡북이|맘모스쿠폰(40050)|1|4900|507400
2021-03-17 01:01:11|janginsub|깡북이|맘모스쿠폰(40050)|1|4900|502500
2021-03-17 01:01:12|janginsub|깡북이|맘모스쿠폰(40050)|1|4900|497600
2021-03-17 01:01:13|janginsub|깡북이|맘모스쿠폰(40050)|1|4900|492700
2021-03-17 01:01:14|janginsub|깡북이|맘모스쿠폰(40050)|1|4900|487800
2021-03-17 01:01:15|janginsub|깡북이|맘모스쿠폰(40050)|1|4900|482900
2021-03-17 01:01:16|janginsub|깡북이|맘모스쿠폰(40050)|1|4900|478000
2021-03-17 01:01:17|janginsub|깡북이|맘모스쿠폰(40050)|1|4900|473100
2021-03-17 01:01:18|janginsub|깡북이|맘모스쿠폰(40050)|1|4900|468200
2021-03-17 01:01:44|kk1212|노북이|맘모스쿠폰(40050)|1|4900|4725873
2021-03-17 01:01:46|kk1212|노북이|맘모스쿠폰(40050)|1|4900|4720973
2021-03-17 01:01:47|kk1212|노북이|맘모스쿠폰(40050)|1|4900|4716073
2021-03-17 01:01:48|kk1212|노북이|맘모스쿠폰(40050)|1|4900|4711173
2021-03-17 01:01:49|kk1212|노북이|맘모스쿠폰(40050)|1|4900|4706273
2021-03-17 01:01:50|kk1212|노북이|맘모스쿠폰(40050)|1|4900|4701373
2021-03-17 01:01:51|kk1212|노북이|맘모스쿠폰(40050)|1|4900|4696473
2021-03-17 01:01:53|kk1212|노북이|맘모스쿠폰(40050)|1|4900|4691573
2021-03-17 01:01:54|kk1212|노북이|맘모스쿠폰(40050)|1|4900|4686673
2021-03-17 01:01:56|kk1212|노북이|맘모스쿠폰(40050)|1|4900|4681773
2021-03-17 01:01:57|kk1212|노북이|맘모스쿠폰(40050)|1|4900|4676873
2021-03-17 01:01:58|kk1212|노북이|맘모스쿠폰(40050)|1|4900|4671973
2021-03-17 01:03:40|janginsub|깡북이|맘모스쿠폰(40050)|1|4900|463300
2021-03-17 01:03:42|janginsub|깡북이|맘모스쿠폰(40050)|1|4900|458400
2021-03-17 01:03:43|janginsub|깡북이|맘모스쿠폰(40050)|1|4900|453500
2021-03-17 01:03:44|janginsub|깡북이|맘모스쿠폰(40050)|1|4900|448600
2021-03-17 01:03:45|janginsub|깡북이|맘모스쿠폰(40050)|1|4900|443700
2021-03-17 01:22:44|lkl8611|돌북이|(-1)|1|0|176503
2021-03-17 01:23:04|lkl8611|돌북이|회복술 통조림(46021)|1|8000|168503
2021-03-17 01:23:05|lkl8611|돌북이|무지개 통조림(46022)|1|8000|160503
2021-03-17 01:24:49|lkl8611|돌북이|회복술 통조림(46021)|1|8000|152503
2021-03-17 01:31:54|||(45151)|1|15|53
2021-03-17 01:33:52|yy1212|연두|맘모스쿠폰(40050)|1|4900|413900
2021-03-17 01:33:53|yy1212|연두|맘모스쿠폰(40050)|1|4900|409000
2021-03-17 01:33:54|yy1212|연두|맘모스쿠폰(40050)|1|4900|404100
2021-03-17 01:33:56|yy1212|연두|맘모스쿠폰(40050)|1|4900|399200
2021-03-17 01:33:57|yy1212|연두|맘모스쿠폰(40050)|1|4900|394300
2021-03-17 01:33:58|yy1212|연두|맘모스쿠폰(40050)|1|4900|389400
2021-03-17 01:33:59|yy1212|연두|맘모스쿠폰(40050)|1|4900|384500
2021-03-17 01:34:00|yy1212|연두|맘모스쿠폰(40050)|1|4900|379600
2021-03-17 01:34:02|yy1212|연두|맘모스쿠폰(40050)|1|4900|374700
2021-03-17 01:34:03|yy1212|연두|맘모스쿠폰(40050)|1|4900|369800
2021-03-17 01:34:12|kyk9698|파랑|맘모스쿠폰(40050)|1|4900|468000
2021-03-17 01:34:13|kyk9698|파랑|맘모스쿠폰(40050)|1|4900|463100
2021-03-17 01:34:15|kyk9698|파랑|맘모스쿠폰(40050)|1|4900|458200
2021-03-17 01:34:16|kyk9698|파랑|맘모스쿠폰(40050)|1|4900|453300
2021-03-17 01:34:17|kyk9698|파랑|맘모스쿠폰(40050)|1|4900|448400
2021-03-17 01:34:18|kyk9698|파랑|맘모스쿠폰(40050)|1|4900|443500
2021-03-17 01:34:19|kyk9698|파랑|맘모스쿠폰(40050)|1|4900|438600
2021-03-17 01:34:21|kyk9698|파랑|맘모스쿠폰(40050)|1|4900|433700
2021-03-17 01:34:22|kyk9698|파랑|맘모스쿠폰(40050)|1|4900|428800
2021-03-17 01:34:23|kyk9698|파랑|맘모스쿠폰(40050)|1|4900|423900
2021-03-17 01:36:45|jis8711255|핸콕|맘모스쿠폰(40050)|1|4900|1128900
2021-03-17 01:36:47|jis8711255|핸콕|맘모스쿠폰(40050)|1|4900|1124000
2021-03-17 01:36:48|jis8711255|핸콕|맘모스쿠폰(40050)|1|4900|1119100
2021-03-17 01:36:49|jis8711255|핸콕|맘모스쿠폰(40050)|1|4900|1114200
2021-03-17 01:36:50|jis8711255|핸콕|맘모스쿠폰(40050)|1|4900|1109300
2021-03-17 01:36:59|kby6325|오르곤|맘모스쿠폰(40050)|1|4900|6900
2021-03-17 01:37:01|kby6325|오르곤|맘모스쿠폰(40050)|1|4900|2000
2021-03-17 01:44:45|axz0164|니니즈|맘모스쿠폰(40050)|1|4900|100
2021-03-17 01:45:39|kyk9698|파랑|Lv4페트 통조림(46018)|1|5000|418900
2021-03-17 01:46:00|yy1212|연두|Lv4페트 통조림(46018)|1|5000|364800
2021-03-17 01:55:27|jis8711255|핸콕|장인의강화(40054)|1|5000|1104300
2021-03-17 01:55:29|jis8711255|핸콕|장인의강화(40054)|1|5000|1099300
2021-03-17 02:30:13|yy1212|연두|진화열매(45009)|1|15000|349800
2021-03-17 03:04:15|yy1212|연두|진화열매(45009)|1|15000|334800
2021-03-17 03:04:16|yy1212|연두|진화열매(45009)|1|15000|319800
2021-03-17 03:29:29|jis8711255|핸콕|울보소녀 상자(22119)|1|6900|1092400
2021-03-17 03:38:07|jis871125|루피|바람소년 상자(22121)|1|6900|1496100
2021-03-17 04:09:15|||경험치 구슬(교불)(100508)|1|5|14
2021-03-17 05:41:17|cm900|유혹|맘모스쿠폰(40050)|1|4900|5100
2021-03-17 05:41:20|cm900|유혹|맘모스쿠폰(40050)|1|4900|200
2021-03-17 07:04:16|||하드불성클리어상자(40160)|1|15|7
2021-03-17 07:04:58|qusrud11|여포왕|맘모스쿠폰(40050)|1|4900|56900
2021-03-17 07:04:59|qusrud11|여포왕|맘모스쿠폰(40050)|1|4900|52000
2021-03-17 07:05:51|qusrud11|여포왕|맘모스쿠폰(40050)|1|4900|47100
2021-03-17 07:05:52|qusrud11|여포왕|맘모스쿠폰(40050)|1|4900|42200
2021-03-17 07:05:53|qusrud11|여포왕|맘모스쿠폰(40050)|1|4900|37300
2021-03-17 07:05:54|qusrud11|여포왕|맘모스쿠폰(40050)|1|4900|32400
2021-03-17 07:05:55|qusrud11|여포왕|맘모스쿠폰(40050)|1|4900|27500
2021-03-17 07:08:39|qusrud11|여포왕|맘모스쿠폰(40050)|1|4900|22600
2021-03-17 07:08:40|qusrud11|여포왕|맘모스쿠폰(40050)|1|4900|17700
2021-03-17 07:08:42|qusrud11|여포왕|맘모스쿠폰(40050)|1|4900|12800
2021-03-17 07:08:42|qusrud11|여포왕|맘모스쿠폰(40050)|1|4900|7900
2021-03-17 07:08:43|qusrud11|여포왕|맘모스쿠폰(40050)|1|4900|3000
2021-03-17 10:33:47|qusrud11|여포왕|맘모스쿠폰(40050)|1|4900|498100
2021-03-17 10:33:49|qusrud11|여포왕|맘모스쿠폰(40050)|1|4900|493200
2021-03-17 10:33:50|qusrud11|여포왕|맘모스쿠폰(40050)|1|4900|488300
2021-03-17 10:33:51|qusrud11|여포왕|맘모스쿠폰(40050)|1|4900|483400
2021-03-17 10:33:52|qusrud11|여포왕|맘모스쿠폰(40050)|1|4900|478500
2021-03-17 10:33:53|qusrud11|여포왕|맘모스쿠폰(40050)|1|4900|473600
2021-03-17 10:33:54|qusrud11|여포왕|맘모스쿠폰(40050)|1|4900|468700
2021-03-17 10:33:55|qusrud11|여포왕|맘모스쿠폰(40050)|1|4900|463800
2021-03-17 10:33:56|qusrud11|여포왕|맘모스쿠폰(40050)|1|4900|458900
2021-03-17 10:33:57|qusrud11|여포왕|맘모스쿠폰(40050)|1|4900|454000
2021-03-17 10:35:44|qusrud11|여포왕|일반강화(40039)|1|1000|453000
2021-03-17 10:35:45|qusrud11|여포왕|일반강화(40039)|1|1000|452000
2021-03-17 10:35:46|qusrud11|여포왕|일반강화(40039)|1|1000|451000
2021-03-17 10:35:47|qusrud11|여포왕|일반강화(40039)|1|1000|450000
2021-03-17 10:35:48|qusrud11|여포왕|일반강화(40039)|1|1000|449000
2021-03-17 10:35:49|qusrud11|여포왕|일반강화(40039)|1|1000|448000
2021-03-17 10:35:50|qusrud11|여포왕|일반강화(40039)|1|1000|447000
2021-03-17 10:35:51|qusrud11|여포왕|일반강화(40039)|1|1000|446000
2021-03-17 10:35:52|qusrud11|여포왕|일반강화(40039)|1|1000|445000
2021-03-17 10:35:53|qusrud11|여포왕|일반강화(40039)|1|1000|444000
2021-03-17 10:37:09|qusrud11|여포왕|일반강화(40039)|1|1000|443000
2021-03-17 10:37:10|qusrud11|여포왕|일반강화(40039)|1|1000|442000
2021-03-17 10:37:11|qusrud11|여포왕|일반강화(40039)|1|1000|441000
2021-03-17 10:37:12|qusrud11|여포왕|일반강화(40039)|1|1000|440000
2021-03-17 10:37:13|qusrud11|여포왕|일반강화(40039)|1|1000|439000
2021-03-17 10:37:37|qusrud11|여포왕|일반강화(40039)|1|1000|438000
2021-03-17 10:37:38|qusrud11|여포왕|일반강화(40039)|1|1000|437000
2021-03-17 10:37:39|qusrud11|여포왕|일반강화(40039)|1|1000|436000
2021-03-17 10:37:40|qusrud11|여포왕|일반강화(40039)|1|1000|435000
2021-03-17 10:42:01|qusrud11|여포왕|맘모스쿠폰(40050)|1|4900|430100
2021-03-17 10:42:02|qusrud11|여포왕|맘모스쿠폰(40050)|1|4900|425200
2021-03-17 10:42:03|qusrud11|여포왕|맘모스쿠폰(40050)|1|4900|420300
2021-03-17 10:42:04|qusrud11|여포왕|맘모스쿠폰(40050)|1|4900|415400
2021-03-17 10:42:05|qusrud11|여포왕|맘모스쿠폰(40050)|1|4900|410500
2021-03-17 10:42:06|qusrud11|여포왕|맘모스쿠폰(40050)|1|4900|405600
2021-03-17 10:42:07|qusrud11|여포왕|맘모스쿠폰(40050)|1|4900|400700
2021-03-17 10:42:08|qusrud11|여포왕|맘모스쿠폰(40050)|1|4900|395800
2021-03-17 10:42:09|qusrud11|여포왕|맘모스쿠폰(40050)|1|4900|390900
2021-03-17 10:42:10|qusrud11|여포왕|맘모스쿠폰(40050)|1|4900|386000
2021-03-17 10:42:58|qusrud11|여포왕|맘모스쿠폰(40050)|1|4900|381100
2021-03-17 10:42:59|qusrud11|여포왕|맘모스쿠폰(40050)|1|4900|376200
2021-03-17 10:43:00|qusrud11|여포왕|맘모스쿠폰(40050)|1|4900|371300
2021-03-17 10:43:01|qusrud11|여포왕|맘모스쿠폰(40050)|1|4900|366400
2021-03-17 10:43:02|qusrud11|여포왕|맘모스쿠폰(40050)|1|4900|361500
2021-03-17 10:43:03|qusrud11|여포왕|맘모스쿠폰(40050)|1|4900|356600
2021-03-17 10:43:04|qusrud11|여포왕|맘모스쿠폰(40050)|1|4900|351700
2021-03-17 10:43:05|qusrud11|여포왕|맘모스쿠폰(40050)|1|4900|346800
2021-03-17 10:43:07|qusrud11|여포왕|맘모스쿠폰(40050)|1|4900|341900
2021-03-17 10:43:08|qusrud11|여포왕|맘모스쿠폰(40050)|1|4900|337000
2021-03-17 10:44:34|qusrud11|여포왕|맘모스쿠폰(40050)|1|4900|332100
2021-03-17 10:44:35|qusrud11|여포왕|맘모스쿠폰(40050)|1|4900|327200
2021-03-17 10:44:36|qusrud11|여포왕|맘모스쿠폰(40050)|1|4900|322300
2021-03-17 10:44:36|qusrud11|여포왕|맘모스쿠폰(40050)|1|4900|317400
2021-03-17 10:44:37|qusrud11|여포왕|맘모스쿠폰(40050)|1|4900|312500
2021-03-17 10:44:38|qusrud11|여포왕|맘모스쿠폰(40050)|1|4900|307600
2021-03-17 10:44:40|qusrud11|여포왕|맘모스쿠폰(40050)|1|4900|302700
2021-03-17 10:44:40|qusrud11|여포왕|맘모스쿠폰(40050)|1|4900|297800
2021-03-17 10:44:41|qusrud11|여포왕|맘모스쿠폰(40050)|1|4900|292900
2021-03-17 10:44:42|qusrud11|여포왕|맘모스쿠폰(40050)|1|4900|288000
2021-03-17 10:50:35|qusrud11|여포왕|일반강화(40039)|1|1000|287000
2021-03-17 10:50:36|qusrud11|여포왕|일반강화(40039)|1|1000|286000
2021-03-17 10:50:37|qusrud11|여포왕|일반강화(40039)|1|1000|285000
2021-03-17 10:50:38|qusrud11|여포왕|일반강화(40039)|1|1000|284000
2021-03-17 10:50:39|qusrud11|여포왕|일반강화(40039)|1|1000|283000
2021-03-17 10:50:40|qusrud11|여포왕|일반강화(40039)|1|1000|282000
2021-03-17 10:50:41|qusrud11|여포왕|일반강화(40039)|1|1000|281000
2021-03-17 10:50:43|qusrud11|여포왕|일반강화(40039)|1|1000|280000
2021-03-17 10:50:44|qusrud11|여포왕|일반강화(40039)|1|1000|279000
2021-03-17 10:50:47|qusrud11|여포왕|일반강화(40039)|1|1000|278000
2021-03-17 10:50:48|qusrud11|여포왕|일반강화(40039)|1|1000|277000
2021-03-17 10:50:49|qusrud11|여포왕|일반강화(40039)|1|1000|276000
2021-03-17 10:50:50|qusrud11|여포왕|일반강화(40039)|1|1000|275000
2021-03-17 10:50:51|qusrud11|여포왕|일반강화(40039)|1|1000|274000
2021-03-17 10:52:04|qusrud11|여포왕|일반강화(40039)|1|1000|273000
2021-03-17 10:52:05|qusrud11|여포왕|일반강화(40039)|1|1000|272000
2021-03-17 10:52:07|qusrud11|여포왕|일반강화(40039)|1|1000|271000
2021-03-17 10:52:08|qusrud11|여포왕|일반강화(40039)|1|1000|270000
2021-03-17 10:52:08|qusrud11|여포왕|일반강화(40039)|1|1000|269000
2021-03-17 10:52:09|qusrud11|여포왕|일반강화(40039)|1|1000|268000
2021-03-17 10:52:10|qusrud11|여포왕|일반강화(40039)|1|1000|267000
2021-03-17 10:52:12|qusrud11|여포왕|일반강화(40039)|1|1000|266000
2021-03-17 10:52:13|qusrud11|여포왕|일반강화(40039)|1|1000|265000
2021-03-17 10:52:22|qusrud11|여포왕|일반강화(40039)|1|1000|264000
2021-03-17 10:52:24|qusrud11|여포왕|일반강화(40039)|1|1000|263000
2021-03-17 10:52:25|qusrud11|여포왕|일반강화(40039)|1|1000|262000
2021-03-17 10:52:26|qusrud11|여포왕|일반강화(40039)|1|1000|261000
2021-03-17 10:52:27|qusrud11|여포왕|일반강화(40039)|1|1000|260000
2021-03-17 10:52:28|qusrud11|여포왕|일반강화(40039)|1|1000|259000
2021-03-17 10:52:29|qusrud11|여포왕|일반강화(40039)|1|1000|258000
2021-03-17 10:52:30|qusrud11|여포왕|일반강화(40039)|1|1000|257000
2021-03-17 10:53:29|qusrud11|여포왕|일반강화(40039)|1|1000|256000
2021-03-17 10:53:31|qusrud11|여포왕|일반강화(40039)|1|1000|255000
2021-03-17 10:53:32|qusrud11|여포왕|일반강화(40039)|1|1000|254000
2021-03-17 10:53:33|qusrud11|여포왕|일반강화(40039)|1|1000|253000
2021-03-17 10:53:34|qusrud11|여포왕|일반강화(40039)|1|1000|252000
2021-03-17 10:53:34|qusrud11|여포왕|일반강화(40039)|1|1000|251000
2021-03-17 10:53:35|qusrud11|여포왕|일반강화(40039)|1|1000|250000
2021-03-17 10:53:38|qusrud11|여포왕|일반강화(40039)|1|1000|249000
2021-03-17 10:53:39|qusrud11|여포왕|일반강화(40039)|1|1000|248000
2021-03-17 10:53:40|qusrud11|여포왕|일반강화(40039)|1|1000|247000
2021-03-17 10:54:19|qusrud11|여포왕|일반강화(40039)|1|1000|246000
2021-03-17 10:54:20|qusrud11|여포왕|일반강화(40039)|1|1000|245000
2021-03-17 11:01:10|qusrud11|여포왕|3회창(94001)|1|30000|215000
2021-03-17 11:03:48|||경험치 구슬(교불)(100508)|1|5|14
2021-03-17 11:03:49|||경험치 구슬(교불)(100508)|1|5|9
2021-03-17 11:03:51|||경험치 구슬(교불)(100508)|1|5|4
2021-03-17 11:04:15|||페트초기화(25150)|1|8|0
2021-03-17 12:57:57|destop123|짱구|맘모스쿠폰(40050)|1|4900|45100
2021-03-17 12:57:59|destop123|짱구|맘모스쿠폰(40050)|1|4900|40200
2021-03-17 12:58:50|destop123|짱구|맘모스쿠폰(40050)|1|4900|35300
2021-03-17 12:58:52|destop123|짱구|맘모스쿠폰(40050)|1|4900|30400
2021-03-17 12:59:09|destop123|짱구|맘모스쿠폰(40050)|1|4900|25500
2021-03-17 12:59:11|destop123|짱구|맘모스쿠폰(40050)|1|4900|20600
2021-03-17 12:59:30|destop123|짱구|맘모스쿠폰(40050)|1|4900|15700
2021-03-17 12:59:31|destop123|짱구|맘모스쿠폰(40050)|1|4900|10800
2021-03-17 12:59:42|destop123|짱구|맘모스쿠폰(40050)|1|4900|5900
2021-03-17 12:59:43|destop123|짱구|맘모스쿠폰(40050)|1|4900|1000
2021-03-17 13:11:03|kyk9698|파랑|진화열매(45009)|1|15000|403900
2021-03-17 13:14:33|kyk9698|파랑|Lv4페트 통조림(46018)|1|5000|398900
2021-03-17 13:39:58|||얼성퀘시작(110001)|1|3|7
2021-03-17 13:40:04|||얼성퀘시작(110001)|1|3|4
2021-03-17 14:06:39|||페트초기화(25150)|1|8|5
2021-03-17 14:07:34|janginsub|깡북이|울보소녀 상자(22119)|1|6900|436800
2021-03-17 14:08:13|||경험치 구슬(교불)(100508)|1|3|1
2021-03-17 14:10:46|ansldy123|문|맘모스쿠폰(40050)|1|4900|45100
2021-03-17 14:10:48|ansldy123|문|맘모스쿠폰(40050)|1|4900|40200
2021-03-17 14:11:25|ansldy123|문|바람소년 상자(22121)|1|6900|33300
2021-03-17 14:13:32|ansldy123|문|맘모스쿠폰(40050)|1|4900|28400
2021-03-17 14:13:33|ansldy123|문|맘모스쿠폰(40050)|1|4900|23500
2021-03-17 14:14:08|ansldy123|문|맘모스쿠폰(40050)|1|4900|18600
2021-03-17 14:14:09|ansldy123|문|맘모스쿠폰(40050)|1|4900|13700
2021-03-17 14:16:39|ansldy123|문|맘모스쿠폰(40050)|1|4900|8800
2021-03-17 14:16:41|ansldy123|문|맘모스쿠폰(40050)|1|4900|3900
2021-03-17 15:41:32|qusrud11|여포왕|진화열매(45009)|1|15000|200000
2021-03-17 16:54:48|lkl8611|돌북이|정글소녀 상자(22120)|1|6900|145603
2021-03-17 17:39:52|||페트초기화(25150)|1|8|0
2021-03-17 17:40:57|jju4585|달|(-1)|1|0|502
2021-03-17 18:40:37|||페트초기화(25150)|1|8|0
2021-03-17 18:45:10|||경험치 구슬(교불)(100508)|1|3|6
2021-03-17 19:02:25|jinsung0305|부처|청룡호리병(40118)|1|6900|23100
2021-03-17 20:03:03|destop123|짱구|진화열매(45009)|1|15000|16000
2021-03-17 20:03:06|destop123|짱구|진화열매(45009)|1|15000|1000
2021-03-17 20:08:05|||경험치 구슬(교불)(100508)|1|3|1
2021-03-17 20:08:26|||경험치 구슬(교불)(100508)|1|3|4
2021-03-17 20:08:29|||경험치 구슬(교불)(100508)|1|3|1
2021-03-17 20:08:38|janginsub|깡북이|페트초기화(25150)|1|1000|435800
2021-03-17 20:09:49|jis871125|루피|진화열매(45009)|1|15000|1481100
2021-03-17 20:24:49|jis871125|루피|맘모스쿠폰(40050)|1|4900|1476200
2021-03-17 20:24:50|jis871125|루피|맘모스쿠폰(40050)|1|4900|1471300
2021-03-17 20:24:51|jis871125|루피|맘모스쿠폰(40050)|1|4900|1466400
2021-03-17 20:24:55|jis871125|루피|맘모스쿠폰(40050)|1|4900|1461500
2021-03-17 20:24:56|jis871125|루피|맘모스쿠폰(40050)|1|4900|1456600
2021-03-17 20:24:57|jis871125|루피|맘모스쿠폰(40050)|1|4900|1451700
2021-03-17 20:24:58|jis871125|루피|맘모스쿠폰(40050)|1|4900|1446800
2021-03-17 20:24:59|jis871125|루피|맘모스쿠폰(40050)|1|4900|1441900
2021-03-17 20:25:01|jis871125|루피|맘모스쿠폰(40050)|1|4900|1437000
2021-03-17 20:25:02|jis871125|루피|맘모스쿠폰(40050)|1|4900|1432100
2021-03-17 20:50:05|jis8711255|핸콕|맘모스쿠폰(40050)|1|4900|1087500
2021-03-17 20:50:06|jis8711255|핸콕|맘모스쿠폰(40050)|1|4900|1082600
2021-03-17 20:50:07|jis8711255|핸콕|맘모스쿠폰(40050)|1|4900|1077700
2021-03-17 20:50:08|jis8711255|핸콕|맘모스쿠폰(40050)|1|4900|1072800
2021-03-17 20:50:10|jis8711255|핸콕|맘모스쿠폰(40050)|1|4900|1067900
2021-03-17 20:50:12|jis8711255|핸콕|맘모스쿠폰(40050)|1|4900|1063000
2021-03-17 20:50:13|jis8711255|핸콕|맘모스쿠폰(40050)|1|4900|1058100
2021-03-17 20:50:14|jis8711255|핸콕|맘모스쿠폰(40050)|1|4900|1053200
2021-03-17 20:50:17|jis8711255|핸콕|맘모스쿠폰(40050)|1|4900|1048300
2021-03-17 20:50:18|jis8711255|핸콕|맘모스쿠폰(40050)|1|4900|1043400
2021-03-17 20:53:18|yk3024|콩콩이|맘모스쿠폰(40050)|1|4900|8200
2021-03-17 20:53:19|yk3024|콩콩이|맘모스쿠폰(40050)|1|4900|3300
2021-03-17 21:00:41|yk3024|콩콩이|맘모스쿠폰(40050)|1|4900|28400
2021-03-17 21:00:42|yk3024|콩콩이|맘모스쿠폰(40050)|1|4900|23500
2021-03-17 21:00:44|yk3024|콩콩이|맘모스쿠폰(40050)|1|4900|18600
2021-03-17 21:00:45|yk3024|콩콩이|맘모스쿠폰(40050)|1|4900|13700
2021-03-17 21:00:47|yk3024|콩콩이|맘모스쿠폰(40050)|1|4900|8800
2021-03-17 21:00:48|yk3024|콩콩이|맘모스쿠폰(40050)|1|4900|3900
2021-03-17 21:02:29|yk3024|콩콩이|맘모스쿠폰(40050)|1|4900|0
2021-03-17 21:24:34|jis8711255|핸콕|Lv4페트 통조림(46018)|1|5000|1038400
2021-03-17 21:25:14|jis8711255|핸콕|경험치 구슬(100507)|1|2000|1036400
2021-03-17 21:25:15|jis8711255|핸콕|경험치 구슬(100507)|1|2000|1034400
2021-03-17 21:25:17|jis8711255|핸콕|경험치 구슬(100507)|1|2000|1032400
2021-03-17 21:25:19|jis8711255|핸콕|경험치 구슬(100507)|1|2000|1030400
2021-03-17 21:25:20|jis8711255|핸콕|경험치 구슬(100507)|1|2000|1028400
2021-03-17 21:50:47|ansldy123|문|청룡호리병(40118)|1|6900|22000
2021-03-17 21:51:24|ansldy123|문|레피온호리병(40148)|1|6900|15100
2021-03-17 22:16:18|yy1212|연두|진화열매(45009)|1|15000|304800
2021-03-17 22:18:03|yy1212|연두|Lv4페트 통조림(46018)|1|5000|299800
2021-03-17 22:21:25|ansldy123|문|풍백호리병(40119)|1|6900|8200
2021-03-17 22:23:30|kyk9698|파랑|진화열매(45009)|1|15000|383900
2021-03-17 22:23:31|kyk9698|파랑|진화열매(45009)|1|15000|368900
2021-03-17 22:23:32|kyk9698|파랑|진화열매(45009)|1|15000|353900
2021-03-17 22:27:49|kyk9698|파랑|Lv4페트 통조림(46018)|1|5000|348900
2021-03-17 22:28:38|kyk9698|파랑|경험치 구슬(100507)|1|2000|346900
2021-03-17 22:28:39|kyk9698|파랑|경험치 구슬(100507)|1|2000|344900
2021-03-17 22:28:40|kyk9698|파랑|경험치 구슬(100507)|1|2000|342900
2021-03-17 22:28:41|kyk9698|파랑|경험치 구슬(100507)|1|2000|340900
2021-03-17 22:28:42|kyk9698|파랑|경험치 구슬(100507)|1|2000|338900
2021-03-17 22:28:45|kyk9698|파랑|경험치 구슬(100507)|1|2000|336900
2021-03-17 22:28:46|kyk9698|파랑|경험치 구슬(100507)|1|2000|334900
2021-03-17 22:28:47|kyk9698|파랑|경험치 구슬(100507)|1|2000|332900
2021-03-17 22:28:48|kyk9698|파랑|경험치 구슬(100507)|1|2000|330900
2021-03-17 22:28:49|kyk9698|파랑|경험치 구슬(100507)|1|2000|328900
2021-03-17 22:28:50|kyk9698|파랑|경험치 구슬(100507)|1|2000|326900
2021-03-17 22:28:52|kyk9698|파랑|경험치 구슬(100507)|1|2000|324900
2021-03-17 22:28:53|kyk9698|파랑|경험치 구슬(100507)|1|2000|322900
2021-03-17 22:28:54|kyk9698|파랑|경험치 구슬(100507)|1|2000|320900
2021-03-17 22:28:55|kyk9698|파랑|경험치 구슬(100507)|1|2000|318900
2021-03-17 22:35:19|ansldy123|문|청룡호리병(40118)|1|6900|1300
2021-03-17 22:38:10|qusrud11|여포왕|맘모스쿠폰(40050)|1|4900|195100
2021-03-17 22:38:21|qusrud11|여포왕|맘모스쿠폰(40050)|1|4900|190200
2021-03-17 22:39:48|qusrud11|여포왕|맘모스쿠폰(40050)|1|4900|185300
2021-03-17 22:39:55|qusrud11|여포왕|맘모스쿠폰(40050)|1|4900|180400
2021-03-17 22:40:12|qusrud11|여포왕|맘모스쿠폰(40050)|1|4900|175500
2021-03-17 22:45:49|qusrud11|여포왕|맘모스쿠폰(40050)|1|4900|170600
2021-03-17 22:45:55|qusrud11|여포왕|맘모스쿠폰(40050)|1|4900|165700
2021-03-17 23:47:16|||경험치 구슬(교불)(100508)|1|5|90
