2021-03-29 00:26:20|||경험치 구슬(교불)(100508)|1|3|0
2021-03-29 00:59:34|jju4585|달|(-1)|1|0|602
2021-03-29 00:59:36|jju4585|달|(-1)|1|0|602
2021-03-29 00:59:37|jju4585|달|(-1)|1|0|602
2021-03-29 03:25:43|||경험치 구슬(교불)(100508)|1|5|29
2021-03-29 03:25:50|||경험치 구슬(교불)(100508)|1|5|24
2021-03-29 03:25:56|||경험치 구슬(교불)(100508)|1|5|25
2021-03-29 03:25:57|||경험치 구슬(교불)(100508)|1|5|20
2021-03-29 05:44:02|||경험치 구슬(교불)(100508)|1|3|0
2021-03-29 05:44:05|||경험치 구슬(교불)(100508)|1|3|0
2021-03-29 10:33:47|||하드기성클리어상자(40161)|1|15|0
2021-03-29 13:32:10|comic200|공|Lv4페트 통조림(46018)|1|5000|48100
2021-03-29 13:32:13|comic200|공|회복술 통조림(46021)|1|8000|40100
2021-03-29 13:32:15|comic200|공|진화열매(45009)|1|15000|25100
2021-03-29 13:40:39|comic200|공|해태호리병(40111)|1|6900|18200
2021-03-29 13:51:50|||페트초기화(25150)|1|8|2
2021-03-29 14:18:41|||경험치 구슬(교불)(100508)|1|3|4
2021-03-29 14:19:20|||경험치 구슬(교불)(100508)|1|3|7
2021-03-29 14:41:56|||하드불성클리어상자(40160)|1|15|5
2021-03-29 14:42:06|||경험치 구슬(교불)(100508)|1|3|2
2021-03-29 14:43:25|||경험치 구슬(교불)(100508)|1|5|7
2021-03-29 14:43:26|||경험치 구슬(교불)(100508)|1|5|2
2021-03-29 14:43:35|||경험치 구슬(교불)(100508)|1|5|6
2021-03-29 14:43:37|||경험치 구슬(교불)(100508)|1|5|1
2021-03-29 14:54:44|homework13|오만의죄|페트초기화(25150)|1|1000|52800
2021-03-29 14:54:46|homework13|오만의죄|페트초기화(25150)|1|1000|51800
2021-03-29 14:54:47|homework13|오만의죄|페트초기화5개(25152)|1|4000|47800
2021-03-29 15:59:10|||경험치 구슬(교불)(100508)|1|5|50
2021-03-29 15:59:11|||경험치 구슬(교불)(100508)|1|5|45
2021-03-29 15:59:12|||경험치 구슬(교불)(100508)|1|5|40
2021-03-29 15:59:13|||경험치 구슬(교불)(100508)|1|5|35
2021-03-29 15:59:14|||경험치 구슬(교불)(100508)|1|5|30
2021-03-29 15:59:15|||경험치 구슬(교불)(100508)|1|5|25
2021-03-29 15:59:16|||경험치 구슬(교불)(100508)|1|5|20
2021-03-29 15:59:17|||경험치 구슬(교불)(100508)|1|5|15
2021-03-29 15:59:29|||경험치 구슬(교불)(100508)|1|5|49
2021-03-29 15:59:30|||경험치 구슬(교불)(100508)|1|5|44
2021-03-29 15:59:31|||경험치 구슬(교불)(100508)|1|5|39
2021-03-29 15:59:32|||경험치 구슬(교불)(100508)|1|5|34
2021-03-29 15:59:33|||경험치 구슬(교불)(100508)|1|5|29
2021-03-29 15:59:34|||경험치 구슬(교불)(100508)|1|5|24
2021-03-29 15:59:35|||경험치 구슬(교불)(100508)|1|5|19
2021-03-29 15:59:36|||경험치 구슬(교불)(100508)|1|5|14
2021-03-29 16:08:35|||페트초기화(25150)|1|8|0
2021-03-29 16:09:04|||페트초기화(25150)|1|8|0
2021-03-29 16:14:31|||30만스톤 수표(100033)|1|4|4
2021-03-29 16:14:32|||30만스톤 수표(100033)|1|4|0
2021-03-29 17:32:20|||경험치 구슬(교불)(100508)|1|3|3
2021-03-29 17:32:21|||경험치 구슬(교불)(100508)|1|3|0
2021-03-29 18:00:32|dlql99|이비|(-1)|1|0|0
2021-03-29 18:00:44|dlql99|이비|(-1)|1|0|0
2021-03-29 18:22:29|||페트초기화(25150)|1|8|6
2021-03-29 18:33:52|qusrud11|여포왕|가르가르호리병(40186)|1|6900|93400
2021-03-29 18:33:54|qusrud11|여포왕|가르가르호리병(40186)|1|6900|86500
2021-03-29 18:35:30|qusrud11|여포왕|가르가르호리병(40186)|1|6900|79600
2021-03-29 18:35:31|qusrud11|여포왕|가르가르호리병(40186)|1|6900|72700
2021-03-29 20:00:58|||하드불성클리어상자(40160)|1|15|5
2021-03-29 20:17:47|totorosa|와이|2환생의도끼(100104)|1|2000|147600
2021-03-29 20:17:48|totorosa|와이|2환생의도끼(100104)|1|2000|145600
2021-03-29 20:19:11|||경험치 구슬(교불)(100508)|1|5|11
2021-03-29 20:19:13|||경험치 구슬(교불)(100508)|1|5|6
2021-03-29 20:19:15|||경험치 구슬(교불)(100508)|1|5|1
2021-03-29 20:19:30|||경험치 구슬(교불)(100508)|1|5|11
2021-03-29 20:19:31|||경험치 구슬(교불)(100508)|1|5|6
2021-03-29 20:19:33|||경험치 구슬(교불)(100508)|1|5|1
2021-03-29 20:32:34|totorosa|와이|진화열매(45009)|1|15000|130600
2021-03-29 20:32:36|totorosa|와이|진화열매(45009)|1|15000|115600
2021-03-29 20:34:33|totorosa|와이|페트초기화5개(25152)|1|4000|111600
2021-03-29 20:34:35|totorosa|와이|페트초기화5개(25152)|1|4000|107600
2021-03-29 21:10:10|totorosa|와이|맘모스쿠폰(40050)|1|4900|102700
2021-03-29 21:10:11|totorosa|와이|맘모스쿠폰(40050)|1|4900|97800
2021-03-29 21:10:12|totorosa|와이|맘모스쿠폰(40050)|1|4900|92900
2021-03-29 21:10:14|totorosa|와이|맘모스쿠폰(40050)|1|4900|88000
2021-03-29 21:10:15|totorosa|와이|맘모스쿠폰(40050)|1|4900|83100
2021-03-29 21:45:32|||하드불성클리어상자(40160)|1|15|43
2021-03-29 21:47:51|||하드불성클리어상자(40160)|1|15|1
2021-03-29 21:51:09|||갈푸스의음식(100130)|1|4|38
2021-03-29 21:51:19|||갈푸스의음식(100130)|1|4|37
2021-03-29 21:59:42|||얼성퀘시작(110001)|1|3|35
2021-03-29 21:59:54|||얼성퀘시작(110001)|1|3|35
2021-03-29 21:59:56|||얼성퀘시작(110001)|1|3|32
2021-03-29 21:59:57|||얼성퀘시작(110001)|1|3|29
2021-03-29 22:00:00|||얼성퀘시작(110001)|1|3|32
2021-03-29 22:00:02|||얼성퀘시작(110001)|1|3|29
2021-03-29 22:17:03|janginsub|깡북이|Lv4페트 통조림(46018)|1|5000|30060200
2021-03-29 22:17:25|janginsub|깡북이|진화열매(45009)|1|15000|30045200
2021-03-29 22:17:40|janginsub|깡북이|페트초기화(25150)|1|1000|30044200
2021-03-29 22:33:10|homework13|오만의죄|7환생의도끼(100109)|1|8000|39800
2021-03-29 22:33:12|homework13|오만의죄|7환생의도끼(100109)|1|8000|31800
2021-03-29 22:41:54|homework13|오만의죄|페트초기화5개(25152)|1|4000|27800
2021-03-29 22:47:28|||경험치 구슬(교불)(100508)|1|3|3
2021-03-29 22:47:33|||경험치 구슬(교불)(100508)|1|3|0
2021-03-29 22:48:21|||경험치 구슬(교불)(100508)|1|3|15
2021-03-29 22:48:25|||경험치 구슬(교불)(100508)|1|3|12
2021-03-29 22:48:30|||페트초기화(25150)|1|8|4
2021-03-29 22:48:43|||경험치 구슬(교불)(100508)|1|3|1
2021-03-29 22:50:03|||페트초기화(25150)|1|8|0
2021-03-29 23:00:11|||경험치 구슬(교불)(100508)|1|3|39
2021-03-29 23:00:13|||경험치 구슬(교불)(100508)|1|3|36
2021-03-29 23:00:14|||경험치 구슬(교불)(100508)|1|3|33
2021-03-29 23:00:16|||경험치 구슬(교불)(100508)|1|3|30
2021-03-29 23:00:30|||경험치 구슬(교불)(100508)|1|3|56
2021-03-29 23:00:32|||경험치 구슬(교불)(100508)|1|3|53
2021-03-29 23:00:34|||경험치 구슬(교불)(100508)|1|3|50
2021-03-29 23:00:35|||경험치 구슬(교불)(100508)|1|3|47
2021-03-29 23:05:15|||경험치 구슬(교불)(100508)|1|5|18
2021-03-29 23:05:17|||경험치 구슬(교불)(100508)|1|5|13
2021-03-29 23:05:18|||경험치 구슬(교불)(100508)|1|5|8
2021-03-29 23:05:21|||경험치 구슬(교불)(100508)|1|5|3
2021-03-29 23:05:32|||경험치 구슬(교불)(100508)|1|5|18
2021-03-29 23:05:34|||경험치 구슬(교불)(100508)|1|5|13
2021-03-29 23:05:35|||경험치 구슬(교불)(100508)|1|5|8
2021-03-29 23:05:36|||경험치 구슬(교불)(100508)|1|5|3
2021-03-29 23:23:15|qusrud11|여포왕|진화열매(45009)|1|15000|57700
2021-03-29 23:23:17|qusrud11|여포왕|진화열매(45009)|1|15000|42700
2021-03-29 23:24:24|qusrud11|여포왕|진화열매(45009)|1|15000|27700
2021-03-29 23:24:25|qusrud11|여포왕|진화열매(45009)|1|15000|12700
2021-03-29 23:24:55|kk1212|노북이|가르가르호리병(40186)|1|6900|4651273
2021-03-29 23:25:41|jju4585|달|골드로비호리병(40145)|1|6900|23702
2021-03-29 23:27:25|jju4585|달|바우트호리병(40138)|1|6900|16802
2021-03-29 23:27:51|jju4585|달|페트초기화5개(25152)|1|4000|12802
2021-03-29 23:34:19|jju4585|달|페트초기화5개(25152)|1|4000|8802
2021-03-29 23:37:38|jju4585|달|디어룬호리병(40140)|1|6900|1902
