2021-05-29 06:58:09|||30만스톤 수표(100033)|1|4|18
2021-05-29 09:01:54|||이구로스호리병(40161)|1|15|13
2021-05-29 14:21:52|||갈푸스퀘 깃털(100130)|1|4|4
2021-05-29 14:21:56|||경험치 구슬(교불)(100508)|1|5|9
2021-05-29 14:21:57|||경험치 구슬(교불)(100508)|1|5|4
2021-05-29 14:30:55|||경험치 구슬(교불)(100508)|1|5|37
2021-05-29 14:30:56|||경험치 구슬(교불)(100508)|1|5|32
2021-05-29 14:30:58|||경험치 구슬(교불)(100508)|1|5|27
2021-05-29 14:31:00|||경험치 구슬(교불)(100508)|1|5|22
2021-05-29 14:31:01|||경험치 구슬(교불)(100508)|1|5|17
2021-05-29 14:31:03|||경험치 구슬(교불)(100508)|1|5|12
2021-05-29 14:31:04|||경험치 구슬(교불)(100508)|1|5|7
2021-05-29 14:31:05|||경험치 구슬(교불)(100508)|1|5|2
2021-05-29 14:31:39|||얼성퀘 깃털(110001)|1|3|0
2021-05-29 18:10:59|||경험치 구슬(교불)(100508)|1|5|584
2021-05-29 18:11:01|||경험치 구슬(교불)(100508)|1|5|579
2021-05-29 18:12:58|||경험치 구슬(교불)(100508)|1|5|595
2021-05-29 18:13:00|||경험치 구슬(교불)(100508)|1|5|590
2021-05-29 18:13:53|||페트초기화(25150)|1|8|456
2021-05-29 18:15:21|||페트초기화(25150)|1|8|448
2021-05-29 18:15:22|||페트초기화(25150)|1|8|440
2021-05-29 18:25:34|||페트초기화(25150)|1|8|432
2021-05-29 18:25:35|||페트초기화(25150)|1|8|424
2021-05-29 18:32:21|||모가로스호리병(40160)|1|15|4
2021-05-29 19:28:34|||경험치 구슬(교불)(100508)|1|5|19
2021-05-29 19:28:35|||경험치 구슬(교불)(100508)|1|5|14
2021-05-29 19:28:36|||경험치 구슬(교불)(100508)|1|5|9
2021-05-29 19:28:38|||경험치 구슬(교불)(100508)|1|5|4
2021-05-29 19:28:44|||경험치 구슬(교불)(100508)|1|5|2
2021-05-29 20:09:23|||그린바로스호리병(40159)|1|15|10
2021-05-29 21:44:59|shrpska|도기|(-1)|1|0|0
2021-05-29 21:45:21|shrpska|도기|(-1)|1|0|0
2021-05-29 22:38:53|kimds1995|동수|VIP POINT 50000＄(21116)|1|50000|80900
2021-05-29 22:38:56|kimds1995|동수|VIP POINT 10000＄(21114)|1|10000|70900
2021-05-29 22:38:57|kimds1995|동수|VIP POINT 10000＄(21114)|1|10000|60900
2021-05-29 22:53:49|ldl0220|이정호|진화열매(45009)|1|15000|21500
2021-05-29 22:54:23|ldl0220|이정호|다크바로스호리병(40147)|1|6900|14600
2021-05-29 23:08:07|||블랙펄호리병(40154)|1|15|39
2021-05-29 23:25:59|ldl0220|이정호|맘모스쿠폰(40050)|1|4900|9700
