2021-03-26 00:28:33|||경험치 구슬(교불)(100508)|1|3|2
2021-03-26 01:08:10|||하드불성클리어상자(40160)|1|15|12
2021-03-26 01:09:32|||페트초기화(25150)|1|8|4
2021-03-26 04:27:30|||하드불성클리어상자(40160)|1|15|75
2021-03-26 08:28:04|||얼성퀘시작(110001)|1|3|25
2021-03-26 08:28:06|||얼성퀘시작(110001)|1|3|22
2021-03-26 08:28:12|||얼성퀘시작(110001)|1|3|19
2021-03-26 08:28:14|||얼성퀘시작(110001)|1|3|16
2021-03-26 08:28:15|||얼성퀘시작(110001)|1|3|13
2021-03-26 10:59:13|||그린바로스호리병(40159)|1|15|2
2021-03-26 11:33:33|||경험치 구슬(교불)(100508)|1|5|4
2021-03-26 12:37:44|||경험치 구슬(교불)(100508)|1|3|6
2021-03-26 12:37:46|||경험치 구슬(교불)(100508)|1|3|3
2021-03-26 12:37:48|||경험치 구슬(교불)(100508)|1|3|0
2021-03-26 12:43:06|||노르가르호리병(40155)|1|15|5
2021-03-26 12:43:15|||노르가르호리병(40155)|1|15|5
2021-03-26 13:40:10|||경험치 구슬(교불)(100508)|1|3|0
2021-03-26 14:38:29|qkrtkd259|EDEN|경험치 구슬(100507)|1|2000|52100
2021-03-26 14:38:33|qkrtkd259|EDEN|경험치 구슬(100507)|1|2000|50100
2021-03-26 14:38:34|qkrtkd259|EDEN|경험치 구슬(100507)|1|2000|48100
2021-03-26 14:39:51|qkrtkd259|EDEN|맘모스쿠폰(40050)|1|4900|43200
2021-03-26 14:39:52|qkrtkd259|EDEN|맘모스쿠폰(40050)|1|4900|38300
2021-03-26 14:41:57|ccs5656|추르|경험치 구슬(100507)|1|2000|10000
2021-03-26 14:42:02|ccs5656|추르|경험치 구슬(100507)|1|2000|8000
2021-03-26 14:42:05|ccs5656|추르|경험치 구슬(100507)|1|2000|6000
2021-03-26 14:42:08|ccs5656|추르|경험치 구슬(100507)|1|2000|4000
2021-03-26 14:42:10|ccs5656|추르|경험치 구슬(100507)|1|2000|2000
2021-03-26 14:42:11|ccs5656|추르|경험치 구슬(100507)|1|2000|0
2021-03-26 16:40:43|||경험치 구슬(교불)(100508)|1|3|37
2021-03-26 16:40:46|||경험치 구슬(교불)(100508)|1|3|34
2021-03-26 16:40:51|||경험치 구슬(교불)(100508)|1|3|31
2021-03-26 17:12:23|||하드불성클리어상자(40160)|1|15|9
2021-03-26 17:37:40|ccs5656|추르|다크바로스호리병(40147)|1|6900|33600
2021-03-26 17:37:43|ccs5656|추르|다크바로스호리병(40147)|1|6900|26700
2021-03-26 18:06:05|lch88sun|울라대마왕|맘모스쿠폰(40050)|1|4900|1300
2021-03-26 18:12:55|qkrtkd259|EDEN|경험치 구슬(100507)|1|2000|36300
2021-03-26 18:55:40|qkrtkd259|EDEN|2회창(94000)|1|20000|16300
2021-03-26 19:08:30|qkrtkd259|EDEN|1환생의도끼(100103)|1|1000|15300
2021-03-26 19:08:46|qkrtkd259|EDEN|Lv4페트 통조림(46018)|1|5000|10300
2021-03-26 19:25:57|||경험치 구슬(교불)(100508)|1|5|11
2021-03-26 19:25:58|||경험치 구슬(교불)(100508)|1|5|6
2021-03-26 19:25:59|||경험치 구슬(교불)(100508)|1|5|1
2021-03-26 19:26:06|||경험치 구슬(교불)(100508)|1|5|10
2021-03-26 19:26:07|||경험치 구슬(교불)(100508)|1|5|5
2021-03-26 19:26:08|||경험치 구슬(교불)(100508)|1|5|0
2021-03-26 19:41:10|||페트초기화(25150)|1|8|0
2021-03-26 19:45:11|||하드불성클리어상자(40160)|1|15|0
2021-03-26 20:02:23|||경험치 구슬(교불)(100508)|1|3|30
2021-03-26 20:02:31|||경험치 구슬(교불)(100508)|1|3|27
2021-03-26 20:02:33|||경험치 구슬(교불)(100508)|1|3|24
2021-03-26 20:02:34|||경험치 구슬(교불)(100508)|1|3|21
2021-03-26 20:02:45|||경험치 구슬(교불)(100508)|1|3|18
2021-03-26 20:02:47|||경험치 구슬(교불)(100508)|1|3|15
2021-03-26 20:03:28|||30만스톤 수표(100033)|1|4|38
2021-03-26 20:05:58|||경험치 구슬(교불)(100508)|1|5|7
2021-03-26 20:05:59|||경험치 구슬(교불)(100508)|1|5|2
2021-03-26 20:06:03|||경험치 구슬(교불)(100508)|1|5|8
2021-03-26 20:06:04|||경험치 구슬(교불)(100508)|1|5|3
2021-03-26 20:20:19|||페트초기화(25150)|1|8|5
2021-03-26 20:20:43|||페트초기화(25150)|1|8|5
2021-03-26 20:27:28|||고르가르호리병(40158)|1|15|0
2021-03-26 20:55:14|||하드기성클리어상자(40161)|1|15|0
2021-03-26 22:04:27|hihoce|마루|(-1)|1|0|78100
2021-03-26 22:04:35|hihoce|마루|(-1)|1|0|78100
2021-03-26 22:04:38|hihoce|마루|(-1)|1|0|78100
2021-03-26 22:04:44|hihoce|마루|(-1)|1|0|78100
2021-03-26 22:04:53|hihoce|마루|(-1)|1|0|78100
2021-03-26 22:05:10|hihoce|마루|(-1)|1|0|78100
2021-03-26 22:05:12|hihoce|마루|(-1)|1|0|78100
2021-03-26 22:05:13|hihoce|마루|(-1)|1|0|78100
2021-03-26 22:05:16|hihoce|마루|(-1)|1|0|78100
2021-03-26 22:05:29|hihoce|마루|(-1)|1|0|78100
2021-03-26 22:05:31|hihoce|마루|(-1)|1|0|78100
2021-03-26 22:05:33|hihoce|마루|(-1)|1|0|78100
2021-03-26 22:05:34|hihoce|마루|(-1)|1|0|78100
2021-03-26 22:05:36|hihoce|마루|(-1)|1|0|78100
2021-03-26 22:05:38|hihoce|마루|(-1)|1|0|78100
2021-03-26 22:05:39|hihoce|마루|(-1)|1|0|78100
2021-03-26 22:05:41|hihoce|마루|(-1)|1|0|78100
2021-03-26 22:05:42|hihoce|마루|(-1)|1|0|78100
2021-03-26 22:05:45|hihoce|마루|(-1)|1|0|78100
2021-03-26 22:05:53|hihoce|마루|(-1)|1|0|78100
2021-03-26 22:05:58|hihoce|마루|(-1)|1|0|78100
2021-03-26 22:06:02|hihoce|마루|(-1)|1|0|78100
2021-03-26 22:06:21|hihoce|마루|(-1)|1|0|78100
2021-03-26 22:06:24|hihoce|마루|(-1)|1|0|78100
2021-03-26 22:06:26|hihoce|마루|(-1)|1|0|78100
2021-03-26 22:12:08|||30만스톤 수표(100033)|1|4|17
2021-03-26 22:12:09|||30만스톤 수표(100033)|1|4|13
2021-03-26 22:12:10|||30만스톤 수표(100033)|1|4|9
2021-03-26 22:12:11|||30만스톤 수표(100033)|1|4|5
2021-03-26 22:12:13|||30만스톤 수표(100033)|1|4|1
2021-03-26 22:12:58|||30만스톤 수표(100033)|1|4|15
2021-03-26 22:12:59|||30만스톤 수표(100033)|1|4|11
2021-03-26 22:13:01|||30만스톤 수표(100033)|1|4|7
2021-03-26 22:13:03|||30만스톤 수표(100033)|1|4|3
2021-03-26 23:19:14|||경험치 구슬(교불)(100508)|1|3|10
2021-03-26 23:19:15|||경험치 구슬(교불)(100508)|1|3|7
2021-03-26 23:19:49|||경험치 구슬(교불)(100508)|1|3|10
2021-03-26 23:19:50|||경험치 구슬(교불)(100508)|1|3|7
