2021-05-24 00:19:54|||경험치 구슬(교불)(100508)|1|5|91
2021-05-24 00:19:55|||경험치 구슬(교불)(100508)|1|5|86
2021-05-24 00:19:57|||경험치 구슬(교불)(100508)|1|5|81
2021-05-24 01:16:10|ldl0220|이정호|풍백호리병(40119)|1|6900|7100
2021-05-24 01:19:34|ldl0220|이정호|크루거호리병(40135)|1|6900|200
2021-05-24 01:20:05|los9509|닝글|블랙드래곤호리병(40143)|1|6900|7100
2021-05-24 01:21:27|los9509|닝글|청룡호리병(40118)|1|6900|200
2021-05-24 02:14:05|||경험치 구슬(교불)(100508)|1|3|7
2021-05-24 02:31:32|||경험치 구슬(교불)(100508)|1|5|152
2021-05-24 03:37:12|||경험치 구슬(교불)(100508)|1|3|22
2021-05-24 03:37:14|||경험치 구슬(교불)(100508)|1|3|19
2021-05-24 03:37:42|||경험치 구슬(교불)(100508)|1|3|22
2021-05-24 03:37:44|||경험치 구슬(교불)(100508)|1|3|19
2021-05-24 07:35:38|||경험치 구슬(교불)(100508)|1|3|72
2021-05-24 07:35:41|||경험치 구슬(교불)(100508)|1|3|69
2021-05-24 07:35:42|||경험치 구슬(교불)(100508)|1|3|66
2021-05-24 07:35:44|||경험치 구슬(교불)(100508)|1|3|63
2021-05-24 07:35:45|||경험치 구슬(교불)(100508)|1|3|60
2021-05-24 07:35:46|||경험치 구슬(교불)(100508)|1|3|57
2021-05-24 07:35:48|||경험치 구슬(교불)(100508)|1|3|54
2021-05-24 07:35:49|||경험치 구슬(교불)(100508)|1|3|51
2021-05-24 15:20:59|||경험치 구슬(교불)(100508)|1|5|5
2021-05-24 15:21:05|||경험치 구슬(교불)(100508)|1|5|0
2021-05-24 17:31:23|||경험치 구슬(교불)(100508)|1|3|6
2021-05-24 17:31:42|||경험치 구슬(교불)(100508)|1|5|7
2021-05-24 18:39:13|iamblue02|녜찬|크로톤호리병(40137)|1|6900|28100
2021-05-24 18:44:24|iamblue02|녜찬|펜리호리병(40124)|1|6900|21200
2021-05-24 19:18:31|iamblue02|녜찬|맘모스쿠폰(40050)|1|4900|16300
2021-05-24 19:18:33|iamblue02|녜찬|맘모스쿠폰(40050)|1|4900|11400
2021-05-24 19:19:44|iamblue02|녜찬|맘모스쿠폰(40050)|1|4900|6500
2021-05-24 19:19:45|iamblue02|녜찬|맘모스쿠폰(40050)|1|4900|1600
2021-05-24 19:45:33|||경험치 구슬(교불)(100508)|1|3|10
2021-05-24 19:46:52|||모가로스호리병(40160)|1|15|63
2021-05-24 21:13:15|||경험치 구슬(교불)(100508)|1|3|1
2021-05-24 23:02:17|msy2010|이실장|맘모스쿠폰(40050)|1|4900|5200
2021-05-24 23:02:23|msy2010|이실장|맘모스쿠폰(40050)|1|4900|300
2021-05-24 23:15:59|||경험치 구슬(교불)(100508)|1|3|12
2021-05-24 23:16:01|||경험치 구슬(교불)(100508)|1|3|9
2021-05-24 23:16:03|||경험치 구슬(교불)(100508)|1|3|6
2021-05-24 23:16:04|||경험치 구슬(교불)(100508)|1|3|3
2021-05-24 23:16:05|||경험치 구슬(교불)(100508)|1|3|0
