2021-03-18 01:05:28|||경험치 구슬(교불)(100508)|1|3|0
2021-03-18 01:18:19|tndud5233|뚜야|울보소녀 상자(22119)|1|6900|493100
2021-03-18 01:19:13|tndud5233|뚜야|맘모스쿠폰(40050)|1|4900|488200
2021-03-18 01:19:15|tndud5233|뚜야|맘모스쿠폰(40050)|1|4900|483300
2021-03-18 01:19:17|tndud5233|뚜야|맘모스쿠폰(40050)|1|4900|478400
2021-03-18 01:20:29|tndud5233|뚜야|황금자루(25151)|1|15000|463400
2021-03-18 01:20:31|tndud5233|뚜야|황금자루(25151)|1|15000|448400
2021-03-18 01:20:41|tndud5233|뚜야|맘모스쿠폰(40050)|1|4900|443500
2021-03-18 01:20:42|tndud5233|뚜야|맘모스쿠폰(40050)|1|4900|438600
2021-03-18 01:20:43|tndud5233|뚜야|맘모스쿠폰(40050)|1|4900|433700
2021-03-18 01:20:44|tndud5233|뚜야|맘모스쿠폰(40050)|1|4900|428800
2021-03-18 01:20:45|tndud5233|뚜야|맘모스쿠폰(40050)|1|4900|423900
2021-03-18 01:20:47|tndud5233|뚜야|맘모스쿠폰(40050)|1|4900|419000
2021-03-18 01:20:48|tndud5233|뚜야|맘모스쿠폰(40050)|1|4900|414100
2021-03-18 01:20:49|tndud5233|뚜야|맘모스쿠폰(40050)|1|4900|409200
2021-03-18 01:21:23|kyk9698|파랑|7환생의도끼(100109)|1|8000|310900
2021-03-18 01:21:24|kyk9698|파랑|7환생의도끼(100109)|1|8000|302900
2021-03-18 01:22:12|kyk9698|파랑|맘모스쿠폰(40050)|1|4900|298000
2021-03-18 01:22:13|kyk9698|파랑|맘모스쿠폰(40050)|1|4900|293100
2021-03-18 01:22:14|kyk9698|파랑|맘모스쿠폰(40050)|1|4900|288200
2021-03-18 01:22:15|kyk9698|파랑|맘모스쿠폰(40050)|1|4900|283300
2021-03-18 01:22:16|kyk9698|파랑|맘모스쿠폰(40050)|1|4900|278400
2021-03-18 01:22:17|kyk9698|파랑|맘모스쿠폰(40050)|1|4900|273500
2021-03-18 01:22:18|kyk9698|파랑|맘모스쿠폰(40050)|1|4900|268600
2021-03-18 01:22:27|tndud5233|뚜야|바우트호리병(40138)|1|6900|402300
2021-03-18 01:23:11|tndud5233|뚜야|악몽의성세트(47004)|1|60000|342300
2021-03-18 01:23:13|kyk9698|파랑|맘모스쿠폰(40050)|1|4900|263700
2021-03-18 01:23:14|kyk9698|파랑|맘모스쿠폰(40050)|1|4900|258800
2021-03-18 01:23:15|kyk9698|파랑|맘모스쿠폰(40050)|1|4900|253900
2021-03-18 01:23:16|kyk9698|파랑|맘모스쿠폰(40050)|1|4900|249000
2021-03-18 01:23:17|kyk9698|파랑|맘모스쿠폰(40050)|1|4900|244100
2021-03-18 01:23:19|kyk9698|파랑|맘모스쿠폰(40050)|1|4900|239200
2021-03-18 01:23:20|kyk9698|파랑|맘모스쿠폰(40050)|1|4900|234300
2021-03-18 01:23:21|kyk9698|파랑|맘모스쿠폰(40050)|1|4900|229400
2021-03-18 01:23:22|kyk9698|파랑|맘모스쿠폰(40050)|1|4900|224500
2021-03-18 01:23:23|tndud5233|뚜야|3회창(94001)|1|30000|312300
2021-03-18 01:23:41|tndud5233|뚜야|장인의강화(40054)|1|5000|307300
2021-03-18 01:23:42|tndud5233|뚜야|장인의강화(40054)|1|5000|302300
2021-03-18 01:23:42|tndud5233|뚜야|장인의강화(40054)|1|5000|297300
2021-03-18 01:23:43|tndud5233|뚜야|장인의강화(40054)|1|5000|292300
2021-03-18 01:23:44|tndud5233|뚜야|장인의강화(40054)|1|5000|287300
2021-03-18 01:23:45|tndud5233|뚜야|장인의강화(40054)|1|5000|282300
2021-03-18 01:23:46|tndud5233|뚜야|장인의강화(40054)|1|5000|277300
2021-03-18 01:23:47|tndud5233|뚜야|장인의강화(40054)|1|5000|272300
2021-03-18 01:23:48|tndud5233|뚜야|장인의강화(40054)|1|5000|267300
2021-03-18 01:23:48|tndud5233|뚜야|장인의강화(40054)|1|5000|262300
2021-03-18 01:24:50|tndud5233|뚜야|경험치 구슬(100507)|1|2000|260300
2021-03-18 01:24:51|tndud5233|뚜야|경험치 구슬(100507)|1|2000|258300
2021-03-18 01:24:52|tndud5233|뚜야|경험치 구슬(100507)|1|2000|256300
2021-03-18 01:32:19|yy1212|연두|진화열매(45009)|1|15000|284800
2021-03-18 01:32:20|yy1212|연두|진화열매(45009)|1|15000|269800
2021-03-18 01:33:44|yy1212|연두|Lv4페트 통조림(46018)|1|5000|264800
2021-03-18 01:35:56|kyk9698|파랑|Lv4페트 통조림(46018)|1|5000|219500
2021-03-18 02:13:50|tndud5233|뚜야|3회창(94001)|1|30000|226300
2021-03-18 02:34:57|destop123|짱구|페트초기화(25150)|1|1000|0
2021-03-18 02:54:30|||경험치 구슬(교불)(100508)|1|5|85
2021-03-18 02:54:33|||경험치 구슬(교불)(100508)|1|5|80
2021-03-18 04:58:43|||경험치 구슬(교불)(100508)|1|3|24
2021-03-18 04:58:47|||경험치 구슬(교불)(100508)|1|3|21
2021-03-18 04:58:49|||경험치 구슬(교불)(100508)|1|3|18
2021-03-18 04:58:51|||경험치 구슬(교불)(100508)|1|3|15
2021-03-18 04:58:52|||경험치 구슬(교불)(100508)|1|3|12
2021-03-18 04:58:54|||경험치 구슬(교불)(100508)|1|3|9
2021-03-18 04:58:55|||경험치 구슬(교불)(100508)|1|3|6
2021-03-18 04:58:57|||경험치 구슬(교불)(100508)|1|3|3
2021-03-18 04:58:59|||경험치 구슬(교불)(100508)|1|3|0
2021-03-18 04:59:22|||경험치 구슬(교불)(100508)|1|3|3
2021-03-18 04:59:23|||경험치 구슬(교불)(100508)|1|3|0
2021-03-18 05:00:07|||페트초기화(25150)|1|8|10
2021-03-18 05:00:31|||페트초기화(25150)|1|8|2
2021-03-18 05:05:20|||페트초기화(25150)|1|8|4
2021-03-18 05:13:25|destop123|짱구|페트초기화(25150)|1|1000|0
2021-03-18 05:26:56|||갈푸스의음식(100130)|1|4|56
2021-03-18 05:27:02|||갈푸스의음식(100130)|1|4|62
2021-03-18 09:40:56|||경험치 구슬(교불)(100508)|1|3|9
2021-03-18 09:40:58|||경험치 구슬(교불)(100508)|1|3|6
2021-03-18 09:41:00|||경험치 구슬(교불)(100508)|1|3|3
2021-03-18 09:41:01|||경험치 구슬(교불)(100508)|1|3|0
2021-03-18 09:41:04|||경험치 구슬(교불)(100508)|1|3|9
2021-03-18 09:41:05|||경험치 구슬(교불)(100508)|1|3|6
2021-03-18 09:41:07|||경험치 구슬(교불)(100508)|1|3|3
2021-03-18 09:41:08|||경험치 구슬(교불)(100508)|1|3|0
2021-03-18 09:46:53|kyk9698|파랑|진화열매(45009)|1|15000|204500
2021-03-18 09:53:52|kyk9698|파랑|Lv4페트 통조림(46018)|1|5000|199500
2021-03-18 09:54:14|yy1212|연두|경험치 구슬(100507)|1|2000|262800
2021-03-18 09:54:15|yy1212|연두|경험치 구슬(100507)|1|2000|260800
2021-03-18 09:54:16|yy1212|연두|경험치 구슬(100507)|1|2000|258800
2021-03-18 09:54:17|yy1212|연두|경험치 구슬(100507)|1|2000|256800
2021-03-18 09:54:19|yy1212|연두|경험치 구슬(100507)|1|2000|254800
2021-03-18 09:54:20|yy1212|연두|경험치 구슬(100507)|1|2000|252800
2021-03-18 09:54:21|yy1212|연두|경험치 구슬(100507)|1|2000|250800
2021-03-18 09:54:22|yy1212|연두|경험치 구슬(100507)|1|2000|248800
2021-03-18 09:54:23|yy1212|연두|경험치 구슬(100507)|1|2000|246800
2021-03-18 09:54:25|yy1212|연두|경험치 구슬(100507)|1|2000|244800
2021-03-18 09:54:26|yy1212|연두|경험치 구슬(100507)|1|2000|242800
2021-03-18 09:54:28|yy1212|연두|경험치 구슬(100507)|1|2000|240800
2021-03-18 09:56:21|kyk9698|파랑|경험치 구슬(100507)|1|2000|197500
2021-03-18 09:56:22|kyk9698|파랑|경험치 구슬(100507)|1|2000|195500
2021-03-18 09:56:24|kyk9698|파랑|경험치 구슬(100507)|1|2000|193500
2021-03-18 09:56:25|kyk9698|파랑|경험치 구슬(100507)|1|2000|191500
2021-03-18 09:56:26|kyk9698|파랑|경험치 구슬(100507)|1|2000|189500
2021-03-18 09:56:27|kyk9698|파랑|경험치 구슬(100507)|1|2000|187500
2021-03-18 09:56:28|kyk9698|파랑|경험치 구슬(100507)|1|2000|185500
2021-03-18 09:56:30|kyk9698|파랑|경험치 구슬(100507)|1|2000|183500
2021-03-18 09:56:31|kyk9698|파랑|경험치 구슬(100507)|1|2000|181500
2021-03-18 09:56:33|kyk9698|파랑|경험치 구슬(100507)|1|2000|179500
2021-03-18 09:57:00|yy1212|연두|Lv4페트 통조림(46018)|1|5000|235800
2021-03-18 10:32:24|||경험치 구슬(교불)(100508)|1|3|2
2021-03-18 10:32:48|||경험치 구슬(교불)(100508)|1|3|5
2021-03-18 10:32:59|||경험치 구슬(교불)(100508)|1|3|2
2021-03-18 11:08:19|jis8711255|핸콕|경험치 구슬(100507)|1|2000|1026400
2021-03-18 11:08:21|jis8711255|핸콕|경험치 구슬(100507)|1|2000|1024400
2021-03-18 11:08:23|jis8711255|핸콕|경험치 구슬(100507)|1|2000|1022400
2021-03-18 11:08:25|jis8711255|핸콕|경험치 구슬(100507)|1|2000|1020400
2021-03-18 11:09:01|jis8711255|핸콕|진화열매(45009)|1|15000|1005400
2021-03-18 11:15:51|||경험치 구슬(교불)(100508)|1|5|28
2021-03-18 11:15:53|||경험치 구슬(교불)(100508)|1|5|23
2021-03-18 11:29:00|jis871125|루피|진화열매(45009)|1|15000|1417100
2021-03-18 11:29:01|jis871125|루피|진화열매(45009)|1|15000|1402100
2021-03-18 11:29:02|jis871125|루피|진화열매(45009)|1|15000|1387100
2021-03-18 11:44:50|jis871125|루피|Lv4페트 통조림(46018)|1|5000|3382100
2021-03-18 11:56:35|||경험치 구슬(교불)(100508)|1|5|18
2021-03-18 11:56:38|||경험치 구슬(교불)(100508)|1|5|28
2021-03-18 11:58:06|jis8711255|핸콕|진화열매(45009)|1|15000|2990400
2021-03-18 11:58:47|jis8711255|핸콕|Lv4페트 통조림(46018)|1|5000|2985400
2021-03-18 13:06:14|jis871125|루피|Lv4페트 통조림(46018)|1|5000|3377100
2021-03-18 13:54:24|||페트초기화(25150)|1|8|1
2021-03-18 13:54:27|||페트초기화(25150)|1|8|2
2021-03-18 14:31:45|jis8711255|핸콕|진화열매(45009)|1|15000|2970400
2021-03-18 14:53:55|jis8711255|핸콕|경험치 구슬(100507)|1|2000|2968400
2021-03-18 14:53:56|jis8711255|핸콕|경험치 구슬(100507)|1|2000|2966400
2021-03-18 14:53:58|jis8711255|핸콕|경험치 구슬(100507)|1|2000|2964400
2021-03-18 15:27:18|jis8711255|핸콕|Lv4페트 통조림(46018)|1|5000|2959400
2021-03-18 15:47:31|jis871125|루피|Lv4페트 통조림(46018)|1|5000|3372100
2021-03-18 16:48:34|janginsub|깡북이|펜리호리병(40124)|1|6900|428900
2021-03-18 17:04:16|qusrud11|여포왕|맘모스쿠폰(40050)|1|4900|160800
2021-03-18 17:04:17|qusrud11|여포왕|맘모스쿠폰(40050)|1|4900|155900
2021-03-18 17:04:19|qusrud11|여포왕|맘모스쿠폰(40050)|1|4900|151000
2021-03-18 17:04:20|qusrud11|여포왕|맘모스쿠폰(40050)|1|4900|146100
2021-03-18 17:04:21|qusrud11|여포왕|맘모스쿠폰(40050)|1|4900|141200
2021-03-18 17:04:22|qusrud11|여포왕|맘모스쿠폰(40050)|1|4900|136300
2021-03-18 17:04:23|qusrud11|여포왕|맘모스쿠폰(40050)|1|4900|131400
2021-03-18 17:04:24|qusrud11|여포왕|맘모스쿠폰(40050)|1|4900|126500
2021-03-18 17:04:26|qusrud11|여포왕|맘모스쿠폰(40050)|1|4900|121600
2021-03-18 17:04:27|qusrud11|여포왕|맘모스쿠폰(40050)|1|4900|116700
2021-03-18 17:04:29|qusrud11|여포왕|맘모스쿠폰(40050)|1|4900|111800
2021-03-18 17:04:30|qusrud11|여포왕|맘모스쿠폰(40050)|1|4900|106900
2021-03-18 17:04:31|qusrud11|여포왕|맘모스쿠폰(40050)|1|4900|102000
2021-03-18 17:06:03|qusrud11|여포왕|맘모스쿠폰(40050)|1|4900|97100
2021-03-18 17:06:05|qusrud11|여포왕|맘모스쿠폰(40050)|1|4900|92200
2021-03-18 17:06:06|qusrud11|여포왕|맘모스쿠폰(40050)|1|4900|87300
2021-03-18 17:06:07|qusrud11|여포왕|맘모스쿠폰(40050)|1|4900|82400
2021-03-18 17:06:08|qusrud11|여포왕|맘모스쿠폰(40050)|1|4900|77500
2021-03-18 17:06:09|qusrud11|여포왕|맘모스쿠폰(40050)|1|4900|72600
2021-03-18 17:06:10|qusrud11|여포왕|맘모스쿠폰(40050)|1|4900|67700
2021-03-18 17:06:11|qusrud11|여포왕|맘모스쿠폰(40050)|1|4900|62800
2021-03-18 17:08:11|qusrud11|여포왕|일반강화(40039)|1|1000|61800
2021-03-18 17:08:13|qusrud11|여포왕|일반강화(40039)|1|1000|60800
2021-03-18 17:08:15|qusrud11|여포왕|일반강화(40039)|1|1000|59800
2021-03-18 17:08:16|qusrud11|여포왕|일반강화(40039)|1|1000|58800
2021-03-18 17:08:17|qusrud11|여포왕|일반강화(40039)|1|1000|57800
2021-03-18 17:08:18|qusrud11|여포왕|일반강화(40039)|1|1000|56800
2021-03-18 17:08:20|qusrud11|여포왕|일반강화(40039)|1|1000|55800
2021-03-18 17:08:21|qusrud11|여포왕|일반강화(40039)|1|1000|54800
2021-03-18 17:08:22|qusrud11|여포왕|일반강화(40039)|1|1000|53800
2021-03-18 17:08:23|qusrud11|여포왕|일반강화(40039)|1|1000|52800
2021-03-18 17:08:25|qusrud11|여포왕|일반강화(40039)|1|1000|51800
2021-03-18 17:08:26|qusrud11|여포왕|일반강화(40039)|1|1000|50800
2021-03-18 17:09:34|qusrud11|여포왕|일반강화(40039)|1|1000|49800
2021-03-18 17:09:36|qusrud11|여포왕|일반강화(40039)|1|1000|48800
2021-03-18 17:09:37|qusrud11|여포왕|일반강화(40039)|1|1000|47800
2021-03-18 17:09:38|qusrud11|여포왕|일반강화(40039)|1|1000|46800
2021-03-18 17:09:39|qusrud11|여포왕|일반강화(40039)|1|1000|45800
2021-03-18 17:10:02|qusrud11|여포왕|일반강화(40039)|1|1000|44800
2021-03-18 17:10:03|qusrud11|여포왕|일반강화(40039)|1|1000|43800
2021-03-18 17:10:04|qusrud11|여포왕|일반강화(40039)|1|1000|42800
2021-03-18 17:10:05|qusrud11|여포왕|일반강화(40039)|1|1000|41800
2021-03-18 17:10:06|qusrud11|여포왕|일반강화(40039)|1|1000|40800
2021-03-18 17:10:07|qusrud11|여포왕|일반강화(40039)|1|1000|39800
2021-03-18 17:10:08|qusrud11|여포왕|일반강화(40039)|1|1000|38800
2021-03-18 17:10:47|qusrud11|여포왕|일반강화(40039)|1|1000|37800
2021-03-18 17:10:48|qusrud11|여포왕|일반강화(40039)|1|1000|36800
2021-03-18 17:10:49|qusrud11|여포왕|일반강화(40039)|1|1000|35800
2021-03-18 17:10:50|qusrud11|여포왕|일반강화(40039)|1|1000|34800
2021-03-18 17:10:51|qusrud11|여포왕|일반강화(40039)|1|1000|33800
2021-03-18 17:10:52|qusrud11|여포왕|일반강화(40039)|1|1000|32800
2021-03-18 17:12:56|||경험치 구슬(교불)(100508)|1|5|23
2021-03-18 17:16:11|qusrud11|여포왕|맘모스쿠폰(40050)|1|4900|27900
2021-03-18 17:16:12|qusrud11|여포왕|맘모스쿠폰(40050)|1|4900|23000
2021-03-18 17:16:13|qusrud11|여포왕|맘모스쿠폰(40050)|1|4900|18100
2021-03-18 17:16:14|qusrud11|여포왕|맘모스쿠폰(40050)|1|4900|13200
2021-03-18 17:16:14|qusrud11|여포왕|맘모스쿠폰(40050)|1|4900|8300
2021-03-18 17:16:15|qusrud11|여포왕|맘모스쿠폰(40050)|1|4900|3400
2021-03-18 17:18:05|qusrud11|여포왕|일반강화(40039)|1|1000|2400
2021-03-18 17:18:05|qusrud11|여포왕|일반강화(40039)|1|1000|1400
2021-03-18 17:18:06|qusrud11|여포왕|일반강화(40039)|1|1000|400
2021-03-18 17:53:44|jis871125|루피|진화열매(45009)|1|15000|3357100
2021-03-18 17:55:37|kyk9698|파랑|7환생의도끼(100109)|1|8000|171500
2021-03-18 17:58:16|janginsub|깡북이|7환생의도끼(100109)|1|8000|420900
2021-03-18 17:58:24|tndud5233|뚜야|경험치 구슬(100507)|1|2000|224300
2021-03-18 17:58:26|tndud5233|뚜야|경험치 구슬(100507)|1|2000|222300
2021-03-18 17:58:30|tndud5233|뚜야|경험치 구슬(100507)|1|2000|220300
2021-03-18 17:58:32|tndud5233|뚜야|경험치 구슬(100507)|1|2000|218300
2021-03-18 17:58:34|tndud5233|뚜야|경험치 구슬(100507)|1|2000|216300
2021-03-18 17:59:25|jis871125|루피|Lv4페트 통조림(46018)|1|5000|3352100
2021-03-18 18:10:10|kyk9698|파랑|맘모스쿠폰(40050)|1|4900|166600
2021-03-18 18:10:11|kyk9698|파랑|맘모스쿠폰(40050)|1|4900|161700
2021-03-18 18:10:12|kyk9698|파랑|맘모스쿠폰(40050)|1|4900|156800
2021-03-18 18:10:13|kyk9698|파랑|맘모스쿠폰(40050)|1|4900|151900
2021-03-18 18:10:15|kyk9698|파랑|맘모스쿠폰(40050)|1|4900|147000
2021-03-18 18:10:16|kyk9698|파랑|맘모스쿠폰(40050)|1|4900|142100
2021-03-18 18:10:17|kyk9698|파랑|맘모스쿠폰(40050)|1|4900|137200
2021-03-18 18:10:19|kyk9698|파랑|맘모스쿠폰(40050)|1|4900|132300
2021-03-18 18:10:20|kyk9698|파랑|맘모스쿠폰(40050)|1|4900|127400
2021-03-18 18:10:22|kyk9698|파랑|맘모스쿠폰(40050)|1|4900|122500
2021-03-18 18:10:23|kyk9698|파랑|맘모스쿠폰(40050)|1|4900|117600
2021-03-18 18:10:24|kyk9698|파랑|맘모스쿠폰(40050)|1|4900|112700
2021-03-18 18:10:25|kyk9698|파랑|맘모스쿠폰(40050)|1|4900|107800
2021-03-18 18:10:26|kyk9698|파랑|맘모스쿠폰(40050)|1|4900|102900
2021-03-18 18:10:27|kyk9698|파랑|맘모스쿠폰(40050)|1|4900|98000
2021-03-18 18:10:29|kyk9698|파랑|맘모스쿠폰(40050)|1|4900|93100
2021-03-18 18:10:30|kyk9698|파랑|맘모스쿠폰(40050)|1|4900|88200
2021-03-18 18:14:00|yy1212|연두|맘모스쿠폰(40050)|1|4900|230900
2021-03-18 18:14:01|yy1212|연두|맘모스쿠폰(40050)|1|4900|226000
2021-03-18 18:14:03|yy1212|연두|맘모스쿠폰(40050)|1|4900|221100
2021-03-18 18:14:04|yy1212|연두|맘모스쿠폰(40050)|1|4900|216200
2021-03-18 18:14:05|yy1212|연두|맘모스쿠폰(40050)|1|4900|211300
2021-03-18 18:14:06|yy1212|연두|맘모스쿠폰(40050)|1|4900|206400
2021-03-18 18:14:07|yy1212|연두|맘모스쿠폰(40050)|1|4900|201500
2021-03-18 18:14:09|yy1212|연두|맘모스쿠폰(40050)|1|4900|196600
2021-03-18 18:14:10|yy1212|연두|맘모스쿠폰(40050)|1|4900|191700
2021-03-18 18:14:11|yy1212|연두|맘모스쿠폰(40050)|1|4900|186800
2021-03-18 18:15:24|kyk9698|파랑|Lv4페트 통조림(46018)|1|5000|83200
2021-03-18 18:20:11|yy1212|연두|Lv4페트 통조림(46018)|1|5000|181800
2021-03-18 18:21:28|||경험치 구슬(교불)(100508)|1|3|4
2021-03-18 18:21:30|||경험치 구슬(교불)(100508)|1|3|1
2021-03-18 18:42:50|tndud5233|뚜야|진화열매(45009)|1|15000|201300
2021-03-18 18:47:28|hihoce|마루|3회창(94001)|1|30000|80000
2021-03-18 19:48:00|smn0302|소문|맘모스쿠폰(40050)|1|4900|50500
2021-03-18 19:48:02|smn0302|소문|맘모스쿠폰(40050)|1|4900|45600
2021-03-18 19:48:04|smn0302|소문|맘모스쿠폰(40050)|1|4900|40700
2021-03-18 19:48:06|smn0302|소문|맘모스쿠폰(40050)|1|4900|35800
2021-03-18 19:48:08|smn0302|소문|맘모스쿠폰(40050)|1|4900|30900
2021-03-18 19:48:11|smn0302|소문|맘모스쿠폰(40050)|1|4900|26000
2021-03-18 19:48:13|smn0302|소문|맘모스쿠폰(40050)|1|4900|21100
2021-03-18 19:48:16|smn0302|소문|맘모스쿠폰(40050)|1|4900|16200
2021-03-18 19:53:01|smn0302|소문|맘모스쿠폰(40050)|1|4900|11300
2021-03-18 19:53:03|smn0302|소문|맘모스쿠폰(40050)|1|4900|6400
2021-03-18 19:53:05|smn0302|소문|맘모스쿠폰(40050)|1|4900|1500
2021-03-18 20:02:33|yy1212|연두|Lv4페트 통조림(46018)|1|5000|176800
2021-03-18 20:15:10|comic200|공|맘모스쿠폰(40050)|1|4900|50100
2021-03-18 20:15:12|comic200|공|맘모스쿠폰(40050)|1|4900|45200
2021-03-18 20:15:14|comic200|공|맘모스쿠폰(40050)|1|4900|40300
2021-03-18 20:15:15|comic200|공|맘모스쿠폰(40050)|1|4900|35400
2021-03-18 20:15:16|comic200|공|맘모스쿠폰(40050)|1|4900|30500
2021-03-18 20:15:19|comic200|공|맘모스쿠폰(40050)|1|4900|25600
2021-03-18 20:15:20|comic200|공|맘모스쿠폰(40050)|1|4900|20700
2021-03-18 20:15:21|comic200|공|맘모스쿠폰(40050)|1|4900|15800
2021-03-18 20:15:23|comic200|공|맘모스쿠폰(40050)|1|4900|10900
2021-03-18 20:15:24|comic200|공|맘모스쿠폰(40050)|1|4900|6000
2021-03-18 20:27:16|jis871125|루피|맘모스쿠폰(40050)|1|4900|3347200
2021-03-18 20:27:17|jis871125|루피|맘모스쿠폰(40050)|1|4900|3342300
2021-03-18 20:27:19|jis871125|루피|맘모스쿠폰(40050)|1|4900|3337400
2021-03-18 20:27:20|jis871125|루피|맘모스쿠폰(40050)|1|4900|3332500
2021-03-18 20:27:21|jis871125|루피|맘모스쿠폰(40050)|1|4900|3327600
2021-03-18 20:27:22|jis871125|루피|맘모스쿠폰(40050)|1|4900|3322700
2021-03-18 20:27:24|jis871125|루피|맘모스쿠폰(40050)|1|4900|3317800
2021-03-18 20:27:25|jis871125|루피|맘모스쿠폰(40050)|1|4900|3312900
2021-03-18 20:27:26|jis871125|루피|맘모스쿠폰(40050)|1|4900|3308000
2021-03-18 20:27:28|jis871125|루피|맘모스쿠폰(40050)|1|4900|3303100
2021-03-18 20:27:36|jis871125|루피|맘모스쿠폰(40050)|1|4900|3298200
2021-03-18 20:36:05|jis871125|루피|Lv4페트 통조림(46018)|1|5000|3293200
2021-03-18 21:38:03|yy1212|연두|진화열매(45009)|1|15000|161800
2021-03-18 21:38:04|yy1212|연두|진화열매(45009)|1|15000|146800
2021-03-18 21:38:27|gmlcks12|에이스|맘모스쿠폰(40050)|1|4900|17100
2021-03-18 21:38:29|gmlcks12|에이스|맘모스쿠폰(40050)|1|4900|12200
2021-03-18 21:38:31|gmlcks12|에이스|맘모스쿠폰(40050)|1|4900|7300
2021-03-18 21:38:32|gmlcks12|에이스|맘모스쿠폰(40050)|1|4900|2400
2021-03-18 21:42:24|yy1212|연두|Lv4페트 통조림(46018)|1|5000|141800
2021-03-18 21:43:09|kyk9698|파랑|진화열매(45009)|1|15000|68200
2021-03-18 21:51:34|kby6325|오르곤|3회창(94001)|1|30000|27000
2021-03-18 21:51:40|kby6328|노르곤2|3회창(94001)|1|30000|33700
2021-03-18 23:06:05|jis871125|루피|진화열매(45009)|1|15000|3278200
2021-03-18 23:08:58|jis871125|루피|Lv4페트 통조림(46018)|1|5000|3273200
2021-03-18 23:19:47|kyk9698|파랑|Lv4페트 통조림(46018)|1|5000|563200
2021-03-18 23:46:13|tndud5233|뚜야|1환생의도끼(100103)|1|1000|200300
2021-03-18 23:51:15|tndud5233|뚜야|맘모스쿠폰(40050)|1|4900|195400
2021-03-18 23:51:17|tndud5233|뚜야|맘모스쿠폰(40050)|1|4900|190500
2021-03-18 23:51:17|qusrud11|여포왕|맘모스쿠폰(40050)|1|4900|215500
2021-03-18 23:51:18|tndud5233|뚜야|맘모스쿠폰(40050)|1|4900|185600
2021-03-18 23:51:18|qusrud11|여포왕|맘모스쿠폰(40050)|1|4900|210600
2021-03-18 23:51:19|tndud5233|뚜야|맘모스쿠폰(40050)|1|4900|180700
2021-03-18 23:51:19|tndud5233|뚜야|맘모스쿠폰(40050)|1|4900|175800
2021-03-18 23:51:20|qusrud11|여포왕|맘모스쿠폰(40050)|1|4900|205700
2021-03-18 23:51:21|qusrud11|여포왕|맘모스쿠폰(40050)|1|4900|200800
2021-03-18 23:52:11|tndud5233|뚜야|맘모스쿠폰(40050)|1|4900|170900
2021-03-18 23:52:12|tndud5233|뚜야|맘모스쿠폰(40050)|1|4900|166000
2021-03-18 23:52:13|tndud5233|뚜야|맘모스쿠폰(40050)|1|4900|161100
2021-03-18 23:52:14|tndud5233|뚜야|맘모스쿠폰(40050)|1|4900|156200
2021-03-18 23:52:15|tndud5233|뚜야|맘모스쿠폰(40050)|1|4900|151300
2021-03-18 23:52:16|tndud5233|뚜야|맘모스쿠폰(40050)|1|4900|146400
2021-03-18 23:52:56|tndud5233|뚜야|맘모스쿠폰(40050)|1|4900|141500
2021-03-18 23:52:57|tndud5233|뚜야|맘모스쿠폰(40050)|1|4900|136600
2021-03-18 23:52:57|tndud5233|뚜야|맘모스쿠폰(40050)|1|4900|131700
2021-03-18 23:52:59|tndud5233|뚜야|맘모스쿠폰(40050)|1|4900|126800
2021-03-18 23:53:00|tndud5233|뚜야|맘모스쿠폰(40050)|1|4900|121900
2021-03-18 23:53:01|tndud5233|뚜야|맘모스쿠폰(40050)|1|4900|117000
2021-03-18 23:53:02|tndud5233|뚜야|맘모스쿠폰(40050)|1|4900|112100
2021-03-18 23:53:03|tndud5233|뚜야|맘모스쿠폰(40050)|1|4900|107200
