2021-04-07 00:00:39|tndud5233|뚜야|Lv4페트 통조림(46018)|1|5000|120900
2021-04-07 00:04:58|||경험치 구슬(교불)(100508)|1|3|2
2021-04-07 00:08:39|ehwls1235|도진|VIP페트뽑기박스(40196)|1|7900|3200
2021-04-07 00:13:52|tndud5233|뚜야|VIP페트뽑기박스(40196)|1|7900|113000
2021-04-07 00:13:54|tndud5233|뚜야|VIP페트뽑기박스(40196)|1|7900|105100
2021-04-07 00:22:51|||페트초기화(25150)|1|8|19
2021-04-07 00:22:53|||페트초기화(25150)|1|8|11
2021-04-07 00:46:01|||30만스톤 수표(100033)|1|4|8
2021-04-07 00:46:03|||30만스톤 수표(100033)|1|4|4
2021-04-07 00:46:17|||30만스톤 수표(100033)|1|4|12
2021-04-07 06:47:40|jsw1195|불량소년|Lv4페트 통조림(46018)|1|5000|0
2021-04-07 09:59:24|||경험치 구슬(교불)(100508)|1|5|6
2021-04-07 09:59:25|||경험치 구슬(교불)(100508)|1|5|1
2021-04-07 10:28:21|||경험치 구슬(교불)(100508)|1|5|7
2021-04-07 10:28:22|||경험치 구슬(교불)(100508)|1|5|2
2021-04-07 10:28:30|||페트초기화(25150)|1|8|0
2021-04-07 15:11:44|||경험치 구슬(교불)(100508)|1|3|16
2021-04-07 15:11:46|||경험치 구슬(교불)(100508)|1|3|13
2021-04-07 15:11:48|||30만스톤 수표(100033)|1|4|9
2021-04-07 15:11:50|||30만스톤 수표(100033)|1|4|5
2021-04-07 15:11:52|||경험치 구슬(교불)(100508)|1|3|2
2021-04-07 15:12:13|||30만스톤 수표(100033)|1|4|7
2021-04-07 15:13:12|||경험치 구슬(교불)(100508)|1|3|4
2021-04-07 15:13:14|||경험치 구슬(교불)(100508)|1|3|1
2021-04-07 17:08:46|bering29|쌈조|맘모스쿠폰(40050)|1|4900|95100
2021-04-07 17:08:48|bering29|쌈조|맘모스쿠폰(40050)|1|4900|90200
2021-04-07 17:08:49|bering29|쌈조|맘모스쿠폰(40050)|1|4900|85300
2021-04-07 17:08:51|bering29|쌈조|맘모스쿠폰(40050)|1|4900|80400
2021-04-07 17:08:52|bering29|쌈조|맘모스쿠폰(40050)|1|4900|75500
2021-04-07 17:11:00|bering29|쌈조|맘모스쿠폰(40050)|1|4900|70600
2021-04-07 17:11:02|bering29|쌈조|맘모스쿠폰(40050)|1|4900|65700
2021-04-07 17:11:03|bering29|쌈조|맘모스쿠폰(40050)|1|4900|60800
2021-04-07 17:11:04|bering29|쌈조|맘모스쿠폰(40050)|1|4900|55900
2021-04-07 17:11:05|bering29|쌈조|맘모스쿠폰(40050)|1|4900|51000
2021-04-07 17:15:19|bering29|쌈조|페트초기화5개(25152)|1|4000|47000
2021-04-07 17:17:53|bering29|쌈조|풍백호리병(40119)|1|6900|40100
2021-04-07 17:18:01|bering29|쌈조|파이어킹스드래곤호리병(40115)|1|6900|33200
2021-04-07 17:19:08|bering29|쌈조|페트초기화5개(25152)|1|4000|29200
2021-04-07 17:23:57|bering29|쌈조|페트초기화5개(25152)|1|4000|25200
2021-04-07 17:39:15|bering29|쌈조|아이스드래곤호리병(40113)|1|6900|18300
2021-04-07 17:56:14|bering29|쌈조|맘모스쿠폰(40050)|1|4900|13400
2021-04-07 17:56:16|bering29|쌈조|맘모스쿠폰(40050)|1|4900|8500
2021-04-07 17:56:17|bering29|쌈조|맘모스쿠폰(40050)|1|4900|3600
2021-04-07 18:54:29|||경험치 구슬(교불)(100508)|1|3|0
2021-04-07 18:56:56|||갈푸스퀘 깃털(100130)|1|4|13
2021-04-07 18:57:03|||갈푸스퀘 깃털(100130)|1|4|5
2021-04-07 19:30:30|jis871125|루피|Lv4페트 통조림(46018)|1|5000|2775500
2021-04-07 20:01:17|jis8711255|핸콕|경험치 구슬(100507)|1|2000|2665500
2021-04-07 20:01:18|jis8711255|핸콕|경험치 구슬(100507)|1|2000|2663500
2021-04-07 20:01:19|jis8711255|핸콕|경험치 구슬(100507)|1|2000|2661500
2021-04-07 20:13:25|bering29|쌈조|바우트호리병(40138)|1|6900|46700
2021-04-07 20:14:03|bering29|쌈조|다크론호리병(40132)|1|6900|39800
2021-04-07 20:17:34|bering29|쌈조|맘모스쿠폰(40050)|1|4900|34900
2021-04-07 20:17:35|bering29|쌈조|맘모스쿠폰(40050)|1|4900|30000
2021-04-07 20:17:37|bering29|쌈조|맘모스쿠폰(40050)|1|4900|25100
2021-04-07 20:17:39|bering29|쌈조|맘모스쿠폰(40050)|1|4900|20200
2021-04-07 20:47:53|||경험치 구슬(교불)(100508)|1|3|19
2021-04-07 20:47:55|||경험치 구슬(교불)(100508)|1|3|16
2021-04-07 20:49:54|||노르가르호리병(40155)|1|15|15
2021-04-07 20:50:13|||페트초기화(25150)|1|8|7
2021-04-07 22:19:14|||경험치 구슬(교불)(100508)|1|3|3
2021-04-07 22:19:16|||경험치 구슬(교불)(100508)|1|3|0
2021-04-07 22:37:16|||경험치 구슬(교불)(100508)|1|3|1
2021-04-07 22:58:36|||경험치 구슬(교불)(100508)|1|5|163
2021-04-07 22:58:37|||경험치 구슬(교불)(100508)|1|5|158
2021-04-07 22:58:38|||경험치 구슬(교불)(100508)|1|5|153
2021-04-07 22:58:40|||경험치 구슬(교불)(100508)|1|5|148
2021-04-07 22:58:41|||경험치 구슬(교불)(100508)|1|5|143
2021-04-07 22:58:43|||경험치 구슬(교불)(100508)|1|5|138
2021-04-07 22:58:44|||경험치 구슬(교불)(100508)|1|5|133
2021-04-07 22:58:52|||경험치 구슬(교불)(100508)|1|5|128
2021-04-07 22:59:07|||경험치 구슬(교불)(100508)|1|5|129
2021-04-07 22:59:13|||경험치 구슬(교불)(100508)|1|5|124
2021-04-07 22:59:17|||경험치 구슬(교불)(100508)|1|5|123
2021-04-07 22:59:59|||페트초기화(25150)|1|8|8
2021-04-07 23:00:27|||페트초기화(25150)|1|8|0
2021-04-07 23:01:17|||페트초기화(25150)|1|8|8
2021-04-07 23:02:47|||갈푸스퀘 깃털(100130)|1|4|16
2021-04-07 23:02:51|||갈푸스퀘 깃털(100130)|1|4|16
2021-04-07 23:04:02|||페트초기화(25150)|1|8|0
2021-04-07 23:06:02|||갈푸스퀘 깃털(100130)|1|4|12
2021-04-07 23:06:07|||갈푸스퀘 깃털(100130)|1|4|12
2021-04-07 23:08:50|||갈푸스퀘 깃털(100130)|1|4|8
2021-04-07 23:08:56|||갈푸스퀘 깃털(100130)|1|4|8
2021-04-07 23:10:06|jis871125|루피|부루마루호리병(40199)|1|6900|2768600
2021-04-07 23:10:53|||갈푸스퀘 깃털(100130)|1|4|4
2021-04-07 23:10:59|||갈푸스퀘 깃털(100130)|1|4|4
2021-04-07 23:13:15|||갈푸스퀘 깃털(100130)|1|4|0
2021-04-07 23:13:19|||갈푸스퀘 깃털(100130)|1|4|0
