2021-03-15 00:14:51|yk3024|콩콩이|샤크론호리병(40133)|1|6900|13100
2021-03-15 01:24:34|jis8711255|핸콕|경험치 구슬(100507)|1|2000|1267900
2021-03-15 01:24:35|jis8711255|핸콕|경험치 구슬(100507)|1|2000|1265900
2021-03-15 01:43:34|jis8711255|핸콕|6환생의도끼(100108)|1|5000|1260900
2021-03-15 01:47:29|axz0164|니니즈|3환생의도끼(100105)|1|2500|2500
2021-03-15 01:47:46|axz0164|니니즈|3환생의도끼(100105)|1|2500|0
2021-03-15 01:51:24|jis8711255|핸콕|경험치 구슬(100507)|1|2000|1258900
2021-03-15 01:51:26|jis8711255|핸콕|경험치 구슬(100507)|1|2000|1256900
2021-03-15 01:51:27|jis8711255|핸콕|경험치 구슬(100507)|1|2000|1254900
2021-03-15 01:51:30|jis8711255|핸콕|경험치 구슬(100507)|1|2000|1252900
2021-03-15 01:51:31|jis8711255|핸콕|경험치 구슬(100507)|1|2000|1250900
2021-03-15 02:12:23|yk3024|콩콩이|(-1)|1|0|13100
2021-03-15 07:51:25|jis8711255|핸콕|7환생의도끼(100109)|1|8000|1242900
2021-03-15 07:52:44|jis8711255|핸콕|경험치 구슬(100507)|1|2000|1240900
2021-03-15 07:52:46|jis8711255|핸콕|경험치 구슬(100507)|1|2000|1238900
2021-03-15 07:52:47|jis8711255|핸콕|경험치 구슬(100507)|1|2000|1236900
2021-03-15 07:55:08|jis871125|루피|경험치 구슬(100507)|1|2000|1598400
2021-03-15 07:55:10|jis871125|루피|경험치 구슬(100507)|1|2000|1596400
2021-03-15 07:55:11|jis871125|루피|경험치 구슬(100507)|1|2000|1594400
2021-03-15 07:55:13|jis871125|루피|경험치 구슬(100507)|1|2000|1592400
2021-03-15 07:55:14|jis871125|루피|경험치 구슬(100507)|1|2000|1590400
2021-03-15 07:55:15|jis871125|루피|경험치 구슬(100507)|1|2000|1588400
2021-03-15 10:47:03|jis871125|루피|샤우트호리병(40139)|1|6900|1581500
2021-03-15 10:47:04|jis871125|루피|샤우트호리병(40139)|1|6900|1574600
2021-03-15 10:47:54|jis871125|루피|페트초기화5개(25152)|1|4000|1570600
2021-03-15 10:47:57|jis871125|루피|페트초기화5개(25152)|1|4000|1566600
2021-03-15 10:48:00|jis871125|루피|페트초기화5개(25152)|1|4000|1562600
2021-03-15 10:58:28|jis871125|루피|Lv4페트 통조림(46018)|1|5000|1557600
2021-03-15 12:07:09|jis8711255|핸콕|Lv4페트 통조림(46018)|1|5000|1231900
2021-03-15 12:14:06|jis8711255|핸콕|Lv4페트 통조림(46018)|1|5000|1226900
2021-03-15 13:50:29|jis8711255|핸콕|스피노호리병(40123)|1|6900|1220000
2021-03-15 13:50:31|jis8711255|핸콕|스피노호리병(40123)|1|6900|1213100
2021-03-15 13:50:33|jis8711255|핸콕|스피노호리병(40123)|1|6900|1206200
2021-03-15 13:50:34|jis8711255|핸콕|스피노호리병(40123)|1|6900|1199300
2021-03-15 14:05:31|jis8711255|핸콕|청룡호리병(40118)|1|6900|1192400
2021-03-15 14:05:33|jis8711255|핸콕|청룡호리병(40118)|1|6900|1185500
2021-03-15 14:05:35|jis8711255|핸콕|청룡호리병(40118)|1|6900|1178600
2021-03-15 14:05:37|jis8711255|핸콕|청룡호리병(40118)|1|6900|1171700
2021-03-15 14:05:39|jis8711255|핸콕|청룡호리병(40118)|1|6900|1164800
2021-03-15 14:05:51|jis8711255|핸콕|페트초기화5개(25152)|1|4000|1160800
2021-03-15 14:05:53|jis8711255|핸콕|페트초기화5개(25152)|1|4000|1156800
2021-03-15 14:05:54|jis8711255|핸콕|페트초기화5개(25152)|1|4000|1152800
2021-03-15 14:05:55|jis8711255|핸콕|페트초기화5개(25152)|1|4000|1148800
2021-03-15 14:05:57|jis8711255|핸콕|페트초기화5개(25152)|1|4000|1144800
2021-03-15 14:33:50|jis8711255|핸콕|Lv4페트 통조림(46018)|1|5000|1139800
2021-03-15 14:45:08|jis871125|루피|청룡호리병(40118)|1|6900|1550700
2021-03-15 14:45:10|jis871125|루피|청룡호리병(40118)|1|6900|1543800
2021-03-15 14:45:11|jis871125|루피|청룡호리병(40118)|1|6900|1536900
2021-03-15 14:45:12|jis871125|루피|청룡호리병(40118)|1|6900|1530000
2021-03-15 14:54:54|axz0164|니니즈|경험치 구슬(100507)|1|2000|0
2021-03-15 15:03:00|qusrud11|여포왕|현무호리병(40117)|1|6900|94000
2021-03-15 15:04:56|qusrud11|여포왕|페트초기화5개(25152)|1|4000|90000
2021-03-15 15:17:13|jis871125|루피|Lv4페트 통조림(46018)|1|5000|1525000
2021-03-15 16:11:24|qusrud11|여포왕|현무호리병(40117)|1|6900|83100
2021-03-15 16:12:01|qusrud11|여포왕|페트초기화5개(25152)|1|4000|79100
2021-03-15 16:23:49|janginsub|깡북이|바람소년 상자(22121)|1|6900|1014500
2021-03-15 16:29:24|qusrud11|여포왕|구루마루호리병(40126)|1|6900|72200
2021-03-15 16:29:29|qusrud11|여포왕|페트초기화5개(25152)|1|4000|68200
2021-03-15 16:35:59|qusrud11|여포왕|구루마루호리병(40126)|1|6900|61300
2021-03-15 16:36:02|qusrud11|여포왕|구루마루호리병(40126)|1|6900|54400
2021-03-15 16:36:07|qusrud11|여포왕|페트초기화5개(25152)|1|4000|50400
2021-03-15 16:36:08|qusrud11|여포왕|페트초기화5개(25152)|1|4000|46400
2021-03-15 18:12:13|janginsub|깡북이|울보소녀 상자(22119)|1|6900|1007600
2021-03-15 18:13:08|janginsub|깡북이|샤크론호리병(40133)|1|6900|1000700
2021-03-15 18:13:09|janginsub|깡북이|샤크론호리병(40133)|1|6900|993800
2021-03-15 19:04:47|yy1212|연두|5환생의도끼(100107)|1|4000|472800
2021-03-15 19:04:49|yy1212|연두|5환생의도끼(100107)|1|4000|468800
2021-03-15 19:04:51|yy1212|연두|6환생의도끼(100108)|1|5000|463800
2021-03-15 19:04:52|yy1212|연두|6환생의도끼(100108)|1|5000|458800
2021-03-15 19:21:52|cm900|유혹|500만스톤 수표(100045)|1|4000|46000
2021-03-15 19:54:38|tjrrnr|쿠노하리|(-1)|1|0|0
2021-03-15 19:54:46|jis8711255|핸콕|경험치 구슬(100507)|1|2000|1137800
2021-03-15 19:54:48|jis8711255|핸콕|경험치 구슬(100507)|1|2000|1135800
2021-03-15 19:54:49|jis8711255|핸콕|경험치 구슬(100507)|1|2000|1133800
2021-03-15 20:06:12|lkl8611|돌북이|툰가 상자(22122)|1|4900|185403
2021-03-15 20:24:43|cm900|유혹|장인의강화(40054)|1|5000|41000
2021-03-15 20:24:44|cm900|유혹|장인의강화(40054)|1|5000|36000
2021-03-15 20:24:45|cm900|유혹|장인의강화(40054)|1|5000|31000
2021-03-15 20:24:47|cm900|유혹|장인의강화(40054)|1|5000|26000
2021-03-15 20:25:39|cm900|유혹|일반강화(40039)|1|1000|25000
2021-03-15 20:25:41|cm900|유혹|일반강화(40039)|1|1000|24000
2021-03-15 20:25:42|cm900|유혹|일반강화(40039)|1|1000|23000
2021-03-15 20:25:43|cm900|유혹|일반강화(40039)|1|1000|22000
2021-03-15 20:25:45|cm900|유혹|일반강화(40039)|1|1000|21000
2021-03-15 20:26:06|cm900|유혹|일반강화(40039)|1|1000|20000
2021-03-15 20:26:08|cm900|유혹|일반강화(40039)|1|1000|19000
2021-03-15 20:26:09|cm900|유혹|고급강화(40040)|1|3000|16000
2021-03-15 20:26:51|cm900|유혹|일반강화(40039)|1|1000|15000
2021-03-15 20:26:52|cm900|유혹|일반강화(40039)|1|1000|14000
2021-03-15 20:26:53|cm900|유혹|일반강화(40039)|1|1000|13000
2021-03-15 20:26:54|cm900|유혹|일반강화(40039)|1|1000|12000
2021-03-15 20:27:10|cm900|유혹|일반강화(40039)|1|1000|11000
2021-03-15 20:54:09|rmfotj016|장첸|100만스톤 수표(100041)|1|1000|3200
2021-03-15 21:02:35|cm900|유혹|100만스톤 수표(100041)|1|1000|10000
2021-03-15 21:56:20|qusrud11|여포왕|구루마루호리병(40126)|1|6900|39500
2021-03-15 22:05:43|qusrud11|여포왕|페트초기화5개(25152)|1|4000|35500
2021-03-15 22:07:40|qusrud11|여포왕|구루마루호리병(40126)|1|6900|28600
2021-03-15 22:16:07|qusrud11|여포왕|페트초기화5개(25152)|1|4000|24600
2021-03-15 22:18:25|qusrud11|여포왕|현무호리병(40117)|1|6900|17700
2021-03-15 22:20:33|jis871125|루피|5환생의도끼(100107)|1|4000|1521000
2021-03-15 22:20:34|jis871125|루피|6환생의도끼(100108)|1|5000|1516000
2021-03-15 22:20:37|jis871125|루피|7환생의도끼(100109)|1|8000|1508000
2021-03-15 22:23:13|jis871125|루피|장인의강화(40054)|1|5000|1503000
2021-03-15 22:25:44|qusrud11|여포왕|페트초기화5개(25152)|1|4000|13700
2021-03-15 22:28:52|qusrud11|여포왕|현무호리병(40117)|1|6900|6800
