2021-03-07 01:51:50|kk1212|노북이|청룡호리병(40118)|1|6900|4993100
2021-03-07 01:52:40|kk1212|노북이|샤우트호리병(40139)|1|6900|4986200
2021-03-07 10:28:39|janginsub|깡북이|황금자루(25151)|1|15000|485000
2021-03-07 10:28:44|janginsub|깡북이|황금자루(25151)|1|15000|470000
2021-03-07 15:23:42|kk1212|노북이|황금자루(25151)|1|15000|4971200
2021-03-07 15:23:43|kk1212|노북이|황금자루(25151)|1|15000|4956200
2021-03-07 15:24:08|kk1212|노북이|Lv4페트 통조림(46018)|1|5000|4951200
2021-03-07 15:24:15|kk1212|노북이|Lv4페트 통조림(46017)|1|5000|4946200
2021-03-07 15:24:18|kk1212|노북이|Lv4페트 통조림(46019)|1|5000|4941200
2021-03-07 15:24:19|kk1212|노북이|Lv4페트 통조림(46020)|1|5000|4936200
2021-03-07 15:26:04|kk1212|노북이|Lv4페트 통조림(46017)|1|5000|4931200
2021-03-07 15:26:07|kk1212|노북이|Lv4페트 통조림(46017)|1|5000|4926200
2021-03-07 15:26:08|kk1212|노북이|Lv4페트 통조림(46017)|1|5000|4921200
2021-03-07 15:26:09|kk1212|노북이|Lv4페트 통조림(46018)|1|5000|4916200
2021-03-07 15:26:10|kk1212|노북이|Lv4페트 통조림(46018)|1|5000|4911200
2021-03-07 15:26:11|kk1212|노북이|Lv4페트 통조림(46018)|1|5000|4906200
2021-03-07 15:26:12|kk1212|노북이|Lv4페트 통조림(46019)|1|5000|4901200
2021-03-07 15:26:13|kk1212|노북이|Lv4페트 통조림(46019)|1|5000|4896200
2021-03-07 15:26:14|kk1212|노북이|Lv4페트 통조림(46019)|1|5000|4891200
2021-03-07 15:26:15|kk1212|노북이|Lv4페트 통조림(46020)|1|5000|4886200
2021-03-07 15:26:16|kk1212|노북이|Lv4페트 통조림(46020)|1|5000|4881200
2021-03-07 15:26:17|kk1212|노북이|Lv4페트 통조림(46020)|1|5000|4876200
2021-03-07 16:07:03|janginsub|깡북이|Lv4페트 통조림(46018)|1|5000|465000
2021-03-07 17:48:30|lkl8611|돌북이|(-1)|1|-1|1
2021-03-07 17:48:41|lkl8611|돌북이|(-1)|1|-1|2
2021-03-07 18:11:49|lkl8611|돌북이|충성구슬(100001)|1|0|2
2021-03-07 18:12:14|lkl8611|돌북이|(-1)|1|0|2
2021-03-07 20:03:57|cm901|바람|(-1)|1|0|7000
2021-03-07 20:15:45|jis871125|루피|갈푸스호리병(40130)|1|6900|10100
2021-03-07 20:23:14|kokopp345|나바리|울푸스호리병(40131)|1|6900|100
2021-03-07 21:18:07|destop123|짱구|바람소년 상자(22121)|1|6900|100
2021-03-07 21:29:36|kk1212|노북이|바람소년 상자(22121)|1|6900|4876300
2021-03-07 21:31:54|kk1212|노북이|바람소년 상자(22121)|1|6900|4899400
2021-03-07 21:31:55|kk1212|노북이|바람소년 상자(22121)|1|6900|4892500
2021-03-07 21:32:24|kk1212|노북이|바람소년 상자(22121)|1|6900|4885600
2021-03-07 21:32:25|kk1212|노북이|바람소년 상자(22121)|1|6900|4878700
2021-03-07 21:32:27|kk1212|노북이|바람소년 상자(22121)|1|6900|4871800
2021-03-07 21:32:51|kk1212|노북이|바람소년 상자(22121)|1|6900|4864900
2021-03-07 21:32:52|kk1212|노북이|바람소년 상자(22121)|1|6900|4858000
2021-03-07 21:32:53|kk1212|노북이|바람소년 상자(22121)|1|6900|4851100
2021-03-07 21:32:54|kk1212|노북이|바람소년 상자(22121)|1|6900|4844200
2021-03-07 21:32:55|kk1212|노북이|바람소년 상자(22121)|1|6900|4837300
2021-03-07 21:33:20|kk1212|노북이|바람소년 상자(22121)|1|6900|4830400
2021-03-07 21:33:21|kk1212|노북이|바람소년 상자(22121)|1|6900|4823500
2021-03-07 21:33:22|kk1212|노북이|바람소년 상자(22121)|1|6900|4816600
2021-03-07 21:33:23|kk1212|노북이|바람소년 상자(22121)|1|6900|4809700
2021-03-07 21:34:38|kk1212|노북이|바람소년 상자(22121)|1|6900|4802800
2021-03-07 21:34:39|kk1212|노북이|바람소년 상자(22121)|1|6900|4795900
2021-03-07 21:34:40|kk1212|노북이|바람소년 상자(22121)|1|6900|4789000
2021-03-07 21:39:11|destop123|짱구|바람소년 상자(22121)|1|6900|10200
2021-03-07 22:04:38|destop123|짱구|샤우트호리병(40139)|1|6900|3300
2021-03-07 22:10:03|cm901|바람|풍백호리병(40119)|1|6900|100
2021-03-07 22:10:39|ody1437|두리|바우트호리병(40138)|1|6900|100
2021-03-07 22:22:41|destop123|짱구|페트초기화(25150)|1|1000|2300
2021-03-07 22:22:47|jis871125|루피|100만스톤 수표(100041)|1|1000|9100
2021-03-07 22:25:54|destop123|짱구|페트초기화(25150)|1|1000|1300
2021-03-07 22:29:46|destop123|짱구|페트초기화(25150)|1|1000|300
2021-03-07 22:47:49|destop123|짱구|바람소년 상자(22121)|1|6900|26400
2021-03-07 22:49:33|destop123|짱구|샤크론호리병(40133)|1|6900|19500
2021-03-07 22:50:21|destop123|짱구|페트초기화5개(25152)|1|4000|15500
2021-03-07 22:55:36|jis871125|루피|기린호리병(40144)|1|6900|2200
2021-03-07 22:57:45|jis871125|루피|페트초기화(25150)|1|1000|1200
2021-03-07 23:02:12|destop123|짱구|샤크론호리병(40133)|1|6900|8600
2021-03-07 23:02:33|jis871125|루피|페트초기화5개(25152)|1|4000|197200
2021-03-07 23:02:37|yy1212|연두|울보소녀 상자(22119)|1|6900|100
2021-03-07 23:08:21|destop123|짱구|페트초기화(25150)|1|1000|7600
2021-03-07 23:08:37|yy1212|연두|다크론호리병(40132)|1|6900|93200
2021-03-07 23:08:42|jis871125|루피|샤크론호리병(40133)|1|6900|190300
2021-03-07 23:09:25|yy1212|연두|페트초기화5개(25152)|1|4000|89200
2021-03-07 23:10:54|jis871125|루피|페트초기화5개(25152)|1|4000|186300
2021-03-07 23:10:56|jis871125|루피|페트초기화5개(25152)|1|4000|182300
2021-03-07 23:15:51|destop123|짱구|페트초기화(25150)|1|1000|6600
2021-03-07 23:19:07|destop123|짱구|페트초기화5개(25152)|1|4000|2600
2021-03-07 23:21:16|jis871125|루피|샤크론호리병(40133)|1|6900|175400
2021-03-07 23:21:38|jis871125|루피|샤크론호리병(40133)|1|6900|168500
2021-03-07 23:21:40|jis871125|루피|샤크론호리병(40133)|1|6900|161600
2021-03-07 23:27:13|jis871125|루피|페트초기화5개(25152)|1|4000|157600
2021-03-07 23:27:16|jis871125|루피|페트초기화5개(25152)|1|4000|153600
2021-03-07 23:30:50|smn0302|소문|다크론호리병(40132)|1|6900|100
2021-03-07 23:43:14|yy1212|연두|다크론호리병(40132)|1|6900|82300
2021-03-07 23:43:29|yy1212|연두|다크론호리병(40132)|1|6900|75400
2021-03-07 23:43:47|yy1212|연두|페트초기화5개(25152)|1|4000|71400
2021-03-07 23:43:48|yy1212|연두|페트초기화5개(25152)|1|4000|67400
2021-03-07 23:43:49|yy1212|연두|페트초기화5개(25152)|1|4000|63400
2021-03-07 23:46:47|yy1212|연두|다크론호리병(40132)|1|6900|56500
2021-03-07 23:46:49|yy1212|연두|다크론호리병(40132)|1|6900|49600
2021-03-07 23:46:50|yy1212|연두|다크론호리병(40132)|1|6900|42700
2021-03-07 23:47:24|yy1212|연두|페트초기화5개(25152)|1|4000|38700
2021-03-07 23:47:26|yy1212|연두|페트초기화5개(25152)|1|4000|34700
2021-03-07 23:47:27|yy1212|연두|페트초기화5개(25152)|1|4000|30700
2021-03-07 23:49:55|yy1212|연두|다크론호리병(40132)|1|6900|23800
2021-03-07 23:49:57|yy1212|연두|다크론호리병(40132)|1|6900|16900
2021-03-07 23:49:58|yy1212|연두|다크론호리병(40132)|1|6900|10000
2021-03-07 23:50:08|yy1212|연두|페트초기화5개(25152)|1|4000|6000
2021-03-07 23:50:09|yy1212|연두|페트초기화5개(25152)|1|4000|2000
2021-03-07 23:53:41|yy1212|연두|황금자루(25151)|1|15000|17000
2021-03-07 23:53:42|yy1212|연두|황금자루(25151)|1|15000|2000
2021-03-07 23:55:07|yy1212|연두|100만스톤 수표(100041)|1|1000|1000
2021-03-07 23:55:58|yy1212|연두|페가수스호리병(40141)|1|6900|494100
2021-03-07 23:55:59|yy1212|연두|페가수스호리병(40141)|1|6900|487200
2021-03-07 23:56:00|yy1212|연두|페가수스호리병(40141)|1|6900|480300
2021-03-07 23:56:19|jis871125|루피|페트초기화5개(25152)|1|4000|149600
2021-03-07 23:56:21|jis871125|루피|페트초기화5개(25152)|1|4000|145600
