2021-05-14 00:20:58|cjdwn3|TG|맘모스쿠폰(40050)|1|4900|39300
2021-05-14 00:21:00|cjdwn3|TG|맘모스쿠폰(40050)|1|4900|34400
2021-05-14 00:21:01|cjdwn3|TG|맘모스쿠폰(40050)|1|4900|29500
2021-05-14 00:21:03|cjdwn3|TG|맘모스쿠폰(40050)|1|4900|24600
2021-05-14 00:21:04|cjdwn3|TG|맘모스쿠폰(40050)|1|4900|19700
2021-05-14 00:28:38|cjdwn3|TG|맘모스쿠폰(40050)|1|4900|14800
2021-05-14 00:28:39|cjdwn3|TG|맘모스쿠폰(40050)|1|4900|9900
2021-05-14 00:28:41|cjdwn3|TG|맘모스쿠폰(40050)|1|4900|5000
2021-05-14 00:28:42|cjdwn3|TG|맘모스쿠폰(40050)|1|4900|100
2021-05-14 04:30:43|||경험치 구슬(교불)(100508)|1|5|488
2021-05-14 04:30:44|||경험치 구슬(교불)(100508)|1|5|483
2021-05-14 04:30:49|||경험치 구슬(교불)(100508)|1|5|478
2021-05-14 04:31:18|||경험치 구슬(교불)(100508)|1|5|477
2021-05-14 04:31:20|||경험치 구슬(교불)(100508)|1|5|472
2021-05-14 04:31:21|||경험치 구슬(교불)(100508)|1|5|467
2021-05-14 10:14:35|cjdwn4|티지|맘모스쿠폰(40050)|1|4900|3100
2021-05-14 13:22:49|||경험치 구슬(교불)(100508)|1|5|473
2021-05-14 13:22:50|||경험치 구슬(교불)(100508)|1|5|468
2021-05-14 13:58:13|||경험치 구슬(교불)(100508)|1|5|462
2021-05-14 13:58:15|||경험치 구슬(교불)(100508)|1|5|457
2021-05-14 14:20:16|||경험치 구슬(교불)(100508)|1|3|3
2021-05-14 14:20:18|||경험치 구슬(교불)(100508)|1|3|0
2021-05-14 14:20:34|||경험치 구슬(교불)(100508)|1|3|12
2021-05-14 14:20:38|||경험치 구슬(교불)(100508)|1|3|9
2021-05-14 15:52:45|||경험치 구슬(교불)(100508)|1|5|452
2021-05-14 15:52:47|||경험치 구슬(교불)(100508)|1|5|447
2021-05-14 16:00:32|||경험치 구슬(교불)(100508)|1|5|463
2021-05-14 16:00:34|||경험치 구슬(교불)(100508)|1|5|458
2021-05-14 16:59:41|||경험치 구슬(교불)(100508)|1|5|442
2021-05-14 16:59:49|||경험치 구슬(교불)(100508)|1|5|437
2021-05-14 17:00:55|||경험치 구슬(교불)(100508)|1|5|453
2021-05-14 17:00:56|||경험치 구슬(교불)(100508)|1|5|448
2021-05-14 17:00:57|||경험치 구슬(교불)(100508)|1|5|443
2021-05-14 17:32:58|||경험치 구슬(교불)(100508)|1|3|7
2021-05-14 18:24:41|rudwns|우비|다크바로스호리병(40147)|1|6900|13100
2021-05-14 18:26:41|rudwns|우비|경험치 구슬(100507)|1|2000|11100
2021-05-14 18:26:48|rudwns|우비|경험치 구슬(100507)|1|2000|9100
2021-05-14 18:26:50|rudwns|우비|경험치 구슬(100507)|1|2000|7100
2021-05-14 18:26:53|rudwns|우비|경험치 구슬(100507)|1|2000|5100
2021-05-14 18:38:42|||페트초기화(25150)|1|8|0
2021-05-14 23:02:15|ds0516|피맛|맘모스쿠폰(40050)|1|4900|15300
2021-05-14 23:02:16|ds0516|피맛|맘모스쿠폰(40050)|1|4900|10400
2021-05-14 23:02:17|ds0516|피맛|맘모스쿠폰(40050)|1|4900|5500
2021-05-14 23:02:18|ds0516|피맛|맘모스쿠폰(40050)|1|4900|600
2021-05-14 23:08:16|rudwns|우비|경험치 구슬(100507)|1|2000|3100
2021-05-14 23:08:21|rudwns|우비|경험치 구슬(100507)|1|2000|1100
2021-05-14 23:48:43|||경험치 구슬(교불)(100508)|1|3|0
2021-05-14 23:56:21|||갈푸스퀘 깃털(100130)|1|4|78
2021-05-14 23:58:51|||갈푸스퀘 깃털(100130)|1|4|74
