2021-05-15 00:00:38|||갈푸스퀘 깃털(100130)|1|4|70
2021-05-15 00:05:44|||갈푸스퀘 깃털(100130)|1|4|66
2021-05-15 00:05:57|||갈푸스퀘 깃털(100130)|1|4|64
2021-05-15 01:00:48|win0750|물파스|(-1)|1|0|0
2021-05-15 02:51:27|||경험치 구슬(교불)(100508)|1|3|3
2021-05-15 02:51:28|||경험치 구슬(교불)(100508)|1|3|0
2021-05-15 02:51:36|||경험치 구슬(교불)(100508)|1|3|9
2021-05-15 02:51:37|||경험치 구슬(교불)(100508)|1|3|6
2021-05-15 06:01:29|||경험치 구슬(교불)(100508)|1|3|4
2021-05-15 06:01:31|||경험치 구슬(교불)(100508)|1|3|1
2021-05-15 12:49:08|msy2010|이실장|맘모스쿠폰(40050)|1|4900|100
2021-05-15 13:31:31|||경험치 구슬(교불)(100508)|1|5|473
2021-05-15 13:31:32|||경험치 구슬(교불)(100508)|1|5|468
2021-05-15 13:34:32|||경험치 구슬(교불)(100508)|1|5|479
2021-05-15 13:34:33|||경험치 구슬(교불)(100508)|1|5|474
2021-05-15 14:30:13|rudwns|우비|VIP POINT 1000＄(21111)|1|1000|100
2021-05-15 16:12:52|||경험치 구슬(교불)(100508)|1|5|469
2021-05-15 16:12:53|||경험치 구슬(교불)(100508)|1|5|464
2021-05-15 16:12:55|||경험치 구슬(교불)(100508)|1|5|459
2021-05-15 16:19:56|ghrn|호규맨|VIP POINT 50000＄(21116)|1|50000|50600
2021-05-15 16:19:57|ghrn|호규맨|VIP POINT 30000＄(21115)|1|30000|20600
2021-05-15 16:19:58|ghrn|호규맨|VIP POINT 10000＄(21114)|1|10000|10600
2021-05-15 16:21:02|ghrn|호규맨|맘모스쿠폰(40050)|1|4900|5700
2021-05-15 16:21:16|ghrn|호규맨|맘모스쿠폰(40050)|1|4900|800
2021-05-15 16:54:14|||경험치 구슬(교불)(100508)|1|5|463
2021-05-15 16:54:18|||경험치 구슬(교불)(100508)|1|5|458
2021-05-15 16:54:19|||경험치 구슬(교불)(100508)|1|5|453
2021-05-15 20:19:52|glorysoo|광주토박이|(-1)|1|0|0
