2021-03-22 00:01:19|to2532|리바이|황금자루(25151)|1|15000|78100
2021-03-22 00:03:48|to2532|리바이|페가수스호리병(40141)|1|6900|71200
2021-03-22 00:06:15|to2532|리바이|페트초기화5개(25152)|1|4000|67200
2021-03-22 00:08:09|to2532|리바이|페트초기화5개(25152)|1|4000|63200
2021-03-22 00:09:01|||경험치 구슬(교불)(100508)|1|5|14
2021-03-22 00:09:03|||경험치 구슬(교불)(100508)|1|5|9
2021-03-22 00:09:04|||경험치 구슬(교불)(100508)|1|5|4
2021-03-22 00:10:38|to2532|리바이|맘모스쿠폰(40050)|1|4900|58300
2021-03-22 00:10:40|to2532|리바이|맘모스쿠폰(40050)|1|4900|53400
2021-03-22 00:10:41|to2532|리바이|맘모스쿠폰(40050)|1|4900|48500
2021-03-22 00:10:42|to2532|리바이|맘모스쿠폰(40050)|1|4900|43600
2021-03-22 00:10:43|to2532|리바이|맘모스쿠폰(40050)|1|4900|38700
2021-03-22 00:10:44|to2532|리바이|맘모스쿠폰(40050)|1|4900|33800
2021-03-22 00:10:46|to2532|리바이|맘모스쿠폰(40050)|1|4900|28900
2021-03-22 00:10:47|to2532|리바이|맘모스쿠폰(40050)|1|4900|24000
2021-03-22 00:10:48|to2532|리바이|맘모스쿠폰(40050)|1|4900|19100
2021-03-22 00:10:50|to2532|리바이|맘모스쿠폰(40050)|1|4900|14200
2021-03-22 00:10:51|to2532|리바이|맘모스쿠폰(40050)|1|4900|9300
2021-03-22 00:10:53|to2532|리바이|맘모스쿠폰(40050)|1|4900|4400
2021-03-22 00:13:38|||경험치 구슬(교불)(100508)|1|5|14
2021-03-22 00:13:40|||경험치 구슬(교불)(100508)|1|5|9
2021-03-22 00:13:42|||경험치 구슬(교불)(100508)|1|5|4
2021-03-22 01:11:04|to2532|리바이|황금자루(25151)|1|15000|89400
2021-03-22 01:30:03|to2532|리바이|맘모스쿠폰(40050)|1|4900|384500
2021-03-22 01:30:05|to2532|리바이|맘모스쿠폰(40050)|1|4900|379600
2021-03-22 01:30:07|to2532|리바이|맘모스쿠폰(40050)|1|4900|374700
2021-03-22 01:30:09|to2532|리바이|맘모스쿠폰(40050)|1|4900|369800
2021-03-22 01:30:10|to2532|리바이|맘모스쿠폰(40050)|1|4900|364900
2021-03-22 01:30:11|to2532|리바이|맘모스쿠폰(40050)|1|4900|360000
2021-03-22 01:30:12|to2532|리바이|맘모스쿠폰(40050)|1|4900|355100
2021-03-22 01:30:13|to2532|리바이|맘모스쿠폰(40050)|1|4900|350200
2021-03-22 01:30:15|to2532|리바이|맘모스쿠폰(40050)|1|4900|345300
2021-03-22 01:30:16|to2532|리바이|맘모스쿠폰(40050)|1|4900|340400
2021-03-22 01:30:17|to2532|리바이|맘모스쿠폰(40050)|1|4900|335500
2021-03-22 01:30:19|to2532|리바이|맘모스쿠폰(40050)|1|4900|330600
2021-03-22 01:30:20|to2532|리바이|맘모스쿠폰(40050)|1|4900|325700
2021-03-22 01:30:21|to2532|리바이|맘모스쿠폰(40050)|1|4900|320800
2021-03-22 01:30:22|to2532|리바이|맘모스쿠폰(40050)|1|4900|315900
2021-03-22 01:30:24|to2532|리바이|맘모스쿠폰(40050)|1|4900|311000
2021-03-22 01:30:25|to2532|리바이|맘모스쿠폰(40050)|1|4900|306100
2021-03-22 01:30:27|to2532|리바이|맘모스쿠폰(40050)|1|4900|301200
2021-03-22 01:30:28|to2532|리바이|맘모스쿠폰(40050)|1|4900|296300
2021-03-22 01:30:30|to2532|리바이|맘모스쿠폰(40050)|1|4900|291400
2021-03-22 01:36:31|to2532|리바이|진화열매(45009)|1|15000|276400
2021-03-22 01:36:33|to2532|리바이|진화열매(45009)|1|15000|261400
2021-03-22 01:38:24|to2532|리바이|(-1)|1|0|261400
2021-03-22 03:24:05|to2532|리바이|맘모스쿠폰(40050)|1|4900|256500
2021-03-22 03:24:07|to2532|리바이|맘모스쿠폰(40050)|1|4900|251600
2021-03-22 03:24:08|to2532|리바이|맘모스쿠폰(40050)|1|4900|246700
2021-03-22 03:24:09|to2532|리바이|맘모스쿠폰(40050)|1|4900|241800
2021-03-22 03:24:10|to2532|리바이|맘모스쿠폰(40050)|1|4900|236900
2021-03-22 03:24:11|to2532|리바이|맘모스쿠폰(40050)|1|4900|232000
2021-03-22 03:24:12|to2532|리바이|맘모스쿠폰(40050)|1|4900|227100
2021-03-22 03:24:14|to2532|리바이|맘모스쿠폰(40050)|1|4900|222200
2021-03-22 03:24:15|to2532|리바이|맘모스쿠폰(40050)|1|4900|217300
2021-03-22 03:24:17|to2532|리바이|맘모스쿠폰(40050)|1|4900|212400
2021-03-22 03:24:21|to2532|리바이|맘모스쿠폰(40050)|1|4900|207500
2021-03-22 03:24:22|to2532|리바이|맘모스쿠폰(40050)|1|4900|202600
2021-03-22 03:26:32|to2532|리바이|심연의바다세트(47005)|1|60000|142600
2021-03-22 07:14:54|||경험치 구슬(교불)(100508)|1|3|6
2021-03-22 07:15:03|||경험치 구슬(교불)(100508)|1|3|6
2021-03-22 08:41:59|qusrud11|여포왕|흑풍호리병(40187)|1|6900|4000
2021-03-22 08:58:35|comic200|공|맘모스쿠폰(40050)|1|4900|107000
2021-03-22 08:58:37|comic200|공|맘모스쿠폰(40050)|1|4900|102100
2021-03-22 08:58:38|comic200|공|맘모스쿠폰(40050)|1|4900|97200
2021-03-22 08:58:40|comic200|공|맘모스쿠폰(40050)|1|4900|92300
2021-03-22 08:58:42|comic200|공|맘모스쿠폰(40050)|1|4900|87400
2021-03-22 08:58:44|comic200|공|맘모스쿠폰(40050)|1|4900|82500
2021-03-22 08:58:45|comic200|공|맘모스쿠폰(40050)|1|4900|77600
2021-03-22 08:58:47|comic200|공|맘모스쿠폰(40050)|1|4900|72700
2021-03-22 08:58:49|comic200|공|맘모스쿠폰(40050)|1|4900|67800
2021-03-22 09:17:32|comic200|공|3회창(94001)|1|30000|37800
2021-03-22 09:19:04|||얼성퀘시작(110001)|1|3|56
2021-03-22 09:19:09|||얼성퀘시작(110001)|1|3|56
2021-03-22 09:43:11|||30만스톤 수표(100033)|1|4|26
2021-03-22 09:43:12|||30만스톤 수표(100033)|1|4|22
2021-03-22 09:43:14|||30만스톤 수표(100033)|1|4|18
2021-03-22 09:43:15|||30만스톤 수표(100033)|1|4|14
2021-03-22 09:43:16|||30만스톤 수표(100033)|1|4|10
2021-03-22 09:43:17|||30만스톤 수표(100033)|1|4|6
2021-03-22 09:43:18|||30만스톤 수표(100033)|1|4|2
2021-03-22 09:43:39|||30만스톤 수표(100033)|1|4|28
2021-03-22 09:43:40|||30만스톤 수표(100033)|1|4|24
2021-03-22 09:43:41|||30만스톤 수표(100033)|1|4|20
2021-03-22 09:43:42|||30만스톤 수표(100033)|1|4|16
2021-03-22 09:43:43|||30만스톤 수표(100033)|1|4|12
2021-03-22 09:43:44|||30만스톤 수표(100033)|1|4|8
2021-03-22 09:43:45|||30만스톤 수표(100033)|1|4|4
2021-03-22 09:43:46|||30만스톤 수표(100033)|1|4|0
2021-03-22 09:54:41|kiuy3391|용이|3회창(94001)|1|30000|25000
2021-03-22 09:55:07|kiuy3391|용이|맘모스쿠폰(40050)|1|4900|20100
2021-03-22 09:55:32|kiuy3391|용이|맘모스쿠폰(40050)|1|4900|15200
2021-03-22 09:55:34|kiuy3391|용이|맘모스쿠폰(40050)|1|4900|10300
2021-03-22 09:56:21|kiuy3391|용이|맘모스쿠폰(40050)|1|4900|5400
2021-03-22 09:56:23|kiuy3391|용이|맘모스쿠폰(40050)|1|4900|500
2021-03-22 10:06:58|to2532|리바이|경험치 구슬(100507)|1|2000|140600
2021-03-22 10:55:10|comic200|공|진화열매(45009)|1|15000|22800
2021-03-22 10:56:12|comic200|공|페가수스호리병(40141)|1|6900|15900
2021-03-22 11:05:11|to2532|리바이|다크바로스호리병(40147)|1|6900|133700
2021-03-22 11:05:27|comic200|공|진화열매(45009)|1|15000|900
2021-03-22 11:06:18|||경험치 구슬(교불)(100508)|1|3|54
2021-03-22 11:06:20|||경험치 구슬(교불)(100508)|1|3|51
2021-03-22 11:06:21|||경험치 구슬(교불)(100508)|1|3|48
2021-03-22 11:06:30|||경험치 구슬(교불)(100508)|1|3|54
2021-03-22 11:06:37|||경험치 구슬(교불)(100508)|1|3|45
2021-03-22 11:06:39|||경험치 구슬(교불)(100508)|1|3|42
2021-03-22 11:06:40|||경험치 구슬(교불)(100508)|1|3|39
2021-03-22 11:06:45|||경험치 구슬(교불)(100508)|1|5|8
2021-03-22 11:06:46|||경험치 구슬(교불)(100508)|1|5|3
2021-03-22 11:06:50|||경험치 구슬(교불)(100508)|1|3|51
2021-03-22 11:06:51|||경험치 구슬(교불)(100508)|1|3|48
2021-03-22 11:06:53|||경험치 구슬(교불)(100508)|1|3|45
2021-03-22 11:06:57|||경험치 구슬(교불)(100508)|1|5|8
2021-03-22 11:06:58|||경험치 구슬(교불)(100508)|1|5|3
2021-03-22 12:01:34|||경험치 구슬(교불)(100508)|1|3|3
2021-03-22 12:01:36|||경험치 구슬(교불)(100508)|1|3|0
2021-03-22 12:22:38|jis871125|루피|Lv4페트 통조림(46018)|1|5000|3089500
2021-03-22 14:57:19|jis8711255|핸콕|진화열매(45009)|1|15000|2927500
2021-03-22 15:03:37|||갈푸스의음식(100130)|1|4|19
2021-03-22 15:03:41|||갈푸스의음식(100130)|1|4|12
2021-03-22 16:36:07|||경험치 구슬(교불)(100508)|1|5|0
2021-03-22 16:36:15|||경험치 구슬(교불)(100508)|1|5|0
2021-03-22 16:54:31|versace17|몽블랑|정글소녀 상자(22120)|1|6900|48100
2021-03-22 16:54:33|versace17|몽블랑|정글소녀 상자(22120)|1|6900|41200
2021-03-22 16:55:30|versace17|몽블랑|맘모스쿠폰(40050)|1|4900|36300
2021-03-22 16:55:31|versace17|몽블랑|맘모스쿠폰(40050)|1|4900|31400
2021-03-22 16:56:46|||경험치 구슬(교불)(100508)|1|5|81
2021-03-22 16:56:47|||경험치 구슬(교불)(100508)|1|5|76
2021-03-22 16:56:48|||경험치 구슬(교불)(100508)|1|5|71
2021-03-22 16:56:53|||경험치 구슬(교불)(100508)|1|5|66
2021-03-22 16:57:15|||경험치 구슬(교불)(100508)|1|5|61
2021-03-22 16:57:16|||경험치 구슬(교불)(100508)|1|5|56
2021-03-22 16:57:46|||경험치 구슬(교불)(100508)|1|5|93
2021-03-22 16:57:53|||경험치 구슬(교불)(100508)|1|5|88
2021-03-22 16:57:54|||경험치 구슬(교불)(100508)|1|5|83
2021-03-22 16:57:56|||경험치 구슬(교불)(100508)|1|5|78
2021-03-22 17:38:23|qusrud11|여포왕|장인의강화(40054)|1|5000|99000
2021-03-22 17:39:11|||페트초기화(25150)|1|8|13
2021-03-22 17:39:13|||페트초기화(25150)|1|8|5
2021-03-22 17:39:16|||페트초기화(25150)|1|8|6
2021-03-22 17:39:18|qusrud11|여포왕|맘모스쿠폰(40050)|1|4900|94100
2021-03-22 17:39:45|qusrud11|여포왕|장인의강화(40054)|1|5000|89100
2021-03-22 17:43:39|qusrud11|여포왕|맘모스쿠폰(40050)|1|4900|84200
2021-03-22 17:43:46|qusrud11|여포왕|장인의강화(40054)|1|5000|79200
2021-03-22 17:44:30|jedr100|루시|맘모스쿠폰(40050)|1|4900|100
2021-03-22 17:47:04|qusrud11|여포왕|3회창(94001)|1|30000|49200
2021-03-22 19:40:21|ansldy123|문|진화열매(45009)|1|15000|1300
2021-03-22 20:59:35|qusrud11|여포왕|무지개 통조림(46022)|1|8000|41200
2021-03-22 21:14:28|||얼성퀘시작(110001)|1|3|18
2021-03-22 21:14:34|||얼성퀘시작(110001)|1|3|26
2021-03-22 21:47:37|qusrud11|여포왕|진화열매(45009)|1|15000|26200
2021-03-22 21:55:04|qusrud11|여포왕|레이드일반강화(40039)|1|1000|25200
2021-03-22 21:55:06|qusrud11|여포왕|레이드일반강화(40039)|1|1000|24200
2021-03-22 21:55:07|qusrud11|여포왕|레이드일반강화(40039)|1|1000|23200
2021-03-22 21:55:08|qusrud11|여포왕|레이드일반강화(40039)|1|1000|22200
2021-03-22 21:55:10|qusrud11|여포왕|레이드일반강화(40039)|1|1000|21200
2021-03-22 21:55:11|qusrud11|여포왕|레이드일반강화(40039)|1|1000|20200
2021-03-22 21:55:12|qusrud11|여포왕|레이드일반강화(40039)|1|1000|19200
2021-03-22 21:55:58|qusrud11|여포왕|레이드일반강화(40039)|1|1000|18200
2021-03-22 21:56:01|qusrud11|여포왕|레이드일반강화(40039)|1|1000|17200
2021-03-22 21:56:02|qusrud11|여포왕|레이드일반강화(40039)|1|1000|16200
2021-03-22 21:56:04|qusrud11|여포왕|레이드일반강화(40039)|1|1000|15200
2021-03-22 21:56:31|qusrud11|여포왕|장인의강화(40054)|1|5000|10200
2021-03-22 21:56:33|qusrud11|여포왕|장인의강화(40054)|1|5000|5200
2021-03-22 21:58:56|qusrud11|여포왕|툰가 상자(22122)|1|4900|300
2021-03-22 22:00:58|janginsub|깡북이|울보소녀 상자(22119)|1|6900|306500
2021-03-22 22:02:16|kyk9698|파랑|Lv4페트 통조림(46018)|1|5000|465300
2021-03-22 22:03:14|janginsub|깡북이|정글소녀 상자(22120)|1|6900|299600
2021-03-22 22:17:08|||하드기성클리어상자(40161)|1|15|17
2021-03-22 22:17:09|||하드기성클리어상자(40161)|1|15|2
2021-03-22 22:37:03|||경험치 구슬(교불)(100508)|1|3|2
2021-03-22 22:37:19|||경험치 구슬(교불)(100508)|1|3|2
2021-03-22 22:46:38|jinsung0305|부처|진화열매(45009)|1|15000|40900
2021-03-22 22:46:49|||경험치 구슬(교불)(100508)|1|3|11
2021-03-22 22:46:52|||경험치 구슬(교불)(100508)|1|3|8
2021-03-22 22:46:56|||경험치 구슬(교불)(100508)|1|3|11
2021-03-22 22:46:59|||경험치 구슬(교불)(100508)|1|3|8
2021-03-22 23:17:12|||경험치 구슬(교불)(100508)|1|5|11
2021-03-22 23:17:13|||경험치 구슬(교불)(100508)|1|5|6
2021-03-22 23:17:16|||경험치 구슬(교불)(100508)|1|5|1
2021-03-22 23:17:28|||경험치 구슬(교불)(100508)|1|3|26
2021-03-22 23:18:44|||경험치 구슬(교불)(100508)|1|5|11
2021-03-22 23:18:46|||경험치 구슬(교불)(100508)|1|5|6
2021-03-22 23:18:47|||경험치 구슬(교불)(100508)|1|5|1
