2021-03-13 00:20:46|qusrud12|쿠왕|악몽의성세트(47004)|1|60000|140000
2021-03-13 00:27:08|kokopp345|나바리|4환생의도끼(100106)|1|3000|56700
2021-03-13 00:28:11|qusrud11|여포왕|일반강화(40039)|1|1000|10900
2021-03-13 00:28:20|qusrud11|여포왕|일반강화(40039)|1|1000|9900
2021-03-13 00:28:27|qusrud11|여포왕|일반강화(40039)|1|1000|8900
2021-03-13 00:28:31|qusrud11|여포왕|일반강화(40039)|1|1000|7900
2021-03-13 00:28:33|qusrud11|여포왕|일반강화(40039)|1|1000|6900
2021-03-13 00:28:35|qusrud11|여포왕|일반강화(40039)|1|1000|5900
2021-03-13 00:28:36|qusrud11|여포왕|일반강화(40039)|1|1000|4900
2021-03-13 00:28:48|qusrud11|여포왕|일반강화(40039)|1|1000|3900
2021-03-13 00:28:50|qusrud11|여포왕|일반강화(40039)|1|1000|2900
2021-03-13 00:28:51|qusrud11|여포왕|일반강화(40039)|1|1000|1900
2021-03-13 00:28:54|qusrud11|여포왕|일반강화(40039)|1|1000|900
2021-03-13 00:29:12|qusrud12|쿠왕|3회창(94001)|1|30000|110000
2021-03-13 00:32:29|qusrud12|쿠왕|Lv4페트 통조림(46018)|1|5000|105000
2021-03-13 00:32:41|qusrud12|쿠왕|Lv4페트 통조림(46018)|1|5000|100000
2021-03-13 00:32:47|kby6328|노르곤2|샤크론호리병(40133)|1|6900|9100
2021-03-13 00:32:58|kby6328|노르곤2|아이스드래곤호리병(40113)|1|6900|2200
2021-03-13 00:34:27|kby6325|오르곤|아이스드래곤호리병(40113)|1|6900|9100
2021-03-13 00:34:35|kby6325|오르곤|샤크론호리병(40133)|1|6900|2200
2021-03-13 00:46:09|yy1212|연두|500만스톤 수표(100045)|1|4000|496800
2021-03-13 00:51:36|qusrud12|쿠왕|일반강화(40039)|1|1000|99000
2021-03-13 00:51:38|qusrud12|쿠왕|일반강화(40039)|1|1000|98000
2021-03-13 00:51:39|qusrud12|쿠왕|일반강화(40039)|1|1000|97000
2021-03-13 00:51:41|qusrud12|쿠왕|일반강화(40039)|1|1000|96000
2021-03-13 00:51:42|qusrud12|쿠왕|일반강화(40039)|1|1000|95000
2021-03-13 00:51:43|qusrud12|쿠왕|일반강화(40039)|1|1000|94000
2021-03-13 00:51:44|qusrud12|쿠왕|일반강화(40039)|1|1000|93000
2021-03-13 00:51:45|qusrud12|쿠왕|일반강화(40039)|1|1000|92000
2021-03-13 00:51:46|qusrud12|쿠왕|일반강화(40039)|1|1000|91000
2021-03-13 00:52:06|qusrud12|쿠왕|일반강화(40039)|1|1000|90000
2021-03-13 00:52:08|qusrud12|쿠왕|일반강화(40039)|1|1000|89000
2021-03-13 00:52:08|qusrud12|쿠왕|일반강화(40039)|1|1000|88000
2021-03-13 00:52:10|qusrud12|쿠왕|일반강화(40039)|1|1000|87000
2021-03-13 00:52:11|qusrud12|쿠왕|일반강화(40039)|1|1000|86000
2021-03-13 00:52:12|qusrud12|쿠왕|일반강화(40039)|1|1000|85000
2021-03-13 00:52:13|qusrud12|쿠왕|일반강화(40039)|1|1000|84000
2021-03-13 00:52:14|qusrud12|쿠왕|일반강화(40039)|1|1000|83000
2021-03-13 00:52:24|qusrud12|쿠왕|일반강화(40039)|1|1000|82000
2021-03-13 00:52:25|qusrud12|쿠왕|일반강화(40039)|1|1000|81000
2021-03-13 00:52:26|qusrud12|쿠왕|일반강화(40039)|1|1000|80000
2021-03-13 00:52:28|qusrud12|쿠왕|일반강화(40039)|1|1000|79000
2021-03-13 00:52:29|qusrud12|쿠왕|일반강화(40039)|1|1000|78000
2021-03-13 00:52:29|qusrud12|쿠왕|일반강화(40039)|1|1000|77000
2021-03-13 00:57:48|qusrud12|쿠왕|일반강화(40039)|1|1000|76000
2021-03-13 00:57:51|qusrud12|쿠왕|일반강화(40039)|1|1000|75000
2021-03-13 00:57:52|qusrud12|쿠왕|일반강화(40039)|1|1000|74000
2021-03-13 00:57:53|qusrud12|쿠왕|일반강화(40039)|1|1000|73000
2021-03-13 00:57:54|qusrud12|쿠왕|일반강화(40039)|1|1000|72000
2021-03-13 00:57:54|qusrud12|쿠왕|일반강화(40039)|1|1000|71000
2021-03-13 00:58:04|qusrud12|쿠왕|일반강화(40039)|1|1000|70000
2021-03-13 00:58:05|qusrud12|쿠왕|일반강화(40039)|1|1000|69000
2021-03-13 00:58:07|qusrud12|쿠왕|일반강화(40039)|1|1000|68000
2021-03-13 00:58:08|qusrud12|쿠왕|일반강화(40039)|1|1000|67000
2021-03-13 00:58:09|qusrud12|쿠왕|일반강화(40039)|1|1000|66000
2021-03-13 00:59:20|qusrud12|쿠왕|고급강화(40040)|1|3000|63000
2021-03-13 00:59:23|qusrud12|쿠왕|고급강화(40040)|1|3000|60000
2021-03-13 01:07:37|asd3|이남용|(-1)|1|0|0
2021-03-13 01:08:13|qusrud12|쿠왕|Lv4페트 통조림(46018)|1|5000|55000
2021-03-13 01:14:47|qusrud12|쿠왕|울푸스호리병(40131)|1|6900|48100
2021-03-13 01:15:07|qusrud12|쿠왕|울푸스호리병(40131)|1|6900|41200
2021-03-13 04:01:23|||칵테일(100004)|1|3|41
2021-03-13 04:02:24|||매력의 귤(100000)|1|3|7
2021-03-13 04:06:12|yy1212|연두|2회창(94000)|1|20000|476800
2021-03-13 04:24:15|destop123|짱구|5환생의도끼(100107)|1|4000|27900
2021-03-13 05:31:54|destop123|짱구|5환생의도끼(100107)|1|4000|23900
2021-03-13 05:34:52|lkl8611|돌북이|페트초기화5개(25152)|1|4000|195203
2021-03-13 09:30:27|jis871125|루피|경험치 구슬(100507)|1|2000|229800
2021-03-13 09:30:30|jis871125|루피|경험치 구슬(100507)|1|2000|227800
2021-03-13 09:31:37|jis8711255|핸콕|경험치 구슬(100507)|1|2000|324300
2021-03-13 09:31:40|jis8711255|핸콕|경험치 구슬(100507)|1|2000|322300
2021-03-13 09:31:54|kokopp345|나바리|6환생의도끼(100108)|1|5000|51700
2021-03-13 09:31:56|kokopp345|나바리|6환생의도끼(100108)|1|5000|46700
2021-03-13 10:23:51|janginsub|깡북이|3회창(94001)|1|30000|927300
2021-03-13 10:56:45|jis8711255|핸콕|경험치 구슬(100507)|1|2000|320300
2021-03-13 10:56:47|jis8711255|핸콕|경험치 구슬(100507)|1|2000|318300
2021-03-13 10:57:04|jis871125|루피|경험치 구슬(100507)|1|2000|225800
2021-03-13 10:57:06|jis871125|루피|경험치 구슬(100507)|1|2000|223800
2021-03-13 11:11:06|destop123|짱구|6환생의도끼(100108)|1|5000|18900
2021-03-13 11:11:14|destop123|짱구|6환생의도끼(100108)|1|5000|13900
2021-03-13 11:11:27|destop123|짱구|100만스톤 수표(100041)|1|1000|12900
2021-03-13 11:32:21|jis871125|루피|Lv4페트 통조림(46018)|1|5000|1718800
2021-03-13 12:59:50|qusrud12|쿠왕|황금자루(25151)|1|15000|26200
2021-03-13 13:00:39|qusrud12|쿠왕|황금자루(25151)|1|15000|11200
2021-03-13 14:03:20|thsalsgh1|손민순|Lv4페트 통조림(46018)|1|5000|200
2021-03-13 14:03:31|thsalsgh|손민호|Lv4페트 통조림(46018)|1|5000|200
2021-03-13 14:07:16|jis8711255|핸콕|경험치 구슬(100507)|1|2000|316300
2021-03-13 14:07:18|jis8711255|핸콕|경험치 구슬(100507)|1|2000|314300
2021-03-13 14:08:38|jis871125|루피|4환생의도끼(100106)|1|3000|1715800
2021-03-13 14:10:57|jis871125|루피|골드로비호리병(40145)|1|6900|1708900
2021-03-13 14:10:58|jis871125|루피|골드로비호리병(40145)|1|6900|1702000
2021-03-13 14:10:59|jis871125|루피|골드로비호리병(40145)|1|6900|1695100
2021-03-13 14:11:00|jis871125|루피|골드로비호리병(40145)|1|6900|1688200
2021-03-13 14:11:02|jis871125|루피|골드로비호리병(40145)|1|6900|1681300
2021-03-13 14:12:28|jis871125|루피|페트초기화5개(25152)|1|4000|1677300
2021-03-13 14:12:29|jis871125|루피|페트초기화5개(25152)|1|4000|1673300
2021-03-13 14:12:32|jis871125|루피|페트초기화5개(25152)|1|4000|1669300
2021-03-13 14:16:07|jis871125|루피|경험치 구슬(100507)|1|2000|1667300
2021-03-13 14:16:09|jis871125|루피|경험치 구슬(100507)|1|2000|1665300
2021-03-13 15:19:50|jis871125|루피|고급강화(40040)|1|3000|1662300
2021-03-13 15:19:51|jis871125|루피|고급강화(40040)|1|3000|1659300
2021-03-13 15:19:52|jis871125|루피|고급강화(40040)|1|3000|1656300
2021-03-13 15:19:53|jis871125|루피|고급강화(40040)|1|3000|1653300
2021-03-13 15:19:54|jis871125|루피|고급강화(40040)|1|3000|1650300
2021-03-13 15:20:51|jis871125|루피|(-1)|1|0|1650300
2021-03-13 15:21:16|jis871125|루피|장인의강화(40054)|1|5000|1645300
2021-03-13 16:48:53|qusrud12|쿠왕|500만스톤 수표(100045)|1|4000|7200
2021-03-13 16:59:46|qusrud12|쿠왕|일반강화(40039)|1|1000|6200
2021-03-13 16:59:47|qusrud12|쿠왕|일반강화(40039)|1|1000|5200
2021-03-13 16:59:49|qusrud12|쿠왕|일반강화(40039)|1|1000|4200
2021-03-13 16:59:50|qusrud12|쿠왕|일반강화(40039)|1|1000|3200
2021-03-13 16:59:51|qusrud12|쿠왕|일반강화(40039)|1|1000|2200
2021-03-13 16:59:52|qusrud12|쿠왕|일반강화(40039)|1|1000|1200
2021-03-13 16:59:53|qusrud12|쿠왕|일반강화(40039)|1|1000|200
2021-03-13 17:43:36|janginsub|깡북이|해치호리병(40112)|1|6900|920400
2021-03-13 18:20:40|jis871125|루피|5환생의도끼(100107)|1|4000|1641300
2021-03-13 18:22:23|jis871125|루피|바우트호리병(40138)|1|6900|1634400
2021-03-13 18:31:25|kokopp345|나바리|7환생의도끼(100109)|1|8000|38700
2021-03-13 18:31:27|kokopp345|나바리|7환생의도끼(100109)|1|8000|30700
2021-03-13 18:56:31|destop123|짱구|7환생의도끼(100109)|1|8000|9900
2021-03-13 19:17:26|destop123|짱구|7환생의도끼(100109)|1|8000|1900
2021-03-13 19:17:34|destop123|짱구|페트초기화(25150)|1|1000|900
2021-03-13 20:16:56|kby6325|오르곤|Lv4페트 통조림(46018)|1|5000|22200
2021-03-13 20:17:04|kby6328|노르곤2|Lv4페트 통조림(46018)|1|5000|22200
2021-03-13 20:31:24|jis8711255|핸콕|경험치 구슬(100507)|1|2000|312300
2021-03-13 20:31:25|jis8711255|핸콕|경험치 구슬(100507)|1|2000|310300
2021-03-13 20:31:26|jis8711255|핸콕|경험치 구슬(100507)|1|2000|308300
2021-03-13 21:53:35|jju4585|달|아스타로호리병(40149)|1|6900|8100
2021-03-13 21:53:52|jju4585|달|아스타로호리병(40149)|1|6900|1200
2021-03-13 21:56:51|jju4585|달|페트초기화(25150)|1|1000|200
2021-03-13 22:12:47|jis871125|루피|6환생의도끼(100108)|1|5000|1629400
2021-03-13 22:18:01|jis871125|루피|경험치 구슬(100507)|1|2000|1627400
2021-03-13 22:18:03|jis871125|루피|경험치 구슬(100507)|1|2000|1625400
2021-03-13 22:18:04|jis871125|루피|경험치 구슬(100507)|1|2000|1623400
2021-03-13 23:09:10|cm900|유혹|파이어킹스드래곤호리병(40115)|1|6900|49800
2021-03-13 23:13:51|jis8711255|핸콕|경험치 구슬(100507)|1|2000|306300
