2021-04-03 00:32:44|||30만스톤 수표(100033)|1|4|4
2021-04-03 03:41:52|||경험치 구슬(교불)(100508)|1|5|393
2021-04-03 04:15:16|||경험치 구슬(교불)(100508)|1|5|10
2021-04-03 04:15:20|||경험치 구슬(교불)(100508)|1|5|5
2021-04-03 07:15:54|||페트초기화(25150)|1|8|15
2021-04-03 07:15:55|||페트초기화(25150)|1|8|7
2021-04-03 07:21:27|||30만스톤 수표(100033)|1|4|54
2021-04-03 07:21:30|||30만스톤 수표(100033)|1|4|50
2021-04-03 07:29:38|||페트초기화(25150)|1|8|11
2021-04-03 07:48:29|||경험치 구슬(교불)(100508)|1|5|5
2021-04-03 07:48:38|||경험치 구슬(교불)(100508)|1|5|0
2021-04-03 10:13:22|||경험치 구슬(교불)(100508)|1|3|6
2021-04-03 10:13:24|||경험치 구슬(교불)(100508)|1|3|3
2021-04-03 10:13:25|||경험치 구슬(교불)(100508)|1|3|0
2021-04-03 10:26:35|||갈푸스퀘 깃털(100130)|1|4|0
2021-04-03 10:27:44|||경험치 구슬(교불)(100508)|1|5|6
2021-04-03 10:27:45|||경험치 구슬(교불)(100508)|1|5|1
2021-04-03 12:41:04|||경험치 구슬(교불)(100508)|1|5|17
2021-04-03 12:41:05|||경험치 구슬(교불)(100508)|1|5|12
2021-04-03 12:41:06|||경험치 구슬(교불)(100508)|1|5|7
2021-04-03 12:41:08|||경험치 구슬(교불)(100508)|1|5|2
2021-04-03 12:41:21|||경험치 구슬(교불)(100508)|1|5|12
2021-04-03 12:41:28|||경험치 구슬(교불)(100508)|1|5|7
2021-04-03 13:30:11|||경험치 구슬(교불)(100508)|1|3|32
2021-04-03 13:30:14|||경험치 구슬(교불)(100508)|1|3|29
2021-04-03 13:30:16|||경험치 구슬(교불)(100508)|1|3|26
2021-04-03 13:32:03|||경험치 구슬(교불)(100508)|1|3|28
2021-04-03 13:32:06|||경험치 구슬(교불)(100508)|1|3|25
2021-04-03 16:10:35|janginsub|깡북이|맘모스2차쿠폰(40050)|1|4900|30003500
2021-04-03 16:10:36|janginsub|깡북이|맘모스2차쿠폰(40050)|1|4900|29998600
2021-04-03 16:10:37|janginsub|깡북이|맘모스2차쿠폰(40050)|1|4900|29993700
2021-04-03 16:10:38|janginsub|깡북이|맘모스2차쿠폰(40050)|1|4900|29988800
2021-04-03 16:10:39|janginsub|깡북이|맘모스2차쿠폰(40050)|1|4900|29983900
2021-04-03 16:11:14|lkl8611|돌북이|맘모스2차쿠폰(40050)|1|4900|123803
2021-04-03 16:14:41|janginsub|깡북이|파이마루호리병(40200)|1|6900|29977000
2021-04-03 16:15:15|janginsub|깡북이|부루마루호리병(40199)|1|6900|29970100
2021-04-03 16:18:52|janginsub|깡북이|맘모스2차쿠폰(40050)|1|4900|29965200
2021-04-03 16:18:55|lkl8611|돌북이|맘모스2차쿠폰(40050)|1|4900|118903
2021-04-03 16:18:56|lkl8611|돌북이|맘모스2차쿠폰(40050)|1|4900|114003
2021-04-03 16:30:01|lkl8611|돌북이|맘모스쿠폰(40050)|1|4900|109103
2021-04-03 16:30:05|lkl8611|돌북이|맘모스쿠폰(40050)|1|4900|104203
2021-04-03 16:30:07|lkl8611|돌북이|맘모스쿠폰(40050)|1|4900|99303
2021-04-03 16:30:26|lkl8611|돌북이|맘모스쿠폰(40050)|1|4900|94403
2021-04-03 16:30:27|lkl8611|돌북이|맘모스쿠폰(40050)|1|4900|89503
2021-04-03 16:30:28|lkl8611|돌북이|맘모스쿠폰(40050)|1|4900|84603
2021-04-03 16:30:46|janginsub|깡북이|맘모스쿠폰(40050)|1|4900|29960300
2021-04-03 16:30:47|janginsub|깡북이|맘모스쿠폰(40050)|1|4900|29955400
2021-04-03 16:30:48|janginsub|깡북이|맘모스쿠폰(40050)|1|4900|29950500
2021-04-03 16:30:49|janginsub|깡북이|맘모스쿠폰(40050)|1|4900|29945600
2021-04-03 16:30:50|janginsub|깡북이|맘모스쿠폰(40050)|1|4900|29940700
2021-04-03 16:31:13|janginsub|깡북이|맘모스쿠폰(40050)|1|4900|29935800
2021-04-03 16:31:15|janginsub|깡북이|맘모스쿠폰(40050)|1|4900|29930900
2021-04-03 16:31:16|janginsub|깡북이|맘모스쿠폰(40050)|1|4900|29926000
2021-04-03 16:31:17|janginsub|깡북이|맘모스쿠폰(40050)|1|4900|29921100
2021-04-03 16:31:18|janginsub|깡북이|맘모스쿠폰(40050)|1|4900|29916200
2021-04-03 16:31:19|janginsub|깡북이|맘모스쿠폰(40050)|1|4900|29911300
2021-04-03 17:06:37|smn0302|차|VIP POINT 50000＄(21116)|1|50000|60400
2021-04-03 17:06:40|smn0302|차|VIP POINT 10000＄(21114)|1|10000|50400
2021-04-03 17:07:01|kk1212|노북이|맘모스쿠폰(40050)|1|4900|4520773
2021-04-03 17:07:03|kk1212|노북이|맘모스쿠폰(40050)|1|4900|4515873
2021-04-03 17:07:04|kk1212|노북이|맘모스쿠폰(40050)|1|4900|4510973
2021-04-03 17:07:30|smn0302|차|VIP POINT 50000＄(21116)|1|50000|400
2021-04-03 17:08:16|qusrud11|여포왕|맘모스쿠폰(40050)|1|4900|99200
2021-04-03 17:08:17|qusrud11|여포왕|맘모스쿠폰(40050)|1|4900|94300
2021-04-03 17:08:18|qusrud11|여포왕|맘모스쿠폰(40050)|1|4900|89400
2021-04-03 17:08:19|qusrud11|여포왕|맘모스쿠폰(40050)|1|4900|84500
2021-04-03 17:08:21|qusrud11|여포왕|맘모스쿠폰(40050)|1|4900|79600
2021-04-03 17:08:23|qusrud11|여포왕|맘모스쿠폰(40050)|1|4900|74700
2021-04-03 17:08:24|qusrud11|여포왕|맘모스쿠폰(40050)|1|4900|69800
2021-04-03 17:08:25|qusrud11|여포왕|맘모스쿠폰(40050)|1|4900|64900
2021-04-03 17:08:27|qusrud11|여포왕|맘모스쿠폰(40050)|1|4900|60000
2021-04-03 17:08:28|qusrud11|여포왕|맘모스쿠폰(40050)|1|4900|55100
2021-04-03 17:08:44|yy1212|연두|맘모스쿠폰(40050)|1|4900|131900
2021-04-03 17:08:45|yy1212|연두|맘모스쿠폰(40050)|1|4900|127000
2021-04-03 17:08:47|yy1212|연두|맘모스쿠폰(40050)|1|4900|122100
2021-04-03 17:08:48|yy1212|연두|맘모스쿠폰(40050)|1|4900|117200
2021-04-03 17:08:49|yy1212|연두|맘모스쿠폰(40050)|1|4900|112300
2021-04-03 17:08:50|yy1212|연두|맘모스쿠폰(40050)|1|4900|107400
2021-04-03 17:08:51|yy1212|연두|맘모스쿠폰(40050)|1|4900|102500
2021-04-03 17:08:53|yy1212|연두|맘모스쿠폰(40050)|1|4900|97600
2021-04-03 17:08:58|kyk9698|파랑|맘모스쿠폰(40050)|1|4900|302500
2021-04-03 17:09:00|kyk9698|파랑|맘모스쿠폰(40050)|1|4900|297600
2021-04-03 17:09:01|kyk9698|파랑|맘모스쿠폰(40050)|1|4900|292700
2021-04-03 17:09:02|kyk9698|파랑|맘모스쿠폰(40050)|1|4900|287800
2021-04-03 17:09:06|kyk9698|파랑|맘모스쿠폰(40050)|1|4900|282900
2021-04-03 17:09:07|kyk9698|파랑|맘모스쿠폰(40050)|1|4900|278000
2021-04-03 17:09:08|kyk9698|파랑|맘모스쿠폰(40050)|1|4900|273100
2021-04-03 17:09:10|kyk9698|파랑|맘모스쿠폰(40050)|1|4900|268200
2021-04-03 17:09:11|kyk9698|파랑|맘모스쿠폰(40050)|1|4900|263300
2021-04-03 17:09:15|kyk9698|파랑|맘모스쿠폰(40050)|1|4900|258400
2021-04-03 17:09:40|qusrud11|여포왕|맘모스쿠폰(40050)|1|4900|50200
2021-04-03 17:09:41|qusrud11|여포왕|맘모스쿠폰(40050)|1|4900|45300
2021-04-03 17:09:42|qusrud11|여포왕|맘모스쿠폰(40050)|1|4900|40400
2021-04-03 17:09:43|qusrud11|여포왕|맘모스쿠폰(40050)|1|4900|35500
2021-04-03 17:09:44|qusrud11|여포왕|맘모스쿠폰(40050)|1|4900|30600
2021-04-03 17:10:49|kyk9698|파랑|맘모스쿠폰(40050)|1|4900|253500
2021-04-03 17:10:50|kyk9698|파랑|맘모스쿠폰(40050)|1|4900|248600
2021-04-03 17:10:51|kyk9698|파랑|맘모스쿠폰(40050)|1|4900|243700
2021-04-03 17:10:52|kyk9698|파랑|맘모스쿠폰(40050)|1|4900|238800
2021-04-03 17:10:53|kyk9698|파랑|맘모스쿠폰(40050)|1|4900|233900
2021-04-03 17:10:54|kyk9698|파랑|맘모스쿠폰(40050)|1|4900|229000
2021-04-03 17:10:55|kyk9698|파랑|맘모스쿠폰(40050)|1|4900|224100
2021-04-03 17:10:57|kyk9698|파랑|맘모스쿠폰(40050)|1|4900|219200
2021-04-03 17:12:59|yy1212|연두|맘모스쿠폰(40050)|1|4900|92700
2021-04-03 17:13:01|yy1212|연두|맘모스쿠폰(40050)|1|4900|87800
2021-04-03 17:13:02|yy1212|연두|맘모스쿠폰(40050)|1|4900|82900
2021-04-03 17:13:04|yy1212|연두|맘모스쿠폰(40050)|1|4900|78000
2021-04-03 17:13:05|yy1212|연두|맘모스쿠폰(40050)|1|4900|73100
2021-04-03 17:13:06|yy1212|연두|맘모스쿠폰(40050)|1|4900|68200
2021-04-03 17:13:07|yy1212|연두|맘모스쿠폰(40050)|1|4900|63300
2021-04-03 17:13:08|yy1212|연두|맘모스쿠폰(40050)|1|4900|58400
2021-04-03 17:13:09|yy1212|연두|맘모스쿠폰(40050)|1|4900|53500
2021-04-03 17:13:10|yy1212|연두|맘모스쿠폰(40050)|1|4900|48600
2021-04-03 17:13:52|qusrud11|여포왕|부루마루호리병(40199)|1|6900|23700
2021-04-03 17:17:51|ar4055|엉디|맘모스쿠폰(40050)|1|4900|30100
2021-04-03 17:18:23|ar4055|엉디|맘모스쿠폰(40050)|1|4900|25200
2021-04-03 17:20:43|||페트초기화(25150)|1|8|19
2021-04-03 17:20:48|||이구로스호리병(40161)|1|15|4
2021-04-03 17:21:45|||모가로스호리병(40160)|1|15|12
2021-04-03 17:23:05|ghrn|호규맨|맘모스쿠폰(40050)|1|4900|5200
2021-04-03 17:23:06|ghrn|호규맨|맘모스쿠폰(40050)|1|4900|300
2021-04-03 17:24:19|homework13|오만의죄|맘모스쿠폰(40050)|1|4900|800
2021-04-03 17:25:53|ccs5656|추르|맘모스쿠폰(40050)|1|4900|20900
2021-04-03 17:25:55|ccs5656|추르|맘모스쿠폰(40050)|1|4900|16000
2021-04-03 17:25:57|ccs5656|추르|맘모스쿠폰(40050)|1|4900|11100
2021-04-03 17:27:28|ehwls1235|도진|맘모스쿠폰(40050)|1|4900|45100
2021-04-03 17:27:31|ccs5656|추르|맘모스쿠폰(40050)|1|4900|6200
2021-04-03 17:27:33|ccs5656|추르|맘모스쿠폰(40050)|1|4900|1300
2021-04-03 17:27:56|ehwls1235|도진|맘모스쿠폰(40050)|1|4900|40200
2021-04-03 17:28:09|ehwls1235|도진|맘모스쿠폰(40050)|1|4900|35300
2021-04-03 17:28:22|ehwls1235|도진|맘모스쿠폰(40050)|1|4900|30400
2021-04-03 17:28:37|ehwls1235|도진|맘모스쿠폰(40050)|1|4900|25500
2021-04-03 17:29:26|ar4055|엉디|풍백호리병(40119)|1|6900|18300
2021-04-03 17:29:30|ar4055|엉디|현무호리병(40117)|1|6900|11400
2021-04-03 17:29:46|ehwls1235|도진|맘모스쿠폰(40050)|1|4900|20600
2021-04-03 17:30:04|ehwls1235|도진|맘모스쿠폰(40050)|1|4900|15700
2021-04-03 17:30:16|ehwls1235|도진|맘모스쿠폰(40050)|1|4900|10800
2021-04-03 17:30:33|ehwls1235|도진|맘모스쿠폰(40050)|1|4900|5900
2021-04-03 17:30:46|ehwls1235|도진|맘모스쿠폰(40050)|1|4900|1000
2021-04-03 17:31:00|ar4055|엉디|맘모스쿠폰(40050)|1|4900|6500
2021-04-03 17:31:02|ar4055|엉디|맘모스쿠폰(40050)|1|4900|1600
2021-04-03 17:31:34|yk3024|콩콩이|맘모스쿠폰(40050)|1|4900|45100
2021-04-03 17:31:36|yk3024|콩콩이|맘모스쿠폰(40050)|1|4900|40200
2021-04-03 17:31:38|yk3024|콩콩이|맘모스쿠폰(40050)|1|4900|35300
2021-04-03 17:31:39|yk3024|콩콩이|맘모스쿠폰(40050)|1|4900|30400
2021-04-03 17:31:41|yk3024|콩콩이|맘모스쿠폰(40050)|1|4900|25500
2021-04-03 17:31:42|yk3024|콩콩이|맘모스쿠폰(40050)|1|4900|20600
2021-04-03 17:31:43|yk3024|콩콩이|맘모스쿠폰(40050)|1|4900|15700
2021-04-03 17:31:45|yk3024|콩콩이|맘모스쿠폰(40050)|1|4900|10800
2021-04-03 17:33:01|wg9400|火|맘모스쿠폰(40050)|1|4900|86300
2021-04-03 17:33:05|wg9400|火|맘모스쿠폰(40050)|1|4900|81400
2021-04-03 17:33:08|wg9400|火|맘모스쿠폰(40050)|1|4900|76500
2021-04-03 17:33:11|wg9400|火|맘모스쿠폰(40050)|1|4900|71600
2021-04-03 17:33:15|wg9400|火|맘모스쿠폰(40050)|1|4900|66700
2021-04-03 17:33:18|wg9400|火|맘모스쿠폰(40050)|1|4900|61800
2021-04-03 17:34:30|yk3024|콩콩이|VIP페트뽑기박스(40196)|1|7900|2900
2021-04-03 17:35:44|ehwls1235|도진|맘모스쿠폰(40050)|1|4900|51100
2021-04-03 17:35:57|ehwls1235|도진|맘모스쿠폰(40050)|1|4900|46200
2021-04-03 17:36:07|ehwls1235|도진|맘모스쿠폰(40050)|1|4900|41300
2021-04-03 17:36:16|ehwls1235|도진|맘모스쿠폰(40050)|1|4900|36400
2021-04-03 17:36:25|ehwls1235|도진|맘모스쿠폰(40050)|1|4900|31500
2021-04-03 17:36:27|ehwls1235|도진|맘모스쿠폰(40050)|1|4900|26600
2021-04-03 17:36:29|ehwls1235|도진|맘모스쿠폰(40050)|1|4900|21700
2021-04-03 17:36:55|ehwls1235|도진|맘모스쿠폰(40050)|1|4900|16800
2021-04-03 17:36:56|ehwls1235|도진|맘모스쿠폰(40050)|1|4900|11900
2021-04-03 17:36:57|ehwls1235|도진|맘모스쿠폰(40050)|1|4900|7000
2021-04-03 17:37:55|||갈푸스퀘 깃털(100130)|1|4|14
2021-04-03 17:37:57|||갈푸스퀘 깃털(100130)|1|4|10
2021-04-03 17:37:59|||갈푸스퀘 깃털(100130)|1|4|6
2021-04-03 17:38:00|||갈푸스퀘 깃털(100130)|1|4|2
2021-04-03 17:38:14|ehwls1235|도진|맘모스쿠폰(40050)|1|4900|2100
2021-04-03 17:38:51|wg9400|火|진화열매(45009)|1|15000|46800
2021-04-03 17:39:06|wg9400|火|맘모스쿠폰(40050)|1|4900|41900
2021-04-03 17:39:10|wg9400|火|맘모스쿠폰(40050)|1|4900|37000
2021-04-03 17:39:14|wg9400|火|맘모스쿠폰(40050)|1|4900|32100
2021-04-03 17:39:17|wg9400|火|맘모스쿠폰(40050)|1|4900|27200
2021-04-03 17:39:21|wg9400|火|맘모스쿠폰(40050)|1|4900|22300
2021-04-03 17:39:24|wg9400|火|맘모스쿠폰(40050)|1|4900|17400
2021-04-03 17:39:28|wg9400|火|맘모스쿠폰(40050)|1|4900|12500
2021-04-03 17:41:48|wg9400|火|맘모스쿠폰(40050)|1|4900|7600
2021-04-03 17:42:33|wg9400|火|맘모스쿠폰(40050)|1|4900|2700
2021-04-03 17:48:40|yk3024|콩콩이|맘모스쿠폰(40050)|1|4900|48000
2021-04-03 17:48:41|yk3024|콩콩이|맘모스쿠폰(40050)|1|4900|43100
2021-04-03 17:48:43|yk3024|콩콩이|맘모스쿠폰(40050)|1|4900|38200
2021-04-03 17:48:44|yk3024|콩콩이|맘모스쿠폰(40050)|1|4900|33300
2021-04-03 17:48:46|yk3024|콩콩이|맘모스쿠폰(40050)|1|4900|28400
2021-04-03 17:48:49|yk3024|콩콩이|맘모스쿠폰(40050)|1|4900|23500
2021-04-03 17:48:51|yk3024|콩콩이|맘모스쿠폰(40050)|1|4900|18600
2021-04-03 17:48:53|yk3024|콩콩이|맘모스쿠폰(40050)|1|4900|13700
2021-04-03 17:49:19|tndud5233|뚜야|맘모스쿠폰(40050)|1|4900|67500
2021-04-03 17:49:21|tndud5233|뚜야|맘모스쿠폰(40050)|1|4900|62600
2021-04-03 17:49:22|tndud5233|뚜야|맘모스쿠폰(40050)|1|4900|57700
2021-04-03 17:49:23|tndud5233|뚜야|맘모스쿠폰(40050)|1|4900|52800
2021-04-03 17:49:43|yk3024|콩콩이|Lv4페트 통조림(46018)|1|5000|8700
2021-04-03 17:50:20|yk3024|콩콩이|VIP페트뽑기박스(40196)|1|7900|800
2021-04-03 18:05:36|jis871125|루피|장인의강화(40054)|1|5000|3004200
2021-04-03 18:05:37|jis871125|루피|장인의강화(40054)|1|5000|2999200
2021-04-03 18:06:57|jis871125|루피|맘모스쿠폰(40050)|1|4900|2994300
2021-04-03 18:06:58|jis871125|루피|맘모스쿠폰(40050)|1|4900|2989400
2021-04-03 18:07:00|jis871125|루피|맘모스쿠폰(40050)|1|4900|2984500
2021-04-03 18:07:01|jis871125|루피|맘모스쿠폰(40050)|1|4900|2979600
2021-04-03 18:07:02|jis871125|루피|맘모스쿠폰(40050)|1|4900|2974700
2021-04-03 18:07:04|jis871125|루피|맘모스쿠폰(40050)|1|4900|2969800
2021-04-03 18:07:05|jis871125|루피|맘모스쿠폰(40050)|1|4900|2964900
2021-04-03 18:08:26|jis871125|루피|맘모스쿠폰(40050)|1|4900|2960000
2021-04-03 18:08:27|jis871125|루피|맘모스쿠폰(40050)|1|4900|2955100
2021-04-03 18:08:29|jis871125|루피|맘모스쿠폰(40050)|1|4900|2950200
2021-04-03 18:08:30|jis871125|루피|맘모스쿠폰(40050)|1|4900|2945300
2021-04-03 18:08:31|jis871125|루피|맘모스쿠폰(40050)|1|4900|2940400
2021-04-03 18:08:37|jis871125|루피|맘모스쿠폰(40050)|1|4900|2935500
2021-04-03 18:08:40|jis871125|루피|맘모스쿠폰(40050)|1|4900|2930600
2021-04-03 18:08:41|jis871125|루피|맘모스쿠폰(40050)|1|4900|2925700
2021-04-03 18:11:03|jis871125|루피|맘모스쿠폰(40050)|1|4900|2920800
2021-04-03 18:11:04|jis871125|루피|맘모스쿠폰(40050)|1|4900|2915900
2021-04-03 18:11:06|jis871125|루피|맘모스쿠폰(40050)|1|4900|2911000
2021-04-03 18:11:07|jis871125|루피|맘모스쿠폰(40050)|1|4900|2906100
2021-04-03 18:11:08|jis871125|루피|맘모스쿠폰(40050)|1|4900|2901200
2021-04-03 18:11:09|jis871125|루피|맘모스쿠폰(40050)|1|4900|2896300
2021-04-03 18:11:10|jis871125|루피|맘모스쿠폰(40050)|1|4900|2891400
2021-04-03 18:11:11|jis871125|루피|맘모스쿠폰(40050)|1|4900|2886500
2021-04-03 18:11:13|jis871125|루피|맘모스쿠폰(40050)|1|4900|2881600
2021-04-03 18:11:14|jis871125|루피|맘모스쿠폰(40050)|1|4900|2876700
2021-04-03 18:12:57|ehwls1235|도진|맘모스쿠폰(40050)|1|4900|27200
2021-04-03 18:12:59|ehwls1235|도진|맘모스쿠폰(40050)|1|4900|22300
2021-04-03 18:12:59|rer45|퍼메|다크론호리병(40132)|1|6900|13100
2021-04-03 18:13:00|ehwls1235|도진|맘모스쿠폰(40050)|1|4900|17400
2021-04-03 18:13:02|ehwls1235|도진|맘모스쿠폰(40050)|1|4900|12500
2021-04-03 18:13:05|ehwls1235|도진|맘모스쿠폰(40050)|1|4900|7600
2021-04-03 18:13:23|rer45|퍼메|맘모스쿠폰(40050)|1|4900|8200
2021-04-03 18:14:09|rer45|퍼메|맘모스쿠폰(40050)|1|4900|3300
2021-04-03 18:17:54|jis871125|루피|맘모스쿠폰(40050)|1|4900|2871800
2021-04-03 18:17:55|jis871125|루피|맘모스쿠폰(40050)|1|4900|2866900
2021-04-03 18:17:56|jis871125|루피|맘모스쿠폰(40050)|1|4900|2862000
2021-04-03 18:17:58|jis871125|루피|맘모스쿠폰(40050)|1|4900|2857100
2021-04-03 18:17:59|jis871125|루피|맘모스쿠폰(40050)|1|4900|2852200
2021-04-03 18:18:00|jis871125|루피|맘모스쿠폰(40050)|1|4900|2847300
2021-04-03 18:18:01|jis871125|루피|맘모스쿠폰(40050)|1|4900|2842400
2021-04-03 18:18:02|jis871125|루피|맘모스쿠폰(40050)|1|4900|2837500
2021-04-03 18:18:04|jis871125|루피|맘모스쿠폰(40050)|1|4900|2832600
2021-04-03 18:18:05|jis871125|루피|맘모스쿠폰(40050)|1|4900|2827700
2021-04-03 18:22:23|jis871125|루피|맘모스쿠폰(40050)|1|4900|2822800
2021-04-03 18:22:24|jis871125|루피|맘모스쿠폰(40050)|1|4900|2817900
2021-04-03 18:22:25|jis871125|루피|맘모스쿠폰(40050)|1|4900|2813000
2021-04-03 18:22:26|jis871125|루피|맘모스쿠폰(40050)|1|4900|2808100
2021-04-03 18:22:27|jis871125|루피|맘모스쿠폰(40050)|1|4900|2803200
2021-04-03 18:22:29|jis871125|루피|맘모스쿠폰(40050)|1|4900|2798300
2021-04-03 18:22:32|jis871125|루피|맘모스쿠폰(40050)|1|4900|2793400
2021-04-03 18:37:49|jis8711255|핸콕|맘모스쿠폰(40050)|1|4900|2922600
2021-04-03 18:37:51|jis8711255|핸콕|맘모스쿠폰(40050)|1|4900|2917700
2021-04-03 18:37:52|jis8711255|핸콕|맘모스쿠폰(40050)|1|4900|2912800
2021-04-03 18:37:54|jis8711255|핸콕|맘모스쿠폰(40050)|1|4900|2907900
2021-04-03 18:37:55|jis8711255|핸콕|맘모스쿠폰(40050)|1|4900|2903000
2021-04-03 18:40:53|jis8711255|핸콕|맘모스쿠폰(40050)|1|4900|2898100
2021-04-03 18:40:55|jis8711255|핸콕|맘모스쿠폰(40050)|1|4900|2893200
2021-04-03 18:40:57|jis8711255|핸콕|맘모스쿠폰(40050)|1|4900|2888300
2021-04-03 18:40:59|jis8711255|핸콕|맘모스쿠폰(40050)|1|4900|2883400
2021-04-03 18:41:00|jis8711255|핸콕|맘모스쿠폰(40050)|1|4900|2878500
2021-04-03 18:41:01|jis8711255|핸콕|맘모스쿠폰(40050)|1|4900|2873600
2021-04-03 18:41:03|jis8711255|핸콕|맘모스쿠폰(40050)|1|4900|2868700
2021-04-03 18:41:04|jis8711255|핸콕|맘모스쿠폰(40050)|1|4900|2863800
2021-04-03 18:41:05|jis8711255|핸콕|맘모스쿠폰(40050)|1|4900|2858900
2021-04-03 18:41:07|jis8711255|핸콕|맘모스쿠폰(40050)|1|4900|2854000
2021-04-03 18:42:26|jys1234|대장＊|(-1)|1|0|0
2021-04-03 18:42:28|jys1234|대장＊|(-1)|1|0|0
2021-04-03 18:42:29|jys1234|대장＊|(-1)|1|0|0
2021-04-03 18:42:33|jys1234|대장＊|(-1)|1|0|0
2021-04-03 18:42:35|jys1234|대장＊|(-1)|1|0|0
2021-04-03 18:46:31|ar4055|엉디|맘모스쿠폰(40050)|1|4900|16700
2021-04-03 18:46:32|ar4055|엉디|맘모스쿠폰(40050)|1|4900|11800
2021-04-03 18:57:01|ar4055|엉디|맘모스쿠폰(40050)|1|4900|6900
2021-04-03 18:57:03|ar4055|엉디|맘모스쿠폰(40050)|1|4900|2000
2021-04-03 19:30:52|ar4055|엉디|맘모스쿠폰(40050)|1|4900|17100
2021-04-03 19:30:53|ar4055|엉디|맘모스쿠폰(40050)|1|4900|12200
2021-04-03 19:31:20|ar4055|엉디|맘모스쿠폰(40050)|1|4900|7300
2021-04-03 19:31:21|ar4055|엉디|맘모스쿠폰(40050)|1|4900|2400
2021-04-03 19:33:09|jis8711255|핸콕|장인의강화(40054)|1|5000|2849000
2021-04-03 19:34:09|jis8711255|핸콕|장인의강화(40054)|1|5000|2844000
2021-04-03 19:40:10|jis8711255|핸콕|맘모스쿠폰(40050)|1|4900|2839100
2021-04-03 19:40:11|jis8711255|핸콕|맘모스쿠폰(40050)|1|4900|2834200
2021-04-03 19:40:12|jis8711255|핸콕|맘모스쿠폰(40050)|1|4900|2829300
2021-04-03 19:40:14|jis8711255|핸콕|맘모스쿠폰(40050)|1|4900|2824400
2021-04-03 19:40:16|jis8711255|핸콕|맘모스쿠폰(40050)|1|4900|2819500
2021-04-03 19:40:17|jis8711255|핸콕|맘모스쿠폰(40050)|1|4900|2814600
2021-04-03 19:40:19|jis8711255|핸콕|맘모스쿠폰(40050)|1|4900|2809700
2021-04-03 19:40:20|jis8711255|핸콕|맘모스쿠폰(40050)|1|4900|2804800
2021-04-03 19:40:21|jis8711255|핸콕|맘모스쿠폰(40050)|1|4900|2799900
2021-04-03 19:40:23|jis8711255|핸콕|맘모스쿠폰(40050)|1|4900|2795000
2021-04-03 19:40:24|jis8711255|핸콕|맘모스쿠폰(40050)|1|4900|2790100
2021-04-03 19:40:26|jis8711255|핸콕|맘모스쿠폰(40050)|1|4900|2785200
2021-04-03 19:40:27|jis8711255|핸콕|맘모스쿠폰(40050)|1|4900|2780300
2021-04-03 19:40:28|jis8711255|핸콕|맘모스쿠폰(40050)|1|4900|2775400
2021-04-03 19:40:29|jis8711255|핸콕|맘모스쿠폰(40050)|1|4900|2770500
2021-04-03 19:48:39|||경험치 구슬(교불)(100508)|1|3|17
2021-04-03 19:48:42|||경험치 구슬(교불)(100508)|1|3|14
2021-04-03 19:48:47|wg9400|火|진화열매(45009)|1|15000|72700
2021-04-03 19:48:48|||경험치 구슬(교불)(100508)|1|3|11
2021-04-03 19:48:55|||경험치 구슬(교불)(100508)|1|3|17
2021-04-03 19:48:57|wg9400|火|Lv4페트 통조림(46018)|1|5000|67700
2021-04-03 19:48:57|||경험치 구슬(교불)(100508)|1|3|14
2021-04-03 19:48:59|||경험치 구슬(교불)(100508)|1|3|11
2021-04-03 19:49:05|||경험치 구슬(교불)(100508)|1|3|8
2021-04-03 19:49:06|||경험치 구슬(교불)(100508)|1|3|5
2021-04-03 19:49:08|||경험치 구슬(교불)(100508)|1|3|2
2021-04-03 19:49:09|wg9400|火|맘모스쿠폰(40050)|1|4900|62800
2021-04-03 19:49:10|wg9400|火|맘모스쿠폰(40050)|1|4900|57900
2021-04-03 19:49:12|wg9400|火|맘모스쿠폰(40050)|1|4900|53000
2021-04-03 19:49:12|||경험치 구슬(교불)(100508)|1|3|8
2021-04-03 19:49:13|wg9400|火|맘모스쿠폰(40050)|1|4900|48100
2021-04-03 19:49:13|||경험치 구슬(교불)(100508)|1|3|5
2021-04-03 19:49:14|||경험치 구슬(교불)(100508)|1|3|2
2021-04-03 19:49:15|wg9400|火|맘모스쿠폰(40050)|1|4900|43200
2021-04-03 19:49:16|wg9400|火|맘모스쿠폰(40050)|1|4900|38300
2021-04-03 19:49:18|wg9400|火|맘모스쿠폰(40050)|1|4900|33400
2021-04-03 19:51:06|wg9400|火|맘모스쿠폰(40050)|1|4900|28500
2021-04-03 19:51:07|wg9400|火|맘모스쿠폰(40050)|1|4900|23600
2021-04-03 19:51:11|wg9400|火|맘모스쿠폰(40050)|1|4900|18700
2021-04-03 19:52:33|||경험치 구슬(교불)(100508)|1|5|2
2021-04-03 19:52:40|||경험치 구슬(교불)(100508)|1|5|2
2021-04-03 20:03:30|ar4055|엉디|1환생의도끼(100103)|1|1000|1400
2021-04-03 20:04:35|ar4055|엉디|1환생의도끼(100103)|1|1000|400
2021-04-03 20:13:47|jis8711255|핸콕|맘모스쿠폰(40050)|1|4900|2765600
2021-04-03 20:13:49|jis8711255|핸콕|맘모스쿠폰(40050)|1|4900|2760700
2021-04-03 20:13:50|jis8711255|핸콕|맘모스쿠폰(40050)|1|4900|2755800
2021-04-03 20:13:52|jis8711255|핸콕|맘모스쿠폰(40050)|1|4900|2750900
2021-04-03 20:13:54|jis8711255|핸콕|맘모스쿠폰(40050)|1|4900|2746000
2021-04-03 20:14:52|jis8711255|핸콕|맘모스쿠폰(40050)|1|4900|2741100
2021-04-03 20:14:54|jis8711255|핸콕|맘모스쿠폰(40050)|1|4900|2736200
2021-04-03 20:14:55|jis8711255|핸콕|맘모스쿠폰(40050)|1|4900|2731300
2021-04-03 20:14:57|jis8711255|핸콕|맘모스쿠폰(40050)|1|4900|2726400
2021-04-03 20:14:58|jis8711255|핸콕|맘모스쿠폰(40050)|1|4900|2721500
2021-04-03 20:16:21|wg9400|火|맘모스쿠폰(40050)|1|4900|13800
2021-04-03 20:16:23|wg9400|火|맘모스쿠폰(40050)|1|4900|8900
2021-04-03 20:16:25|wg9400|火|맘모스쿠폰(40050)|1|4900|4000
2021-04-03 20:16:35|||갈푸스퀘 깃털(100130)|1|4|74
2021-04-03 20:16:36|||갈푸스퀘 깃털(100130)|1|4|70
2021-04-03 20:16:37|||갈푸스퀘 깃털(100130)|1|4|66
2021-04-03 20:16:41|||갈푸스퀘 깃털(100130)|1|4|71
2021-04-03 20:16:44|||갈푸스퀘 깃털(100130)|1|4|67
2021-04-03 20:16:44|||갈푸스퀘 깃털(100130)|1|4|63
2021-04-03 20:17:14|jis8711255|핸콕|맘모스쿠폰(40050)|1|4900|2716600
2021-04-03 20:17:16|jis8711255|핸콕|맘모스쿠폰(40050)|1|4900|2711700
2021-04-03 20:17:17|jis8711255|핸콕|맘모스쿠폰(40050)|1|4900|2706800
2021-04-03 20:17:17|wg0135|水|VIP POINT 1000＄(21111)|1|1000|0
2021-04-03 20:17:18|jis8711255|핸콕|맘모스쿠폰(40050)|1|4900|2701900
2021-04-03 20:17:20|jis8711255|핸콕|맘모스쿠폰(40050)|1|4900|2697000
2021-04-03 20:17:52|wg9400|火|맘모스쿠폰(40050)|1|4900|100
2021-04-03 20:19:07|jis8711255|핸콕|맘모스쿠폰(40050)|1|4900|2692100
2021-04-03 20:19:08|jis8711255|핸콕|맘모스쿠폰(40050)|1|4900|2687200
2021-04-03 20:19:10|jis8711255|핸콕|맘모스쿠폰(40050)|1|4900|2682300
2021-04-03 20:19:11|jis8711255|핸콕|맘모스쿠폰(40050)|1|4900|2677400
2021-04-03 20:19:13|jis8711255|핸콕|맘모스쿠폰(40050)|1|4900|2672500
2021-04-03 20:43:49|wg9400|火|맘모스쿠폰(40050)|1|4900|10200
2021-04-03 20:43:55|wg9400|火|맘모스쿠폰(40050)|1|4900|5300
2021-04-03 20:44:01|wg9400|火|맘모스쿠폰(40050)|1|4900|400
2021-04-03 20:54:52|ccs5656|추르|VIP POINT 10000＄(21114)|1|10000|1300
2021-04-03 20:57:35|qusrud11|여포왕|레이드일반강화(40039)|1|1000|222700
2021-04-03 20:57:36|qusrud11|여포왕|레이드일반강화(40039)|1|1000|221700
2021-04-03 20:57:38|qusrud11|여포왕|레이드일반강화(40039)|1|1000|220700
2021-04-03 20:59:24|qusrud11|여포왕|레이드일반강화(40039)|1|1000|219700
2021-04-03 20:59:27|qusrud11|여포왕|레이드일반강화(40039)|1|1000|218700
2021-04-03 20:59:28|qusrud11|여포왕|레이드일반강화(40039)|1|1000|217700
2021-04-03 21:03:19|qusrud11|여포왕|레이드일반강화(40039)|1|1000|216700
2021-04-03 21:03:21|qusrud11|여포왕|레이드일반강화(40039)|1|1000|215700
2021-04-03 21:03:22|qusrud11|여포왕|레이드일반강화(40039)|1|1000|214700
2021-04-03 21:03:23|qusrud11|여포왕|레이드일반강화(40039)|1|1000|213700
2021-04-03 21:03:24|qusrud11|여포왕|레이드일반강화(40039)|1|1000|212700
2021-04-03 21:03:25|qusrud11|여포왕|레이드일반강화(40039)|1|1000|211700
2021-04-03 21:03:26|qusrud11|여포왕|레이드일반강화(40039)|1|1000|210700
2021-04-03 21:03:27|qusrud11|여포왕|레이드일반강화(40039)|1|1000|209700
2021-04-03 21:03:28|qusrud11|여포왕|레이드일반강화(40039)|1|1000|208700
2021-04-03 21:03:29|qusrud11|여포왕|레이드일반강화(40039)|1|1000|207700
2021-04-03 21:03:30|qusrud11|여포왕|레이드일반강화(40039)|1|1000|206700
2021-04-03 21:04:24|qusrud11|여포왕|레이드일반강화(40039)|1|1000|205700
2021-04-03 21:04:25|qusrud11|여포왕|레이드일반강화(40039)|1|1000|204700
2021-04-03 21:04:26|qusrud11|여포왕|레이드일반강화(40039)|1|1000|203700
2021-04-03 21:04:27|qusrud11|여포왕|레이드일반강화(40039)|1|1000|202700
2021-04-03 21:04:28|qusrud11|여포왕|레이드일반강화(40039)|1|1000|201700
2021-04-03 21:04:33|qusrud11|여포왕|레이드일반강화(40039)|1|1000|200700
2021-04-03 21:04:35|qusrud11|여포왕|레이드일반강화(40039)|1|1000|199700
2021-04-03 21:04:36|qusrud11|여포왕|레이드일반강화(40039)|1|1000|198700
2021-04-03 21:04:37|qusrud11|여포왕|레이드일반강화(40039)|1|1000|197700
2021-04-03 21:04:38|qusrud11|여포왕|레이드일반강화(40039)|1|1000|196700
2021-04-03 21:04:39|qusrud11|여포왕|레이드일반강화(40039)|1|1000|195700
2021-04-03 21:04:40|qusrud11|여포왕|레이드일반강화(40039)|1|1000|194700
2021-04-03 21:04:41|qusrud11|여포왕|레이드일반강화(40039)|1|1000|193700
2021-04-03 21:05:47|qusrud11|여포왕|레이드일반강화(40039)|1|1000|192700
2021-04-03 21:05:48|qusrud11|여포왕|레이드일반강화(40039)|1|1000|191700
2021-04-03 21:05:49|qusrud11|여포왕|레이드일반강화(40039)|1|1000|190700
2021-04-03 21:05:50|qusrud11|여포왕|레이드일반강화(40039)|1|1000|189700
2021-04-03 21:05:51|qusrud11|여포왕|레이드일반강화(40039)|1|1000|188700
2021-04-03 21:05:52|qusrud11|여포왕|레이드일반강화(40039)|1|1000|187700
2021-04-03 21:05:53|qusrud11|여포왕|레이드일반강화(40039)|1|1000|186700
2021-04-03 21:06:27|qusrud11|여포왕|레이드일반강화(40039)|1|1000|185700
2021-04-03 21:06:28|qusrud11|여포왕|레이드일반강화(40039)|1|1000|184700
2021-04-03 21:06:29|qusrud11|여포왕|레이드일반강화(40039)|1|1000|183700
2021-04-03 21:06:31|qusrud11|여포왕|레이드일반강화(40039)|1|1000|182700
2021-04-03 21:06:32|qusrud11|여포왕|고급강화(40040)|1|3000|179700
2021-04-03 21:06:33|qusrud11|여포왕|레이드일반강화(40039)|1|1000|178700
2021-04-03 21:07:12|qusrud11|여포왕|레이드일반강화(40039)|1|1000|177700
2021-04-03 21:07:13|qusrud11|여포왕|레이드일반강화(40039)|1|1000|176700
2021-04-03 21:07:14|qusrud11|여포왕|레이드일반강화(40039)|1|1000|175700
2021-04-03 21:07:15|qusrud11|여포왕|레이드일반강화(40039)|1|1000|174700
2021-04-03 21:07:36|qusrud11|여포왕|레이드일반강화(40039)|1|1000|173700
2021-04-03 21:07:37|qusrud11|여포왕|레이드일반강화(40039)|1|1000|172700
2021-04-03 21:07:45|qusrud11|여포왕|레이드일반강화(40039)|1|1000|171700
2021-04-03 21:07:53|qusrud11|여포왕|레이드일반강화(40039)|1|1000|170700
2021-04-03 21:08:25|qusrud11|여포왕|장인의강화(40054)|1|5000|165700
2021-04-03 21:08:26|qusrud11|여포왕|장인의강화(40054)|1|5000|160700
2021-04-03 21:08:28|qusrud11|여포왕|장인의강화(40054)|1|5000|155700
2021-04-03 21:08:55|qusrud11|여포왕|맘모스쿠폰(40050)|1|4900|150800
2021-04-03 21:08:56|qusrud11|여포왕|맘모스쿠폰(40050)|1|4900|145900
2021-04-03 21:08:57|qusrud11|여포왕|맘모스쿠폰(40050)|1|4900|141000
2021-04-03 21:09:25|qusrud11|여포왕|장인의강화(40054)|1|5000|136000
2021-04-03 21:09:26|qusrud11|여포왕|장인의강화(40054)|1|5000|131000
2021-04-03 21:09:27|qusrud11|여포왕|장인의강화(40054)|1|5000|126000
2021-04-03 21:09:48|qusrud11|여포왕|장인의강화(40054)|1|5000|121000
2021-04-03 21:10:11|qusrud11|여포왕|장인의강화(40054)|1|5000|116000
2021-04-03 21:29:11|ar4055|엉디|맘모스쿠폰(40050)|1|4900|45500
2021-04-03 21:29:36|ar4055|엉디|맘모스쿠폰(40050)|1|4900|40600
2021-04-03 21:30:18|ar4055|엉디|맘모스쿠폰(40050)|1|4900|35700
2021-04-03 21:30:20|ar4055|엉디|맘모스쿠폰(40050)|1|4900|30800
2021-04-03 21:36:41|qusrud11|여포왕|맘모스쿠폰(40050)|1|4900|111100
2021-04-03 21:36:42|qusrud11|여포왕|맘모스쿠폰(40050)|1|4900|106200
2021-04-03 21:36:45|qusrud11|여포왕|맘모스쿠폰(40050)|1|4900|101300
2021-04-03 21:36:46|qusrud11|여포왕|맘모스쿠폰(40050)|1|4900|96400
2021-04-03 21:36:47|qusrud11|여포왕|맘모스쿠폰(40050)|1|4900|91500
2021-04-03 21:37:14|qusrud11|여포왕|맘모스쿠폰(40050)|1|4900|86600
2021-04-03 21:37:16|qusrud11|여포왕|맘모스쿠폰(40050)|1|4900|81700
2021-04-03 21:37:17|qusrud11|여포왕|맘모스쿠폰(40050)|1|4900|76800
2021-04-03 21:37:18|qusrud11|여포왕|맘모스쿠폰(40050)|1|4900|71900
2021-04-03 21:37:19|qusrud11|여포왕|맘모스쿠폰(40050)|1|4900|67000
2021-04-03 21:44:02|qusrud11|여포왕|파이마루호리병(40200)|1|6900|60100
2021-04-03 21:44:15|qusrud11|여포왕|VIP POINT 10000＄(21114)|1|10000|150100
2021-04-03 21:45:45|qusrud11|여포왕|VIP POINT 100000＄(21117)|1|100000|50100
2021-04-03 21:47:48|||경험치 구슬(교불)(100508)|1|5|417
2021-04-03 21:47:49|||경험치 구슬(교불)(100508)|1|5|412
2021-04-03 21:47:50|||경험치 구슬(교불)(100508)|1|5|407
2021-04-03 21:47:51|||경험치 구슬(교불)(100508)|1|5|402
2021-04-03 21:47:52|||경험치 구슬(교불)(100508)|1|5|397
2021-04-03 21:47:53|||경험치 구슬(교불)(100508)|1|5|392
2021-04-03 22:12:43|wg9400|火|맘모스쿠폰(40050)|1|4900|5500
2021-04-03 22:12:45|wg9400|火|맘모스쿠폰(40050)|1|4900|600
2021-04-03 22:17:08|qusrud11|여포왕|VIP POINT 10000＄(21114)|1|10000|50100
2021-04-03 22:20:47|ghrn|호규맨|VIP페트뽑기박스(40196)|1|7900|12400
2021-04-03 22:25:58|ghrn|호규맨|VIP페트뽑기박스(40196)|1|7900|4500
2021-04-03 22:28:11|tndud5233|뚜야|VIP페트뽑기박스(40196)|1|7900|144900
2021-04-03 22:38:11|wg9400|火|맘모스쿠폰(40050)|1|4900|35700
2021-04-03 22:38:12|wg9400|火|맘모스쿠폰(40050)|1|4900|30800
2021-04-03 22:38:14|wg9400|火|맘모스쿠폰(40050)|1|4900|25900
2021-04-03 22:38:15|wg9400|火|맘모스쿠폰(40050)|1|4900|21000
2021-04-03 22:38:17|wg9400|火|맘모스쿠폰(40050)|1|4900|16100
2021-04-03 22:38:18|wg9400|火|맘모스쿠폰(40050)|1|4900|11200
2021-04-03 22:38:20|wg9400|火|맘모스쿠폰(40050)|1|4900|6300
2021-04-03 22:38:22|wg9400|火|맘모스쿠폰(40050)|1|4900|1400
2021-04-03 23:02:11|||갈푸스퀘 깃털(100130)|1|4|16
2021-04-03 23:02:13|||갈푸스퀘 깃털(100130)|1|4|12
2021-04-03 23:02:14|||갈푸스퀘 깃털(100130)|1|4|8
2021-04-03 23:02:19|||갈푸스퀘 깃털(100130)|1|4|15
2021-04-03 23:02:20|||갈푸스퀘 깃털(100130)|1|4|11
2021-04-03 23:02:23|||갈푸스퀘 깃털(100130)|1|4|7
2021-04-03 23:05:54|qusrud11|여포왕|VIP POINT 1000＄(21111)|1|1000|59100
2021-04-03 23:07:46|janginsub|깡북이|VIP POINT 10000＄(21114)|1|10000|29901300
2021-04-03 23:07:48|janginsub|깡북이|VIP POINT 10000＄(21114)|1|10000|29891300
2021-04-03 23:07:49|janginsub|깡북이|VIP POINT 5000＄(21113)|1|5000|29886300
2021-04-03 23:09:12|ds0516|피맛|맘모스쿠폰(40050)|1|4900|20500
2021-04-03 23:09:13|ds0516|피맛|맘모스쿠폰(40050)|1|4900|15600
2021-04-03 23:09:15|ds0516|피맛|맘모스쿠폰(40050)|1|4900|10700
2021-04-03 23:09:16|ds0516|피맛|맘모스쿠폰(40050)|1|4900|5800
2021-04-03 23:09:18|ds0516|피맛|맘모스쿠폰(40050)|1|4900|900
2021-04-03 23:09:35|||갈푸스퀘 깃털(100130)|1|4|64
2021-04-03 23:09:36|||갈푸스퀘 깃털(100130)|1|4|60
2021-04-03 23:09:37|||갈푸스퀘 깃털(100130)|1|4|56
2021-04-03 23:10:18|||갈푸스퀘 깃털(100130)|1|4|61
2021-04-03 23:10:19|||갈푸스퀘 깃털(100130)|1|4|57
2021-04-03 23:10:19|||갈푸스퀘 깃털(100130)|1|4|53
2021-04-03 23:34:14|||경험치 구슬(교불)(100508)|1|3|47
2021-04-03 23:34:21|||경험치 구슬(교불)(100508)|1|3|44
2021-04-03 23:34:29|||경험치 구슬(교불)(100508)|1|3|41
2021-04-03 23:34:38|||경험치 구슬(교불)(100508)|1|3|38
2021-04-03 23:34:40|||경험치 구슬(교불)(100508)|1|3|35
2021-04-03 23:35:46|||경험치 구슬(교불)(100508)|1|3|21
2021-04-03 23:35:57|||경험치 구슬(교불)(100508)|1|3|18
2021-04-03 23:36:03|||경험치 구슬(교불)(100508)|1|3|15
2021-04-03 23:37:44|||모가로스호리병(40160)|1|15|20
2021-04-03 23:51:11|hihoce|마루|맘모스쿠폰(40050)|1|4900|49500
2021-04-03 23:56:21|hihoce|마루|맘모스쿠폰(40050)|1|4900|44600
2021-04-03 23:58:40|hihoce|마루|맘모스쿠폰(40050)|1|4900|39700
2021-04-03 23:59:41|||경험치 구슬(교불)(100508)|1|3|0
