2021-03-20 01:05:53|kyk9698|파랑|진화열매(45009)|1|15000|518200
2021-03-20 01:06:43|yy1212|연두|진화열매(45009)|1|15000|597900
2021-03-20 01:09:53|yy1212|연두|Lv4페트 통조림(46018)|1|5000|592900
2021-03-20 02:22:32|||돌북이호리병(40153)|1|15|21
2021-03-20 02:23:41|||돌북이호리병(40153)|1|15|20
2021-03-20 02:23:53|||경험치 구슬(교불)(100508)|1|5|40
2021-03-20 02:23:55|||경험치 구슬(교불)(100508)|1|5|35
2021-03-20 02:23:57|||경험치 구슬(교불)(100508)|1|5|30
2021-03-20 02:24:05|||경험치 구슬(교불)(100508)|1|5|40
2021-03-20 02:24:07|||경험치 구슬(교불)(100508)|1|5|35
2021-03-20 02:24:09|||경험치 구슬(교불)(100508)|1|5|30
2021-03-20 06:32:44|||경험치 구슬(교불)(100508)|1|5|25
2021-03-20 06:32:46|||경험치 구슬(교불)(100508)|1|5|20
2021-03-20 06:32:48|||경험치 구슬(교불)(100508)|1|5|15
2021-03-20 06:33:31|||경험치 구슬(교불)(100508)|1|5|25
2021-03-20 06:33:32|||경험치 구슬(교불)(100508)|1|5|20
2021-03-20 06:33:34|||경험치 구슬(교불)(100508)|1|5|15
2021-03-20 08:04:43|||하드불성클리어상자(40160)|1|15|7
2021-03-20 08:04:58|||경험치 구슬(교불)(100508)|1|3|4
2021-03-20 08:05:01|||경험치 구슬(교불)(100508)|1|3|1
2021-03-20 08:06:20|||하드불성클리어상자(40160)|1|15|7
2021-03-20 08:06:24|||경험치 구슬(교불)(100508)|1|3|4
2021-03-20 08:06:25|||경험치 구슬(교불)(100508)|1|5|10
2021-03-20 08:06:27|||경험치 구슬(교불)(100508)|1|3|1
2021-03-20 08:06:27|||경험치 구슬(교불)(100508)|1|5|5
2021-03-20 08:06:29|||경험치 구슬(교불)(100508)|1|5|0
2021-03-20 08:06:52|||경험치 구슬(교불)(100508)|1|5|10
2021-03-20 08:06:54|||경험치 구슬(교불)(100508)|1|5|5
2021-03-20 08:06:55|||경험치 구슬(교불)(100508)|1|5|0
2021-03-20 09:48:15|qusrud11|여포왕|7환생의도끼(100109)|1|8000|23900
2021-03-20 10:01:18|qusrud11|여포왕|Lv4페트 통조림(46018)|1|5000|18900
2021-03-20 10:08:49|||페트초기화(25150)|1|8|6
2021-03-20 10:09:00|||30만스톤 수표(100033)|1|4|3
2021-03-20 11:10:07|jis8711255|핸콕|Lv4페트 통조림(46018)|1|5000|2954400
2021-03-20 11:10:30|jis871125|루피|Lv4페트 통조림(46018)|1|5000|3123500
2021-03-20 11:14:13|||경험치 구슬(교불)(100508)|1|3|24
2021-03-20 11:14:14|||경험치 구슬(교불)(100508)|1|3|21
2021-03-20 11:14:15|||경험치 구슬(교불)(100508)|1|3|18
2021-03-20 11:14:17|||경험치 구슬(교불)(100508)|1|3|15
2021-03-20 11:14:19|||경험치 구슬(교불)(100508)|1|3|12
2021-03-20 11:14:21|||경험치 구슬(교불)(100508)|1|3|9
2021-03-20 11:14:23|||경험치 구슬(교불)(100508)|1|3|6
2021-03-20 11:14:34|||경험치 구슬(교불)(100508)|1|3|3
2021-03-20 11:14:35|||경험치 구슬(교불)(100508)|1|3|0
2021-03-20 11:14:56|||경험치 구슬(교불)(100508)|1|3|24
2021-03-20 11:14:58|||경험치 구슬(교불)(100508)|1|3|21
2021-03-20 11:14:59|||경험치 구슬(교불)(100508)|1|3|18
2021-03-20 11:15:00|||경험치 구슬(교불)(100508)|1|3|15
2021-03-20 11:15:02|||경험치 구슬(교불)(100508)|1|3|12
2021-03-20 11:15:04|||경험치 구슬(교불)(100508)|1|3|9
2021-03-20 11:15:05|||경험치 구슬(교불)(100508)|1|3|6
2021-03-20 11:15:07|||경험치 구슬(교불)(100508)|1|3|3
2021-03-20 11:15:15|||경험치 구슬(교불)(100508)|1|3|0
2021-03-20 14:16:09|jis8711255|핸콕|Lv4페트 통조림(46018)|1|5000|2949400
2021-03-20 14:21:38|jis871125|루피|고급강화(40040)|1|3000|3120500
2021-03-20 14:21:40|jis871125|루피|고급강화(40040)|1|3000|3117500
2021-03-20 14:21:42|jis871125|루피|고급강화(40040)|1|3000|3114500
2021-03-20 14:21:43|jis871125|루피|고급강화(40040)|1|3000|3111500
2021-03-20 14:21:44|jis871125|루피|고급강화(40040)|1|3000|3108500
2021-03-20 14:21:45|jis871125|루피|고급강화(40040)|1|3000|3105500
2021-03-20 14:21:47|jis871125|루피|고급강화(40040)|1|3000|3102500
2021-03-20 14:21:48|jis871125|루피|고급강화(40040)|1|3000|3099500
2021-03-20 14:27:16|||경험치 구슬(교불)(100508)|1|5|129
2021-03-20 14:28:21|jis871125|루피|장인의강화(40054)|1|5000|3094500
2021-03-20 16:20:16|||갈푸스의음식(100130)|1|4|7
2021-03-20 16:20:52|||갈푸스의음식(100130)|1|4|2
2021-03-20 17:59:06|comic200|공|진화열매(45009)|1|15000|41100
2021-03-20 18:01:48|comic200|공|메탈사로레전드호리병(40121)|1|6900|34200
2021-03-20 18:03:16|comic200|공|바람소년 상자(22121)|1|6900|27300
2021-03-20 18:03:51|comic200|공|맘모스쿠폰(40050)|1|4900|22400
2021-03-20 18:03:52|comic200|공|맘모스쿠폰(40050)|1|4900|17500
2021-03-20 18:03:54|comic200|공|맘모스쿠폰(40050)|1|4900|12600
2021-03-20 18:03:55|comic200|공|맘모스쿠폰(40050)|1|4900|7700
2021-03-20 18:04:04|comic200|공|맘모스쿠폰(40050)|1|4900|2800
2021-03-20 18:08:41|||페트초기화(25150)|1|8|3
2021-03-20 18:20:25|kyk9698|파랑|경험치 구슬(100507)|1|2000|516200
2021-03-20 18:20:27|kyk9698|파랑|경험치 구슬(100507)|1|2000|514200
2021-03-20 18:20:28|kyk9698|파랑|경험치 구슬(100507)|1|2000|512200
2021-03-20 18:20:30|kyk9698|파랑|경험치 구슬(100507)|1|2000|510200
2021-03-20 18:25:43|||페트초기화(25150)|1|8|2
2021-03-20 18:29:02|yy1212|연두|경험치 구슬(100507)|1|2000|590900
2021-03-20 18:29:03|yy1212|연두|경험치 구슬(100507)|1|2000|588900
2021-03-20 18:29:04|yy1212|연두|경험치 구슬(100507)|1|2000|586900
2021-03-20 18:29:05|yy1212|연두|경험치 구슬(100507)|1|2000|584900
2021-03-20 18:29:06|yy1212|연두|경험치 구슬(100507)|1|2000|582900
2021-03-20 18:29:08|yy1212|연두|경험치 구슬(100507)|1|2000|580900
2021-03-20 18:29:09|yy1212|연두|경험치 구슬(100507)|1|2000|578900
2021-03-20 18:29:10|yy1212|연두|경험치 구슬(100507)|1|2000|576900
2021-03-20 18:44:39|||30만스톤 수표(100033)|1|4|8
2021-03-20 18:44:41|||30만스톤 수표(100033)|1|4|7
2021-03-20 18:45:04|||경험치 구슬(교불)(100508)|1|5|287
2021-03-20 18:45:05|||경험치 구슬(교불)(100508)|1|5|282
2021-03-20 18:45:09|||경험치 구슬(교불)(100508)|1|5|277
2021-03-20 18:45:10|||경험치 구슬(교불)(100508)|1|5|272
2021-03-20 18:55:49|||경험치 구슬(교불)(100508)|1|3|5
2021-03-20 18:55:51|||경험치 구슬(교불)(100508)|1|3|2
2021-03-20 18:55:52|||경험치 구슬(교불)(100508)|1|3|5
2021-03-20 18:55:54|||경험치 구슬(교불)(100508)|1|3|2
2021-03-20 19:59:31|||경험치 구슬(교불)(100508)|1|5|34
2021-03-20 19:59:33|||경험치 구슬(교불)(100508)|1|5|29
2021-03-20 19:59:34|||경험치 구슬(교불)(100508)|1|5|24
2021-03-20 19:59:36|||경험치 구슬(교불)(100508)|1|5|19
2021-03-20 19:59:37|||경험치 구슬(교불)(100508)|1|5|14
2021-03-20 19:59:39|||경험치 구슬(교불)(100508)|1|5|9
2021-03-20 19:59:40|||경험치 구슬(교불)(100508)|1|5|4
2021-03-20 19:59:47|||경험치 구슬(교불)(100508)|1|5|34
2021-03-20 19:59:51|||경험치 구슬(교불)(100508)|1|5|29
2021-03-20 19:59:53|||경험치 구슬(교불)(100508)|1|5|24
2021-03-20 19:59:54|||경험치 구슬(교불)(100508)|1|5|19
2021-03-20 19:59:56|||경험치 구슬(교불)(100508)|1|5|14
2021-03-20 19:59:57|||경험치 구슬(교불)(100508)|1|5|9
2021-03-20 19:59:59|||경험치 구슬(교불)(100508)|1|5|4
2021-03-20 20:00:59|comic200|공|맘모스쿠폰(40050)|1|4900|52900
2021-03-20 20:01:01|comic200|공|맘모스쿠폰(40050)|1|4900|48000
2021-03-20 20:01:02|comic200|공|맘모스쿠폰(40050)|1|4900|43100
2021-03-20 20:01:04|comic200|공|맘모스쿠폰(40050)|1|4900|38200
2021-03-20 20:01:06|comic200|공|맘모스쿠폰(40050)|1|4900|33300
2021-03-20 20:06:28|||노르가르호리병(40155)|1|15|27
2021-03-20 20:10:40|kyk9698|파랑|Lv4페트 통조림(46018)|1|5000|505200
2021-03-20 20:29:12|comic200|공|메탈사로레전드호리병(40121)|1|6900|26400
2021-03-20 21:54:44|yy1212|연두|Lv4페트 통조림(46018)|1|5000|571900
2021-03-20 23:14:38|kyk9698|파랑|경험치 구슬(100507)|1|2000|503200
2021-03-20 23:14:39|kyk9698|파랑|경험치 구슬(100507)|1|2000|501200
2021-03-20 23:14:40|kyk9698|파랑|경험치 구슬(100507)|1|2000|499200
2021-03-20 23:14:41|kyk9698|파랑|경험치 구슬(100507)|1|2000|497200
2021-03-20 23:14:42|kyk9698|파랑|경험치 구슬(100507)|1|2000|495200
2021-03-20 23:14:43|kyk9698|파랑|경험치 구슬(100507)|1|2000|493200
2021-03-20 23:18:20|||하드기성클리어상자(40161)|1|15|7
2021-03-20 23:18:24|||하드기성클리어상자(40161)|1|15|5
