2021-06-15 15:53:58|||50RP뽑기박스(67001)|1|50|243
2021-06-15 15:54:10|||50RP뽑기박스(67001)|1|50|193
2021-06-15 15:54:11|||50RP뽑기박스(67001)|1|50|143
2021-06-15 15:54:12|||50RP뽑기박스(67001)|1|50|93
2021-06-15 15:54:14|||50RP뽑기박스(67001)|1|50|43
2021-06-15 15:54:17|||30RP뽑기박스(67000)|1|30|13
2021-06-15 15:54:37|||50RP뽑기박스(67001)|1|50|269
2021-06-15 15:54:38|||50RP뽑기박스(67001)|1|50|219
2021-06-15 15:54:39|||50RP뽑기박스(67001)|1|50|169
2021-06-15 15:54:40|||50RP뽑기박스(67001)|1|50|119
2021-06-15 15:54:41|||50RP뽑기박스(67001)|1|50|69
2021-06-15 15:54:42|||50RP뽑기박스(67001)|1|50|19
2021-06-15 15:55:00|||50VP뽑기박스(67007)|1|50|92
2021-06-15 15:55:06|||50VP뽑기박스(67007)|1|50|42
2021-06-15 15:55:08|||30VP뽑기박스(67006)|1|30|12
2021-06-15 15:55:11|||10VP뽑기박스(67002)|1|10|2
2021-06-15 15:55:24|||50VP뽑기박스(67007)|1|50|59
2021-06-15 15:55:25|||50VP뽑기박스(67007)|1|50|9
2021-06-15 15:59:54|tjdwls819|로젱|VIP POINT 5000＄(21113)|1|5000|4000
2021-06-15 20:57:58|ldl0220|이정호|VIP POINT 50000＄(21116)|1|50000|40900
2021-06-15 20:57:59|ldl0220|이정호|VIP POINT 30000＄(21115)|1|30000|10900
2021-06-15 20:58:01|ldl0220|이정호|VIP POINT 5000＄(21113)|1|5000|5900
2021-06-15 21:12:13|||10VP뽑기박스(67002)|1|10|3
2021-06-15 21:12:19|||10VP뽑기박스(67002)|1|10|4
