2021-05-09 00:09:52|leesuhyun913|먹성|맘모스쿠폰(40050)|1|4900|15100
2021-05-09 00:09:56|leesuhyun913|먹성|맘모스쿠폰(40050)|1|4900|10200
2021-05-09 00:09:58|leesuhyun913|먹성|맘모스쿠폰(40050)|1|4900|5300
2021-05-09 00:09:59|leesuhyun913|먹성|맘모스쿠폰(40050)|1|4900|400
2021-05-09 05:43:17|||경험치 구슬(교불)(100508)|1|3|35
2021-05-09 05:43:23|||30만스톤 수표(100033)|1|4|31
2021-05-09 06:18:45|||모가로스호리병(40160)|1|15|29
2021-05-09 06:18:48|||경험치 구슬(교불)(100508)|1|3|26
2021-05-09 06:18:50|||경험치 구슬(교불)(100508)|1|3|23
2021-05-09 06:18:53|||30만스톤 수표(100033)|1|4|19
2021-05-09 06:18:55|||30만스톤 수표(100033)|1|4|15
2021-05-09 06:18:57|||경험치 구슬(교불)(100508)|1|3|12
2021-05-09 06:18:58|||경험치 구슬(교불)(100508)|1|3|9
2021-05-09 06:19:00|||경험치 구슬(교불)(100508)|1|3|6
2021-05-09 06:19:16|||경험치 구슬(교불)(100508)|1|3|3
2021-05-09 06:19:17|||경험치 구슬(교불)(100508)|1|3|0
2021-05-09 07:11:43|||경험치 구슬(교불)(100508)|1|3|29
2021-05-09 07:11:47|||경험치 구슬(교불)(100508)|1|3|26
2021-05-09 09:09:30|||경험치 구슬(교불)(100508)|1|3|11
2021-05-09 09:09:33|||경험치 구슬(교불)(100508)|1|3|8
2021-05-09 09:09:36|||경험치 구슬(교불)(100508)|1|3|5
2021-05-09 13:15:08|||경험치 구슬(교불)(100508)|1|3|52
2021-05-09 13:15:11|||경험치 구슬(교불)(100508)|1|3|49
2021-05-09 13:15:12|||경험치 구슬(교불)(100508)|1|3|46
2021-05-09 13:15:14|||경험치 구슬(교불)(100508)|1|3|43
2021-05-09 13:15:16|||경험치 구슬(교불)(100508)|1|3|40
2021-05-09 13:15:17|||경험치 구슬(교불)(100508)|1|3|37
2021-05-09 13:15:45|||경험치 구슬(교불)(100508)|1|3|76
2021-05-09 13:15:46|||경험치 구슬(교불)(100508)|1|3|73
2021-05-09 13:15:48|||경험치 구슬(교불)(100508)|1|3|70
2021-05-09 13:15:49|||경험치 구슬(교불)(100508)|1|3|67
2021-05-09 13:15:50|||경험치 구슬(교불)(100508)|1|3|64
2021-05-09 13:15:51|||경험치 구슬(교불)(100508)|1|3|61
2021-05-09 15:01:14|||모가로스호리병(40160)|1|15|56
2021-05-09 15:01:16|||모가로스호리병(40160)|1|15|41
2021-05-09 15:01:38|||모가로스호리병(40160)|1|15|26
2021-05-09 15:01:40|||모가로스호리병(40160)|1|15|11
2021-05-09 16:41:13|||얼성퀘 깃털(110001)|1|3|0
2021-05-09 18:17:15|||경험치 구슬(교불)(100508)|1|3|3
2021-05-09 18:17:18|||경험치 구슬(교불)(100508)|1|3|0
2021-05-09 22:22:45|||경험치 구슬(교불)(100508)|1|3|30
2021-05-09 22:22:50|||경험치 구슬(교불)(100508)|1|3|27
