2021-05-19 01:37:37|rudwns|우비|맘모스쿠폰(40050)|1|4900|15500
2021-05-19 01:37:40|rudwns|우비|맘모스쿠폰(40050)|1|4900|10600
2021-05-19 01:41:23|rudwns|우비|맘모스쿠폰(40050)|1|4900|5700
2021-05-19 01:41:26|rudwns|우비|맘모스쿠폰(40050)|1|4900|800
2021-05-19 02:39:53|leesuhyun913|먹성|맘모스쿠폰(40050)|1|4900|1400
2021-05-19 04:24:14|leesuhyun913|먹성|페트초기화(25150)|1|1000|400
2021-05-19 09:02:28|||경험치 구슬(교불)(100508)|1|3|5
2021-05-19 12:33:30|||페트초기화(25150)|1|8|3
2021-05-19 12:33:42|||페트초기화(25150)|1|8|2
2021-05-19 16:19:18|rudwns|우비|맘모스쿠폰(40050)|1|4900|15900
2021-05-19 16:19:19|rudwns|우비|맘모스쿠폰(40050)|1|4900|11000
2021-05-19 16:19:21|rudwns|우비|맘모스쿠폰(40050)|1|4900|6100
2021-05-19 16:19:22|rudwns|우비|맘모스쿠폰(40050)|1|4900|1200
2021-05-19 17:24:34|||경험치 구슬(교불)(100508)|1|5|39
2021-05-19 17:24:35|||경험치 구슬(교불)(100508)|1|5|34
2021-05-19 17:24:36|||경험치 구슬(교불)(100508)|1|5|29
2021-05-19 17:31:48|dhkdls178|우기|맘모스쿠폰(40050)|1|4900|105100
2021-05-19 17:32:36|leesuhyun913|먹성|페트초기화(25150)|1|1000|44400
2021-05-19 17:33:31|leesuhyun913|먹성|페트초기화(25150)|1|1000|43400
2021-05-19 17:39:47|leesuhyun913|먹성|맘모스쿠폰(40050)|1|4900|38500
2021-05-19 17:40:45|leesuhyun913|먹성|맘모스쿠폰(40050)|1|4900|33600
2021-05-19 17:41:45|leesuhyun913|먹성|맘모스쿠폰(40050)|1|4900|28700
2021-05-19 17:42:16|leesuhyun913|먹성|맘모스쿠폰(40050)|1|4900|23800
2021-05-19 18:15:00|leesuhyun913|먹성|페트초기화(25150)|1|1000|22800
2021-05-19 18:58:08|dhkdls178|우기|VIP POINT 10000＄(21114)|1|10000|95100
2021-05-19 18:58:10|dhkdls178|우기|VIP POINT 10000＄(21114)|1|10000|85100
2021-05-19 19:51:10|ghrn|호규맨|맘모스쿠폰(40050)|1|4900|32800
2021-05-19 19:51:11|ghrn|호규맨|맘모스쿠폰(40050)|1|4900|27900
2021-05-19 19:51:12|ghrn|호규맨|맘모스쿠폰(40050)|1|4900|23000
2021-05-19 19:51:14|ghrn|호규맨|맘모스쿠폰(40050)|1|4900|18100
2021-05-19 19:51:15|ghrn|호규맨|맘모스쿠폰(40050)|1|4900|13200
2021-05-19 19:51:16|ghrn|호규맨|맘모스쿠폰(40050)|1|4900|8300
2021-05-19 19:51:17|ghrn|호규맨|맘모스쿠폰(40050)|1|4900|3400
2021-05-19 19:51:33|ds0516|피맛|맘모스쿠폰(40050)|1|4900|15700
2021-05-19 19:51:34|ds0516|피맛|맘모스쿠폰(40050)|1|4900|10800
2021-05-19 19:51:35|ds0516|피맛|맘모스쿠폰(40050)|1|4900|5900
2021-05-19 19:51:36|ds0516|피맛|맘모스쿠폰(40050)|1|4900|1000
2021-05-19 19:53:35|leesuhyun913|먹성|맘모스쿠폰(40050)|1|4900|17900
2021-05-19 19:53:36|leesuhyun913|먹성|맘모스쿠폰(40050)|1|4900|13000
2021-05-19 19:53:38|leesuhyun913|먹성|맘모스쿠폰(40050)|1|4900|8100
2021-05-19 19:53:39|leesuhyun913|먹성|맘모스쿠폰(40050)|1|4900|3200
2021-05-19 19:53:50|ds0516|피맛|맘모스쿠폰(40050)|1|4900|96100
2021-05-19 19:53:52|ds0516|피맛|맘모스쿠폰(40050)|1|4900|91200
2021-05-19 19:53:53|ds0516|피맛|맘모스쿠폰(40050)|1|4900|86300
2021-05-19 19:53:54|ds0516|피맛|맘모스쿠폰(40050)|1|4900|81400
2021-05-19 19:53:55|ds0516|피맛|맘모스쿠폰(40050)|1|4900|76500
2021-05-19 19:53:56|ds0516|피맛|맘모스쿠폰(40050)|1|4900|71600
2021-05-19 19:53:58|ds0516|피맛|맘모스쿠폰(40050)|1|4900|66700
2021-05-19 19:53:59|ds0516|피맛|맘모스쿠폰(40050)|1|4900|61800
2021-05-19 19:54:00|ds0516|피맛|맘모스쿠폰(40050)|1|4900|56900
2021-05-19 19:54:01|ds0516|피맛|맘모스쿠폰(40050)|1|4900|52000
2021-05-19 19:54:02|ds0516|피맛|맘모스쿠폰(40050)|1|4900|47100
2021-05-19 19:54:02|ds0516|피맛|맘모스쿠폰(40050)|1|4900|42200
2021-05-19 19:54:04|ds0516|피맛|맘모스쿠폰(40050)|1|4900|37300
2021-05-19 19:54:40|ds0516|피맛|맘모스쿠폰(40050)|1|4900|32400
2021-05-19 19:54:41|ds0516|피맛|맘모스쿠폰(40050)|1|4900|27500
2021-05-19 19:54:42|ds0516|피맛|맘모스쿠폰(40050)|1|4900|22600
2021-05-19 19:54:43|ds0516|피맛|맘모스쿠폰(40050)|1|4900|17700
2021-05-19 19:57:08|ds0516|피맛|맘모스쿠폰(40050)|1|4900|12800
2021-05-19 19:58:37|ds0516|피맛|맘모스쿠폰(40050)|1|4900|7900
2021-05-19 19:58:38|ds0516|피맛|맘모스쿠폰(40050)|1|4900|3000
2021-05-19 20:01:33|ghrn|호규맨|맘모스쿠폰(40050)|1|4900|33500
2021-05-19 20:01:34|ghrn|호규맨|맘모스쿠폰(40050)|1|4900|28600
2021-05-19 20:01:35|ghrn|호규맨|맘모스쿠폰(40050)|1|4900|23700
2021-05-19 20:01:37|ghrn|호규맨|맘모스쿠폰(40050)|1|4900|18800
2021-05-19 20:01:38|ghrn|호규맨|맘모스쿠폰(40050)|1|4900|13900
2021-05-19 20:01:40|ghrn|호규맨|맘모스쿠폰(40050)|1|4900|9000
2021-05-19 20:01:41|ghrn|호규맨|맘모스쿠폰(40050)|1|4900|4100
2021-05-19 20:08:08|ds0516|피맛|맘모스쿠폰(40050)|1|4900|38100
2021-05-19 20:08:09|ds0516|피맛|맘모스쿠폰(40050)|1|4900|33200
2021-05-19 20:08:10|ds0516|피맛|맘모스쿠폰(40050)|1|4900|28300
2021-05-19 20:08:11|ds0516|피맛|맘모스쿠폰(40050)|1|4900|23400
2021-05-19 20:08:12|ds0516|피맛|맘모스쿠폰(40050)|1|4900|18500
2021-05-19 20:08:14|ds0516|피맛|맘모스쿠폰(40050)|1|4900|13600
2021-05-19 20:08:15|ds0516|피맛|맘모스쿠폰(40050)|1|4900|8700
2021-05-19 20:08:16|ds0516|피맛|맘모스쿠폰(40050)|1|4900|3800
2021-05-19 20:15:56|dhkdls178|우기|맘모스쿠폰(40050)|1|4900|80200
2021-05-19 20:15:57|dhkdls178|우기|맘모스쿠폰(40050)|1|4900|75300
2021-05-19 20:15:58|dhkdls178|우기|맘모스쿠폰(40050)|1|4900|70400
2021-05-19 20:16:17|dhkdls178|우기|맘모스쿠폰(40050)|1|4900|65500
2021-05-19 20:16:20|dhkdls178|우기|맘모스쿠폰(40050)|1|4900|60600
2021-05-19 20:16:21|dhkdls178|우기|맘모스쿠폰(40050)|1|4900|55700
2021-05-19 20:16:22|dhkdls178|우기|맘모스쿠폰(40050)|1|4900|50800
2021-05-19 20:16:23|dhkdls178|우기|맘모스쿠폰(40050)|1|4900|45900
2021-05-19 20:16:25|dhkdls178|우기|맘모스쿠폰(40050)|1|4900|41000
2021-05-19 20:16:26|dhkdls178|우기|맘모스쿠폰(40050)|1|4900|36100
2021-05-19 20:16:27|dhkdls178|우기|맘모스쿠폰(40050)|1|4900|31200
2021-05-19 20:16:38|dhkdls178|우기|맘모스쿠폰(40050)|1|4900|26300
2021-05-19 20:16:40|dhkdls178|우기|맘모스쿠폰(40050)|1|4900|21400
2021-05-19 20:16:41|dhkdls178|우기|맘모스쿠폰(40050)|1|4900|16500
2021-05-19 20:22:03|dhkdls178|우기|맘모스쿠폰(40050)|1|4900|11600
2021-05-19 20:22:04|dhkdls178|우기|맘모스쿠폰(40050)|1|4900|6700
2021-05-19 20:22:05|dhkdls178|우기|맘모스쿠폰(40050)|1|4900|1800
2021-05-19 20:24:10|rudwns|우비|맘모스쿠폰(40050)|1|4900|46300
2021-05-19 20:24:12|rudwns|우비|맘모스쿠폰(40050)|1|4900|41400
2021-05-19 20:24:13|rudwns|우비|맘모스쿠폰(40050)|1|4900|36500
2021-05-19 20:24:14|rudwns|우비|맘모스쿠폰(40050)|1|4900|31600
2021-05-19 20:24:16|rudwns|우비|맘모스쿠폰(40050)|1|4900|26700
2021-05-19 20:25:34|rudwns|우비|맘모스쿠폰(40050)|1|4900|21800
2021-05-19 20:25:36|rudwns|우비|맘모스쿠폰(40050)|1|4900|16900
2021-05-19 20:25:37|rudwns|우비|맘모스쿠폰(40050)|1|4900|12000
2021-05-19 20:25:38|rudwns|우비|맘모스쿠폰(40050)|1|4900|7100
2021-05-19 20:26:10|rudwns|우비|맘모스쿠폰(40050)|1|4900|2200
2021-05-19 20:28:51|dhkdls178|우기|맘모스쿠폰(40050)|1|4900|106900
2021-05-19 20:28:53|dhkdls178|우기|맘모스쿠폰(40050)|1|4900|102000
2021-05-19 20:28:55|dhkdls178|우기|맘모스쿠폰(40050)|1|4900|97100
2021-05-19 20:28:56|dhkdls178|우기|맘모스쿠폰(40050)|1|4900|92200
2021-05-19 20:28:57|dhkdls178|우기|맘모스쿠폰(40050)|1|4900|87300
2021-05-19 20:28:59|dhkdls178|우기|맘모스쿠폰(40050)|1|4900|82400
2021-05-19 20:29:00|dhkdls178|우기|맘모스쿠폰(40050)|1|4900|77500
2021-05-19 20:29:01|dhkdls178|우기|맘모스쿠폰(40050)|1|4900|72600
2021-05-19 20:29:03|dhkdls178|우기|맘모스쿠폰(40050)|1|4900|67700
2021-05-19 20:29:05|dhkdls178|우기|맘모스쿠폰(40050)|1|4900|62800
2021-05-19 20:30:35|dhkdls178|우기|맘모스쿠폰(40050)|1|4900|57900
2021-05-19 20:30:59|dhkdls178|우기|맘모스쿠폰(40050)|1|4900|53000
2021-05-19 20:31:01|dhkdls178|우기|맘모스쿠폰(40050)|1|4900|48100
2021-05-19 20:31:02|dhkdls178|우기|맘모스쿠폰(40050)|1|4900|43200
2021-05-19 20:31:03|dhkdls178|우기|맘모스쿠폰(40050)|1|4900|38300
2021-05-19 20:31:04|dhkdls178|우기|맘모스쿠폰(40050)|1|4900|33400
2021-05-19 20:31:05|dhkdls178|우기|맘모스쿠폰(40050)|1|4900|28500
2021-05-19 20:32:04|dhkdls178|우기|맘모스쿠폰(40050)|1|4900|23600
2021-05-19 20:32:06|dhkdls178|우기|맘모스쿠폰(40050)|1|4900|18700
2021-05-19 20:32:07|dhkdls178|우기|맘모스쿠폰(40050)|1|4900|13800
2021-05-19 20:32:08|dhkdls178|우기|맘모스쿠폰(40050)|1|4900|8900
2021-05-19 20:32:09|dhkdls178|우기|맘모스쿠폰(40050)|1|4900|4000
2021-05-19 20:35:26|leesuhyun913|먹성|맘모스쿠폰(40050)|1|4900|58300
2021-05-19 20:35:27|leesuhyun913|먹성|맘모스쿠폰(40050)|1|4900|53400
2021-05-19 20:35:29|leesuhyun913|먹성|맘모스쿠폰(40050)|1|4900|48500
2021-05-19 20:35:30|leesuhyun913|먹성|맘모스쿠폰(40050)|1|4900|43600
2021-05-19 20:37:08|leesuhyun913|먹성|맘모스쿠폰(40050)|1|4900|38700
2021-05-19 20:37:09|leesuhyun913|먹성|맘모스쿠폰(40050)|1|4900|33800
2021-05-19 20:37:10|leesuhyun913|먹성|맘모스쿠폰(40050)|1|4900|28900
2021-05-19 20:37:12|leesuhyun913|먹성|맘모스쿠폰(40050)|1|4900|24000
2021-05-19 20:37:13|jinsung0305|부처|맘모스쿠폰(40050)|1|4900|75100
2021-05-19 20:37:15|jinsung0305|부처|맘모스쿠폰(40050)|1|4900|70200
2021-05-19 20:37:17|jinsung0305|부처|맘모스쿠폰(40050)|1|4900|65300
2021-05-19 20:37:18|jinsung0305|부처|맘모스쿠폰(40050)|1|4900|60400
2021-05-19 20:37:19|jinsung0305|부처|맘모스쿠폰(40050)|1|4900|55500
2021-05-19 20:37:21|jinsung0305|부처|맘모스쿠폰(40050)|1|4900|50600
2021-05-19 20:37:22|jinsung0305|부처|맘모스쿠폰(40050)|1|4900|45700
2021-05-19 20:37:24|jinsung0305|부처|맘모스쿠폰(40050)|1|4900|40800
2021-05-19 20:40:06|rudwns|우비|맘모스쿠폰(40050)|1|4900|17300
2021-05-19 20:40:08|rudwns|우비|맘모스쿠폰(40050)|1|4900|12400
2021-05-19 20:40:09|rudwns|우비|맘모스쿠폰(40050)|1|4900|7500
2021-05-19 20:40:10|rudwns|우비|맘모스쿠폰(40050)|1|4900|2600
2021-05-19 20:41:05|jinsung0305|부처|맘모스쿠폰(40050)|1|4900|35900
2021-05-19 20:41:06|jinsung0305|부처|맘모스쿠폰(40050)|1|4900|31000
2021-05-19 20:41:07|jinsung0305|부처|맘모스쿠폰(40050)|1|4900|26100
2021-05-19 20:41:08|jinsung0305|부처|맘모스쿠폰(40050)|1|4900|21200
2021-05-19 20:41:09|jinsung0305|부처|맘모스쿠폰(40050)|1|4900|16300
2021-05-19 20:41:11|jinsung0305|부처|맘모스쿠폰(40050)|1|4900|11400
2021-05-19 20:41:12|jinsung0305|부처|맘모스쿠폰(40050)|1|4900|6500
2021-05-19 20:41:13|jinsung0305|부처|맘모스쿠폰(40050)|1|4900|1600
2021-05-19 20:41:33|leesuhyun913|먹성|맘모스쿠폰(40050)|1|4900|19100
2021-05-19 20:41:34|leesuhyun913|먹성|맘모스쿠폰(40050)|1|4900|14200
2021-05-19 20:41:36|leesuhyun913|먹성|맘모스쿠폰(40050)|1|4900|9300
2021-05-19 20:41:37|leesuhyun913|먹성|맘모스쿠폰(40050)|1|4900|4400
2021-05-19 20:44:48|||경험치 구슬(교불)(100508)|1|3|51
2021-05-19 20:44:49|||경험치 구슬(교불)(100508)|1|3|48
2021-05-19 20:44:50|||경험치 구슬(교불)(100508)|1|3|45
2021-05-19 20:44:52|||경험치 구슬(교불)(100508)|1|3|42
2021-05-19 20:44:53|||경험치 구슬(교불)(100508)|1|3|39
2021-05-19 20:44:54|||경험치 구슬(교불)(100508)|1|3|36
2021-05-19 20:44:55|||경험치 구슬(교불)(100508)|1|3|33
2021-05-19 20:49:40|jinsung0305|부처|맘모스쿠폰(40050)|1|4900|56700
2021-05-19 20:49:41|jinsung0305|부처|맘모스쿠폰(40050)|1|4900|51800
2021-05-19 20:49:44|jinsung0305|부처|맘모스쿠폰(40050)|1|4900|46900
2021-05-19 20:49:45|jinsung0305|부처|맘모스쿠폰(40050)|1|4900|42000
2021-05-19 20:49:46|jinsung0305|부처|맘모스쿠폰(40050)|1|4900|37100
2021-05-19 20:49:47|jinsung0305|부처|맘모스쿠폰(40050)|1|4900|32200
2021-05-19 20:49:48|jinsung0305|부처|맘모스쿠폰(40050)|1|4900|27300
2021-05-19 20:49:50|jinsung0305|부처|맘모스쿠폰(40050)|1|4900|22400
2021-05-19 20:49:51|jinsung0305|부처|맘모스쿠폰(40050)|1|4900|17500
2021-05-19 20:49:52|jinsung0305|부처|맘모스쿠폰(40050)|1|4900|12600
2021-05-19 20:49:54|jinsung0305|부처|맘모스쿠폰(40050)|1|4900|7700
2021-05-19 20:49:55|jinsung0305|부처|맘모스쿠폰(40050)|1|4900|2800
2021-05-19 20:52:41|||경험치 구슬(교불)(100508)|1|5|27
2021-05-19 20:52:43|||경험치 구슬(교불)(100508)|1|5|22
2021-05-19 20:52:44|||경험치 구슬(교불)(100508)|1|5|17
2021-05-19 21:01:52|||경험치 구슬(교불)(100508)|1|3|34
2021-05-19 21:01:54|||경험치 구슬(교불)(100508)|1|3|31
2021-05-19 21:24:16|jinsung0305|부처|VIP POINT 100000＄(21117)|1|100000|32800
2021-05-19 21:24:19|jinsung0305|부처|VIP POINT 10000＄(21114)|1|10000|22800
2021-05-19 21:27:18|ghrn|호규맨|맘모스쿠폰(40050)|1|4900|34200
2021-05-19 21:27:20|ghrn|호규맨|맘모스쿠폰(40050)|1|4900|29300
2021-05-19 21:27:21|ghrn|호규맨|맘모스쿠폰(40050)|1|4900|24400
2021-05-19 21:27:22|ghrn|호규맨|맘모스쿠폰(40050)|1|4900|19500
2021-05-19 21:27:23|ghrn|호규맨|맘모스쿠폰(40050)|1|4900|14600
2021-05-19 21:27:25|ghrn|호규맨|맘모스쿠폰(40050)|1|4900|9700
2021-05-19 21:27:26|ghrn|호규맨|맘모스쿠폰(40050)|1|4900|4800
2021-05-19 21:41:12|ames3110|부산토박이|VIP POINT 10000＄(21114)|1|10000|0
2021-05-19 21:47:49|rudwns|우비|맘모스쿠폰(40050)|1|4900|17700
2021-05-19 21:47:50|rudwns|우비|맘모스쿠폰(40050)|1|4900|12800
2021-05-19 21:48:27|dkdldh33|일랜|맘모스쿠폰(40050)|1|4900|16000
2021-05-19 21:48:29|dkdldh33|일랜|맘모스쿠폰(40050)|1|4900|11100
2021-05-19 21:48:30|dkdldh33|일랜|맘모스쿠폰(40050)|1|4900|6200
2021-05-19 21:48:32|dkdldh33|일랜|맘모스쿠폰(40050)|1|4900|1300
2021-05-19 21:48:35|rudwns|우비|맘모스쿠폰(40050)|1|4900|7900
2021-05-19 21:48:36|rudwns|우비|맘모스쿠폰(40050)|1|4900|3000
2021-05-19 21:50:32|leesuhyun913|먹성|맘모스쿠폰(40050)|1|4900|9500
2021-05-19 21:50:33|leesuhyun913|먹성|맘모스쿠폰(40050)|1|4900|4600
2021-05-19 21:52:51|ghrn|호규맨|맘모스쿠폰(40050)|1|4900|34900
2021-05-19 21:52:52|ghrn|호규맨|맘모스쿠폰(40050)|1|4900|30000
2021-05-19 21:52:53|ghrn|호규맨|맘모스쿠폰(40050)|1|4900|25100
2021-05-19 21:52:54|ghrn|호규맨|맘모스쿠폰(40050)|1|4900|20200
2021-05-19 21:52:56|ghrn|호규맨|맘모스쿠폰(40050)|1|4900|15300
2021-05-19 21:52:57|ghrn|호규맨|맘모스쿠폰(40050)|1|4900|10400
2021-05-19 21:52:58|ghrn|호규맨|맘모스쿠폰(40050)|1|4900|5500
2021-05-19 21:52:59|ghrn|호규맨|맘모스쿠폰(40050)|1|4900|600
2021-05-19 22:03:55|kimds1995|동수|맘모스쿠폰(40050)|1|4900|18200
2021-05-19 22:03:57|kimds1995|동수|맘모스쿠폰(40050)|1|4900|13300
2021-05-19 22:03:58|kimds1995|동수|맘모스쿠폰(40050)|1|4900|8400
2021-05-19 22:03:59|kimds1995|동수|맘모스쿠폰(40050)|1|4900|3500
2021-05-19 22:13:35|||경험치 구슬(교불)(100508)|1|3|20
2021-05-19 22:13:38|||경험치 구슬(교불)(100508)|1|3|17
2021-05-19 22:13:41|||경험치 구슬(교불)(100508)|1|3|21
2021-05-19 22:13:43|||경험치 구슬(교불)(100508)|1|3|18
2021-05-19 22:24:30|rudwns|우비|거울의 목걸이(98000)|1|20000|18000
2021-05-19 22:24:47|rudwns|우비|진화열매(45009)|1|15000|3000
2021-05-19 22:26:43|||경험치 구슬(교불)(100508)|1|3|28
2021-05-19 22:26:44|||경험치 구슬(교불)(100508)|1|3|25
2021-05-19 22:27:03|jinsung0305|부처|맘모스쿠폰(40050)|1|4900|19600
2021-05-19 22:27:04|jinsung0305|부처|맘모스쿠폰(40050)|1|4900|14700
2021-05-19 22:27:05|jinsung0305|부처|맘모스쿠폰(40050)|1|4900|9800
2021-05-19 22:27:06|jinsung0305|부처|맘모스쿠폰(40050)|1|4900|4900
2021-05-19 22:27:08|jinsung0305|부처|맘모스쿠폰(40050)|1|4900|0
2021-05-19 22:27:14|ghrn|호규맨|맘모스쿠폰(40050)|1|4900|30700
2021-05-19 22:27:15|ghrn|호규맨|맘모스쿠폰(40050)|1|4900|25800
2021-05-19 22:27:16|ghrn|호규맨|맘모스쿠폰(40050)|1|4900|20900
2021-05-19 22:27:17|ghrn|호규맨|맘모스쿠폰(40050)|1|4900|16000
2021-05-19 22:27:18|ghrn|호규맨|맘모스쿠폰(40050)|1|4900|11100
2021-05-19 22:27:19|ghrn|호규맨|맘모스쿠폰(40050)|1|4900|6200
2021-05-19 22:27:20|ghrn|호규맨|맘모스쿠폰(40050)|1|4900|1300
2021-05-19 23:00:00|kimds1995|동수|맘모스쿠폰(40050)|1|4900|113600
2021-05-19 23:00:01|kimds1995|동수|맘모스쿠폰(40050)|1|4900|108700
2021-05-19 23:00:02|kimds1995|동수|맘모스쿠폰(40050)|1|4900|103800
2021-05-19 23:00:04|kimds1995|동수|맘모스쿠폰(40050)|1|4900|98900
2021-05-19 23:00:46|kimds1995|동수|맘모스쿠폰(40050)|1|4900|94000
2021-05-19 23:00:47|kimds1995|동수|맘모스쿠폰(40050)|1|4900|89100
2021-05-19 23:00:49|kimds1995|동수|맘모스쿠폰(40050)|1|4900|84200
2021-05-19 23:00:50|kimds1995|동수|맘모스쿠폰(40050)|1|4900|79300
2021-05-19 23:00:51|kimds1995|동수|맘모스쿠폰(40050)|1|4900|74400
2021-05-19 23:00:52|kimds1995|동수|맘모스쿠폰(40050)|1|4900|69500
2021-05-19 23:01:18|kimds1995|동수|맘모스쿠폰(40050)|1|4900|64600
2021-05-19 23:01:20|kimds1995|동수|맘모스쿠폰(40050)|1|4900|59700
2021-05-19 23:01:21|kimds1995|동수|맘모스쿠폰(40050)|1|4900|54800
2021-05-19 23:01:22|kimds1995|동수|맘모스쿠폰(40050)|1|4900|49900
2021-05-19 23:01:23|kimds1995|동수|맘모스쿠폰(40050)|1|4900|45000
2021-05-19 23:01:40|kimds1995|동수|맘모스쿠폰(40050)|1|4900|40100
2021-05-19 23:01:41|kimds1995|동수|맘모스쿠폰(40050)|1|4900|35200
2021-05-19 23:01:42|kimds1995|동수|맘모스쿠폰(40050)|1|4900|30300
2021-05-19 23:01:43|kimds1995|동수|맘모스쿠폰(40050)|1|4900|25400
2021-05-19 23:02:04|kimds1995|동수|맘모스쿠폰(40050)|1|4900|20500
2021-05-19 23:02:05|kimds1995|동수|맘모스쿠폰(40050)|1|4900|15600
2021-05-19 23:02:06|kimds1995|동수|맘모스쿠폰(40050)|1|4900|10700
2021-05-19 23:02:07|kimds1995|동수|맘모스쿠폰(40050)|1|4900|5800
2021-05-19 23:02:08|kimds1995|동수|맘모스쿠폰(40050)|1|4900|900
