2021-04-14 00:43:56|||페트초기화(25150)|1|8|65
2021-04-14 00:46:41|||페트초기화(25150)|1|8|57
2021-04-14 00:47:16|||페트초기화(25150)|1|8|49
2021-04-14 02:20:44|||갈푸스퀘 깃털(100130)|1|4|34
2021-04-14 02:20:46|||갈푸스퀘 깃털(100130)|1|4|30
2021-04-14 02:20:51|||갈푸스퀘 깃털(100130)|1|4|34
2021-04-14 02:20:53|||갈푸스퀘 깃털(100130)|1|4|30
2021-04-14 02:36:05|||갈푸스퀘 깃털(100130)|1|4|26
2021-04-14 02:36:06|||갈푸스퀘 깃털(100130)|1|4|22
2021-04-14 02:36:12|||갈푸스퀘 깃털(100130)|1|4|26
2021-04-14 02:36:13|||갈푸스퀘 깃털(100130)|1|4|22
2021-04-14 02:41:04|||갈푸스퀘 깃털(100130)|1|4|18
2021-04-14 02:41:05|||갈푸스퀘 깃털(100130)|1|4|14
2021-04-14 02:41:10|||갈푸스퀘 깃털(100130)|1|4|18
2021-04-14 02:41:10|||갈푸스퀘 깃털(100130)|1|4|14
2021-04-14 07:26:28|||경험치 구슬(교불)(100508)|1|3|33
2021-04-14 07:26:33|||경험치 구슬(교불)(100508)|1|3|42
2021-04-14 07:28:24|||페트초기화(25150)|1|8|34
2021-04-14 07:29:15|||페트초기화(25150)|1|8|26
2021-04-14 07:29:33|||경험치 구슬(교불)(100508)|1|3|23
2021-04-14 07:30:06|||페트초기화(25150)|1|8|25
2021-04-14 07:36:21|||페트초기화(25150)|1|8|17
2021-04-14 11:54:53|||경험치 구슬(교불)(100508)|1|5|54
2021-04-14 11:54:54|||경험치 구슬(교불)(100508)|1|5|49
2021-04-14 11:54:55|||경험치 구슬(교불)(100508)|1|5|44
2021-04-14 11:54:56|||경험치 구슬(교불)(100508)|1|5|39
2021-04-14 11:56:51|||경험치 구슬(교불)(100508)|1|5|31
2021-04-14 11:56:52|||경험치 구슬(교불)(100508)|1|5|26
2021-04-14 11:56:53|||경험치 구슬(교불)(100508)|1|5|21
2021-04-14 11:56:54|||경험치 구슬(교불)(100508)|1|5|16
2021-04-14 12:11:53|||경험치 구슬(교불)(100508)|1|5|34
2021-04-14 12:11:54|||경험치 구슬(교불)(100508)|1|5|29
2021-04-14 12:11:55|||경험치 구슬(교불)(100508)|1|5|24
2021-04-14 12:11:57|||경험치 구슬(교불)(100508)|1|5|19
2021-04-14 13:34:15|||경험치 구슬(교불)(100508)|1|5|14
2021-04-14 13:34:17|||경험치 구슬(교불)(100508)|1|5|9
2021-04-14 13:34:18|||경험치 구슬(교불)(100508)|1|5|4
2021-04-14 13:34:21|||경험치 구슬(교불)(100508)|1|5|15
2021-04-14 13:34:22|||경험치 구슬(교불)(100508)|1|5|10
2021-04-14 13:34:23|||경험치 구슬(교불)(100508)|1|5|5
2021-04-14 18:10:29|||갈푸스퀘 깃털(100130)|1|4|16
2021-04-14 18:10:30|||갈푸스퀘 깃털(100130)|1|4|12
2021-04-14 18:10:35|||갈푸스퀘 깃털(100130)|1|4|16
2021-04-14 18:10:37|||갈푸스퀘 깃털(100130)|1|4|12
2021-04-14 19:04:36|||갈푸스퀘 깃털(100130)|1|4|67
2021-04-14 19:04:42|||갈푸스퀘 깃털(100130)|1|4|67
2021-04-14 19:06:51|||갈푸스퀘 깃털(100130)|1|4|63
2021-04-14 19:06:58|||갈푸스퀘 깃털(100130)|1|4|63
2021-04-14 19:08:41|||갈푸스퀘 깃털(100130)|1|4|59
2021-04-14 19:08:47|||갈푸스퀘 깃털(100130)|1|4|59
2021-04-14 19:12:00|||갈푸스퀘 깃털(100130)|1|4|55
2021-04-14 19:12:06|||갈푸스퀘 깃털(100130)|1|4|55
2021-04-14 19:14:07|||갈푸스퀘 깃털(100130)|1|4|51
2021-04-14 19:14:16|||갈푸스퀘 깃털(100130)|1|4|51
2021-04-14 20:52:47|||갈푸스퀘 깃털(100130)|1|4|6
2021-04-14 20:53:27|||갈푸스퀘 깃털(100130)|1|4|3
2021-04-14 20:55:08|||모가로스호리병(40160)|1|15|0
2021-04-14 20:55:46|||모가로스호리병(40160)|1|15|0
2021-04-14 22:37:48|ccs5656|추르|VIP POINT 30000＄(21115)|1|30000|51400
2021-04-14 22:38:32|ccs5656|추르|VIP POINT 10000＄(21114)|1|10000|41400
2021-04-14 23:22:57|gktkddmssla|하이버|3회창(94001)|1|30000|0
