2021-05-18 02:08:47|||30만스톤 수표(100033)|1|4|63
2021-05-18 02:08:49|||30만스톤 수표(100033)|1|4|59
2021-05-18 02:08:50|||30만스톤 수표(100033)|1|4|55
2021-05-18 02:08:52|||30만스톤 수표(100033)|1|4|51
2021-05-18 02:08:53|||30만스톤 수표(100033)|1|4|47
2021-05-18 02:08:54|||30만스톤 수표(100033)|1|4|43
2021-05-18 02:08:56|||30만스톤 수표(100033)|1|4|39
2021-05-18 02:08:57|||30만스톤 수표(100033)|1|4|35
2021-05-18 02:08:58|||30만스톤 수표(100033)|1|4|31
2021-05-18 02:09:21|||30만스톤 수표(100033)|1|4|27
2021-05-18 02:09:22|||30만스톤 수표(100033)|1|4|23
2021-05-18 02:09:23|||30만스톤 수표(100033)|1|4|19
2021-05-18 02:09:24|||30만스톤 수표(100033)|1|4|15
2021-05-18 02:09:25|||30만스톤 수표(100033)|1|4|11
2021-05-18 02:09:27|||30만스톤 수표(100033)|1|4|7
2021-05-18 02:09:29|||30만스톤 수표(100033)|1|4|3
2021-05-18 02:09:39|||30만스톤 수표(100033)|1|4|62
2021-05-18 02:09:41|||30만스톤 수표(100033)|1|4|58
2021-05-18 02:09:42|||30만스톤 수표(100033)|1|4|54
2021-05-18 02:09:43|||30만스톤 수표(100033)|1|4|50
2021-05-18 02:09:44|||30만스톤 수표(100033)|1|4|46
2021-05-18 02:09:45|||30만스톤 수표(100033)|1|4|42
2021-05-18 02:09:46|||30만스톤 수표(100033)|1|4|38
2021-05-18 02:09:48|||30만스톤 수표(100033)|1|4|34
2021-05-18 02:09:56|||30만스톤 수표(100033)|1|4|30
2021-05-18 02:09:58|||30만스톤 수표(100033)|1|4|26
2021-05-18 02:09:59|||30만스톤 수표(100033)|1|4|22
2021-05-18 02:10:01|||30만스톤 수표(100033)|1|4|18
2021-05-18 02:10:02|||30만스톤 수표(100033)|1|4|14
2021-05-18 02:10:03|||30만스톤 수표(100033)|1|4|10
2021-05-18 02:10:04|||30만스톤 수표(100033)|1|4|6
2021-05-18 02:10:05|||30만스톤 수표(100033)|1|4|2
2021-05-18 11:08:18|||경험치 구슬(교불)(100508)|1|3|383
2021-05-18 14:26:08|||경험치 구슬(교불)(100508)|1|3|4
2021-05-18 14:26:13|||30만스톤 수표(100033)|1|4|0
2021-05-18 15:14:39|||경험치 구슬(교불)(100508)|1|5|5
2021-05-18 15:14:41|||경험치 구슬(교불)(100508)|1|5|0
2021-05-18 15:15:13|||갈푸스퀘 깃털(100130)|1|4|7
2021-05-18 15:15:39|||갈푸스퀘 깃털(100130)|1|4|3
2021-05-18 15:15:44|||얼성퀘 깃털(110001)|1|3|0
2021-05-18 15:36:25|||경험치 구슬(교불)(100508)|1|5|363
2021-05-18 15:40:12|||경험치 구슬(교불)(100508)|1|5|352
2021-05-18 19:57:16|glorysoo|광주토박이|(-1)|1|0|0
2021-05-18 21:35:18|||경험치 구슬(교불)(100508)|1|3|17
2021-05-18 21:35:20|||경험치 구슬(교불)(100508)|1|3|14
2021-05-18 21:35:22|||경험치 구슬(교불)(100508)|1|3|11
2021-05-18 21:35:23|||경험치 구슬(교불)(100508)|1|3|8
2021-05-18 21:35:24|||경험치 구슬(교불)(100508)|1|3|5
2021-05-18 21:35:26|||경험치 구슬(교불)(100508)|1|3|2
2021-05-18 21:36:28|||경험치 구슬(교불)(100508)|1|3|61
2021-05-18 21:36:29|||경험치 구슬(교불)(100508)|1|3|58
2021-05-18 21:36:30|||경험치 구슬(교불)(100508)|1|3|55
2021-05-18 21:36:31|||경험치 구슬(교불)(100508)|1|3|52
2021-05-18 21:36:33|||경험치 구슬(교불)(100508)|1|3|49
2021-05-18 21:36:34|||경험치 구슬(교불)(100508)|1|3|46
2021-05-18 21:36:35|||경험치 구슬(교불)(100508)|1|3|43
2021-05-18 21:57:55|||경험치 구슬(교불)(100508)|1|5|364
2021-05-18 21:57:56|||경험치 구슬(교불)(100508)|1|5|359
2021-05-18 22:24:31|win0750|물파스|VIP POINT 5000＄(21113)|1|5000|0
2021-05-18 23:47:26|||경험치 구슬(교불)(100508)|1|5|368
2021-05-18 23:47:27|||경험치 구슬(교불)(100508)|1|5|363
2021-05-18 23:50:51|cjdwn3|TG|맘모스쿠폰(40050)|1|4900|28200
2021-05-18 23:50:53|cjdwn3|TG|맘모스쿠폰(40050)|1|4900|23300
2021-05-18 23:50:54|cjdwn3|TG|맘모스쿠폰(40050)|1|4900|18400
2021-05-18 23:50:55|cjdwn3|TG|맘모스쿠폰(40050)|1|4900|13500
2021-05-18 23:50:57|cjdwn3|TG|맘모스쿠폰(40050)|1|4900|8600
2021-05-18 23:50:59|cjdwn3|TG|맘모스쿠폰(40050)|1|4900|3700
2021-05-18 23:51:09|cjdwn4|티지|VIP POINT 3000＄(21112)|1|3000|100
2021-05-18 23:51:30|cjdwn3|TG|맘모스쿠폰(40050)|1|4900|1800
