2021-05-05 00:00:52|kimds1995|동수|진화열매(45009)|1|15000|15100
2021-05-05 00:00:55|kimds1995|동수|진화열매(45009)|1|15000|100
2021-05-05 09:27:12|lkl8611|돌북이|진화열매(45009)|1|15000|9968703
2021-05-05 14:03:02|janginsub|깡북이|거울의 목걸이(98000)|1|20000|30626600
2021-05-05 14:03:03|janginsub|깡북이|거울의 목걸이(98000)|1|20000|30606600
2021-05-05 14:31:39|cjfnsmsek11|여포왕|황금자루(25151)|1|15000|15000
2021-05-05 14:31:41|cjfnsmsek11|여포왕|황금자루(25151)|1|15000|0
2021-05-05 14:31:47|cjfnsmsek12|쿠왕|황금자루(25151)|1|15000|15000
2021-05-05 14:31:48|cjfnsmsek12|쿠왕|황금자루(25151)|1|15000|0
2021-05-05 17:16:52|jinsung0305|부처|VIP POINT 10000＄(21114)|1|10000|0
2021-05-05 18:36:08|chemd89|지원사랑|맘모스쿠폰(40050)|1|4900|500
2021-05-05 18:38:29|||페트초기화(25150)|1|8|11
2021-05-05 18:42:09|||페트초기화(25150)|1|8|51
2021-05-05 18:42:11|||페트초기화(25150)|1|8|43
2021-05-05 18:42:13|||페트초기화(25150)|1|8|35
2021-05-05 18:42:15|||페트초기화(25150)|1|8|27
2021-05-05 20:53:00|kimds1995|동수|VIP POINT 100000＄(21117)|1|100000|230100
2021-05-05 20:53:01|kimds1995|동수|VIP POINT 100000＄(21117)|1|100000|130100
2021-05-05 20:53:02|kimds1995|동수|VIP POINT 100000＄(21117)|1|100000|30100
2021-05-05 20:53:04|kimds1995|동수|VIP POINT 10000＄(21114)|1|10000|20100
2021-05-05 20:53:05|kimds1995|동수|VIP POINT 10000＄(21114)|1|10000|10100
2021-05-05 23:10:37|kimds1995|동수|진화열매(45009)|1|15000|100
