2021-05-20 00:40:21|ds0516|피맛|맘모스쿠폰(40050)|1|4900|38900
2021-05-20 00:40:24|ds0516|피맛|맘모스쿠폰(40050)|1|4900|34000
2021-05-20 00:40:26|ds0516|피맛|맘모스쿠폰(40050)|1|4900|29100
2021-05-20 00:40:28|ds0516|피맛|맘모스쿠폰(40050)|1|4900|24200
2021-05-20 00:40:29|ds0516|피맛|맘모스쿠폰(40050)|1|4900|19300
2021-05-20 00:40:31|ds0516|피맛|맘모스쿠폰(40050)|1|4900|14400
2021-05-20 00:40:32|ds0516|피맛|맘모스쿠폰(40050)|1|4900|9500
2021-05-20 00:40:33|ds0516|피맛|맘모스쿠폰(40050)|1|4900|4600
2021-05-20 00:40:57|||경험치 구슬(교불)(100508)|1|3|28
2021-05-20 00:41:00|||경험치 구슬(교불)(100508)|1|3|25
2021-05-20 00:41:01|||경험치 구슬(교불)(100508)|1|3|22
2021-05-20 01:05:57|||갈푸스퀘 깃털(100130)|1|4|12
2021-05-20 01:06:04|||갈푸스퀘 깃털(100130)|1|4|11
2021-05-20 01:18:34|||경험치 구슬(교불)(100508)|1|3|24
2021-05-20 01:18:35|||경험치 구슬(교불)(100508)|1|3|21
2021-05-20 02:35:17|||경험치 구슬(교불)(100508)|1|5|675
2021-05-20 02:35:18|||경험치 구슬(교불)(100508)|1|5|670
2021-05-20 02:35:19|||경험치 구슬(교불)(100508)|1|5|665
2021-05-20 02:37:53|||경험치 구슬(교불)(100508)|1|3|20
2021-05-20 02:37:54|||경험치 구슬(교불)(100508)|1|3|17
2021-05-20 02:38:20|leesuhyun913|먹성|맘모스쿠폰(40050)|1|4900|0
2021-05-20 04:54:59|gktkddmssla|하이버|맘모스쿠폰(40050)|1|4900|94300
2021-05-20 04:58:13|gktkddmssla|하이버|맘모스쿠폰(40050)|1|4900|89400
2021-05-20 04:58:15|gktkddmssla|하이버|맘모스쿠폰(40050)|1|4900|84500
2021-05-20 04:58:52|gktkddmssla|하이버|맘모스쿠폰(40050)|1|4900|79600
2021-05-20 04:58:54|gktkddmssla|하이버|맘모스쿠폰(40050)|1|4900|74700
2021-05-20 05:00:24|gktkddmssla|하이버|맘모스쿠폰(40050)|1|4900|69800
2021-05-20 05:00:26|gktkddmssla|하이버|맘모스쿠폰(40050)|1|4900|64900
2021-05-20 05:00:27|gktkddmssla|하이버|맘모스쿠폰(40050)|1|4900|60000
2021-05-20 05:01:05|gktkddmssla|하이버|맘모스쿠폰(40050)|1|4900|55100
2021-05-20 05:01:06|gktkddmssla|하이버|맘모스쿠폰(40050)|1|4900|50200
2021-05-20 05:01:07|gktkddmssla|하이버|맘모스쿠폰(40050)|1|4900|45300
2021-05-20 05:01:09|gktkddmssla|하이버|맘모스쿠폰(40050)|1|4900|40400
2021-05-20 05:01:49|gktkddmssla|하이버|맘모스쿠폰(40050)|1|4900|35500
2021-05-20 05:01:50|gktkddmssla|하이버|맘모스쿠폰(40050)|1|4900|30600
2021-05-20 05:01:51|gktkddmssla|하이버|맘모스쿠폰(40050)|1|4900|25700
2021-05-20 05:01:53|gktkddmssla|하이버|맘모스쿠폰(40050)|1|4900|20800
2021-05-20 05:17:49|||페트초기화(25150)|1|8|10
2021-05-20 05:17:50|||경험치 구슬(교불)(100508)|1|3|7
2021-05-20 05:17:51|||경험치 구슬(교불)(100508)|1|3|4
2021-05-20 05:17:52|||경험치 구슬(교불)(100508)|1|3|1
2021-05-20 05:42:17|||경험치 구슬(교불)(100508)|1|5|17
2021-05-20 05:42:19|||경험치 구슬(교불)(100508)|1|5|12
2021-05-20 05:42:20|||경험치 구슬(교불)(100508)|1|5|7
2021-05-20 05:42:22|||경험치 구슬(교불)(100508)|1|5|2
2021-05-20 05:42:30|||경험치 구슬(교불)(100508)|1|3|12
2021-05-20 05:42:31|||경험치 구슬(교불)(100508)|1|3|9
2021-05-20 05:42:33|||경험치 구슬(교불)(100508)|1|3|6
2021-05-20 05:42:35|||경험치 구슬(교불)(100508)|1|3|3
2021-05-20 05:42:36|||경험치 구슬(교불)(100508)|1|3|0
2021-05-20 06:15:46|||페트초기화(25150)|1|8|99
2021-05-20 06:18:03|||경험치 구슬(교불)(100508)|1|5|641
2021-05-20 06:18:05|||경험치 구슬(교불)(100508)|1|5|636
2021-05-20 06:18:11|||경험치 구슬(교불)(100508)|1|5|631
2021-05-20 06:34:33|||페트초기화(25150)|1|8|127
2021-05-20 06:34:34|||페트초기화(25150)|1|8|119
2021-05-20 06:34:35|||페트초기화(25150)|1|8|111
2021-05-20 06:41:25|||경험치 구슬(교불)(100508)|1|5|660
2021-05-20 06:41:26|||경험치 구슬(교불)(100508)|1|5|655
2021-05-20 06:41:31|||경험치 구슬(교불)(100508)|1|5|650
2021-05-20 12:45:07|cjfnsmsek11|여포왕|맘모스쿠폰(40050)|1|4900|10100
2021-05-20 12:45:08|cjfnsmsek11|여포왕|맘모스쿠폰(40050)|1|4900|5200
2021-05-20 12:45:09|cjfnsmsek11|여포왕|맘모스쿠폰(40050)|1|4900|300
2021-05-20 13:34:13|||갈푸스퀘 깃털(100130)|1|4|7
2021-05-20 13:34:15|||갈푸스퀘 깃털(100130)|1|4|3
2021-05-20 13:37:37|||경험치 구슬(교불)(100508)|1|3|2
2021-05-20 15:49:45|||경험치 구슬(교불)(100508)|1|3|0
2021-05-20 18:15:48|||페트초기화(25150)|1|8|39
2021-05-20 18:15:49|||페트초기화(25150)|1|8|31
2021-05-20 18:39:17|||경험치 구슬(교불)(100508)|1|3|99
2021-05-20 18:39:18|||경험치 구슬(교불)(100508)|1|3|96
2021-05-20 18:39:20|||경험치 구슬(교불)(100508)|1|3|93
2021-05-20 18:39:21|||경험치 구슬(교불)(100508)|1|3|90
2021-05-20 18:39:22|||경험치 구슬(교불)(100508)|1|3|87
2021-05-20 18:39:23|||경험치 구슬(교불)(100508)|1|3|84
2021-05-20 18:39:24|||경험치 구슬(교불)(100508)|1|3|81
2021-05-20 18:39:25|||경험치 구슬(교불)(100508)|1|3|78
2021-05-20 18:39:26|||경험치 구슬(교불)(100508)|1|3|75
2021-05-20 18:39:28|||경험치 구슬(교불)(100508)|1|3|72
2021-05-20 18:39:30|||30만스톤 수표(100033)|1|4|68
2021-05-20 18:40:02|||경험치 구슬(교불)(100508)|1|3|99
2021-05-20 18:40:04|||경험치 구슬(교불)(100508)|1|3|96
2021-05-20 18:40:05|||경험치 구슬(교불)(100508)|1|3|93
2021-05-20 18:40:06|||경험치 구슬(교불)(100508)|1|3|90
2021-05-20 18:40:08|||경험치 구슬(교불)(100508)|1|3|87
2021-05-20 18:40:09|||경험치 구슬(교불)(100508)|1|3|84
2021-05-20 18:40:10|||경험치 구슬(교불)(100508)|1|3|81
2021-05-20 18:40:12|||경험치 구슬(교불)(100508)|1|3|78
2021-05-20 18:40:13|||경험치 구슬(교불)(100508)|1|3|75
2021-05-20 18:40:21|||30만스톤 수표(100033)|1|4|71
2021-05-20 18:40:22|||30만스톤 수표(100033)|1|4|67
2021-05-20 18:40:23|||30만스톤 수표(100033)|1|4|63
2021-05-20 18:40:29|||30만스톤 수표(100033)|1|4|64
2021-05-20 18:40:30|||30만스톤 수표(100033)|1|4|60
2021-05-20 20:16:24|||페트초기화(25150)|1|8|106
2021-05-20 20:16:25|||페트초기화(25150)|1|8|98
2021-05-20 20:16:27|||페트초기화(25150)|1|8|90
2021-05-20 21:18:12|||경험치 구슬(교불)(100508)|1|3|1
2021-05-20 22:20:28|||경험치 구슬(교불)(100508)|1|3|26
2021-05-20 22:20:29|||경험치 구슬(교불)(100508)|1|3|23
2021-05-20 22:20:30|||경험치 구슬(교불)(100508)|1|3|20
2021-05-20 22:20:34|||경험치 구슬(교불)(100508)|1|3|26
2021-05-20 22:20:35|||경험치 구슬(교불)(100508)|1|3|23
2021-05-20 22:20:37|||경험치 구슬(교불)(100508)|1|3|20
2021-05-20 22:21:54|||경험치 구슬(교불)(100508)|1|3|23
2021-05-20 22:21:55|||경험치 구슬(교불)(100508)|1|3|20
2021-05-20 22:21:56|||경험치 구슬(교불)(100508)|1|3|17
