2021-05-11 01:17:05|cjdwn3|TG|VIP POINT 30000＄(21115)|1|30000|70000
2021-05-11 01:38:55|janginsub|깡북이|거울의 목걸이(98000)|1|20000|30578700
2021-05-11 01:46:34|cjdwn3|TG|VIP POINT 30000＄(21115)|1|30000|40000
2021-05-11 01:46:36|cjdwn3|TG|VIP POINT 10000＄(21114)|1|10000|30000
2021-05-11 02:04:50|cjdwn3|TG|블랙드래곤호리병(40143)|1|6900|23100
2021-05-11 02:14:12|cjdwn3|TG|디어룬호리병(40140)|1|6900|46200
2021-05-11 02:48:48|cjdwn3|TG|VIP POINT 50000＄(21116)|1|50000|46200
2021-05-11 02:48:50|cjdwn3|TG|VIP POINT 10000＄(21114)|1|10000|36200
2021-05-11 02:48:52|cjdwn3|TG|VIP POINT 10000＄(21114)|1|10000|26200
2021-05-11 02:49:25|gktkddmssla|하이버|진화열매(45009)|1|15000|118200
2021-05-11 02:49:26|gktkddmssla|하이버|진화열매(45009)|1|15000|103200
2021-05-11 03:17:52|||경험치 구슬(교불)(100508)|1|3|4
2021-05-11 03:17:54|||경험치 구슬(교불)(100508)|1|3|1
2021-05-11 04:05:06|||갈푸스퀘 깃털(100130)|1|4|1
2021-05-11 04:05:19|||갈푸스퀘 깃털(100130)|1|4|88
2021-05-11 04:05:25|||갈푸스퀘 깃털(100130)|1|4|128
2021-05-11 04:05:25|||갈푸스퀘 깃털(100130)|1|4|1
2021-05-11 04:05:26|||갈푸스퀘 깃털(100130)|1|4|124
2021-05-11 04:05:27|||갈푸스퀘 깃털(100130)|1|4|120
2021-05-11 04:05:31|||갈푸스퀘 깃털(100130)|1|4|84
2021-05-11 04:05:31|||갈푸스퀘 깃털(100130)|1|4|80
2021-05-11 04:05:49|||갈푸스퀘 깃털(100130)|1|4|76
2021-05-11 04:05:50|||갈푸스퀘 깃털(100130)|1|4|72
2021-05-11 04:05:51|||갈푸스퀘 깃털(100130)|1|4|68
2021-05-11 10:28:20|||경험치 구슬(교불)(100508)|1|3|1
2021-05-11 10:45:33|||갈푸스퀘 깃털(100130)|1|4|119
2021-05-11 10:45:34|||갈푸스퀘 깃털(100130)|1|4|115
2021-05-11 10:45:36|||갈푸스퀘 깃털(100130)|1|4|111
2021-05-11 11:41:46|||경험치 구슬(교불)(100508)|1|5|46
2021-05-11 11:41:47|||경험치 구슬(교불)(100508)|1|5|41
2021-05-11 11:41:49|||경험치 구슬(교불)(100508)|1|5|36
2021-05-11 11:41:50|||경험치 구슬(교불)(100508)|1|5|31
2021-05-11 11:41:51|||경험치 구슬(교불)(100508)|1|5|26
2021-05-11 11:41:53|||경험치 구슬(교불)(100508)|1|5|21
2021-05-11 11:42:01|||경험치 구슬(교불)(100508)|1|5|45
2021-05-11 11:42:02|||경험치 구슬(교불)(100508)|1|5|40
2021-05-11 11:42:03|||경험치 구슬(교불)(100508)|1|5|35
2021-05-11 11:42:04|||경험치 구슬(교불)(100508)|1|5|30
2021-05-11 11:42:11|||경험치 구슬(교불)(100508)|1|5|25
2021-05-11 11:42:15|||경험치 구슬(교불)(100508)|1|5|20
2021-05-11 12:18:36|||경험치 구슬(교불)(100508)|1|5|3
2021-05-11 12:23:43|||경험치 구슬(교불)(100508)|1|5|22
2021-05-11 12:23:45|||경험치 구슬(교불)(100508)|1|5|17
2021-05-11 12:23:45|||경험치 구슬(교불)(100508)|1|5|12
2021-05-11 12:23:46|||경험치 구슬(교불)(100508)|1|5|7
2021-05-11 12:23:48|||경험치 구슬(교불)(100508)|1|5|2
2021-05-11 12:23:52|||경험치 구슬(교불)(100508)|1|5|23
2021-05-11 12:23:53|||경험치 구슬(교불)(100508)|1|5|18
2021-05-11 12:23:54|||경험치 구슬(교불)(100508)|1|5|13
2021-05-11 12:23:55|||경험치 구슬(교불)(100508)|1|5|8
2021-05-11 12:23:56|||경험치 구슬(교불)(100508)|1|5|3
2021-05-11 13:47:33|f0dg91|마왕|VIP페트2차뽑기박스(40203)|1|7900|7100
2021-05-11 13:48:17|f0dg91|마왕|다크바로스호리병(40147)|1|6900|200
2021-05-11 15:36:10|jis8711255|핸콕|VIP POINT 5000＄(21113)|1|5000|12207600
2021-05-11 15:36:12|jis8711255|핸콕|VIP POINT 3000＄(21112)|1|3000|12204600
2021-05-11 15:36:13|jis8711255|핸콕|VIP POINT 1000＄(21111)|1|1000|12203600
2021-05-11 16:28:22|jis8711255|핸콕|VIP POINT 10000＄(21114)|1|10000|12202600
2021-05-11 17:31:43|f0dg91|마왕|VIP POINT 30000＄(21115)|1|30000|70200
2021-05-11 17:39:37|||경험치 구슬(교불)(100508)|1|3|45
2021-05-11 19:48:12|f0dg91|마왕|진화열매(45009)|1|15000|55200
2021-05-11 19:48:19|f0dg91|마왕|VIP POINT 10000＄(21114)|1|10000|45200
2021-05-11 19:48:21|f0dg91|마왕|VIP POINT 10000＄(21114)|1|10000|35200
2021-05-11 20:06:37|janginsub|깡북이|거울의 목걸이(98000)|1|20000|30558700
2021-05-11 20:08:59|msy2010|이실장|VIP POINT 10000＄(21114)|1|10000|35000
2021-05-11 20:09:03|msy2010|이실장|VIP POINT 10000＄(21114)|1|10000|25000
2021-05-11 20:09:07|msy2010|이실장|VIP POINT 3000＄(21112)|1|3000|22000
2021-05-11 20:59:21|msy2010|이실장|VIP POINT 5000＄(21113)|1|5000|17000
2021-05-11 21:09:47|f0dg91|마왕|페트초기화(25150)|1|1000|34200
2021-05-11 21:14:02|f0dg91|마왕|페트초기화(25150)|1|1000|33200
2021-05-11 21:14:04|f0dg91|마왕|페트초기화(25150)|1|1000|32200
2021-05-11 22:04:57|kimds1995|동수|VIP POINT 50000＄(21116)|1|50000|20100
2021-05-11 22:04:58|kimds1995|동수|VIP POINT 10000＄(21114)|1|10000|10100
2021-05-11 22:31:31|gktkddmssla|하이버|VIP POINT 50000＄(21116)|1|50000|106200
2021-05-11 22:49:30|kimds1995|동수|VIP POINT 100000＄(21117)|1|100000|140100
2021-05-11 22:49:31|kimds1995|동수|VIP POINT 100000＄(21117)|1|100000|40100
2021-05-11 23:06:56|kimds1995|동수|페트초기화(25150)|1|1000|39100
2021-05-11 23:07:27|kimds1995|동수|페트초기화(25150)|1|1000|38100
2021-05-11 23:20:01|||경험치 구슬(교불)(100508)|1|3|5
2021-05-11 23:20:03|||경험치 구슬(교불)(100508)|1|3|2
2021-05-11 23:34:07|leesuhyun913|먹성|(-1)|1|0|6200
2021-05-11 23:41:07|cjdwn3|TG|VIP POINT 100000＄(21117)|1|100000|726200
2021-05-11 23:41:08|cjdwn3|TG|VIP POINT 100000＄(21117)|1|100000|626200
2021-05-11 23:41:09|cjdwn3|TG|VIP POINT 100000＄(21117)|1|100000|526200
2021-05-11 23:41:10|cjdwn3|TG|VIP POINT 100000＄(21117)|1|100000|426200
2021-05-11 23:41:11|cjdwn3|TG|VIP POINT 100000＄(21117)|1|100000|326200
2021-05-11 23:41:12|cjdwn3|TG|VIP POINT 100000＄(21117)|1|100000|226200
2021-05-11 23:41:13|cjdwn3|TG|VIP POINT 100000＄(21117)|1|100000|126200
