2021-04-04 00:00:45|hihoce|마루|맘모스쿠폰(40050)|1|4900|34800
2021-04-04 00:01:33|hihoce|마루|맘모스쿠폰(40050)|1|4900|29900
2021-04-04 00:01:37|hihoce|마루|맘모스쿠폰(40050)|1|4900|25000
2021-04-04 00:01:39|hihoce|마루|맘모스쿠폰(40050)|1|4900|20100
2021-04-04 00:35:03|||경험치 구슬(교불)(100508)|1|5|132
2021-04-04 00:35:05|||경험치 구슬(교불)(100508)|1|5|127
2021-04-04 00:35:06|||경험치 구슬(교불)(100508)|1|5|122
2021-04-04 00:35:08|||경험치 구슬(교불)(100508)|1|5|117
2021-04-04 00:35:09|||경험치 구슬(교불)(100508)|1|5|112
2021-04-04 00:35:10|||경험치 구슬(교불)(100508)|1|5|107
2021-04-04 00:35:11|||경험치 구슬(교불)(100508)|1|5|102
2021-04-04 00:35:12|||경험치 구슬(교불)(100508)|1|5|97
2021-04-04 00:37:44|hihoce|마루|(-1)|1|0|20100
2021-04-04 00:39:24|ar4055|엉디|맘모스쿠폰(40050)|1|4900|25900
2021-04-04 00:39:26|ar4055|엉디|맘모스쿠폰(40050)|1|4900|21000
2021-04-04 00:40:49|ar4055|엉디|맘모스쿠폰(40050)|1|4900|16100
2021-04-04 01:21:06|jhy0329|심향|맘모스쿠폰(40050)|1|4900|46100
2021-04-04 01:21:07|jhy0329|심향|맘모스쿠폰(40050)|1|4900|41200
2021-04-04 01:21:09|jhy0329|심향|맘모스쿠폰(40050)|1|4900|36300
2021-04-04 01:21:10|jhy0329|심향|맘모스쿠폰(40050)|1|4900|31400
2021-04-04 01:21:12|jhy0329|심향|맘모스쿠폰(40050)|1|4900|26500
2021-04-04 01:21:13|jhy0329|심향|맘모스쿠폰(40050)|1|4900|21600
2021-04-04 01:21:15|jhy0329|심향|맘모스쿠폰(40050)|1|4900|16700
2021-04-04 01:21:16|jhy0329|심향|맘모스쿠폰(40050)|1|4900|11800
2021-04-04 01:21:18|jhy0329|심향|맘모스쿠폰(40050)|1|4900|6900
2021-04-04 01:21:19|jhy0329|심향|맘모스쿠폰(40050)|1|4900|2000
2021-04-04 01:40:58|ehwls1235|도진|맘모스쿠폰(40050)|1|4900|2700
2021-04-04 02:30:11|||모가로스호리병(40160)|1|15|16
2021-04-04 02:30:18|||모가로스호리병(40160)|1|15|10
2021-04-04 02:59:10|||경험치 구슬(교불)(100508)|1|5|16
2021-04-04 02:59:11|||경험치 구슬(교불)(100508)|1|5|11
2021-04-04 02:59:13|||경험치 구슬(교불)(100508)|1|5|21
2021-04-04 02:59:15|||경험치 구슬(교불)(100508)|1|5|16
2021-04-04 05:44:13|||30만스톤 수표(100033)|1|4|22
2021-04-04 05:44:15|||30만스톤 수표(100033)|1|4|18
2021-04-04 05:44:16|||30만스톤 수표(100033)|1|4|14
2021-04-04 05:44:18|||30만스톤 수표(100033)|1|4|10
2021-04-04 05:44:20|||30만스톤 수표(100033)|1|4|6
2021-04-04 09:18:51|||갈푸스퀘 깃털(100130)|1|4|131
2021-04-04 09:18:52|||갈푸스퀘 깃털(100130)|1|4|8
2021-04-04 09:18:58|||갈푸스퀘 깃털(100130)|1|4|12
2021-04-04 09:23:58|||갈푸스퀘 깃털(100130)|1|4|127
2021-04-04 09:24:02|||갈푸스퀘 깃털(100130)|1|4|4
2021-04-04 09:24:06|||갈푸스퀘 깃털(100130)|1|4|8
2021-04-04 09:27:20|||갈푸스퀘 깃털(100130)|1|4|123
2021-04-04 09:27:22|||갈푸스퀘 깃털(100130)|1|4|0
2021-04-04 09:27:28|||갈푸스퀘 깃털(100130)|1|4|4
2021-04-04 09:30:12|||갈푸스퀘 깃털(100130)|1|4|119
2021-04-04 09:30:13|||갈푸스퀘 깃털(100130)|1|4|0
2021-04-04 09:32:51|||갈푸스퀘 깃털(100130)|1|4|115
2021-04-04 09:35:21|||갈푸스퀘 깃털(100130)|1|4|111
2021-04-04 09:38:12|||갈푸스퀘 깃털(100130)|1|4|107
2021-04-04 09:39:15|||갈푸스퀘 깃털(100130)|1|4|56
2021-04-04 09:39:23|||갈푸스퀘 깃털(100130)|1|4|63
2021-04-04 09:42:45|||갈푸스퀘 깃털(100130)|1|4|103
2021-04-04 09:42:46|||갈푸스퀘 깃털(100130)|1|4|59
2021-04-04 09:42:51|||갈푸스퀘 깃털(100130)|1|4|52
2021-04-04 09:47:38|||갈푸스퀘 깃털(100130)|1|4|48
2021-04-04 09:47:46|||갈푸스퀘 깃털(100130)|1|4|55
2021-04-04 09:52:08|||갈푸스퀘 깃털(100130)|1|4|44
2021-04-04 09:52:16|||갈푸스퀘 깃털(100130)|1|4|51
2021-04-04 09:54:57|ar4055|엉디|흑풍호리병(40187)|1|6900|9200
2021-04-04 09:56:24|ar4055|엉디|페트초기화(25150)|1|1000|8200
2021-04-04 09:57:43|ar4055|엉디|페트초기화(25150)|1|1000|7200
2021-04-04 09:58:25|||페트초기화(25150)|1|8|1
2021-04-04 10:00:15|ar4055|엉디|페트초기화(25150)|1|1000|6200
2021-04-04 10:01:59|ar4055|엉디|페트초기화(25150)|1|1000|5200
2021-04-04 11:38:55|jis8711255|핸콕|진화열매(45009)|1|15000|2667500
2021-04-04 11:39:36|jhy0329|심향|진화열매(45009)|1|15000|37000
2021-04-04 11:42:27|jis871125|루피|VIP페트뽑기박스(40196)|1|7900|2785500
2021-04-04 11:43:22|jis871125|루피|Lv4페트 통조림(46018)|1|5000|2780500
2021-04-04 11:45:11|ar4055|엉디|맘모스쿠폰(40050)|1|4900|300
2021-04-04 11:50:45|ghrn|호규맨|Lv4페트 통조림(46018)|1|5000|10500
2021-04-04 11:50:57|ghrn|호규맨|맘모스쿠폰(40050)|1|4900|5600
2021-04-04 12:06:57|ghrn|호규맨|맘모스쿠폰(40050)|1|4900|700
2021-04-04 12:42:14|||페트초기화(25150)|1|8|20
2021-04-04 12:42:18|||페트초기화(25150)|1|8|12
2021-04-04 12:55:54|qusrud11|여포왕|진화열매(45009)|1|15000|44100
2021-04-04 12:55:55|qusrud11|여포왕|진화열매(45009)|1|15000|29100
2021-04-04 12:58:10|qusrud11|여포왕|Lv4페트 통조림(46018)|1|5000|24100
2021-04-04 13:01:36|||경험치 구슬(교불)(100508)|1|5|11
2021-04-04 13:01:37|||경험치 구슬(교불)(100508)|1|5|6
2021-04-04 13:01:38|||경험치 구슬(교불)(100508)|1|5|1
2021-04-04 13:03:25|qusrud11|여포왕|Lv4페트 통조림(46018)|1|5000|19100
2021-04-04 13:03:50|jhy0329|심향|Lv4페트 통조림(46018)|1|5000|32000
2021-04-04 13:09:42|||30만스톤 수표(100033)|1|4|60
2021-04-04 13:09:46|||30만스톤 수표(100033)|1|4|56
2021-04-04 13:10:06|||30만스톤 수표(100033)|1|4|68
2021-04-04 13:10:10|||30만스톤 수표(100033)|1|4|64
2021-04-04 13:56:32|||경험치 구슬(교불)(100508)|1|5|26
2021-04-04 13:56:34|||경험치 구슬(교불)(100508)|1|5|21
2021-04-04 13:56:35|||경험치 구슬(교불)(100508)|1|5|16
2021-04-04 13:56:36|||경험치 구슬(교불)(100508)|1|5|11
2021-04-04 13:56:59|||경험치 구슬(교불)(100508)|1|5|16
2021-04-04 13:57:01|||경험치 구슬(교불)(100508)|1|5|11
2021-04-04 13:57:02|||경험치 구슬(교불)(100508)|1|5|6
2021-04-04 13:57:03|||경험치 구슬(교불)(100508)|1|5|1
2021-04-04 14:01:19|||경험치 구슬(교불)(100508)|1|5|40
2021-04-04 14:01:21|||경험치 구슬(교불)(100508)|1|5|35
2021-04-04 14:01:22|||경험치 구슬(교불)(100508)|1|5|30
2021-04-04 15:07:12|||30만스톤 수표(100033)|1|4|61
2021-04-04 16:17:46|jinsung0305|부처|아스타로호리병(40149)|1|6900|6900
2021-04-04 16:18:11|jinsung0305|부처|부루마루호리병(40199)|1|6900|0
2021-04-04 16:50:57|jhy0329|심향|거울의 목걸이(98000)|1|20000|12000
2021-04-04 17:02:25|||경험치 구슬(교불)(100508)|1|5|12
2021-04-04 17:02:27|||경험치 구슬(교불)(100508)|1|5|7
2021-04-04 17:02:28|||경험치 구슬(교불)(100508)|1|5|2
2021-04-04 17:19:36|||갈푸스퀘 깃털(100130)|1|4|5
2021-04-04 17:20:12|||갈푸스퀘 깃털(100130)|1|4|1
2021-04-04 18:38:12|jhy0329|심향|맘모스쿠폰(40050)|1|4900|7100
2021-04-04 18:38:13|jhy0329|심향|맘모스쿠폰(40050)|1|4900|2200
2021-04-04 19:01:56|babydog1227|지니|심연의바다세트(47005)|1|60000|60000
2021-04-04 19:03:26|babydog1227|지니|거울의 목걸이(98000)|1|20000|40000
2021-04-04 19:03:53|babydog1227|지니|풍백호리병(40119)|1|6900|33100
2021-04-04 19:05:03|babydog1227|지니|맘모스쿠폰(40050)|1|4900|28200
2021-04-04 19:08:46|babydog1227|지니|맘모스쿠폰(40050)|1|4900|23300
2021-04-04 19:10:00|babydog1227|지니|맘모스쿠폰(40050)|1|4900|18400
2021-04-04 19:10:01|babydog1227|지니|맘모스쿠폰(40050)|1|4900|13500
2021-04-04 19:11:18|babydog1227|지니|맘모스쿠폰(40050)|1|4900|8600
2021-04-04 19:11:20|babydog1227|지니|맘모스쿠폰(40050)|1|4900|3700
2021-04-04 20:08:18|||경험치 구슬(교불)(100508)|1|5|27
2021-04-04 20:08:19|||경험치 구슬(교불)(100508)|1|5|22
2021-04-04 20:08:20|||경험치 구슬(교불)(100508)|1|5|17
2021-04-04 20:08:21|||경험치 구슬(교불)(100508)|1|5|12
2021-04-04 20:08:23|||경험치 구슬(교불)(100508)|1|5|7
2021-04-04 20:08:25|||경험치 구슬(교불)(100508)|1|5|2
2021-04-04 20:08:33|||경험치 구슬(교불)(100508)|1|5|26
2021-04-04 20:08:34|||경험치 구슬(교불)(100508)|1|5|21
2021-04-04 20:08:36|||경험치 구슬(교불)(100508)|1|5|16
2021-04-04 20:08:38|||경험치 구슬(교불)(100508)|1|5|11
2021-04-04 20:08:40|||경험치 구슬(교불)(100508)|1|5|6
2021-04-04 20:08:41|||경험치 구슬(교불)(100508)|1|5|1
2021-04-04 20:08:49|babydog1227|지니|경험치 구슬(100507)|1|2000|1700
2021-04-04 20:22:45|babydog1227|지니|악몽의성세트(47004)|1|60000|51700
2021-04-04 20:23:39|ds0516|피맛|맘모스쿠폰(40050)|1|4900|16000
2021-04-04 20:24:10|ds0516|피맛|맘모스쿠폰(40050)|1|4900|11100
2021-04-04 20:24:12|ds0516|피맛|맘모스쿠폰(40050)|1|4900|6200
2021-04-04 20:24:34|babydog1227|지니|VIP페트뽑기박스(40196)|1|7900|43800
2021-04-04 20:25:07|babydog1227|지니|맘모스쿠폰(40050)|1|4900|38900
2021-04-04 20:25:08|babydog1227|지니|맘모스쿠폰(40050)|1|4900|34000
2021-04-04 20:25:10|babydog1227|지니|맘모스쿠폰(40050)|1|4900|29100
2021-04-04 20:25:11|babydog1227|지니|맘모스쿠폰(40050)|1|4900|24200
2021-04-04 20:25:37|ds0516|피맛|맘모스쿠폰(40050)|1|4900|1300
2021-04-04 20:26:28|babydog1227|지니|레이드일반강화(40039)|1|1000|23200
2021-04-04 20:28:16|babydog1227|지니|경험치 구슬(100507)|1|2000|21200
2021-04-04 20:28:18|babydog1227|지니|경험치 구슬(100507)|1|2000|19200
2021-04-04 20:28:30|babydog1227|지니|맘모스쿠폰(40050)|1|4900|14300
2021-04-04 20:28:31|babydog1227|지니|맘모스쿠폰(40050)|1|4900|9400
2021-04-04 20:39:16|gmlcks12|에이스|맘모스쿠폰(40050)|1|4900|45100
2021-04-04 20:39:18|gmlcks12|에이스|맘모스쿠폰(40050)|1|4900|40200
2021-04-04 20:39:19|gmlcks12|에이스|맘모스쿠폰(40050)|1|4900|35300
2021-04-04 20:39:20|gmlcks12|에이스|맘모스쿠폰(40050)|1|4900|30400
2021-04-04 20:39:22|gmlcks12|에이스|맘모스쿠폰(40050)|1|4900|25500
2021-04-04 20:45:52|gmlcks12|에이스|맘모스쿠폰(40050)|1|4900|20600
2021-04-04 20:45:53|gmlcks12|에이스|맘모스쿠폰(40050)|1|4900|15700
2021-04-04 20:45:55|gmlcks12|에이스|맘모스쿠폰(40050)|1|4900|10800
2021-04-04 20:45:56|gmlcks12|에이스|맘모스쿠폰(40050)|1|4900|5900
2021-04-04 20:45:57|gmlcks12|에이스|맘모스쿠폰(40050)|1|4900|1000
2021-04-04 21:23:24|||모가로스호리병(40160)|1|15|2
2021-04-04 21:24:06|||경험치 구슬(교불)(100508)|1|3|14
2021-04-04 21:24:08|||경험치 구슬(교불)(100508)|1|3|11
2021-04-04 21:24:09|||경험치 구슬(교불)(100508)|1|3|8
2021-04-04 21:24:10|||경험치 구슬(교불)(100508)|1|3|5
2021-04-04 21:24:13|||경험치 구슬(교불)(100508)|1|3|2
2021-04-04 22:43:14|||페트초기화(25150)|1|8|203
2021-04-04 22:44:45|||페트초기화(25150)|1|8|195
2021-04-04 23:42:02|yy1212|연두|진화열매(45009)|1|15000|33600
2021-04-04 23:43:49|yy1212|연두|맘모스쿠폰(40050)|1|4900|28700
2021-04-04 23:43:50|yy1212|연두|맘모스쿠폰(40050)|1|4900|23800
2021-04-04 23:43:51|yy1212|연두|맘모스쿠폰(40050)|1|4900|18900
2021-04-04 23:43:53|yy1212|연두|맘모스쿠폰(40050)|1|4900|14000
2021-04-04 23:43:54|yy1212|연두|맘모스쿠폰(40050)|1|4900|9100
2021-04-04 23:43:55|yy1212|연두|맘모스쿠폰(40050)|1|4900|4200
2021-04-04 23:48:11|yy1212|연두|정글소녀 상자(22120)|1|6900|997300
