2021-05-16 00:09:38|||경험치 구슬(교불)(100508)|1|3|0
2021-05-16 00:52:20|||갈푸스퀘 깃털(100130)|1|4|24
2021-05-16 00:52:27|||30만스톤 수표(100033)|1|4|20
2021-05-16 00:52:29|||30만스톤 수표(100033)|1|4|16
2021-05-16 00:52:30|||30만스톤 수표(100033)|1|4|12
2021-05-16 00:52:32|||30만스톤 수표(100033)|1|4|8
2021-05-16 00:52:33|||30만스톤 수표(100033)|1|4|4
2021-05-16 00:52:35|||30만스톤 수표(100033)|1|4|0
2021-05-16 02:23:58|||노북이호리병(40150)|1|15|62
2021-05-16 02:25:03|||갈푸스퀘 깃털(100130)|1|4|85
2021-05-16 02:25:07|||갈푸스퀘 깃털(100130)|1|4|58
2021-05-16 02:27:04|||갈푸스퀘 깃털(100130)|1|4|81
2021-05-16 02:27:09|||갈푸스퀘 깃털(100130)|1|4|54
2021-05-16 07:27:01|||경험치 구슬(교불)(100508)|1|5|463
2021-05-16 07:27:03|||경험치 구슬(교불)(100508)|1|5|458
2021-05-16 07:27:13|||경험치 구슬(교불)(100508)|1|5|453
2021-05-16 07:28:43|||경험치 구슬(교불)(100508)|1|5|469
2021-05-16 07:28:44|||경험치 구슬(교불)(100508)|1|5|464
2021-05-16 07:28:46|||경험치 구슬(교불)(100508)|1|5|459
2021-05-16 09:11:42|||갈푸스퀘 깃털(100130)|1|4|45
2021-05-16 09:30:12|||경험치 구슬(교불)(100508)|1|3|8
2021-05-16 10:06:12|||경험치 구슬(교불)(100508)|1|5|448
2021-05-16 10:06:13|||경험치 구슬(교불)(100508)|1|5|443
2021-05-16 10:06:58|||경험치 구슬(교불)(100508)|1|5|454
2021-05-16 11:08:01|||경험치 구슬(교불)(100508)|1|3|14
2021-05-16 11:08:02|||경험치 구슬(교불)(100508)|1|3|11
2021-05-16 11:20:34|||경험치 구슬(교불)(100508)|1|3|19
2021-05-16 11:20:35|||경험치 구슬(교불)(100508)|1|3|16
2021-05-16 11:36:48|boy5673|후라이드|흑풍호리병(40187)|1|6900|16200
2021-05-16 11:43:50|||페트초기화(25150)|1|8|114
2021-05-16 11:44:16|||페트초기화(25150)|1|8|106
2021-05-16 11:44:44|||페트초기화(25150)|1|8|98
2021-05-16 11:44:59|||페트초기화(25150)|1|8|90
2021-05-16 11:45:18|||페트초기화(25150)|1|8|82
2021-05-16 12:30:43|||경험치 구슬(교불)(100508)|1|5|22
2021-05-16 12:30:44|||경험치 구슬(교불)(100508)|1|5|17
2021-05-16 12:30:44|||경험치 구슬(교불)(100508)|1|5|12
2021-05-16 12:30:46|||경험치 구슬(교불)(100508)|1|5|7
2021-05-16 12:30:48|||경험치 구슬(교불)(100508)|1|5|2
2021-05-16 12:31:04|||경험치 구슬(교불)(100508)|1|5|31
2021-05-16 12:31:06|||경험치 구슬(교불)(100508)|1|5|26
2021-05-16 12:31:07|||경험치 구슬(교불)(100508)|1|5|21
2021-05-16 12:31:08|||경험치 구슬(교불)(100508)|1|5|16
2021-05-16 12:31:09|||경험치 구슬(교불)(100508)|1|5|11
2021-05-16 12:31:11|||경험치 구슬(교불)(100508)|1|5|6
2021-05-16 12:31:18|||경험치 구슬(교불)(100508)|1|5|1
2021-05-16 13:37:43|||페트초기화(25150)|1|8|114
2021-05-16 13:38:13|||페트초기화(25150)|1|8|106
2021-05-16 13:38:30|||페트초기화(25150)|1|8|98
2021-05-16 13:38:42|||페트초기화(25150)|1|8|90
2021-05-16 13:39:05|||페트초기화(25150)|1|8|82
2021-05-16 13:39:32|||페트초기화(25150)|1|8|74
2021-05-16 14:59:58|rudwns|우비|VIP페트2차뽑기박스(40203)|1|7900|12200
2021-05-16 15:01:08|jis8711255|핸콕|VIP페트2차뽑기박스(40203)|1|7900|12194700
2021-05-16 15:04:56|rudwns|우비|VIP페트2차뽑기박스(40203)|1|7900|4300
2021-05-16 15:11:36|rudwns|우비|5환생의도끼(100107)|1|4000|10300
2021-05-16 15:11:53|rudwns|우비|흑풍호리병(40187)|1|6900|3400
2021-05-16 15:20:46|||경험치 구슬(교불)(100508)|1|5|449
2021-05-16 15:20:48|||경험치 구슬(교불)(100508)|1|5|444
2021-05-16 15:21:10|||경험치 구슬(교불)(100508)|1|5|438
2021-05-16 15:21:12|||경험치 구슬(교불)(100508)|1|5|433
2021-05-16 16:15:04|||돌북이호리병(40153)|1|15|14
2021-05-16 18:11:12|||30만스톤 수표(100033)|1|4|4
2021-05-16 18:11:14|||30만스톤 수표(100033)|1|4|0
2021-05-16 18:17:16|||경험치 구슬(교불)(100508)|1|5|428
2021-05-16 18:17:18|||경험치 구슬(교불)(100508)|1|5|423
2021-05-16 18:19:18|||경험치 구슬(교불)(100508)|1|5|439
2021-05-16 18:19:19|||경험치 구슬(교불)(100508)|1|5|434
2021-05-16 18:57:07|||갈푸스퀘 깃털(100130)|1|4|73
2021-05-16 19:00:43|||갈푸스퀘 깃털(100130)|1|4|69
2021-05-16 19:04:11|||갈푸스퀘 깃털(100130)|1|4|65
2021-05-16 19:07:46|||갈푸스퀘 깃털(100130)|1|4|61
2021-05-16 19:10:48|||갈푸스퀘 깃털(100130)|1|4|57
2021-05-16 19:15:29|||갈푸스퀘 깃털(100130)|1|4|53
2021-05-16 19:18:03|||갈푸스퀘 깃털(100130)|1|4|49
2021-05-16 19:22:06|||갈푸스퀘 깃털(100130)|1|4|45
2021-05-16 19:24:04|||경험치 구슬(교불)(100508)|1|3|10
2021-05-16 19:26:13|||갈푸스퀘 깃털(100130)|1|4|41
2021-05-16 19:46:07|||경험치 구슬(교불)(100508)|1|5|429
2021-05-16 19:46:09|||경험치 구슬(교불)(100508)|1|5|424
2021-05-16 19:47:25|||경험치 구슬(교불)(100508)|1|5|418
2021-05-16 19:47:27|||경험치 구슬(교불)(100508)|1|5|413
2021-05-16 20:23:39|||경험치 구슬(교불)(100508)|1|3|7
