2021-03-28 00:25:39|||경험치 구슬(교불)(100508)|1|3|0
2021-03-28 00:47:36|jhy0329|심향|진화열매(45009)|1|15000|1000
2021-03-28 01:06:03|||경험치 구슬(교불)(100508)|1|3|6
2021-03-28 01:06:04|||경험치 구슬(교불)(100508)|1|3|3
2021-03-28 01:14:47|||30만스톤 수표(100033)|1|4|14
2021-03-28 01:17:07|||30만스톤 수표(100033)|1|4|14
2021-03-28 01:17:09|||30만스톤 수표(100033)|1|4|10
2021-03-28 02:52:43|||경험치 구슬(교불)(100508)|1|5|31
2021-03-28 02:52:47|||경험치 구슬(교불)(100508)|1|5|26
2021-03-28 02:52:48|||경험치 구슬(교불)(100508)|1|5|21
2021-03-28 02:52:50|||경험치 구슬(교불)(100508)|1|5|16
2021-03-28 02:52:51|||경험치 구슬(교불)(100508)|1|5|11
2021-03-28 02:52:54|||경험치 구슬(교불)(100508)|1|5|6
2021-03-28 02:52:58|||경험치 구슬(교불)(100508)|1|5|1
2021-03-28 02:53:11|||경험치 구슬(교불)(100508)|1|5|83
2021-03-28 02:53:13|||경험치 구슬(교불)(100508)|1|5|78
2021-03-28 02:53:14|||경험치 구슬(교불)(100508)|1|5|73
2021-03-28 02:53:15|||경험치 구슬(교불)(100508)|1|5|59
2021-03-28 02:53:16|||경험치 구슬(교불)(100508)|1|5|68
2021-03-28 02:53:16|||경험치 구슬(교불)(100508)|1|5|54
2021-03-28 02:53:17|||경험치 구슬(교불)(100508)|1|5|49
2021-03-28 02:53:17|||경험치 구슬(교불)(100508)|1|5|63
2021-03-28 02:53:18|||경험치 구슬(교불)(100508)|1|5|44
2021-03-28 02:53:19|||경험치 구슬(교불)(100508)|1|5|58
2021-03-28 02:53:19|||경험치 구슬(교불)(100508)|1|5|39
2021-03-28 02:53:20|||경험치 구슬(교불)(100508)|1|5|53
2021-03-28 02:53:20|||경험치 구슬(교불)(100508)|1|5|34
2021-03-28 02:53:21|||경험치 구슬(교불)(100508)|1|5|48
2021-03-28 02:53:22|||경험치 구슬(교불)(100508)|1|5|29
2021-03-28 02:53:23|||경험치 구슬(교불)(100508)|1|5|24
2021-03-28 02:53:24|||경험치 구슬(교불)(100508)|1|5|19
2021-03-28 02:53:25|||경험치 구슬(교불)(100508)|1|5|14
2021-03-28 02:53:27|||경험치 구슬(교불)(100508)|1|5|9
2021-03-28 02:53:29|||경험치 구슬(교불)(100508)|1|5|4
2021-03-28 02:53:50|||경험치 구슬(교불)(100508)|1|5|31
2021-03-28 02:53:51|||경험치 구슬(교불)(100508)|1|5|26
2021-03-28 02:53:52|||경험치 구슬(교불)(100508)|1|5|21
2021-03-28 02:53:53|||경험치 구슬(교불)(100508)|1|5|16
2021-03-28 02:53:54|||경험치 구슬(교불)(100508)|1|5|11
2021-03-28 02:53:56|||경험치 구슬(교불)(100508)|1|5|6
2021-03-28 02:53:57|||경험치 구슬(교불)(100508)|1|5|1
2021-03-28 03:23:10|||경험치 구슬(교불)(100508)|1|5|37
2021-03-28 03:23:11|||경험치 구슬(교불)(100508)|1|5|32
2021-03-28 03:23:12|||경험치 구슬(교불)(100508)|1|5|27
2021-03-28 03:43:33|||경험치 구슬(교불)(100508)|1|3|8
2021-03-28 03:43:35|||경험치 구슬(교불)(100508)|1|3|5
2021-03-28 03:43:38|||경험치 구슬(교불)(100508)|1|3|2
2021-03-28 03:44:12|||경험치 구슬(교불)(100508)|1|3|4
2021-03-28 03:44:15|||경험치 구슬(교불)(100508)|1|3|1
2021-03-28 05:29:36|hihoce|마루|맘모스쿠폰(40050)|1|4900|73200
2021-03-28 05:42:38|||경험치 구슬(교불)(100508)|1|3|6
2021-03-28 05:42:45|||경험치 구슬(교불)(100508)|1|3|2
2021-03-28 09:29:25|||경험치 구슬(교불)(100508)|1|3|2
2021-03-28 09:32:58|||경험치 구슬(교불)(100508)|1|3|4
2021-03-28 09:33:24|||경험치 구슬(교불)(100508)|1|3|0
2021-03-28 09:34:56|qkrtkd259|EDEN|경험치 구슬(100507)|1|2000|8300
2021-03-28 10:02:45|||경험치 구슬(교불)(100508)|1|3|14
2021-03-28 10:02:52|||경험치 구슬(교불)(100508)|1|3|11
2021-03-28 10:23:06|||경험치 구슬(교불)(100508)|1|3|0
2021-03-28 11:52:26|||경험치 구슬(교불)(100508)|1|3|3
2021-03-28 11:52:27|||경험치 구슬(교불)(100508)|1|3|0
2021-03-28 12:26:12|qkrtkd259|EDEN|1환생의도끼(100103)|1|1000|7300
2021-03-28 12:26:14|qkrtkd259|EDEN|2환생의도끼(100104)|1|2000|5300
2021-03-28 14:05:42|||경험치 구슬(교불)(100508)|1|5|8
2021-03-28 14:05:44|||경험치 구슬(교불)(100508)|1|5|3
2021-03-28 14:06:06|||경험치 구슬(교불)(100508)|1|5|8
2021-03-28 14:06:08|||경험치 구슬(교불)(100508)|1|5|3
2021-03-28 14:18:07|aadds1323|스며드는공포|(-1)|1|0|0
2021-03-28 14:43:24|||하드불성클리어상자(40160)|1|15|8
2021-03-28 14:43:38|||하드불성클리어상자(40160)|1|15|0
2021-03-28 15:48:57|totorosa|와이|사자소년 상자(22118)|1|6900|109500
2021-03-28 15:48:59|totorosa|와이|정글소녀 상자(22120)|1|6900|102600
2021-03-28 16:16:01|||경험치 구슬(교불)(100508)|1|3|1
2021-03-28 17:14:58|||하드기성클리어상자(40161)|1|15|7
2021-03-28 17:15:45|||그린바로스호리병(40159)|1|15|2
2021-03-28 17:34:32|ccs5656|추르|진화열매(45009)|1|15000|27800
2021-03-28 17:35:06|ccs5656|추르|진화열매(45009)|1|15000|12800
2021-03-28 17:49:42|||경험치 구슬(교불)(100508)|1|3|0
2021-03-28 18:08:43|homework13|오만의죄|페트초기화5개(25152)|1|4000|77800
2021-03-28 18:10:03|homework13|오만의죄|페트초기화5개(25152)|1|4000|73800
2021-03-28 18:13:44|||그린바로스호리병(40159)|1|15|3
2021-03-28 18:30:17|homework13|오만의죄|Lv4페트 통조림(46018)|1|5000|68800
2021-03-28 18:30:19|homework13|오만의죄|Lv4페트 통조림(46018)|1|5000|63800
2021-03-28 18:30:21|homework13|오만의죄|Lv4페트 통조림(46018)|1|5000|58800
2021-03-28 18:30:23|homework13|오만의죄|Lv4페트 통조림(46018)|1|5000|53800
2021-03-28 18:32:23|kyk9698|파랑|사자소년 상자(22118)|1|6900|418500
2021-03-28 18:36:09|yy1212|연두|장인의강화(40054)|1|5000|323400
2021-03-28 18:36:11|yy1212|연두|장인의강화(40054)|1|5000|318400
2021-03-28 18:36:12|yy1212|연두|장인의강화(40054)|1|5000|313400
2021-03-28 18:36:12|yy1212|연두|장인의강화(40054)|1|5000|308400
2021-03-28 18:36:14|yy1212|연두|장인의강화(40054)|1|5000|303400
2021-03-28 18:36:53|yy1212|연두|3회창(94001)|1|30000|273400
2021-03-28 18:36:55|yy1212|연두|3회창(94001)|1|30000|243400
2021-03-28 18:36:56|yy1212|연두|3회창(94001)|1|30000|213400
2021-03-28 18:37:32|comic200|공|펜리호리병(40124)|1|6900|11100
2021-03-28 18:37:58|comic200|공|회복술 통조림(46021)|1|8000|3100
2021-03-28 18:45:51|||하드불성클리어상자(40160)|1|15|27
2021-03-28 18:46:07|||하드불성클리어상자(40160)|1|15|12
2021-03-28 18:46:09|||페트초기화(25150)|1|8|7
2021-03-28 19:00:00|||경험치 구슬(교불)(100508)|1|5|46
2021-03-28 19:00:01|||경험치 구슬(교불)(100508)|1|5|41
2021-03-28 19:00:03|||경험치 구슬(교불)(100508)|1|5|36
2021-03-28 19:00:08|||경험치 구슬(교불)(100508)|1|5|31
2021-03-28 19:00:09|||경험치 구슬(교불)(100508)|1|5|26
2021-03-28 19:00:11|||경험치 구슬(교불)(100508)|1|5|21
2021-03-28 19:00:13|||경험치 구슬(교불)(100508)|1|5|16
2021-03-28 19:00:23|||경험치 구슬(교불)(100508)|1|5|133
2021-03-28 19:00:24|||경험치 구슬(교불)(100508)|1|5|128
2021-03-28 19:00:25|||경험치 구슬(교불)(100508)|1|5|123
2021-03-28 19:00:26|||경험치 구슬(교불)(100508)|1|5|118
2021-03-28 19:00:27|||경험치 구슬(교불)(100508)|1|5|113
2021-03-28 19:00:28|||경험치 구슬(교불)(100508)|1|5|108
2021-03-28 19:30:39|||하드불성클리어상자(40160)|1|15|25
2021-03-28 19:30:41|||하드불성클리어상자(40160)|1|15|10
2021-03-28 19:31:08|||하드불성클리어상자(40160)|1|15|25
2021-03-28 19:31:13|||하드기성클리어상자(40161)|1|15|10
2021-03-28 19:41:40|||경험치 구슬(교불)(100508)|1|5|19
2021-03-28 19:41:43|||경험치 구슬(교불)(100508)|1|5|14
2021-03-28 19:41:44|||경험치 구슬(교불)(100508)|1|5|9
2021-03-28 19:41:46|||경험치 구슬(교불)(100508)|1|5|4
2021-03-28 19:42:36|||경험치 구슬(교불)(100508)|1|5|19
2021-03-28 19:42:38|||경험치 구슬(교불)(100508)|1|5|14
2021-03-28 19:42:39|||경험치 구슬(교불)(100508)|1|5|9
2021-03-28 19:42:40|||경험치 구슬(교불)(100508)|1|5|4
2021-03-28 19:57:38|totorosa|와이|진화열매(45009)|1|15000|87600
2021-03-28 19:57:40|totorosa|와이|진화열매(45009)|1|15000|72600
2021-03-28 20:01:31|totorosa|와이|페트초기화5개(25152)|1|4000|68600
2021-03-28 20:03:23|totorosa|와이|Lv4페트 통조림(46018)|1|5000|63600
2021-03-28 20:03:26|totorosa|와이|Lv4페트 통조림(46018)|1|5000|58600
2021-03-28 20:04:00|totorosa|와이|페트초기화5개(25152)|1|4000|54600
2021-03-28 20:17:20|totorosa|와이|경험치 구슬(100507)|1|2000|52600
2021-03-28 20:17:21|totorosa|와이|경험치 구슬(100507)|1|2000|50600
2021-03-28 20:17:22|totorosa|와이|경험치 구슬(100507)|1|2000|48600
2021-03-28 20:17:24|totorosa|와이|경험치 구슬(100507)|1|2000|46600
2021-03-28 20:17:25|totorosa|와이|경험치 구슬(100507)|1|2000|44600
2021-03-28 20:31:14|||하드기성클리어상자(40161)|1|15|3
2021-03-28 20:31:18|||하드기성클리어상자(40161)|1|15|4
2021-03-28 20:34:35|totorosa|와이|Lv4페트 통조림(46018)|1|5000|149600
2021-03-28 21:18:33|wg9400|火|경험치 구슬(100507)|1|2000|1400
2021-03-28 21:19:05|wg0135|水|(-1)|1|0|1000
2021-03-28 21:43:40|||하드불성클리어상자(40160)|1|15|8
2021-03-28 21:44:04|||페트초기화(25150)|1|8|0
2021-03-28 22:31:32|||페트초기화(25150)|1|8|3
2021-03-28 22:33:55|||경험치 구슬(교불)(100508)|1|5|39
2021-03-28 22:33:56|||경험치 구슬(교불)(100508)|1|5|34
2021-03-28 22:35:32|||경험치 구슬(교불)(100508)|1|5|35
2021-03-28 22:35:33|||경험치 구슬(교불)(100508)|1|5|30
2021-03-28 22:56:38|||경험치 구슬(교불)(100508)|1|3|3
2021-03-28 22:58:24|||경험치 구슬(교불)(100508)|1|3|3
2021-03-28 22:58:26|||경험치 구슬(교불)(100508)|1|3|0
2021-03-28 23:04:23|hihoce|마루|Lv4페트 통조림(46018)|1|5000|68200
2021-03-28 23:04:38|hihoce|마루|주작호리병(40116)|1|6900|61300
2021-03-28 23:59:19|||하드기성클리어상자(40161)|1|15|8
