2021-04-25 00:01:23|||경험치 구슬(교불)(100508)|1|3|32
2021-04-25 00:01:25|||경험치 구슬(교불)(100508)|1|3|29
2021-04-25 00:01:30|||경험치 구슬(교불)(100508)|1|3|26
2021-04-25 00:17:23|||페트초기화(25150)|1|8|18
2021-04-25 00:17:50|||페트초기화(25150)|1|8|10
2021-04-25 00:58:59|kyk9698|파랑|Lv4페트 통조림(46018)|1|5000|83100
2021-04-25 01:10:04|||경험치 구슬(교불)(100508)|1|5|421
2021-04-25 01:10:10|||경험치 구슬(교불)(100508)|1|5|416
2021-04-25 01:10:12|||경험치 구슬(교불)(100508)|1|5|411
2021-04-25 01:10:13|||경험치 구슬(교불)(100508)|1|5|406
2021-04-25 01:10:15|||경험치 구슬(교불)(100508)|1|5|401
2021-04-25 01:10:17|||경험치 구슬(교불)(100508)|1|5|396
2021-04-25 01:10:19|||경험치 구슬(교불)(100508)|1|5|391
2021-04-25 01:10:21|||경험치 구슬(교불)(100508)|1|5|386
2021-04-25 01:10:23|||경험치 구슬(교불)(100508)|1|5|381
2021-04-25 01:10:41|||경험치 구슬(교불)(100508)|1|5|376
2021-04-25 01:10:42|||경험치 구슬(교불)(100508)|1|5|371
2021-04-25 01:10:44|||경험치 구슬(교불)(100508)|1|5|366
2021-04-25 01:10:45|||경험치 구슬(교불)(100508)|1|5|361
2021-04-25 01:10:47|||경험치 구슬(교불)(100508)|1|5|356
2021-04-25 01:10:48|||경험치 구슬(교불)(100508)|1|5|351
2021-04-25 01:10:49|||경험치 구슬(교불)(100508)|1|5|346
2021-04-25 01:11:44|||경험치 구슬(교불)(100508)|1|5|341
2021-04-25 01:11:46|||경험치 구슬(교불)(100508)|1|5|336
2021-04-25 01:11:47|||경험치 구슬(교불)(100508)|1|5|331
2021-04-25 01:11:49|||경험치 구슬(교불)(100508)|1|5|326
2021-04-25 01:11:51|||경험치 구슬(교불)(100508)|1|5|321
2021-04-25 01:11:53|||경험치 구슬(교불)(100508)|1|5|316
2021-04-25 01:33:52|yy1212|연두|Lv4페트 통조림(46018)|1|5000|7600
2021-04-25 08:50:52|||경험치 구슬(교불)(100508)|1|5|11
2021-04-25 08:50:54|||경험치 구슬(교불)(100508)|1|5|6
2021-04-25 08:50:55|||경험치 구슬(교불)(100508)|1|5|1
2021-04-25 09:01:36|||경험치 구슬(교불)(100508)|1|3|11
2021-04-25 09:01:38|||경험치 구슬(교불)(100508)|1|3|8
2021-04-25 09:01:39|||경험치 구슬(교불)(100508)|1|3|5
2021-04-25 09:01:51|||경험치 구슬(교불)(100508)|1|3|3
2021-04-25 09:01:53|||경험치 구슬(교불)(100508)|1|3|0
2021-04-25 09:02:49|chemd89|지원사랑|풍백호리병(40119)|1|6900|85200
2021-04-25 12:07:21|||경험치 구슬(교불)(100508)|1|3|2
2021-04-25 12:45:57|kyk9698|파랑|카오스SD박스(57700)|1|9900|73200
2021-04-25 12:46:19|kyk9698|파랑|진화열매(45009)|1|15000|58200
2021-04-25 12:46:20|kyk9698|파랑|진화열매(45009)|1|15000|43200
2021-04-25 12:46:46|kyk9698|파랑|Lv4페트 통조림(46018)|1|5000|38200
2021-04-25 12:49:17|yy1212|연두|Lv4페트 통조림(46018)|1|5000|2600
2021-04-25 12:50:42|yy1212|연두|Lv4페트 통조림(46018)|1|5000|997600
2021-04-25 13:13:31|||갈푸스퀘 깃털(100130)|1|4|136
2021-04-25 13:13:42|||갈푸스퀘 깃털(100130)|1|4|130
2021-04-25 13:17:12|||갈푸스퀘 깃털(100130)|1|4|132
2021-04-25 13:17:32|||갈푸스퀘 깃털(100130)|1|4|126
2021-04-25 13:19:40|||갈푸스퀘 깃털(100130)|1|4|128
2021-04-25 13:19:50|||갈푸스퀘 깃털(100130)|1|4|122
2021-04-25 13:22:15|||갈푸스퀘 깃털(100130)|1|4|124
2021-04-25 13:22:22|||갈푸스퀘 깃털(100130)|1|4|118
2021-04-25 13:33:56|insub77730|카키|경험치 구슬(100507)|1|2000|4585700
2021-04-25 13:33:59|insub77730|카키|경험치 구슬(100507)|1|2000|4583700
2021-04-25 13:46:25|jis871125|루피|Lv4페트 통조림(46018)|1|5000|12752300
2021-04-25 14:40:48|||경험치 구슬(교불)(100508)|1|5|23
2021-04-25 14:40:49|||경험치 구슬(교불)(100508)|1|5|18
2021-04-25 16:13:35|insub77730|카키|2환생의도끼(100104)|1|2000|4581700
2021-04-25 16:13:49|||경험치 구슬(교불)(100508)|1|5|43
2021-04-25 16:13:50|||경험치 구슬(교불)(100508)|1|5|38
2021-04-25 16:13:51|||경험치 구슬(교불)(100508)|1|5|33
2021-04-25 16:13:53|||경험치 구슬(교불)(100508)|1|5|28
2021-04-25 16:13:54|||경험치 구슬(교불)(100508)|1|5|23
2021-04-25 16:22:45|insub77730|카키|거울의 목걸이(98000)|1|20000|4561700
2021-04-25 16:22:46|insub77730|카키|거울의 목걸이(98000)|1|20000|4541700
2021-04-25 16:22:47|insub77730|카키|거울의 목걸이(98000)|1|20000|4521700
2021-04-25 16:22:48|insub77730|카키|거울의 목걸이(98000)|1|20000|4501700
2021-04-25 16:38:39|yy1212|연두|진화열매(45009)|1|15000|982600
2021-04-25 16:38:41|yy1212|연두|진화열매(45009)|1|15000|967600
2021-04-25 16:42:07|kyk9698|파랑|Lv4페트 통조림(46018)|1|5000|1033200
2021-04-25 16:43:08|yy1212|연두|Lv4페트 통조림(46018)|1|5000|962600
2021-04-25 16:48:34|chemd89|지원사랑|진화열매(45009)|1|15000|70200
2021-04-25 16:48:37|chemd89|지원사랑|진화열매(45009)|1|15000|55200
2021-04-25 16:53:38|||경험치 구슬(교불)(100508)|1|3|1
2021-04-25 16:54:07|||경험치 구슬(교불)(100508)|1|3|6
2021-04-25 16:54:09|||경험치 구슬(교불)(100508)|1|3|3
2021-04-25 16:54:11|||경험치 구슬(교불)(100508)|1|3|0
2021-04-25 18:02:27|jis871125|루피|무지개 통조림(46022)|1|8000|12744300
2021-04-25 18:03:55|jis871125|루피|Lv4페트 통조림(46018)|1|5000|12739300
2021-04-25 18:07:43|jis871125|루피|Lv4페트 통조림(46018)|1|5000|12734300
2021-04-25 18:15:15|||페트초기화(25150)|1|8|72
2021-04-25 18:15:17|||페트초기화(25150)|1|8|64
2021-04-25 18:15:19|||페트초기화(25150)|1|8|56
2021-04-25 18:15:20|||페트초기화(25150)|1|8|48
2021-04-25 18:26:40|||페트초기화(25150)|1|8|40
2021-04-25 18:42:07|kyk9698|파랑|카오스보스박스(57701)|1|9900|1023300
2021-04-25 18:47:53|||경험치 구슬(교불)(100508)|1|5|17
2021-04-25 18:47:54|||경험치 구슬(교불)(100508)|1|5|12
2021-04-25 18:47:55|||경험치 구슬(교불)(100508)|1|5|7
2021-04-25 18:47:56|||경험치 구슬(교불)(100508)|1|5|2
2021-04-25 18:48:20|||경험치 구슬(교불)(100508)|1|5|21
2021-04-25 18:48:21|||경험치 구슬(교불)(100508)|1|5|16
2021-04-25 18:48:21|||경험치 구슬(교불)(100508)|1|5|11
2021-04-25 18:48:24|||경험치 구슬(교불)(100508)|1|5|6
2021-04-25 18:48:25|||경험치 구슬(교불)(100508)|1|5|1
2021-04-25 19:45:23|||30만스톤 수표(100033)|1|4|2
2021-04-25 19:55:37|yy1212|연두|Lv4페트 통조림(46018)|1|5000|957600
2021-04-25 19:55:39|yy1212|연두|Lv4페트 통조림(46018)|1|5000|952600
2021-04-25 19:55:40|yy1212|연두|Lv4페트 통조림(46018)|1|5000|947600
2021-04-25 19:55:43|yy1212|연두|Lv4페트 통조림(46018)|1|5000|942600
2021-04-25 20:22:53|||갈푸스퀘 깃털(100130)|1|4|54
2021-04-25 20:27:44|||갈푸스퀘 깃털(100130)|1|4|50
2021-04-25 20:27:58|||갈푸스퀘 깃털(100130)|1|4|47
2021-04-25 20:30:02|||갈푸스퀘 깃털(100130)|1|4|46
2021-04-25 20:30:06|||갈푸스퀘 깃털(100130)|1|4|43
2021-04-25 20:32:11|||갈푸스퀘 깃털(100130)|1|4|42
2021-04-25 20:32:15|||갈푸스퀘 깃털(100130)|1|4|39
2021-04-25 20:33:39|||갈푸스퀘 깃털(100130)|1|4|38
2021-04-25 20:33:42|||갈푸스퀘 깃털(100130)|1|4|35
2021-04-25 20:35:19|||갈푸스퀘 깃털(100130)|1|4|34
2021-04-25 20:35:23|||갈푸스퀘 깃털(100130)|1|4|31
2021-04-25 20:57:22|ghrn1|호구|카오스보스박스(57701)|1|9900|10600
2021-04-25 20:58:09|ghrn1|호구|카오스보스박스(57701)|1|9900|700
2021-04-25 21:00:29|||경험치 구슬(교불)(100508)|1|3|0
2021-04-25 21:35:31|jeong2847|정또술|맘모스쿠폰(40050)|1|4900|55100
2021-04-25 21:35:32|jeong2847|정또술|맘모스쿠폰(40050)|1|4900|50200
2021-04-25 21:41:42|jeong2847|정또술|VIP POINT 10000＄(21114)|1|10000|40200
2021-04-25 21:41:43|jeong2847|정또술|VIP POINT 10000＄(21114)|1|10000|30200
2021-04-25 21:46:17|jeong2847|정또술|VIP POINT 10000＄(21114)|1|10000|20200
2021-04-25 21:46:18|jeong2847|정또술|VIP POINT 10000＄(21114)|1|10000|10200
2021-04-25 21:46:20|jeong2847|정또술|VIP POINT 5000＄(21113)|1|5000|5200
2021-04-25 21:56:56|||갈푸스퀘 깃털(100130)|1|4|11
2021-04-25 21:56:59|||갈푸스퀘 깃털(100130)|1|4|17
2021-04-25 21:59:00|qusrud11|여포왕|VIP POINT 1000＄(21111)|1|1000|48400
2021-04-25 22:00:05|qusrud11|여포왕|VIP POINT 1000＄(21111)|1|1000|47400
2021-04-25 22:40:09|||돌북이호리병(40153)|1|15|12
