2021-04-17 00:38:05|ds0516|피맛|VIP POINT 10000＄(21114)|1|10000|14500
2021-04-17 00:38:07|ds0516|피맛|VIP POINT 10000＄(21114)|1|10000|4500
2021-04-17 00:38:08|ds0516|피맛|VIP POINT 1000＄(21111)|1|1000|3500
2021-04-17 00:40:56|wg9400|光明|VIP POINT 1000＄(21111)|1|1000|1000
2021-04-17 00:40:58|wg9400|光明|VIP POINT 1000＄(21111)|1|1000|0
2021-04-17 00:42:07|wg9400|火|맘모스쿠폰(40050)|1|4900|20500
2021-04-17 00:42:08|wg9400|火|맘모스쿠폰(40050)|1|4900|15600
2021-04-17 00:42:10|wg9400|火|맘모스쿠폰(40050)|1|4900|10700
2021-04-17 00:42:12|wg9400|火|맘모스쿠폰(40050)|1|4900|5800
2021-04-17 00:42:13|wg9400|火|맘모스쿠폰(40050)|1|4900|900
2021-04-17 00:55:23|||페트초기화(25150)|1|8|45
2021-04-17 00:56:06|||페트초기화(25150)|1|8|37
2021-04-17 01:07:07|||30만스톤 수표(100033)|1|4|97
2021-04-17 01:07:09|||30만스톤 수표(100033)|1|4|93
2021-04-17 01:07:19|||30만스톤 수표(100033)|1|4|89
2021-04-17 01:07:21|||30만스톤 수표(100033)|1|4|85
2021-04-17 01:07:22|||30만스톤 수표(100033)|1|4|81
2021-04-17 01:07:23|||30만스톤 수표(100033)|1|4|77
2021-04-17 01:07:31|||페트초기화(25150)|1|8|69
2021-04-17 01:07:37|||페트초기화(25150)|1|8|61
2021-04-17 01:07:39|||페트초기화(25150)|1|8|53
2021-04-17 01:07:42|||30만스톤 수표(100033)|1|4|49
2021-04-17 01:07:44|||30만스톤 수표(100033)|1|4|45
2021-04-17 01:07:46|||30만스톤 수표(100033)|1|4|41
2021-04-17 01:07:47|||30만스톤 수표(100033)|1|4|37
2021-04-17 01:08:02|||30만스톤 수표(100033)|1|4|33
2021-04-17 01:08:04|||30만스톤 수표(100033)|1|4|29
2021-04-17 01:08:06|||30만스톤 수표(100033)|1|4|25
2021-04-17 01:08:07|||30만스톤 수표(100033)|1|4|21
2021-04-17 01:08:09|||30만스톤 수표(100033)|1|4|17
2021-04-17 01:08:17|||30만스톤 수표(100033)|1|4|13
2021-04-17 01:08:19|||30만스톤 수표(100033)|1|4|9
2021-04-17 01:08:21|||30만스톤 수표(100033)|1|4|5
2021-04-17 01:08:22|||30만스톤 수표(100033)|1|4|1
2021-04-17 01:11:59|||30만스톤 수표(100033)|1|4|89
2021-04-17 01:12:00|||30만스톤 수표(100033)|1|4|85
2021-04-17 01:12:01|||30만스톤 수표(100033)|1|4|81
2021-04-17 01:12:03|||30만스톤 수표(100033)|1|4|77
2021-04-17 01:12:04|||30만스톤 수표(100033)|1|4|73
2021-04-17 01:12:05|||30만스톤 수표(100033)|1|4|69
2021-04-17 01:12:06|||30만스톤 수표(100033)|1|4|65
2021-04-17 01:12:12|||30만스톤 수표(100033)|1|4|61
2021-04-17 01:12:13|||30만스톤 수표(100033)|1|4|57
2021-04-17 01:12:15|||30만스톤 수표(100033)|1|4|53
2021-04-17 01:12:17|||30만스톤 수표(100033)|1|4|49
2021-04-17 01:12:18|||30만스톤 수표(100033)|1|4|45
2021-04-17 01:12:20|||30만스톤 수표(100033)|1|4|41
2021-04-17 02:54:48|||경험치 구슬(교불)(100508)|1|3|7
2021-04-17 02:54:50|||경험치 구슬(교불)(100508)|1|3|4
2021-04-17 02:54:54|||갈푸스퀘 깃털(100130)|1|4|0
2021-04-17 02:55:09|||경험치 구슬(교불)(100508)|1|5|2
2021-04-17 02:56:09|||갈푸스퀘 깃털(100130)|1|4|44
2021-04-17 02:57:36|||갈푸스퀘 깃털(100130)|1|4|9
2021-04-17 03:28:49|||30만스톤 수표(100033)|1|4|20
2021-04-17 03:29:07|||30만스톤 수표(100033)|1|4|16
2021-04-17 03:47:26|||30만스톤 수표(100033)|1|4|12
2021-04-17 03:47:28|||30만스톤 수표(100033)|1|4|8
2021-04-17 08:16:47|qusrud11|여포왕|레이드일반강화(40039)|1|1000|6200
2021-04-17 08:16:48|qusrud11|여포왕|레이드일반강화(40039)|1|1000|5200
2021-04-17 08:16:49|qusrud11|여포왕|레이드일반강화(40039)|1|1000|4200
2021-04-17 10:24:02|ddon897|찡구|다크바로스호리병(40147)|1|6900|8100
2021-04-17 10:24:35|ddon897|찡구|페트초기화5개(25152)|1|4000|4100
2021-04-17 10:33:45|ddon897|찡구|블랙드래곤호리병(40143)|1|6900|2200
2021-04-17 10:34:05|ddon897|찡구|(-1)|1|0|2200
2021-04-17 10:34:12|ddon897|찡구|페트초기화(25150)|1|1000|1200
2021-04-17 10:34:15|ddon897|찡구|페트초기화(25150)|1|1000|200
2021-04-17 10:35:00|jis8711255|핸콕|맘모스쿠폰(40050)|1|4900|12334800
2021-04-17 10:35:01|jis8711255|핸콕|맘모스쿠폰(40050)|1|4900|12329900
2021-04-17 10:35:02|jis8711255|핸콕|맘모스쿠폰(40050)|1|4900|12325000
2021-04-17 10:35:04|jis8711255|핸콕|맘모스쿠폰(40050)|1|4900|12320100
2021-04-17 10:35:06|jis8711255|핸콕|맘모스쿠폰(40050)|1|4900|12315200
2021-04-17 10:35:08|jis8711255|핸콕|맘모스쿠폰(40050)|1|4900|12310300
2021-04-17 10:35:10|jis8711255|핸콕|맘모스쿠폰(40050)|1|4900|12305400
2021-04-17 10:35:11|jis8711255|핸콕|맘모스쿠폰(40050)|1|4900|12300500
2021-04-17 10:35:13|jis8711255|핸콕|맘모스쿠폰(40050)|1|4900|12295600
2021-04-17 10:35:15|jis8711255|핸콕|맘모스쿠폰(40050)|1|4900|12290700
2021-04-17 10:35:18|jis8711255|핸콕|맘모스쿠폰(40050)|1|4900|12285800
2021-04-17 10:35:20|jis8711255|핸콕|맘모스쿠폰(40050)|1|4900|12280900
2021-04-17 10:35:22|jis8711255|핸콕|맘모스쿠폰(40050)|1|4900|12276000
2021-04-17 10:35:23|jis8711255|핸콕|맘모스쿠폰(40050)|1|4900|12271100
2021-04-17 10:40:21|ghrn|호규맨|맘모스쿠폰(40050)|1|4900|15700
2021-04-17 10:40:22|ghrn|호규맨|맘모스쿠폰(40050)|1|4900|10800
2021-04-17 10:40:24|ghrn|호규맨|맘모스쿠폰(40050)|1|4900|5900
2021-04-17 10:40:25|ghrn|호규맨|맘모스쿠폰(40050)|1|4900|1000
2021-04-17 10:42:12|jis8711255|핸콕|맘모스쿠폰(40050)|1|4900|12266200
2021-04-17 10:42:13|jis8711255|핸콕|맘모스쿠폰(40050)|1|4900|12261300
2021-04-17 10:42:15|jis8711255|핸콕|맘모스쿠폰(40050)|1|4900|12256400
2021-04-17 10:42:16|jis8711255|핸콕|맘모스쿠폰(40050)|1|4900|12251500
2021-04-17 10:42:17|jis8711255|핸콕|맘모스쿠폰(40050)|1|4900|12246600
2021-04-17 10:42:19|jis8711255|핸콕|맘모스쿠폰(40050)|1|4900|12241700
2021-04-17 10:42:21|jis8711255|핸콕|맘모스쿠폰(40050)|1|4900|12236800
2021-04-17 10:42:22|jis8711255|핸콕|맘모스쿠폰(40050)|1|4900|12231900
2021-04-17 10:42:24|jis8711255|핸콕|맘모스쿠폰(40050)|1|4900|12227000
2021-04-17 10:42:25|jis8711255|핸콕|맘모스쿠폰(40050)|1|4900|12222100
2021-04-17 10:45:02|yonghaboy|동그랑땡|경험치 구슬(100507)|1|2000|45100
2021-04-17 10:45:05|yonghaboy|동그랑땡|경험치 구슬(100507)|1|2000|43100
2021-04-17 10:48:03|aadds1234|힘센형님|맘모스쿠폰(40050)|1|4900|5100
2021-04-17 10:48:05|aadds1234|힘센형님|맘모스쿠폰(40050)|1|4900|200
2021-04-17 10:51:22|comic200|공|맘모스쿠폰(40050)|1|4900|2300
2021-04-17 11:07:30|||얼성퀘 깃털(110001)|1|3|47
2021-04-17 11:07:40|||얼성퀘 깃털(110001)|1|3|37
2021-04-17 11:39:35|jis871125|루피|Lv4페트 통조림(46018)|1|5000|12645000
2021-04-17 12:31:33|||경험치 구슬(교불)(100508)|1|3|10
2021-04-17 12:31:36|||경험치 구슬(교불)(100508)|1|3|7
2021-04-17 12:32:17|||30만스톤 수표(100033)|1|4|3
2021-04-17 12:37:58|||얼성퀘 깃털(110001)|1|3|45
2021-04-17 12:38:04|||얼성퀘 깃털(110001)|1|3|35
2021-04-17 13:24:21|jis871125|루피|장인의강화(40054)|1|5000|12640000
2021-04-17 13:37:14|jis871125|루피|장인의강화(40054)|1|5000|12635000
2021-04-17 13:37:15|jis871125|루피|장인의강화(40054)|1|5000|12630000
2021-04-17 13:37:16|jis871125|루피|장인의강화(40054)|1|5000|12625000
2021-04-17 13:43:33|jis871125|루피|장인의강화(40054)|1|5000|12620000
2021-04-17 13:43:35|jis871125|루피|장인의강화(40054)|1|5000|12615000
2021-04-17 13:52:43|||경험치 구슬(교불)(100508)|1|3|35
2021-04-17 13:52:49|||경험치 구슬(교불)(100508)|1|3|32
2021-04-17 13:52:50|||경험치 구슬(교불)(100508)|1|3|29
2021-04-17 13:52:52|||경험치 구슬(교불)(100508)|1|3|26
2021-04-17 13:52:53|||경험치 구슬(교불)(100508)|1|3|23
2021-04-17 13:52:55|||경험치 구슬(교불)(100508)|1|3|20
2021-04-17 13:53:05|||경험치 구슬(교불)(100508)|1|3|37
2021-04-17 13:53:07|||경험치 구슬(교불)(100508)|1|3|34
2021-04-17 13:53:09|||경험치 구슬(교불)(100508)|1|3|31
2021-04-17 13:53:11|||경험치 구슬(교불)(100508)|1|3|28
2021-04-17 13:53:13|||경험치 구슬(교불)(100508)|1|3|25
2021-04-17 13:54:12|||경험치 구슬(교불)(100508)|1|3|22
2021-04-17 13:54:13|||경험치 구슬(교불)(100508)|1|3|19
2021-04-17 13:54:14|||경험치 구슬(교불)(100508)|1|3|16
2021-04-17 13:54:16|||경험치 구슬(교불)(100508)|1|3|13
2021-04-17 13:54:17|||경험치 구슬(교불)(100508)|1|3|10
2021-04-17 13:54:28|||경험치 구슬(교불)(100508)|1|3|17
2021-04-17 13:54:29|||경험치 구슬(교불)(100508)|1|3|14
2021-04-17 13:54:31|||경험치 구슬(교불)(100508)|1|3|11
2021-04-17 13:54:33|||경험치 구슬(교불)(100508)|1|3|8
2021-04-17 13:54:35|||경험치 구슬(교불)(100508)|1|3|5
2021-04-17 14:12:56|||경험치 구슬(교불)(100508)|1|3|7
2021-04-17 14:12:59|||경험치 구슬(교불)(100508)|1|3|4
2021-04-17 14:13:03|||경험치 구슬(교불)(100508)|1|3|5
2021-04-17 14:13:05|||경험치 구슬(교불)(100508)|1|3|2
2021-04-17 15:12:38|qusrud11|여포왕|VIP POINT 30000＄(21115)|1|30000|74200
2021-04-17 15:12:39|qusrud11|여포왕|VIP POINT 10000＄(21114)|1|10000|64200
2021-04-17 15:15:03|dkdldh33|일랜|맘모스쿠폰(40050)|1|4900|37800
2021-04-17 15:15:06|dkdldh33|일랜|맘모스쿠폰(40050)|1|4900|32900
2021-04-17 15:15:07|dkdldh33|일랜|맘모스쿠폰(40050)|1|4900|28000
2021-04-17 15:15:09|dkdldh33|일랜|맘모스쿠폰(40050)|1|4900|23100
2021-04-17 15:15:11|dkdldh33|일랜|맘모스쿠폰(40050)|1|4900|18200
2021-04-17 15:15:12|dkdldh33|일랜|맘모스쿠폰(40050)|1|4900|13300
2021-04-17 15:15:14|dkdldh33|일랜|맘모스쿠폰(40050)|1|4900|8400
2021-04-17 15:15:15|dkdldh33|일랜|맘모스쿠폰(40050)|1|4900|3500
2021-04-17 15:15:21|qusrud11|여포왕|VIP POINT 10000＄(21114)|1|10000|54200
2021-04-17 15:15:55|qusrud11|여포왕|진화열매(45009)|1|15000|39200
2021-04-17 15:18:26|jis871125|루피|장인의강화(40054)|1|5000|12610000
2021-04-17 15:18:27|jis871125|루피|장인의강화(40054)|1|5000|12605000
2021-04-17 15:18:28|jis871125|루피|장인의강화(40054)|1|5000|12600000
2021-04-17 15:18:28|jis871125|루피|장인의강화(40054)|1|5000|12595000
2021-04-17 15:18:29|jis871125|루피|장인의강화(40054)|1|5000|12590000
2021-04-17 15:23:27|qusrud11|여포왕|장인의강화(40054)|1|5000|34200
2021-04-17 15:23:42|qusrud11|여포왕|장인의강화(40054)|1|5000|29200
2021-04-17 15:24:02|qusrud11|여포왕|장인의강화(40054)|1|5000|24200
2021-04-17 15:24:42|qusrud11|여포왕|장인의강화(40054)|1|5000|19200
2021-04-17 15:29:10|qusrud11|여포왕|VIP POINT 50000＄(21116)|1|50000|69200
2021-04-17 15:33:16|qusrud11|여포왕|맘모스쿠폰(40050)|1|4900|64300
2021-04-17 15:33:17|qusrud11|여포왕|맘모스쿠폰(40050)|1|4900|59400
2021-04-17 15:33:18|qusrud11|여포왕|맘모스쿠폰(40050)|1|4900|54500
2021-04-17 15:33:19|qusrud11|여포왕|맘모스쿠폰(40050)|1|4900|49600
2021-04-17 15:33:20|qusrud11|여포왕|맘모스쿠폰(40050)|1|4900|44700
2021-04-17 15:33:43|qusrud11|여포왕|맘모스쿠폰(40050)|1|4900|39800
2021-04-17 15:33:45|qusrud11|여포왕|맘모스쿠폰(40050)|1|4900|34900
2021-04-17 15:33:46|qusrud11|여포왕|맘모스쿠폰(40050)|1|4900|30000
2021-04-17 15:34:34|insub77730|카키|경험치 구슬(100507)|1|2000|4642700
2021-04-17 15:34:35|insub77730|카키|경험치 구슬(100507)|1|2000|4640700
2021-04-17 15:34:37|insub77730|카키|경험치 구슬(100507)|1|2000|4638700
2021-04-17 15:35:11|qusrud11|여포왕|맘모스쿠폰(40050)|1|4900|25100
2021-04-17 15:35:12|qusrud11|여포왕|맘모스쿠폰(40050)|1|4900|20200
2021-04-17 15:35:13|qusrud11|여포왕|맘모스쿠폰(40050)|1|4900|15300
2021-04-17 15:35:52|insub77730|카키|Lv4페트 통조림(46018)|1|5000|4633700
2021-04-17 16:59:35|ds0516|피맛|맘모스쿠폰(40050)|1|4900|28600
2021-04-17 16:59:37|ds0516|피맛|맘모스쿠폰(40050)|1|4900|23700
2021-04-17 16:59:38|ds0516|피맛|맘모스쿠폰(40050)|1|4900|18800
2021-04-17 16:59:39|ds0516|피맛|맘모스쿠폰(40050)|1|4900|13900
2021-04-17 16:59:41|ds0516|피맛|맘모스쿠폰(40050)|1|4900|9000
2021-04-17 16:59:42|ds0516|피맛|맘모스쿠폰(40050)|1|4900|4100
2021-04-17 17:20:16|||경험치 구슬(교불)(100508)|1|3|1
2021-04-17 18:03:02|jis8711255|핸콕|Lv4페트 통조림(46018)|1|5000|12217100
2021-04-17 18:36:52|||경험치 구슬(교불)(100508)|1|5|45
2021-04-17 18:36:54|||경험치 구슬(교불)(100508)|1|5|40
2021-04-17 18:36:55|||경험치 구슬(교불)(100508)|1|5|35
2021-04-17 18:36:56|||경험치 구슬(교불)(100508)|1|5|30
2021-04-17 18:36:58|||경험치 구슬(교불)(100508)|1|5|25
2021-04-17 18:36:59|||경험치 구슬(교불)(100508)|1|5|20
2021-04-17 18:37:00|||경험치 구슬(교불)(100508)|1|5|15
2021-04-17 18:37:01|||경험치 구슬(교불)(100508)|1|5|10
2021-04-17 18:37:02|||경험치 구슬(교불)(100508)|1|5|5
2021-04-17 18:37:04|||경험치 구슬(교불)(100508)|1|5|0
2021-04-17 18:37:25|||경험치 구슬(교불)(100508)|1|5|45
2021-04-17 18:37:26|||경험치 구슬(교불)(100508)|1|5|40
2021-04-17 18:37:27|||경험치 구슬(교불)(100508)|1|5|35
2021-04-17 18:37:28|||경험치 구슬(교불)(100508)|1|5|30
2021-04-17 18:37:30|||경험치 구슬(교불)(100508)|1|5|25
2021-04-17 18:37:31|||경험치 구슬(교불)(100508)|1|5|20
2021-04-17 18:37:33|||경험치 구슬(교불)(100508)|1|5|15
2021-04-17 18:37:34|||경험치 구슬(교불)(100508)|1|5|10
2021-04-17 18:37:35|||경험치 구슬(교불)(100508)|1|5|5
2021-04-17 18:37:37|||경험치 구슬(교불)(100508)|1|5|0
2021-04-17 19:10:21|insub77730|카키|진화열매(45009)|1|15000|4618700
2021-04-17 19:10:44|insub77730|카키|Lv4페트 통조림(46018)|1|5000|4613700
2021-04-17 20:50:37|smn0302|차|VIP POINT 50000＄(21116)|1|50000|400
2021-04-17 21:11:07|||경험치 구슬(교불)(100508)|1|5|196
2021-04-17 21:11:08|||경험치 구슬(교불)(100508)|1|5|191
2021-04-17 21:11:09|||경험치 구슬(교불)(100508)|1|5|186
2021-04-17 21:11:11|||경험치 구슬(교불)(100508)|1|5|181
2021-04-17 21:11:13|||경험치 구슬(교불)(100508)|1|5|176
2021-04-17 21:11:14|||경험치 구슬(교불)(100508)|1|5|171
2021-04-17 21:11:16|||경험치 구슬(교불)(100508)|1|5|166
2021-04-17 21:11:18|||경험치 구슬(교불)(100508)|1|5|161
2021-04-17 21:11:19|||경험치 구슬(교불)(100508)|1|5|156
2021-04-17 21:11:25|||경험치 구슬(교불)(100508)|1|5|151
2021-04-17 21:11:26|||경험치 구슬(교불)(100508)|1|5|146
2021-04-17 21:11:38|||경험치 구슬(교불)(100508)|1|5|141
2021-04-17 21:11:39|||경험치 구슬(교불)(100508)|1|5|136
2021-04-17 21:11:41|||경험치 구슬(교불)(100508)|1|5|131
2021-04-17 21:11:42|||경험치 구슬(교불)(100508)|1|5|126
2021-04-17 21:11:43|||경험치 구슬(교불)(100508)|1|5|121
2021-04-17 21:41:48|yonghaboy|동그랑땡|다크바로스호리병(40147)|1|6900|36200
2021-04-17 21:49:33|jis871125|루피|맘모스쿠폰(40050)|1|4900|12695100
2021-04-17 21:49:35|jis871125|루피|맘모스쿠폰(40050)|1|4900|12690200
2021-04-17 21:49:36|jis871125|루피|맘모스쿠폰(40050)|1|4900|12685300
2021-04-17 22:05:56|jis8711255|핸콕|맘모스쿠폰(40050)|1|4900|12212200
2021-04-17 22:05:58|jis8711255|핸콕|맘모스쿠폰(40050)|1|4900|12207300
2021-04-17 22:05:59|jis8711255|핸콕|맘모스쿠폰(40050)|1|4900|12202400
2021-04-17 22:06:01|jis8711255|핸콕|맘모스쿠폰(40050)|1|4900|12197500
2021-04-17 22:06:02|jis8711255|핸콕|맘모스쿠폰(40050)|1|4900|12192600
2021-04-17 22:07:31|jis8711255|핸콕|Lv4페트 통조림(46018)|1|5000|12187600
2021-04-17 22:10:24|insub77730|카키|경험치 구슬(100507)|1|2000|4611700
2021-04-17 22:10:25|insub77730|카키|경험치 구슬(100507)|1|2000|4609700
2021-04-17 22:10:28|insub77730|카키|경험치 구슬(100507)|1|2000|4607700
2021-04-17 22:46:53|||30만스톤 수표(100033)|1|4|49
2021-04-17 22:46:54|||30만스톤 수표(100033)|1|4|45
2021-04-17 22:46:56|||30만스톤 수표(100033)|1|4|41
2021-04-17 22:46:57|||30만스톤 수표(100033)|1|4|37
2021-04-17 22:46:58|||30만스톤 수표(100033)|1|4|33
2021-04-17 22:47:00|||30만스톤 수표(100033)|1|4|29
2021-04-17 22:47:01|||30만스톤 수표(100033)|1|4|25
2021-04-17 22:47:02|||30만스톤 수표(100033)|1|4|21
2021-04-17 22:47:04|||30만스톤 수표(100033)|1|4|17
2021-04-17 22:47:05|||30만스톤 수표(100033)|1|4|13
2021-04-17 22:52:21|||경험치 구슬(교불)(100508)|1|5|82
2021-04-17 22:52:22|||경험치 구슬(교불)(100508)|1|5|77
2021-04-17 22:58:43|a6464|하이|맘모스쿠폰(40050)|1|4900|46200
2021-04-17 22:58:44|a6464|하이|맘모스쿠폰(40050)|1|4900|41300
2021-04-17 22:58:46|a6464|하이|맘모스쿠폰(40050)|1|4900|36400
2021-04-17 22:58:48|a6464|하이|맘모스쿠폰(40050)|1|4900|31500
2021-04-17 22:58:49|a6464|하이|맘모스쿠폰(40050)|1|4900|26600
2021-04-17 22:59:41|a6464|하이|맘모스쿠폰(40050)|1|4900|21700
2021-04-17 22:59:42|a6464|하이|맘모스쿠폰(40050)|1|4900|16800
2021-04-17 22:59:44|a6464|하이|맘모스쿠폰(40050)|1|4900|11900
2021-04-17 23:00:43|a6464|하이|맘모스쿠폰(40050)|1|4900|7000
2021-04-17 23:00:44|a6464|하이|맘모스쿠폰(40050)|1|4900|2100
2021-04-17 23:03:51|a6464|하이|맘모스쿠폰(40050)|1|4900|47200
2021-04-17 23:03:52|a6464|하이|맘모스쿠폰(40050)|1|4900|42300
2021-04-17 23:03:54|a6464|하이|맘모스쿠폰(40050)|1|4900|37400
2021-04-17 23:03:55|a6464|하이|맘모스쿠폰(40050)|1|4900|32500
2021-04-17 23:03:57|a6464|하이|맘모스쿠폰(40050)|1|4900|27600
2021-04-17 23:05:28|a6464|하이|맘모스쿠폰(40050)|1|4900|22700
2021-04-17 23:05:29|a6464|하이|맘모스쿠폰(40050)|1|4900|17800
2021-04-17 23:05:31|a6464|하이|맘모스쿠폰(40050)|1|4900|12900
2021-04-17 23:14:23|||페트초기화(25150)|1|8|215
2021-04-17 23:14:53|||페트초기화(25150)|1|8|207
2021-04-17 23:16:42|||페트초기화(25150)|1|8|199
2021-04-17 23:17:00|||페트초기화(25150)|1|8|207
2021-04-17 23:17:16|||페트초기화(25150)|1|8|199
2021-04-17 23:19:51|||페트초기화(25150)|1|8|191
2021-04-17 23:23:28|kyk9698|파랑|Lv4페트 통조림(46018)|1|5000|168100
2021-04-17 23:46:12|||30만스톤 수표(100033)|1|4|3
2021-04-17 23:52:18|||페트초기화(25150)|1|8|23
2021-04-17 23:53:44|||페트초기화(25150)|1|8|15
