2021-03-12 00:56:25|nozzle77|카카오|(-1)|1|0|0
2021-03-12 01:14:00|jis871125|루피|경험치 구슬(100507)|1|2000|255200
2021-03-12 01:14:02|jis871125|루피|경험치 구슬(100507)|1|2000|253200
2021-03-12 01:14:03|jis871125|루피|경험치 구슬(100507)|1|2000|251200
2021-03-12 01:14:14|kokopp345|나바리|3환생의도끼(100105)|1|2500|219600
2021-03-12 01:16:24|jis8711255|핸콕|경험치 구슬(100507)|1|2000|368300
2021-03-12 01:16:25|jis8711255|핸콕|경험치 구슬(100507)|1|2000|366300
2021-03-12 01:16:27|jis8711255|핸콕|경험치 구슬(100507)|1|2000|364300
2021-03-12 01:17:53|jis8711255|핸콕|3회창(94001)|1|30000|334300
2021-03-12 01:34:44|lkl8611|돌북이|울보소녀 상자(22119)|1|6900|199202
2021-03-12 01:42:24|a6464|하이|(-1)|1|0|0
2021-03-12 01:42:25|kokopp345|나바리|페가수스호리병(40141)|1|6900|212700
2021-03-12 01:56:50|kokopp345|나바리|페트초기화5개(25152)|1|4000|208700
2021-03-12 02:00:15|kokopp345|나바리|페가수스호리병(40141)|1|6900|201800
2021-03-12 02:03:21|kokopp345|나바리|페트초기화5개(25152)|1|4000|197800
2021-03-12 02:07:18|kokopp345|나바리|페가수스호리병(40141)|1|6900|190900
2021-03-12 02:07:30|kokopp345|나바리|페트초기화5개(25152)|1|4000|186900
2021-03-12 02:12:08|kokopp345|나바리|페가수스호리병(40141)|1|6900|180000
2021-03-12 02:13:45|kokopp345|나바리|페트초기화5개(25152)|1|4000|176000
2021-03-12 02:21:39|kokopp345|나바리|페가수스호리병(40141)|1|6900|169100
2021-03-12 02:35:43|kokopp345|나바리|페트초기화5개(25152)|1|4000|165100
2021-03-12 02:38:41|kokopp345|나바리|페가수스호리병(40141)|1|6900|158200
2021-03-12 02:43:20|kokopp345|나바리|페트초기화5개(25152)|1|4000|154200
2021-03-12 02:47:23|kokopp345|나바리|페가수스호리병(40141)|1|6900|147300
2021-03-12 02:49:08|kokopp345|나바리|페트초기화5개(25152)|1|4000|143300
2021-03-12 02:53:10|kokopp345|나바리|페가수스호리병(40141)|1|6900|136400
2021-03-12 02:56:26|kokopp345|나바리|페트초기화5개(25152)|1|4000|132400
2021-03-12 03:01:11|kokopp345|나바리|샤크론호리병(40133)|1|6900|125500
2021-03-12 03:04:19|kokopp345|나바리|페트초기화5개(25152)|1|4000|121500
2021-03-12 03:07:40|kokopp345|나바리|샤크론호리병(40133)|1|6900|114600
2021-03-12 03:09:41|kokopp345|나바리|페트초기화5개(25152)|1|4000|110600
2021-03-12 03:14:24|kokopp345|나바리|샤크론호리병(40133)|1|6900|103700
2021-03-12 04:51:14|destop123|짱구|3환생의도끼(100105)|1|2500|42100
2021-03-12 04:51:21|destop123|짱구|3환생의도끼(100105)|1|2500|39600
2021-03-12 07:36:21|qusrud11|여포왕|경험치 구슬(100507)|1|2000|23900
2021-03-12 08:04:12|blue101012|합동참모본부|(-1)|1|0|0
2021-03-12 08:04:37|blue101012|합동참모본부|(-1)|1|0|0
2021-03-12 11:51:07|kokopp345|나바리|3회창(94001)|1|30000|73700
2021-03-12 12:22:27|kyk9698|파랑|페트초기화5개(25152)|1|4000|21900
2021-03-12 12:22:29|kyk9698|파랑|페트초기화5개(25152)|1|4000|17900
2021-03-12 13:47:40|jis8711255|핸콕|경험치 구슬(100507)|1|2000|332300
2021-03-12 14:09:58|jis871125|루피|경험치 구슬(100507)|1|2000|249200
2021-03-12 14:13:24|janginsub|깡북이|불의성세트(47000)|1|40000|278300
2021-03-12 14:14:58|a6464|하이|샤크론호리병(40133)|1|6900|23100
2021-03-12 14:15:18|a6464|하이|샤크론호리병(40133)|1|6900|16200
2021-03-12 14:15:39|a6464|하이|샤크론호리병(40133)|1|6900|9300
2021-03-12 14:16:23|a6464|하이|페트초기화5개(25152)|1|4000|5300
2021-03-12 14:25:34|a6464|하이|페트초기화5개(25152)|1|4000|1300
2021-03-12 14:26:19|janginsub|깡북이|일반강화(40039)|1|1000|277300
2021-03-12 14:34:14|kokopp345|나바리|4환생의도끼(100106)|1|3000|70700
2021-03-12 14:34:15|kokopp345|나바리|4환생의도끼(100106)|1|3000|67700
2021-03-12 14:36:12|a6464|하이|페트초기화(25150)|1|1000|300
2021-03-12 14:37:50|janginsub|깡북이|불의성세트(47000)|1|40000|237300
2021-03-12 14:37:51|janginsub|깡북이|기계의성세트(47001)|1|40000|197300
2021-03-12 14:37:53|janginsub|깡북이|만모의성세트(47002)|1|40000|157300
2021-03-12 14:37:55|janginsub|깡북이|고통의미궁세트(47003)|1|60000|97300
2021-03-12 14:37:58|janginsub|깡북이|악몽의성세트(47004)|1|60000|37300
2021-03-12 14:38:31|janginsub|깡북이|심연의바다세트(47005)|1|60000|977300
2021-03-12 14:47:19|cm900|유혹|장인의강화(40054)|1|5000|6300
2021-03-12 14:47:50|cm900|유혹|일반강화(40039)|1|1000|5300
2021-03-12 14:47:52|cm900|유혹|일반강화(40039)|1|1000|4300
2021-03-12 14:47:53|cm900|유혹|일반강화(40039)|1|1000|3300
2021-03-12 14:47:57|cm900|유혹|일반강화(40039)|1|1000|2300
2021-03-12 14:48:26|cm900|유혹|일반강화(40039)|1|1000|1300
2021-03-12 14:48:28|cm900|유혹|일반강화(40039)|1|1000|300
2021-03-12 15:37:20|janginsub|깡북이|불의성세트(47000)|1|40000|937300
2021-03-12 15:54:38|qusrud11|여포왕|경험치 구슬(100507)|1|2000|21900
2021-03-12 15:54:40|qusrud11|여포왕|경험치 구슬(100507)|1|2000|19900
2021-03-12 16:32:09|a6464|하이|갈푸스호리병(40130)|1|6900|13400
2021-03-12 16:35:01|a6464|하이|갈푸스호리병(40130)|1|6900|6500
2021-03-12 16:37:31|a6464|하이|페트초기화5개(25152)|1|4000|2500
2021-03-12 16:43:34|a6464|하이|페트초기화(25150)|1|1000|1500
2021-03-12 16:43:36|a6464|하이|페트초기화(25150)|1|1000|500
2021-03-12 16:44:06|jis8711255|핸콕|경험치 구슬(100507)|1|2000|330300
2021-03-12 16:44:07|jis8711255|핸콕|경험치 구슬(100507)|1|2000|328300
2021-03-12 16:44:27|jis871125|루피|경험치 구슬(100507)|1|2000|247200
2021-03-12 16:44:29|jis871125|루피|경험치 구슬(100507)|1|2000|245200
2021-03-12 17:02:11|a6464|하이|갈푸스호리병(40130)|1|6900|43600
2021-03-12 17:02:33|a6464|하이|페트초기화5개(25152)|1|4000|39600
2021-03-12 17:03:48|a6464|하이|갈푸스호리병(40130)|1|6900|32700
2021-03-12 17:05:30|a6464|하이|페트초기화5개(25152)|1|4000|28700
2021-03-12 17:13:26|a6464|하이|갈푸스호리병(40130)|1|6900|21800
2021-03-12 17:17:49|a6464|하이|페트초기화5개(25152)|1|4000|17800
2021-03-12 17:21:17|a6464|하이|갈푸스호리병(40130)|1|6900|10900
2021-03-12 17:21:39|a6464|하이|페트초기화5개(25152)|1|4000|6900
2021-03-12 17:31:17|a6464|하이|갈푸스호리병(40130)|1|6900|0
2021-03-12 17:36:50|qusrud11|여포왕|경험치 구슬(100507)|1|2000|17900
2021-03-12 17:36:52|qusrud11|여포왕|경험치 구슬(100507)|1|2000|15900
2021-03-12 17:36:53|qusrud11|여포왕|경험치 구슬(100507)|1|2000|13900
2021-03-12 17:36:54|qusrud11|여포왕|경험치 구슬(100507)|1|2000|11900
2021-03-12 19:27:07|kby6328|노르곤2|경험치 구슬(100507)|1|2000|23000
2021-03-12 19:27:09|kby6328|노르곤2|경험치 구슬(100507)|1|2000|21000
2021-03-12 19:27:11|kby6328|노르곤2|경험치 구슬(100507)|1|2000|19000
2021-03-12 19:27:13|kby6328|노르곤2|경험치 구슬(100507)|1|2000|17000
2021-03-12 19:27:22|kby6325|오르곤|경험치 구슬(100507)|1|2000|23000
2021-03-12 19:27:23|kby6325|오르곤|경험치 구슬(100507)|1|2000|21000
2021-03-12 19:27:24|kby6325|오르곤|경험치 구슬(100507)|1|2000|19000
2021-03-12 19:27:26|kby6325|오르곤|경험치 구슬(100507)|1|2000|17000
2021-03-12 20:10:28|destop123|짱구|청룡호리병(40118)|1|6900|52700
2021-03-12 20:22:39|destop123|짱구|청룡호리병(40118)|1|6900|45800
2021-03-12 20:24:21|destop123|짱구|페트초기화(25150)|1|1000|44800
2021-03-12 20:27:38|destop123|짱구|청룡호리병(40118)|1|6900|37900
2021-03-12 20:36:24|axz0164|니니즈|경험치 구슬(100507)|1|2000|10000
2021-03-12 20:36:27|axz0164|니니즈|경험치 구슬(100507)|1|2000|8000
2021-03-12 20:36:29|axz0164|니니즈|경험치 구슬(100507)|1|2000|6000
2021-03-12 20:37:16|axz0164|니니즈|경험치 구슬(100507)|1|2000|4000
2021-03-12 20:37:18|axz0164|니니즈|경험치 구슬(100507)|1|2000|2000
2021-03-12 20:37:20|axz0164|니니즈|경험치 구슬(100507)|1|2000|0
2021-03-12 20:45:51|cm901|바람|(-1)|1|0|100
2021-03-12 21:01:37|cm900|유혹|티렉스호리병(40125)|1|6900|93400
2021-03-12 21:01:38|cm900|유혹|티렉스호리병(40125)|1|6900|86500
2021-03-12 21:02:33|cm900|유혹|페트초기화5개(25152)|1|4000|82500
2021-03-12 21:02:35|cm900|유혹|페트초기화5개(25152)|1|4000|78500
2021-03-12 21:02:57|destop123|짱구|4환생의도끼(100106)|1|3000|34900
2021-03-12 21:03:01|destop123|짱구|4환생의도끼(100106)|1|3000|31900
2021-03-12 21:14:38|cm900|유혹|메탈사로레전드호리병(40121)|1|6900|71600
2021-03-12 21:14:43|cm900|유혹|페트초기화5개(25152)|1|4000|67600
2021-03-12 21:27:26|cm900|유혹|카우거호리병(40134)|1|6900|60700
2021-03-12 21:27:35|cm900|유혹|페트초기화5개(25152)|1|4000|56700
2021-03-12 21:57:17|kby6328|노르곤2|100만스톤 수표(100041)|1|1000|16000
2021-03-12 22:09:42|kby6325|오르곤|100만스톤 수표(100041)|1|1000|16000
2021-03-12 22:57:28|jis8711255|핸콕|2환생의도끼(100104)|1|2000|326300
2021-03-12 22:57:35|jis871125|루피|3환생의도끼(100105)|1|2500|242700
2021-03-12 22:59:23|jis871125|루피|경험치 구슬(100507)|1|2000|240700
2021-03-12 22:59:24|jis871125|루피|경험치 구슬(100507)|1|2000|238700
2021-03-12 23:01:55|jis871125|루피|카우거호리병(40134)|1|6900|231800
2021-03-12 23:11:06|ho88|청룡|(-1)|1|0|0
2021-03-12 23:15:40|ho88|청룡|(-1)|1|0|0
2021-03-12 23:45:28|kyk9698|파랑|Lv4페트 통조림(46018)|1|5000|12900
2021-03-12 23:57:23|kokopp345|나바리|5환생의도끼(100107)|1|4000|63700
2021-03-12 23:57:25|kokopp345|나바리|5환생의도끼(100107)|1|4000|59700
