2021-04-09 01:12:05|||노르가르호리병(40155)|1|15|123
2021-04-09 01:12:15|||노르가르호리병(40155)|1|15|123
2021-04-09 01:18:24|||갈푸스퀘 깃털(100130)|1|4|10
2021-04-09 01:18:26|||갈푸스퀘 깃털(100130)|1|4|6
2021-04-09 01:18:27|||갈푸스퀘 깃털(100130)|1|4|2
2021-04-09 01:18:33|||갈푸스퀘 깃털(100130)|1|4|21
2021-04-09 01:18:35|||갈푸스퀘 깃털(100130)|1|4|17
2021-04-09 01:18:35|||갈푸스퀘 깃털(100130)|1|4|13
2021-04-09 08:12:14|jjiy666|땡미|(-1)|1|0|0
2021-04-09 08:12:29|jjiy666|땡미|(-1)|1|0|0
2021-04-09 08:12:51|jjiy666|땡미|(-1)|1|0|0
2021-04-09 08:13:05|jjiy666|땡미|(-1)|1|0|0
2021-04-09 08:14:22|jjiy666|땡미|(-1)|1|0|0
2021-04-09 09:40:36|||경험치 구슬(교불)(100508)|1|5|8
2021-04-09 09:40:37|||경험치 구슬(교불)(100508)|1|5|3
2021-04-09 09:40:42|||경험치 구슬(교불)(100508)|1|5|10
2021-04-09 09:40:43|||경험치 구슬(교불)(100508)|1|5|5
2021-04-09 09:53:51|||경험치 구슬(교불)(100508)|1|5|10
2021-04-09 09:53:52|||경험치 구슬(교불)(100508)|1|5|5
2021-04-09 09:53:53|||경험치 구슬(교불)(100508)|1|5|0
2021-04-09 09:55:20|||경험치 구슬(교불)(100508)|1|5|7
2021-04-09 09:55:22|||경험치 구슬(교불)(100508)|1|5|2
2021-04-09 11:42:58|lkl8611|돌북이|거울의 목걸이(98000)|1|20000|74603
2021-04-09 12:32:52|||페트초기화(25150)|1|8|0
2021-04-09 12:33:38|||페트초기화(25150)|1|8|0
2021-04-09 12:58:54|||갈푸스퀘 깃털(100130)|1|4|90
2021-04-09 12:58:56|||갈푸스퀘 깃털(100130)|1|4|86
2021-04-09 12:58:57|||갈푸스퀘 깃털(100130)|1|4|82
2021-04-09 12:58:59|||갈푸스퀘 깃털(100130)|1|4|78
2021-04-09 12:59:00|||갈푸스퀘 깃털(100130)|1|4|74
2021-04-09 12:59:08|||갈푸스퀘 깃털(100130)|1|4|72
2021-04-09 12:59:09|||갈푸스퀘 깃털(100130)|1|4|68
2021-04-09 12:59:10|||갈푸스퀘 깃털(100130)|1|4|64
2021-04-09 12:59:12|||갈푸스퀘 깃털(100130)|1|4|60
2021-04-09 12:59:13|||갈푸스퀘 깃털(100130)|1|4|56
2021-04-09 16:07:23|||모가로스호리병(40160)|1|15|116
2021-04-09 16:07:30|||모가로스호리병(40160)|1|15|116
2021-04-09 17:52:24|||경험치 구슬(교불)(100508)|1|3|21
2021-04-09 19:24:54|||경험치 구슬(교불)(100508)|1|5|26
2021-04-09 19:24:55|||경험치 구슬(교불)(100508)|1|5|21
2021-04-09 19:24:57|||경험치 구슬(교불)(100508)|1|5|16
2021-04-09 19:24:58|||경험치 구슬(교불)(100508)|1|5|11
2021-04-09 19:24:59|||경험치 구슬(교불)(100508)|1|5|6
2021-04-09 19:25:00|||경험치 구슬(교불)(100508)|1|5|1
2021-04-09 19:25:24|||경험치 구슬(교불)(100508)|1|5|26
2021-04-09 19:25:25|||경험치 구슬(교불)(100508)|1|5|21
2021-04-09 19:25:27|||경험치 구슬(교불)(100508)|1|5|16
2021-04-09 19:25:28|||경험치 구슬(교불)(100508)|1|5|11
2021-04-09 19:25:29|||경험치 구슬(교불)(100508)|1|5|6
2021-04-09 19:25:30|||경험치 구슬(교불)(100508)|1|5|1
2021-04-09 19:33:35|||경험치 구슬(교불)(100508)|1|5|2
2021-04-09 19:35:56|||갈푸스퀘 깃털(100130)|1|4|29
2021-04-09 19:35:57|||갈푸스퀘 깃털(100130)|1|4|25
2021-04-09 19:36:06|||갈푸스퀘 깃털(100130)|1|4|30
2021-04-09 19:36:07|||갈푸스퀘 깃털(100130)|1|4|26
2021-04-09 19:40:40|||갈푸스퀘 깃털(100130)|1|4|22
2021-04-09 19:40:46|||갈푸스퀘 깃털(100130)|1|4|21
