2021-04-26 00:02:58|yy1212|연두|진화열매(45009)|1|15000|927600
2021-04-26 00:13:42|||경험치 구슬(교불)(100508)|1|3|16
2021-04-26 00:13:45|||경험치 구슬(교불)(100508)|1|3|13
2021-04-26 00:13:48|||경험치 구슬(교불)(100508)|1|3|10
2021-04-26 00:13:50|||경험치 구슬(교불)(100508)|1|3|7
2021-04-26 00:20:31|kyk9698|파랑|진화열매(45009)|1|15000|1008300
2021-04-26 07:48:40|||페트초기화(25150)|1|8|167
2021-04-26 07:48:55|||페트초기화(25150)|1|8|159
2021-04-26 07:49:12|||페트초기화(25150)|1|8|151
2021-04-26 07:49:26|||페트초기화(25150)|1|8|143
2021-04-26 09:11:04|qusrud11|여포왕|진화열매(45009)|1|15000|32400
2021-04-26 11:42:46|tjdwls819|로젱|VIP POINT 10000＄(21114)|1|10000|0
2021-04-26 12:21:13|insub77730|카키|3환생의도끼(100105)|1|2500|4499200
2021-04-26 12:25:23|insub77730|카키|페트초기화(25150)|1|1000|4498200
2021-04-26 12:50:42|kyk9698|파랑|Lv4페트 통조림(46018)|1|5000|1003300
2021-04-26 13:35:51|||경험치 구슬(교불)(100508)|1|3|19
2021-04-26 13:35:53|||경험치 구슬(교불)(100508)|1|3|16
2021-04-26 13:35:54|||경험치 구슬(교불)(100508)|1|3|13
2021-04-26 13:36:16|||경험치 구슬(교불)(100508)|1|3|19
2021-04-26 13:36:19|||경험치 구슬(교불)(100508)|1|3|16
2021-04-26 13:36:20|||경험치 구슬(교불)(100508)|1|3|13
2021-04-26 13:43:43|kyk9698|파랑|Lv4페트 통조림(46018)|1|5000|998300
2021-04-26 13:48:24|||갈푸스퀘 깃털(100130)|1|4|31
2021-04-26 13:48:28|||갈푸스퀘 깃털(100130)|1|4|27
2021-04-26 13:51:28|||갈푸스퀘 깃털(100130)|1|4|27
2021-04-26 13:51:34|||갈푸스퀘 깃털(100130)|1|4|23
2021-04-26 14:40:03|comic200|공|카오스보스박스(57701)|1|9900|91900
2021-04-26 14:40:04|comic200|공|카오스보스박스(57701)|1|9900|82000
2021-04-26 14:40:06|comic200|공|카오스보스박스(57701)|1|9900|72100
2021-04-26 14:40:07|comic200|공|카오스보스박스(57701)|1|9900|62200
2021-04-26 14:40:08|comic200|공|카오스보스박스(57701)|1|9900|52300
2021-04-26 14:41:09|comic200|공|카오스보스박스(57701)|1|9900|42400
2021-04-26 14:41:11|comic200|공|카오스보스박스(57701)|1|9900|32500
2021-04-26 14:41:43|comic200|공|진화열매(45009)|1|15000|17500
2021-04-26 14:41:45|comic200|공|진화열매(45009)|1|15000|2500
2021-04-26 15:13:13|insub77730|카키|4환생의도끼(100106)|1|3000|4495200
2021-04-26 15:24:29|insub77730|카키|흑풍호리병(40187)|1|6900|4488300
2021-04-26 15:25:46|insub77730|카키|Lv4페트 통조림(46018)|1|5000|4483300
2021-04-26 15:55:29|||경험치 구슬(교불)(100508)|1|3|0
2021-04-26 16:10:42|||돌북이호리병(40153)|1|15|161
2021-04-26 16:50:32|insub77730|카키|Lv4페트 통조림(46018)|1|5000|4478300
2021-04-26 17:33:48|a6464|하이|맘모스쿠폰(40050)|1|4900|45300
2021-04-26 17:33:50|a6464|하이|맘모스쿠폰(40050)|1|4900|40400
2021-04-26 17:33:52|a6464|하이|맘모스쿠폰(40050)|1|4900|35500
2021-04-26 17:33:54|a6464|하이|맘모스쿠폰(40050)|1|4900|30600
2021-04-26 17:33:56|a6464|하이|맘모스쿠폰(40050)|1|4900|25700
2021-04-26 17:33:58|a6464|하이|맘모스쿠폰(40050)|1|4900|20800
2021-04-26 17:33:59|a6464|하이|맘모스쿠폰(40050)|1|4900|15900
2021-04-26 17:34:02|a6464|하이|맘모스쿠폰(40050)|1|4900|11000
2021-04-26 17:34:05|a6464|하이|맘모스쿠폰(40050)|1|4900|6100
2021-04-26 18:25:32|||경험치 구슬(교불)(100508)|1|3|0
2021-04-26 18:48:16|insub77730|카키|5환생의도끼(100107)|1|4000|4474300
2021-04-26 18:49:39|insub77730|카키|Lv4페트 통조림(46018)|1|5000|4469300
2021-04-26 18:52:02|yy1212|연두|Lv4페트 통조림(46018)|1|5000|922600
2021-04-26 18:52:40|kyk9698|파랑|진화열매(45009)|1|15000|983300
2021-04-26 18:53:29|kyk9698|파랑|진화열매(45009)|1|15000|968300
2021-04-26 18:53:32|kyk9698|파랑|Lv4페트 통조림(46018)|1|5000|963300
2021-04-26 19:24:46|||갈푸스퀘 깃털(100130)|1|4|3
2021-04-26 19:35:45|yy1212|연두|진화열매(45009)|1|15000|907600
2021-04-26 19:50:28|smn0302|차|카오스보스박스(57701)|1|9900|14600
2021-04-26 19:50:32|smn0302|차|카오스보스박스(57701)|1|9900|4700
2021-04-26 20:15:21|||경험치 구슬(교불)(100508)|1|3|13
2021-04-26 20:15:22|||경험치 구슬(교불)(100508)|1|3|10
2021-04-26 20:15:29|||경험치 구슬(교불)(100508)|1|3|17
2021-04-26 20:15:30|||경험치 구슬(교불)(100508)|1|3|14
2021-04-26 21:29:20|insub77730|카키|6환생의도끼(100108)|1|5000|4464300
2021-04-26 21:30:59|insub77730|카키|Lv4페트 통조림(46018)|1|5000|4459300
2021-04-26 21:33:39|||페트초기화(25150)|1|8|6
2021-04-26 21:33:55|||페트초기화(25150)|1|8|46
2021-04-26 21:33:56|||페트초기화(25150)|1|8|38
2021-04-26 21:33:59|||페트초기화(25150)|1|8|30
2021-04-26 21:34:46|chemd89|지원사랑|진화열매(45009)|1|15000|40200
2021-04-26 21:35:21|||페트초기화(25150)|1|8|7
2021-04-26 21:41:44|ehwls1235|도진3|(-1)|1|0|0
2021-04-26 21:52:47|chemd89|지원사랑|페트초기화(25150)|1|1000|39200
2021-04-26 21:54:35|chemd89|지원사랑|페트초기화(25150)|1|1000|38200
2021-04-26 21:56:27|chemd89|지원사랑|페트초기화5개(25152)|1|4000|34200
2021-04-26 22:07:51|ds0516|피맛|카오스보스박스(57701)|1|9900|13800
2021-04-26 22:07:52|ds0516|피맛|카오스보스박스(57701)|1|9900|3900
2021-04-26 22:14:58|||경험치 구슬(교불)(100508)|1|5|11
2021-04-26 22:15:02|||경험치 구슬(교불)(100508)|1|5|6
2021-04-26 22:15:05|||경험치 구슬(교불)(100508)|1|5|1
2021-04-26 22:17:14|chemd89|지원사랑|골드드래곤호리병(40142)|1|6900|27300
2021-04-26 22:17:46|||경험치 구슬(교불)(100508)|1|5|12
2021-04-26 22:17:48|||경험치 구슬(교불)(100508)|1|5|7
2021-04-26 22:17:50|||경험치 구슬(교불)(100508)|1|5|2
2021-04-26 22:58:31|kyk9698|파랑|Lv4페트 통조림(46018)|1|5000|958300
2021-04-26 22:59:56|yy1212|연두|Lv4페트 통조림(46018)|1|5000|902600
