2021-06-06 00:06:22|sogd102|박크롱|맘모스쿠폰(40050)|1|4900|18200
2021-06-06 00:06:24|sogd102|박크롱|맘모스쿠폰(40050)|1|4900|13300
2021-06-06 00:06:25|sogd102|박크롱|맘모스쿠폰(40050)|1|4900|8400
2021-06-06 00:06:26|sogd102|박크롱|맘모스쿠폰(40050)|1|4900|3500
2021-06-06 02:48:38|ldl0220|이정호|맘모스쿠폰(40050)|1|4900|24900
2021-06-06 07:31:06|||13VP뽑기박스(67003)|1|13|20
2021-06-06 09:33:12|||10VP뽑기박스(67002)|1|10|37
2021-06-06 09:33:15|||10VP뽑기박스(67002)|1|10|27
2021-06-06 09:33:18|||10VP뽑기박스(67002)|1|10|17
2021-06-06 09:33:22|||10VP뽑기박스(67002)|1|10|7
2021-06-06 09:34:59|||10VP뽑기박스(67002)|1|10|13
2021-06-06 09:35:02|||10VP뽑기박스(67002)|1|10|3
2021-06-06 09:55:07|skw4175|청춘|VIP POINT 10000＄(21114)|1|10000|60000
2021-06-06 09:55:09|skw4175|청춘|VIP POINT 10000＄(21114)|1|10000|50000
2021-06-06 10:36:22|||50RP뽑기박스(67001)|1|50|7
2021-06-06 10:36:27|||10VP뽑기박스(67002)|1|10|22
2021-06-06 11:07:18|skw4175|청춘|VIP POINT 10000＄(21114)|1|10000|40000
2021-06-06 15:20:09|ldl0220|이정호|황금자루(25151)|1|15000|9900
2021-06-06 17:14:50|||30RP뽑기박스(67000)|1|30|1
2021-06-06 20:44:03|ldl0220|이정호|VIP POINT 3000＄(21112)|1|3000|6900
2021-06-06 20:44:04|ldl0220|이정호|VIP POINT 1000＄(21111)|1|1000|5900
2021-06-06 20:44:58|leesuhyun|먹보|맘모스쿠폰(40050)|1|4900|200
2021-06-06 20:59:03|ldl0220|이정호|VIP POINT 50000＄(21116)|1|50000|15900
2021-06-06 20:59:05|ldl0220|이정호|VIP POINT 10000＄(21114)|1|10000|5900
2021-06-06 20:59:07|ldl0220|이정호|VIP POINT 5000＄(21113)|1|5000|900
