2021-04-24 00:00:14|||페트초기화(25150)|1|8|26
2021-04-24 00:01:12|||페트초기화(25150)|1|8|24
2021-04-24 00:06:07|gocks170614|정또노|카오스보스박스(57701)|1|9900|87900
2021-04-24 00:06:08|gocks170614|정또노|카오스보스박스(57701)|1|9900|78000
2021-04-24 00:06:32|gocks170614|정또노|카오스보스박스(57701)|1|9900|68100
2021-04-24 00:06:33|gocks170614|정또노|카오스보스박스(57701)|1|9900|58200
2021-04-24 00:06:49|gocks170614|정또노|카오스보스박스(57701)|1|9900|48300
2021-04-24 00:06:50|gocks170614|정또노|카오스보스박스(57701)|1|9900|38400
2021-04-24 00:07:15|gocks170614|정또노|카오스보스박스(57701)|1|9900|28500
2021-04-24 00:07:16|gocks170614|정또노|카오스보스박스(57701)|1|9900|18600
2021-04-24 00:08:22|gocks170614|정또노|카오스보스박스(57701)|1|9900|8700
2021-04-24 00:18:58|||경험치 구슬(교불)(100508)|1|3|0
2021-04-24 00:19:04|||경험치 구슬(교불)(100508)|1|3|7
2021-04-24 00:19:07|||경험치 구슬(교불)(100508)|1|3|4
2021-04-24 00:19:09|||경험치 구슬(교불)(100508)|1|3|1
2021-04-24 00:22:16|||경험치 구슬(교불)(100508)|1|3|7
2021-04-24 00:22:18|||경험치 구슬(교불)(100508)|1|3|4
2021-04-24 00:22:20|||경험치 구슬(교불)(100508)|1|3|1
2021-04-24 00:40:04|||경험치 구슬(교불)(100508)|1|5|1
2021-04-24 01:12:59|||모가로스호리병(40160)|1|15|0
2021-04-24 01:28:30|||돌북이호리병(40153)|1|15|7
2021-04-24 03:04:07|||경험치 구슬(교불)(100508)|1|5|439
2021-04-24 03:04:08|||경험치 구슬(교불)(100508)|1|5|434
2021-04-24 09:49:53|qusrud11|여포왕|Lv4페트 통조림(46018)|1|5000|4400
2021-04-24 10:41:53|yy1212|연두|진화열매(45009)|1|15000|37600
2021-04-24 10:41:54|yy1212|연두|진화열매(45009)|1|15000|22600
2021-04-24 10:42:00|kyk9698|파랑|진화열매(45009)|1|15000|113100
2021-04-24 10:42:02|kyk9698|파랑|진화열매(45009)|1|15000|98100
2021-04-24 10:44:39|kyk9698|파랑|Lv4페트 통조림(46018)|1|5000|93100
2021-04-24 10:47:36|yy1212|연두|Lv4페트 통조림(46018)|1|5000|17600
2021-04-24 10:55:36|||경험치 구슬(교불)(100508)|1|3|9
2021-04-24 10:55:37|||경험치 구슬(교불)(100508)|1|3|6
2021-04-24 10:55:39|||경험치 구슬(교불)(100508)|1|3|3
2021-04-24 10:55:40|||경험치 구슬(교불)(100508)|1|3|0
2021-04-24 11:22:22|gocks170614|정또노|VIP페트2차뽑기박스(40203)|1|7900|800
2021-04-24 12:21:16|||돌북이호리병(40153)|1|15|0
2021-04-24 12:22:08|||돌북이호리병(40153)|1|15|0
2021-04-24 12:39:44|yonghaboy|동그랑땡|카오스SD박스(57700)|1|9900|28300
2021-04-24 12:41:21|yonghaboy|동그랑땡|카오스보스박스(57701)|1|9900|18400
2021-04-24 13:43:31|||경험치 구슬(교불)(100508)|1|3|14
2021-04-24 14:09:27|||30만스톤 수표(100033)|1|4|13
2021-04-24 14:09:34|||경험치 구슬(교불)(100508)|1|3|10
2021-04-24 15:24:25|||돌북이호리병(40153)|1|15|2
2021-04-24 16:15:01|jsw1195|불량소년|VIP POINT 10000＄(21114)|1|10000|10000
2021-04-24 16:15:03|jsw1195|불량소년|VIP POINT 10000＄(21114)|1|10000|0
2021-04-24 17:15:08|mimi4548|진.|다크바로스호리병(40147)|1|6900|3100
2021-04-24 18:49:54|||30만스톤 수표(100033)|1|4|8
2021-04-24 18:49:56|||30만스톤 수표(100033)|1|4|4
2021-04-24 18:49:57|||30만스톤 수표(100033)|1|4|0
2021-04-24 18:52:37|||경험치 구슬(교불)(100508)|1|3|36
2021-04-24 18:52:47|||경험치 구슬(교불)(100508)|1|3|33
2021-04-24 19:56:16|kyk9698|파랑|Lv4페트 통조림(46018)|1|5000|88100
2021-04-24 20:23:57|||30만스톤 수표(100033)|1|4|8
2021-04-24 20:23:59|||경험치 구슬(교불)(100508)|1|3|5
2021-04-24 20:24:13|||경험치 구슬(교불)(100508)|1|3|2
2021-04-24 20:35:33|||경험치 구슬(교불)(100508)|1|5|26
2021-04-24 20:35:34|||경험치 구슬(교불)(100508)|1|5|21
2021-04-24 20:35:35|||경험치 구슬(교불)(100508)|1|5|16
2021-04-24 20:35:36|||경험치 구슬(교불)(100508)|1|5|11
2021-04-24 20:35:36|||경험치 구슬(교불)(100508)|1|5|6
2021-04-24 20:35:47|||경험치 구슬(교불)(100508)|1|5|1
2021-04-24 20:35:57|||경험치 구슬(교불)(100508)|1|5|26
2021-04-24 20:35:58|||경험치 구슬(교불)(100508)|1|5|21
2021-04-24 20:36:00|||경험치 구슬(교불)(100508)|1|5|16
2021-04-24 20:36:01|||경험치 구슬(교불)(100508)|1|5|11
2021-04-24 20:36:04|||경험치 구슬(교불)(100508)|1|5|6
2021-04-24 20:36:05|||경험치 구슬(교불)(100508)|1|5|1
2021-04-24 21:25:55|mimi4548|진.|경험치 구슬(100507)|1|2000|1100
2021-04-24 21:49:40|||페트초기화(25150)|1|8|25
2021-04-24 21:50:02|||경험치 구슬(교불)(100508)|1|5|362
2021-04-24 21:50:08|wg9400|光明|카오스보스박스(57701)|1|9900|24900
2021-04-24 21:50:10|wg9400|光明|카오스보스박스(57701)|1|9900|15000
2021-04-24 21:50:12|wg9400|光明|카오스보스박스(57701)|1|9900|5100
2021-04-24 21:50:14|wg9400|光明|맘모스쿠폰(40050)|1|4900|200
2021-04-24 22:06:03|yy1212|연두|Lv4페트 통조림(46018)|1|5000|12600
2021-04-24 22:09:49|||페트초기화(25150)|1|8|17
2021-04-24 22:22:58|||돌북이호리병(40153)|1|15|6
2021-04-24 22:39:23|||페트초기화(25150)|1|8|9
2021-04-24 23:18:04|||페트초기화(25150)|1|8|157
2021-04-24 23:18:05|||페트초기화(25150)|1|8|149
2021-04-24 23:18:07|||페트초기화(25150)|1|8|141
2021-04-24 23:18:08|||페트초기화(25150)|1|8|133
2021-04-24 23:52:50|chemd89|지원사랑|카오스보스박스(57701)|1|9900|111900
2021-04-24 23:52:51|chemd89|지원사랑|카오스보스박스(57701)|1|9900|102000
2021-04-24 23:52:55|chemd89|지원사랑|카오스보스박스(57701)|1|9900|92100
