2021-04-01 00:10:34|ds0516|피맛|VIP페트뽑기박스(40196)|1|7900|22100
2021-04-01 00:10:46|ds0516|피맛|VIP페트뽑기박스(40196)|1|7900|14200
2021-04-01 00:11:13|ds0516|피맛|맘모스쿠폰(40050)|1|4900|9300
2021-04-01 00:11:15|ds0516|피맛|맘모스쿠폰(40050)|1|4900|4400
2021-04-01 03:08:17|jys123|대장|(-1)|1|0|0
2021-04-01 03:08:25|jys123|대장|(-1)|1|0|0
2021-04-01 03:08:27|jys123|대장|(-1)|1|0|0
2021-04-01 03:08:29|jys123|대장|(-1)|1|0|0
2021-04-01 03:08:30|jys123|대장|(-1)|1|0|0
2021-04-01 03:38:38|ds0516|피맛|페트초기화5개(25152)|1|4000|400
2021-04-01 07:42:16|||경험치 구슬(교불)(100508)|1|5|65
2021-04-01 07:42:18|||경험치 구슬(교불)(100508)|1|5|60
2021-04-01 07:42:19|||경험치 구슬(교불)(100508)|1|5|55
2021-04-01 07:42:20|||경험치 구슬(교불)(100508)|1|5|50
2021-04-01 07:42:21|||경험치 구슬(교불)(100508)|1|5|45
2021-04-01 07:42:22|||경험치 구슬(교불)(100508)|1|5|40
2021-04-01 07:42:38|||페트초기화(25150)|1|8|65
2021-04-01 07:42:40|||페트초기화(25150)|1|8|57
2021-04-01 07:42:41|||페트초기화(25150)|1|8|49
2021-04-01 07:42:45|||경험치 구슬(교불)(100508)|1|5|45
2021-04-01 07:42:46|||경험치 구슬(교불)(100508)|1|5|40
2021-04-01 07:42:48|||경험치 구슬(교불)(100508)|1|5|35
2021-04-01 07:42:49|||경험치 구슬(교불)(100508)|1|5|30
2021-04-01 07:42:51|||경험치 구슬(교불)(100508)|1|5|25
2021-04-01 07:42:52|||경험치 구슬(교불)(100508)|1|5|20
2021-04-01 07:52:48|||페트초기화(25150)|1|8|41
2021-04-01 07:52:50|||페트초기화(25150)|1|8|33
2021-04-01 07:55:34|||페트초기화(25150)|1|8|19
2021-04-01 07:55:51|||페트초기화(25150)|1|8|11
2021-04-01 08:32:22|comic200|공|맘모스쿠폰(40050)|1|4900|5100
2021-04-01 08:32:23|comic200|공|맘모스쿠폰(40050)|1|4900|200
2021-04-01 09:12:21|||경험치 구슬(교불)(100508)|1|5|410
2021-04-01 09:12:22|||경험치 구슬(교불)(100508)|1|5|405
2021-04-01 09:23:50|||경험치 구슬(교불)(100508)|1|3|12
2021-04-01 09:23:53|||경험치 구슬(교불)(100508)|1|3|9
2021-04-01 09:23:55|||경험치 구슬(교불)(100508)|1|3|6
2021-04-01 09:23:57|||경험치 구슬(교불)(100508)|1|3|3
2021-04-01 09:23:59|||경험치 구슬(교불)(100508)|1|3|0
2021-04-01 09:24:03|||경험치 구슬(교불)(100508)|1|3|14
2021-04-01 09:24:05|||경험치 구슬(교불)(100508)|1|3|11
2021-04-01 09:24:07|||경험치 구슬(교불)(100508)|1|3|8
2021-04-01 09:24:10|||경험치 구슬(교불)(100508)|1|3|5
2021-04-01 09:24:12|||경험치 구슬(교불)(100508)|1|3|2
2021-04-01 09:25:41|||경험치 구슬(교불)(100508)|1|5|0
2021-04-01 14:00:13|||경험치 구슬(교불)(100508)|1|3|31
2021-04-01 14:00:15|||경험치 구슬(교불)(100508)|1|3|28
2021-04-01 14:00:17|||경험치 구슬(교불)(100508)|1|3|25
2021-04-01 14:00:19|||경험치 구슬(교불)(100508)|1|3|22
2021-04-01 14:00:20|||경험치 구슬(교불)(100508)|1|3|19
2021-04-01 14:00:52|||경험치 구슬(교불)(100508)|1|3|31
2021-04-01 14:00:53|||경험치 구슬(교불)(100508)|1|3|28
2021-04-01 14:00:55|||경험치 구슬(교불)(100508)|1|3|25
2021-04-01 14:41:44|||고르가르호리병(40158)|1|15|4
2021-04-01 14:41:50|||베르가르호리병(40156)|1|15|10
2021-04-01 15:02:09|||모가로스호리병(40160)|1|15|3
2021-04-01 15:11:09|||페트초기화(25150)|1|8|2
2021-04-01 15:23:55|||30만스톤 수표(100033)|1|4|1
2021-04-01 15:24:01|||30만스톤 수표(100033)|1|4|7
2021-04-01 16:24:15|||모가로스호리병(40160)|1|15|42
2021-04-01 16:24:39|||모가로스호리병(40160)|1|15|35
2021-04-01 18:45:37|qusrud11|여포왕|VIP페트뽑기박스(40196)|1|7900|33900
2021-04-01 18:45:48|qusrud11|여포왕|VIP페트뽑기박스(40196)|1|7900|26000
2021-04-01 19:04:25|ipo1130|호박|다크바로스호리병(40147)|1|6900|13100
2021-04-01 19:04:41|ipo1130|호박|다크바로스호리병(40147)|1|6900|6200
2021-04-01 19:05:30|||경험치 구슬(교불)(100508)|1|5|80
2021-04-01 19:05:33|||경험치 구슬(교불)(100508)|1|5|75
2021-04-01 19:05:35|||경험치 구슬(교불)(100508)|1|5|70
2021-04-01 19:05:36|||경험치 구슬(교불)(100508)|1|5|65
2021-04-01 19:05:38|||경험치 구슬(교불)(100508)|1|5|60
2021-04-01 19:05:41|||경험치 구슬(교불)(100508)|1|5|55
2021-04-01 19:05:48|||경험치 구슬(교불)(100508)|1|5|77
2021-04-01 19:05:50|||경험치 구슬(교불)(100508)|1|5|72
2021-04-01 19:05:52|||경험치 구슬(교불)(100508)|1|5|67
2021-04-01 19:05:54|||경험치 구슬(교불)(100508)|1|5|62
2021-04-01 19:05:55|||경험치 구슬(교불)(100508)|1|5|57
2021-04-01 20:11:15|ipo1130|호박|맘모스쿠폰(40050)|1|4900|1300
2021-04-01 20:38:14|||30만스톤 수표(100033)|1|4|2
2021-04-01 20:41:01|||경험치 구슬(교불)(100508)|1|3|3
2021-04-01 20:41:03|||경험치 구슬(교불)(100508)|1|3|0
2021-04-01 20:41:09|||경험치 구슬(교불)(100508)|1|3|5
2021-04-01 20:41:11|||경험치 구슬(교불)(100508)|1|3|2
2021-04-01 21:28:02|||경험치 구슬(교불)(100508)|1|3|69
2021-04-01 21:28:05|||경험치 구슬(교불)(100508)|1|3|66
2021-04-01 21:28:06|||경험치 구슬(교불)(100508)|1|3|63
2021-04-01 21:28:08|||경험치 구슬(교불)(100508)|1|3|60
2021-04-01 21:28:15|||경험치 구슬(교불)(100508)|1|3|43
2021-04-01 21:28:17|||경험치 구슬(교불)(100508)|1|3|40
2021-04-01 21:28:19|||경험치 구슬(교불)(100508)|1|3|37
2021-04-01 21:28:21|||경험치 구슬(교불)(100508)|1|3|34
2021-04-01 21:28:38|||경험치 구슬(교불)(100508)|1|3|57
2021-04-01 21:28:39|||경험치 구슬(교불)(100508)|1|3|54
2021-04-01 21:28:41|||경험치 구슬(교불)(100508)|1|3|51
2021-04-01 21:28:49|||경험치 구슬(교불)(100508)|1|3|48
2021-04-01 21:28:51|||경험치 구슬(교불)(100508)|1|3|45
2021-04-01 21:28:53|||경험치 구슬(교불)(100508)|1|3|42
2021-04-01 21:28:55|||경험치 구슬(교불)(100508)|1|3|39
2021-04-01 21:28:56|||경험치 구슬(교불)(100508)|1|3|36
2021-04-01 21:28:58|||경험치 구슬(교불)(100508)|1|3|33
2021-04-01 21:29:09|||경험치 구슬(교불)(100508)|1|3|30
2021-04-01 21:29:15|||경험치 구슬(교불)(100508)|1|3|27
2021-04-01 21:29:21|||경험치 구슬(교불)(100508)|1|3|31
2021-04-01 21:29:22|||경험치 구슬(교불)(100508)|1|3|28
2021-04-01 21:29:24|||경험치 구슬(교불)(100508)|1|3|25
2021-04-01 21:29:25|||경험치 구슬(교불)(100508)|1|3|22
2021-04-01 21:29:33|||경험치 구슬(교불)(100508)|1|3|19
2021-04-01 21:29:35|||경험치 구슬(교불)(100508)|1|3|16
2021-04-01 21:29:36|||경험치 구슬(교불)(100508)|1|3|13
2021-04-01 21:29:38|||경험치 구슬(교불)(100508)|1|3|10
2021-04-01 21:29:52|||경험치 구슬(교불)(100508)|1|3|7
2021-04-01 21:29:54|||경험치 구슬(교불)(100508)|1|3|4
2021-04-01 21:30:08|||경험치 구슬(교불)(100508)|1|3|1
2021-04-01 21:31:40|smn0302|차|회복술 통조림(46021)|1|8000|400
2021-04-01 21:40:36|jis871125|루피|거울의 목걸이(98000)|1|20000|3009200
2021-04-01 22:04:12|||30만스톤 수표(100033)|1|4|1
2021-04-01 22:37:04|||경험치 구슬(교불)(100508)|1|5|10
2021-04-01 22:37:05|||경험치 구슬(교불)(100508)|1|5|5
2021-04-01 22:37:06|||경험치 구슬(교불)(100508)|1|5|0
2021-04-01 22:37:32|||경험치 구슬(교불)(100508)|1|5|20
2021-04-01 22:37:33|||경험치 구슬(교불)(100508)|1|5|15
2021-04-01 22:37:35|||경험치 구슬(교불)(100508)|1|5|10
2021-04-01 22:37:36|||경험치 구슬(교불)(100508)|1|5|5
2021-04-01 22:37:38|||경험치 구슬(교불)(100508)|1|5|0
2021-04-01 22:51:19|asdfg1031|예수|(-1)|1|0|0
2021-04-01 22:51:31|asdfg1031|예수|(-1)|1|0|0
2021-04-01 22:56:32|||고르가르호리병(40158)|1|15|19
2021-04-01 22:57:58|||모가로스호리병(40160)|1|15|16
2021-04-01 23:38:41|||모가로스호리병(40160)|1|15|4
