2021-03-27 00:07:38|||30만스톤 수표(100033)|1|4|13
2021-03-27 00:08:23|||30만스톤 수표(100033)|1|4|36
2021-03-27 00:09:20|homework13|오만의죄|3회창(94001)|1|30000|80000
2021-03-27 00:14:04|homework13|오만의죄|다크바로스호리병(40147)|1|6900|73100
2021-03-27 00:14:06|homework13|오만의죄|다크바로스호리병(40147)|1|6900|66200
2021-03-27 00:15:04|homework13|오만의죄|페트초기화5개(25152)|1|4000|62200
2021-03-27 00:24:44|homework13|오만의죄|티렉스호리병(40125)|1|6900|55300
2021-03-27 00:24:46|homework13|오만의죄|티렉스호리병(40125)|1|6900|48400
2021-03-27 00:25:30|homework13|오만의죄|갈푸스호리병(40130)|1|6900|41500
2021-03-27 00:25:32|homework13|오만의죄|갈푸스호리병(40130)|1|6900|34600
2021-03-27 00:26:50|homework13|오만의죄|골드드래곤호리병(40142)|1|6900|27700
2021-03-27 00:26:52|homework13|오만의죄|골드드래곤호리병(40142)|1|6900|20800
2021-03-27 00:27:12|homework13|오만의죄|페트초기화5개(25152)|1|4000|16800
2021-03-27 00:28:32|homework13|오만의죄|페트초기화5개(25152)|1|4000|12800
2021-03-27 00:30:52|||경험치 구슬(교불)(100508)|1|5|16
2021-03-27 00:30:53|||경험치 구슬(교불)(100508)|1|5|11
2021-03-27 00:30:55|||경험치 구슬(교불)(100508)|1|5|6
2021-03-27 00:30:55|||경험치 구슬(교불)(100508)|1|5|1
2021-03-27 00:31:05|||경험치 구슬(교불)(100508)|1|5|16
2021-03-27 00:31:06|||경험치 구슬(교불)(100508)|1|5|11
2021-03-27 00:31:07|||경험치 구슬(교불)(100508)|1|5|6
2021-03-27 00:31:08|||경험치 구슬(교불)(100508)|1|5|1
2021-03-27 00:55:52|ccs5656|추르|스피노호리병(40123)|1|6900|34800
2021-03-27 00:55:55|ccs5656|추르|스피노호리병(40123)|1|6900|27900
2021-03-27 00:56:30|ccs5656|추르|티렉스호리병(40125)|1|6900|21000
2021-03-27 00:56:33|ccs5656|추르|티렉스호리병(40125)|1|6900|14100
2021-03-27 01:04:33|to2532|리바이|(-1)|1|0|4100
2021-03-27 01:04:46|to2532|리바이|(-1)|1|0|4100
2021-03-27 01:05:41|ccs5656|추르|골드드래곤호리병(40142)|1|6900|7200
2021-03-27 01:05:43|ccs5656|추르|골드드래곤호리병(40142)|1|6900|300
2021-03-27 01:46:09|||경험치 구슬(교불)(100508)|1|5|23
2021-03-27 06:41:26|||경험치 구슬(교불)(100508)|1|5|6
2021-03-27 06:41:27|||경험치 구슬(교불)(100508)|1|5|1
2021-03-27 07:28:45|||블랙펄호리병(40154)|1|15|0
2021-03-27 07:30:17|hihoce|마루|(-1)|1|0|78100
2021-03-27 07:30:21|hihoce|마루|(-1)|1|0|78100
2021-03-27 07:30:22|hihoce|마루|(-1)|1|0|78100
2021-03-27 07:30:27|hihoce|마루|(-1)|1|0|78100
2021-03-27 09:22:04|||고르가르호리병(40158)|1|15|1
2021-03-27 10:28:35|||경험치 구슬(교불)(100508)|1|3|6
2021-03-27 10:28:38|||경험치 구슬(교불)(100508)|1|3|3
2021-03-27 10:28:40|||경험치 구슬(교불)(100508)|1|3|0
2021-03-27 10:30:47|||경험치 구슬(교불)(100508)|1|3|6
2021-03-27 10:30:49|||경험치 구슬(교불)(100508)|1|3|3
2021-03-27 10:30:51|||경험치 구슬(교불)(100508)|1|3|0
2021-03-27 10:52:11|||경험치 구슬(교불)(100508)|1|3|5
2021-03-27 10:52:14|||경험치 구슬(교불)(100508)|1|3|2
2021-03-27 11:30:40|||경험치 구슬(교불)(100508)|1|5|18
2021-03-27 11:30:42|||경험치 구슬(교불)(100508)|1|5|13
2021-03-27 11:30:43|||경험치 구슬(교불)(100508)|1|5|8
2021-03-27 11:30:48|||경험치 구슬(교불)(100508)|1|5|18
2021-03-27 11:30:49|||경험치 구슬(교불)(100508)|1|5|13
2021-03-27 11:30:50|||경험치 구슬(교불)(100508)|1|5|8
2021-03-27 12:33:13|jhy0329|심향|3회창(94001)|1|30000|80000
2021-03-27 12:34:22|jhy0329|심향|맘모스쿠폰(40050)|1|4900|75100
2021-03-27 12:34:23|jhy0329|심향|맘모스쿠폰(40050)|1|4900|70200
2021-03-27 12:34:25|jhy0329|심향|맘모스쿠폰(40050)|1|4900|65300
2021-03-27 12:34:26|jhy0329|심향|맘모스쿠폰(40050)|1|4900|60400
2021-03-27 12:34:28|jhy0329|심향|맘모스쿠폰(40050)|1|4900|55500
2021-03-27 12:34:29|jhy0329|심향|맘모스쿠폰(40050)|1|4900|50600
2021-03-27 12:34:31|jhy0329|심향|맘모스쿠폰(40050)|1|4900|45700
2021-03-27 12:34:39|jhy0329|심향|맘모스쿠폰(40050)|1|4900|40800
2021-03-27 12:34:40|jhy0329|심향|맘모스쿠폰(40050)|1|4900|35900
2021-03-27 12:34:41|jhy0329|심향|맘모스쿠폰(40050)|1|4900|31000
2021-03-27 12:38:10|jhy0329|심향|진화열매(45009)|1|15000|16000
2021-03-27 12:50:27|totorosa|와이|3회창(94001)|1|30000|200000
2021-03-27 12:51:17|totorosa|와이|3회창(94001)|1|30000|170000
2021-03-27 12:58:40|totorosa|와이|페가수스호리병(40141)|1|6900|163100
2021-03-27 12:59:50|totorosa|와이|크루거호리병(40135)|1|6900|156200
2021-03-27 13:01:15|totorosa|와이|카가로스호리병(40110)|1|6900|149300
2021-03-27 13:03:19|totorosa|와이|주작호리병(40116)|1|6900|142400
2021-03-27 13:05:43|homework13|오만의죄|진화열매(45009)|1|15000|107800
2021-03-27 13:05:44|homework13|오만의죄|진화열매(45009)|1|15000|92800
2021-03-27 13:05:45|homework13|오만의죄|진화열매(45009)|1|15000|77800
2021-03-27 13:05:47|homework13|오만의죄|진화열매(45009)|1|15000|62800
2021-03-27 13:05:48|homework13|오만의죄|진화열매(45009)|1|15000|47800
2021-03-27 13:05:49|homework13|오만의죄|진화열매(45009)|1|15000|32800
2021-03-27 13:05:50|homework13|오만의죄|진화열매(45009)|1|15000|17800
2021-03-27 13:05:51|homework13|오만의죄|진화열매(45009)|1|15000|2800
2021-03-27 14:12:32|kyk9698|파랑|진화열매(45009)|1|15000|445400
2021-03-27 14:12:33|kyk9698|파랑|진화열매(45009)|1|15000|430400
2021-03-27 14:14:15|kyk9698|파랑|Lv4페트 통조림(46018)|1|5000|425400
2021-03-27 14:17:44|||경험치 구슬(교불)(100508)|1|3|40
2021-03-27 14:17:54|||경험치 구슬(교불)(100508)|1|3|37
2021-03-27 14:17:56|||경험치 구슬(교불)(100508)|1|3|34
2021-03-27 14:18:07|||경험치 구슬(교불)(100508)|1|3|31
2021-03-27 14:18:20|yy1212|연두|맘모스쿠폰(40050)|1|4900|372500
2021-03-27 14:18:22|yy1212|연두|맘모스쿠폰(40050)|1|4900|367600
2021-03-27 14:18:23|yy1212|연두|맘모스쿠폰(40050)|1|4900|362700
2021-03-27 14:18:24|yy1212|연두|맘모스쿠폰(40050)|1|4900|357800
2021-03-27 14:18:25|||경험치 구슬(교불)(100508)|1|3|17
2021-03-27 14:18:25|yy1212|연두|맘모스쿠폰(40050)|1|4900|352900
2021-03-27 14:18:26|yy1212|연두|맘모스쿠폰(40050)|1|4900|348000
2021-03-27 14:18:28|yy1212|연두|맘모스쿠폰(40050)|1|4900|343100
2021-03-27 14:18:29|yy1212|연두|맘모스쿠폰(40050)|1|4900|338200
2021-03-27 14:18:30|yy1212|연두|맘모스쿠폰(40050)|1|4900|333300
2021-03-27 14:18:31|yy1212|연두|맘모스쿠폰(40050)|1|4900|328400
2021-03-27 14:18:31|||경험치 구슬(교불)(100508)|1|3|14
2021-03-27 14:44:32|dlgksmf1|리아트|맘모스쿠폰(40050)|1|4900|95100
2021-03-27 14:44:34|dlgksmf1|리아트|맘모스쿠폰(40050)|1|4900|90200
2021-03-27 14:44:35|dlgksmf1|리아트|맘모스쿠폰(40050)|1|4900|85300
2021-03-27 14:44:36|dlgksmf1|리아트|맘모스쿠폰(40050)|1|4900|80400
2021-03-27 14:44:37|dlgksmf1|리아트|맘모스쿠폰(40050)|1|4900|75500
2021-03-27 14:44:38|dlgksmf1|리아트|맘모스쿠폰(40050)|1|4900|70600
2021-03-27 14:44:40|dlgksmf1|리아트|맘모스쿠폰(40050)|1|4900|65700
2021-03-27 14:44:41|dlgksmf1|리아트|맘모스쿠폰(40050)|1|4900|60800
2021-03-27 14:44:42|dlgksmf1|리아트|맘모스쿠폰(40050)|1|4900|55900
2021-03-27 14:44:43|dlgksmf1|리아트|맘모스쿠폰(40050)|1|4900|51000
2021-03-27 14:44:54|dlgksmf1|리아트|황금자루(25151)|1|15000|36000
2021-03-27 14:45:01|dlgksmf1|리아트|3회창(94001)|1|30000|6000
2021-03-27 14:46:29|dlgksmf|라이트|3회창(94001)|1|30000|70000
2021-03-27 14:46:40|dlgksmf|라이트|황금자루(25151)|1|15000|55000
2021-03-27 14:48:11|dlgksmf|라이트|맘모스쿠폰(40050)|1|4900|50100
2021-03-27 14:48:12|dlgksmf|라이트|맘모스쿠폰(40050)|1|4900|45200
2021-03-27 14:48:13|dlgksmf|라이트|맘모스쿠폰(40050)|1|4900|40300
2021-03-27 14:48:14|dlgksmf|라이트|맘모스쿠폰(40050)|1|4900|35400
2021-03-27 14:48:15|dlgksmf|라이트|맘모스쿠폰(40050)|1|4900|30500
2021-03-27 14:48:17|dlgksmf|라이트|맘모스쿠폰(40050)|1|4900|25600
2021-03-27 14:48:18|dlgksmf|라이트|맘모스쿠폰(40050)|1|4900|20700
2021-03-27 14:48:19|dlgksmf|라이트|맘모스쿠폰(40050)|1|4900|15800
2021-03-27 14:48:20|dlgksmf|라이트|맘모스쿠폰(40050)|1|4900|10900
2021-03-27 14:48:21|dlgksmf|라이트|맘모스쿠폰(40050)|1|4900|6000
2021-03-27 14:57:47|||경험치 구슬(교불)(100508)|1|3|13
2021-03-27 14:58:05|||경험치 구슬(교불)(100508)|1|3|1
2021-03-27 15:16:38|||경험치 구슬(교불)(100508)|1|5|3
2021-03-27 15:44:32|||경험치 구슬(교불)(100508)|1|3|7
2021-03-27 16:09:35|||페트초기화(25150)|1|8|6
2021-03-27 16:10:00|||페트초기화(25150)|1|8|6
2021-03-27 16:12:32|homework13|오만의죄|페트초기화(25150)|1|1000|1800
2021-03-27 16:12:34|homework13|오만의죄|페트초기화(25150)|1|1000|800
2021-03-27 16:15:05|homework13|오만의죄|페트초기화5개(25152)|1|4000|106800
2021-03-27 16:17:51|homework13|오만의죄|페트초기화5개(25152)|1|4000|102800
2021-03-27 16:19:20|homework13|오만의죄|페트초기화(25150)|1|1000|101800
2021-03-27 16:20:54|homework13|오만의죄|Lv4페트 통조림(46018)|1|5000|96800
2021-03-27 16:20:56|homework13|오만의죄|Lv4페트 통조림(46018)|1|5000|91800
2021-03-27 16:20:58|homework13|오만의죄|Lv4페트 통조림(46018)|1|5000|86800
2021-03-27 16:21:00|homework13|오만의죄|Lv4페트 통조림(46018)|1|5000|81800
2021-03-27 16:39:27|||경험치 구슬(교불)(100508)|1|5|21
2021-03-27 16:39:29|||경험치 구슬(교불)(100508)|1|5|16
2021-03-27 16:39:30|||경험치 구슬(교불)(100508)|1|5|11
2021-03-27 16:39:32|||경험치 구슬(교불)(100508)|1|5|6
2021-03-27 16:39:33|||경험치 구슬(교불)(100508)|1|5|1
2021-03-27 16:39:46|||경험치 구슬(교불)(100508)|1|5|20
2021-03-27 16:39:47|||경험치 구슬(교불)(100508)|1|5|15
2021-03-27 16:39:49|||경험치 구슬(교불)(100508)|1|5|10
2021-03-27 16:39:50|||경험치 구슬(교불)(100508)|1|5|5
2021-03-27 16:39:51|||경험치 구슬(교불)(100508)|1|5|0
2021-03-27 19:24:16|totorosa|와이|경험치 구슬(100507)|1|2000|140400
2021-03-27 19:24:18|totorosa|와이|경험치 구슬(100507)|1|2000|138400
2021-03-27 19:24:21|totorosa|와이|경험치 구슬(100507)|1|2000|136400
2021-03-27 19:24:22|totorosa|와이|경험치 구슬(100507)|1|2000|134400
2021-03-27 19:26:51|totorosa|와이|Lv4페트 통조림(46018)|1|5000|129400
2021-03-27 19:26:55|totorosa|와이|Lv4페트 통조림(46018)|1|5000|124400
2021-03-27 19:37:37|||경험치 구슬(교불)(100508)|1|3|0
2021-03-27 19:41:45|||경험치 구슬(교불)(100508)|1|3|10
2021-03-27 19:41:47|||경험치 구슬(교불)(100508)|1|3|7
2021-03-27 19:41:48|||경험치 구슬(교불)(100508)|1|3|4
2021-03-27 19:41:50|||경험치 구슬(교불)(100508)|1|3|1
2021-03-27 21:36:18|totorosa|와이|경험치 구슬(100507)|1|2000|122400
2021-03-27 21:36:19|totorosa|와이|경험치 구슬(100507)|1|2000|120400
2021-03-27 22:14:25|||경험치 구슬(교불)(100508)|1|5|12
2021-03-27 22:14:26|||경험치 구슬(교불)(100508)|1|5|7
2021-03-27 22:14:27|||경험치 구슬(교불)(100508)|1|5|2
2021-03-27 22:14:44|||경험치 구슬(교불)(100508)|1|5|7
2021-03-27 22:14:46|||경험치 구슬(교불)(100508)|1|5|2
2021-03-27 22:15:51|||경험치 구슬(교불)(100508)|1|3|31
2021-03-27 22:19:09|||하드불성클리어상자(40160)|1|15|8
2021-03-27 22:19:32|||하드불성클리어상자(40160)|1|15|13
2021-03-27 22:21:28|||페트초기화(25150)|1|8|5
2021-03-27 22:30:48|wg9400|火|맘모스쿠폰(40050)|1|4900|10100
2021-03-27 22:32:13|wg9400|火|맘모스쿠폰(40050)|1|4900|5200
2021-03-27 22:32:15|wg9400|火|맘모스쿠폰(40050)|1|4900|300
2021-03-27 22:32:32|wg0135|水|맘모스쿠폰(40050)|1|4900|10100
2021-03-27 22:32:34|wg0135|水|맘모스쿠폰(40050)|1|4900|5200
2021-03-27 22:32:35|wg0135|水|맘모스쿠폰(40050)|1|4900|300
2021-03-27 22:51:46|wg9400|火|청룡호리병(40118)|1|6900|3400
2021-03-27 22:52:29|||경험치 구슬(교불)(100508)|1|3|3
2021-03-27 22:52:31|||경험치 구슬(교불)(100508)|1|3|0
2021-03-27 22:53:30|totorosa|와이|경험치 구슬(100507)|1|2000|118400
2021-03-27 22:53:31|totorosa|와이|경험치 구슬(100507)|1|2000|116400
2021-03-27 22:54:22|wg0135|水|현무호리병(40117)|1|6900|5900
2021-03-27 22:55:35|wg0135|水|맘모스쿠폰(40050)|1|4900|1000
2021-03-27 22:59:36|||경험치 구슬(교불)(100508)|1|5|12
2021-03-27 22:59:38|||경험치 구슬(교불)(100508)|1|5|7
2021-03-27 22:59:39|||경험치 구슬(교불)(100508)|1|5|2
2021-03-27 22:59:43|||경험치 구슬(교불)(100508)|1|5|11
2021-03-27 22:59:44|||경험치 구슬(교불)(100508)|1|5|6
2021-03-27 22:59:45|||경험치 구슬(교불)(100508)|1|5|1
2021-03-27 23:00:20|||블랙펄호리병(40154)|1|15|0
2021-03-27 23:31:22|||30만스톤 수표(100033)|1|4|17
2021-03-27 23:31:29|||30만스톤 수표(100033)|1|4|18
