2021-05-23 00:59:13|||경험치 구슬(교불)(100508)|1|5|5
2021-05-23 00:59:15|||경험치 구슬(교불)(100508)|1|5|0
2021-05-23 09:03:22|||페트초기화(25150)|1|8|51
2021-05-23 09:03:23|||페트초기화(25150)|1|8|43
2021-05-23 13:05:01|||경험치 구슬(교불)(100508)|1|3|4
2021-05-23 13:05:02|||경험치 구슬(교불)(100508)|1|3|1
2021-05-23 18:13:55|||경험치 구슬(교불)(100508)|1|3|0
2021-05-23 19:15:39|||페트초기화(25150)|1|8|103
2021-05-23 19:15:40|||페트초기화(25150)|1|8|95
2021-05-23 19:15:42|||페트초기화(25150)|1|8|87
2021-05-23 19:15:43|||페트초기화(25150)|1|8|79
2021-05-23 19:15:44|||페트초기화(25150)|1|8|71
2021-05-23 19:47:18|ghrn|호규맨|맘모스쿠폰(40050)|1|4900|31400
2021-05-23 19:47:20|ghrn|호규맨|맘모스쿠폰(40050)|1|4900|26500
2021-05-23 19:47:21|ghrn|호규맨|맘모스쿠폰(40050)|1|4900|21600
2021-05-23 19:47:22|ghrn|호규맨|맘모스쿠폰(40050)|1|4900|16700
2021-05-23 19:47:24|ghrn|호규맨|맘모스쿠폰(40050)|1|4900|11800
2021-05-23 19:47:25|ghrn|호규맨|맘모스쿠폰(40050)|1|4900|6900
2021-05-23 19:47:27|ghrn|호규맨|맘모스쿠폰(40050)|1|4900|2000
2021-05-23 19:50:25|||30만스톤 수표(100033)|1|4|119
2021-05-23 21:22:18|||페트초기화(25150)|1|8|126
2021-05-23 21:23:08|||페트초기화(25150)|1|8|118
2021-05-23 21:23:11|||페트초기화(25150)|1|8|110
2021-05-23 21:23:14|||페트초기화(25150)|1|8|102
2021-05-23 21:23:17|||경험치 구슬(교불)(100508)|1|3|99
2021-05-23 21:23:20|||경험치 구슬(교불)(100508)|1|3|96
2021-05-23 21:23:23|||경험치 구슬(교불)(100508)|1|3|93
2021-05-23 21:23:26|||경험치 구슬(교불)(100508)|1|3|90
2021-05-23 22:18:09|lkl8611|돌북이|불의성세트(47000)|1|40000|9928703
