2021-04-27 00:29:13|||경험치 구슬(교불)(100508)|1|3|19
2021-04-27 00:29:16|||경험치 구슬(교불)(100508)|1|3|16
2021-04-27 00:29:19|||경험치 구슬(교불)(100508)|1|3|13
2021-04-27 00:29:21|||경험치 구슬(교불)(100508)|1|3|10
2021-04-27 00:36:36|||경험치 구슬(교불)(100508)|1|3|7
2021-04-27 00:36:38|||경험치 구슬(교불)(100508)|1|3|4
2021-04-27 07:39:50|||페트초기화(25150)|1|8|147
2021-04-27 07:44:21|||페트초기화(25150)|1|8|139
2021-04-27 08:05:33|||경험치 구슬(교불)(100508)|1|3|3
2021-04-27 08:05:35|||경험치 구슬(교불)(100508)|1|3|0
2021-04-27 12:50:15|||30만스톤 수표(100033)|1|4|20
2021-04-27 12:50:16|||30만스톤 수표(100033)|1|4|16
2021-04-27 13:01:32|||모가로스호리병(40160)|1|15|2
2021-04-27 13:01:51|||모가로스호리병(40160)|1|15|10
2021-04-27 13:07:58|yy1212|연두|진화열매(45009)|1|15000|887600
2021-04-27 13:08:00|yy1212|연두|진화열매(45009)|1|15000|872600
2021-04-27 13:08:52|ds0516|피맛|카오스보스박스(57701)|1|9900|44000
2021-04-27 13:08:53|ds0516|피맛|카오스보스박스(57701)|1|9900|34100
2021-04-27 13:08:54|ds0516|피맛|카오스보스박스(57701)|1|9900|24200
2021-04-27 13:08:55|ds0516|피맛|카오스보스박스(57701)|1|9900|14300
2021-04-27 13:08:56|ds0516|피맛|카오스보스박스(57701)|1|9900|4400
2021-04-27 13:09:26|insub77730|카키|7환생의도끼(100109)|1|8000|4451300
2021-04-27 13:11:50|yy1212|연두|Lv4페트 통조림(46018)|1|5000|867600
2021-04-27 13:13:13|insub77730|카키|Lv4페트 통조림(46018)|1|5000|4446300
2021-04-27 16:53:11|||북이호리병(40151)|1|15|8
2021-04-27 16:54:42|||깡북이호리병(40152)|1|15|9
2021-04-27 17:31:48|||경험치 구슬(교불)(100508)|1|3|2
2021-04-27 17:42:02|||갈푸스퀘 깃털(100130)|1|4|76
2021-04-27 17:42:04|||갈푸스퀘 깃털(100130)|1|4|72
2021-04-27 17:42:05|||갈푸스퀘 깃털(100130)|1|4|24
2021-04-27 17:42:08|||갈푸스퀘 깃털(100130)|1|4|20
2021-04-27 17:42:10|||갈푸스퀘 깃털(100130)|1|4|29
2021-04-27 17:42:11|||갈푸스퀘 깃털(100130)|1|4|25
2021-04-27 17:42:48|smn0302|차|카오스보스박스(57701)|1|9900|59800
2021-04-27 17:42:53|smn0302|차|카오스보스박스(57701)|1|9900|49900
2021-04-27 17:42:54|smn0302|차|카오스보스박스(57701)|1|9900|40000
2021-04-27 17:44:27|smn0302|차|카오스보스박스(57701)|1|9900|30100
2021-04-27 17:46:09|smn0302|차|카오스보스박스(57701)|1|9900|20200
2021-04-27 17:46:42|smn0302|차|카오스보스박스(57701)|1|9900|10300
2021-04-27 18:42:50|jeong2847|정또술|맘모스쿠폰(40050)|1|4900|300
2021-04-27 20:05:16|||경험치 구슬(교불)(100508)|1|3|0
2021-04-27 20:16:01|||갈푸스퀘 깃털(100130)|1|4|0
2021-04-27 22:07:11|gocks170614|정또노|VIP POINT 10000＄(21114)|1|10000|40800
2021-04-27 22:12:28|gocks170614|정또노|VIP POINT 10000＄(21114)|1|10000|30800
2021-04-27 22:12:31|gocks170614|정또노|VIP POINT 5000＄(21113)|1|5000|25800
2021-04-27 22:12:48|gocks170614|정또노|VIP POINT 3000＄(21112)|1|3000|22800
2021-04-27 22:16:11|gocks170614|정또노|맘모스쿠폰(40050)|1|4900|17900
2021-04-27 22:16:33|gocks170614|정또노|맘모스쿠폰(40050)|1|4900|13000
2021-04-27 22:24:42|gocks170614|정또노|흑풍호리병(40187)|1|6900|6100
2021-04-27 22:31:49|||갈푸스퀘 깃털(100130)|1|4|118
2021-04-27 22:33:35|||갈푸스퀘 깃털(100130)|1|4|114
2021-04-27 22:33:37|||갈푸스퀘 깃털(100130)|1|4|110
2021-04-27 22:37:25|||페트초기화(25150)|1|8|17
2021-04-27 22:37:27|||페트초기화(25150)|1|8|9
2021-04-27 22:38:27|||갈푸스퀘 깃털(100130)|1|4|106
2021-04-27 22:52:23|qusrud11|여포왕|카오스SD박스(57700)|1|9900|392500
2021-04-27 22:52:24|qusrud11|여포왕|카오스SD박스(57700)|1|9900|382600
2021-04-27 22:52:25|qusrud11|여포왕|카오스SD박스(57700)|1|9900|372700
2021-04-27 22:53:25|qusrud11|여포왕|카오스보스박스(57701)|1|9900|362800
2021-04-27 22:53:26|qusrud11|여포왕|카오스보스박스(57701)|1|9900|352900
2021-04-27 22:53:28|qusrud11|여포왕|카오스보스박스(57701)|1|9900|343000
2021-04-27 22:53:56|qusrud11|여포왕|카오스보스박스(57701)|1|9900|333100
2021-04-27 22:53:58|qusrud11|여포왕|카오스보스박스(57701)|1|9900|323200
2021-04-27 22:53:59|qusrud11|여포왕|카오스보스박스(57701)|1|9900|313300
2021-04-27 22:54:00|qusrud11|여포왕|카오스보스박스(57701)|1|9900|303400
2021-04-27 22:54:00|qusrud11|여포왕|카오스보스박스(57701)|1|9900|293500
2021-04-27 22:54:01|qusrud11|여포왕|카오스보스박스(57701)|1|9900|283600
2021-04-27 22:54:02|qusrud11|여포왕|카오스보스박스(57701)|1|9900|273700
2021-04-27 22:54:03|qusrud11|여포왕|카오스보스박스(57701)|1|9900|263800
2021-04-27 22:54:04|qusrud11|여포왕|카오스보스박스(57701)|1|9900|253900
2021-04-27 22:54:05|qusrud11|여포왕|카오스보스박스(57701)|1|9900|244000
2021-04-27 22:55:37|qusrud11|여포왕|카오스보스박스(57701)|1|9900|234100
2021-04-27 22:55:38|qusrud11|여포왕|카오스보스박스(57701)|1|9900|224200
2021-04-27 22:55:39|qusrud11|여포왕|카오스보스박스(57701)|1|9900|214300
2021-04-27 22:55:58|qusrud11|여포왕|카오스보스박스(57701)|1|9900|204400
2021-04-27 22:55:59|qusrud11|여포왕|카오스보스박스(57701)|1|9900|194500
2021-04-27 22:56:00|qusrud11|여포왕|카오스보스박스(57701)|1|9900|184600
2021-04-27 22:56:01|qusrud11|여포왕|카오스보스박스(57701)|1|9900|174700
2021-04-27 22:57:28|qusrud11|여포왕|카오스보스박스(57701)|1|9900|164800
2021-04-27 22:57:29|qusrud11|여포왕|카오스보스박스(57701)|1|9900|154900
2021-04-27 23:00:17|||페트초기화(25150)|1|8|98
2021-04-27 23:00:41|||페트초기화(25150)|1|8|90
2021-04-27 23:00:50|||페트초기화(25150)|1|8|82
2021-04-27 23:01:38|||페트초기화(25150)|1|8|74
2021-04-27 23:01:54|||페트초기화(25150)|1|8|66
2021-04-27 23:14:29|||경험치 구슬(교불)(100508)|1|5|25
2021-04-27 23:14:31|||경험치 구슬(교불)(100508)|1|5|20
2021-04-27 23:14:32|||경험치 구슬(교불)(100508)|1|5|15
2021-04-27 23:14:34|||경험치 구슬(교불)(100508)|1|5|10
2021-04-27 23:14:36|||경험치 구슬(교불)(100508)|1|5|5
2021-04-27 23:14:37|||경험치 구슬(교불)(100508)|1|5|0
2021-04-27 23:24:17|||갈푸스퀘 깃털(100130)|1|4|1
2021-04-27 23:24:33|||갈푸스퀘 깃털(100130)|1|4|1
