2021-04-30 00:28:02|||АЅЧЊНКФљ БъХа(100130)|1|4|191
2021-04-30 00:28:05|||АЅЧЊНКФљ БъХа(100130)|1|4|187
2021-04-30 00:29:18|||АЅЧЊНКФљ БъХа(100130)|1|4|194
2021-04-30 00:29:25|||АЅЧЊНКФљ БъХа(100130)|1|4|190
2021-04-30 00:29:27|||АЅЧЊНКФљ БъХа(100130)|1|4|186
2021-04-30 00:29:28|||АЅЧЊНКФљ БъХа(100130)|1|4|182
2021-04-30 00:29:31|||АЅЧЊНКФљ БъХа(100130)|1|4|178
2021-04-30 00:30:50|||АЅЧЊНКФљ БъХа(100130)|1|4|183
2021-04-30 00:30:51|||АЅЧЊНКФљ БъХа(100130)|1|4|179
2021-04-30 00:30:53|||АЅЧЊНКФљ БъХа(100130)|1|4|175
2021-04-30 00:48:25|||АцЧшФЁ БИНН(БГКв)(100508)|1|3|15
2021-04-30 00:48:27|||АцЧшФЁ БИНН(БГКв)(100508)|1|3|12
2021-04-30 00:48:30|||АцЧшФЁ БИНН(БГКв)(100508)|1|3|9
2021-04-30 00:48:53|||АЅЧЊНКФљ БъХа(100130)|1|4|171
2021-04-30 00:49:15|||АцЧшФЁ БИНН(БГКв)(100508)|1|3|13
2021-04-30 00:49:17|||АцЧшФЁ БИНН(БГКв)(100508)|1|3|10
2021-04-30 00:49:20|||АцЧшФЁ БИНН(БГКв)(100508)|1|3|7
2021-04-30 01:13:12|||АцЧшФЁ БИНН(БГКв)(100508)|1|5|66
2021-04-30 01:13:13|||АцЧшФЁ БИНН(БГКв)(100508)|1|5|61
2021-04-30 01:13:14|||АцЧшФЁ БИНН(БГКв)(100508)|1|5|56
2021-04-30 01:13:16|||АцЧшФЁ БИНН(БГКв)(100508)|1|5|51
2021-04-30 02:42:31|||ЦфЦЎУЪБтШ­(25150)|1|8|3
2021-04-30 02:52:55|||ЦфЦЎУЪБтШ­(25150)|1|8|3
2021-04-30 03:13:51|||30ИИНКХц МіЧЅ(100033)|1|4|3
2021-04-30 03:20:31|||30ИИНКХц МіЧЅ(100033)|1|4|5
2021-04-30 03:20:35|||30ИИНКХц МіЧЅ(100033)|1|4|1
2021-04-30 04:46:26|||АцЧшФЁ БИНН(БГКв)(100508)|1|3|35
2021-04-30 04:46:32|||АцЧшФЁ БИНН(БГКв)(100508)|1|3|32
2021-04-30 04:46:35|||АцЧшФЁ БИНН(БГКв)(100508)|1|3|29
2021-04-30 04:46:37|||АцЧшФЁ БИНН(БГКв)(100508)|1|3|26
2021-04-30 04:46:40|||АцЧшФЁ БИНН(БГКв)(100508)|1|3|23
2021-04-30 04:46:43|||АцЧшФЁ БИНН(БГКв)(100508)|1|3|20
2021-04-30 13:51:38|||АцЧшФЁ БИНН(БГКв)(100508)|1|5|546
2021-04-30 13:51:40|||АцЧшФЁ БИНН(БГКв)(100508)|1|5|541
2021-04-30 13:51:41|||АцЧшФЁ БИНН(БГКв)(100508)|1|5|536
2021-04-30 13:51:42|||АцЧшФЁ БИНН(БГКв)(100508)|1|5|531
2021-04-30 13:51:44|||АцЧшФЁ БИНН(БГКв)(100508)|1|5|526
2021-04-30 13:51:46|||АцЧшФЁ БИНН(БГКв)(100508)|1|5|521
2021-04-30 13:51:49|||АцЧшФЁ БИНН(БГКв)(100508)|1|5|516
2021-04-30 13:51:53|||АцЧшФЁ БИНН(БГКв)(100508)|1|5|511
2021-04-30 13:51:55|||АцЧшФЁ БИНН(БГКв)(100508)|1|5|506
2021-04-30 13:51:56|||АцЧшФЁ БИНН(БГКв)(100508)|1|5|501
2021-04-30 13:51:58|||АцЧшФЁ БИНН(БГКв)(100508)|1|5|496
2021-04-30 13:51:59|||АцЧшФЁ БИНН(БГКв)(100508)|1|5|491
2021-04-30 13:52:01|||АцЧшФЁ БИНН(БГКв)(100508)|1|5|486
2021-04-30 13:52:03|||АцЧшФЁ БИНН(БГКв)(100508)|1|5|481
2021-04-30 13:52:04|||АцЧшФЁ БИНН(БГКв)(100508)|1|5|476
2021-04-30 13:52:05|||АцЧшФЁ БИНН(БГКв)(100508)|1|5|471
2021-04-30 13:52:07|||АцЧшФЁ БИНН(БГКв)(100508)|1|5|466
2021-04-30 15:34:36|smn0302|Тї|VIP POINT 10000ЃЄ(21114)|1|10000|14600
2021-04-30 15:34:37|smn0302|Тї|VIP POINT 10000ЃЄ(21114)|1|10000|4600
2021-04-30 15:34:41|smn0302|Тї|VIP POINT 3000ЃЄ(21112)|1|3000|1600
2021-04-30 15:34:43|smn0302|Тї|VIP POINT 1000ЃЄ(21111)|1|1000|600
2021-04-30 15:41:47|||АцЧшФЁ БИНН(БГКв)(100508)|1|5|570
2021-04-30 15:41:48|||АцЧшФЁ БИНН(БГКв)(100508)|1|5|565
2021-04-30 18:11:09|||АцЧшФЁ БИНН(БГКв)(100508)|1|5|5
2021-04-30 18:11:10|||АцЧшФЁ БИНН(БГКв)(100508)|1|5|0
2021-04-30 18:57:18|||ЦфЦЎУЪБтШ­(25150)|1|8|64
2021-04-30 18:58:42|||ЦфЦЎУЪБтШ­(25150)|1|8|56
2021-04-30 18:59:15|insub77730|ФЋХА|Lv4ЦфЦЎ ХыСЖИВ(46018)|1|5000|4426300
2021-04-30 19:27:08|||30ИИНКХц МіЧЅ(100033)|1|4|7
2021-04-30 19:27:13|||АцЧшФЁ БИНН(БГКв)(100508)|1|3|4
2021-04-30 19:27:14|||АцЧшФЁ БИНН(БГКв)(100508)|1|3|1
2021-04-30 19:38:41|qusrud11|ПЉЦїПе|VIP POINT 30000ЃЄ(21115)|1|30000|9900
2021-04-30 19:38:43|qusrud11|ПЉЦїПе|VIP POINT 5000ЃЄ(21113)|1|5000|4900
2021-04-30 19:38:45|qusrud11|ПЉЦїПе|VIP POINT 3000ЃЄ(21112)|1|3000|1900
2021-04-30 19:38:46|qusrud11|ПЉЦїПе|VIP POINT 1000ЃЄ(21111)|1|1000|900
2021-04-30 19:50:15|||30ИИНКХц МіЧЅ(100033)|1|4|31
2021-04-30 19:50:17|||30ИИНКХц МіЧЅ(100033)|1|4|27
2021-04-30 22:01:03|||АцЧшФЁ БИНН(БГКв)(100508)|1|5|41
2021-04-30 22:01:04|||АцЧшФЁ БИНН(БГКв)(100508)|1|5|36
2021-04-30 22:01:04|||АцЧшФЁ БИНН(БГКв)(100508)|1|5|31
2021-04-30 22:01:05|||АцЧшФЁ БИНН(БГКв)(100508)|1|5|26
2021-04-30 22:01:06|||АцЧшФЁ БИНН(БГКв)(100508)|1|5|21
2021-04-30 22:01:08|||АцЧшФЁ БИНН(БГКв)(100508)|1|5|16
2021-04-30 22:01:09|||АцЧшФЁ БИНН(БГКв)(100508)|1|5|11
2021-04-30 22:01:10|||АцЧшФЁ БИНН(БГКв)(100508)|1|5|6
