2021-05-02 03:05:58|||경험치 구슬(교불)(100508)|1|5|601
2021-05-02 03:06:00|||경험치 구슬(교불)(100508)|1|5|596
2021-05-02 03:06:01|||경험치 구슬(교불)(100508)|1|5|591
2021-05-02 07:04:17|||경험치 구슬(교불)(100508)|1|5|586
2021-05-02 07:04:18|||경험치 구슬(교불)(100508)|1|5|581
2021-05-02 07:04:20|||경험치 구슬(교불)(100508)|1|5|576
2021-05-02 07:59:40|||경험치 구슬(교불)(100508)|1|3|21
2021-05-02 07:59:44|||경험치 구슬(교불)(100508)|1|3|18
2021-05-02 07:59:48|||경험치 구슬(교불)(100508)|1|3|15
2021-05-02 07:59:51|||경험치 구슬(교불)(100508)|1|3|12
2021-05-02 09:03:00|chemd89|지원사랑|진화열매(45009)|1|15000|12300
2021-05-02 09:06:30|chemd89|지원사랑|파이어킹스드래곤호리병(40115)|1|6900|5400
2021-05-02 09:09:19|||페트초기화(25150)|1|8|28
2021-05-02 09:09:28|||페트초기화(25150)|1|8|20
2021-05-02 09:09:35|||페트초기화(25150)|1|8|12
2021-05-02 09:09:39|||페트초기화(25150)|1|8|4
2021-05-02 11:08:11|||갈푸스퀘 깃털(100130)|1|4|17
2021-05-02 11:08:19|||갈푸스퀘 깃털(100130)|1|4|17
2021-05-02 11:13:28|||갈푸스퀘 깃털(100130)|1|4|13
2021-05-02 11:13:32|||갈푸스퀘 깃털(100130)|1|4|13
2021-05-02 11:21:45|||갈푸스퀘 깃털(100130)|1|4|9
2021-05-02 11:21:53|||갈푸스퀘 깃털(100130)|1|4|10
2021-05-02 15:34:31|||경험치 구슬(교불)(100508)|1|3|5
2021-05-02 15:34:32|||경험치 구슬(교불)(100508)|1|3|2
2021-05-02 15:34:37|||경험치 구슬(교불)(100508)|1|5|17
2021-05-02 15:49:37|||경험치 구슬(교불)(100508)|1|5|580
2021-05-02 15:49:38|||경험치 구슬(교불)(100508)|1|5|575
2021-05-02 15:49:40|||경험치 구슬(교불)(100508)|1|5|570
2021-05-02 17:13:13|janginsub|물북이|황금자루(25151)|1|15000|9985000
2021-05-02 17:13:30|janginsub|물북이|황금자루(25151)|1|15000|9970000
2021-05-02 19:09:16|||갈푸스퀘 깃털(100130)|1|4|31
2021-05-02 19:09:17|||갈푸스퀘 깃털(100130)|1|4|27
2021-05-02 19:09:18|||갈푸스퀘 깃털(100130)|1|4|23
2021-05-02 19:09:28|||갈푸스퀘 깃털(100130)|1|4|31
2021-05-02 19:09:29|||갈푸스퀘 깃털(100130)|1|4|27
2021-05-02 19:09:29|||갈푸스퀘 깃털(100130)|1|4|23
2021-05-02 19:09:40|||갈푸스퀘 깃털(100130)|1|4|30
2021-05-02 19:09:41|||갈푸스퀘 깃털(100130)|1|4|26
2021-05-02 19:09:42|||갈푸스퀘 깃털(100130)|1|4|22
2021-05-02 19:09:57|||갈푸스퀘 깃털(100130)|1|4|29
2021-05-02 19:09:59|||갈푸스퀘 깃털(100130)|1|4|25
2021-05-02 19:10:00|||갈푸스퀘 깃털(100130)|1|4|21
2021-05-02 19:10:10|||갈푸스퀘 깃털(100130)|1|4|41
2021-05-02 19:10:10|||갈푸스퀘 깃털(100130)|1|4|37
2021-05-02 19:10:12|||갈푸스퀘 깃털(100130)|1|4|33
2021-05-02 19:57:35|qkrwlgns817|박효신|(-1)|1|0|400
2021-05-02 20:09:14|dlrmfdkdl123|JamManBo|2환생의도끼(100104)|1|2000|8000
2021-05-02 20:29:21|||경험치 구슬(교불)(100508)|1|3|9
2021-05-02 21:05:53|gktkddmssla|하이버|VIP POINT 10000＄(21114)|1|10000|18200
2021-05-02 21:05:54|gktkddmssla|하이버|VIP POINT 5000＄(21113)|1|5000|13200
2021-05-02 21:07:50|dkdldh3|어둠|맘모스쿠폰(40050)|1|4900|10100
2021-05-02 21:07:52|dkdldh3|어둠|맘모스쿠폰(40050)|1|4900|5200
2021-05-02 21:07:53|dkdldh3|어둠|맘모스쿠폰(40050)|1|4900|300
2021-05-02 22:42:11|||경험치 구슬(교불)(100508)|1|5|551
2021-05-02 22:42:34|||경험치 구슬(교불)(100508)|1|5|546
2021-05-02 22:42:35|||경험치 구슬(교불)(100508)|1|5|541
2021-05-02 23:14:42|kimds1995|동수|맘모스쿠폰(40050)|1|4900|160500
2021-05-02 23:14:44|kimds1995|동수|맘모스쿠폰(40050)|1|4900|155600
2021-05-02 23:14:45|kimds1995|동수|맘모스쿠폰(40050)|1|4900|150700
2021-05-02 23:14:46|kimds1995|동수|맘모스쿠폰(40050)|1|4900|145800
2021-05-02 23:14:48|kimds1995|동수|맘모스쿠폰(40050)|1|4900|140900
2021-05-02 23:14:49|kimds1995|동수|맘모스쿠폰(40050)|1|4900|136000
2021-05-02 23:14:50|kimds1995|동수|맘모스쿠폰(40050)|1|4900|131100
2021-05-02 23:14:51|kimds1995|동수|맘모스쿠폰(40050)|1|4900|126200
2021-05-02 23:14:52|kimds1995|동수|맘모스쿠폰(40050)|1|4900|121300
2021-05-02 23:17:21|kimds1995|동수|맘모스쿠폰(40050)|1|4900|116400
2021-05-02 23:17:22|kimds1995|동수|맘모스쿠폰(40050)|1|4900|111500
2021-05-02 23:17:23|kimds1995|동수|맘모스쿠폰(40050)|1|4900|106600
2021-05-02 23:17:24|kimds1995|동수|맘모스쿠폰(40050)|1|4900|101700
2021-05-02 23:17:25|kimds1995|동수|맘모스쿠폰(40050)|1|4900|96800
2021-05-02 23:19:05|kimds1995|동수|맘모스쿠폰(40050)|1|4900|91900
2021-05-02 23:19:06|kimds1995|동수|맘모스쿠폰(40050)|1|4900|87000
2021-05-02 23:19:07|kimds1995|동수|맘모스쿠폰(40050)|1|4900|82100
2021-05-02 23:21:12|kimds1995|동수|맘모스쿠폰(40050)|1|4900|77200
2021-05-02 23:21:13|kimds1995|동수|맘모스쿠폰(40050)|1|4900|72300
2021-05-02 23:21:14|kimds1995|동수|맘모스쿠폰(40050)|1|4900|67400
2021-05-02 23:21:16|kimds1995|동수|맘모스쿠폰(40050)|1|4900|62500
2021-05-02 23:21:17|kimds1995|동수|맘모스쿠폰(40050)|1|4900|57600
2021-05-02 23:21:18|kimds1995|동수|맘모스쿠폰(40050)|1|4900|52700
2021-05-02 23:22:07|kimds1995|동수|맘모스쿠폰(40050)|1|4900|47800
2021-05-02 23:22:08|kimds1995|동수|맘모스쿠폰(40050)|1|4900|42900
2021-05-02 23:22:09|kimds1995|동수|맘모스쿠폰(40050)|1|4900|38000
2021-05-02 23:22:10|kimds1995|동수|맘모스쿠폰(40050)|1|4900|33100
2021-05-02 23:22:12|kimds1995|동수|맘모스쿠폰(40050)|1|4900|28200
2021-05-02 23:26:08|kimds1995|동수|맘모스쿠폰(40050)|1|4900|23300
2021-05-02 23:26:09|kimds1995|동수|맘모스쿠폰(40050)|1|4900|18400
2021-05-02 23:26:10|kimds1995|동수|맘모스쿠폰(40050)|1|4900|13500
2021-05-02 23:26:11|kimds1995|동수|맘모스쿠폰(40050)|1|4900|8600
2021-05-02 23:26:13|kimds1995|동수|맘모스쿠폰(40050)|1|4900|3700
2021-05-02 23:37:17|kimds1995|동수|맘모스쿠폰(40050)|1|4900|53800
2021-05-02 23:37:18|kimds1995|동수|맘모스쿠폰(40050)|1|4900|48900
2021-05-02 23:37:19|kimds1995|동수|맘모스쿠폰(40050)|1|4900|44000
2021-05-02 23:37:20|kimds1995|동수|맘모스쿠폰(40050)|1|4900|39100
2021-05-02 23:37:43|kimds1995|동수|맘모스쿠폰(40050)|1|4900|34200
2021-05-02 23:37:43|kimds1995|동수|맘모스쿠폰(40050)|1|4900|29300
2021-05-02 23:37:45|kimds1995|동수|맘모스쿠폰(40050)|1|4900|24400
2021-05-02 23:37:46|kimds1995|동수|맘모스쿠폰(40050)|1|4900|19500
2021-05-02 23:37:47|kimds1995|동수|맘모스쿠폰(40050)|1|4900|14600
2021-05-02 23:38:30|kimds1995|동수|맘모스쿠폰(40050)|1|4900|9700
2021-05-02 23:38:32|kimds1995|동수|맘모스쿠폰(40050)|1|4900|4800
2021-05-02 23:45:28|||경험치 구슬(교불)(100508)|1|3|8
2021-05-02 23:45:30|||경험치 구슬(교불)(100508)|1|3|5
2021-05-02 23:50:03|kimds1995|동수|맘모스쿠폰(40050)|1|4900|54900
2021-05-02 23:50:04|kimds1995|동수|맘모스쿠폰(40050)|1|4900|50000
2021-05-02 23:50:05|kimds1995|동수|맘모스쿠폰(40050)|1|4900|45100
2021-05-02 23:50:06|kimds1995|동수|맘모스쿠폰(40050)|1|4900|40200
2021-05-02 23:50:07|kimds1995|동수|맘모스쿠폰(40050)|1|4900|35300
2021-05-02 23:51:20|kimds1995|동수|맘모스쿠폰(40050)|1|4900|30400
2021-05-02 23:51:21|kimds1995|동수|맘모스쿠폰(40050)|1|4900|25500
2021-05-02 23:51:22|kimds1995|동수|맘모스쿠폰(40050)|1|4900|20600
2021-05-02 23:56:10|kimds1995|동수|거울의 목걸이(98000)|1|20000|600
