2021-05-10 00:34:01|||30만스톤 수표(100033)|1|4|58
2021-05-10 00:34:09|||30만스톤 수표(100033)|1|4|54
2021-05-10 00:34:14|||30만스톤 수표(100033)|1|4|50
2021-05-10 00:34:20|||30만스톤 수표(100033)|1|4|46
2021-05-10 00:37:22|||30만스톤 수표(100033)|1|4|72
2021-05-10 00:37:26|||30만스톤 수표(100033)|1|4|68
2021-05-10 00:37:31|||30만스톤 수표(100033)|1|4|64
2021-05-10 00:37:36|||30만스톤 수표(100033)|1|4|60
2021-05-10 00:37:42|||30만스톤 수표(100033)|1|4|56
2021-05-10 00:39:59|||경험치 구슬(교불)(100508)|1|3|40
2021-05-10 00:40:00|||경험치 구슬(교불)(100508)|1|3|37
2021-05-10 00:40:02|||경험치 구슬(교불)(100508)|1|3|34
2021-05-10 00:40:10|||경험치 구슬(교불)(100508)|1|3|31
2021-05-10 00:40:11|||경험치 구슬(교불)(100508)|1|3|28
2021-05-10 00:40:32|||경험치 구슬(교불)(100508)|1|3|64
2021-05-10 00:40:33|||경험치 구슬(교불)(100508)|1|3|61
2021-05-10 00:40:35|||경험치 구슬(교불)(100508)|1|3|58
2021-05-10 00:40:36|||경험치 구슬(교불)(100508)|1|3|55
2021-05-10 00:40:38|||경험치 구슬(교불)(100508)|1|3|52
2021-05-10 00:40:40|||경험치 구슬(교불)(100508)|1|3|49
2021-05-10 00:42:14|leesuhyun913|먹성|맘모스쿠폰(40050)|1|4900|55500
2021-05-10 00:42:15|leesuhyun913|먹성|맘모스쿠폰(40050)|1|4900|50600
2021-05-10 00:42:17|leesuhyun913|먹성|맘모스쿠폰(40050)|1|4900|45700
2021-05-10 00:42:19|leesuhyun913|먹성|맘모스쿠폰(40050)|1|4900|40800
2021-05-10 00:45:19|leesuhyun913|먹성|맘모스쿠폰(40050)|1|4900|35900
2021-05-10 00:45:21|leesuhyun913|먹성|맘모스쿠폰(40050)|1|4900|31000
2021-05-10 00:45:23|leesuhyun913|먹성|맘모스쿠폰(40050)|1|4900|26100
2021-05-10 00:45:25|leesuhyun913|먹성|맘모스쿠폰(40050)|1|4900|21200
2021-05-10 00:54:27|leesuhyun913|먹성|맘모스쿠폰(40050)|1|4900|16300
2021-05-10 00:54:29|leesuhyun913|먹성|맘모스쿠폰(40050)|1|4900|11400
2021-05-10 00:54:31|leesuhyun913|먹성|맘모스쿠폰(40050)|1|4900|6500
2021-05-10 00:55:34|leesuhyun913|먹성|맘모스쿠폰(40050)|1|4900|1600
2021-05-10 01:04:41|||경험치 구슬(교불)(100508)|1|5|5
2021-05-10 01:04:43|||경험치 구슬(교불)(100508)|1|5|0
2021-05-10 01:04:51|||경험치 구슬(교불)(100508)|1|5|5
2021-05-10 01:04:52|||경험치 구슬(교불)(100508)|1|5|0
2021-05-10 06:03:04|||경험치 구슬(교불)(100508)|1|3|3
2021-05-10 06:03:06|||경험치 구슬(교불)(100508)|1|3|0
2021-05-10 11:18:56|||모가로스호리병(40160)|1|15|28
2021-05-10 11:19:47|||모가로스호리병(40160)|1|15|27
2021-05-10 11:20:14|||블랙펄호리병(40154)|1|15|13
2021-05-10 11:20:18|||블랙펄호리병(40154)|1|15|12
2021-05-10 11:46:49|leesuhyun913|먹성|맘모스쿠폰(40050)|1|4900|96700
2021-05-10 11:46:50|leesuhyun913|먹성|맘모스쿠폰(40050)|1|4900|91800
2021-05-10 11:46:52|leesuhyun913|먹성|맘모스쿠폰(40050)|1|4900|86900
2021-05-10 11:46:53|leesuhyun913|먹성|맘모스쿠폰(40050)|1|4900|82000
2021-05-10 11:46:54|leesuhyun913|먹성|VIP페트2차뽑기박스(40203)|1|7900|74100
2021-05-10 11:49:43|leesuhyun913|먹성|맘모스쿠폰(40050)|1|4900|69200
2021-05-10 11:49:44|leesuhyun913|먹성|맘모스쿠폰(40050)|1|4900|64300
2021-05-10 11:49:45|leesuhyun913|먹성|맘모스쿠폰(40050)|1|4900|59400
2021-05-10 11:49:47|leesuhyun913|먹성|맘모스쿠폰(40050)|1|4900|54500
2021-05-10 11:49:48|leesuhyun913|먹성|VIP페트2차뽑기박스(40203)|1|7900|46600
2021-05-10 11:54:46|leesuhyun913|먹성|맘모스쿠폰(40050)|1|4900|41700
2021-05-10 11:54:47|leesuhyun913|먹성|맘모스쿠폰(40050)|1|4900|36800
2021-05-10 11:54:50|leesuhyun913|먹성|맘모스쿠폰(40050)|1|4900|31900
2021-05-10 11:54:51|leesuhyun913|먹성|맘모스쿠폰(40050)|1|4900|27000
2021-05-10 11:54:53|leesuhyun913|먹성|VIP페트2차뽑기박스(40203)|1|7900|19100
2021-05-10 12:00:50|leesuhyun913|먹성|다크바로스호리병(40147)|1|6900|12200
2021-05-10 12:00:51|leesuhyun913|먹성|다크바로스호리병(40147)|1|6900|5300
2021-05-10 14:13:02|||30만스톤 수표(100033)|1|4|0
2021-05-10 18:53:42|leesuhyun913|먹성|맘모스쿠폰(40050)|1|4900|400
2021-05-10 21:00:25|leesuhyun913|먹성|맘모스쿠폰(40050)|1|4900|40500
2021-05-10 21:00:27|leesuhyun913|먹성|맘모스쿠폰(40050)|1|4900|35600
2021-05-10 21:00:29|leesuhyun913|먹성|맘모스쿠폰(40050)|1|4900|30700
2021-05-10 21:00:30|leesuhyun913|먹성|맘모스쿠폰(40050)|1|4900|25800
2021-05-10 21:02:58|leesuhyun913|먹성|맘모스쿠폰(40050)|1|4900|20900
2021-05-10 21:02:59|leesuhyun913|먹성|맘모스쿠폰(40050)|1|4900|16000
2021-05-10 21:03:01|leesuhyun913|먹성|맘모스쿠폰(40050)|1|4900|11100
2021-05-10 21:03:02|leesuhyun913|먹성|맘모스쿠폰(40050)|1|4900|6200
2021-05-10 21:33:03|janginsub|깡북이|VIP페트2차뽑기박스(40203)|1|7900|30598700
2021-05-10 23:11:02|||경험치 구슬(교불)(100508)|1|3|8
2021-05-10 23:11:04|||경험치 구슬(교불)(100508)|1|3|5
2021-05-10 23:11:05|||경험치 구슬(교불)(100508)|1|3|2
2021-05-10 23:11:14|||경험치 구슬(교불)(100508)|1|3|8
2021-05-10 23:11:16|||경험치 구슬(교불)(100508)|1|3|5
2021-05-10 23:11:17|||경험치 구슬(교불)(100508)|1|3|2
2021-05-10 23:11:21|||경험치 구슬(교불)(100508)|1|5|2
