2021-06-13 00:05:18|||10VP뽑기박스(67002)|1|10|24
2021-06-13 00:05:19|||10VP뽑기박스(67002)|1|10|14
2021-06-13 00:05:21|||10VP뽑기박스(67002)|1|10|4
2021-06-13 00:05:26|||10VP뽑기박스(67002)|1|10|15
2021-06-13 00:05:27|||10VP뽑기박스(67002)|1|10|5
2021-06-13 00:30:40|||경험치 구슬(교불)(100508)|1|3|28
2021-06-13 00:30:42|||경험치 구슬(교불)(100508)|1|3|25
2021-06-13 00:30:44|||경험치 구슬(교불)(100508)|1|3|22
2021-06-13 00:30:45|||경험치 구슬(교불)(100508)|1|3|19
2021-06-13 01:27:23|||50VP뽑기박스(67007)|1|50|32
2021-06-13 01:28:31|||50RP뽑기박스(67001)|1|50|146
2021-06-13 01:28:32|||50RP뽑기박스(67001)|1|50|96
2021-06-13 01:28:34|||50RP뽑기박스(67001)|1|50|46
2021-06-13 01:30:41|||10VP뽑기박스(67002)|1|10|22
2021-06-13 01:30:42|||10VP뽑기박스(67002)|1|10|12
2021-06-13 01:30:44|||10VP뽑기박스(67002)|1|10|2
2021-06-13 01:32:31|||30RP뽑기박스(67000)|1|30|16
2021-06-13 03:16:44|||경험치 구슬(교불)(100508)|1|3|2
2021-06-13 04:14:00|||경험치 구슬(교불)(100508)|1|3|18
2021-06-13 04:14:02|||경험치 구슬(교불)(100508)|1|3|15
2021-06-13 04:14:03|||경험치 구슬(교불)(100508)|1|3|12
2021-06-13 06:26:24|||경험치 구슬(교불)(100508)|1|3|33
2021-06-13 06:26:27|||경험치 구슬(교불)(100508)|1|3|30
2021-06-13 06:26:30|||경험치 구슬(교불)(100508)|1|3|27
2021-06-13 06:26:41|||경험치 구슬(교불)(100508)|1|3|33
2021-06-13 06:26:43|||경험치 구슬(교불)(100508)|1|3|30
2021-06-13 06:26:44|||경험치 구슬(교불)(100508)|1|3|27
2021-06-13 10:03:35|||30RP뽑기박스(67000)|1|30|8
2021-06-13 20:01:19|||경험치 구슬(교불)(100508)|1|3|16
2021-06-13 20:01:22|||경험치 구슬(교불)(100508)|1|3|13
2021-06-13 20:01:25|||경험치 구슬(교불)(100508)|1|3|10
2021-06-13 23:00:39|leesuhyun913|먹성|(-1)|1|0|0
2021-06-13 23:32:57|||50RP뽑기박스(67001)|1|50|272
2021-06-13 23:32:58|||50RP뽑기박스(67001)|1|50|222
2021-06-13 23:32:59|||50RP뽑기박스(67001)|1|50|172
2021-06-13 23:33:00|||50RP뽑기박스(67001)|1|50|122
2021-06-13 23:33:01|||50RP뽑기박스(67001)|1|50|72
2021-06-13 23:33:02|||50RP뽑기박스(67001)|1|50|22
2021-06-13 23:33:24|||50VP뽑기박스(67007)|1|50|63
2021-06-13 23:33:26|||50VP뽑기박스(67007)|1|50|13
