2021-06-03 00:10:17|||10VP뽑기박스(67002)|1|10|24
2021-06-03 00:10:24|||10VP뽑기박스(67002)|1|10|14
2021-06-03 00:10:37|||10VP뽑기박스(67002)|1|10|4
2021-06-03 00:12:36|||10VP뽑기박스(67002)|1|10|26
2021-06-03 00:12:45|||10VP뽑기박스(67002)|1|10|16
2021-06-03 00:12:52|||10VP뽑기박스(67002)|1|10|6
2021-06-03 03:31:14|||10VP뽑기박스(67002)|1|10|0
2021-06-03 03:31:20|||10VP뽑기박스(67002)|1|10|1
2021-06-03 15:42:58|||10VP뽑기박스(67002)|1|10|111
2021-06-03 15:43:04|||10VP뽑기박스(67002)|1|10|101
2021-06-03 15:43:14|||10VP뽑기박스(67002)|1|10|91
2021-06-03 15:43:19|||10VP뽑기박스(67002)|1|10|81
2021-06-03 15:43:23|||10VP뽑기박스(67002)|1|10|71
2021-06-03 15:43:31|||10VP뽑기박스(67002)|1|10|61
2021-06-03 15:43:37|||10VP뽑기박스(67002)|1|10|51
2021-06-03 15:43:43|||10VP뽑기박스(67002)|1|10|41
2021-06-03 15:43:49|||10VP뽑기박스(67002)|1|10|31
2021-06-03 15:43:55|||10VP뽑기박스(67002)|1|10|21
2021-06-03 15:44:00|||10VP뽑기박스(67002)|1|10|11
2021-06-03 15:44:03|||10VP뽑기박스(67002)|1|10|1
2021-06-03 15:44:41|||50VP뽑기박스(67007)|1|50|73
2021-06-03 15:44:42|||50VP뽑기박스(67007)|1|50|23
2021-06-03 15:44:43|||10VP뽑기박스(67002)|1|10|13
2021-06-03 15:44:45|||10VP뽑기박스(67002)|1|10|3
2021-06-03 17:03:56|||10VP뽑기박스(67002)|1|10|143
2021-06-03 17:03:58|||10VP뽑기박스(67002)|1|10|133
2021-06-03 17:04:02|||10VP뽑기박스(67002)|1|10|123
2021-06-03 17:04:03|||13VP뽑기박스(67003)|1|13|110
2021-06-03 17:04:24|||10VP뽑기박스(67002)|1|10|100
2021-06-03 17:04:24|||10VP뽑기박스(67002)|1|10|90
2021-06-03 17:04:26|||10VP뽑기박스(67002)|1|10|80
2021-06-03 17:04:27|||10VP뽑기박스(67002)|1|10|70
2021-06-03 17:04:28|||10VP뽑기박스(67002)|1|10|60
2021-06-03 17:04:46|||13VP뽑기박스(67003)|1|13|47
2021-06-03 17:04:48|||15VP뽑기박스(67004)|1|15|32
2021-06-03 17:04:51|||30VP뽑기박스(67006)|1|30|2
2021-06-03 17:05:51|||50RP뽑기박스(67001)|1|50|34
2021-06-03 17:06:02|||10VP뽑기박스(67002)|1|10|125
2021-06-03 17:06:05|||10VP뽑기박스(67002)|1|10|115
2021-06-03 17:06:06|||10VP뽑기박스(67002)|1|10|105
2021-06-03 17:06:07|||10VP뽑기박스(67002)|1|10|95
2021-06-03 17:06:08|||10VP뽑기박스(67002)|1|10|85
2021-06-03 17:06:10|||10VP뽑기박스(67002)|1|10|75
2021-06-03 17:06:11|||10VP뽑기박스(67002)|1|10|65
2021-06-03 17:06:12|||10VP뽑기박스(67002)|1|10|55
2021-06-03 17:06:14|||15VP뽑기박스(67004)|1|15|40
2021-06-03 17:06:28|||10VP뽑기박스(67002)|1|10|30
2021-06-03 17:06:29|||10VP뽑기박스(67002)|1|10|20
2021-06-03 17:06:30|||10VP뽑기박스(67002)|1|10|10
2021-06-03 17:06:31|||10VP뽑기박스(67002)|1|10|0
2021-06-03 17:08:22|||30RP뽑기박스(67000)|1|30|4
2021-06-03 18:33:25|||갈푸스퀘 깃털(100130)|1|4|5
2021-06-03 18:33:47|||갈푸스퀘 깃털(100130)|1|4|7
2021-06-03 18:38:12|||갈푸스퀘 깃털(100130)|1|4|3
2021-06-03 18:38:19|||갈푸스퀘 깃털(100130)|1|4|1
2021-06-03 20:25:29|||갈푸스퀘 깃털(100130)|1|4|0
2021-06-03 20:41:51|tndud5233|뚜야|악몽의성세트(47004)|1|60000|2567100
2021-06-03 20:41:52|tndud5233|뚜야|악몽의성세트(47004)|1|60000|2507100
2021-06-03 20:44:00|tndud5233|뚜야|3회창(94001)|1|30000|2477100
2021-06-03 20:44:01|tndud5233|뚜야|3회창(94001)|1|30000|2447100
2021-06-03 20:44:57|tndud5233|뚜야|경험치 구슬(100507)|1|2000|2445100
2021-06-03 20:44:58|tndud5233|뚜야|경험치 구슬(100507)|1|2000|2443100
2021-06-03 20:44:59|tndud5233|뚜야|경험치 구슬(100507)|1|2000|2441100
2021-06-03 20:45:00|tndud5233|뚜야|경험치 구슬(100507)|1|2000|2439100
2021-06-03 20:45:01|tndud5233|뚜야|경험치 구슬(100507)|1|2000|2437100
2021-06-03 20:45:02|tndud5233|뚜야|경험치 구슬(100507)|1|2000|2435100
2021-06-03 20:45:04|tndud5233|뚜야|경험치 구슬(100507)|1|2000|2433100
2021-06-03 20:45:05|tndud5233|뚜야|경험치 구슬(100507)|1|2000|2431100
2021-06-03 20:45:06|tndud5233|뚜야|경험치 구슬(100507)|1|2000|2429100
2021-06-03 20:45:07|tndud5233|뚜야|경험치 구슬(100507)|1|2000|2427100
2021-06-03 20:46:43|tndud5233|뚜야|진화열매(45009)|1|15000|2412100
2021-06-03 20:46:44|tndud5233|뚜야|진화열매(45009)|1|15000|2397100
2021-06-03 22:06:32|||10VP뽑기박스(67002)|1|10|0
2021-06-03 22:06:42|||30RP뽑기박스(67000)|1|30|5
2021-06-03 23:48:02|||50RP뽑기박스(67001)|1|50|26
2021-06-03 23:48:59|||50RP뽑기박스(67001)|1|50|12
2021-06-03 23:55:15|||10VP뽑기박스(67002)|1|10|0
2021-06-03 23:55:20|||10VP뽑기박스(67002)|1|10|1
2021-06-03 23:55:51|||30RP뽑기박스(67000)|1|30|44
2021-06-03 23:55:53|||30RP뽑기박스(67000)|1|30|14
2021-06-03 23:56:02|||30RP뽑기박스(67000)|1|30|22
