2021-04-29 04:59:57|||경험치 구슬(교불)(100508)|1|3|3
2021-04-29 04:59:59|||경험치 구슬(교불)(100508)|1|3|0
2021-04-29 09:19:05|yy1212|연두|진화열매(45009)|1|15000|792600
2021-04-29 09:20:32|yy1212|연두|Lv4페트 통조림(46018)|1|5000|787600
2021-04-29 10:05:28|||경험치 구슬(교불)(100508)|1|5|25
2021-04-29 10:40:33|||경험치 구슬(교불)(100508)|1|5|748
2021-04-29 10:40:36|||경험치 구슬(교불)(100508)|1|5|743
2021-04-29 10:40:37|||경험치 구슬(교불)(100508)|1|5|738
2021-04-29 10:40:38|||경험치 구슬(교불)(100508)|1|5|733
2021-04-29 10:40:39|||경험치 구슬(교불)(100508)|1|5|728
2021-04-29 10:40:40|||경험치 구슬(교불)(100508)|1|5|723
2021-04-29 10:40:40|||경험치 구슬(교불)(100508)|1|5|718
2021-04-29 10:42:55|gktkdwlssla|하이바|VIP POINT 10000＄(21114)|1|10000|8000
2021-04-29 10:42:56|gktkdwlssla|하이바|VIP POINT 5000＄(21113)|1|5000|3000
2021-04-29 10:42:57|gktkdwlssla|하이바|VIP POINT 3000＄(21112)|1|3000|0
2021-04-29 10:53:45|gktkddmssla|하이버|진화열매(45009)|1|15000|28200
2021-04-29 11:06:25|qusrud11|여포왕|VIP POINT 100000＄(21117)|1|100000|39900
2021-04-29 11:18:09|dlrmfdkdl123|JamManBo|1환생의도끼(100103)|1|1000|10000
2021-04-29 11:25:38|||페트초기화(25150)|1|8|28
2021-04-29 11:27:29|||페트초기화(25150)|1|8|20
2021-04-29 11:28:42|||페트초기화(25150)|1|8|12
2021-04-29 11:31:33|||페트초기화(25150)|1|8|4
2021-04-29 11:34:57|||페트초기화(25150)|1|8|75
2021-04-29 11:37:20|||페트초기화(25150)|1|8|67
2021-04-29 11:39:07|||페트초기화(25150)|1|8|59
2021-04-29 13:36:58|||경험치 구슬(교불)(100508)|1|3|6
2021-04-29 13:37:01|||경험치 구슬(교불)(100508)|1|3|3
2021-04-29 16:25:44|||경험치 구슬(교불)(100508)|1|3|27
2021-04-29 16:25:45|||경험치 구슬(교불)(100508)|1|3|24
2021-04-29 16:25:46|||경험치 구슬(교불)(100508)|1|3|21
2021-04-29 18:17:23|||경험치 구슬(교불)(100508)|1|3|0
2021-04-29 20:05:51|||경험치 구슬(교불)(100508)|1|3|4
2021-04-29 20:05:52|||경험치 구슬(교불)(100508)|1|3|1
2021-04-29 20:54:35|||경험치 구슬(교불)(100508)|1|5|536
2021-04-29 20:54:37|||경험치 구슬(교불)(100508)|1|5|531
2021-04-29 20:54:38|||경험치 구슬(교불)(100508)|1|5|526
2021-04-29 20:54:40|||경험치 구슬(교불)(100508)|1|5|521
2021-04-29 20:54:42|||경험치 구슬(교불)(100508)|1|5|516
