2021-03-21 00:07:26|yy1212|연두|Lv4페트 통조림(46018)|1|5000|566900
2021-03-21 00:07:57|kyk9698|파랑|7환생의도끼(100109)|1|8000|485200
2021-03-21 00:08:52|kyk9698|파랑|Lv4페트 통조림(46018)|1|5000|480200
2021-03-21 00:24:54|kyk9698|파랑|Lv4페트 통조림(46018)|1|5000|475200
2021-03-21 02:24:14|yy1212|연두|Lv4페트 통조림(46018)|1|5000|561900
2021-03-21 03:54:54|||페트초기화(25150)|1|8|0
2021-03-21 07:24:16|comic200|공|맘모스쿠폰(40050)|1|4900|21500
2021-03-21 07:24:18|comic200|공|맘모스쿠폰(40050)|1|4900|16600
2021-03-21 07:24:19|comic200|공|맘모스쿠폰(40050)|1|4900|11700
2021-03-21 07:24:21|comic200|공|맘모스쿠폰(40050)|1|4900|6800
2021-03-21 07:24:24|comic200|공|맘모스쿠폰(40050)|1|4900|1900
2021-03-21 12:01:24|jju4585|달|맘모스쿠폰(40050)|1|4900|602
2021-03-21 12:14:52|qusrud11|여포왕|일반강화(40039)|1|1000|17900
2021-03-21 12:14:53|qusrud11|여포왕|일반강화(40039)|1|1000|16900
2021-03-21 12:14:54|qusrud11|여포왕|일반강화(40039)|1|1000|15900
2021-03-21 12:14:55|qusrud11|여포왕|일반강화(40039)|1|1000|14900
2021-03-21 12:14:56|qusrud11|여포왕|일반강화(40039)|1|1000|13900
2021-03-21 12:14:57|qusrud11|여포왕|일반강화(40039)|1|1000|12900
2021-03-21 12:14:58|qusrud11|여포왕|일반강화(40039)|1|1000|11900
2021-03-21 12:15:00|qusrud11|여포왕|일반강화(40039)|1|1000|10900
2021-03-21 13:11:59|||갈푸스의음식(100130)|1|4|34
2021-03-21 13:12:02|||갈푸스의음식(100130)|1|4|30
2021-03-21 13:12:03|||갈푸스의음식(100130)|1|4|26
2021-03-21 13:12:20|||갈푸스의음식(100130)|1|4|33
2021-03-21 13:12:21|||갈푸스의음식(100130)|1|4|29
2021-03-21 13:12:24|||갈푸스의음식(100130)|1|4|25
2021-03-21 13:15:15|yy1212|연두|7환생의도끼(100109)|1|8000|553900
2021-03-21 13:15:57|||갈푸스의음식(100130)|1|4|162
2021-03-21 13:20:22|yy1212|연두|맘모스쿠폰(40050)|1|4900|549000
2021-03-21 13:20:23|yy1212|연두|맘모스쿠폰(40050)|1|4900|544100
2021-03-21 13:20:24|yy1212|연두|맘모스쿠폰(40050)|1|4900|539200
2021-03-21 13:20:26|yy1212|연두|맘모스쿠폰(40050)|1|4900|534300
2021-03-21 13:20:27|yy1212|연두|맘모스쿠폰(40050)|1|4900|529400
2021-03-21 13:20:28|yy1212|연두|맘모스쿠폰(40050)|1|4900|524500
2021-03-21 13:20:29|yy1212|연두|맘모스쿠폰(40050)|1|4900|519600
2021-03-21 13:20:30|yy1212|연두|맘모스쿠폰(40050)|1|4900|514700
2021-03-21 13:20:31|yy1212|연두|맘모스쿠폰(40050)|1|4900|509800
2021-03-21 13:20:32|yy1212|연두|맘모스쿠폰(40050)|1|4900|504900
2021-03-21 13:20:33|yy1212|연두|맘모스쿠폰(40050)|1|4900|500000
2021-03-21 13:20:34|yy1212|연두|맘모스쿠폰(40050)|1|4900|495100
2021-03-21 13:20:35|yy1212|연두|맘모스쿠폰(40050)|1|4900|490200
2021-03-21 13:20:37|yy1212|연두|맘모스쿠폰(40050)|1|4900|485300
2021-03-21 13:20:38|yy1212|연두|맘모스쿠폰(40050)|1|4900|480400
2021-03-21 15:04:50|janginsub|깡북이|울보소녀 상자(22119)|1|6900|341000
2021-03-21 17:12:40|qkrtkd259|EDEN|디어룬호리병(40140)|1|6900|26100
2021-03-21 17:12:52|qkrtkd259|EDEN|맘모스쿠폰(40050)|1|4900|21200
2021-03-21 17:12:53|qkrtkd259|EDEN|맘모스쿠폰(40050)|1|4900|16300
2021-03-21 17:12:54|qkrtkd259|EDEN|맘모스쿠폰(40050)|1|4900|11400
2021-03-21 17:12:56|qkrtkd259|EDEN|맘모스쿠폰(40050)|1|4900|6500
2021-03-21 17:13:54|qkrtkd259|EDEN|맘모스쿠폰(40050)|1|4900|1600
2021-03-21 17:23:37|jinsung0305|부처|맘모스쿠폰(40050)|1|4900|11300
2021-03-21 17:42:17|yy1212|연두|Lv4페트 통조림(46018)|1|5000|475400
2021-03-21 17:42:51|kyk9698|파랑|툰가 상자(22122)|1|4900|470300
2021-03-21 19:16:00|janginsub|깡북이|루비호리병(40189)|1|6900|334100
2021-03-21 19:16:36|janginsub|깡북이|가르가르호리병(40186)|1|6900|327200
2021-03-21 19:17:35|janginsub|깡북이|롤프호리병(40188)|1|6900|320300
2021-03-21 19:17:48|janginsub|깡북이|흑풍호리병(40187)|1|6900|313400
2021-03-21 19:18:29|kk1212|노북이|롤프호리병(40188)|1|6900|4665073
2021-03-21 19:18:31|kk1212|노북이|루비호리병(40189)|1|6900|4658173
2021-03-21 20:22:07|gmlcks12|에이스|맘모스쿠폰(40050)|1|4900|2500
2021-03-21 20:40:51|jis8711255|핸콕|가르가르호리병(40186)|1|6900|2942500
2021-03-21 22:01:20|gmlcks12|에이스|맘모스쿠폰(40050)|1|4900|19600
2021-03-21 22:01:22|gmlcks12|에이스|맘모스쿠폰(40050)|1|4900|14700
2021-03-21 22:01:23|gmlcks12|에이스|맘모스쿠폰(40050)|1|4900|9800
2021-03-21 22:01:24|gmlcks12|에이스|맘모스쿠폰(40050)|1|4900|4900
2021-03-21 22:01:26|gmlcks12|에이스|맘모스쿠폰(40050)|1|4900|0
2021-03-21 22:40:57|||하드기성클리어상자(40161)|1|15|77
2021-03-21 22:40:58|||하드기성클리어상자(40161)|1|15|62
2021-03-21 22:40:59|||하드기성클리어상자(40161)|1|15|47
2021-03-21 22:41:00|||하드기성클리어상자(40161)|1|15|32
2021-03-21 22:41:01|||하드기성클리어상자(40161)|1|15|17
2021-03-21 22:41:04|||하드기성클리어상자(40161)|1|15|2
2021-03-21 22:41:44|||하드기성클리어상자(40161)|1|15|74
2021-03-21 22:41:45|||하드기성클리어상자(40161)|1|15|59
2021-03-21 22:41:46|||하드기성클리어상자(40161)|1|15|44
2021-03-21 22:41:47|||하드기성클리어상자(40161)|1|15|29
2021-03-21 22:41:48|||하드기성클리어상자(40161)|1|15|14
2021-03-21 23:41:13|jinsung0305|부처|맘모스쿠폰(40050)|1|4900|55900
2021-03-21 23:46:18|nozzle77|카카오|맘모스쿠폰(40050)|1|4900|7200
2021-03-21 23:46:20|nozzle77|카카오|맘모스쿠폰(40050)|1|4900|2300
2021-03-21 23:49:05|nozzle77|카카오|맘모스쿠폰(40050)|1|4900|700
2021-03-21 23:57:55|to2532|리바이|메탈사로레전드호리병(40121)|1|6900|93100
