2021-04-19 00:33:22|||페트초기화(25150)|1|8|0
2021-04-19 02:18:26|kaee55|MOmO|주작호리병(40116)|1|6900|7100
2021-04-19 02:18:29|kaee55|MOmO|청룡호리병(40118)|1|6900|200
2021-04-19 02:40:54|ddon897|찡구|청룡호리병(40118)|1|6900|7300
2021-04-19 02:41:16|ddon897|찡구|맘모스쿠폰(40050)|1|4900|2400
2021-04-19 02:42:12|ddon897|찡구|페트초기화(25150)|1|1000|1400
2021-04-19 02:42:14|ddon897|찡구|페트초기화(25150)|1|1000|400
2021-04-19 02:46:09|||경험치 구슬(교불)(100508)|1|5|91
2021-04-19 02:46:11|||페트초기화(25150)|1|8|0
2021-04-19 02:46:14|||경험치 구슬(교불)(100508)|1|5|86
2021-04-19 02:46:15|||경험치 구슬(교불)(100508)|1|5|81
2021-04-19 02:48:39|||페트초기화(25150)|1|8|8
2021-04-19 03:15:16|||갈푸스퀘 깃털(100130)|1|4|52
2021-04-19 03:15:22|||갈푸스퀘 깃털(100130)|1|4|41
2021-04-19 10:41:31|||30만스톤 수표(100033)|1|4|16
2021-04-19 10:41:33|||30만스톤 수표(100033)|1|4|12
2021-04-19 10:41:34|||30만스톤 수표(100033)|1|4|8
2021-04-19 10:41:35|||30만스톤 수표(100033)|1|4|4
2021-04-19 10:41:42|||30만스톤 수표(100033)|1|4|0
2021-04-19 12:27:50|||30만스톤 수표(100033)|1|4|11
2021-04-19 12:27:58|||30만스톤 수표(100033)|1|4|7
2021-04-19 13:21:30|||30만스톤 수표(100033)|1|4|5
2021-04-19 13:27:38|destop123|짱구|맘모스쿠폰(40050)|1|4900|157800
2021-04-19 13:27:40|destop123|짱구|맘모스쿠폰(40050)|1|4900|152900
2021-04-19 13:30:51|destop123|짱구|맘모스쿠폰(40050)|1|4900|148000
2021-04-19 13:30:52|destop123|짱구|맘모스쿠폰(40050)|1|4900|143100
2021-04-19 13:30:54|destop123|짱구|맘모스쿠폰(40050)|1|4900|138200
2021-04-19 13:30:55|destop123|짱구|맘모스쿠폰(40050)|1|4900|133300
2021-04-19 13:30:57|destop123|짱구|맘모스쿠폰(40050)|1|4900|128400
2021-04-19 14:23:09|gmlcks12|에이스|맘모스쿠폰(40050)|1|4900|16100
2021-04-19 14:23:10|gmlcks12|에이스|맘모스쿠폰(40050)|1|4900|11200
2021-04-19 14:23:40|gmlcks12|에이스|맘모스쿠폰(40050)|1|4900|6300
2021-04-19 14:23:42|gmlcks12|에이스|맘모스쿠폰(40050)|1|4900|1400
2021-04-19 14:48:01|||갈푸스퀘 깃털(100130)|1|4|32
2021-04-19 14:48:12|||갈푸스퀘 깃털(100130)|1|4|35
2021-04-19 15:15:16|insub77730|카키|페트초기화(25150)|1|1000|4604700
2021-04-19 15:15:46|insub77730|카키|Lv4페트 통조림(46018)|1|5000|4599700
2021-04-19 15:16:07|insub77730|카키|경험치 구슬(100507)|1|2000|4597700
2021-04-19 15:16:08|insub77730|카키|경험치 구슬(100507)|1|2000|4595700
2021-04-19 15:16:11|insub77730|카키|경험치 구슬(100507)|1|2000|4593700
2021-04-19 17:57:44|||경험치 구슬(교불)(100508)|1|5|130
2021-04-19 17:57:46|||경험치 구슬(교불)(100508)|1|5|125
2021-04-19 17:57:47|||경험치 구슬(교불)(100508)|1|5|120
2021-04-19 19:40:08|||30만스톤 수표(100033)|1|4|3
2021-04-19 19:40:11|||경험치 구슬(교불)(100508)|1|3|0
2021-04-19 19:40:18|||30만스톤 수표(100033)|1|4|6
2021-04-19 19:40:20|||경험치 구슬(교불)(100508)|1|3|3
2021-04-19 21:37:52|ar4055|엉디|맘모스쿠폰(40050)|1|4900|30600
2021-04-19 21:37:54|ar4055|엉디|맘모스쿠폰(40050)|1|4900|25700
2021-04-19 21:37:56|ar4055|엉디|맘모스쿠폰(40050)|1|4900|20800
2021-04-19 21:38:19|ar4055|엉디|맘모스쿠폰(40050)|1|4900|15900
2021-04-19 21:38:37|ar4055|엉디|맘모스쿠폰(40050)|1|4900|11000
2021-04-19 21:38:38|ar4055|엉디|맘모스쿠폰(40050)|1|4900|6100
2021-04-19 21:38:40|ar4055|엉디|맘모스쿠폰(40050)|1|4900|1200
2021-04-19 21:44:17|gocks170614|정또노|맘모스쿠폰(40050)|1|4900|1500
2021-04-19 21:49:57|ar4055|엉디|맘모스쿠폰(40050)|1|4900|16300
2021-04-19 22:07:23|ar4055|엉디|맘모스쿠폰(40050)|1|4900|11400
2021-04-19 22:07:25|ar4055|엉디|맘모스쿠폰(40050)|1|4900|6500
2021-04-19 22:07:29|ds0516|피맛|맘모스쿠폰(40050)|1|4900|6900
2021-04-19 22:07:30|ds0516|피맛|맘모스쿠폰(40050)|1|4900|2000
2021-04-19 22:08:47|rntjehe2|슨우|맘모스쿠폰(40050)|1|4900|6100
2021-04-19 22:08:49|rntjehe2|슨우|맘모스쿠폰(40050)|1|4900|1200
2021-04-19 22:09:32|jys123|대장|맘모스쿠폰(40050)|1|4900|5100
2021-04-19 22:09:34|jys123|대장|맘모스쿠폰(40050)|1|4900|200
2021-04-19 22:14:46|dkzm11|bibibi|맘모스쿠폰(40050)|1|4900|5400
2021-04-19 22:14:48|dkzm11|bibibi|맘모스쿠폰(40050)|1|4900|500
2021-04-19 22:15:48|cu3040|주디홉스|맘모스쿠폰(40050)|1|4900|5100
2021-04-19 22:15:49|cu3040|주디홉스|맘모스쿠폰(40050)|1|4900|200
2021-04-19 22:16:59|gocks170614|정또노|VIP페트2차뽑기박스(40203)|1|7900|3600
2021-04-19 22:17:50|jake1|로망|VIP POINT 10000＄(21114)|1|10000|0
2021-04-19 22:18:07|ar4055|엉디|맘모스쿠폰(40050)|1|4900|11600
2021-04-19 22:18:09|ar4055|엉디|맘모스쿠폰(40050)|1|4900|6700
2021-04-19 22:18:10|ar4055|엉디|맘모스쿠폰(40050)|1|4900|1800
2021-04-19 22:21:19|caoston1|찬|맘모스쿠폰(40050)|1|4900|5100
2021-04-19 22:21:21|caoston1|찬|맘모스쿠폰(40050)|1|4900|200
2021-04-19 22:21:45|qkrwlgns817|박효신|맘모스쿠폰(40050)|1|4900|5100
2021-04-19 22:21:47|qkrwlgns817|박효신|맘모스쿠폰(40050)|1|4900|200
2021-04-19 22:22:40|petdy21|훈쓰|VIP POINT 10000＄(21114)|1|10000|0
2021-04-19 22:26:11|ehwls1235|도진|맘모스쿠폰(40050)|1|4900|8100
2021-04-19 22:27:13|gogo12345|헤라클레스.|VIP POINT 10000＄(21114)|1|10000|0
2021-04-19 22:27:16|||갈푸스퀘 깃털(100130)|1|4|0
2021-04-19 22:27:22|||갈푸스퀘 깃털(100130)|1|4|0
2021-04-19 22:29:52|gogo12345|헤라클레스.|VIP POINT 10000＄(21114)|1|10000|0
2021-04-19 22:30:53|gktkddmssla|하이버|맘모스쿠폰(40050)|1|4900|6000
2021-04-19 22:30:54|gktkddmssla|하이버|맘모스쿠폰(40050)|1|4900|1100
2021-04-19 22:37:44|gocks170614|정또노|경험치 구슬(100507)|1|2000|1600
2021-04-19 22:41:40|a6464|하이|맘모스쿠폰(40050)|1|4900|18000
2021-04-19 22:41:42|a6464|하이|맘모스쿠폰(40050)|1|4900|13100
2021-04-19 22:42:27|a6464|하이|맘모스쿠폰(40050)|1|4900|8200
2021-04-19 22:42:30|a6464|하이|맘모스쿠폰(40050)|1|4900|3300
2021-04-19 22:43:07|ehwls1235|도진|무지개 통조림(46022)|1|8000|100
2021-04-19 22:48:41|dkdldh33|일랜|VIP POINT 10000＄(21114)|1|10000|3500
2021-04-19 22:48:43|kimchijeon1|김치전존맛|메탈사로레전드호리병(40121)|1|6900|3100
2021-04-19 22:48:44|dkdldh33|일랜|VIP POINT 3000＄(21112)|1|3000|500
2021-04-19 22:50:18|gmlcks12|에이스|맘모스쿠폰(40050)|1|4900|19500
2021-04-19 22:50:20|gmlcks12|에이스|맘모스쿠폰(40050)|1|4900|14600
2021-04-19 22:55:33|||경험치 구슬(교불)(100508)|1|3|2
2021-04-19 22:57:25|qkrwlgns817|박효신|진화열매(45009)|1|15000|10200
2021-04-19 23:01:01|qkrwlgns817|박효신|맘모스쿠폰(40050)|1|4900|5300
2021-04-19 23:01:02|qkrwlgns817|박효신|맘모스쿠폰(40050)|1|4900|400
2021-04-19 23:03:12|||경험치 구슬(교불)(100508)|1|3|49
2021-04-19 23:03:55|yk3024|콩콩이|맘모스쿠폰(40050)|1|4900|7100
2021-04-19 23:03:57|yk3024|콩콩이|맘모스쿠폰(40050)|1|4900|2200
2021-04-19 23:06:48|ccs56|츄르|VIP POINT 1000＄(21111)|1|1000|0
2021-04-19 23:22:52|ghrn|호규맨|맘모스쿠폰(40050)|1|4900|6100
2021-04-19 23:22:54|ghrn|호규맨|맘모스쿠폰(40050)|1|4900|1200
2021-04-19 23:25:46|ccs5656|추르|VIP POINT 10000＄(21114)|1|10000|10000
2021-04-19 23:25:49|ccs5656|추르|VIP POINT 10000＄(21114)|1|10000|0
2021-04-19 23:26:24|comic200|공|진화열매(45009)|1|15000|49400
2021-04-19 23:26:59|||페트초기화(25150)|1|8|139
2021-04-19 23:28:00|comic200|공|진화열매(45009)|1|15000|34400
2021-04-19 23:28:38|||페트초기화(25150)|1|8|142
2021-04-19 23:30:47|comic200|공|맘모스쿠폰(40050)|1|4900|29500
2021-04-19 23:30:50|comic200|공|맘모스쿠폰(40050)|1|4900|24600
2021-04-19 23:30:52|comic200|공|맘모스쿠폰(40050)|1|4900|19700
2021-04-19 23:30:54|comic200|공|맘모스쿠폰(40050)|1|4900|14800
2021-04-19 23:30:55|comic200|공|맘모스쿠폰(40050)|1|4900|9900
2021-04-19 23:30:56|comic200|공|맘모스쿠폰(40050)|1|4900|5000
2021-04-19 23:30:58|comic200|공|맘모스쿠폰(40050)|1|4900|100
2021-04-19 23:34:08|||페트초기화(25150)|1|8|134
2021-04-19 23:36:14|||페트초기화(25150)|1|8|126
2021-04-19 23:36:22|||페트초기화(25150)|1|8|118
2021-04-19 23:36:38|||페트초기화(25150)|1|8|110
2021-04-19 23:59:33|||페트초기화(25150)|1|8|0
