2021-04-10 01:24:45|||갈푸스퀘 깃털(100130)|1|4|16
2021-04-10 01:24:54|||갈푸스퀘 깃털(100130)|1|4|16
2021-04-10 05:25:52|||페트초기화(25150)|1|8|10
2021-04-10 05:30:15|||갈푸스퀘 깃털(100130)|1|4|6
2021-04-10 05:30:19|||갈푸스퀘 깃털(100130)|1|4|14
2021-04-10 07:41:18|||갈푸스퀘 깃털(100130)|1|4|26
2021-04-10 07:41:25|||갈푸스퀘 깃털(100130)|1|4|26
2021-04-10 07:43:33|||갈푸스퀘 깃털(100130)|1|4|22
2021-04-10 07:43:39|||갈푸스퀘 깃털(100130)|1|4|22
2021-04-10 07:46:11|||갈푸스퀘 깃털(100130)|1|4|18
2021-04-10 07:46:16|||갈푸스퀘 깃털(100130)|1|4|18
2021-04-10 08:44:47|gge456|꼬망이|3회창(94001)|1|30000|20000
2021-04-10 08:47:01|gge456|꼬망이|거울의 목걸이(98000)|1|20000|0
2021-04-10 09:37:13|gge456|꼬망이|다크바로스호리병(40147)|1|6900|3100
2021-04-10 09:47:14|||갈푸스퀘 깃털(100130)|1|4|5
2021-04-10 09:47:17|||갈푸스퀘 깃털(100130)|1|4|1
2021-04-10 09:47:25|||갈푸스퀘 깃털(100130)|1|4|5
2021-04-10 09:47:26|||갈푸스퀘 깃털(100130)|1|4|1
2021-04-10 10:08:54|gge456|꼬망이|경험치 구슬(100507)|1|2000|1100
2021-04-10 11:21:11|wg9400|光明|VIP POINT 100000＄(21117)|1|100000|260000
2021-04-10 11:21:13|wg9400|光明|VIP POINT 100000＄(21117)|1|100000|160000
2021-04-10 11:21:14|wg9400|光明|VIP POINT 100000＄(21117)|1|100000|60000
2021-04-10 11:21:19|wg9400|光明|VIP POINT 50000＄(21116)|1|50000|10000
2021-04-10 11:21:21|wg9400|光明|VIP POINT 10000＄(21114)|1|10000|0
2021-04-10 12:15:56|||경험치 구슬(교불)(100508)|1|5|578
2021-04-10 12:15:57|||경험치 구슬(교불)(100508)|1|5|573
2021-04-10 12:15:58|||경험치 구슬(교불)(100508)|1|5|568
2021-04-10 12:15:59|||경험치 구슬(교불)(100508)|1|5|563
2021-04-10 12:16:00|||경험치 구슬(교불)(100508)|1|5|558
2021-04-10 13:24:41|kqhwl|갓떡|(-1)|1|0|0
2021-04-10 13:29:46|||페트초기화(25150)|1|8|0
2021-04-10 14:05:44|ccs5656|추르|맘모스쿠폰(40050)|1|4900|26400
2021-04-10 14:05:47|ccs5656|추르|맘모스쿠폰(40050)|1|4900|21500
2021-04-10 14:06:29|ccs5656|추르|맘모스쿠폰(40050)|1|4900|16600
2021-04-10 14:06:30|ccs5656|추르|맘모스쿠폰(40050)|1|4900|11700
2021-04-10 14:07:05|ccs5656|추르|맘모스쿠폰(40050)|1|4900|6800
2021-04-10 14:07:06|ccs5656|추르|맘모스쿠폰(40050)|1|4900|1900
2021-04-10 15:41:25|||경험치 구슬(교불)(100508)|1|5|114
2021-04-10 15:41:27|||경험치 구슬(교불)(100508)|1|5|109
2021-04-10 15:41:28|||경험치 구슬(교불)(100508)|1|5|104
2021-04-10 15:41:29|||경험치 구슬(교불)(100508)|1|5|99
2021-04-10 15:41:35|||경험치 구슬(교불)(100508)|1|5|94
2021-04-10 15:41:37|||경험치 구슬(교불)(100508)|1|5|89
2021-04-10 15:41:37|||경험치 구슬(교불)(100508)|1|5|84
2021-04-10 15:41:39|||경험치 구슬(교불)(100508)|1|5|79
2021-04-10 15:41:40|||경험치 구슬(교불)(100508)|1|5|74
2021-04-10 15:41:41|||경험치 구슬(교불)(100508)|1|5|69
2021-04-10 15:41:51|||경험치 구슬(교불)(100508)|1|5|113
2021-04-10 15:41:52|||경험치 구슬(교불)(100508)|1|5|108
2021-04-10 15:41:53|||경험치 구슬(교불)(100508)|1|5|103
2021-04-10 15:41:54|||경험치 구슬(교불)(100508)|1|5|98
2021-04-10 15:41:55|||경험치 구슬(교불)(100508)|1|5|93
2021-04-10 15:41:57|||경험치 구슬(교불)(100508)|1|5|88
2021-04-10 15:41:57|||경험치 구슬(교불)(100508)|1|5|83
2021-04-10 15:41:59|||경험치 구슬(교불)(100508)|1|5|78
2021-04-10 15:42:01|||경험치 구슬(교불)(100508)|1|5|73
2021-04-10 15:42:02|||경험치 구슬(교불)(100508)|1|5|68
2021-04-10 15:42:18|||경험치 구슬(교불)(100508)|1|5|63
2021-04-10 15:42:19|||경험치 구슬(교불)(100508)|1|5|58
2021-04-10 15:42:25|||경험치 구슬(교불)(100508)|1|5|64
2021-04-10 15:42:26|||경험치 구슬(교불)(100508)|1|5|59
2021-04-10 15:42:30|||경험치 구슬(교불)(100508)|1|5|54
2021-04-10 15:42:31|||경험치 구슬(교불)(100508)|1|5|49
2021-04-10 15:42:32|||경험치 구슬(교불)(100508)|1|5|44
2021-04-10 15:42:33|||경험치 구슬(교불)(100508)|1|5|39
2021-04-10 15:42:34|||경험치 구슬(교불)(100508)|1|5|34
2021-04-10 15:42:35|||경험치 구슬(교불)(100508)|1|5|29
2021-04-10 15:42:37|||경험치 구슬(교불)(100508)|1|5|24
2021-04-10 15:42:38|||경험치 구슬(교불)(100508)|1|5|19
2021-04-10 15:42:46|||경험치 구슬(교불)(100508)|1|5|14
2021-04-10 15:42:47|||경험치 구슬(교불)(100508)|1|5|9
2021-04-10 15:42:48|||경험치 구슬(교불)(100508)|1|5|4
2021-04-10 15:42:54|||경험치 구슬(교불)(100508)|1|5|53
2021-04-10 15:42:55|||경험치 구슬(교불)(100508)|1|5|48
2021-04-10 15:42:56|||경험치 구슬(교불)(100508)|1|5|43
2021-04-10 15:42:58|||경험치 구슬(교불)(100508)|1|5|38
2021-04-10 15:42:59|||경험치 구슬(교불)(100508)|1|5|33
2021-04-10 15:43:00|||경험치 구슬(교불)(100508)|1|5|28
2021-04-10 15:43:01|||경험치 구슬(교불)(100508)|1|5|23
2021-04-10 15:43:03|||경험치 구슬(교불)(100508)|1|5|18
2021-04-10 15:43:04|||경험치 구슬(교불)(100508)|1|5|13
2021-04-10 15:43:06|||경험치 구슬(교불)(100508)|1|5|8
2021-04-10 15:43:07|||경험치 구슬(교불)(100508)|1|5|3
2021-04-10 16:26:56|||30만스톤 수표(100033)|1|4|61
2021-04-10 16:26:58|||30만스톤 수표(100033)|1|4|57
2021-04-10 16:26:59|||30만스톤 수표(100033)|1|4|53
2021-04-10 16:27:00|||30만스톤 수표(100033)|1|4|49
2021-04-10 16:27:03|||30만스톤 수표(100033)|1|4|45
2021-04-10 16:27:04|||30만스톤 수표(100033)|1|4|41
2021-04-10 16:27:05|||30만스톤 수표(100033)|1|4|37
2021-04-10 16:27:08|||30만스톤 수표(100033)|1|4|33
2021-04-10 16:27:10|||30만스톤 수표(100033)|1|4|29
2021-04-10 16:27:24|||30만스톤 수표(100033)|1|4|25
2021-04-10 16:27:26|||30만스톤 수표(100033)|1|4|21
2021-04-10 16:27:27|||30만스톤 수표(100033)|1|4|17
2021-04-10 16:27:29|||30만스톤 수표(100033)|1|4|13
2021-04-10 16:27:31|||30만스톤 수표(100033)|1|4|9
2021-04-10 16:27:33|||30만스톤 수표(100033)|1|4|5
2021-04-10 16:27:35|||30만스톤 수표(100033)|1|4|1
2021-04-10 16:27:52|||30만스톤 수표(100033)|1|4|56
2021-04-10 16:27:54|||30만스톤 수표(100033)|1|4|52
2021-04-10 16:27:55|||30만스톤 수표(100033)|1|4|48
2021-04-10 16:27:58|||30만스톤 수표(100033)|1|4|44
2021-04-10 16:28:00|||30만스톤 수표(100033)|1|4|40
2021-04-10 18:39:00|||갈푸스퀘 깃털(100130)|1|4|60
2021-04-10 18:39:04|||갈푸스퀘 깃털(100130)|1|4|57
2021-04-10 19:55:50|||경험치 구슬(교불)(100508)|1|3|30
2021-04-10 19:55:52|||경험치 구슬(교불)(100508)|1|3|27
2021-04-10 20:23:02|wg0135|水|VIP POINT 100000＄(21117)|1|100000|260000
2021-04-10 20:23:04|wg0135|水|VIP POINT 100000＄(21117)|1|100000|160000
2021-04-10 20:23:05|wg0135|水|VIP POINT 100000＄(21117)|1|100000|60000
2021-04-10 20:23:06|wg0135|水|VIP POINT 50000＄(21116)|1|50000|10000
2021-04-10 20:23:08|wg0135|水|VIP POINT 10000＄(21114)|1|10000|0
2021-04-10 20:53:00|||30만스톤 수표(100033)|1|4|90
2021-04-10 20:56:00|babydog1227|지니|레이드일반강화(40039)|1|1000|500
2021-04-10 23:45:48|||경험치 구슬(교불)(100508)|1|5|553
2021-04-10 23:45:49|||경험치 구슬(교불)(100508)|1|5|548
2021-04-10 23:45:52|||경험치 구슬(교불)(100508)|1|5|543
