2021-03-10 00:03:05|kyk9698|파랑|경험치 구슬(100507)|1|2000|16100
2021-03-10 00:03:06|kyk9698|파랑|경험치 구슬(100507)|1|2000|14100
2021-03-10 00:03:07|kyk9698|파랑|경험치 구슬(100507)|1|2000|12100
2021-03-10 00:03:09|kyk9698|파랑|경험치 구슬(100507)|1|2000|10100
2021-03-10 00:03:10|kyk9698|파랑|경험치 구슬(100507)|1|2000|8100
2021-03-10 00:03:11|kyk9698|파랑|경험치 구슬(100507)|1|2000|6100
2021-03-10 00:03:12|kyk9698|파랑|경험치 구슬(100507)|1|2000|4100
2021-03-10 00:03:13|kyk9698|파랑|경험치 구슬(100507)|1|2000|2100
2021-03-10 00:03:14|kyk9698|파랑|경험치 구슬(100507)|1|2000|100
2021-03-10 00:03:42|yy1212|연두|경험치 구슬(100507)|1|2000|162600
2021-03-10 00:03:44|yy1212|연두|경험치 구슬(100507)|1|2000|160600
2021-03-10 00:03:45|yy1212|연두|경험치 구슬(100507)|1|2000|158600
2021-03-10 00:03:46|yy1212|연두|경험치 구슬(100507)|1|2000|156600
2021-03-10 00:03:47|yy1212|연두|경험치 구슬(100507)|1|2000|154600
2021-03-10 00:03:49|yy1212|연두|경험치 구슬(100507)|1|2000|152600
2021-03-10 00:04:00|yy1212|연두|경험치 구슬(100507)|1|2000|150600
2021-03-10 00:23:06|yy1212|연두|Lv4페트 통조림(46018)|1|5000|145600
2021-03-10 00:23:35|jis871125|루피|경험치 구슬(100507)|1|2000|269200
2021-03-10 00:23:37|jis871125|루피|경험치 구슬(100507)|1|2000|267200
2021-03-10 00:23:38|jis871125|루피|경험치 구슬(100507)|1|2000|265200
2021-03-10 03:13:29|destop123|짱구|1환생의도끼(100103)|1|1000|52600
2021-03-10 03:13:45|destop123|짱구|1환생의도끼(100103)|1|1000|51600
2021-03-10 05:09:47|destop123|짱구|100만스톤 수표(100041)|1|1000|50600
2021-03-10 05:16:40|destop123|짱구|100만스톤 수표(100041)|1|1000|49600
2021-03-10 05:24:30|destop123|짱구|100만스톤 수표(100041)|1|1000|48600
2021-03-10 09:25:12|qusrud11|여포왕|경험치 구슬(100507)|1|2000|33800
2021-03-10 11:52:03|cm901|바람|(-1)|1|0|100
2021-03-10 14:00:20|yy1212|연두|악몽의성세트(47004)|1|60000|85600
2021-03-10 14:04:13|kyk9698|파랑|페트초기화5개(25152)|1|4000|96100
2021-03-10 14:05:21|yy1212|연두|페트초기화5개(25152)|1|4000|81600
2021-03-10 14:09:09|kyk9698|파랑|2환생의도끼(100104)|1|2000|94100
2021-03-10 14:09:32|yy1212|연두|2환생의도끼(100104)|1|2000|79600
2021-03-10 14:12:02|yy1212|연두|Lv4페트 통조림(46018)|1|5000|74600
2021-03-10 14:12:11|kyk9698|파랑|Lv4페트 통조림(46018)|1|5000|89100
2021-03-10 17:09:51|cm900|유혹|5환생의도끼(100107)|1|4000|51000
2021-03-10 17:09:52|cm900|유혹|5환생의도끼(100107)|1|4000|47000
2021-03-10 17:09:54|cm900|유혹|6환생의도끼(100108)|1|5000|42000
2021-03-10 17:09:55|cm900|유혹|6환생의도끼(100108)|1|5000|37000
2021-03-10 17:09:56|cm900|유혹|7환생의도끼(100109)|1|8000|29000
2021-03-10 17:09:57|cm900|유혹|7환생의도끼(100109)|1|8000|21000
2021-03-10 17:15:45|cm900|유혹|아이스드래곤호리병(40113)|1|6900|14100
2021-03-10 17:16:00|cm900|유혹|Lv4페트 통조림(46019)|1|5000|9100
2021-03-10 17:16:03|cm900|유혹|Lv4페트 통조림(46018)|1|5000|4100
2021-03-10 17:16:04|cm900|유혹|페트초기화5개(25152)|1|4000|100
2021-03-10 18:38:09|cm900|유혹|500만스톤 수표(100045)|1|4000|51100
2021-03-10 18:47:00|cm900|유혹|다크바로스호리병(40147)|1|6900|44200
2021-03-10 18:47:01|cm900|유혹|다크바로스호리병(40147)|1|6900|37300
2021-03-10 18:47:12|cm900|유혹|페트초기화5개(25152)|1|4000|33300
2021-03-10 18:47:13|cm900|유혹|페트초기화5개(25152)|1|4000|29300
2021-03-10 19:06:37|cm900|유혹|Lv4페트 통조림(46019)|1|5000|24300
2021-03-10 19:06:40|cm900|유혹|Lv4페트 통조림(46018)|1|5000|19300
2021-03-10 19:16:49|thsalsgh1|손민순|주작호리병(40116)|1|6900|4100
2021-03-10 19:17:18|yy1212|연두|경험치 구슬(100507)|1|2000|72600
2021-03-10 19:17:19|yy1212|연두|경험치 구슬(100507)|1|2000|70600
2021-03-10 19:17:20|yy1212|연두|경험치 구슬(100507)|1|2000|68600
2021-03-10 19:17:21|yy1212|연두|경험치 구슬(100507)|1|2000|66600
2021-03-10 19:17:23|yy1212|연두|경험치 구슬(100507)|1|2000|64600
2021-03-10 19:17:24|yy1212|연두|경험치 구슬(100507)|1|2000|62600
2021-03-10 19:17:25|yy1212|연두|경험치 구슬(100507)|1|2000|60600
2021-03-10 19:17:26|yy1212|연두|경험치 구슬(100507)|1|2000|58600
2021-03-10 19:17:44|kyk9698|파랑|경험치 구슬(100507)|1|2000|87100
2021-03-10 19:17:45|kyk9698|파랑|경험치 구슬(100507)|1|2000|85100
2021-03-10 19:17:47|kyk9698|파랑|경험치 구슬(100507)|1|2000|83100
2021-03-10 19:17:48|kyk9698|파랑|경험치 구슬(100507)|1|2000|81100
2021-03-10 19:17:49|kyk9698|파랑|경험치 구슬(100507)|1|2000|79100
2021-03-10 19:23:34|yy1212|연두|크루거호리병(40135)|1|6900|51700
2021-03-10 19:46:33|kk1212|노북이|다크바로스호리병(40147)|1|6900|4651000
2021-03-10 19:48:10|kk1212|노북이|사자소년 상자(22118)|1|6900|4644100
2021-03-10 19:49:24|kk1212|노북이|바람소년 상자(22121)|1|6900|4637200
2021-03-10 20:03:03|yy1212|연두|바람소년 상자(22121)|1|6900|44800
2021-03-10 21:06:08|yy1212|연두|3환생의도끼(100105)|1|2500|42300
2021-03-10 21:06:16|kyk9698|파랑|3환생의도끼(100105)|1|2500|76600
2021-03-10 21:15:50|jis871125|루피|2환생의도끼(100104)|1|2000|263200
2021-03-10 21:15:58|jis8711255|핸콕|1환생의도끼(100103)|1|1000|413200
2021-03-10 21:16:07|jis8711255|핸콕|황금자루(25151)|1|15000|398200
2021-03-10 21:16:08|jis8711255|핸콕|황금자루(25151)|1|15000|383200
2021-03-10 21:20:31|jis8711255|핸콕|샤크론호리병(40133)|1|6900|376300
2021-03-10 21:43:48|cm900|유혹|페트초기화5개(25152)|1|4000|15300
2021-03-10 21:43:49|cm900|유혹|페트초기화5개(25152)|1|4000|11300
2021-03-10 23:24:17|thsalsgh1|손민순|(-1)|1|0|4100
2021-03-10 23:37:02|jis8711255|핸콕|경험치 구슬(100507)|1|2000|374300
2021-03-10 23:37:20|jis871125|루피|경험치 구슬(100507)|1|2000|261200
2021-03-10 23:37:22|jis871125|루피|경험치 구슬(100507)|1|2000|259200
2021-03-10 23:46:26|yy1212|연두|장인의강화(40054)|1|5000|37300
2021-03-10 23:46:27|yy1212|연두|장인의강화(40054)|1|5000|32300
2021-03-10 23:46:28|yy1212|연두|장인의강화(40054)|1|5000|27300
2021-03-10 23:46:29|yy1212|연두|장인의강화(40054)|1|5000|22300
2021-03-10 23:46:30|yy1212|연두|장인의강화(40054)|1|5000|17300
2021-03-10 23:46:30|yy1212|연두|장인의강화(40054)|1|5000|12300
2021-03-10 23:46:31|yy1212|연두|장인의강화(40054)|1|5000|7300
2021-03-10 23:46:32|yy1212|연두|장인의강화(40054)|1|5000|2300
2021-03-10 23:47:10|yy1212|연두|장인의강화(40054)|1|5000|297300
2021-03-10 23:47:11|yy1212|연두|장인의강화(40054)|1|5000|292300
2021-03-10 23:47:12|yy1212|연두|장인의강화(40054)|1|5000|287300
2021-03-10 23:47:13|yy1212|연두|장인의강화(40054)|1|5000|282300
2021-03-10 23:47:14|yy1212|연두|장인의강화(40054)|1|5000|277300
2021-03-10 23:47:14|yy1212|연두|장인의강화(40054)|1|5000|272300
2021-03-10 23:47:15|yy1212|연두|장인의강화(40054)|1|5000|267300
2021-03-10 23:47:16|yy1212|연두|장인의강화(40054)|1|5000|262300
2021-03-10 23:47:16|yy1212|연두|장인의강화(40054)|1|5000|257300
2021-03-10 23:47:17|yy1212|연두|장인의강화(40054)|1|5000|252300
2021-03-10 23:47:18|yy1212|연두|장인의강화(40054)|1|5000|247300
2021-03-10 23:47:18|yy1212|연두|장인의강화(40054)|1|5000|242300
2021-03-10 23:47:19|yy1212|연두|장인의강화(40054)|1|5000|237300
2021-03-10 23:47:19|yy1212|연두|장인의강화(40054)|1|5000|232300
2021-03-10 23:47:20|yy1212|연두|장인의강화(40054)|1|5000|227300
2021-03-10 23:47:21|yy1212|연두|장인의강화(40054)|1|5000|222300
2021-03-10 23:47:22|yy1212|연두|장인의강화(40054)|1|5000|217300
2021-03-10 23:47:22|yy1212|연두|장인의강화(40054)|1|5000|212300
2021-03-10 23:47:23|yy1212|연두|장인의강화(40054)|1|5000|207300
2021-03-10 23:47:24|yy1212|연두|장인의강화(40054)|1|5000|202300
2021-03-10 23:47:25|yy1212|연두|(-1)|1|0|202300
2021-03-10 23:47:25|yy1212|연두|장인의강화(40054)|1|5000|197300
2021-03-10 23:47:26|yy1212|연두|장인의강화(40054)|1|5000|192300
2021-03-10 23:50:05|yy1212|연두|장인의강화(40054)|1|5000|187300
2021-03-10 23:50:07|yy1212|연두|장인의강화(40054)|1|5000|182300
2021-03-10 23:50:08|yy1212|연두|장인의강화(40054)|1|5000|177300
2021-03-10 23:50:08|yy1212|연두|장인의강화(40054)|1|5000|172300
2021-03-10 23:50:09|yy1212|연두|장인의강화(40054)|1|5000|167300
2021-03-10 23:50:27|yy1212|연두|장인의강화(40054)|1|5000|162300
2021-03-10 23:50:28|yy1212|연두|장인의강화(40054)|1|5000|157300
2021-03-10 23:50:30|yy1212|연두|장인의강화(40054)|1|5000|152300
2021-03-10 23:50:59|kyk9698|파랑|장인의강화(40054)|1|5000|71600
2021-03-10 23:51:00|kyk9698|파랑|장인의강화(40054)|1|5000|66600
2021-03-10 23:51:00|kyk9698|파랑|장인의강화(40054)|1|5000|61600
2021-03-10 23:51:01|kyk9698|파랑|장인의강화(40054)|1|5000|56600
2021-03-10 23:51:02|kyk9698|파랑|장인의강화(40054)|1|5000|51600
2021-03-10 23:51:02|kyk9698|파랑|장인의강화(40054)|1|5000|46600
2021-03-10 23:51:03|kyk9698|파랑|장인의강화(40054)|1|5000|41600
2021-03-10 23:51:04|kyk9698|파랑|장인의강화(40054)|1|5000|36600
2021-03-10 23:51:04|kyk9698|파랑|장인의강화(40054)|1|5000|31600
2021-03-10 23:51:05|kyk9698|파랑|장인의강화(40054)|1|5000|26600
2021-03-10 23:51:06|kyk9698|파랑|장인의강화(40054)|1|5000|21600
2021-03-10 23:51:07|kyk9698|파랑|장인의강화(40054)|1|5000|16600
2021-03-10 23:51:08|kyk9698|파랑|장인의강화(40054)|1|5000|11600
2021-03-10 23:51:08|kyk9698|파랑|장인의강화(40054)|1|5000|6600
2021-03-10 23:51:09|kyk9698|파랑|장인의강화(40054)|1|5000|1600
2021-03-10 23:51:37|kyk9698|파랑|장인의강화(40054)|1|5000|296600
2021-03-10 23:51:39|kyk9698|파랑|장인의강화(40054)|1|5000|291600
2021-03-10 23:51:40|kyk9698|파랑|장인의강화(40054)|1|5000|286600
2021-03-10 23:51:41|kyk9698|파랑|장인의강화(40054)|1|5000|281600
2021-03-10 23:51:41|kyk9698|파랑|장인의강화(40054)|1|5000|276600
2021-03-10 23:51:42|kyk9698|파랑|장인의강화(40054)|1|5000|271600
2021-03-10 23:51:43|kyk9698|파랑|장인의강화(40054)|1|5000|266600
2021-03-10 23:51:43|kyk9698|파랑|장인의강화(40054)|1|5000|261600
2021-03-10 23:51:44|kyk9698|파랑|장인의강화(40054)|1|5000|256600
2021-03-10 23:51:45|kyk9698|파랑|장인의강화(40054)|1|5000|251600
2021-03-10 23:51:46|kyk9698|파랑|장인의강화(40054)|1|5000|246600
2021-03-10 23:53:04|kyk9698|파랑|장인의강화(40054)|1|5000|241600
2021-03-10 23:53:05|kyk9698|파랑|장인의강화(40054)|1|5000|236600
2021-03-10 23:53:06|kyk9698|파랑|장인의강화(40054)|1|5000|231600
2021-03-10 23:53:07|kyk9698|파랑|장인의강화(40054)|1|5000|226600
2021-03-10 23:53:08|kyk9698|파랑|장인의강화(40054)|1|5000|221600
2021-03-10 23:53:09|kyk9698|파랑|장인의강화(40054)|1|5000|216600
2021-03-10 23:53:10|kyk9698|파랑|장인의강화(40054)|1|5000|211600
2021-03-10 23:53:11|kyk9698|파랑|장인의강화(40054)|1|5000|206600
