2021-03-24 00:17:45|||경험치 구슬(교불)(100508)|1|3|0
2021-03-24 00:18:00|||경험치 구슬(교불)(100508)|1|3|0
2021-03-24 10:13:51|||경험치 구슬(교불)(100508)|1|3|4
2021-03-24 10:13:54|||경험치 구슬(교불)(100508)|1|3|1
2021-03-24 10:15:29|||경험치 구슬(교불)(100508)|1|3|2
2021-03-24 10:18:17|||경험치 구슬(교불)(100508)|1|3|11
2021-03-24 10:18:20|||경험치 구슬(교불)(100508)|1|3|8
2021-03-24 10:18:24|||경험치 구슬(교불)(100508)|1|3|5
2021-03-24 10:18:39|||경험치 구슬(교불)(100508)|1|3|14
2021-03-24 10:18:44|||경험치 구슬(교불)(100508)|1|3|11
2021-03-24 10:18:50|||경험치 구슬(교불)(100508)|1|3|8
2021-03-24 10:18:55|||경험치 구슬(교불)(100508)|1|3|5
2021-03-24 10:19:04|||경험치 구슬(교불)(100508)|1|3|2
2021-03-24 13:36:55|versace17|몽블랑|진화열매(45009)|1|15000|16400
2021-03-24 13:36:56|versace17|몽블랑|진화열매(45009)|1|15000|1400
2021-03-24 13:51:44|||하드불성클리어상자(40160)|1|15|58
2021-03-24 13:51:47|||페트초기화(25150)|1|8|50
2021-03-24 13:51:49|||페트초기화(25150)|1|8|42
2021-03-24 13:51:51|||페트초기화(25150)|1|8|34
2021-03-24 13:51:54|||페트초기화(25150)|1|8|26
2021-03-24 13:52:12|||하드기성클리어상자(40161)|1|15|11
2021-03-24 13:54:23|||페트초기화(25150)|1|8|3
2021-03-24 13:54:43|||페트초기화(25150)|1|8|67
2021-03-24 13:54:44|||페트초기화(25150)|1|8|59
2021-03-24 13:54:45|||페트초기화(25150)|1|8|51
2021-03-24 13:54:47|||페트초기화(25150)|1|8|43
2021-03-24 13:58:16|||페트초기화(25150)|1|8|35
2021-03-24 13:58:17|||페트초기화(25150)|1|8|27
2021-03-24 13:58:55|||페트초기화(25150)|1|8|19
2021-03-24 14:53:31|||30만스톤 수표(100033)|1|4|1
2021-03-24 15:40:23|||경험치 구슬(교불)(100508)|1|3|4
2021-03-24 15:40:25|||경험치 구슬(교불)(100508)|1|3|1
2021-03-24 15:40:30|||경험치 구슬(교불)(100508)|1|3|3
2021-03-24 15:40:32|||경험치 구슬(교불)(100508)|1|3|0
2021-03-24 16:35:41|||경험치 구슬(교불)(100508)|1|3|2
2021-03-24 16:47:40|||경험치 구슬(교불)(100508)|1|3|25
2021-03-24 16:47:45|||경험치 구슬(교불)(100508)|1|3|25
2021-03-24 16:57:22|||경험치 구슬(교불)(100508)|1|5|364
2021-03-24 16:57:23|||경험치 구슬(교불)(100508)|1|5|359
2021-03-24 16:57:25|||경험치 구슬(교불)(100508)|1|5|354
2021-03-24 16:57:26|||경험치 구슬(교불)(100508)|1|5|349
2021-03-24 16:57:27|||경험치 구슬(교불)(100508)|1|5|344
2021-03-24 16:57:29|||경험치 구슬(교불)(100508)|1|5|339
2021-03-24 16:57:30|||경험치 구슬(교불)(100508)|1|5|334
2021-03-24 16:57:31|||경험치 구슬(교불)(100508)|1|5|329
2021-03-24 17:21:29|||30만스톤 수표(100033)|1|4|22
2021-03-24 17:21:31|||30만스톤 수표(100033)|1|4|18
2021-03-24 17:21:32|||30만스톤 수표(100033)|1|4|14
2021-03-24 17:28:54|||30만스톤 수표(100033)|1|4|15
2021-03-24 17:28:58|||30만스톤 수표(100033)|1|4|11
2021-03-24 17:29:41|||경험치 구슬(교불)(100508)|1|3|0
2021-03-24 17:37:12|||경험치 구슬(교불)(100508)|1|3|0
2021-03-24 17:45:26|||경험치 구슬(교불)(100508)|1|5|159
2021-03-24 17:45:28|||경험치 구슬(교불)(100508)|1|5|154
2021-03-24 17:45:29|||경험치 구슬(교불)(100508)|1|5|149
2021-03-24 17:45:30|||경험치 구슬(교불)(100508)|1|5|144
2021-03-24 17:45:44|||경험치 구슬(교불)(100508)|1|5|82
2021-03-24 17:45:45|||경험치 구슬(교불)(100508)|1|5|77
2021-03-24 17:45:47|||경험치 구슬(교불)(100508)|1|5|72
2021-03-24 17:45:48|||경험치 구슬(교불)(100508)|1|5|67
2021-03-24 17:46:01|||경험치 구슬(교불)(100508)|1|5|62
2021-03-24 19:28:46|yy1212|연두|맘모스쿠폰(40050)|1|4900|470500
2021-03-24 19:28:48|yy1212|연두|맘모스쿠폰(40050)|1|4900|465600
2021-03-24 19:28:49|yy1212|연두|맘모스쿠폰(40050)|1|4900|460700
2021-03-24 19:28:50|yy1212|연두|맘모스쿠폰(40050)|1|4900|455800
2021-03-24 19:28:52|yy1212|연두|맘모스쿠폰(40050)|1|4900|450900
2021-03-24 19:28:53|yy1212|연두|맘모스쿠폰(40050)|1|4900|446000
2021-03-24 19:28:54|yy1212|연두|맘모스쿠폰(40050)|1|4900|441100
2021-03-24 19:28:56|yy1212|연두|맘모스쿠폰(40050)|1|4900|436200
2021-03-24 19:28:57|yy1212|연두|맘모스쿠폰(40050)|1|4900|431300
2021-03-24 19:28:58|yy1212|연두|맘모스쿠폰(40050)|1|4900|426400
2021-03-24 19:30:25|yy1212|연두|맘모스쿠폰(40050)|1|4900|421500
2021-03-24 19:30:26|yy1212|연두|맘모스쿠폰(40050)|1|4900|416600
2021-03-24 19:30:28|yy1212|연두|맘모스쿠폰(40050)|1|4900|411700
2021-03-24 19:30:29|yy1212|연두|맘모스쿠폰(40050)|1|4900|406800
2021-03-24 19:30:30|yy1212|연두|맘모스쿠폰(40050)|1|4900|401900
2021-03-24 19:30:31|yy1212|연두|맘모스쿠폰(40050)|1|4900|397000
2021-03-24 19:30:33|yy1212|연두|맘모스쿠폰(40050)|1|4900|392100
2021-03-24 19:30:34|yy1212|연두|맘모스쿠폰(40050)|1|4900|387200
2021-03-24 19:30:35|yy1212|연두|맘모스쿠폰(40050)|1|4900|382300
2021-03-24 19:30:36|yy1212|연두|맘모스쿠폰(40050)|1|4900|377400
2021-03-24 19:44:09|||경험치 구슬(교불)(100508)|1|3|0
2021-03-24 19:44:23|||경험치 구슬(교불)(100508)|1|3|0
2021-03-24 21:19:21|to2532|리바이|진화열매(45009)|1|15000|75700
2021-03-24 21:59:37|janginsub|깡북이|고통의미궁세트(47003)|1|60000|30227100
2021-03-24 22:03:45|to2532|리바이|회복술 통조림(46021)|1|8000|67700
2021-03-24 22:07:55|janginsub|깡북이|3회창(94001)|1|30000|30197100
2021-03-24 22:12:09|ansldy123|문|진화열매(45009)|1|15000|16300
2021-03-24 22:12:11|ansldy123|문|진화열매(45009)|1|15000|1300
2021-03-24 22:28:09|||30만스톤 수표(100033)|1|4|10
2021-03-24 22:28:10|||30만스톤 수표(100033)|1|4|6
2021-03-24 22:29:34|||30만스톤 수표(100033)|1|4|16
2021-03-24 22:29:38|||30만스톤 수표(100033)|1|4|12
2021-03-24 22:35:43|||페트초기화(25150)|1|8|4
2021-03-24 22:39:15|ansldy123|문|페트초기화(25150)|1|1000|300
2021-03-24 22:57:07|jis871125|루피|장인의강화(40054)|1|5000|3084500
2021-03-24 23:00:59|asdfg1031|예수|(-1)|1|0|0
2021-03-24 23:01:28|asdfg1031|예수|(-1)|1|0|0
2021-03-24 23:01:47|asdfg1031|예수|(-1)|1|0|0
2021-03-24 23:16:08|||경험치 구슬(교불)(100508)|1|3|9
2021-03-24 23:16:54|||경험치 구슬(교불)(100508)|1|3|8
2021-03-24 23:23:31|comic200|공|7환생의도끼(100109)|1|8000|62900
2021-03-24 23:23:33|comic200|공|7환생의도끼(100109)|1|8000|54900
2021-03-24 23:24:01|comic200|공|Lv4페트 통조림(46018)|1|5000|49900
2021-03-24 23:24:03|comic200|공|Lv4페트 통조림(46018)|1|5000|44900
