2021-05-17 01:02:18|||갈푸스퀘 깃털(100130)|1|4|29
2021-05-17 01:02:31|||갈푸스퀘 깃털(100130)|1|4|43
2021-05-17 01:12:50|||갈푸스퀘 깃털(100130)|1|4|25
2021-05-17 01:13:39|||갈푸스퀘 깃털(100130)|1|4|39
2021-05-17 02:08:02|||경험치 구슬(교불)(100508)|1|5|408
2021-05-17 02:08:03|||경험치 구슬(교불)(100508)|1|5|403
2021-05-17 02:08:04|||경험치 구슬(교불)(100508)|1|5|398
2021-05-17 02:18:43|||경험치 구슬(교불)(100508)|1|3|16
2021-05-17 02:18:46|||경험치 구슬(교불)(100508)|1|3|13
2021-05-17 02:18:51|||경험치 구슬(교불)(100508)|1|3|10
2021-05-17 02:18:55|||경험치 구슬(교불)(100508)|1|3|7
2021-05-17 02:23:12|||경험치 구슬(교불)(100508)|1|5|419
2021-05-17 02:23:13|||경험치 구슬(교불)(100508)|1|5|414
2021-05-17 02:23:15|||경험치 구슬(교불)(100508)|1|5|409
2021-05-17 03:36:28|||얼성퀘 깃털(110001)|1|3|24
2021-05-17 03:36:55|||얼성퀘 깃털(110001)|1|3|38
2021-05-17 04:42:00|||블랙펄호리병(40154)|1|15|9
2021-05-17 05:05:52|||경험치 구슬(교불)(100508)|1|5|404
2021-05-17 05:05:54|||경험치 구슬(교불)(100508)|1|5|399
2021-05-17 05:05:56|||경험치 구슬(교불)(100508)|1|5|394
2021-05-17 05:07:03|||경험치 구슬(교불)(100508)|1|5|393
2021-05-17 05:07:05|||경험치 구슬(교불)(100508)|1|5|388
2021-05-17 05:07:06|||경험치 구슬(교불)(100508)|1|5|383
2021-05-17 09:53:30|||경험치 구슬(교불)(100508)|1|3|24
2021-05-17 09:53:31|||경험치 구슬(교불)(100508)|1|3|21
2021-05-17 09:53:33|||경험치 구슬(교불)(100508)|1|3|18
2021-05-17 09:53:34|||경험치 구슬(교불)(100508)|1|3|15
2021-05-17 09:53:37|||경험치 구슬(교불)(100508)|1|3|12
2021-05-17 09:53:38|||경험치 구슬(교불)(100508)|1|3|9
2021-05-17 09:53:39|||경험치 구슬(교불)(100508)|1|3|6
2021-05-17 09:53:40|||경험치 구슬(교불)(100508)|1|3|3
2021-05-17 09:53:42|||경험치 구슬(교불)(100508)|1|3|0
2021-05-17 10:03:05|||경험치 구슬(교불)(100508)|1|3|8
2021-05-17 10:54:23|qoek456|수운|정글소녀 상자(22120)|1|6900|3100
2021-05-17 13:36:52|||경험치 구슬(교불)(100508)|1|5|378
2021-05-17 13:36:54|||경험치 구슬(교불)(100508)|1|5|373
2021-05-17 13:36:57|||경험치 구슬(교불)(100508)|1|5|368
2021-05-17 13:37:58|||경험치 구슬(교불)(100508)|1|5|389
2021-05-17 13:37:59|||경험치 구슬(교불)(100508)|1|5|384
2021-05-17 13:38:04|||경험치 구슬(교불)(100508)|1|5|379
2021-05-17 14:57:51|janginsub|깡북이|정글소녀 상자(22120)|1|6900|30551800
2021-05-17 15:43:05|||페트초기화(25150)|1|8|35
2021-05-17 15:43:07|||페트초기화(25150)|1|8|27
2021-05-17 15:43:08|||페트초기화(25150)|1|8|19
2021-05-17 15:43:10|||페트초기화(25150)|1|8|11
2021-05-17 15:43:11|||페트초기화(25150)|1|8|3
2021-05-17 15:59:24|||경험치 구슬(교불)(100508)|1|5|374
2021-05-17 15:59:25|||경험치 구슬(교불)(100508)|1|5|369
2021-05-17 16:00:56|||경험치 구슬(교불)(100508)|1|5|363
2021-05-17 16:00:58|||경험치 구슬(교불)(100508)|1|5|358
2021-05-17 16:55:49|||경험치 구슬(교불)(100508)|1|5|637
2021-05-17 16:55:53|||경험치 구슬(교불)(100508)|1|5|632
2021-05-17 16:55:54|||경험치 구슬(교불)(100508)|1|5|627
2021-05-17 16:55:55|||경험치 구슬(교불)(100508)|1|5|622
2021-05-17 16:55:57|||경험치 구슬(교불)(100508)|1|5|617
2021-05-17 16:57:28|||페트초기화(25150)|1|8|146
2021-05-17 16:57:57|||페트초기화(25150)|1|8|138
2021-05-17 16:57:59|||페트초기화(25150)|1|8|130
2021-05-17 16:58:00|||페트초기화(25150)|1|8|122
2021-05-17 16:58:01|||페트초기화(25150)|1|8|114
2021-05-17 17:42:32|ghrn|호규맨|맘모스쿠폰(40050)|1|4900|23900
2021-05-17 17:42:34|ghrn|호규맨|맘모스쿠폰(40050)|1|4900|19000
2021-05-17 17:42:35|ghrn|호규맨|맘모스쿠폰(40050)|1|4900|14100
2021-05-17 17:42:38|ghrn|호규맨|맘모스쿠폰(40050)|1|4900|9200
2021-05-17 18:21:58|||경험치 구슬(교불)(100508)|1|5|1
2021-05-17 18:46:51|||경험치 구슬(교불)(100508)|1|5|364
2021-05-17 18:46:53|||경험치 구슬(교불)(100508)|1|5|359
2021-05-17 18:46:54|||경험치 구슬(교불)(100508)|1|5|354
2021-05-17 18:47:56|||경험치 구슬(교불)(100508)|1|5|353
2021-05-17 18:47:57|||경험치 구슬(교불)(100508)|1|5|348
2021-05-17 18:47:58|||경험치 구슬(교불)(100508)|1|5|343
2021-05-17 19:21:08|ghrn|호규맨|다크론호리병(40132)|1|6900|2300
2021-05-17 19:22:52|tjdwls819|로젱|진화열매(45009)|1|15000|6000
2021-05-17 20:20:57|ghrn|호규맨|맘모스쿠폰(40050)|1|4900|19400
2021-05-17 20:20:59|ghrn|호규맨|맘모스쿠폰(40050)|1|4900|14500
2021-05-17 20:27:01|ghrn|호규맨|맘모스쿠폰(40050)|1|4900|9600
2021-05-17 20:27:03|ghrn|호규맨|맘모스쿠폰(40050)|1|4900|4700
2021-05-17 21:56:05|rudwns|우비|VIP POINT 3000＄(21112)|1|3000|400
2021-05-17 22:38:06|||경험치 구슬(교불)(100508)|1|5|343
2021-05-17 22:38:08|||경험치 구슬(교불)(100508)|1|5|338
2021-05-17 22:39:42|||경험치 구슬(교불)(100508)|1|5|351
2021-05-17 22:39:44|||경험치 구슬(교불)(100508)|1|5|346
