2021-04-05 00:06:08|kyk9698|파랑|바람소년 상자(22121)|1|6900|212300
2021-04-05 00:13:51|ar4055|엉디|VIP페트뽑기박스(40196)|1|7900|12400
2021-04-05 00:25:42|ghrn|호규맨|맘모스쿠폰(40050)|1|4900|5800
2021-04-05 00:25:44|ghrn|호규맨|맘모스쿠폰(40050)|1|4900|900
2021-04-05 01:29:40|||경험치 구슬(교불)(100508)|1|5|24
2021-04-05 01:29:42|||경험치 구슬(교불)(100508)|1|5|19
2021-04-05 01:29:42|||경험치 구슬(교불)(100508)|1|5|14
2021-04-05 01:29:47|||경험치 구슬(교불)(100508)|1|5|9
2021-04-05 01:30:05|||경험치 구슬(교불)(100508)|1|5|13
2021-04-05 01:30:06|||경험치 구슬(교불)(100508)|1|5|8
2021-04-05 02:58:03|ar4055|엉디|블랙드래곤호리병(40143)|1|6900|5500
2021-04-05 02:59:34|ar4055|엉디|맘모스쿠폰(40050)|1|4900|600
2021-04-05 04:11:24|||페트초기화(25150)|1|8|12
2021-04-05 04:16:17|||갈푸스퀘 깃털(100130)|1|4|8
2021-04-05 07:23:02|comic200|공|맘모스쿠폰(40050)|1|4900|45300
2021-04-05 07:23:04|comic200|공|맘모스쿠폰(40050)|1|4900|40400
2021-04-05 07:23:06|comic200|공|맘모스쿠폰(40050)|1|4900|35500
2021-04-05 07:23:07|comic200|공|맘모스쿠폰(40050)|1|4900|30600
2021-04-05 07:23:09|comic200|공|맘모스쿠폰(40050)|1|4900|25700
2021-04-05 07:23:38|comic200|공|맘모스쿠폰(40050)|1|4900|20800
2021-04-05 07:23:40|comic200|공|맘모스쿠폰(40050)|1|4900|15900
2021-04-05 07:23:43|comic200|공|맘모스쿠폰(40050)|1|4900|11000
2021-04-05 07:23:45|comic200|공|맘모스쿠폰(40050)|1|4900|6100
2021-04-05 07:23:47|comic200|공|맘모스쿠폰(40050)|1|4900|1200
2021-04-05 08:27:18|comic300|격|맘모스쿠폰(40050)|1|4900|50100
2021-04-05 08:27:20|comic300|격|맘모스쿠폰(40050)|1|4900|45200
2021-04-05 08:27:21|comic300|격|맘모스쿠폰(40050)|1|4900|40300
2021-04-05 08:27:23|comic300|격|맘모스쿠폰(40050)|1|4900|35400
2021-04-05 08:27:25|comic300|격|맘모스쿠폰(40050)|1|4900|30500
2021-04-05 08:28:20|comic300|격|진화열매(45009)|1|15000|15500
2021-04-05 08:28:42|comic300|격|맘모스쿠폰(40050)|1|4900|10600
2021-04-05 08:28:44|comic300|격|맘모스쿠폰(40050)|1|4900|5700
2021-04-05 08:28:46|comic300|격|맘모스쿠폰(40050)|1|4900|800
2021-04-05 08:30:43|||페트초기화(25150)|1|8|66
2021-04-05 08:30:45|||페트초기화(25150)|1|8|58
2021-04-05 08:37:46|||갈푸스퀘 깃털(100130)|1|4|54
2021-04-05 08:39:41|||페트초기화(25150)|1|8|44
2021-04-05 08:44:11|jsw1195|불량소년|(-1)|1|0|0
2021-04-05 10:34:51|||경험치 구슬(교불)(100508)|1|3|5
2021-04-05 10:34:53|||경험치 구슬(교불)(100508)|1|3|2
2021-04-05 12:40:52|||페트초기화(25150)|1|8|38
2021-04-05 12:41:31|||페트초기화(25150)|1|8|30
2021-04-05 13:05:26|||경험치 구슬(교불)(100508)|1|5|25
2021-04-05 13:05:28|||경험치 구슬(교불)(100508)|1|5|20
2021-04-05 13:05:29|||경험치 구슬(교불)(100508)|1|5|15
2021-04-05 13:05:31|||경험치 구슬(교불)(100508)|1|5|10
2021-04-05 13:05:32|||경험치 구슬(교불)(100508)|1|5|5
2021-04-05 13:05:33|||경험치 구슬(교불)(100508)|1|5|0
2021-04-05 13:59:52|||갈푸스퀘 깃털(100130)|1|4|19
2021-04-05 13:59:58|||갈푸스퀘 깃털(100130)|1|4|11
2021-04-05 14:05:57|||갈푸스퀘 깃털(100130)|1|4|7
2021-04-05 14:06:03|||갈푸스퀘 깃털(100130)|1|4|15
2021-04-05 14:15:44|||갈푸스퀘 깃털(100130)|1|4|11
2021-04-05 14:15:50|||갈푸스퀘 깃털(100130)|1|4|3
2021-04-05 14:34:15|||갈푸스퀘 깃털(100130)|1|4|7
2021-04-05 14:34:32|||갈푸스퀘 깃털(100130)|1|4|3
2021-04-05 15:52:50|||갈푸스퀘 깃털(100130)|1|4|0
2021-04-05 15:52:55|||갈푸스퀘 깃털(100130)|1|4|0
2021-04-05 15:53:00|||갈푸스퀘 깃털(100130)|1|4|29
2021-04-05 15:53:05|||갈푸스퀘 깃털(100130)|1|4|27
2021-04-05 16:12:01|lkl8611|돌북이|진화열매(45009)|1|15000|69603
2021-04-05 16:23:38|||페트초기화(25150)|1|8|2
2021-04-05 16:37:40|||갈푸스퀘 깃털(100130)|1|4|184
2021-04-05 16:37:48|||갈푸스퀘 깃털(100130)|1|4|194
2021-04-05 16:40:56|||갈푸스퀘 깃털(100130)|1|4|190
2021-04-05 16:41:02|||갈푸스퀘 깃털(100130)|1|4|180
2021-04-05 17:50:20|qusrud11|여포왕|진화열매(45009)|1|15000|4100
2021-04-05 18:06:31|||경험치 구슬(교불)(100508)|1|3|27
2021-04-05 18:06:33|||경험치 구슬(교불)(100508)|1|3|24
2021-04-05 18:06:37|||경험치 구슬(교불)(100508)|1|3|33
2021-04-05 18:06:40|||경험치 구슬(교불)(100508)|1|3|2
2021-04-05 18:06:40|||경험치 구슬(교불)(100508)|1|3|30
2021-04-05 18:15:26|||경험치 구슬(교불)(100508)|1|3|14
2021-04-05 18:16:03|tndud5233|뚜야|회복술 통조림(46021)|1|8000|136900
2021-04-05 18:16:06|tndud5233|뚜야|Lv4페트 통조림(46019)|1|5000|131900
2021-04-05 18:16:07|tndud5233|뚜야|Lv4페트 통조림(46018)|1|5000|126900
2021-04-05 18:16:10|tndud5233|뚜야|회복술 통조림(46021)|1|8000|118900
2021-04-05 18:16:11|tndud5233|뚜야|무지개 통조림(46022)|1|8000|110900
2021-04-05 18:25:14|tndud5233|뚜야|거울의 목걸이(98000)|1|20000|90900
2021-04-05 18:33:45|destop123|짱구|맘모스쿠폰(40050)|1|4900|299000
2021-04-05 18:33:47|destop123|짱구|맘모스쿠폰(40050)|1|4900|294100
2021-04-05 18:33:49|destop123|짱구|맘모스쿠폰(40050)|1|4900|289200
2021-04-05 18:33:50|destop123|짱구|맘모스쿠폰(40050)|1|4900|284300
2021-04-05 18:33:51|destop123|짱구|맘모스쿠폰(40050)|1|4900|279400
2021-04-05 18:33:53|destop123|짱구|맘모스쿠폰(40050)|1|4900|274500
2021-04-05 18:33:55|destop123|짱구|맘모스쿠폰(40050)|1|4900|269600
2021-04-05 18:33:56|destop123|짱구|맘모스쿠폰(40050)|1|4900|264700
2021-04-05 18:33:58|destop123|짱구|맘모스쿠폰(40050)|1|4900|259800
2021-04-05 18:34:00|destop123|짱구|맘모스쿠폰(40050)|1|4900|254900
2021-04-05 18:38:22|||30만스톤 수표(100033)|1|4|28
2021-04-05 18:39:02|destop123|짱구|맘모스쿠폰(40050)|1|4900|250000
2021-04-05 18:39:03|destop123|짱구|맘모스쿠폰(40050)|1|4900|245100
2021-04-05 18:39:05|destop123|짱구|맘모스쿠폰(40050)|1|4900|240200
2021-04-05 18:39:06|destop123|짱구|맘모스쿠폰(40050)|1|4900|235300
2021-04-05 18:39:08|destop123|짱구|맘모스쿠폰(40050)|1|4900|230400
2021-04-05 18:39:09|destop123|짱구|맘모스쿠폰(40050)|1|4900|225500
2021-04-05 18:39:11|destop123|짱구|맘모스쿠폰(40050)|1|4900|220600
2021-04-05 18:39:12|destop123|짱구|맘모스쿠폰(40050)|1|4900|215700
2021-04-05 18:39:13|destop123|짱구|맘모스쿠폰(40050)|1|4900|210800
2021-04-05 18:39:15|destop123|짱구|맘모스쿠폰(40050)|1|4900|205900
2021-04-05 18:44:26|destop123|짱구|부루마루호리병(40199)|1|6900|199000
2021-04-05 18:44:27|destop123|짱구|부루마루호리병(40199)|1|6900|192100
2021-04-05 20:34:48|||갈푸스퀘 깃털(100130)|1|4|26
2021-04-05 20:34:49|||갈푸스퀘 깃털(100130)|1|4|22
2021-04-05 20:34:51|||갈푸스퀘 깃털(100130)|1|4|18
2021-04-05 20:36:15|||갈푸스퀘 깃털(100130)|1|4|21
2021-04-05 20:36:16|||갈푸스퀘 깃털(100130)|1|4|17
2021-04-05 20:36:19|||갈푸스퀘 깃털(100130)|1|4|13
2021-04-05 20:36:23|||갈푸스퀘 깃털(100130)|1|4|67
2021-04-05 20:36:25|||갈푸스퀘 깃털(100130)|1|4|63
2021-04-05 20:36:27|||갈푸스퀘 깃털(100130)|1|4|22
2021-04-05 20:36:28|||갈푸스퀘 깃털(100130)|1|4|18
2021-04-05 20:36:28|||갈푸스퀘 깃털(100130)|1|4|59
2021-04-05 20:36:29|||갈푸스퀘 깃털(100130)|1|4|14
2021-04-05 20:36:41|||갈푸스퀘 깃털(100130)|1|4|71
2021-04-05 20:36:42|||갈푸스퀘 깃털(100130)|1|4|67
2021-04-05 20:36:44|||갈푸스퀘 깃털(100130)|1|4|63
2021-04-05 21:12:46|||경험치 구슬(교불)(100508)|1|3|3
2021-04-05 21:12:48|||경험치 구슬(교불)(100508)|1|3|0
2021-04-05 22:25:00|homework13|오만의죄|장인의강화(40054)|1|5000|50800
2021-04-05 22:32:19|||경험치 구슬(교불)(100508)|1|3|27
2021-04-05 22:32:20|||경험치 구슬(교불)(100508)|1|3|24
2021-04-05 22:32:22|||경험치 구슬(교불)(100508)|1|3|21
2021-04-05 22:32:35|||경험치 구슬(교불)(100508)|1|3|18
2021-04-05 22:32:48|||경험치 구슬(교불)(100508)|1|3|25
2021-04-05 22:32:49|||경험치 구슬(교불)(100508)|1|3|22
2021-04-05 22:32:56|||경험치 구슬(교불)(100508)|1|3|19
2021-04-05 22:32:58|||경험치 구슬(교불)(100508)|1|3|16
2021-04-05 22:33:05|||경험치 구슬(교불)(100508)|1|3|13
2021-04-05 22:54:03|lkl8611|돌북이|진화열매(45009)|1|15000|114603
2021-04-05 22:54:39|tndud5233|뚜야|진화열매(45009)|1|15000|75900
2021-04-05 22:55:58|tndud5233|뚜야|3회창(94001)|1|30000|45900
2021-04-05 22:56:24|tndud5233|뚜야|장인의강화(40054)|1|5000|40900
2021-04-05 22:58:30|||갈푸스퀘 깃털(100130)|1|4|71
2021-04-05 22:58:31|||갈푸스퀘 깃털(100130)|1|4|67
2021-04-05 22:58:32|||갈푸스퀘 깃털(100130)|1|4|63
2021-04-05 22:58:55|||갈푸스퀘 깃털(100130)|1|4|74
2021-04-05 22:58:55|||갈푸스퀘 깃털(100130)|1|4|70
2021-04-05 22:58:56|||갈푸스퀘 깃털(100130)|1|4|66
2021-04-05 23:03:57|tndud5233|뚜야|장인의강화(40054)|1|5000|35900
2021-04-05 23:04:44|tndud5233|뚜야|장인의강화(40054)|1|5000|30900
2021-04-05 23:06:42|tndud5233|뚜야|거울의 목걸이(98000)|1|20000|10900
2021-04-05 23:06:59|tndud5233|뚜야|거울의 목걸이(98000)|1|20000|990900
2021-04-05 23:07:00|tndud5233|뚜야|거울의 목걸이(98000)|1|20000|970900
2021-04-05 23:07:59|tndud5233|뚜야|장인의강화(40054)|1|5000|965900
2021-04-05 23:08:00|tndud5233|뚜야|장인의강화(40054)|1|5000|960900
2021-04-05 23:08:01|tndud5233|뚜야|장인의강화(40054)|1|5000|955900
2021-04-05 23:08:54|tndud5233|뚜야|장인의강화(40054)|1|5000|950900
2021-04-05 23:08:55|tndud5233|뚜야|장인의강화(40054)|1|5000|945900
2021-04-05 23:15:08|tndud5233|뚜야|거울의 목걸이(98000)|1|20000|925900
2021-04-05 23:15:10|tndud5233|뚜야|거울의 목걸이(98000)|1|20000|905900
2021-04-05 23:15:11|tndud5233|뚜야|거울의 목걸이(98000)|1|20000|885900
2021-04-05 23:15:12|tndud5233|뚜야|거울의 목걸이(98000)|1|20000|865900
2021-04-05 23:15:13|tndud5233|뚜야|거울의 목걸이(98000)|1|20000|845900
2021-04-05 23:15:14|tndud5233|뚜야|거울의 목걸이(98000)|1|20000|825900
2021-04-05 23:15:16|tndud5233|뚜야|거울의 목걸이(98000)|1|20000|805900
2021-04-05 23:15:17|tndud5233|뚜야|거울의 목걸이(98000)|1|20000|785900
2021-04-05 23:15:18|tndud5233|뚜야|거울의 목걸이(98000)|1|20000|765900
2021-04-05 23:15:19|tndud5233|뚜야|거울의 목걸이(98000)|1|20000|745900
2021-04-05 23:15:19|tndud5233|뚜야|거울의 목걸이(98000)|1|20000|725900
2021-04-05 23:15:21|tndud5233|뚜야|거울의 목걸이(98000)|1|20000|705900
2021-04-05 23:15:23|tndud5233|뚜야|거울의 목걸이(98000)|1|20000|685900
2021-04-05 23:15:24|tndud5233|뚜야|거울의 목걸이(98000)|1|20000|665900
2021-04-05 23:15:25|tndud5233|뚜야|거울의 목걸이(98000)|1|20000|645900
2021-04-05 23:21:48|tndud5233|뚜야|거울의 목걸이(98000)|1|20000|625900
2021-04-05 23:23:13|tndud5233|뚜야|장인의강화(40054)|1|5000|620900
2021-04-05 23:24:26|tndud5233|뚜야|거울의 목걸이(98000)|1|20000|600900
2021-04-05 23:24:43|tndud5233|뚜야|장인의강화(40054)|1|5000|595900
2021-04-05 23:24:45|tndud5233|뚜야|장인의강화(40054)|1|5000|590900
2021-04-05 23:24:46|tndud5233|뚜야|장인의강화(40054)|1|5000|585900
2021-04-05 23:24:46|tndud5233|뚜야|장인의강화(40054)|1|5000|580900
2021-04-05 23:24:47|tndud5233|뚜야|장인의강화(40054)|1|5000|575900
2021-04-05 23:24:48|tndud5233|뚜야|장인의강화(40054)|1|5000|570900
2021-04-05 23:24:49|tndud5233|뚜야|장인의강화(40054)|1|5000|565900
2021-04-05 23:24:49|tndud5233|뚜야|장인의강화(40054)|1|5000|560900
2021-04-05 23:24:50|tndud5233|뚜야|장인의강화(40054)|1|5000|555900
2021-04-05 23:24:51|tndud5233|뚜야|장인의강화(40054)|1|5000|550900
2021-04-05 23:24:52|tndud5233|뚜야|장인의강화(40054)|1|5000|545900
2021-04-05 23:24:53|tndud5233|뚜야|장인의강화(40054)|1|5000|540900
2021-04-05 23:24:53|tndud5233|뚜야|장인의강화(40054)|1|5000|535900
2021-04-05 23:24:54|tndud5233|뚜야|장인의강화(40054)|1|5000|530900
2021-04-05 23:24:55|tndud5233|뚜야|장인의강화(40054)|1|5000|525900
2021-04-05 23:26:12|babydog1227|지니|맘모스쿠폰(40050)|1|4900|4500
2021-04-05 23:27:00|tndud5233|뚜야|장인의강화(40054)|1|5000|520900
2021-04-05 23:27:01|tndud5233|뚜야|장인의강화(40054)|1|5000|515900
2021-04-05 23:27:03|tndud5233|뚜야|장인의강화(40054)|1|5000|510900
2021-04-05 23:27:37|tndud5233|뚜야|장인의강화(40054)|1|5000|505900
2021-04-05 23:44:30|tndud5233|뚜야|거울의 목걸이(98000)|1|20000|485900
2021-04-05 23:44:31|tndud5233|뚜야|거울의 목걸이(98000)|1|20000|465900
2021-04-05 23:44:32|tndud5233|뚜야|거울의 목걸이(98000)|1|20000|445900
2021-04-05 23:44:48|tndud5233|뚜야|거울의 목걸이(98000)|1|20000|425900
2021-04-05 23:44:49|tndud5233|뚜야|거울의 목걸이(98000)|1|20000|405900
2021-04-05 23:44:50|tndud5233|뚜야|거울의 목걸이(98000)|1|20000|385900
2021-04-05 23:44:52|tndud5233|뚜야|거울의 목걸이(98000)|1|20000|365900
2021-04-05 23:44:52|tndud5233|뚜야|거울의 목걸이(98000)|1|20000|345900
2021-04-05 23:44:54|tndud5233|뚜야|거울의 목걸이(98000)|1|20000|325900
2021-04-05 23:44:55|tndud5233|뚜야|거울의 목걸이(98000)|1|20000|305900
2021-04-05 23:44:56|tndud5233|뚜야|거울의 목걸이(98000)|1|20000|285900
2021-04-05 23:47:07|ghrn1|호구|맘모스쿠폰(40050)|1|4900|10100
2021-04-05 23:47:09|ghrn1|호구|맘모스쿠폰(40050)|1|4900|5200
2021-04-05 23:47:11|ghrn1|호구|맘모스쿠폰(40050)|1|4900|300
2021-04-05 23:48:42|tndud5233|뚜야|거울의 목걸이(98000)|1|20000|265900
2021-04-05 23:50:24|tndud5233|뚜야|장인의강화(40054)|1|5000|260900
2021-04-05 23:50:25|tndud5233|뚜야|장인의강화(40054)|1|5000|255900
2021-04-05 23:50:26|tndud5233|뚜야|장인의강화(40054)|1|5000|250900
2021-04-05 23:50:27|tndud5233|뚜야|장인의강화(40054)|1|5000|245900
2021-04-05 23:50:27|tndud5233|뚜야|장인의강화(40054)|1|5000|240900
2021-04-05 23:50:28|tndud5233|뚜야|장인의강화(40054)|1|5000|235900
2021-04-05 23:50:29|tndud5233|뚜야|장인의강화(40054)|1|5000|230900
2021-04-05 23:50:30|tndud5233|뚜야|장인의강화(40054)|1|5000|225900
2021-04-05 23:50:31|tndud5233|뚜야|장인의강화(40054)|1|5000|220900
2021-04-05 23:50:32|tndud5233|뚜야|장인의강화(40054)|1|5000|215900
2021-04-05 23:50:49|tndud5233|뚜야|장인의강화(40054)|1|5000|210900
2021-04-05 23:50:50|tndud5233|뚜야|장인의강화(40054)|1|5000|205900
2021-04-05 23:50:51|tndud5233|뚜야|장인의강화(40054)|1|5000|200900
2021-04-05 23:50:52|tndud5233|뚜야|장인의강화(40054)|1|5000|195900
2021-04-05 23:50:53|tndud5233|뚜야|장인의강화(40054)|1|5000|190900
2021-04-05 23:50:54|tndud5233|뚜야|장인의강화(40054)|1|5000|185900
2021-04-05 23:50:55|tndud5233|뚜야|장인의강화(40054)|1|5000|180900
2021-04-05 23:50:57|tndud5233|뚜야|장인의강화(40054)|1|5000|175900
2021-04-05 23:50:57|tndud5233|뚜야|장인의강화(40054)|1|5000|170900
2021-04-05 23:50:58|tndud5233|뚜야|장인의강화(40054)|1|5000|165900
2021-04-05 23:54:10|tndud5233|뚜야|장인의강화(40054)|1|5000|160900
2021-04-05 23:54:11|tndud5233|뚜야|장인의강화(40054)|1|5000|155900
2021-04-05 23:59:00|homework13|오만의죄|장인의강화(40054)|1|5000|45800
2021-04-05 23:59:11|homework13|오만의죄|장인의강화(40054)|1|5000|40800
