2021-04-22 00:14:01|gktkddmssla|하이버|VIP POINT 50000＄(21116)|1|50000|22200
2021-04-22 00:14:02|gktkddmssla|하이버|VIP POINT 10000＄(21114)|1|10000|12200
2021-04-22 00:14:04|gktkddmssla|하이버|VIP POINT 10000＄(21114)|1|10000|2200
2021-04-22 00:20:43|a6464|하이|진화열매(45009)|1|15000|38300
2021-04-22 00:20:47|a6464|하이|진화열매(45009)|1|15000|23300
2021-04-22 00:23:22|||페트초기화(25150)|1|8|218
2021-04-22 00:25:38|||페트초기화(25150)|1|8|227
2021-04-22 00:35:34|a6464|하이|맘모스쿠폰(40050)|1|4900|18400
2021-04-22 00:35:36|a6464|하이|맘모스쿠폰(40050)|1|4900|13500
2021-04-22 00:35:38|a6464|하이|맘모스쿠폰(40050)|1|4900|8600
2021-04-22 00:35:40|a6464|하이|맘모스쿠폰(40050)|1|4900|3700
2021-04-22 00:42:09|ccs56|츄르|VIP POINT 30000＄(21115)|1|30000|0
2021-04-22 00:43:10|ccs56|츄르|VIP POINT 30000＄(21115)|1|30000|0
2021-04-22 00:46:58|||페트초기화(25150)|1|8|10
2021-04-22 00:47:34|||페트초기화(25150)|1|8|2
2021-04-22 00:50:18|a6464|하이|맘모스쿠폰(40050)|1|4900|48800
2021-04-22 00:50:19|a6464|하이|맘모스쿠폰(40050)|1|4900|43900
2021-04-22 00:50:21|a6464|하이|맘모스쿠폰(40050)|1|4900|39000
2021-04-22 00:50:23|a6464|하이|맘모스쿠폰(40050)|1|4900|34100
2021-04-22 00:50:24|a6464|하이|맘모스쿠폰(40050)|1|4900|29200
2021-04-22 00:51:47|a6464|하이|맘모스쿠폰(40050)|1|4900|24300
2021-04-22 00:51:48|a6464|하이|맘모스쿠폰(40050)|1|4900|19400
2021-04-22 00:51:50|a6464|하이|맘모스쿠폰(40050)|1|4900|14500
2021-04-22 00:52:11|a6464|하이|맘모스쿠폰(40050)|1|4900|9600
2021-04-22 00:52:13|a6464|하이|맘모스쿠폰(40050)|1|4900|4700
2021-04-22 01:30:10|gktkddmssla|하이버|VIP POINT 30000＄(21115)|1|30000|12200
2021-04-22 01:30:11|gktkddmssla|하이버|VIP POINT 10000＄(21114)|1|10000|2200
2021-04-22 01:47:08|gktkddmssla|하이버|VIP POINT 1000＄(21111)|1|1000|1200
2021-04-22 01:47:09|gktkddmssla|하이버|VIP POINT 1000＄(21111)|1|1000|200
2021-04-22 02:22:10|ds0516|피맛|맘모스쿠폰(40050)|1|4900|27400
2021-04-22 02:22:12|ds0516|피맛|맘모스쿠폰(40050)|1|4900|22500
2021-04-22 02:22:13|ds0516|피맛|맘모스쿠폰(40050)|1|4900|17600
2021-04-22 02:22:14|ds0516|피맛|맘모스쿠폰(40050)|1|4900|12700
2021-04-22 02:22:15|ds0516|피맛|맘모스쿠폰(40050)|1|4900|7800
2021-04-22 02:22:16|ds0516|피맛|맘모스쿠폰(40050)|1|4900|2900
2021-04-22 03:50:22|||경험치 구슬(교불)(100508)|1|3|0
2021-04-22 08:42:31|tndud5233|뚜야|7환생의도끼(100109)|1|8000|417100
2021-04-22 13:17:52|ds0516|피맛|진화열매(45009)|1|15000|12900
2021-04-22 13:18:03|ds0516|피맛|맘모스쿠폰(40050)|1|4900|8000
2021-04-22 13:18:04|ds0516|피맛|맘모스쿠폰(40050)|1|4900|3100
2021-04-22 13:21:01|||페트초기화(25150)|1|8|36
2021-04-22 13:21:03|||페트초기화(25150)|1|8|28
2021-04-22 13:21:04|||페트초기화(25150)|1|8|20
2021-04-22 13:23:12|||페트초기화(25150)|1|8|12
2021-04-22 13:23:13|||페트초기화(25150)|1|8|4
2021-04-22 15:01:58|||갈푸스퀘 깃털(100130)|1|4|3
2021-04-22 15:02:09|||갈푸스퀘 깃털(100130)|1|4|3
2021-04-22 15:02:23|||갈푸스퀘 깃털(100130)|1|4|2
2021-04-22 15:02:36|||갈푸스퀘 깃털(100130)|1|4|1
2021-04-22 15:16:49|||경험치 구슬(교불)(100508)|1|3|12
2021-04-22 15:16:51|||경험치 구슬(교불)(100508)|1|3|9
2021-04-22 15:16:52|||경험치 구슬(교불)(100508)|1|3|6
2021-04-22 15:16:53|||경험치 구슬(교불)(100508)|1|3|3
2021-04-22 15:16:54|||경험치 구슬(교불)(100508)|1|3|0
2021-04-22 15:17:01|||경험치 구슬(교불)(100508)|1|3|10
2021-04-22 15:17:02|||경험치 구슬(교불)(100508)|1|3|7
2021-04-22 15:17:03|||경험치 구슬(교불)(100508)|1|3|4
2021-04-22 15:17:04|||경험치 구슬(교불)(100508)|1|3|1
2021-04-22 15:30:45|||30만스톤 수표(100033)|1|4|3
2021-04-22 15:37:30|||경험치 구슬(교불)(100508)|1|3|0
2021-04-22 15:37:41|||경험치 구슬(교불)(100508)|1|3|4
2021-04-22 15:37:42|||경험치 구슬(교불)(100508)|1|3|1
2021-04-22 18:02:34|||이구로스호리병(40161)|1|15|14
2021-04-22 18:02:38|||페트초기화(25150)|1|8|6
2021-04-22 18:08:16|||이구로스호리병(40161)|1|15|5
2021-04-22 18:45:08|||경험치 구슬(교불)(100508)|1|5|8
2021-04-22 18:45:09|||경험치 구슬(교불)(100508)|1|5|3
2021-04-22 18:45:38|||경험치 구슬(교불)(100508)|1|5|4
2021-04-22 19:15:16|comic200|공|진화열매(45009)|1|15000|85100
2021-04-22 19:16:08|comic200|공|맘모스쿠폰(40050)|1|4900|80200
2021-04-22 19:16:09|comic200|공|맘모스쿠폰(40050)|1|4900|75300
2021-04-22 19:16:10|comic200|공|맘모스쿠폰(40050)|1|4900|70400
2021-04-22 19:16:12|comic200|공|맘모스쿠폰(40050)|1|4900|65500
2021-04-22 19:16:13|comic200|공|맘모스쿠폰(40050)|1|4900|60600
2021-04-22 19:17:05|comic200|공|맘모스쿠폰(40050)|1|4900|55700
2021-04-22 19:17:06|comic200|공|맘모스쿠폰(40050)|1|4900|50800
2021-04-22 19:17:08|comic200|공|맘모스쿠폰(40050)|1|4900|45900
2021-04-22 19:17:09|comic200|공|맘모스쿠폰(40050)|1|4900|41000
2021-04-22 19:17:11|comic200|공|맘모스쿠폰(40050)|1|4900|36100
2021-04-22 19:17:54|comic200|공|맘모스쿠폰(40050)|1|4900|31200
2021-04-22 19:17:55|comic200|공|맘모스쿠폰(40050)|1|4900|26300
2021-04-22 19:17:57|comic200|공|맘모스쿠폰(40050)|1|4900|21400
2021-04-22 19:17:58|comic200|공|맘모스쿠폰(40050)|1|4900|16500
2021-04-22 19:18:00|comic200|공|맘모스쿠폰(40050)|1|4900|11600
2021-04-22 19:21:39|comic200|공|맘모스쿠폰(40050)|1|4900|6700
2021-04-22 19:21:41|comic200|공|맘모스쿠폰(40050)|1|4900|1800
2021-04-22 20:05:28|||페트초기화(25150)|1|8|148
2021-04-22 20:05:42|||페트초기화(25150)|1|8|140
2021-04-22 20:51:00|||페트초기화(25150)|1|8|7
2021-04-22 20:51:18|||30만스톤 수표(100033)|1|4|9
2021-04-22 20:53:00|||페트초기화(25150)|1|8|64
2021-04-22 20:54:36|||페트초기화(25150)|1|8|7
2021-04-22 21:01:34|||갈푸스퀘 깃털(100130)|1|4|76
2021-04-22 21:12:35|smn0302|차|티렉스호리병(40125)|1|6900|3500
2021-04-22 21:28:10|||30만스톤 수표(100033)|1|4|7
2021-04-22 21:28:19|||30만스톤 수표(100033)|1|4|10
2021-04-22 21:34:36|||경험치 구슬(교불)(100508)|1|5|1
2021-04-22 21:35:41|||돌북이호리병(40153)|1|15|16
2021-04-22 21:35:45|||돌북이호리병(40153)|1|15|36
2021-04-22 21:36:46|||돌북이호리병(40153)|1|15|11
2021-04-22 21:36:50|||돌북이호리병(40153)|1|15|11
2021-04-22 21:36:52|||돌북이호리병(40153)|1|15|1
2021-04-22 21:42:06|||돌북이호리병(40153)|1|15|21
2021-04-22 22:09:54|||돌북이호리병(40153)|1|15|6
2021-04-22 22:13:52|||돌북이호리병(40153)|1|15|30
2021-04-22 22:25:15|||돌북이호리병(40153)|1|15|61
2021-04-22 22:25:17|||돌북이호리병(40153)|1|15|46
2021-04-22 22:34:08|||돌북이호리병(40153)|1|15|44
2021-04-22 22:34:31|||돌북이호리병(40153)|1|15|29
2021-04-22 22:38:31|||돌북이호리병(40153)|1|15|14
2021-04-22 23:35:53|a6464|하이|맘모스쿠폰(40050)|1|4900|49800
2021-04-22 23:35:56|a6464|하이|맘모스쿠폰(40050)|1|4900|44900
2021-04-22 23:35:58|a6464|하이|맘모스쿠폰(40050)|1|4900|40000
2021-04-22 23:36:06|a6464|하이|진화열매(45009)|1|15000|25000
2021-04-22 23:36:08|a6464|하이|진화열매(45009)|1|15000|10000
2021-04-22 23:38:41|||페트초기화(25150)|1|8|222
2021-04-22 23:40:54|||페트초기화(25150)|1|8|214
2021-04-22 23:41:11|||페트초기화(25150)|1|8|206
