2021-04-20 00:00:31|ddon897|찡구|아스타로호리병(40149)|1|6900|3500
2021-04-20 00:03:44|||페트초기화(25150)|1|8|1
2021-04-20 00:04:35|ddon897|찡구|페트초기화(25150)|1|1000|2500
2021-04-20 00:04:36|ddon897|찡구|페트초기화(25150)|1|1000|1500
2021-04-20 00:04:37|ddon897|찡구|페트초기화(25150)|1|1000|500
2021-04-20 00:08:04|gocks170614|정또노|(-1)|1|0|1600
2021-04-20 00:13:30|||갈푸스퀘 깃털(100130)|1|4|57
2021-04-20 00:13:39|||갈푸스퀘 깃털(100130)|1|4|46
2021-04-20 00:19:12|||갈푸스퀘 깃털(100130)|1|4|53
2021-04-20 00:19:16|||갈푸스퀘 깃털(100130)|1|4|42
2021-04-20 00:22:06|wooks011|이라또|맘모스쿠폰(40050)|1|4900|15100
2021-04-20 00:22:07|wooks011|이라또|맘모스쿠폰(40050)|1|4900|10200
2021-04-20 00:23:28|ccs56|츄르|VIP POINT 10000＄(21114)|1|10000|10000
2021-04-20 00:23:31|ccs56|츄르|VIP POINT 10000＄(21114)|1|10000|0
2021-04-20 00:24:05|wg9400|光明|맘모스쿠폰(40050)|1|4900|25100
2021-04-20 00:24:07|wg9400|光明|맘모스쿠폰(40050)|1|4900|20200
2021-04-20 00:24:08|wg9400|光明|맘모스쿠폰(40050)|1|4900|15300
2021-04-20 00:24:10|wg9400|光明|맘모스쿠폰(40050)|1|4900|10400
2021-04-20 00:24:11|wg9400|光明|맘모스쿠폰(40050)|1|4900|5500
2021-04-20 00:24:12|wg9400|光明|맘모스쿠폰(40050)|1|4900|600
2021-04-20 00:25:37|wooks011|이라또|맘모스쿠폰(40050)|1|4900|5300
2021-04-20 00:25:38|wooks011|이라또|맘모스쿠폰(40050)|1|4900|400
2021-04-20 00:26:01|aadds1234|힘센형님|맘모스쿠폰(40050)|1|4900|5300
2021-04-20 00:26:02|aadds1234|힘센형님|맘모스쿠폰(40050)|1|4900|400
2021-04-20 00:28:58|||경험치 구슬(교불)(100508)|1|5|150
2021-04-20 00:28:59|||경험치 구슬(교불)(100508)|1|5|145
2021-04-20 00:29:01|||경험치 구슬(교불)(100508)|1|5|140
2021-04-20 00:35:08|||갈푸스퀘 깃털(100130)|1|4|49
2021-04-20 00:35:14|||갈푸스퀘 깃털(100130)|1|4|38
2021-04-20 00:50:13|||갈푸스퀘 깃털(100130)|1|4|45
2021-04-20 00:50:18|||갈푸스퀘 깃털(100130)|1|4|35
2021-04-20 00:55:37|dkdldh33|일랜|맘모스쿠폰(40050)|1|4900|15600
2021-04-20 00:55:39|dkdldh33|일랜|맘모스쿠폰(40050)|1|4900|10700
2021-04-20 00:55:40|dkdldh33|일랜|맘모스쿠폰(40050)|1|4900|5800
2021-04-20 00:55:41|dkdldh33|일랜|맘모스쿠폰(40050)|1|4900|900
2021-04-20 01:06:36|gmlcks12|에이스|펜리호리병(40124)|1|6900|7700
2021-04-20 01:31:08|gmlcks12|에이스|맘모스쿠폰(40050)|1|4900|2800
2021-04-20 01:49:43|wg9400|光明|맘모스쿠폰(40050)|1|4900|5700
2021-04-20 01:49:44|wg9400|光明|맘모스쿠폰(40050)|1|4900|800
2021-04-20 02:55:15|||페트초기화(25150)|1|8|38
2021-04-20 02:55:34|||페트초기화(25150)|1|8|30
2021-04-20 02:55:56|||페트초기화(25150)|1|8|22
2021-04-20 02:56:20|||페트초기화(25150)|1|8|14
2021-04-20 02:56:52|||페트초기화(25150)|1|8|6
2021-04-20 02:57:22|||페트초기화(25150)|1|8|28
2021-04-20 02:57:44|||페트초기화(25150)|1|8|20
2021-04-20 02:58:13|||페트초기화(25150)|1|8|12
2021-04-20 02:58:32|||페트초기화(25150)|1|8|4
2021-04-20 03:08:03|gocks170614|정또노|VIP POINT 30000＄(21115)|1|30000|1600
2021-04-20 06:14:17|ydb2635|시드마이|맘모스쿠폰(40050)|1|4900|9995100
2021-04-20 06:14:18|ydb2635|시드마이|맘모스쿠폰(40050)|1|4900|9990200
2021-04-20 06:14:19|ydb2635|시드마이|맘모스쿠폰(40050)|1|4900|9985300
2021-04-20 06:14:20|ydb2635|시드마이|맘모스쿠폰(40050)|1|4900|9980400
2021-04-20 06:14:21|ydb2635|시드마이|맘모스쿠폰(40050)|1|4900|9975500
2021-04-20 06:14:22|ydb2635|시드마이|맘모스쿠폰(40050)|1|4900|9970600
2021-04-20 06:14:23|ydb2635|시드마이|맘모스쿠폰(40050)|1|4900|9965700
2021-04-20 06:14:38|ydb2635|시드마이|황금자루(25151)|1|15000|9950700
2021-04-20 06:14:39|ydb2635|시드마이|황금자루(25151)|1|15000|9935700
2021-04-20 06:15:37|ydb2635|시드마이|맘모스쿠폰(40050)|1|4900|9930800
2021-04-20 06:15:38|ydb2635|시드마이|맘모스쿠폰(40050)|1|4900|9925900
2021-04-20 06:15:39|ydb2635|시드마이|맘모스쿠폰(40050)|1|4900|9921000
2021-04-20 06:15:40|ydb2635|시드마이|맘모스쿠폰(40050)|1|4900|9916100
2021-04-20 06:15:43|ydb2635|시드마이|맘모스쿠폰(40050)|1|4900|9911200
2021-04-20 06:15:44|ydb2635|시드마이|맘모스쿠폰(40050)|1|4900|9906300
2021-04-20 06:15:45|ydb2635|시드마이|맘모스쿠폰(40050)|1|4900|9901400
2021-04-20 06:15:46|ydb2635|시드마이|맘모스쿠폰(40050)|1|4900|9896500
2021-04-20 06:15:48|ydb2635|시드마이|맘모스쿠폰(40050)|1|4900|9891600
2021-04-20 06:16:47|ydb2635|시드마이|맘모스쿠폰(40050)|1|4900|9886700
2021-04-20 06:16:48|ydb2635|시드마이|맘모스쿠폰(40050)|1|4900|9881800
2021-04-20 06:16:50|ydb2635|시드마이|맘모스쿠폰(40050)|1|4900|9876900
2021-04-20 06:16:52|ydb2635|시드마이|맘모스쿠폰(40050)|1|4900|9872000
2021-04-20 06:16:56|ydb2635|시드마이|맘모스쿠폰(40050)|1|4900|9867100
2021-04-20 06:16:57|ydb2635|시드마이|맘모스쿠폰(40050)|1|4900|9862200
2021-04-20 06:16:58|ydb2635|시드마이|맘모스쿠폰(40050)|1|4900|9857300
2021-04-20 06:16:59|ydb2635|시드마이|맘모스쿠폰(40050)|1|4900|9852400
2021-04-20 06:17:01|ydb2635|시드마이|맘모스쿠폰(40050)|1|4900|9847500
2021-04-20 06:17:02|ydb2635|시드마이|맘모스쿠폰(40050)|1|4900|9842600
2021-04-20 06:17:03|ydb2635|시드마이|맘모스쿠폰(40050)|1|4900|9837700
2021-04-20 06:17:04|ydb2635|시드마이|맘모스쿠폰(40050)|1|4900|9832800
2021-04-20 06:18:19|ydb2635|시드마이|맘모스쿠폰(40050)|1|4900|9827900
2021-04-20 06:18:20|ydb2635|시드마이|맘모스쿠폰(40050)|1|4900|9823000
2021-04-20 06:18:21|ydb2635|시드마이|맘모스쿠폰(40050)|1|4900|9818100
2021-04-20 06:18:22|ydb2635|시드마이|맘모스쿠폰(40050)|1|4900|9813200
2021-04-20 06:18:23|ydb2635|시드마이|맘모스쿠폰(40050)|1|4900|9808300
2021-04-20 06:18:24|ydb2635|시드마이|맘모스쿠폰(40050)|1|4900|9803400
2021-04-20 06:18:25|ydb2635|시드마이|맘모스쿠폰(40050)|1|4900|9798500
2021-04-20 06:18:26|ydb2635|시드마이|맘모스쿠폰(40050)|1|4900|9793600
2021-04-20 06:18:27|ydb2635|시드마이|맘모스쿠폰(40050)|1|4900|9788700
2021-04-20 06:18:28|ydb2635|시드마이|맘모스쿠폰(40050)|1|4900|9783800
2021-04-20 06:18:30|ydb2635|시드마이|맘모스쿠폰(40050)|1|4900|9778900
2021-04-20 06:18:32|ydb2635|시드마이|맘모스쿠폰(40050)|1|4900|9774000
2021-04-20 06:18:33|ydb2635|시드마이|맘모스쿠폰(40050)|1|4900|9769100
2021-04-20 08:15:42|petdy21|훈쓰|맘모스쿠폰(40050)|1|4900|5100
2021-04-20 08:15:45|petdy21|훈쓰|맘모스쿠폰(40050)|1|4900|200
2021-04-20 13:23:12|||경험치 구슬(교불)(100508)|1|3|10
2021-04-20 13:23:14|||경험치 구슬(교불)(100508)|1|3|7
2021-04-20 14:10:50|||30만스톤 수표(100033)|1|4|3
2021-04-20 15:48:42|ds0516|피맛|진화열매(45009)|1|15000|17000
2021-04-20 15:50:53|||페트초기화(25150)|1|8|43
2021-04-20 15:50:55|||페트초기화(25150)|1|8|35
2021-04-20 15:50:56|||페트초기화(25150)|1|8|27
2021-04-20 15:51:22|ds0516|피맛|맘모스쿠폰(40050)|1|4900|12100
2021-04-20 15:51:23|ds0516|피맛|맘모스쿠폰(40050)|1|4900|7200
2021-04-20 15:51:38|ds0516|피맛|맘모스쿠폰(40050)|1|4900|2300
2021-04-20 16:08:14|||경험치 구슬(교불)(100508)|1|3|9
2021-04-20 16:08:16|||경험치 구슬(교불)(100508)|1|3|9
2021-04-20 16:12:00|kaee55|MOmO|맘모스쿠폰(40050)|1|4900|5300
2021-04-20 16:12:01|kaee55|MOmO|맘모스쿠폰(40050)|1|4900|400
2021-04-20 18:10:33|||갈푸스퀘 깃털(100130)|1|4|51
2021-04-20 18:19:13|||갈푸스퀘 깃털(100130)|1|4|47
2021-04-20 19:01:17|aa3424|방|갈푸스호리병(40130)|1|6900|3100
2021-04-20 19:49:54|kyk9698|파랑|진화열매(45009)|1|15000|153100
2021-04-20 19:49:56|kyk9698|파랑|진화열매(45009)|1|15000|138100
2021-04-20 19:51:57|kyk9698|파랑|Lv4페트 통조림(46018)|1|5000|133100
2021-04-20 19:52:38|yy1212|연두|진화열매(45009)|1|15000|305300
2021-04-20 19:52:41|yy1212|연두|Lv4페트 통조림(46018)|1|5000|300300
2021-04-20 20:29:54|yy1212|연두|진화열매(45009)|1|15000|285300
2021-04-20 21:04:40|||페트초기화(25150)|1|8|0
2021-04-20 21:49:07|gktkddmssla|하이버|VIP POINT 5000＄(21113)|1|5000|56100
2021-04-20 21:50:54|gocks170614|정또노|맘모스쿠폰(40050)|1|4900|1700
2021-04-20 22:20:33|qusrud11|여포왕|Lv4페트 통조림(46018)|1|5000|12400
2021-04-20 22:20:40|qusrud11|여포왕|맘모스쿠폰(40050)|1|4900|7500
2021-04-20 22:20:41|qusrud11|여포왕|맘모스쿠폰(40050)|1|4900|2600
2021-04-20 22:40:51|wogns1278|신재|맘모스쿠폰(40050)|1|4900|6000
2021-04-20 22:40:53|wogns1278|신재|맘모스쿠폰(40050)|1|4900|1100
2021-04-20 23:01:35|im1105|샴기르|맘모스쿠폰(40050)|1|4900|5100
2021-04-20 23:01:39|im1105|샴기르|맘모스쿠폰(40050)|1|4900|200
2021-04-20 23:14:08|||돌북이호리병(40153)|1|15|35
