2021-04-18 02:41:19|||페트초기화(25150)|1|8|7
2021-04-18 03:00:40|||페트초기화(25150)|1|8|31
2021-04-18 03:02:26|||페트초기화(25150)|1|8|23
2021-04-18 03:46:34|||페트초기화(25150)|1|8|43
2021-04-18 03:46:35|||페트초기화(25150)|1|8|35
2021-04-18 03:50:36|||페트초기화(25150)|1|8|27
2021-04-18 04:24:57|||갈푸스퀘 깃털(100130)|1|4|33
2021-04-18 04:25:01|||갈푸스퀘 깃털(100130)|1|4|16
2021-04-18 04:25:21|||갈푸스퀘 깃털(100130)|1|4|29
2021-04-18 04:25:23|||갈푸스퀘 깃털(100130)|1|4|33
2021-04-18 04:25:24|||갈푸스퀘 깃털(100130)|1|4|29
2021-04-18 04:25:27|||갈푸스퀘 깃털(100130)|1|4|12
2021-04-18 04:25:29|||갈푸스퀘 깃털(100130)|1|4|33
2021-04-18 04:25:30|||갈푸스퀘 깃털(100130)|1|4|29
2021-04-18 07:30:26|qusrud11|여포왕|VIP페트2차뽑기박스(40203)|1|7900|7400
2021-04-18 08:55:27|||30만스톤 수표(100033)|1|4|34
2021-04-18 08:55:29|||30만스톤 수표(100033)|1|4|30
2021-04-18 08:55:30|||30만스톤 수표(100033)|1|4|26
2021-04-18 08:55:32|||30만스톤 수표(100033)|1|4|22
2021-04-18 08:55:33|||30만스톤 수표(100033)|1|4|18
2021-04-18 08:55:34|||30만스톤 수표(100033)|1|4|14
2021-04-18 08:55:36|||30만스톤 수표(100033)|1|4|10
2021-04-18 08:55:46|||30만스톤 수표(100033)|1|4|6
2021-04-18 09:13:52|||경험치 구슬(교불)(100508)|1|3|11
2021-04-18 09:13:55|||경험치 구슬(교불)(100508)|1|3|8
2021-04-18 09:13:56|||경험치 구슬(교불)(100508)|1|3|5
2021-04-18 09:14:13|||경험치 구슬(교불)(100508)|1|3|11
2021-04-18 09:14:15|||경험치 구슬(교불)(100508)|1|3|8
2021-04-18 11:03:56|comic200|공|맘모스쿠폰(40050)|1|4900|117400
2021-04-18 11:03:57|comic200|공|맘모스쿠폰(40050)|1|4900|112500
2021-04-18 11:03:58|comic200|공|맘모스쿠폰(40050)|1|4900|107600
2021-04-18 11:04:00|comic200|공|맘모스쿠폰(40050)|1|4900|102700
2021-04-18 11:04:01|comic200|공|맘모스쿠폰(40050)|1|4900|97800
2021-04-18 11:04:03|comic200|공|맘모스쿠폰(40050)|1|4900|92900
2021-04-18 11:04:04|comic200|공|맘모스쿠폰(40050)|1|4900|88000
2021-04-18 11:04:06|comic200|공|맘모스쿠폰(40050)|1|4900|83100
2021-04-18 11:04:07|comic200|공|맘모스쿠폰(40050)|1|4900|78200
2021-04-18 11:04:09|comic200|공|맘모스쿠폰(40050)|1|4900|73300
2021-04-18 11:05:47|comic200|공|맘모스쿠폰(40050)|1|4900|68400
2021-04-18 11:05:49|comic200|공|맘모스쿠폰(40050)|1|4900|63500
2021-04-18 11:05:52|comic200|공|맘모스쿠폰(40050)|1|4900|58600
2021-04-18 11:05:54|comic200|공|맘모스쿠폰(40050)|1|4900|53700
2021-04-18 11:05:55|comic200|공|맘모스쿠폰(40050)|1|4900|48800
2021-04-18 11:05:56|comic200|공|맘모스쿠폰(40050)|1|4900|43900
2021-04-18 11:05:58|comic200|공|맘모스쿠폰(40050)|1|4900|39000
2021-04-18 11:05:59|comic200|공|맘모스쿠폰(40050)|1|4900|34100
2021-04-18 11:06:00|comic200|공|맘모스쿠폰(40050)|1|4900|29200
2021-04-18 11:06:02|comic200|공|맘모스쿠폰(40050)|1|4900|24300
2021-04-18 11:08:25|comic200|공|진화열매(45009)|1|15000|9300
2021-04-18 11:21:45|||30만스톤 수표(100033)|1|4|90
2021-04-18 11:21:49|||30만스톤 수표(100033)|1|4|86
2021-04-18 11:22:00|||30만스톤 수표(100033)|1|4|82
2021-04-18 11:22:02|||30만스톤 수표(100033)|1|4|78
2021-04-18 11:22:03|||30만스톤 수표(100033)|1|4|74
2021-04-18 11:22:05|||30만스톤 수표(100033)|1|4|70
2021-04-18 11:22:06|||30만스톤 수표(100033)|1|4|66
2021-04-18 11:22:10|||30만스톤 수표(100033)|1|4|62
2021-04-18 11:22:12|||30만스톤 수표(100033)|1|4|58
2021-04-18 11:22:14|||30만스톤 수표(100033)|1|4|54
2021-04-18 11:22:17|||30만스톤 수표(100033)|1|4|50
2021-04-18 11:22:18|||30만스톤 수표(100033)|1|4|46
2021-04-18 11:22:20|||30만스톤 수표(100033)|1|4|42
2021-04-18 11:22:21|||30만스톤 수표(100033)|1|4|38
2021-04-18 11:22:23|||30만스톤 수표(100033)|1|4|34
2021-04-18 11:22:38|||30만스톤 수표(100033)|1|4|100
2021-04-18 11:22:39|||30만스톤 수표(100033)|1|4|96
2021-04-18 11:22:41|||30만스톤 수표(100033)|1|4|92
2021-04-18 11:22:52|||30만스톤 수표(100033)|1|4|88
2021-04-18 11:22:54|||30만스톤 수표(100033)|1|4|84
2021-04-18 11:23:00|||30만스톤 수표(100033)|1|4|80
2021-04-18 11:23:41|||30만스톤 수표(100033)|1|4|76
2021-04-18 11:24:11|||30만스톤 수표(100033)|1|4|72
2021-04-18 11:24:23|||30만스톤 수표(100033)|1|4|68
2021-04-18 11:24:37|||30만스톤 수표(100033)|1|4|64
2021-04-18 11:25:16|||30만스톤 수표(100033)|1|4|60
2021-04-18 11:25:21|||30만스톤 수표(100033)|1|4|56
2021-04-18 11:25:29|||30만스톤 수표(100033)|1|4|52
2021-04-18 11:25:31|||30만스톤 수표(100033)|1|4|48
2021-04-18 11:25:39|||30만스톤 수표(100033)|1|4|44
2021-04-18 11:26:05|||30만스톤 수표(100033)|1|4|40
2021-04-18 12:29:54|insub77730|카키|1환생의도끼(100103)|1|1000|4606700
2021-04-18 12:32:40|insub77730|카키|페트초기화(25150)|1|1000|4605700
2021-04-18 15:26:49|destop123|짱구|맘모스쿠폰(40050)|1|4900|187200
2021-04-18 15:26:50|destop123|짱구|맘모스쿠폰(40050)|1|4900|182300
2021-04-18 15:26:51|destop123|짱구|맘모스쿠폰(40050)|1|4900|177400
2021-04-18 15:48:37|destop123|짱구|맘모스쿠폰(40050)|1|4900|172500
2021-04-18 15:48:39|destop123|짱구|맘모스쿠폰(40050)|1|4900|167600
2021-04-18 15:48:41|destop123|짱구|맘모스쿠폰(40050)|1|4900|162700
2021-04-18 16:16:48|||페트초기화(25150)|1|8|13
2021-04-18 16:20:43|||페트초기화(25150)|1|8|13
2021-04-18 16:21:58|||페트초기화(25150)|1|8|5
2021-04-18 17:38:02|gocks170614|정또노|다크바로스호리병(40147)|1|6900|48100
2021-04-18 17:40:58|gocks170614|정또노|펜리호리병(40124)|1|6900|41200
2021-04-18 17:46:30|gocks170614|정또노|Lv4페트 통조림(46018)|1|5000|36200
2021-04-18 17:48:07|gocks170614|정또노|경험치 구슬(100507)|1|2000|34200
2021-04-18 17:48:09|gocks170614|정또노|경험치 구슬(100507)|1|2000|32200
2021-04-18 17:48:12|gocks170614|정또노|경험치 구슬(100507)|1|2000|30200
2021-04-18 17:53:49|gocks170614|정또노|청룡호리병(40118)|1|6900|23300
2021-04-18 17:54:17|gocks170614|정또노|레드리온호리병(40120)|1|6900|16400
2021-04-18 17:54:28|gocks170614|정또노|Lv4페트 통조림(46018)|1|5000|11400
2021-04-18 17:54:30|gocks170614|정또노|Lv4페트 통조림(46018)|1|5000|6400
2021-04-18 19:14:05|comic200|공|맘모스쿠폰(40050)|1|4900|4400
2021-04-18 19:30:02|ds0516|피맛|맘모스쿠폰(40050)|1|4900|69200
2021-04-18 19:30:03|ds0516|피맛|맘모스쿠폰(40050)|1|4900|64300
2021-04-18 19:30:04|ds0516|피맛|맘모스쿠폰(40050)|1|4900|59400
2021-04-18 19:30:05|ds0516|피맛|맘모스쿠폰(40050)|1|4900|54500
2021-04-18 19:30:06|ds0516|피맛|맘모스쿠폰(40050)|1|4900|49600
2021-04-18 19:30:07|ds0516|피맛|맘모스쿠폰(40050)|1|4900|44700
2021-04-18 19:30:09|ds0516|피맛|맘모스쿠폰(40050)|1|4900|39800
2021-04-18 19:30:38|ds0516|피맛|맘모스쿠폰(40050)|1|4900|34900
2021-04-18 19:30:39|ds0516|피맛|맘모스쿠폰(40050)|1|4900|30000
2021-04-18 19:30:40|ds0516|피맛|맘모스쿠폰(40050)|1|4900|25100
2021-04-18 19:30:41|ds0516|피맛|맘모스쿠폰(40050)|1|4900|20200
2021-04-18 19:30:42|ds0516|피맛|맘모스쿠폰(40050)|1|4900|15300
2021-04-18 19:32:36|ds0516|피맛|맘모스쿠폰(40050)|1|4900|10400
2021-04-18 19:32:37|ds0516|피맛|맘모스쿠폰(40050)|1|4900|5500
2021-04-18 19:32:38|ds0516|피맛|맘모스쿠폰(40050)|1|4900|600
2021-04-18 19:54:26|||갈푸스퀘 깃털(100130)|1|4|27
2021-04-18 19:54:33|||갈푸스퀘 깃털(100130)|1|4|30
2021-04-18 20:58:27|||페트초기화(25150)|1|8|5
2021-04-18 21:00:20|||페트초기화(25150)|1|8|6
2021-04-18 21:01:39|||경험치 구슬(교불)(100508)|1|5|4
2021-04-18 21:02:05|||경험치 구슬(교불)(100508)|1|5|5
2021-04-18 21:02:07|||경험치 구슬(교불)(100508)|1|5|0
2021-04-18 21:05:28|ds0516|피맛|맘모스쿠폰(40050)|1|4900|55700
2021-04-18 21:05:29|ds0516|피맛|맘모스쿠폰(40050)|1|4900|50800
2021-04-18 21:05:30|ds0516|피맛|맘모스쿠폰(40050)|1|4900|45900
2021-04-18 21:05:31|ds0516|피맛|맘모스쿠폰(40050)|1|4900|41000
2021-04-18 21:05:32|ds0516|피맛|맘모스쿠폰(40050)|1|4900|36100
2021-04-18 21:05:33|ds0516|피맛|맘모스쿠폰(40050)|1|4900|31200
2021-04-18 21:05:51|||페트초기화(25150)|1|8|13
2021-04-18 21:05:52|ds0516|피맛|맘모스쿠폰(40050)|1|4900|26300
2021-04-18 21:05:53|||페트초기화(25150)|1|8|5
2021-04-18 21:05:53|ds0516|피맛|맘모스쿠폰(40050)|1|4900|21400
2021-04-18 21:05:54|ds0516|피맛|맘모스쿠폰(40050)|1|4900|16500
2021-04-18 21:05:55|ds0516|피맛|맘모스쿠폰(40050)|1|4900|11600
2021-04-18 21:05:57|ds0516|피맛|맘모스쿠폰(40050)|1|4900|6700
2021-04-18 21:05:58|ds0516|피맛|맘모스쿠폰(40050)|1|4900|1800
2021-04-18 21:42:44|||페트초기화(25150)|1|8|13
2021-04-18 21:42:45|||페트초기화(25150)|1|8|5
2021-04-18 21:42:56|||갈푸스퀘 깃털(100130)|1|4|1
2021-04-18 22:32:55|||페트초기화(25150)|1|8|2
2021-04-18 22:55:27|||경험치 구슬(교불)(100508)|1|3|7
2021-04-18 22:55:31|||경험치 구슬(교불)(100508)|1|3|4
2021-04-18 22:56:35|||경험치 구슬(교불)(100508)|1|3|10
2021-04-18 22:56:37|||경험치 구슬(교불)(100508)|1|3|7
2021-04-18 23:07:21|||얼성퀘 깃털(110001)|1|3|54
2021-04-18 23:07:25|||얼성퀘 깃털(110001)|1|3|43
2021-04-18 23:09:48|||페트초기화(25150)|1|8|144
2021-04-18 23:10:08|||페트초기화(25150)|1|8|136
2021-04-18 23:24:30|||갈푸스퀘 깃털(100130)|1|4|26
2021-04-18 23:24:45|||갈푸스퀘 깃털(100130)|1|4|14
2021-04-18 23:26:42|||갈푸스퀘 깃털(100130)|1|4|10
2021-04-18 23:26:49|||갈푸스퀘 깃털(100130)|1|4|22
