2021-04-16 00:03:36|comic200|공|맘모스쿠폰(40050)|1|4900|47300
2021-04-16 00:03:38|comic200|공|맘모스쿠폰(40050)|1|4900|42400
2021-04-16 00:03:40|comic200|공|맘모스쿠폰(40050)|1|4900|37500
2021-04-16 00:03:41|comic200|공|맘모스쿠폰(40050)|1|4900|32600
2021-04-16 00:03:43|comic200|공|맘모스쿠폰(40050)|1|4900|27700
2021-04-16 00:04:17|||그린바로스호리병(40159)|1|15|27
2021-04-16 00:04:35|||모가로스호리병(40160)|1|15|12
2021-04-16 00:13:21|comic200|공|맘모스쿠폰(40050)|1|4900|22800
2021-04-16 00:13:22|comic200|공|맘모스쿠폰(40050)|1|4900|17900
2021-04-16 00:13:24|comic200|공|맘모스쿠폰(40050)|1|4900|13000
2021-04-16 00:13:26|comic200|공|맘모스쿠폰(40050)|1|4900|8100
2021-04-16 00:13:28|comic200|공|맘모스쿠폰(40050)|1|4900|3200
2021-04-16 00:20:43|wogns1278|신재|갈푸스호리병(40130)|1|6900|43100
2021-04-16 00:23:23|wogns1278|신재|맘모스쿠폰(40050)|1|4900|38200
2021-04-16 00:23:26|wogns1278|신재|맘모스쿠폰(40050)|1|4900|33300
2021-04-16 00:26:14|wogns1278|신재|맘모스쿠폰(40050)|1|4900|28400
2021-04-16 00:26:48|wogns1278|신재|맘모스쿠폰(40050)|1|4900|23500
2021-04-16 00:28:03|wogns1278|신재|맘모스쿠폰(40050)|1|4900|18600
2021-04-16 00:28:44|wogns1278|신재|맘모스쿠폰(40050)|1|4900|13700
2021-04-16 00:29:53|wogns1278|신재|맘모스쿠폰(40050)|1|4900|8800
2021-04-16 00:33:16|wogns1278|신재|VIP페트2차뽑기박스(40203)|1|7900|900
2021-04-16 00:37:30|||경험치 구슬(교불)(100508)|1|3|0
2021-04-16 00:37:53|||경험치 구슬(교불)(100508)|1|3|0
2021-04-16 02:29:09|ccs5656|추르|맘모스쿠폰(40050)|1|4900|25100
2021-04-16 02:29:11|ccs5656|추르|맘모스쿠폰(40050)|1|4900|20200
2021-04-16 02:29:36|ccs5656|추르|맘모스쿠폰(40050)|1|4900|15300
2021-04-16 02:53:34|||페트초기화(25150)|1|8|56
2021-04-16 02:53:36|||페트초기화(25150)|1|8|48
2021-04-16 02:53:37|||페트초기화(25150)|1|8|40
2021-04-16 02:53:38|||페트초기화(25150)|1|8|32
2021-04-16 02:53:39|||페트초기화(25150)|1|8|24
2021-04-16 02:54:48|||페트초기화(25150)|1|8|16
2021-04-16 02:55:00|||페트초기화(25150)|1|8|8
2021-04-16 02:55:48|ccs5656|추르|맘모스쿠폰(40050)|1|4900|10400
2021-04-16 02:55:50|ccs5656|추르|맘모스쿠폰(40050)|1|4900|5500
2021-04-16 02:55:51|ccs5656|추르|맘모스쿠폰(40050)|1|4900|600
2021-04-16 03:04:07|ccs5656|추르|맘모스쿠폰(40050)|1|4900|15700
2021-04-16 03:04:08|ccs5656|추르|맘모스쿠폰(40050)|1|4900|10800
2021-04-16 03:04:10|ccs5656|추르|맘모스쿠폰(40050)|1|4900|5900
2021-04-16 03:04:12|ccs5656|추르|맘모스쿠폰(40050)|1|4900|1000
2021-04-16 03:10:03|ccs56|츄르|맘모스쿠폰(40050)|1|4900|45100
2021-04-16 03:10:05|ccs56|츄르|맘모스쿠폰(40050)|1|4900|40200
2021-04-16 03:10:06|ccs56|츄르|맘모스쿠폰(40050)|1|4900|35300
2021-04-16 03:11:01|ccs56|츄르|맘모스쿠폰(40050)|1|4900|30400
2021-04-16 03:11:02|ccs56|츄르|맘모스쿠폰(40050)|1|4900|25500
2021-04-16 03:11:04|ccs56|츄르|맘모스쿠폰(40050)|1|4900|20600
2021-04-16 03:12:10|ccs56|츄르|맘모스쿠폰(40050)|1|4900|15700
2021-04-16 03:12:14|ccs56|츄르|맘모스쿠폰(40050)|1|4900|10800
2021-04-16 03:14:21|ccs56|츄르|맘모스쿠폰(40050)|1|4900|5900
2021-04-16 03:14:22|ccs56|츄르|맘모스쿠폰(40050)|1|4900|1000
2021-04-16 03:16:09|||페트초기화(25150)|1|8|50
2021-04-16 03:16:24|||페트초기화(25150)|1|8|42
2021-04-16 03:16:36|||페트초기화(25150)|1|8|34
2021-04-16 03:51:30|wooks011|이라또|3회창(94001)|1|30000|0
2021-04-16 03:52:52|||페트초기화(25150)|1|8|3
2021-04-16 03:55:17|||페트초기화(25150)|1|8|3
2021-04-16 07:59:53|||경험치 구슬(교불)(100508)|1|5|211
2021-04-16 07:59:55|||경험치 구슬(교불)(100508)|1|5|206
2021-04-16 07:59:56|||경험치 구슬(교불)(100508)|1|5|201
2021-04-16 07:59:58|||경험치 구슬(교불)(100508)|1|5|196
2021-04-16 07:59:59|||경험치 구슬(교불)(100508)|1|5|191
2021-04-16 08:00:01|||경험치 구슬(교불)(100508)|1|5|186
2021-04-16 08:00:02|||경험치 구슬(교불)(100508)|1|5|181
2021-04-16 08:00:03|||경험치 구슬(교불)(100508)|1|5|176
2021-04-16 08:00:05|||경험치 구슬(교불)(100508)|1|5|171
2021-04-16 08:00:07|||경험치 구슬(교불)(100508)|1|5|166
2021-04-16 08:00:08|||경험치 구슬(교불)(100508)|1|5|161
2021-04-16 08:00:37|||경험치 구슬(교불)(100508)|1|5|181
2021-04-16 08:00:38|||경험치 구슬(교불)(100508)|1|5|176
2021-04-16 08:00:39|||경험치 구슬(교불)(100508)|1|5|171
2021-04-16 08:00:40|||경험치 구슬(교불)(100508)|1|5|166
2021-04-16 08:00:43|||경험치 구슬(교불)(100508)|1|5|161
2021-04-16 08:00:44|||경험치 구슬(교불)(100508)|1|5|156
2021-04-16 08:00:46|||경험치 구슬(교불)(100508)|1|5|151
2021-04-16 08:00:47|||경험치 구슬(교불)(100508)|1|5|146
2021-04-16 08:00:48|||경험치 구슬(교불)(100508)|1|5|141
2021-04-16 08:00:49|||경험치 구슬(교불)(100508)|1|5|136
2021-04-16 08:52:55|qusrud11|여포왕|맘모스쿠폰(40050)|1|4900|196700
2021-04-16 08:52:56|qusrud11|여포왕|맘모스쿠폰(40050)|1|4900|191800
2021-04-16 08:52:58|qusrud11|여포왕|맘모스쿠폰(40050)|1|4900|186900
2021-04-16 08:52:59|qusrud11|여포왕|맘모스쿠폰(40050)|1|4900|182000
2021-04-16 08:53:00|qusrud11|여포왕|맘모스쿠폰(40050)|1|4900|177100
2021-04-16 08:53:27|qusrud11|여포왕|맘모스쿠폰(40050)|1|4900|172200
2021-04-16 08:53:28|qusrud11|여포왕|맘모스쿠폰(40050)|1|4900|167300
2021-04-16 08:53:29|qusrud11|여포왕|맘모스쿠폰(40050)|1|4900|162400
2021-04-16 08:53:31|qusrud11|여포왕|맘모스쿠폰(40050)|1|4900|157500
2021-04-16 08:53:32|qusrud11|여포왕|맘모스쿠폰(40050)|1|4900|152600
2021-04-16 08:54:05|qusrud11|여포왕|맘모스쿠폰(40050)|1|4900|147700
2021-04-16 08:54:06|qusrud11|여포왕|맘모스쿠폰(40050)|1|4900|142800
2021-04-16 08:54:07|qusrud11|여포왕|맘모스쿠폰(40050)|1|4900|137900
2021-04-16 08:54:08|qusrud11|여포왕|맘모스쿠폰(40050)|1|4900|133000
2021-04-16 08:54:09|qusrud11|여포왕|맘모스쿠폰(40050)|1|4900|128100
2021-04-16 08:54:10|qusrud11|여포왕|맘모스쿠폰(40050)|1|4900|123200
2021-04-16 08:54:11|qusrud11|여포왕|맘모스쿠폰(40050)|1|4900|118300
2021-04-16 08:54:12|qusrud11|여포왕|맘모스쿠폰(40050)|1|4900|113400
2021-04-16 08:54:14|qusrud11|여포왕|맘모스쿠폰(40050)|1|4900|108500
2021-04-16 08:54:15|qusrud11|여포왕|맘모스쿠폰(40050)|1|4900|103600
2021-04-16 09:02:56|qusrud11|여포왕|수호의 목걸이(98002)|1|15000|88600
2021-04-16 09:48:50|||갈푸스퀘 깃털(100130)|1|4|47
2021-04-16 09:48:51|||갈푸스퀘 깃털(100130)|1|4|43
2021-04-16 09:48:52|||갈푸스퀘 깃털(100130)|1|4|39
2021-04-16 09:49:30|||갈푸스퀘 깃털(100130)|1|4|13
2021-04-16 09:49:34|||갈푸스퀘 깃털(100130)|1|4|9
2021-04-16 09:49:35|||갈푸스퀘 깃털(100130)|1|4|5
2021-04-16 09:58:02|gktkddmssla|하이버|VIP POINT 50000＄(21116)|1|50000|900
2021-04-16 10:00:06|comic200|공|맘모스쿠폰(40050)|1|4900|48300
2021-04-16 10:00:08|comic200|공|맘모스쿠폰(40050)|1|4900|43400
2021-04-16 10:00:09|comic200|공|맘모스쿠폰(40050)|1|4900|38500
2021-04-16 10:00:10|comic200|공|맘모스쿠폰(40050)|1|4900|33600
2021-04-16 10:00:12|comic200|공|맘모스쿠폰(40050)|1|4900|28700
2021-04-16 10:00:14|comic200|공|맘모스쿠폰(40050)|1|4900|23800
2021-04-16 10:00:15|comic200|공|맘모스쿠폰(40050)|1|4900|18900
2021-04-16 10:00:17|comic200|공|맘모스쿠폰(40050)|1|4900|14000
2021-04-16 10:00:18|comic200|공|맘모스쿠폰(40050)|1|4900|9100
2021-04-16 10:00:20|comic200|공|맘모스쿠폰(40050)|1|4900|4200
2021-04-16 12:09:36|jis8711255|핸콕|맘모스쿠폰(40050)|1|4900|12462800
2021-04-16 12:09:37|jis8711255|핸콕|맘모스쿠폰(40050)|1|4900|12457900
2021-04-16 12:09:39|jis8711255|핸콕|맘모스쿠폰(40050)|1|4900|12453000
2021-04-16 12:09:40|jis8711255|핸콕|맘모스쿠폰(40050)|1|4900|12448100
2021-04-16 12:09:42|jis8711255|핸콕|맘모스쿠폰(40050)|1|4900|12443200
2021-04-16 12:09:43|jis8711255|핸콕|맘모스쿠폰(40050)|1|4900|12438300
2021-04-16 12:09:45|jis8711255|핸콕|맘모스쿠폰(40050)|1|4900|12433400
2021-04-16 12:09:46|jis8711255|핸콕|맘모스쿠폰(40050)|1|4900|12428500
2021-04-16 12:09:49|jis8711255|핸콕|맘모스쿠폰(40050)|1|4900|12423600
2021-04-16 12:09:50|jis8711255|핸콕|맘모스쿠폰(40050)|1|4900|12418700
2021-04-16 12:09:52|jis8711255|핸콕|맘모스쿠폰(40050)|1|4900|12413800
2021-04-16 12:09:53|jis8711255|핸콕|맘모스쿠폰(40050)|1|4900|12408900
2021-04-16 12:09:54|jis8711255|핸콕|맘모스쿠폰(40050)|1|4900|12404000
2021-04-16 12:09:56|jis8711255|핸콕|맘모스쿠폰(40050)|1|4900|12399100
2021-04-16 12:09:57|jis8711255|핸콕|맘모스쿠폰(40050)|1|4900|12394200
2021-04-16 12:09:59|jis8711255|핸콕|맘모스쿠폰(40050)|1|4900|12389300
2021-04-16 12:10:00|jis8711255|핸콕|맘모스쿠폰(40050)|1|4900|12384400
2021-04-16 12:10:01|jis8711255|핸콕|맘모스쿠폰(40050)|1|4900|12379500
2021-04-16 12:10:02|jis8711255|핸콕|맘모스쿠폰(40050)|1|4900|12374600
2021-04-16 12:10:04|jis8711255|핸콕|맘모스쿠폰(40050)|1|4900|12369700
2021-04-16 13:54:11|||페트초기화(25150)|1|8|7
2021-04-16 13:54:23|||페트초기화(25150)|1|8|7
2021-04-16 14:00:19|dkdldh33|일랜|VIP POINT 10000＄(21114)|1|10000|10600
2021-04-16 14:00:21|dkdldh33|일랜|VIP POINT 3000＄(21112)|1|3000|7600
2021-04-16 14:07:52|ds0516|피맛|맘모스쿠폰(40050)|1|4900|9400
2021-04-16 14:07:53|ds0516|피맛|맘모스쿠폰(40050)|1|4900|4500
2021-04-16 14:40:29|insub77730|카키|VIP페트2차뽑기박스(40203)|1|7900|4876100
2021-04-16 14:40:53|insub77730|카키|경험치 구슬(100507)|1|2000|4874100
2021-04-16 14:40:55|insub77730|카키|황금자루(25151)|1|15000|4859100
2021-04-16 14:40:57|insub77730|카키|황금자루(25151)|1|15000|4844100
2021-04-16 14:40:58|insub77730|카키|경험치 구슬(100507)|1|2000|4842100
2021-04-16 14:43:41|||갈푸스퀘 깃털(100130)|1|4|3
2021-04-16 14:43:59|insub77730|카키|맘모스쿠폰(40050)|1|4900|4837200
2021-04-16 14:44:01|insub77730|카키|맘모스쿠폰(40050)|1|4900|4832300
2021-04-16 14:44:02|insub77730|카키|맘모스쿠폰(40050)|1|4900|4827400
2021-04-16 14:44:03|insub77730|카키|맘모스쿠폰(40050)|1|4900|4822500
2021-04-16 14:44:05|insub77730|카키|맘모스쿠폰(40050)|1|4900|4817600
2021-04-16 14:44:06|insub77730|카키|맘모스쿠폰(40050)|1|4900|4812700
2021-04-16 14:44:07|insub77730|카키|맘모스쿠폰(40050)|1|4900|4807800
2021-04-16 14:44:09|insub77730|카키|맘모스쿠폰(40050)|1|4900|4802900
2021-04-16 14:44:10|insub77730|카키|맘모스쿠폰(40050)|1|4900|4798000
2021-04-16 14:44:11|insub77730|카키|맘모스쿠폰(40050)|1|4900|4793100
2021-04-16 14:44:13|insub77730|카키|맘모스쿠폰(40050)|1|4900|4788200
2021-04-16 14:44:15|insub77730|카키|맘모스쿠폰(40050)|1|4900|4783300
2021-04-16 14:44:16|insub77730|카키|맘모스쿠폰(40050)|1|4900|4778400
2021-04-16 14:44:19|insub77730|카키|맘모스쿠폰(40050)|1|4900|4773500
2021-04-16 14:45:16|insub77730|카키|맘모스쿠폰(40050)|1|4900|4768600
2021-04-16 14:45:18|insub77730|카키|맘모스쿠폰(40050)|1|4900|4763700
2021-04-16 14:45:21|insub77730|카키|맘모스쿠폰(40050)|1|4900|4758800
2021-04-16 14:45:22|insub77730|카키|맘모스쿠폰(40050)|1|4900|4753900
2021-04-16 14:45:25|insub77730|카키|맘모스쿠폰(40050)|1|4900|4749000
2021-04-16 14:45:26|insub77730|카키|맘모스쿠폰(40050)|1|4900|4744100
2021-04-16 14:45:27|insub77730|카키|맘모스쿠폰(40050)|1|4900|4739200
2021-04-16 14:45:29|insub77730|카키|맘모스쿠폰(40050)|1|4900|4734300
2021-04-16 14:45:30|insub77730|카키|맘모스쿠폰(40050)|1|4900|4729400
2021-04-16 14:45:32|insub77730|카키|맘모스쿠폰(40050)|1|4900|4724500
2021-04-16 14:48:31|insub77730|카키|맘모스쿠폰(40050)|1|4900|4719600
2021-04-16 14:48:33|insub77730|카키|맘모스쿠폰(40050)|1|4900|4714700
2021-04-16 14:48:34|insub77730|카키|맘모스쿠폰(40050)|1|4900|4709800
2021-04-16 14:48:36|insub77730|카키|맘모스쿠폰(40050)|1|4900|4704900
2021-04-16 14:48:37|insub77730|카키|맘모스쿠폰(40050)|1|4900|4700000
2021-04-16 14:48:38|insub77730|카키|맘모스쿠폰(40050)|1|4900|4695100
2021-04-16 14:48:40|insub77730|카키|맘모스쿠폰(40050)|1|4900|4690200
2021-04-16 14:48:41|insub77730|카키|맘모스쿠폰(40050)|1|4900|4685300
2021-04-16 14:48:42|insub77730|카키|맘모스쿠폰(40050)|1|4900|4680400
2021-04-16 14:48:43|insub77730|카키|맘모스쿠폰(40050)|1|4900|4675500
2021-04-16 14:48:45|insub77730|카키|맘모스쿠폰(40050)|1|4900|4670600
2021-04-16 14:48:46|insub77730|카키|맘모스쿠폰(40050)|1|4900|4665700
2021-04-16 14:56:05|||경험치 구슬(교불)(100508)|1|5|396
2021-04-16 14:56:06|||경험치 구슬(교불)(100508)|1|5|391
2021-04-16 14:56:07|||경험치 구슬(교불)(100508)|1|5|386
2021-04-16 14:56:08|||경험치 구슬(교불)(100508)|1|5|381
2021-04-16 14:56:09|||경험치 구슬(교불)(100508)|1|5|376
2021-04-16 14:56:16|||경험치 구슬(교불)(100508)|1|5|371
2021-04-16 15:19:57|||갈푸스퀘 깃털(100130)|1|4|0
2021-04-16 15:59:31|jis871125|루피|맘모스쿠폰(40050)|1|4900|12811700
2021-04-16 15:59:32|jis871125|루피|맘모스쿠폰(40050)|1|4900|12806800
2021-04-16 15:59:33|jis871125|루피|맘모스쿠폰(40050)|1|4900|12801900
2021-04-16 15:59:35|jis871125|루피|맘모스쿠폰(40050)|1|4900|12797000
2021-04-16 15:59:36|jis871125|루피|맘모스쿠폰(40050)|1|4900|12792100
2021-04-16 15:59:37|jis871125|루피|맘모스쿠폰(40050)|1|4900|12787200
2021-04-16 15:59:38|jis871125|루피|맘모스쿠폰(40050)|1|4900|12782300
2021-04-16 15:59:39|jis871125|루피|맘모스쿠폰(40050)|1|4900|12777400
2021-04-16 15:59:40|jis871125|루피|맘모스쿠폰(40050)|1|4900|12772500
2021-04-16 15:59:42|jis871125|루피|맘모스쿠폰(40050)|1|4900|12767600
2021-04-16 16:04:28|jis871125|루피|맘모스쿠폰(40050)|1|4900|12762700
2021-04-16 16:04:29|jis871125|루피|맘모스쿠폰(40050)|1|4900|12757800
2021-04-16 16:04:31|jis871125|루피|맘모스쿠폰(40050)|1|4900|12752900
2021-04-16 16:04:33|jis871125|루피|맘모스쿠폰(40050)|1|4900|12748000
2021-04-16 16:04:35|jis871125|루피|맘모스쿠폰(40050)|1|4900|12743100
2021-04-16 16:04:36|jis871125|루피|맘모스쿠폰(40050)|1|4900|12738200
2021-04-16 16:04:37|jis871125|루피|맘모스쿠폰(40050)|1|4900|12733300
2021-04-16 16:04:38|jis871125|루피|맘모스쿠폰(40050)|1|4900|12728400
2021-04-16 16:04:40|jis871125|루피|맘모스쿠폰(40050)|1|4900|12723500
2021-04-16 16:04:41|jis871125|루피|맘모스쿠폰(40050)|1|4900|12718600
2021-04-16 16:04:42|jis871125|루피|맘모스쿠폰(40050)|1|4900|12713700
2021-04-16 16:04:44|jis871125|루피|맘모스쿠폰(40050)|1|4900|12708800
2021-04-16 16:13:02|||경험치 구슬(교불)(100508)|1|5|366
2021-04-16 17:24:38|jhy0329|심향|맘모스쿠폰(40050)|1|4900|47300
2021-04-16 17:24:39|jhy0329|심향|맘모스쿠폰(40050)|1|4900|42400
2021-04-16 17:24:41|jhy0329|심향|맘모스쿠폰(40050)|1|4900|37500
2021-04-16 17:24:44|jhy0329|심향|맘모스쿠폰(40050)|1|4900|32600
2021-04-16 17:24:46|jhy0329|심향|맘모스쿠폰(40050)|1|4900|27700
2021-04-16 17:24:48|jhy0329|심향|맘모스쿠폰(40050)|1|4900|22800
2021-04-16 18:17:04|yy1212|연두|맘모스쿠폰(40050)|1|4900|545700
2021-04-16 18:17:06|yy1212|연두|맘모스쿠폰(40050)|1|4900|540800
2021-04-16 18:17:07|yy1212|연두|맘모스쿠폰(40050)|1|4900|535900
2021-04-16 18:17:08|yy1212|연두|맘모스쿠폰(40050)|1|4900|531000
2021-04-16 18:17:09|yy1212|연두|맘모스쿠폰(40050)|1|4900|526100
2021-04-16 18:17:10|yy1212|연두|맘모스쿠폰(40050)|1|4900|521200
2021-04-16 18:17:12|yy1212|연두|맘모스쿠폰(40050)|1|4900|516300
2021-04-16 18:17:13|yy1212|연두|맘모스쿠폰(40050)|1|4900|511400
2021-04-16 18:17:15|yy1212|연두|맘모스쿠폰(40050)|1|4900|506500
2021-04-16 18:17:16|yy1212|연두|맘모스쿠폰(40050)|1|4900|501600
2021-04-16 18:17:17|yy1212|연두|맘모스쿠폰(40050)|1|4900|496700
2021-04-16 18:17:18|yy1212|연두|맘모스쿠폰(40050)|1|4900|491800
2021-04-16 18:17:19|yy1212|연두|맘모스쿠폰(40050)|1|4900|486900
2021-04-16 18:18:38|yy1212|연두|맘모스쿠폰(40050)|1|4900|482000
2021-04-16 18:18:39|yy1212|연두|맘모스쿠폰(40050)|1|4900|477100
2021-04-16 18:18:40|yy1212|연두|맘모스쿠폰(40050)|1|4900|472200
2021-04-16 18:18:41|yy1212|연두|맘모스쿠폰(40050)|1|4900|467300
2021-04-16 18:18:42|yy1212|연두|맘모스쿠폰(40050)|1|4900|462400
2021-04-16 18:18:43|yy1212|연두|맘모스쿠폰(40050)|1|4900|457500
2021-04-16 18:18:44|yy1212|연두|맘모스쿠폰(40050)|1|4900|452600
2021-04-16 18:18:45|yy1212|연두|맘모스쿠폰(40050)|1|4900|447700
2021-04-16 18:18:46|yy1212|연두|맘모스쿠폰(40050)|1|4900|442800
2021-04-16 18:18:48|yy1212|연두|맘모스쿠폰(40050)|1|4900|437900
2021-04-16 18:18:49|yy1212|연두|맘모스쿠폰(40050)|1|4900|433000
2021-04-16 18:18:50|yy1212|연두|맘모스쿠폰(40050)|1|4900|428100
2021-04-16 18:18:51|yy1212|연두|맘모스쿠폰(40050)|1|4900|423200
2021-04-16 18:18:52|yy1212|연두|맘모스쿠폰(40050)|1|4900|418300
2021-04-16 18:18:53|yy1212|연두|맘모스쿠폰(40050)|1|4900|413400
2021-04-16 18:20:28|yy1212|연두|맘모스쿠폰(40050)|1|4900|408500
2021-04-16 18:20:29|yy1212|연두|맘모스쿠폰(40050)|1|4900|403600
2021-04-16 18:20:31|yy1212|연두|맘모스쿠폰(40050)|1|4900|398700
2021-04-16 18:20:32|yy1212|연두|맘모스쿠폰(40050)|1|4900|393800
2021-04-16 18:20:34|yy1212|연두|맘모스쿠폰(40050)|1|4900|388900
2021-04-16 18:20:35|yy1212|연두|맘모스쿠폰(40050)|1|4900|384000
2021-04-16 18:20:36|yy1212|연두|맘모스쿠폰(40050)|1|4900|379100
2021-04-16 18:20:37|yy1212|연두|맘모스쿠폰(40050)|1|4900|374200
2021-04-16 18:20:38|yy1212|연두|맘모스쿠폰(40050)|1|4900|369300
2021-04-16 18:20:39|yy1212|연두|맘모스쿠폰(40050)|1|4900|364400
2021-04-16 18:20:40|yy1212|연두|맘모스쿠폰(40050)|1|4900|359500
2021-04-16 18:20:41|yy1212|연두|맘모스쿠폰(40050)|1|4900|354600
2021-04-16 18:20:42|yy1212|연두|맘모스쿠폰(40050)|1|4900|349700
2021-04-16 18:20:44|yy1212|연두|맘모스쿠폰(40050)|1|4900|344800
2021-04-16 18:20:45|yy1212|연두|맘모스쿠폰(40050)|1|4900|339900
2021-04-16 18:20:46|yy1212|연두|맘모스쿠폰(40050)|1|4900|335000
2021-04-16 18:20:47|yy1212|연두|맘모스쿠폰(40050)|1|4900|330100
2021-04-16 18:20:48|yy1212|연두|맘모스쿠폰(40050)|1|4900|325200
2021-04-16 18:20:50|yy1212|연두|맘모스쿠폰(40050)|1|4900|320300
2021-04-16 18:25:22|homework13|오만의죄|맘모스쿠폰(40050)|1|4900|22100
2021-04-16 18:25:23|homework13|오만의죄|맘모스쿠폰(40050)|1|4900|17200
2021-04-16 18:25:25|homework13|오만의죄|맘모스쿠폰(40050)|1|4900|12300
2021-04-16 18:25:26|homework13|오만의죄|맘모스쿠폰(40050)|1|4900|7400
2021-04-16 18:25:27|homework13|오만의죄|맘모스쿠폰(40050)|1|4900|2500
2021-04-16 18:31:28|||갈푸스퀘 깃털(100130)|1|4|3
2021-04-16 18:47:31|jis871125|루피|맘모스쿠폰(40050)|1|4900|12703900
2021-04-16 18:47:33|jis871125|루피|맘모스쿠폰(40050)|1|4900|12699000
2021-04-16 18:47:34|jis871125|루피|맘모스쿠폰(40050)|1|4900|12694100
2021-04-16 18:47:35|jis871125|루피|맘모스쿠폰(40050)|1|4900|12689200
2021-04-16 18:47:37|jis871125|루피|맘모스쿠폰(40050)|1|4900|12684300
2021-04-16 18:47:38|jis871125|루피|맘모스쿠폰(40050)|1|4900|12679400
2021-04-16 18:47:39|jis871125|루피|맘모스쿠폰(40050)|1|4900|12674500
2021-04-16 18:47:40|jis871125|루피|맘모스쿠폰(40050)|1|4900|12669600
2021-04-16 18:47:41|jis871125|루피|맘모스쿠폰(40050)|1|4900|12664700
2021-04-16 18:47:42|jis871125|루피|맘모스쿠폰(40050)|1|4900|12659800
2021-04-16 18:47:43|jis871125|루피|맘모스쿠폰(40050)|1|4900|12654900
2021-04-16 18:47:44|jis871125|루피|맘모스쿠폰(40050)|1|4900|12650000
2021-04-16 18:51:39|qusrud11|여포왕|맘모스쿠폰(40050)|1|4900|83700
2021-04-16 18:51:40|qusrud11|여포왕|맘모스쿠폰(40050)|1|4900|78800
2021-04-16 18:51:41|qusrud11|여포왕|맘모스쿠폰(40050)|1|4900|73900
2021-04-16 18:51:42|qusrud11|여포왕|맘모스쿠폰(40050)|1|4900|69000
2021-04-16 18:51:43|qusrud11|여포왕|맘모스쿠폰(40050)|1|4900|64100
2021-04-16 18:51:44|qusrud11|여포왕|맘모스쿠폰(40050)|1|4900|59200
2021-04-16 18:51:45|qusrud11|여포왕|맘모스쿠폰(40050)|1|4900|54300
2021-04-16 18:51:46|qusrud11|여포왕|맘모스쿠폰(40050)|1|4900|49400
2021-04-16 18:51:48|qusrud11|여포왕|맘모스쿠폰(40050)|1|4900|44500
2021-04-16 18:51:49|qusrud11|여포왕|맘모스쿠폰(40050)|1|4900|39600
2021-04-16 18:52:28|dkdldh33|일랜|맘모스쿠폰(40050)|1|4900|2700
2021-04-16 18:54:03|qusrud11|여포왕|맘모스쿠폰(40050)|1|4900|34700
2021-04-16 18:54:04|qusrud11|여포왕|맘모스쿠폰(40050)|1|4900|29800
2021-04-16 18:54:05|qusrud11|여포왕|맘모스쿠폰(40050)|1|4900|24900
2021-04-16 18:54:06|qusrud11|여포왕|맘모스쿠폰(40050)|1|4900|20000
2021-04-16 18:54:06|qusrud11|여포왕|맘모스쿠폰(40050)|1|4900|15100
2021-04-16 18:54:36|qusrud11|여포왕|VIP페트2차뽑기박스(40203)|1|7900|7200
2021-04-16 19:52:37|jhy0329|심향|거울의 목걸이(98000)|1|20000|2800
2021-04-16 20:01:05|||갈푸스퀘 깃털(100130)|1|4|0
2021-04-16 20:45:03|insub77730|카키|경험치 구슬(100507)|1|2000|4663700
2021-04-16 20:45:05|insub77730|카키|경험치 구슬(100507)|1|2000|4661700
2021-04-16 20:49:59|wg9400|光明|맘모스쿠폰(40050)|1|4900|45100
2021-04-16 20:50:00|wg9400|光明|맘모스쿠폰(40050)|1|4900|40200
2021-04-16 20:50:01|wg9400|光明|맘모스쿠폰(40050)|1|4900|35300
2021-04-16 20:50:03|wg9400|光明|맘모스쿠폰(40050)|1|4900|30400
2021-04-16 20:50:05|wg9400|光明|맘모스쿠폰(40050)|1|4900|25500
2021-04-16 20:50:07|wg9400|光明|맘모스쿠폰(40050)|1|4900|20600
2021-04-16 20:50:08|wg9400|光明|맘모스쿠폰(40050)|1|4900|15700
2021-04-16 20:51:00|wg9400|光明|맘모스쿠폰(40050)|1|4900|10800
2021-04-16 20:51:01|wg9400|光明|맘모스쿠폰(40050)|1|4900|5900
2021-04-16 20:51:03|wg9400|光明|맘모스쿠폰(40050)|1|4900|1000
2021-04-16 20:54:55|wg9400|光明|맘모스쿠폰(40050)|1|4900|46100
2021-04-16 20:54:56|wg9400|光明|맘모스쿠폰(40050)|1|4900|41200
2021-04-16 20:54:58|wg9400|光明|맘모스쿠폰(40050)|1|4900|36300
2021-04-16 20:54:59|wg9400|光明|맘모스쿠폰(40050)|1|4900|31400
2021-04-16 20:55:01|wg9400|光明|맘모스쿠폰(40050)|1|4900|26500
2021-04-16 20:56:34|wg9400|光明|맘모스쿠폰(40050)|1|4900|21600
2021-04-16 20:56:36|wg9400|光明|맘모스쿠폰(40050)|1|4900|16700
2021-04-16 20:56:37|wg9400|光明|맘모스쿠폰(40050)|1|4900|11800
2021-04-16 20:56:39|wg9400|光明|맘모스쿠폰(40050)|1|4900|6900
2021-04-16 20:56:40|wg9400|光明|맘모스쿠폰(40050)|1|4900|2000
2021-04-16 21:05:26|rntjehe2|슨우|맘모스쿠폰(40050)|1|4900|45100
2021-04-16 21:05:28|rntjehe2|슨우|맘모스쿠폰(40050)|1|4900|40200
2021-04-16 21:05:30|rntjehe2|슨우|맘모스쿠폰(40050)|1|4900|35300
2021-04-16 21:05:32|rntjehe2|슨우|맘모스쿠폰(40050)|1|4900|30400
2021-04-16 21:05:33|rntjehe2|슨우|맘모스쿠폰(40050)|1|4900|25500
2021-04-16 21:05:35|rntjehe2|슨우|맘모스쿠폰(40050)|1|4900|20600
2021-04-16 21:06:35|rntjehe2|슨우|맘모스쿠폰(40050)|1|4900|15700
2021-04-16 21:06:38|rntjehe2|슨우|맘모스쿠폰(40050)|1|4900|10800
2021-04-16 21:06:39|rntjehe2|슨우|맘모스쿠폰(40050)|1|4900|5900
2021-04-16 21:06:41|rntjehe2|슨우|맘모스쿠폰(40050)|1|4900|1000
2021-04-16 21:21:58|jis8711255|핸콕|진화열매(45009)|1|15000|12354700
2021-04-16 21:52:13|jis8711255|핸콕|진화열매(45009)|1|15000|12339700
2021-04-16 22:10:26|||페트초기화(25150)|1|8|98
2021-04-16 22:12:57|||페트초기화(25150)|1|8|0
2021-04-16 22:14:14|||페트초기화(25150)|1|8|4
2021-04-16 22:14:20|||페트초기화(25150)|1|8|4
2021-04-16 22:15:28|||페트초기화(25150)|1|8|26
2021-04-16 22:15:29|||페트초기화(25150)|1|8|18
2021-04-16 22:15:30|||페트초기화(25150)|1|8|10
2021-04-16 22:15:31|||페트초기화(25150)|1|8|2
2021-04-16 22:19:38|insub77730|카키|진화열매(45009)|1|15000|4646700
2021-04-16 22:20:05|insub77730|카키|경험치 구슬(100507)|1|2000|4644700
2021-04-16 22:34:51|dkdldh33|일랜|VIP POINT 50000＄(21116)|1|50000|2700
2021-04-16 22:37:06|wg9400|火|맘모스쿠폰(40050)|1|4900|46500
2021-04-16 22:37:08|wg9400|火|맘모스쿠폰(40050)|1|4900|41600
2021-04-16 22:37:10|wg9400|火|맘모스쿠폰(40050)|1|4900|36700
2021-04-16 22:37:12|wg9400|火|맘모스쿠폰(40050)|1|4900|31800
2021-04-16 22:37:13|wg9400|火|맘모스쿠폰(40050)|1|4900|26900
2021-04-16 22:37:15|wg9400|火|맘모스쿠폰(40050)|1|4900|22000
2021-04-16 22:37:35|wg9400|火|맘모스쿠폰(40050)|1|4900|17100
2021-04-16 22:37:36|wg9400|火|맘모스쿠폰(40050)|1|4900|12200
2021-04-16 22:37:37|wg9400|火|맘모스쿠폰(40050)|1|4900|7300
2021-04-16 22:37:39|wg9400|火|맘모스쿠폰(40050)|1|4900|2400
2021-04-16 22:59:10|||경험치 구슬(교불)(100508)|1|3|4
2021-04-16 22:59:18|||경험치 구슬(교불)(100508)|1|3|1
2021-04-16 23:27:33|||갈푸스퀘 깃털(100130)|1|4|0
2021-04-16 23:49:09|dkzm11|bibibi|맘모스쿠폰(40050)|1|4900|19900
2021-04-16 23:49:11|dkzm11|bibibi|맘모스쿠폰(40050)|1|4900|15000
2021-04-16 23:49:12|dkzm11|bibibi|맘모스쿠폰(40050)|1|4900|10100
2021-04-16 23:49:13|dkzm11|bibibi|맘모스쿠폰(40050)|1|4900|5200
2021-04-16 23:49:15|dkzm11|bibibi|맘모스쿠폰(40050)|1|4900|300
