2021-06-02 07:33:07|||경험치 구슬(교불)(100508)|1|3|3
2021-06-02 07:33:09|||경험치 구슬(교불)(100508)|1|3|0
2021-06-02 10:54:12|||경험치 구슬(교불)(100508)|1|5|606
2021-06-02 19:06:55|||30RP뽑기박스(67000)|1|30|0
2021-06-02 19:07:04|||50VP뽑기박스(67007)|1|50|668
2021-06-02 19:07:05|||30VP뽑기박스(67006)|1|30|638
2021-06-02 19:07:06|||20VP뽑기박스(67005)|1|20|618
2021-06-02 19:10:59|lkl8611|돌북이|알비온류박스(57722)|1|8900|9919803
2021-06-02 19:53:36|ldl0220|이정호|알비온류박스(57722)|1|8900|130800
2021-06-02 19:53:38|ldl0220|이정호|알비온류박스(57722)|1|8900|121900
2021-06-02 19:54:01|ldl0220|이정호|알비온류박스(57722)|1|8900|113000
2021-06-02 19:54:02|ldl0220|이정호|알비온류박스(57722)|1|8900|104100
2021-06-02 19:54:20|ldl0220|이정호|알비온류박스(57722)|1|8900|95200
2021-06-02 19:54:22|ldl0220|이정호|알비온류박스(57722)|1|8900|86300
2021-06-02 19:54:40|ldl0220|이정호|알비온류박스(57722)|1|8900|77400
2021-06-02 19:54:49|ldl0220|이정호|알비온류박스(57722)|1|8900|68500
2021-06-02 19:54:50|ldl0220|이정호|알비온류박스(57722)|1|8900|59600
2021-06-02 19:56:14|ldl0220|이정호|알비온류박스(57722)|1|8900|50700
2021-06-02 19:56:15|ldl0220|이정호|알비온류박스(57722)|1|8900|41800
2021-06-02 19:56:30|ldl0220|이정호|알비온류박스(57722)|1|8900|32900
2021-06-02 19:56:32|ldl0220|이정호|알비온류박스(57722)|1|8900|24000
2021-06-02 19:56:49|ldl0220|이정호|알비온류박스(57722)|1|8900|15100
2021-06-02 19:56:50|ldl0220|이정호|알비온류박스(57722)|1|8900|6200
2021-06-02 20:50:54|||50RP뽑기박스(67001)|1|50|21
2021-06-02 22:00:10|||30RP뽑기박스(67000)|1|30|11
2021-06-02 22:30:06|||10VP뽑기박스(67002)|1|10|133
2021-06-02 22:30:07|||10VP뽑기박스(67002)|1|10|123
2021-06-02 22:30:08|||10VP뽑기박스(67002)|1|10|113
2021-06-02 22:30:10|||10VP뽑기박스(67002)|1|10|103
2021-06-02 22:36:03|||50RP뽑기박스(67001)|1|50|919
2021-06-02 22:36:08|||50RP뽑기박스(67001)|1|50|869
2021-06-02 22:36:10|||50RP뽑기박스(67001)|1|50|819
2021-06-02 23:23:54|||50RP뽑기박스(67001)|1|50|623
2021-06-02 23:23:55|||50RP뽑기박스(67001)|1|50|573
2021-06-02 23:23:56|||50RP뽑기박스(67001)|1|50|523
2021-06-02 23:24:57|||10VP뽑기박스(67002)|1|10|13
2021-06-02 23:24:58|||10VP뽑기박스(67002)|1|10|3
2021-06-02 23:25:11|||10VP뽑기박스(67002)|1|10|42
2021-06-02 23:25:12|||10VP뽑기박스(67002)|1|10|32
2021-06-02 23:25:13|||10VP뽑기박스(67002)|1|10|22
2021-06-02 23:25:15|||10VP뽑기박스(67002)|1|10|12
2021-06-02 23:25:16|||10VP뽑기박스(67002)|1|10|2
2021-06-02 23:26:41|||50RP뽑기박스(67001)|1|50|623
2021-06-02 23:26:42|||50RP뽑기박스(67001)|1|50|573
2021-06-02 23:26:43|||50RP뽑기박스(67001)|1|50|523
2021-06-02 23:26:44|||50RP뽑기박스(67001)|1|50|473
2021-06-02 23:26:47|||50RP뽑기박스(67001)|1|50|423
2021-06-02 23:26:50|||50RP뽑기박스(67001)|1|50|373
2021-06-02 23:26:51|||50RP뽑기박스(67001)|1|50|323
2021-06-02 23:26:52|||50RP뽑기박스(67001)|1|50|273
2021-06-02 23:26:54|||50RP뽑기박스(67001)|1|50|223
2021-06-02 23:26:57|||50RP뽑기박스(67001)|1|50|173
2021-06-02 23:32:10|||13VP뽑기박스(67003)|1|13|186
2021-06-02 23:32:15|||13VP뽑기박스(67003)|1|13|173
2021-06-02 23:32:22|||13VP뽑기박스(67003)|1|13|160
2021-06-02 23:32:23|||13VP뽑기박스(67003)|1|13|147
2021-06-02 23:33:00|||10VP뽑기박스(67002)|1|10|128
2021-06-02 23:33:02|||10VP뽑기박스(67002)|1|10|118
2021-06-02 23:33:05|||10VP뽑기박스(67002)|1|10|108
2021-06-02 23:33:32|||10VP뽑기박스(67002)|1|10|126
2021-06-02 23:33:33|||10VP뽑기박스(67002)|1|10|116
2021-06-02 23:33:34|||10VP뽑기박스(67002)|1|10|106
2021-06-02 23:33:35|||10VP뽑기박스(67002)|1|10|96
2021-06-02 23:33:37|||10VP뽑기박스(67002)|1|10|86
2021-06-02 23:33:46|||10VP뽑기박스(67002)|1|10|98
2021-06-02 23:33:48|||10VP뽑기박스(67002)|1|10|88
2021-06-02 23:33:49|||10VP뽑기박스(67002)|1|10|78
2021-06-02 23:33:50|||10VP뽑기박스(67002)|1|10|68
2021-06-02 23:34:01|||10VP뽑기박스(67002)|1|10|76
2021-06-02 23:34:02|||10VP뽑기박스(67002)|1|10|66
2021-06-02 23:34:03|||10VP뽑기박스(67002)|1|10|56
2021-06-02 23:34:08|||10VP뽑기박스(67002)|1|10|46
2021-06-02 23:34:09|||10VP뽑기박스(67002)|1|10|36
2021-06-02 23:34:14|||10VP뽑기박스(67002)|1|10|58
2021-06-02 23:34:15|||10VP뽑기박스(67002)|1|10|48
2021-06-02 23:34:17|||10VP뽑기박스(67002)|1|10|38
2021-06-02 23:34:18|||10VP뽑기박스(67002)|1|10|28
2021-06-02 23:34:19|||10VP뽑기박스(67002)|1|10|18
2021-06-02 23:34:20|||10VP뽑기박스(67002)|1|10|8
2021-06-02 23:34:27|||10VP뽑기박스(67002)|1|10|26
2021-06-02 23:34:28|||10VP뽑기박스(67002)|1|10|16
2021-06-02 23:34:29|||10VP뽑기박스(67002)|1|10|6
2021-06-02 23:34:32|||10VP뽑기박스(67002)|1|10|129
2021-06-02 23:34:33|||10VP뽑기박스(67002)|1|10|119
2021-06-02 23:34:34|||10VP뽑기박스(67002)|1|10|109
2021-06-02 23:34:35|||10VP뽑기박스(67002)|1|10|99
2021-06-02 23:34:36|||10VP뽑기박스(67002)|1|10|89
2021-06-02 23:34:37|||10VP뽑기박스(67002)|1|10|79
2021-06-02 23:34:43|||10VP뽑기박스(67002)|1|10|137
2021-06-02 23:34:44|||10VP뽑기박스(67002)|1|10|127
2021-06-02 23:34:45|||10VP뽑기박스(67002)|1|10|117
2021-06-02 23:34:46|||10VP뽑기박스(67002)|1|10|107
2021-06-02 23:34:48|||10VP뽑기박스(67002)|1|10|97
2021-06-02 23:34:50|||10VP뽑기박스(67002)|1|10|69
2021-06-02 23:34:51|||10VP뽑기박스(67002)|1|10|59
2021-06-02 23:34:53|||10VP뽑기박스(67002)|1|10|49
2021-06-02 23:34:54|||10VP뽑기박스(67002)|1|10|39
2021-06-02 23:34:55|||10VP뽑기박스(67002)|1|10|29
2021-06-02 23:34:56|||10VP뽑기박스(67002)|1|10|19
2021-06-02 23:34:57|||10VP뽑기박스(67002)|1|10|9
2021-06-02 23:34:59|||10VP뽑기박스(67002)|1|10|87
2021-06-02 23:35:00|||10VP뽑기박스(67002)|1|10|77
2021-06-02 23:35:01|||10VP뽑기박스(67002)|1|10|67
2021-06-02 23:35:03|||10VP뽑기박스(67002)|1|10|57
2021-06-02 23:35:04|||10VP뽑기박스(67002)|1|10|47
2021-06-02 23:35:23|||10VP뽑기박스(67002)|1|10|37
2021-06-02 23:35:24|||10VP뽑기박스(67002)|1|10|27
2021-06-02 23:35:25|||10VP뽑기박스(67002)|1|10|17
2021-06-02 23:35:26|||10VP뽑기박스(67002)|1|10|7
2021-06-02 23:35:34|||30RP뽑기박스(67000)|1|30|405
2021-06-02 23:35:35|||30RP뽑기박스(67000)|1|30|375
2021-06-02 23:35:37|||30RP뽑기박스(67000)|1|30|345
2021-06-02 23:35:44|||30RP뽑기박스(67000)|1|30|315
2021-06-02 23:35:52|||30RP뽑기박스(67000)|1|30|412
2021-06-02 23:35:53|||30RP뽑기박스(67000)|1|30|382
2021-06-02 23:35:54|||30RP뽑기박스(67000)|1|30|352
2021-06-02 23:35:56|||30RP뽑기박스(67000)|1|30|322
2021-06-02 23:36:36|||30RP뽑기박스(67000)|1|30|285
2021-06-02 23:36:37|||30RP뽑기박스(67000)|1|30|255
2021-06-02 23:36:38|||30RP뽑기박스(67000)|1|30|225
2021-06-02 23:36:39|||30RP뽑기박스(67000)|1|30|195
2021-06-02 23:36:48|||30RP뽑기박스(67000)|1|30|165
2021-06-02 23:36:49|||30RP뽑기박스(67000)|1|30|135
2021-06-02 23:36:50|||30RP뽑기박스(67000)|1|30|105
2021-06-02 23:36:51|||30RP뽑기박스(67000)|1|30|75
2021-06-02 23:36:52|||30RP뽑기박스(67000)|1|30|45
2021-06-02 23:37:02|||30RP뽑기박스(67000)|1|30|15
2021-06-02 23:37:08|||30RP뽑기박스(67000)|1|30|292
2021-06-02 23:37:09|||30RP뽑기박스(67000)|1|30|262
2021-06-02 23:37:10|||30RP뽑기박스(67000)|1|30|232
2021-06-02 23:37:11|||30RP뽑기박스(67000)|1|30|202
2021-06-02 23:37:12|||30RP뽑기박스(67000)|1|30|172
2021-06-02 23:37:19|||10VP뽑기박스(67002)|1|10|350
2021-06-02 23:37:21|||10VP뽑기박스(67002)|1|10|340
2021-06-02 23:37:22|||10VP뽑기박스(67002)|1|10|330
2021-06-02 23:37:23|||10VP뽑기박스(67002)|1|10|320
2021-06-02 23:37:25|||10VP뽑기박스(67002)|1|10|310
2021-06-02 23:37:30|||30RP뽑기박스(67000)|1|30|142
2021-06-02 23:37:31|||30RP뽑기박스(67000)|1|30|112
2021-06-02 23:37:32|||30RP뽑기박스(67000)|1|30|82
2021-06-02 23:37:33|||30RP뽑기박스(67000)|1|30|52
2021-06-02 23:37:35|||50RP뽑기박스(67001)|1|50|2
2021-06-02 23:37:43|||10VP뽑기박스(67002)|1|10|300
2021-06-02 23:37:45|||10VP뽑기박스(67002)|1|10|290
2021-06-02 23:37:47|||10VP뽑기박스(67002)|1|10|280
2021-06-02 23:37:49|||10VP뽑기박스(67002)|1|10|270
2021-06-02 23:38:54|||10VP뽑기박스(67002)|1|10|260
2021-06-02 23:38:56|||10VP뽑기박스(67002)|1|10|250
2021-06-02 23:38:57|||10VP뽑기박스(67002)|1|10|240
2021-06-02 23:38:59|||10VP뽑기박스(67002)|1|10|230
2021-06-02 23:39:19|||10VP뽑기박스(67002)|1|10|220
2021-06-02 23:39:21|||10VP뽑기박스(67002)|1|10|210
2021-06-02 23:39:23|||10VP뽑기박스(67002)|1|10|200
2021-06-02 23:40:15|||10VP뽑기박스(67002)|1|10|190
2021-06-02 23:40:16|||10VP뽑기박스(67002)|1|10|180
2021-06-02 23:40:24|||10VP뽑기박스(67002)|1|10|170
2021-06-02 23:40:26|||10VP뽑기박스(67002)|1|10|160
2021-06-02 23:40:47|||10VP뽑기박스(67002)|1|10|150
2021-06-02 23:40:49|||10VP뽑기박스(67002)|1|10|140
2021-06-02 23:40:50|||10VP뽑기박스(67002)|1|10|130
2021-06-02 23:40:51|||10VP뽑기박스(67002)|1|10|120
2021-06-02 23:40:52|||10VP뽑기박스(67002)|1|10|110
2021-06-02 23:41:05|||10VP뽑기박스(67002)|1|10|100
2021-06-02 23:41:06|||10VP뽑기박스(67002)|1|10|90
2021-06-02 23:41:08|||10VP뽑기박스(67002)|1|10|80
2021-06-02 23:41:10|||10VP뽑기박스(67002)|1|10|70
2021-06-02 23:41:12|||10VP뽑기박스(67002)|1|10|60
2021-06-02 23:41:25|||10VP뽑기박스(67002)|1|10|50
2021-06-02 23:41:32|||10VP뽑기박스(67002)|1|10|40
2021-06-02 23:41:33|||10VP뽑기박스(67002)|1|10|30
2021-06-02 23:41:34|||10VP뽑기박스(67002)|1|10|20
2021-06-02 23:41:35|||10VP뽑기박스(67002)|1|10|10
2021-06-02 23:41:36|||10VP뽑기박스(67002)|1|10|0
2021-06-02 23:42:38|||30RP뽑기박스(67000)|1|30|140
2021-06-02 23:42:39|||30RP뽑기박스(67000)|1|30|110
2021-06-02 23:42:40|||30RP뽑기박스(67000)|1|30|80
2021-06-02 23:42:42|||30RP뽑기박스(67000)|1|30|50
2021-06-02 23:42:43|||30RP뽑기박스(67000)|1|30|20
2021-06-02 23:42:45|||10VP뽑기박스(67002)|1|10|336
2021-06-02 23:42:47|||10VP뽑기박스(67002)|1|10|326
2021-06-02 23:42:49|||10VP뽑기박스(67002)|1|10|316
2021-06-02 23:42:50|||10VP뽑기박스(67002)|1|10|306
2021-06-02 23:42:51|||10VP뽑기박스(67002)|1|10|296
2021-06-02 23:42:52|||10VP뽑기박스(67002)|1|10|286
2021-06-02 23:42:53|||10VP뽑기박스(67002)|1|10|276
2021-06-02 23:42:54|||10VP뽑기박스(67002)|1|10|266
2021-06-02 23:42:55|||10VP뽑기박스(67002)|1|10|256
2021-06-02 23:43:03|||30RP뽑기박스(67000)|1|30|79
2021-06-02 23:43:04|||30RP뽑기박스(67000)|1|30|49
2021-06-02 23:43:06|||30RP뽑기박스(67000)|1|30|19
2021-06-02 23:43:30|||10VP뽑기박스(67002)|1|10|246
2021-06-02 23:43:31|||10VP뽑기박스(67002)|1|10|236
2021-06-02 23:43:33|||10VP뽑기박스(67002)|1|10|226
2021-06-02 23:43:34|||10VP뽑기박스(67002)|1|10|216
2021-06-02 23:43:37|||10VP뽑기박스(67002)|1|10|206
2021-06-02 23:43:38|||10VP뽑기박스(67002)|1|10|196
2021-06-02 23:43:40|||10VP뽑기박스(67002)|1|10|186
2021-06-02 23:43:41|kimds1995|동수|맘모스쿠폰(40050)|1|4900|46200
2021-06-02 23:43:42|||10VP뽑기박스(67002)|1|10|176
2021-06-02 23:43:43|kimds1995|동수|맘모스쿠폰(40050)|1|4900|41300
2021-06-02 23:43:43|||10VP뽑기박스(67002)|1|10|166
2021-06-02 23:43:44|kimds1995|동수|맘모스쿠폰(40050)|1|4900|36400
2021-06-02 23:43:45|kimds1995|동수|맘모스쿠폰(40050)|1|4900|31500
2021-06-02 23:43:46|kimds1995|동수|맘모스쿠폰(40050)|1|4900|26600
2021-06-02 23:43:57|||30VP뽑기박스(67006)|1|30|73
2021-06-02 23:43:59|||30VP뽑기박스(67006)|1|30|43
2021-06-02 23:44:00|||30VP뽑기박스(67006)|1|30|13
2021-06-02 23:44:02|||10VP뽑기박스(67002)|1|10|156
2021-06-02 23:44:04|||10VP뽑기박스(67002)|1|10|146
2021-06-02 23:44:05|||10VP뽑기박스(67002)|1|10|136
2021-06-02 23:44:06|||10VP뽑기박스(67002)|1|10|126
2021-06-02 23:44:08|||10VP뽑기박스(67002)|1|10|116
2021-06-02 23:44:09|||10VP뽑기박스(67002)|1|10|106
2021-06-02 23:44:11|||10VP뽑기박스(67002)|1|10|96
2021-06-02 23:44:11|kimds1995|동수|맘모스쿠폰(40050)|1|4900|21700
2021-06-02 23:44:12|kimds1995|동수|맘모스쿠폰(40050)|1|4900|16800
2021-06-02 23:44:13|kimds1995|동수|맘모스쿠폰(40050)|1|4900|11900
2021-06-02 23:44:14|kimds1995|동수|맘모스쿠폰(40050)|1|4900|7000
2021-06-02 23:44:16|kimds1995|동수|맘모스쿠폰(40050)|1|4900|2100
2021-06-02 23:44:26|||10VP뽑기박스(67002)|1|10|86
2021-06-02 23:44:29|||10VP뽑기박스(67002)|1|10|76
2021-06-02 23:44:30|||10VP뽑기박스(67002)|1|10|66
2021-06-02 23:44:31|||10VP뽑기박스(67002)|1|10|56
2021-06-02 23:44:32|||10VP뽑기박스(67002)|1|10|46
2021-06-02 23:44:33|||10VP뽑기박스(67002)|1|10|36
2021-06-02 23:44:34|||10VP뽑기박스(67002)|1|10|26
2021-06-02 23:44:36|||10VP뽑기박스(67002)|1|10|16
2021-06-02 23:44:37|||10VP뽑기박스(67002)|1|10|6
2021-06-02 23:45:03|||50RP뽑기박스(67001)|1|50|769
2021-06-02 23:45:13|||50RP뽑기박스(67001)|1|50|719
2021-06-02 23:45:15|||50RP뽑기박스(67001)|1|50|669
2021-06-02 23:45:17|||50RP뽑기박스(67001)|1|50|619
2021-06-02 23:45:18|||50RP뽑기박스(67001)|1|50|569
2021-06-02 23:45:20|||50RP뽑기박스(67001)|1|50|519
2021-06-02 23:45:21|||50RP뽑기박스(67001)|1|50|469
2021-06-02 23:45:22|||50RP뽑기박스(67001)|1|50|419
2021-06-02 23:46:53|||10VP뽑기박스(67002)|1|10|48
2021-06-02 23:46:55|||10VP뽑기박스(67002)|1|10|38
2021-06-02 23:46:57|||10VP뽑기박스(67002)|1|10|28
2021-06-02 23:46:58|||10VP뽑기박스(67002)|1|10|18
2021-06-02 23:46:59|||10VP뽑기박스(67002)|1|10|8
2021-06-02 23:48:01|||30RP뽑기박스(67000)|1|30|899
2021-06-02 23:48:03|||30RP뽑기박스(67000)|1|30|869
2021-06-02 23:48:04|||30RP뽑기박스(67000)|1|30|839
2021-06-02 23:48:06|||30RP뽑기박스(67000)|1|30|809
2021-06-02 23:48:07|||30RP뽑기박스(67000)|1|30|779
2021-06-02 23:48:09|||30RP뽑기박스(67000)|1|30|749
2021-06-02 23:48:10|||30RP뽑기박스(67000)|1|30|719
2021-06-02 23:49:10|||50RP뽑기박스(67001)|1|50|669
2021-06-02 23:49:12|||50RP뽑기박스(67001)|1|50|619
2021-06-02 23:49:13|||50RP뽑기박스(67001)|1|50|569
2021-06-02 23:49:14|||50RP뽑기박스(67001)|1|50|519
2021-06-02 23:49:15|||50RP뽑기박스(67001)|1|50|469
2021-06-02 23:49:16|||50RP뽑기박스(67001)|1|50|419
2021-06-02 23:49:21|||50RP뽑기박스(67001)|1|50|369
2021-06-02 23:49:22|||50RP뽑기박스(67001)|1|50|319
2021-06-02 23:49:31|||50RP뽑기박스(67001)|1|50|269
2021-06-02 23:50:00|||50RP뽑기박스(67001)|1|50|219
2021-06-02 23:50:01|||50RP뽑기박스(67001)|1|50|169
2021-06-02 23:50:02|||50RP뽑기박스(67001)|1|50|119
2021-06-02 23:50:03|||50RP뽑기박스(67001)|1|50|69
2021-06-02 23:50:04|||50RP뽑기박스(67001)|1|50|19
2021-06-02 23:57:27|kimds1995|동수|맘모스쿠폰(40050)|1|4900|92200
2021-06-02 23:57:28|kimds1995|동수|맘모스쿠폰(40050)|1|4900|87300
2021-06-02 23:57:29|kimds1995|동수|맘모스쿠폰(40050)|1|4900|82400
2021-06-02 23:57:30|kimds1995|동수|맘모스쿠폰(40050)|1|4900|77500
2021-06-02 23:57:32|kimds1995|동수|맘모스쿠폰(40050)|1|4900|72600
2021-06-02 23:57:33|kimds1995|동수|맘모스쿠폰(40050)|1|4900|67700
2021-06-02 23:57:34|kimds1995|동수|맘모스쿠폰(40050)|1|4900|62800
2021-06-02 23:57:37|kimds1995|동수|맘모스쿠폰(40050)|1|4900|57900
2021-06-02 23:57:38|kimds1995|동수|맘모스쿠폰(40050)|1|4900|53000
2021-06-02 23:58:12|kimds1995|동수|맘모스쿠폰(40050)|1|4900|48100
2021-06-02 23:58:13|kimds1995|동수|맘모스쿠폰(40050)|1|4900|43200
2021-06-02 23:58:14|kimds1995|동수|맘모스쿠폰(40050)|1|4900|38300
2021-06-02 23:58:16|kimds1995|동수|맘모스쿠폰(40050)|1|4900|33400
2021-06-02 23:58:17|kimds1995|동수|맘모스쿠폰(40050)|1|4900|28500
2021-06-02 23:58:18|kimds1995|동수|맘모스쿠폰(40050)|1|4900|23600
2021-06-02 23:58:19|kimds1995|동수|맘모스쿠폰(40050)|1|4900|18700
2021-06-02 23:58:20|kimds1995|동수|맘모스쿠폰(40050)|1|4900|13800
2021-06-02 23:59:05|kimds1995|동수|맘모스쿠폰(40050)|1|4900|8900
2021-06-02 23:59:06|kimds1995|동수|맘모스쿠폰(40050)|1|4900|4000
