2021-04-12 02:47:10|gge456|꼬망이|1환생의도끼(100103)|1|1000|100
2021-04-12 09:46:01|||갈푸스퀘 깃털(100130)|1|4|20
2021-04-12 09:46:03|||갈푸스퀘 깃털(100130)|1|4|16
2021-04-12 09:46:04|||갈푸스퀘 깃털(100130)|1|4|12
2021-04-12 09:46:05|||갈푸스퀘 깃털(100130)|1|4|8
2021-04-12 09:46:06|||갈푸스퀘 깃털(100130)|1|4|4
2021-04-12 09:46:07|||갈푸스퀘 깃털(100130)|1|4|0
2021-04-12 09:46:19|||갈푸스퀘 깃털(100130)|1|4|20
2021-04-12 09:46:19|||갈푸스퀘 깃털(100130)|1|4|16
2021-04-12 09:46:21|||갈푸스퀘 깃털(100130)|1|4|12
2021-04-12 09:46:22|||갈푸스퀘 깃털(100130)|1|4|8
2021-04-12 09:46:22|||갈푸스퀘 깃털(100130)|1|4|4
2021-04-12 09:46:23|||갈푸스퀘 깃털(100130)|1|4|0
2021-04-12 12:43:56|||경험치 구슬(교불)(100508)|1|5|21
2021-04-12 12:43:58|||경험치 구슬(교불)(100508)|1|5|16
2021-04-12 12:43:59|||경험치 구슬(교불)(100508)|1|5|11
2021-04-12 12:46:00|||경험치 구슬(교불)(100508)|1|5|9
2021-04-12 12:46:01|||경험치 구슬(교불)(100508)|1|5|4
2021-04-12 13:50:29|ehwls1235|도진|맘모스쿠폰(40050)|1|4900|7900
2021-04-12 13:50:32|ehwls1235|도진|맘모스쿠폰(40050)|1|4900|3000
2021-04-12 15:23:38|||돌북이호리병(40153)|1|15|8
2021-04-12 19:48:47|||경험치 구슬(교불)(100508)|1|5|53
2021-04-12 19:48:49|||경험치 구슬(교불)(100508)|1|5|48
2021-04-12 19:48:50|||경험치 구슬(교불)(100508)|1|5|43
2021-04-12 19:48:51|||경험치 구슬(교불)(100508)|1|5|38
2021-04-12 19:48:53|||경험치 구슬(교불)(100508)|1|5|33
2021-04-12 19:48:54|||경험치 구슬(교불)(100508)|1|5|28
2021-04-12 19:48:55|||경험치 구슬(교불)(100508)|1|5|23
2021-04-12 19:49:03|||경험치 구슬(교불)(100508)|1|5|18
2021-04-12 19:49:05|||경험치 구슬(교불)(100508)|1|5|13
2021-04-12 19:49:05|||경험치 구슬(교불)(100508)|1|5|8
2021-04-12 19:49:07|||경험치 구슬(교불)(100508)|1|5|3
2021-04-12 19:49:19|||경험치 구슬(교불)(100508)|1|5|54
2021-04-12 19:49:21|||경험치 구슬(교불)(100508)|1|5|49
2021-04-12 19:49:22|||경험치 구슬(교불)(100508)|1|5|44
2021-04-12 19:49:23|||경험치 구슬(교불)(100508)|1|5|39
2021-04-12 19:49:24|||경험치 구슬(교불)(100508)|1|5|34
2021-04-12 19:49:25|||경험치 구슬(교불)(100508)|1|5|29
2021-04-12 19:49:26|||경험치 구슬(교불)(100508)|1|5|24
2021-04-12 19:49:27|||경험치 구슬(교불)(100508)|1|5|19
2021-04-12 19:49:28|||경험치 구슬(교불)(100508)|1|5|14
2021-04-12 19:49:29|||경험치 구슬(교불)(100508)|1|5|9
2021-04-12 19:49:31|||경험치 구슬(교불)(100508)|1|5|4
2021-04-12 21:29:23|yonghaboy|동그랑땡|불의성세트(47000)|1|40000|47100
2021-04-12 22:09:47|||경험치 구슬(교불)(100508)|1|5|7
2021-04-12 22:09:49|||경험치 구슬(교불)(100508)|1|5|2
2021-04-12 22:09:56|||경험치 구슬(교불)(100508)|1|5|7
2021-04-12 22:09:58|||경험치 구슬(교불)(100508)|1|5|2
2021-04-12 22:10:17|||경험치 구슬(교불)(100508)|1|3|10
2021-04-12 22:10:19|||경험치 구슬(교불)(100508)|1|3|7
2021-04-12 22:10:20|||경험치 구슬(교불)(100508)|1|3|4
2021-04-12 22:10:22|||경험치 구슬(교불)(100508)|1|3|1
2021-04-12 22:10:27|||경험치 구슬(교불)(100508)|1|3|10
2021-04-12 22:10:28|||경험치 구슬(교불)(100508)|1|3|7
2021-04-12 22:10:52|||경험치 구슬(교불)(100508)|1|3|4
2021-04-12 22:10:54|||경험치 구슬(교불)(100508)|1|3|1
2021-04-12 22:55:06|||30만스톤 수표(100033)|1|4|79
2021-04-12 22:55:07|||30만스톤 수표(100033)|1|4|75
2021-04-12 22:55:09|||30만스톤 수표(100033)|1|4|71
2021-04-12 23:09:33|yy1212|연두|맘모스쿠폰(40050)|1|4900|992400
2021-04-12 23:09:34|yy1212|연두|맘모스쿠폰(40050)|1|4900|987500
2021-04-12 23:09:35|yy1212|연두|맘모스쿠폰(40050)|1|4900|982600
2021-04-12 23:09:36|yy1212|연두|맘모스쿠폰(40050)|1|4900|977700
2021-04-12 23:09:38|yy1212|연두|맘모스쿠폰(40050)|1|4900|972800
2021-04-12 23:09:39|yy1212|연두|맘모스쿠폰(40050)|1|4900|967900
2021-04-12 23:09:40|yy1212|연두|맘모스쿠폰(40050)|1|4900|963000
2021-04-12 23:09:43|yy1212|연두|맘모스쿠폰(40050)|1|4900|958100
2021-04-12 23:09:44|yy1212|연두|맘모스쿠폰(40050)|1|4900|953200
2021-04-12 23:09:45|yy1212|연두|맘모스쿠폰(40050)|1|4900|948300
2021-04-12 23:11:14|yy1212|연두|맘모스쿠폰(40050)|1|4900|943400
2021-04-12 23:11:15|yy1212|연두|맘모스쿠폰(40050)|1|4900|938500
2021-04-12 23:11:16|yy1212|연두|맘모스쿠폰(40050)|1|4900|933600
2021-04-12 23:11:17|yy1212|연두|맘모스쿠폰(40050)|1|4900|928700
2021-04-12 23:11:19|yy1212|연두|맘모스쿠폰(40050)|1|4900|923800
2021-04-12 23:11:20|yy1212|연두|맘모스쿠폰(40050)|1|4900|918900
2021-04-12 23:11:21|yy1212|연두|맘모스쿠폰(40050)|1|4900|914000
2021-04-12 23:11:22|yy1212|연두|맘모스쿠폰(40050)|1|4900|909100
2021-04-12 23:11:23|yy1212|연두|맘모스쿠폰(40050)|1|4900|904200
2021-04-12 23:11:24|yy1212|연두|맘모스쿠폰(40050)|1|4900|899300
2021-04-12 23:11:25|yy1212|연두|맘모스쿠폰(40050)|1|4900|894400
2021-04-12 23:11:26|yy1212|연두|맘모스쿠폰(40050)|1|4900|889500
2021-04-12 23:11:28|yy1212|연두|맘모스쿠폰(40050)|1|4900|884600
2021-04-12 23:11:28|||경험치 구슬(교불)(100508)|1|3|39
2021-04-12 23:11:29|yy1212|연두|맘모스쿠폰(40050)|1|4900|879700
2021-04-12 23:54:01|||경험치 구슬(교불)(100508)|1|3|24
2021-04-12 23:54:11|||경험치 구슬(교불)(100508)|1|3|36
