2021-04-21 01:41:21|||페트초기화(25150)|1|8|19
2021-04-21 01:42:04|||경험치 구슬(교불)(100508)|1|5|11
2021-04-21 01:42:05|||경험치 구슬(교불)(100508)|1|5|6
2021-04-21 01:42:06|||경험치 구슬(교불)(100508)|1|5|1
2021-04-21 02:22:37|||경험치 구슬(교불)(100508)|1|5|16
2021-04-21 02:22:37|||경험치 구슬(교불)(100508)|1|5|11
2021-04-21 02:22:38|||경험치 구슬(교불)(100508)|1|5|6
2021-04-21 02:22:40|||경험치 구슬(교불)(100508)|1|5|1
2021-04-21 02:24:22|||페트초기화(25150)|1|8|0
2021-04-21 08:39:41|||경험치 구슬(교불)(100508)|1|5|8
2021-04-21 08:39:42|||경험치 구슬(교불)(100508)|1|5|3
2021-04-21 08:39:55|||경험치 구슬(교불)(100508)|1|5|13
2021-04-21 08:39:56|||경험치 구슬(교불)(100508)|1|5|8
2021-04-21 08:39:58|||경험치 구슬(교불)(100508)|1|5|3
2021-04-21 08:59:37|gktkddmssla|하이버|맘모스쿠폰(40050)|1|4900|51200
2021-04-21 09:00:23|gktkddmssla|하이버|맘모스쿠폰(40050)|1|4900|46300
2021-04-21 09:00:25|gktkddmssla|하이버|맘모스쿠폰(40050)|1|4900|41400
2021-04-21 09:00:27|gktkddmssla|하이버|맘모스쿠폰(40050)|1|4900|36500
2021-04-21 09:00:29|gktkddmssla|하이버|맘모스쿠폰(40050)|1|4900|31600
2021-04-21 09:02:09|gktkddmssla|하이버|맘모스쿠폰(40050)|1|4900|26700
2021-04-21 09:02:10|gktkddmssla|하이버|맘모스쿠폰(40050)|1|4900|21800
2021-04-21 09:02:12|gktkddmssla|하이버|맘모스쿠폰(40050)|1|4900|16900
2021-04-21 09:02:13|gktkddmssla|하이버|맘모스쿠폰(40050)|1|4900|12000
2021-04-21 09:02:14|gktkddmssla|하이버|맘모스쿠폰(40050)|1|4900|7100
2021-04-21 09:02:16|gktkddmssla|하이버|맘모스쿠폰(40050)|1|4900|2200
2021-04-21 09:43:29|gktkdwlssla|하이바|VIP POINT 50000＄(21116)|1|50000|5000
2021-04-21 09:43:30|gktkdwlssla|하이바|VIP POINT 5000＄(21113)|1|5000|0
2021-04-21 11:45:01|||경험치 구슬(교불)(100508)|1|3|3
2021-04-21 11:45:02|||경험치 구슬(교불)(100508)|1|3|0
2021-04-21 12:28:27|ddon897|찡구|진화열매(45009)|1|15000|5500
2021-04-21 12:29:11|ddon897|찡구|페트초기화5개(25152)|1|4000|1500
2021-04-21 13:24:12|||갈푸스퀘 깃털(100130)|1|4|31
2021-04-21 13:24:14|||갈푸스퀘 깃털(100130)|1|4|27
2021-04-21 13:24:14|||갈푸스퀘 깃털(100130)|1|4|23
2021-04-21 13:24:18|||갈푸스퀘 깃털(100130)|1|4|19
2021-04-21 13:24:21|||갈푸스퀘 깃털(100130)|1|4|15
2021-04-21 13:24:22|||갈푸스퀘 깃털(100130)|1|4|11
2021-04-21 13:24:23|||갈푸스퀘 깃털(100130)|1|4|7
2021-04-21 13:24:24|||갈푸스퀘 깃털(100130)|1|4|3
2021-04-21 13:24:40|||갈푸스퀘 깃털(100130)|1|4|15
2021-04-21 13:24:41|||갈푸스퀘 깃털(100130)|1|4|11
2021-04-21 13:24:42|||갈푸스퀘 깃털(100130)|1|4|7
2021-04-21 13:24:43|||갈푸스퀘 깃털(100130)|1|4|3
2021-04-21 13:25:04|||갈푸스퀘 깃털(100130)|1|4|19
2021-04-21 13:25:05|||갈푸스퀘 깃털(100130)|1|4|15
2021-04-21 13:25:06|||갈푸스퀘 깃털(100130)|1|4|11
2021-04-21 13:25:07|||갈푸스퀘 깃털(100130)|1|4|7
2021-04-21 13:25:07|||갈푸스퀘 깃털(100130)|1|4|3
2021-04-21 13:25:23|||갈푸스퀘 깃털(100130)|1|4|17
2021-04-21 13:25:24|||갈푸스퀘 깃털(100130)|1|4|13
2021-04-21 13:25:24|||갈푸스퀘 깃털(100130)|1|4|9
2021-04-21 13:25:25|||갈푸스퀘 깃털(100130)|1|4|5
2021-04-21 13:25:26|||갈푸스퀘 깃털(100130)|1|4|1
2021-04-21 14:05:50|||경험치 구슬(교불)(100508)|1|3|3
2021-04-21 14:05:53|||경험치 구슬(교불)(100508)|1|3|0
2021-04-21 16:39:09|||모가로스호리병(40160)|1|15|31
2021-04-21 17:29:29|||돌북이호리병(40153)|1|15|2
2021-04-21 21:57:48|chemd89|지원사랑|주작호리병(40116)|1|6900|48100
2021-04-21 21:57:55|chemd89|지원사랑|청룡호리병(40118)|1|6900|41200
2021-04-21 22:11:48|chemd89|지원사랑|맘모스쿠폰(40050)|1|4900|36300
2021-04-21 22:11:51|chemd89|지원사랑|맘모스쿠폰(40050)|1|4900|31400
2021-04-21 22:11:54|chemd89|지원사랑|맘모스쿠폰(40050)|1|4900|26500
2021-04-21 22:11:57|chemd89|지원사랑|맘모스쿠폰(40050)|1|4900|21600
2021-04-21 22:23:00|chemd89|지원사랑|흑풍호리병(40187)|1|6900|14700
2021-04-21 22:41:48|chemd89|지원사랑|페트초기화5개(25152)|1|4000|10700
2021-04-21 22:41:50|chemd89|지원사랑|페트초기화5개(25152)|1|4000|6700
2021-04-21 22:42:20|chemd89|지원사랑|맘모스쿠폰(40050)|1|4900|1800
2021-04-21 23:50:31|gktkddmssla|하이버|VIP POINT 10000＄(21114)|1|10000|47200
2021-04-21 23:50:32|gktkddmssla|하이버|VIP POINT 5000＄(21113)|1|5000|42200
2021-04-21 23:54:28|wg9400|光明|맘모스쿠폰(40050)|1|4900|10900
2021-04-21 23:54:29|wg9400|光明|맘모스쿠폰(40050)|1|4900|6000
2021-04-21 23:54:31|wg9400|光明|맘모스쿠폰(40050)|1|4900|1100
