2021-04-23 00:42:44|||페트초기화(25150)|1|8|231
2021-04-23 00:43:01|||페트초기화(25150)|1|8|223
2021-04-23 00:44:48|||페트초기화(25150)|1|8|215
2021-04-23 00:45:00|||페트초기화(25150)|1|8|207
2021-04-23 00:47:32|||페트초기화(25150)|1|8|199
2021-04-23 01:17:46|||갈푸스퀘 깃털(100130)|1|4|62
2021-04-23 01:17:47|||갈푸스퀘 깃털(100130)|1|4|58
2021-04-23 01:17:48|||갈푸스퀘 깃털(100130)|1|4|54
2021-04-23 01:17:52|||갈푸스퀘 깃털(100130)|1|4|68
2021-04-23 01:17:53|||갈푸스퀘 깃털(100130)|1|4|64
2021-04-23 01:17:54|||갈푸스퀘 깃털(100130)|1|4|60
2021-04-23 01:30:42|||갈푸스퀘 깃털(100130)|1|4|6
2021-04-23 01:30:45|||갈푸스퀘 깃털(100130)|1|4|6
2021-04-23 02:07:46|||돌북이호리병(40153)|1|15|46
2021-04-23 02:07:47|||돌북이호리병(40153)|1|15|31
2021-04-23 02:23:56|||갈푸스퀘 깃털(100130)|1|4|62
2021-04-23 02:23:58|||갈푸스퀘 깃털(100130)|1|4|58
2021-04-23 02:24:05|||갈푸스퀘 깃털(100130)|1|4|44
2021-04-23 02:24:08|||갈푸스퀘 깃털(100130)|1|4|40
2021-04-23 02:35:57|||돌북이호리병(40153)|1|15|25
2021-04-23 02:35:58|||돌북이호리병(40153)|1|15|10
2021-04-23 02:36:03|||페트초기화(25150)|1|8|2
2021-04-23 02:38:37|||페트초기화(25150)|1|8|50
2021-04-23 02:38:39|||페트초기화(25150)|1|8|42
2021-04-23 02:38:40|||페트초기화(25150)|1|8|34
2021-04-23 02:38:43|||페트초기화(25150)|1|8|26
2021-04-23 02:38:46|||페트초기화(25150)|1|8|18
2021-04-23 02:38:47|||페트초기화(25150)|1|8|10
2021-04-23 02:38:49|||페트초기화(25150)|1|8|2
2021-04-23 03:54:50|||갈푸스퀘 깃털(100130)|1|4|51
2021-04-23 03:54:51|||갈푸스퀘 깃털(100130)|1|4|47
2021-04-23 03:54:57|||갈푸스퀘 깃털(100130)|1|4|28
2021-04-23 03:54:59|||갈푸스퀘 깃털(100130)|1|4|24
2021-04-23 03:58:45|||갈푸스퀘 깃털(100130)|1|4|43
2021-04-23 03:58:50|||갈푸스퀘 깃털(100130)|1|4|20
2021-04-23 03:59:07|||갈푸스퀘 깃털(100130)|1|4|3
2021-04-23 03:59:16|||갈푸스퀘 깃털(100130)|1|4|3
2021-04-23 04:00:30|a6464|하이|맘모스쿠폰(40050)|1|4900|5100
2021-04-23 04:00:32|a6464|하이|맘모스쿠폰(40050)|1|4900|200
2021-04-23 08:42:07|||페트초기화(25150)|1|8|6
2021-04-23 09:30:26|lkl8611|돌북이|카오스SD박스(57700)|1|9900|9993603
2021-04-23 09:30:27|lkl8611|돌북이|카오스보스박스(57701)|1|9900|9983703
2021-04-23 09:35:38|janginsub|깡북이|카오스SD박스(57700)|1|9900|30716500
2021-04-23 09:36:13|janginsub|깡북이|카오스보스박스(57701)|1|9900|30706600
2021-04-23 09:45:40|janginsub|깡북이|진화열매(45009)|1|15000|30691600
2021-04-23 09:47:32|janginsub|깡북이|진화열매(45009)|1|15000|30676600
2021-04-23 09:47:33|janginsub|깡북이|진화열매(45009)|1|15000|30661600
2021-04-23 09:48:47|janginsub|깡북이|진화열매(45009)|1|15000|30646600
2021-04-23 10:03:51|destop123|짱구|카오스보스박스(57701)|1|9900|118500
2021-04-23 10:04:46|destop123|짱구|카오스보스박스(57701)|1|9900|108600
2021-04-23 10:05:38|destop123|짱구|카오스보스박스(57701)|1|9900|98700
2021-04-23 10:08:19|qusrud11|여포왕|카오스보스박스(57701)|1|9900|192700
2021-04-23 10:08:55|qusrud11|여포왕|카오스보스박스(57701)|1|9900|182800
2021-04-23 10:09:10|qusrud11|여포왕|카오스보스박스(57701)|1|9900|172900
2021-04-23 10:09:22|destop123|짱구|진화열매(45009)|1|15000|83700
2021-04-23 10:09:24|qusrud11|여포왕|카오스보스박스(57701)|1|9900|163000
2021-04-23 10:09:26|qusrud11|여포왕|카오스보스박스(57701)|1|9900|153100
2021-04-23 10:13:06|destop123|짱구|카오스보스박스(57701)|1|9900|73800
2021-04-23 10:13:43|insub77730|카키|경험치 구슬(100507)|1|2000|4591700
2021-04-23 10:13:44|insub77730|카키|경험치 구슬(100507)|1|2000|4589700
2021-04-23 10:13:46|insub77730|카키|경험치 구슬(100507)|1|2000|4587700
2021-04-23 10:14:08|destop123|짱구|카오스보스박스(57701)|1|9900|63900
2021-04-23 10:14:10|destop123|짱구|카오스보스박스(57701)|1|9900|54000
2021-04-23 10:16:41|qusrud11|여포왕|카오스보스박스(57701)|1|9900|143200
2021-04-23 10:16:42|qusrud11|여포왕|카오스보스박스(57701)|1|9900|133300
2021-04-23 10:16:43|qusrud11|여포왕|카오스보스박스(57701)|1|9900|123400
2021-04-23 10:16:44|qusrud11|여포왕|카오스보스박스(57701)|1|9900|113500
2021-04-23 10:16:45|qusrud11|여포왕|카오스보스박스(57701)|1|9900|103600
2021-04-23 10:16:46|qusrud11|여포왕|카오스보스박스(57701)|1|9900|93700
2021-04-23 10:16:47|qusrud11|여포왕|카오스보스박스(57701)|1|9900|83800
2021-04-23 10:17:44|qusrud11|여포왕|카오스보스박스(57701)|1|9900|73900
2021-04-23 10:17:45|qusrud11|여포왕|카오스보스박스(57701)|1|9900|64000
2021-04-23 10:17:46|qusrud11|여포왕|카오스보스박스(57701)|1|9900|54100
2021-04-23 10:17:48|qusrud11|여포왕|카오스보스박스(57701)|1|9900|44200
2021-04-23 10:17:52|qusrud11|여포왕|카오스보스박스(57701)|1|9900|34300
2021-04-23 10:20:52|qusrud11|여포왕|카오스SD박스(57700)|1|9900|24400
2021-04-23 10:29:03|destop123|짱구|카오스보스박스(57701)|1|9900|44100
2021-04-23 10:29:04|destop123|짱구|카오스보스박스(57701)|1|9900|34200
2021-04-23 12:28:40|jis8711255|핸콕|진화열매(45009)|1|15000|12212600
2021-04-23 13:40:37|||경험치 구슬(교불)(100508)|1|3|9
2021-04-23 14:05:56|xlcuf789|조광조|(-1)|1|0|0
2021-04-23 14:05:58|xlcuf789|조광조|(-1)|1|0|0
2021-04-23 14:06:01|xlcuf789|조광조|(-1)|1|0|0
2021-04-23 14:11:11|yonghaboy|동그랑땡|경험치 구슬(100507)|1|2000|44200
2021-04-23 14:11:13|yonghaboy|동그랑땡|경험치 구슬(100507)|1|2000|42200
2021-04-23 15:18:59|smn0302|차|카오스보스박스(57701)|1|9900|128600
2021-04-23 15:19:51|smn0302|차|카오스SD박스(57700)|1|9900|118700
2021-04-23 15:20:11|smn0302|차|카오스SD박스(57700)|1|9900|108800
2021-04-23 15:20:13|smn0302|차|카오스보스박스(57701)|1|9900|98900
2021-04-23 15:20:51|smn0302|차|카오스SD박스(57700)|1|9900|89000
2021-04-23 15:20:53|smn0302|차|카오스보스박스(57701)|1|9900|79100
2021-04-23 15:21:29|smn0302|차|카오스SD박스(57700)|1|9900|69200
2021-04-23 15:23:35|smn0302|차|카오스보스박스(57701)|1|9900|59300
2021-04-23 15:23:51|smn0302|차|카오스보스박스(57701)|1|9900|49400
2021-04-23 15:24:03|smn0302|차|카오스보스박스(57701)|1|9900|39500
2021-04-23 15:25:28|smn0302|차|진화열매(45009)|1|15000|24500
2021-04-23 15:38:20|||돌북이호리병(40153)|1|15|51
2021-04-23 15:38:36|||돌북이호리병(40153)|1|15|36
2021-04-23 15:38:56|||돌북이호리병(40153)|1|15|21
2021-04-23 15:39:05|||돌북이호리병(40153)|1|15|6
2021-04-23 15:58:58|destop123|짱구|진화열매(45009)|1|15000|19200
2021-04-23 15:58:59|destop123|짱구|진화열매(45009)|1|15000|4200
2021-04-23 17:16:24|yy1212|연두|카오스SD박스(57700)|1|9900|275400
2021-04-23 17:16:25|yy1212|연두|카오스SD박스(57700)|1|9900|265500
2021-04-23 17:16:27|yy1212|연두|카오스SD박스(57700)|1|9900|255600
2021-04-23 17:16:28|yy1212|연두|카오스SD박스(57700)|1|9900|245700
2021-04-23 17:16:29|yy1212|연두|카오스보스박스(57701)|1|9900|235800
2021-04-23 17:16:30|yy1212|연두|카오스보스박스(57701)|1|9900|225900
2021-04-23 17:16:31|yy1212|연두|카오스보스박스(57701)|1|9900|216000
2021-04-23 17:16:32|yy1212|연두|카오스보스박스(57701)|1|9900|206100
2021-04-23 17:16:34|yy1212|연두|카오스보스박스(57701)|1|9900|196200
2021-04-23 17:16:34|yy1212|연두|카오스보스박스(57701)|1|9900|186300
2021-04-23 17:16:35|yy1212|연두|카오스보스박스(57701)|1|9900|176400
2021-04-23 17:16:37|yy1212|연두|카오스보스박스(57701)|1|9900|166500
2021-04-23 17:17:58|qusrud11|여포왕|진화열매(45009)|1|15000|9400
2021-04-23 17:19:27|yy1212|연두|카오스보스박스(57701)|1|9900|156600
2021-04-23 17:19:28|yy1212|연두|카오스보스박스(57701)|1|9900|146700
2021-04-23 17:19:31|yy1212|연두|카오스보스박스(57701)|1|9900|136800
2021-04-23 17:19:32|yy1212|연두|카오스보스박스(57701)|1|9900|126900
2021-04-23 17:19:34|yy1212|연두|카오스보스박스(57701)|1|9900|117000
2021-04-23 17:20:09|yy1212|연두|카오스보스박스(57701)|1|9900|107100
2021-04-23 17:20:11|yy1212|연두|카오스보스박스(57701)|1|9900|97200
2021-04-23 17:20:12|yy1212|연두|카오스보스박스(57701)|1|9900|87300
2021-04-23 17:20:13|yy1212|연두|카오스보스박스(57701)|1|9900|77400
2021-04-23 17:20:14|yy1212|연두|카오스보스박스(57701)|1|9900|67500
2021-04-23 17:20:16|yy1212|연두|카오스보스박스(57701)|1|9900|57600
2021-04-23 17:20:50|||경험치 구슬(교불)(100508)|1|5|8
2021-04-23 17:21:05|||경험치 구슬(교불)(100508)|1|5|3
2021-04-23 17:21:35|ccs56|츄르|카오스보스박스(57701)|1|9900|100
2021-04-23 17:25:05|ccs56|츄르|카오스보스박스(57701)|1|9900|10200
2021-04-23 17:25:09|ccs56|츄르|카오스보스박스(57701)|1|9900|300
2021-04-23 17:32:32|kyk9698|파랑|Lv4페트 통조림(46018)|1|5000|128100
2021-04-23 17:32:48|yy1212|연두|Lv4페트 통조림(46018)|1|5000|52600
2021-04-23 17:50:02|||경험치 구슬(교불)(100508)|1|3|6
2021-04-23 17:50:09|||경험치 구슬(교불)(100508)|1|3|3
2021-04-23 17:50:17|||경험치 구슬(교불)(100508)|1|3|0
2021-04-23 18:07:47|wg9400|光明|카오스SD박스(57700)|1|9900|91200
2021-04-23 18:07:49|wg9400|光明|카오스SD박스(57700)|1|9900|81300
2021-04-23 18:07:51|wg9400|光明|카오스보스박스(57701)|1|9900|71400
2021-04-23 18:07:52|wg9400|光明|카오스보스박스(57701)|1|9900|61500
2021-04-23 18:07:53|wg9400|光明|카오스SD박스(57700)|1|9900|51600
2021-04-23 18:07:55|wg9400|光明|카오스보스박스(57701)|1|9900|41700
2021-04-23 18:13:32|wg9400|光明|카오스보스박스(57701)|1|9900|31800
2021-04-23 18:13:34|wg9400|光明|카오스보스박스(57701)|1|9900|21900
2021-04-23 18:17:23|wg9400|光明|카오스보스박스(57701)|1|9900|12000
2021-04-23 18:17:26|wg9400|光明|카오스보스박스(57701)|1|9900|2100
2021-04-23 18:39:34|wg9400|光明|황금자루(25151)|1|15000|117100
2021-04-23 18:40:02|wg9400|光明|카오스보스박스(57701)|1|9900|107200
2021-04-23 18:40:03|wg9400|光明|카오스보스박스(57701)|1|9900|97300
2021-04-23 18:40:04|wg9400|光明|카오스보스박스(57701)|1|9900|87400
2021-04-23 18:40:06|wg9400|光明|카오스보스박스(57701)|1|9900|77500
2021-04-23 18:40:07|wg9400|光明|카오스보스박스(57701)|1|9900|67600
2021-04-23 18:40:17|wg9400|光明|진화열매(45009)|1|15000|52600
2021-04-23 18:40:19|wg9400|光明|진화열매(45009)|1|15000|37600
2021-04-23 18:40:23|wg9400|光明|진화열매(45009)|1|15000|22600
2021-04-23 18:40:55|wg9400|光明|맘모스쿠폰(40050)|1|4900|17700
2021-04-23 18:40:59|wg9400|光明|맘모스쿠폰(40050)|1|4900|12800
2021-04-23 18:42:23|wg9400|光明|카오스보스박스(57701)|1|9900|2900
2021-04-23 19:48:29|ds0516|피맛|카오스보스박스(57701)|1|9900|53200
2021-04-23 19:48:43|ds0516|피맛|카오스보스박스(57701)|1|9900|43300
2021-04-23 19:48:54|ds0516|피맛|카오스보스박스(57701)|1|9900|33400
2021-04-23 19:49:25|ds0516|피맛|카오스보스박스(57701)|1|9900|23500
2021-04-23 19:49:47|ds0516|피맛|카오스보스박스(57701)|1|9900|13600
2021-04-23 19:49:50|ds0516|피맛|카오스보스박스(57701)|1|9900|3700
2021-04-23 20:29:22|yonghaboy|동그랑땡|경험치 구슬(100507)|1|2000|40200
2021-04-23 20:29:24|yonghaboy|동그랑땡|경험치 구슬(100507)|1|2000|38200
2021-04-23 20:43:19|||경험치 구슬(교불)(100508)|1|3|9
2021-04-23 21:28:06|||30만스톤 수표(100033)|1|4|49
2021-04-23 22:05:28|ghrn|호규맨|카오스SD박스(57700)|1|9900|11300
2021-04-23 22:05:30|ghrn|호규맨|카오스보스박스(57701)|1|9900|1400
2021-04-23 22:51:03|aa3424|방|카오스보스박스(57701)|1|9900|18200
2021-04-23 22:51:36|aa3424|방|카오스보스박스(57701)|1|9900|8300
2021-04-23 22:54:50|aa3424|방|크루거호리병(40135)|1|6900|1400
2021-04-23 23:09:31|||경험치 구슬(교불)(100508)|1|3|7
2021-04-23 23:09:33|||경험치 구슬(교불)(100508)|1|3|4
2021-04-23 23:13:37|wg9400|光明|카오스보스박스(57701)|1|9900|63000
2021-04-23 23:13:38|wg9400|光明|카오스보스박스(57701)|1|9900|53100
2021-04-23 23:13:39|wg9400|光明|카오스보스박스(57701)|1|9900|43200
2021-04-23 23:13:40|wg9400|光明|카오스보스박스(57701)|1|9900|33300
2021-04-23 23:14:01|wg9400|光明|카오스보스박스(57701)|1|9900|23400
2021-04-23 23:14:02|wg9400|光明|카오스보스박스(57701)|1|9900|13500
2021-04-23 23:14:04|wg9400|光明|카오스보스박스(57701)|1|9900|3600
2021-04-23 23:20:02|wg9400|光明|카오스보스박스(57701)|1|9900|123700
2021-04-23 23:20:04|wg9400|光明|카오스보스박스(57701)|1|9900|113800
2021-04-23 23:20:05|wg9400|光明|카오스보스박스(57701)|1|9900|103900
2021-04-23 23:20:06|wg9400|光明|카오스보스박스(57701)|1|9900|94000
2021-04-23 23:20:07|wg9400|光明|카오스보스박스(57701)|1|9900|84100
2021-04-23 23:20:08|wg9400|光明|카오스보스박스(57701)|1|9900|74200
2021-04-23 23:20:33|wg9400|光明|카오스보스박스(57701)|1|9900|64300
2021-04-23 23:20:35|wg9400|光明|카오스보스박스(57701)|1|9900|54400
2021-04-23 23:21:30|wg9400|光明|카오스보스박스(57701)|1|9900|44500
2021-04-23 23:21:31|wg9400|光明|카오스보스박스(57701)|1|9900|34600
2021-04-23 23:22:01|wg9400|光明|카오스보스박스(57701)|1|9900|24700
2021-04-23 23:22:18|wg9400|光明|카오스보스박스(57701)|1|9900|14800
2021-04-23 23:24:37|gocks170614|정또노|카오스보스박스(57701)|1|9900|91800
2021-04-23 23:24:39|gocks170614|정또노|카오스보스박스(57701)|1|9900|81900
2021-04-23 23:24:40|gocks170614|정또노|카오스보스박스(57701)|1|9900|72000
2021-04-23 23:30:24|gocks170614|정또노|카오스SD박스(57700)|1|9900|62100
2021-04-23 23:30:27|gocks170614|정또노|카오스SD박스(57700)|1|9900|52200
2021-04-23 23:31:28|gocks170614|정또노|맘모스쿠폰(40050)|1|4900|47300
2021-04-23 23:31:29|gocks170614|정또노|맘모스쿠폰(40050)|1|4900|42400
2021-04-23 23:31:31|gocks170614|정또노|맘모스쿠폰(40050)|1|4900|37500
2021-04-23 23:45:37|gocks170614|정또노|카오스보스박스(57701)|1|9900|27600
2021-04-23 23:45:39|gocks170614|정또노|카오스보스박스(57701)|1|9900|17700
2021-04-23 23:46:26|gocks170614|정또노|카오스보스박스(57701)|1|9900|7800
2021-04-23 23:57:42|jjiy666|땡미|카오스보스박스(57701)|1|9900|100
