2021-04-02 00:17:45|wg9400|火|3회창(94001)|1|30000|26600
2021-04-02 00:33:12|||갈푸스퀘 깃털(100130)|1|4|31
2021-04-02 00:37:20|||갈푸스퀘 깃털(100130)|1|4|28
2021-04-02 00:37:22|||갈푸스퀘 깃털(100130)|1|4|24
2021-04-02 00:41:02|wg9400|火|울푸스호리병(40131)|1|6900|19700
2021-04-02 00:41:26|wg9400|火|울푸스호리병(40131)|1|6900|12800
2021-04-02 00:47:32|||갈푸스퀘 깃털(100130)|1|4|26
2021-04-02 00:47:33|||갈푸스퀘 깃털(100130)|1|4|22
2021-04-02 00:47:34|||갈푸스퀘 깃털(100130)|1|4|18
2021-04-02 00:47:44|||갈푸스퀘 깃털(100130)|1|4|20
2021-04-02 00:53:51|wg9400|火|다크바로스호리병(40147)|1|6900|5900
2021-04-02 01:15:20|wg9400|火|갈푸스호리병(40130)|1|6900|13000
2021-04-02 01:15:22|wg9400|火|갈푸스호리병(40130)|1|6900|6100
2021-04-02 01:15:30|wg9400|火|맘모스쿠폰(40050)|1|4900|1200
2021-04-02 01:33:51|lkl8611|돌북이|울푸스호리병(40131)|1|6900|128703
2021-04-02 02:10:34|||경험치 구슬(교불)(100508)|1|3|1
2021-04-02 02:11:54|||경험치 구슬(교불)(100508)|1|3|0
2021-04-02 03:06:27|||경험치 구슬(교불)(100508)|1|5|42
2021-04-02 03:06:28|||경험치 구슬(교불)(100508)|1|5|37
2021-04-02 03:37:49|homework13|오만의죄|황금자루(25151)|1|15000|5700
2021-04-02 08:25:28|||경험치 구슬(교불)(100508)|1|5|50
2021-04-02 08:25:30|||경험치 구슬(교불)(100508)|1|5|45
2021-04-02 08:25:33|||경험치 구슬(교불)(100508)|1|5|52
2021-04-02 08:25:34|||경험치 구슬(교불)(100508)|1|5|47
2021-04-02 10:16:57|||경험치 구슬(교불)(100508)|1|5|400
2021-04-02 10:16:58|||경험치 구슬(교불)(100508)|1|5|395
2021-04-02 11:23:43|||경험치 구슬(교불)(100508)|1|5|37
2021-04-02 11:23:46|||경험치 구슬(교불)(100508)|1|5|32
2021-04-02 11:40:04|||경험치 구슬(교불)(100508)|1|5|97
2021-04-02 11:40:33|||경험치 구슬(교불)(100508)|1|5|94
2021-04-02 11:41:18|||경험치 구슬(교불)(100508)|1|5|101
2021-04-02 11:52:06|ehwls1235|도진|거울의 목걸이(98000)|1|20000|20000
2021-04-02 11:52:08|ehwls1235|도진|거울의 목걸이(98000)|1|20000|0
2021-04-02 12:10:24|||경험치 구슬(교불)(100508)|1|5|30
2021-04-02 12:10:28|||경험치 구슬(교불)(100508)|1|5|25
2021-04-02 12:10:36|||경험치 구슬(교불)(100508)|1|5|20
2021-04-02 12:10:49|||경험치 구슬(교불)(100508)|1|5|42
2021-04-02 12:10:53|||경험치 구슬(교불)(100508)|1|5|37
2021-04-02 12:10:56|||경험치 구슬(교불)(100508)|1|5|32
2021-04-02 12:11:34|||경험치 구슬(교불)(100508)|1|3|55
2021-04-02 12:11:57|||경험치 구슬(교불)(100508)|1|3|55
2021-04-02 13:05:56|||경험치 구슬(교불)(100508)|1|5|27
2021-04-02 13:05:57|||경험치 구슬(교불)(100508)|1|5|22
2021-04-02 13:05:58|||경험치 구슬(교불)(100508)|1|5|17
2021-04-02 13:06:00|||경험치 구슬(교불)(100508)|1|5|12
2021-04-02 13:06:01|||경험치 구슬(교불)(100508)|1|5|7
2021-04-02 13:07:26|||경험치 구슬(교불)(100508)|1|5|22
2021-04-02 13:07:27|||경험치 구슬(교불)(100508)|1|5|17
2021-04-02 13:07:29|||경험치 구슬(교불)(100508)|1|5|12
2021-04-02 13:07:30|||경험치 구슬(교불)(100508)|1|5|7
2021-04-02 13:07:31|||경험치 구슬(교불)(100508)|1|5|2
2021-04-02 15:04:00|qusrud11|여포왕|맘모스쿠폰(40050)|1|4900|21100
2021-04-02 16:01:46|qusrud11|여포왕|레이드일반강화(40039)|1|1000|20100
2021-04-02 16:01:48|qusrud11|여포왕|레이드일반강화(40039)|1|1000|19100
2021-04-02 16:02:24|qusrud11|여포왕|장인의강화(40054)|1|5000|14100
2021-04-02 16:02:45|qusrud11|여포왕|장인의강화(40054)|1|5000|9100
2021-04-02 16:02:46|qusrud11|여포왕|장인의강화(40054)|1|5000|4100
2021-04-02 17:30:20|||경험치 구슬(교불)(100508)|1|5|24
2021-04-02 17:30:22|||경험치 구슬(교불)(100508)|1|5|19
2021-04-02 17:30:23|||경험치 구슬(교불)(100508)|1|5|14
2021-04-02 17:30:25|||경험치 구슬(교불)(100508)|1|5|9
2021-04-02 18:22:54|||경험치 구슬(교불)(100508)|1|5|2
2021-04-02 18:23:23|||경험치 구슬(교불)(100508)|1|3|7
2021-04-02 18:56:26|||30만스톤 수표(100033)|1|4|55
2021-04-02 18:56:28|||경험치 구슬(교불)(100508)|1|3|52
2021-04-02 18:56:30|||30만스톤 수표(100033)|1|4|55
2021-04-02 18:56:32|||경험치 구슬(교불)(100508)|1|3|52
2021-04-02 19:30:10|||30만스톤 수표(100033)|1|4|2
2021-04-02 19:50:41|||경험치 구슬(교불)(100508)|1|3|11
2021-04-02 21:31:35|||갈푸스퀘 깃털(100130)|1|4|4
2021-04-02 22:39:17|||30만스톤 수표(100033)|1|4|7
2021-04-02 23:29:30|||이구로스호리병(40161)|1|15|10
2021-04-02 23:30:32|||경험치 구슬(교불)(100508)|1|5|20
2021-04-02 23:30:33|||경험치 구슬(교불)(100508)|1|5|15
2021-04-02 23:30:34|||경험치 구슬(교불)(100508)|1|5|10
2021-04-02 23:30:57|||경험치 구슬(교불)(100508)|1|5|20
2021-04-02 23:30:58|||경험치 구슬(교불)(100508)|1|5|15
2021-04-02 23:55:14|||페트초기화(25150)|1|8|207
