2021-06-12 01:30:28|||30만스톤 수표(100033)|1|4|39
2021-06-12 01:30:34|||30만스톤 수표(100033)|1|4|35
2021-06-12 09:37:53|||50RP뽑기박스(67001)|1|50|16
2021-06-12 10:11:32|||50VP뽑기박스(67007)|1|50|20
2021-06-12 11:17:03|||10VP뽑기박스(67002)|1|10|0
2021-06-12 14:58:09|||10VP뽑기박스(67002)|1|10|0
2021-06-12 21:12:21|||30만스톤 수표(100033)|1|4|35
2021-06-12 21:25:45|||경험치 구슬(교불)(100508)|1|3|32
2021-06-12 21:25:47|||경험치 구슬(교불)(100508)|1|3|29
2021-06-12 21:55:59|kimds1995|동수|VIP POINT 100000＄(21117)|1|100000|164000
2021-06-12 21:56:00|kimds1995|동수|VIP POINT 100000＄(21117)|1|100000|64000
2021-06-12 21:56:02|kimds1995|동수|VIP POINT 30000＄(21115)|1|30000|34000
2021-06-12 21:56:03|kimds1995|동수|VIP POINT 10000＄(21114)|1|10000|24000
2021-06-12 22:28:07|||50RP뽑기박스(67001)|1|50|396
2021-06-12 22:28:08|||30RP뽑기박스(67000)|1|30|366
2021-06-12 22:28:09|||50RP뽑기박스(67001)|1|50|316
2021-06-12 22:28:10|||30RP뽑기박스(67000)|1|30|286
2021-06-12 22:28:11|||50RP뽑기박스(67001)|1|50|236
2021-06-12 22:28:12|||30RP뽑기박스(67000)|1|30|206
2021-06-12 22:28:13|||50RP뽑기박스(67001)|1|50|156
2021-06-12 22:28:44|||50RP뽑기박스(67001)|1|50|186
