2021-04-08 00:24:53|||페트초기화(25150)|1|8|8
2021-04-08 00:25:23|||페트초기화(25150)|1|8|0
2021-04-08 00:25:43|||페트초기화(25150)|1|8|0
2021-04-08 00:55:16|adidas008|Dple|아이스만모호리병(40146)|1|6900|18100
2021-04-08 00:55:18|adidas008|Dple|아이스만모호리병(40146)|1|6900|11200
2021-04-08 00:59:43|adidas008|Dple|페트초기화5개(25152)|1|4000|7200
2021-04-08 01:04:08|adidas008|Dple|페트초기화5개(25152)|1|4000|3200
2021-04-08 01:07:33|adidas008|Dple|페트초기화(25150)|1|1000|2200
2021-04-08 01:13:26|adidas008|Dple|아이스만모호리병(40146)|1|6900|45300
2021-04-08 01:13:28|adidas008|Dple|아이스만모호리병(40146)|1|6900|38400
2021-04-08 01:23:23|adidas008|Dple|펜리호리병(40124)|1|6900|31500
2021-04-08 01:25:04|adidas008|Dple|페트초기화5개(25152)|1|4000|27500
2021-04-08 01:33:47|adidas008|Dple|풍백호리병(40119)|1|6900|20600
2021-04-08 01:35:01|adidas008|Dple|페트초기화(25150)|1|1000|19600
2021-04-08 01:36:19|adidas008|Dple|페트초기화(25150)|1|1000|18600
2021-04-08 01:36:40|adidas008|Dple|페트초기화(25150)|1|1000|17600
2021-04-08 01:38:10|adidas008|Dple|풍백호리병(40119)|1|6900|10700
2021-04-08 01:38:23|adidas008|Dple|페트초기화5개(25152)|1|4000|6700
2021-04-08 01:44:48|adidas008|Dple|맘모스쿠폰(40050)|1|4900|1800
2021-04-08 05:10:07|gktkddmssla|하이버|바우트호리병(40138)|1|6900|6900
2021-04-08 05:10:15|gktkddmssla|하이버|바우트호리병(40138)|1|6900|0
2021-04-08 05:12:13|tndud5233|뚜야|회복술 통조림(46021)|1|8000|97100
2021-04-08 05:25:28|tndud5233|뚜야|진화열매(45009)|1|15000|82100
2021-04-08 05:27:25|tndud5233|뚜야|진화열매(45009)|1|15000|67100
2021-04-08 05:50:18|gktkddmssla|하이버|VIP POINT 10000＄(21114)|1|10000|14000
2021-04-08 05:50:21|gktkddmssla|하이버|VIP POINT 10000＄(21114)|1|10000|4000
2021-04-08 05:50:23|gktkddmssla|하이버|VIP POINT 3000＄(21112)|1|3000|1000
2021-04-08 05:50:24|gktkddmssla|하이버|VIP POINT 1000＄(21111)|1|1000|0
2021-04-08 08:22:03|ghrn1|호구|VIP POINT 10000＄(21114)|1|10000|12300
2021-04-08 08:22:04|ghrn1|호구|VIP POINT 1000＄(21111)|1|1000|11300
2021-04-08 08:22:06|ghrn1|호구|VIP POINT 1000＄(21111)|1|1000|10300
2021-04-08 08:23:49|tndud5233|뚜야|진화열매(45009)|1|15000|52100
2021-04-08 08:23:50|tndud5233|뚜야|진화열매(45009)|1|15000|37100
2021-04-08 08:55:24|||경험치 구슬(교불)(100508)|1|3|5
2021-04-08 08:55:27|||경험치 구슬(교불)(100508)|1|3|2
2021-04-08 09:45:21|ds0516|피맛|4환생의도끼(100106)|1|3000|31000
2021-04-08 09:45:35|ds0516|피맛|진화열매(45009)|1|15000|16000
2021-04-08 09:45:48|ds0516|피맛|맘모스쿠폰(40050)|1|4900|11100
2021-04-08 09:45:50|ds0516|피맛|맘모스쿠폰(40050)|1|4900|6200
2021-04-08 09:45:51|ds0516|피맛|맘모스쿠폰(40050)|1|4900|1300
2021-04-08 09:46:33|ds0516|피맛|페트초기화(25150)|1|1000|300
2021-04-08 10:37:41|ghrn1|호구|맘모스쿠폰(40050)|1|4900|5400
2021-04-08 10:37:42|ghrn1|호구|맘모스쿠폰(40050)|1|4900|500
2021-04-08 11:23:46|||경험치 구슬(교불)(100508)|1|5|178
2021-04-08 11:23:47|||경험치 구슬(교불)(100508)|1|5|173
2021-04-08 11:23:48|||경험치 구슬(교불)(100508)|1|5|168
2021-04-08 11:23:49|||경험치 구슬(교불)(100508)|1|5|163
2021-04-08 11:24:01|||경험치 구슬(교불)(100508)|1|5|158
2021-04-08 11:29:26|||갈푸스퀘 깃털(100130)|1|4|1
2021-04-08 11:29:27|||경험치 구슬(교불)(100508)|1|5|161
2021-04-08 11:29:28|||경험치 구슬(교불)(100508)|1|5|156
2021-04-08 11:29:29|||경험치 구슬(교불)(100508)|1|5|151
2021-04-08 11:29:30|||경험치 구슬(교불)(100508)|1|5|146
2021-04-08 11:29:32|||갈푸스퀘 깃털(100130)|1|4|1
2021-04-08 11:29:40|||경험치 구슬(교불)(100508)|1|5|141
2021-04-08 11:44:20|||경험치 구슬(교불)(100508)|1|3|0
2021-04-08 12:30:26|||경험치 구슬(교불)(100508)|1|3|1
2021-04-08 12:41:21|||경험치 구슬(교불)(100508)|1|3|15
2021-04-08 12:41:22|||경험치 구슬(교불)(100508)|1|3|12
2021-04-08 12:41:23|||경험치 구슬(교불)(100508)|1|3|9
2021-04-08 12:41:24|||경험치 구슬(교불)(100508)|1|3|6
2021-04-08 12:41:25|||경험치 구슬(교불)(100508)|1|3|3
2021-04-08 13:06:22|||페트초기화(25150)|1|8|8
2021-04-08 13:06:23|||페트초기화(25150)|1|8|0
2021-04-08 14:05:13|bering29|쌈조|맘모스쿠폰(40050)|1|4900|15300
2021-04-08 14:05:15|bering29|쌈조|맘모스쿠폰(40050)|1|4900|10400
2021-04-08 14:39:18|||경험치 구슬(교불)(100508)|1|5|139
2021-04-08 14:39:20|||경험치 구슬(교불)(100508)|1|5|134
2021-04-08 14:39:21|||경험치 구슬(교불)(100508)|1|5|129
2021-04-08 14:39:23|||경험치 구슬(교불)(100508)|1|5|124
2021-04-08 14:39:53|||경험치 구슬(교불)(100508)|1|5|153
2021-04-08 14:39:55|||경험치 구슬(교불)(100508)|1|5|148
2021-04-08 14:39:56|||경험치 구슬(교불)(100508)|1|5|143
2021-04-08 14:39:57|||경험치 구슬(교불)(100508)|1|5|138
2021-04-08 14:40:05|||경험치 구슬(교불)(100508)|1|5|133
2021-04-08 15:16:39|jis8711255|핸콕|맘모스쿠폰(40050)|1|4900|12656600
2021-04-08 15:16:41|jis8711255|핸콕|맘모스쿠폰(40050)|1|4900|12651700
2021-04-08 15:16:43|jis8711255|핸콕|맘모스쿠폰(40050)|1|4900|12646800
2021-04-08 15:16:45|jis8711255|핸콕|맘모스쿠폰(40050)|1|4900|12641900
2021-04-08 15:16:46|jis8711255|핸콕|맘모스쿠폰(40050)|1|4900|12637000
2021-04-08 15:16:48|jis8711255|핸콕|맘모스쿠폰(40050)|1|4900|12632100
2021-04-08 15:16:49|jis8711255|핸콕|맘모스쿠폰(40050)|1|4900|12627200
2021-04-08 15:16:52|jis8711255|핸콕|맘모스쿠폰(40050)|1|4900|12622300
2021-04-08 15:24:38|||경험치 구슬(교불)(100508)|1|3|5
2021-04-08 15:24:40|||경험치 구슬(교불)(100508)|1|3|2
2021-04-08 15:25:46|||경험치 구슬(교불)(100508)|1|3|7
2021-04-08 15:25:47|||경험치 구슬(교불)(100508)|1|3|4
2021-04-08 15:25:49|||경험치 구슬(교불)(100508)|1|3|1
2021-04-08 15:34:27|jis8711255|핸콕|장인의강화(40054)|1|5000|12617300
2021-04-08 15:34:29|jis8711255|핸콕|장인의강화(40054)|1|5000|12612300
2021-04-08 15:35:23|jis8711255|핸콕|장인의강화(40054)|1|5000|12607300
2021-04-08 15:37:16|bering29|쌈조|맘모스쿠폰(40050)|1|4900|5500
2021-04-08 15:37:18|bering29|쌈조|맘모스쿠폰(40050)|1|4900|600
2021-04-08 15:38:01|jis8711255|핸콕|맘모스쿠폰(40050)|1|4900|12602400
2021-04-08 15:38:02|jis8711255|핸콕|맘모스쿠폰(40050)|1|4900|12597500
2021-04-08 15:38:03|jis8711255|핸콕|맘모스쿠폰(40050)|1|4900|12592600
2021-04-08 15:38:05|jis8711255|핸콕|맘모스쿠폰(40050)|1|4900|12587700
2021-04-08 15:38:07|jis8711255|핸콕|맘모스쿠폰(40050)|1|4900|12582800
2021-04-08 15:38:08|jis8711255|핸콕|맘모스쿠폰(40050)|1|4900|12577900
2021-04-08 15:38:11|jis8711255|핸콕|맘모스쿠폰(40050)|1|4900|12573000
2021-04-08 15:38:44|jis8711255|핸콕|맘모스쿠폰(40050)|1|4900|12568100
2021-04-08 15:38:46|jis8711255|핸콕|맘모스쿠폰(40050)|1|4900|12563200
2021-04-08 15:38:47|jis8711255|핸콕|맘모스쿠폰(40050)|1|4900|12558300
2021-04-08 15:38:49|jis8711255|핸콕|맘모스쿠폰(40050)|1|4900|12553400
2021-04-08 15:38:50|jis8711255|핸콕|맘모스쿠폰(40050)|1|4900|12548500
2021-04-08 15:38:51|jis8711255|핸콕|맘모스쿠폰(40050)|1|4900|12543600
2021-04-08 15:38:53|jis8711255|핸콕|맘모스쿠폰(40050)|1|4900|12538700
2021-04-08 15:38:54|jis8711255|핸콕|맘모스쿠폰(40050)|1|4900|12533800
2021-04-08 15:38:55|jis8711255|핸콕|맘모스쿠폰(40050)|1|4900|12528900
2021-04-08 15:38:56|jis8711255|핸콕|맘모스쿠폰(40050)|1|4900|12524000
2021-04-08 15:39:52|jis8711255|핸콕|맘모스쿠폰(40050)|1|4900|12519100
2021-04-08 15:39:54|jis8711255|핸콕|맘모스쿠폰(40050)|1|4900|12514200
2021-04-08 15:39:56|jis8711255|핸콕|맘모스쿠폰(40050)|1|4900|12509300
2021-04-08 15:39:57|jis8711255|핸콕|맘모스쿠폰(40050)|1|4900|12504400
2021-04-08 15:39:58|jis8711255|핸콕|맘모스쿠폰(40050)|1|4900|12499500
2021-04-08 15:40:00|jis8711255|핸콕|맘모스쿠폰(40050)|1|4900|12494600
2021-04-08 15:40:02|jis8711255|핸콕|맘모스쿠폰(40050)|1|4900|12489700
2021-04-08 15:41:12|jis8711255|핸콕|거울의 목걸이(98000)|1|20000|12469700
2021-04-08 15:41:14|jis8711255|핸콕|거울의 목걸이(98000)|1|20000|12449700
2021-04-08 15:41:15|jis8711255|핸콕|거울의 목걸이(98000)|1|20000|12429700
2021-04-08 16:54:13|ds0516|피맛|진화열매(45009)|1|15000|5300
2021-04-08 16:54:36|ds0516|피맛|맘모스쿠폰(40050)|1|4900|400
2021-04-08 17:13:32|jis8711255|핸콕|Lv4페트 통조림(46018)|1|5000|12424700
2021-04-08 17:18:36|||경험치 구슬(교불)(100508)|1|5|0
2021-04-08 17:27:28|lkl8611|돌북이|거울의 목걸이(98000)|1|20000|94603
2021-04-08 18:27:45|||갈푸스퀘 깃털(100130)|1|4|6
2021-04-08 18:27:49|||갈푸스퀘 깃털(100130)|1|4|2
2021-04-08 18:27:53|||갈푸스퀘 깃털(100130)|1|4|6
2021-04-08 18:27:54|||갈푸스퀘 깃털(100130)|1|4|2
2021-04-08 18:46:19|||페트초기화(25150)|1|8|84
2021-04-08 18:46:38|||페트초기화(25150)|1|8|76
2021-04-08 18:49:36|||페트초기화(25150)|1|8|58
2021-04-08 18:49:58|||페트초기화(25150)|1|8|50
2021-04-08 19:43:55|||경험치 구슬(교불)(100508)|1|5|119
2021-04-08 19:43:56|||경험치 구슬(교불)(100508)|1|5|114
2021-04-08 19:43:58|||경험치 구슬(교불)(100508)|1|5|109
2021-04-08 19:43:59|||경험치 구슬(교불)(100508)|1|5|104
2021-04-08 19:44:00|||경험치 구슬(교불)(100508)|1|5|99
2021-04-08 19:44:01|||경험치 구슬(교불)(100508)|1|5|94
2021-04-08 19:44:04|||경험치 구슬(교불)(100508)|1|5|118
2021-04-08 19:44:05|||경험치 구슬(교불)(100508)|1|5|113
2021-04-08 19:44:07|||경험치 구슬(교불)(100508)|1|5|108
2021-04-08 19:44:08|||경험치 구슬(교불)(100508)|1|5|103
2021-04-08 19:44:09|||경험치 구슬(교불)(100508)|1|5|98
2021-04-08 19:44:11|||경험치 구슬(교불)(100508)|1|5|93
2021-04-08 21:23:50|jis871125|루피|Lv4페트 통조림(46018)|1|5000|12763600
2021-04-08 21:58:02|||모가로스호리병(40160)|1|15|44
2021-04-08 21:58:07|||모가로스호리병(40160)|1|15|14
2021-04-08 23:09:11|||갈푸스퀘 깃털(100130)|1|4|0
2021-04-08 23:09:15|||갈푸스퀘 깃털(100130)|1|4|0
2021-04-08 23:39:20|||경험치 구슬(교불)(100508)|1|5|128
2021-04-08 23:39:22|||경험치 구슬(교불)(100508)|1|5|123
2021-04-08 23:39:23|||경험치 구슬(교불)(100508)|1|5|118
2021-04-08 23:39:25|||경험치 구슬(교불)(100508)|1|5|113
2021-04-08 23:39:26|||경험치 구슬(교불)(100508)|1|5|108
2021-04-08 23:40:03|||경험치 구슬(교불)(100508)|1|5|119
2021-04-08 23:40:05|||경험치 구슬(교불)(100508)|1|5|114
2021-04-08 23:40:06|||경험치 구슬(교불)(100508)|1|5|109
2021-04-08 23:40:08|||경험치 구슬(교불)(100508)|1|5|104
2021-04-08 23:40:10|||경험치 구슬(교불)(100508)|1|5|99
