2021-03-25 00:25:24|||경험치 구슬(교불)(100508)|1|3|21
2021-03-25 00:25:28|||경험치 구슬(교불)(100508)|1|3|18
2021-03-25 00:40:35|to2532|리바이|3회창(94001)|1|30000|37700
2021-03-25 00:41:38|to2532|리바이|레이드일반강화(40039)|1|1000|36700
2021-03-25 00:41:55|to2532|리바이|레이드일반강화(40039)|1|1000|35700
2021-03-25 00:42:11|to2532|리바이|고급강화(40040)|1|3000|32700
2021-03-25 00:42:28|to2532|리바이|고급강화(40040)|1|3000|29700
2021-03-25 00:42:36|to2532|리바이|고급강화(40040)|1|3000|26700
2021-03-25 00:42:45|to2532|리바이|고급강화(40040)|1|3000|23700
2021-03-25 00:54:04|||30만스톤 수표(100033)|1|4|13
2021-03-25 00:54:07|||30만스톤 수표(100033)|1|4|25
2021-03-25 00:54:18|||경험치 구슬(교불)(100508)|1|5|14
2021-03-25 00:54:19|||경험치 구슬(교불)(100508)|1|5|9
2021-03-25 00:54:20|||경험치 구슬(교불)(100508)|1|5|4
2021-03-25 00:54:25|||경험치 구슬(교불)(100508)|1|5|15
2021-03-25 00:54:26|||경험치 구슬(교불)(100508)|1|5|10
2021-03-25 00:54:28|||경험치 구슬(교불)(100508)|1|5|5
2021-03-25 00:54:29|||경험치 구슬(교불)(100508)|1|5|0
2021-03-25 01:20:01|comic200|공|주작호리병(40116)|1|6900|38000
2021-03-25 01:21:13|to2532|리바이|맘모스쿠폰(40050)|1|4900|18800
2021-03-25 01:21:15|to2532|리바이|맘모스쿠폰(40050)|1|4900|13900
2021-03-25 01:21:16|to2532|리바이|맘모스쿠폰(40050)|1|4900|9000
2021-03-25 01:21:17|to2532|리바이|맘모스쿠폰(40050)|1|4900|4100
2021-03-25 08:31:31|||경험치 구슬(교불)(100508)|1|5|96
2021-03-25 08:31:33|||경험치 구슬(교불)(100508)|1|5|91
2021-03-25 09:28:20|janginsub|깡북이|악몽의성세트(47004)|1|60000|30137100
2021-03-25 10:07:02|janginsub|깡북이|울보소녀 상자(22119)|1|6900|30130200
2021-03-25 10:16:55|janginsub|깡북이|심연의바다세트(47005)|1|60000|30070200
2021-03-25 12:27:17|||경험치 구슬(교불)(100508)|1|3|6
2021-03-25 12:58:13|||30만스톤 수표(100033)|1|4|29
2021-03-25 12:58:15|||30만스톤 수표(100033)|1|4|25
2021-03-25 12:58:18|||30만스톤 수표(100033)|1|4|21
2021-03-25 12:58:19|||30만스톤 수표(100033)|1|4|17
2021-03-25 12:58:21|||30만스톤 수표(100033)|1|4|13
2021-03-25 12:58:22|||30만스톤 수표(100033)|1|4|9
2021-03-25 12:58:23|||30만스톤 수표(100033)|1|4|5
2021-03-25 12:58:26|||30만스톤 수표(100033)|1|4|1
2021-03-25 12:59:12|||30만스톤 수표(100033)|1|4|54
2021-03-25 12:59:14|||30만스톤 수표(100033)|1|4|50
2021-03-25 12:59:15|||30만스톤 수표(100033)|1|4|46
2021-03-25 12:59:16|||30만스톤 수표(100033)|1|4|42
2021-03-25 12:59:17|||30만스톤 수표(100033)|1|4|38
2021-03-25 12:59:18|||30만스톤 수표(100033)|1|4|34
2021-03-25 12:59:19|||30만스톤 수표(100033)|1|4|30
2021-03-25 12:59:20|||30만스톤 수표(100033)|1|4|26
2021-03-25 12:59:22|||30만스톤 수표(100033)|1|4|22
2021-03-25 12:59:23|||30만스톤 수표(100033)|1|4|18
2021-03-25 12:59:25|||30만스톤 수표(100033)|1|4|14
2021-03-25 12:59:29|||30만스톤 수표(100033)|1|4|10
2021-03-25 12:59:31|||30만스톤 수표(100033)|1|4|6
2021-03-25 12:59:32|||30만스톤 수표(100033)|1|4|2
2021-03-25 13:32:42|||하드불성클리어상자(40160)|1|15|54
2021-03-25 14:55:45|||경험치 구슬(교불)(100508)|1|3|4
2021-03-25 14:55:46|||경험치 구슬(교불)(100508)|1|3|1
2021-03-25 15:22:25|janginsub|깡북이|Lv4페트 통조림(46018)|1|5000|30065200
2021-03-25 15:25:04|a6464|하이|Lv4페트 통조림(46018)|1|5000|47500
2021-03-25 15:25:07|a6464|하이|Lv4페트 통조림(46018)|1|5000|42500
2021-03-25 15:25:57|a6464|하이|맘모스쿠폰(40050)|1|4900|37600
2021-03-25 15:26:00|a6464|하이|맘모스쿠폰(40050)|1|4900|32700
2021-03-25 15:26:51|a6464|하이|맘모스쿠폰(40050)|1|4900|27800
2021-03-25 15:26:52|a6464|하이|맘모스쿠폰(40050)|1|4900|22900
2021-03-25 15:27:34|a6464|하이|진화열매(45009)|1|15000|7900
2021-03-25 15:43:08|a6464|하이|맘모스쿠폰(40050)|1|4900|3000
2021-03-25 15:44:27|lch88sun|울라대마왕|다크바로스호리병(40147)|1|6900|13100
2021-03-25 15:44:31|lch88sun|울라대마왕|다크바로스호리병(40147)|1|6900|6200
2021-03-25 15:54:49|||경험치 구슬(교불)(100508)|1|3|27
2021-03-25 15:58:50|||경험치 구슬(교불)(100508)|1|5|0
2021-03-25 16:06:16|||갈푸스의음식(100130)|1|4|14
2021-03-25 16:07:16|||갈푸스의음식(100130)|1|4|23
2021-03-25 16:33:29|||30만스톤 수표(100033)|1|4|16
2021-03-25 17:03:59|||경험치 구슬(교불)(100508)|1|5|7
2021-03-25 17:04:00|||경험치 구슬(교불)(100508)|1|5|2
2021-03-25 17:04:04|||경험치 구슬(교불)(100508)|1|5|7
2021-03-25 17:04:05|||경험치 구슬(교불)(100508)|1|5|2
2021-03-25 17:52:33|villtjdah|악마의신하|맘모스쿠폰(40050)|1|4900|5100
2021-03-25 17:52:36|villtjdah|악마의신하|맘모스쿠폰(40050)|1|4900|200
2021-03-25 18:12:58|||경험치 구슬(교불)(100508)|1|5|3
2021-03-25 19:04:14|||페트초기화(25150)|1|8|17
2021-03-25 19:04:17|||페트초기화(25150)|1|8|9
2021-03-25 19:04:18|||페트초기화(25150)|1|8|1
2021-03-25 19:06:03|||페트초기화(25150)|1|8|16
2021-03-25 19:07:59|||블랙펄호리병(40154)|1|15|1
2021-03-25 19:51:17|kyk9698|파랑|산적 상자(22123)|1|4900|460400
2021-03-25 20:54:03|||경험치 구슬(교불)(100508)|1|3|0
2021-03-25 20:58:09|||경험치 구슬(교불)(100508)|1|3|10
2021-03-25 20:58:11|||경험치 구슬(교불)(100508)|1|3|7
2021-03-25 20:58:13|||경험치 구슬(교불)(100508)|1|3|4
2021-03-25 20:58:15|||경험치 구슬(교불)(100508)|1|3|1
2021-03-25 20:58:24|||경험치 구슬(교불)(100508)|1|3|10
2021-03-25 20:58:29|||경험치 구슬(교불)(100508)|1|3|7
2021-03-25 20:58:31|||경험치 구슬(교불)(100508)|1|3|4
2021-03-25 20:58:34|||경험치 구슬(교불)(100508)|1|3|1
2021-03-25 20:59:41|||경험치 구슬(교불)(100508)|1|3|42
2021-03-25 20:59:43|||경험치 구슬(교불)(100508)|1|3|39
2021-03-25 20:59:45|||경험치 구슬(교불)(100508)|1|3|36
2021-03-25 20:59:47|||경험치 구슬(교불)(100508)|1|3|33
2021-03-25 20:59:49|||경험치 구슬(교불)(100508)|1|3|30
2021-03-25 21:04:16|||경험치 구슬(교불)(100508)|1|3|42
2021-03-25 21:04:17|||경험치 구슬(교불)(100508)|1|3|39
2021-03-25 21:04:19|||경험치 구슬(교불)(100508)|1|3|36
2021-03-25 21:04:20|||경험치 구슬(교불)(100508)|1|3|33
2021-03-25 21:04:22|||경험치 구슬(교불)(100508)|1|3|30
2021-03-25 22:06:03|||경험치 구슬(교불)(100508)|1|5|16
2021-03-25 22:06:04|||경험치 구슬(교불)(100508)|1|5|11
2021-03-25 22:06:05|||경험치 구슬(교불)(100508)|1|5|6
2021-03-25 22:06:06|||경험치 구슬(교불)(100508)|1|5|1
2021-03-25 22:06:08|||경험치 구슬(교불)(100508)|1|5|16
2021-03-25 22:06:09|||경험치 구슬(교불)(100508)|1|5|11
2021-03-25 22:06:10|||경험치 구슬(교불)(100508)|1|5|6
2021-03-25 22:06:11|||경험치 구슬(교불)(100508)|1|5|1
2021-03-25 22:06:45|||경험치 구슬(교불)(100508)|1|3|14
2021-03-25 22:06:46|||경험치 구슬(교불)(100508)|1|3|11
2021-03-25 22:06:48|||경험치 구슬(교불)(100508)|1|3|11
2021-03-25 22:28:06|||페트초기화(25150)|1|8|24
2021-03-25 22:28:08|||페트초기화(25150)|1|8|16
2021-03-25 23:15:58|comic200|공|진화열매(45009)|1|15000|23000
2021-03-25 23:16:05|comic200|공|Lv4페트 통조림(46018)|1|5000|18000
2021-03-25 23:25:27|||경험치 구슬(교불)(100508)|1|5|7
2021-03-25 23:25:29|||경험치 구슬(교불)(100508)|1|5|2
2021-03-25 23:25:37|||경험치 구슬(교불)(100508)|1|5|8
2021-03-25 23:25:38|||경험치 구슬(교불)(100508)|1|5|3
