2021-05-13 00:17:59|||페트초기화(25150)|1|8|74
2021-05-13 00:21:11|||경험치 구슬(교불)(100508)|1|5|506
2021-05-13 00:24:15|||경험치 구슬(교불)(100508)|1|5|507
2021-05-13 00:30:04|||갈푸스퀘 깃털(100130)|1|4|2
2021-05-13 00:39:50|||경험치 구슬(교불)(100508)|1|5|10
2021-05-13 00:39:51|||경험치 구슬(교불)(100508)|1|5|5
2021-05-13 00:39:53|||경험치 구슬(교불)(100508)|1|5|0
2021-05-13 01:32:55|||페트초기화(25150)|1|8|293
2021-05-13 01:33:49|comic200|공|Lv4페트 통조림(46018)|1|5000|17500
2021-05-13 05:04:25|||경험치 구슬(교불)(100508)|1|3|3
2021-05-13 05:04:30|||경험치 구슬(교불)(100508)|1|3|0
2021-05-13 06:08:06|||경험치 구슬(교불)(100508)|1|5|501
2021-05-13 06:08:07|||경험치 구슬(교불)(100508)|1|5|496
2021-05-13 06:08:08|||경험치 구슬(교불)(100508)|1|5|491
2021-05-13 06:31:19|||경험치 구슬(교불)(100508)|1|5|502
2021-05-13 06:31:21|||경험치 구슬(교불)(100508)|1|5|497
2021-05-13 06:31:23|||경험치 구슬(교불)(100508)|1|5|492
2021-05-13 07:00:56|gktkddmssla|하이버|진화열매(45009)|1|15000|99200
2021-05-13 07:02:03|||경험치 구슬(교불)(100508)|1|3|17
2021-05-13 07:02:12|||경험치 구슬(교불)(100508)|1|3|14
2021-05-13 08:12:59|||경험치 구슬(교불)(100508)|1|5|17
2021-05-13 08:13:01|||경험치 구슬(교불)(100508)|1|5|12
2021-05-13 08:13:02|||경험치 구슬(교불)(100508)|1|5|7
2021-05-13 08:13:04|||경험치 구슬(교불)(100508)|1|5|2
2021-05-13 08:13:25|||경험치 구슬(교불)(100508)|1|3|6
2021-05-13 08:13:27|||경험치 구슬(교불)(100508)|1|3|3
2021-05-13 08:13:28|||경험치 구슬(교불)(100508)|1|3|0
2021-05-13 08:37:36|||경험치 구슬(교불)(100508)|1|5|487
2021-05-13 08:40:33|||경험치 구슬(교불)(100508)|1|5|486
2021-05-13 08:40:41|||경험치 구슬(교불)(100508)|1|5|481
2021-05-13 10:17:13|||페트초기화(25150)|1|8|289
2021-05-13 11:39:38|||경험치 구슬(교불)(100508)|1|5|482
2021-05-13 11:39:39|||경험치 구슬(교불)(100508)|1|5|477
2021-05-13 11:39:45|||경험치 구슬(교불)(100508)|1|5|472
2021-05-13 11:41:36|||경험치 구슬(교불)(100508)|1|5|476
2021-05-13 11:41:37|||경험치 구슬(교불)(100508)|1|5|471
2021-05-13 11:41:39|||경험치 구슬(교불)(100508)|1|5|466
2021-05-13 13:35:37|||경험치 구슬(교불)(100508)|1|3|6
2021-05-13 13:35:39|||경험치 구슬(교불)(100508)|1|3|3
2021-05-13 13:35:50|||경험치 구슬(교불)(100508)|1|3|0
2021-05-13 14:56:07|ghrn|호규맨|맘모스쿠폰(40050)|1|4900|18800
2021-05-13 14:56:08|ghrn|호규맨|맘모스쿠폰(40050)|1|4900|13900
2021-05-13 14:56:09|ghrn|호규맨|맘모스쿠폰(40050)|1|4900|9000
2021-05-13 14:56:11|ghrn|호규맨|맘모스쿠폰(40050)|1|4900|4100
2021-05-13 15:39:16|jsw1195|불량소년|7환생의도끼(100109)|1|8000|2000
2021-05-13 15:48:28|||경험치 구슬(교불)(100508)|1|5|473
2021-05-13 15:53:02|||페트초기화(25150)|1|8|314
2021-05-13 15:55:54|||페트초기화(25150)|1|8|306
2021-05-13 15:55:56|||페트초기화(25150)|1|8|298
2021-05-13 16:49:51|||페트초기화(25150)|1|8|291
2021-05-13 20:30:55|||경험치 구슬(교불)(100508)|1|3|5
2021-05-13 20:30:59|||경험치 구슬(교불)(100508)|1|3|2
2021-05-13 21:44:38|||경험치 구슬(교불)(100508)|1|5|166
2021-05-13 21:44:40|||경험치 구슬(교불)(100508)|1|5|161
2021-05-13 23:25:27|ghrn|호규맨|맘모스쿠폰(40050)|1|4900|21200
2021-05-13 23:25:28|ghrn|호규맨|맘모스쿠폰(40050)|1|4900|16300
2021-05-13 23:25:29|ghrn|호규맨|맘모스쿠폰(40050)|1|4900|11400
2021-05-13 23:25:30|ghrn|호규맨|맘모스쿠폰(40050)|1|4900|6500
2021-05-13 23:25:32|ghrn|호규맨|맘모스쿠폰(40050)|1|4900|1600
2021-05-13 23:56:01|||갈푸스퀘 깃털(100130)|1|4|61
2021-05-13 23:56:08|||갈푸스퀘 깃털(100130)|1|4|75
