2021-03-30 00:06:24|||갈푸스의음식(100130)|1|4|235
2021-03-30 00:06:25|||얼성퀘시작(110001)|1|3|232
2021-03-30 00:09:12|||갈푸스의음식(100130)|1|4|175
2021-03-30 00:18:19|kk1212|노북이|VIP페트뽑기박스(40196)|1|7900|4643373
2021-03-30 00:18:20|kk1212|노북이|VIP페트뽑기박스(40196)|1|7900|4635473
2021-03-30 00:18:21|kk1212|노북이|VIP페트뽑기박스(40196)|1|7900|4627573
2021-03-30 00:18:22|kk1212|노북이|VIP페트뽑기박스(40196)|1|7900|4619673
2021-03-30 00:18:23|kk1212|노북이|VIP페트뽑기박스(40196)|1|7900|4611773
2021-03-30 00:18:31|||갈푸스퀘 깃털(100130)|1|4|171
2021-03-30 00:18:33|||얼성퀘 깃털(110001)|1|3|168
2021-03-30 00:20:27|||갈푸스퀘 깃털(100130)|1|4|228
2021-03-30 00:21:13|||얼성퀘 깃털(110001)|1|3|225
2021-03-30 00:22:05|kk1212|노북이|VIP페트뽑기박스(40196)|1|7900|4603873
2021-03-30 00:22:07|kk1212|노북이|VIP페트뽑기박스(40196)|1|7900|4595973
2021-03-30 00:22:28|kk1212|노북이|VIP페트뽑기박스(40196)|1|7900|4588073
2021-03-30 00:22:30|kk1212|노북이|VIP페트뽑기박스(40196)|1|7900|4580173
2021-03-30 00:22:31|kk1212|노북이|VIP페트뽑기박스(40196)|1|7900|4572273
2021-03-30 00:22:32|kk1212|노북이|VIP페트뽑기박스(40196)|1|7900|4564373
2021-03-30 00:29:16|janginsub|깡북이|VIP페트뽑기박스(40196)|1|7900|30036300
2021-03-30 00:35:57|janginsub|깡북이|VIP페트뽑기박스(40196)|1|7900|30028400
2021-03-30 00:37:56|janginsub|깡북이|거울의 목걸이(98000)|1|20000|30008400
2021-03-30 00:38:53|yy1212|연두|VIP페트뽑기박스(40196)|1|7900|205500
2021-03-30 00:38:54|yy1212|연두|VIP페트뽑기박스(40196)|1|7900|197600
2021-03-30 00:38:55|yy1212|연두|VIP페트뽑기박스(40196)|1|7900|189700
2021-03-30 00:38:57|yy1212|연두|VIP페트뽑기박스(40196)|1|7900|181800
2021-03-30 00:41:23|kyk9698|파랑|VIP페트뽑기박스(40196)|1|7900|410600
2021-03-30 00:42:11|kyk9698|파랑|VIP페트뽑기박스(40196)|1|7900|402700
2021-03-30 00:42:13|kyk9698|파랑|VIP페트뽑기박스(40196)|1|7900|394800
2021-03-30 00:42:14|kyk9698|파랑|VIP페트뽑기박스(40196)|1|7900|386900
2021-03-30 00:42:15|kyk9698|파랑|VIP페트뽑기박스(40196)|1|7900|379000
2021-03-30 00:42:33|kyk9698|파랑|VIP페트뽑기박스(40196)|1|7900|371100
2021-03-30 00:42:34|kyk9698|파랑|VIP페트뽑기박스(40196)|1|7900|363200
2021-03-30 00:42:35|kyk9698|파랑|VIP페트뽑기박스(40196)|1|7900|355300
2021-03-30 00:42:36|kyk9698|파랑|VIP페트뽑기박스(40196)|1|7900|347400
2021-03-30 00:43:40|yy1212|연두|Lv4페트 통조림(46018)|1|5000|176800
2021-03-30 00:49:25|homework13|오만의죄|VIP페트뽑기박스(40196)|1|7900|19900
2021-03-30 00:49:41|homework13|오만의죄|VIP페트뽑기박스(40196)|1|7900|12000
2021-03-30 00:50:47|||경험치 구슬(교불)(100508)|1|3|6
2021-03-30 00:52:53|||갈푸스퀘 깃털(100130)|1|4|105
2021-03-30 00:57:14|kk1212|노북이|빛의 목걸이(98001)|1|15000|4549373
2021-03-30 00:57:31|kyk9698|파랑|Lv4페트 통조림(46018)|1|5000|342400
2021-03-30 01:01:16|homework13|오만의죄|거울의 목걸이(98000)|1|20000|92000
2021-03-30 01:01:56|homework13|오만의죄|거울의 목걸이(98000)|1|20000|72000
2021-03-30 01:02:45|homework13|오만의죄|사자소년 상자(22118)|1|6900|65100
2021-03-30 01:02:47|homework13|오만의죄|사자소년 상자(22118)|1|6900|58200
2021-03-30 01:22:12|||갈푸스퀘 깃털(100130)|1|4|101
2021-03-30 01:30:35|||갈푸스퀘 깃털(100130)|1|4|26
2021-03-30 01:30:43|||갈푸스퀘 깃털(100130)|1|4|22
2021-03-30 01:30:44|||갈푸스퀘 깃털(100130)|1|4|18
2021-03-30 01:30:45|||갈푸스퀘 깃털(100130)|1|4|14
2021-03-30 01:30:54|||갈푸스퀘 깃털(100130)|1|4|26
2021-03-30 01:30:54|||갈푸스퀘 깃털(100130)|1|4|22
2021-03-30 01:30:56|||갈푸스퀘 깃털(100130)|1|4|18
2021-03-30 01:31:09|||갈푸스퀘 깃털(100130)|1|4|14
2021-03-30 01:47:51|||갈푸스퀘 깃털(100130)|1|4|10
2021-03-30 01:47:53|||갈푸스퀘 깃털(100130)|1|4|6
2021-03-30 01:47:54|||갈푸스퀘 깃털(100130)|1|4|2
2021-03-30 01:48:09|||갈푸스퀘 깃털(100130)|1|4|10
2021-03-30 01:48:11|||갈푸스퀘 깃털(100130)|1|4|6
2021-03-30 01:48:12|||갈푸스퀘 깃털(100130)|1|4|2
2021-03-30 03:02:50|||경험치 구슬(교불)(100508)|1|3|4
2021-03-30 03:02:53|||경험치 구슬(교불)(100508)|1|3|1
2021-03-30 03:02:57|||경험치 구슬(교불)(100508)|1|3|0
2021-03-30 03:07:59|ccs5656|추르|Lv4페트 통조림(46018)|1|5000|7800
2021-03-30 03:08:01|ccs5656|추르|Lv4페트 통조림(46018)|1|5000|2800
2021-03-30 07:43:23|comic200|공|VIP페트뽑기박스(40196)|1|7900|10300
2021-03-30 07:43:26|comic200|공|VIP페트뽑기박스(40196)|1|7900|2400
2021-03-30 07:51:00|qkrtkd259|EDEN|2환생의도끼(100104)|1|2000|3300
2021-03-30 07:51:02|qkrtkd259|EDEN|3환생의도끼(100105)|1|2500|800
2021-03-30 09:51:05|||경험치 구슬(교불)(100508)|1|5|3
2021-03-30 09:51:18|||경험치 구슬(교불)(100508)|1|5|2
2021-03-30 10:06:31|||갈푸스퀘 깃털(100130)|1|4|213
2021-03-30 10:10:15|||갈푸스퀘 깃털(100130)|1|4|22
2021-03-30 10:10:17|||갈푸스퀘 깃털(100130)|1|4|18
2021-03-30 10:10:23|||갈푸스퀘 깃털(100130)|1|4|22
2021-03-30 10:10:24|||갈푸스퀘 깃털(100130)|1|4|18
2021-03-30 10:17:17|||갈푸스퀘 깃털(100130)|1|4|14
2021-03-30 10:17:18|||갈푸스퀘 깃털(100130)|1|4|10
2021-03-30 10:17:19|||갈푸스퀘 깃털(100130)|1|4|6
2021-03-30 10:17:20|||갈푸스퀘 깃털(100130)|1|4|2
2021-03-30 10:17:25|||갈푸스퀘 깃털(100130)|1|4|14
2021-03-30 10:17:27|||갈푸스퀘 깃털(100130)|1|4|10
2021-03-30 10:17:28|||갈푸스퀘 깃털(100130)|1|4|6
2021-03-30 10:17:30|||갈푸스퀘 깃털(100130)|1|4|2
2021-03-30 11:49:54|homework13|오만의죄|진화열매(45009)|1|15000|43200
2021-03-30 11:49:56|homework13|오만의죄|진화열매(45009)|1|15000|28200
2021-03-30 11:52:37|homework13|오만의죄|페트초기화5개(25152)|1|4000|24200
2021-03-30 12:00:19|homework13|오만의죄|회복술 통조림(46021)|1|8000|16200
2021-03-30 12:00:32|homework13|오만의죄|무지개 통조림(46022)|1|8000|8200
2021-03-30 12:12:18|homework13|오만의죄|회복술 통조림(46021)|1|8000|50200
2021-03-30 12:12:19|homework13|오만의죄|무지개 통조림(46022)|1|8000|42200
2021-03-30 13:44:21|||갈푸스퀘 깃털(100130)|1|4|3
2021-03-30 13:44:30|||갈푸스퀘 깃털(100130)|1|4|4
2021-03-30 13:44:30|||갈푸스퀘 깃털(100130)|1|4|0
2021-03-30 13:45:12|||갈푸스퀘 깃털(100130)|1|4|103
2021-03-30 13:47:00|||갈푸스퀘 깃털(100130)|1|4|99
2021-03-30 14:21:39|comic200|공|거울의 목걸이(98000)|1|20000|82400
2021-03-30 14:22:22|comic200|공|VIP페트뽑기박스(40196)|1|7900|74500
2021-03-30 14:22:24|comic200|공|VIP페트뽑기박스(40196)|1|7900|66600
2021-03-30 14:25:05|comic200|공|VIP페트뽑기박스(40196)|1|7900|58700
2021-03-30 14:25:07|comic200|공|VIP페트뽑기박스(40196)|1|7900|50800
2021-03-30 14:30:50|||경험치 구슬(교불)(100508)|1|5|137
2021-03-30 14:30:52|||경험치 구슬(교불)(100508)|1|5|132
2021-03-30 14:30:53|||경험치 구슬(교불)(100508)|1|5|127
2021-03-30 14:30:54|||경험치 구슬(교불)(100508)|1|5|122
2021-03-30 14:30:55|||경험치 구슬(교불)(100508)|1|5|117
2021-03-30 14:30:56|||경험치 구슬(교불)(100508)|1|5|112
2021-03-30 14:30:57|||경험치 구슬(교불)(100508)|1|5|107
2021-03-30 14:30:58|||경험치 구슬(교불)(100508)|1|5|102
2021-03-30 14:31:00|||경험치 구슬(교불)(100508)|1|5|97
2021-03-30 14:31:20|||경험치 구슬(교불)(100508)|1|5|168
2021-03-30 14:31:21|||경험치 구슬(교불)(100508)|1|5|163
2021-03-30 14:31:22|||경험치 구슬(교불)(100508)|1|5|158
2021-03-30 14:31:24|||경험치 구슬(교불)(100508)|1|5|153
2021-03-30 14:31:25|||경험치 구슬(교불)(100508)|1|5|148
2021-03-30 14:31:26|||경험치 구슬(교불)(100508)|1|5|143
2021-03-30 14:31:27|||경험치 구슬(교불)(100508)|1|5|138
2021-03-30 14:31:28|||경험치 구슬(교불)(100508)|1|5|133
2021-03-30 14:31:29|||경험치 구슬(교불)(100508)|1|5|128
2021-03-30 14:31:31|||경험치 구슬(교불)(100508)|1|5|123
2021-03-30 15:38:51|qusrud11|여포왕|VIP페트뽑기박스(40196)|1|7900|4800
2021-03-30 16:19:06|kk1212|노북이|VIP페트뽑기박스(40196)|1|7900|4541473
2021-03-30 16:19:08|kk1212|노북이|VIP페트뽑기박스(40196)|1|7900|4533573
2021-03-30 16:19:10|kk1212|노북이|VIP페트뽑기박스(40196)|1|7900|4525673
2021-03-30 16:43:58|jis871125|루피|VIP페트뽑기박스(40196)|1|7900|3076600
2021-03-30 16:43:59|jis871125|루피|VIP페트뽑기박스(40196)|1|7900|3068700
2021-03-30 16:44:02|jis871125|루피|VIP페트뽑기박스(40196)|1|7900|3060800
2021-03-30 16:44:03|jis871125|루피|VIP페트뽑기박스(40196)|1|7900|3052900
2021-03-30 16:46:31|homework13|오만의죄|페트초기화(25150)|1|1000|41200
2021-03-30 16:47:06|homework13|오만의죄|무지개 통조림(46022)|1|8000|33200
2021-03-30 16:47:08|homework13|오만의죄|회복술 통조림(46021)|1|8000|25200
2021-03-30 16:48:33|jis871125|루피|VIP페트뽑기박스(40196)|1|7900|3045000
2021-03-30 16:48:36|jis871125|루피|VIP페트뽑기박스(40196)|1|7900|3037100
2021-03-30 16:48:37|jis871125|루피|VIP페트뽑기박스(40196)|1|7900|3029200
2021-03-30 16:49:25|axz0164|니니즈|(-1)|1|0|100
2021-03-30 16:55:51|ghghghgh1|온감|(-1)|1|0|0
2021-03-30 17:00:29|||얼성퀘 깃털(110001)|1|3|0
2021-03-30 17:00:34|||얼성퀘 깃털(110001)|1|3|0
2021-03-30 17:08:29|qusrud11|여포왕|Lv4페트 통조림(46018)|1|5000|199800
2021-03-30 17:08:31|qusrud11|여포왕|Lv4페트 통조림(46018)|1|5000|194800
2021-03-30 17:15:52|||경험치 구슬(교불)(100508)|1|3|35
2021-03-30 17:32:28|totorosa|와이|거울의 목걸이(98000)|1|20000|63100
2021-03-30 17:32:30|totorosa|와이|거울의 목걸이(98000)|1|20000|43100
2021-03-30 17:40:22|smn0302|차|진화열매(45009)|1|15000|40000
2021-03-30 17:43:48|||경험치 구슬(교불)(100508)|1|5|5
2021-03-30 17:43:49|||경험치 구슬(교불)(100508)|1|5|0
2021-03-30 17:44:05|||경험치 구슬(교불)(100508)|1|5|4
2021-03-30 17:45:24|lkl8611|돌북이|장인의강화(40054)|1|5000|140603
2021-03-30 17:45:32|lkl8611|돌북이|장인의강화(40054)|1|5000|135603
2021-03-30 17:45:59|smn0302|차|VIP페트뽑기박스(40196)|1|7900|32100
2021-03-30 17:49:58|smn0302|차|VIP페트뽑기박스(40196)|1|7900|24200
2021-03-30 17:52:06|smn0302|차|VIP페트뽑기박스(40196)|1|7900|16300
2021-03-30 17:52:41|smn0302|차|VIP페트뽑기박스(40196)|1|7900|8400
2021-03-30 18:22:12|||갈푸스퀘 깃털(100130)|1|4|2
2021-03-30 18:22:18|||갈푸스퀘 깃털(100130)|1|4|11
2021-03-30 18:22:20|||갈푸스퀘 깃털(100130)|1|4|7
2021-03-30 18:22:23|||갈푸스퀘 깃털(100130)|1|4|3
2021-03-30 18:22:52|||갈푸스퀘 깃털(100130)|1|4|16
2021-03-30 18:22:53|||갈푸스퀘 깃털(100130)|1|4|12
2021-03-30 18:22:55|||갈푸스퀘 깃털(100130)|1|4|8
2021-03-30 18:23:28|||갈푸스퀘 깃털(100130)|1|4|15
2021-03-30 18:23:30|||갈푸스퀘 깃털(100130)|1|4|11
2021-03-30 18:23:31|||갈푸스퀘 깃털(100130)|1|4|7
2021-03-30 18:23:45|||갈푸스퀘 깃털(100130)|1|4|36
2021-03-30 18:23:46|||갈푸스퀘 깃털(100130)|1|4|32
2021-03-30 18:23:48|||갈푸스퀘 깃털(100130)|1|4|28
2021-03-30 18:29:21|||경험치 구슬(교불)(100508)|1|3|28
2021-03-30 18:29:22|||경험치 구슬(교불)(100508)|1|3|25
2021-03-30 18:29:24|||경험치 구슬(교불)(100508)|1|3|22
2021-03-30 18:41:36|||경험치 구슬(교불)(100508)|1|3|6
2021-03-30 18:41:38|||경험치 구슬(교불)(100508)|1|3|3
2021-03-30 18:41:39|||경험치 구슬(교불)(100508)|1|3|0
2021-03-30 18:41:43|||경험치 구슬(교불)(100508)|1|3|6
2021-03-30 18:41:45|||경험치 구슬(교불)(100508)|1|3|3
2021-03-30 18:41:46|||경험치 구슬(교불)(100508)|1|3|0
2021-03-30 19:27:17|||경험치 구슬(교불)(100508)|1|5|0
2021-03-30 19:35:06|||갈푸스퀘 깃털(100130)|1|4|101
2021-03-30 19:41:13|||경험치 구슬(교불)(100508)|1|3|63
2021-03-30 20:13:57|||갈푸스퀘 깃털(100130)|1|4|98
2021-03-30 20:16:35|||갈푸스퀘 깃털(100130)|1|4|94
2021-03-30 20:20:04|||갈푸스퀘 깃털(100130)|1|4|90
2021-03-30 20:23:50|||갈푸스퀘 깃털(100130)|1|4|86
2021-03-30 20:26:36|||갈푸스퀘 깃털(100130)|1|4|82
2021-03-30 20:43:10|yy1212|연두|진화열매(45009)|1|15000|161800
2021-03-30 20:43:11|yy1212|연두|진화열매(45009)|1|15000|146800
2021-03-30 20:43:45|yy1212|연두|Lv4페트 통조림(46018)|1|5000|141800
2021-03-30 20:45:39|kyk9698|파랑|진화열매(45009)|1|15000|327400
2021-03-30 20:45:40|kyk9698|파랑|진화열매(45009)|1|15000|312400
2021-03-30 20:46:45|kyk9698|파랑|Lv4페트 통조림(46018)|1|5000|307400
2021-03-30 20:48:57|yy1212|연두|Lv4페트 통조림(46018)|1|5000|136800
2021-03-30 20:59:05|||페트초기화(25150)|1|8|0
2021-03-30 21:02:03|dn2734|대구|(-1)|1|0|0
2021-03-30 21:02:34|dn2734|대구|(-1)|1|0|0
2021-03-30 21:02:49|dn2734|대구|(-1)|1|0|0
2021-03-30 21:04:04|dn2734|대구|(-1)|1|0|0
2021-03-30 21:06:59|dn2734|대구|(-1)|1|0|0
2021-03-30 21:14:51|totorosa|와이|맘모스쿠폰(40050)|1|4900|38200
2021-03-30 21:14:53|totorosa|와이|맘모스쿠폰(40050)|1|4900|33300
2021-03-30 21:14:54|totorosa|와이|맘모스쿠폰(40050)|1|4900|28400
2021-03-30 21:14:55|totorosa|와이|맘모스쿠폰(40050)|1|4900|23500
2021-03-30 21:14:57|totorosa|와이|맘모스쿠폰(40050)|1|4900|18600
2021-03-30 21:14:58|totorosa|와이|맘모스쿠폰(40050)|1|4900|13700
2021-03-30 21:14:59|totorosa|와이|맘모스쿠폰(40050)|1|4900|8800
2021-03-30 21:17:12|totorosa|와이|맘모스쿠폰(40050)|1|4900|3900
2021-03-30 21:17:29|qusrud11|여포왕|거울의 목걸이(98000)|1|20000|174800
2021-03-30 21:18:23|||모가로스호리병(40160)|1|15|7
2021-03-30 21:38:54|||돌북이호리병(40153)|1|15|15
2021-03-30 21:40:43|||돌북이호리병(40153)|1|15|0
2021-03-30 21:41:14|wg9400|火|진화열매(45009)|1|15000|17400
2021-03-30 21:45:15|||페트초기화(25150)|1|8|0
2021-03-30 22:18:34|wg9400|火|VIP페트뽑기박스(40196)|1|7900|9500
2021-03-30 22:19:18|wg9400|火|VIP페트뽑기박스(40196)|1|7900|1600
2021-03-30 22:48:05|homework13|오만의죄|맘모스쿠폰(40050)|1|4900|20300
2021-03-30 22:48:08|homework13|오만의죄|맘모스쿠폰(40050)|1|4900|15400
2021-03-30 22:48:09|homework13|오만의죄|맘모스쿠폰(40050)|1|4900|10500
2021-03-30 22:48:11|homework13|오만의죄|맘모스쿠폰(40050)|1|4900|5600
2021-03-30 22:48:13|homework13|오만의죄|맘모스쿠폰(40050)|1|4900|700
2021-03-30 23:19:33|||돌북이호리병(40153)|1|15|0
2021-03-30 23:19:49|||돌북이호리병(40153)|1|15|2
2021-03-30 23:54:36|totorosa|와이|경험치 구슬(100507)|1|2000|1900
2021-03-30 23:54:42|totorosa|와이|레이드일반강화(40039)|1|1000|900
