2021-05-03 01:26:19|||경험치 구슬(교불)(100508)|1|3|3
2021-05-03 08:34:53|dlrmfdkdl123|JamManBo|1환생의도끼(100103)|1|1000|7000
2021-05-03 08:34:55|dlrmfdkdl123|JamManBo|2환생의도끼(100104)|1|2000|5000
2021-05-03 08:57:30|||경험치 구슬(교불)(100508)|1|3|4
2021-05-03 08:57:31|||경험치 구슬(교불)(100508)|1|3|1
2021-05-03 10:46:23|kimds1995|동수|진화열매(45009)|1|15000|18600
2021-05-03 10:46:25|kimds1995|동수|진화열매(45009)|1|15000|3600
2021-05-03 10:51:54|kimds1995|동수|페트초기화5개(25152)|1|4000|0
2021-05-03 11:10:42|kimds1995|동수|VIP POINT 100000＄(21117)|1|100000|65000
2021-05-03 11:10:44|kimds1995|동수|VIP POINT 50000＄(21116)|1|50000|15000
2021-05-03 11:18:08|kimds1995|동수|Lv4페트 통조림(46018)|1|5000|10000
2021-05-03 11:18:10|kimds1995|동수|Lv4페트 통조림(46018)|1|5000|5000
2021-05-03 11:23:54|kimds1995|동수|맘모스쿠폰(40050)|1|4900|100
2021-05-03 11:38:11|gktkddmssla|하이버|VIP POINT 100000＄(21117)|1|100000|63200
2021-05-03 11:38:15|gktkddmssla|하이버|VIP POINT 30000＄(21115)|1|30000|33200
2021-05-03 11:41:37|gktkddmssla|하이버|VIP POINT 10000＄(21114)|1|10000|23200
2021-05-03 14:35:42|ds0516|피맛|맘모스쿠폰(40050)|1|4900|49500
2021-05-03 14:35:43|ds0516|피맛|맘모스쿠폰(40050)|1|4900|44600
2021-05-03 14:35:44|ds0516|피맛|맘모스쿠폰(40050)|1|4900|39700
2021-05-03 14:35:46|ds0516|피맛|맘모스쿠폰(40050)|1|4900|34800
2021-05-03 14:35:48|ds0516|피맛|맘모스쿠폰(40050)|1|4900|29900
2021-05-03 14:35:50|ds0516|피맛|맘모스쿠폰(40050)|1|4900|25000
2021-05-03 14:35:51|ds0516|피맛|맘모스쿠폰(40050)|1|4900|20100
2021-05-03 14:35:53|ds0516|피맛|맘모스쿠폰(40050)|1|4900|15200
2021-05-03 14:36:00|ds0516|피맛|맘모스쿠폰(40050)|1|4900|10300
2021-05-03 14:36:01|ds0516|피맛|맘모스쿠폰(40050)|1|4900|5400
2021-05-03 14:36:03|ds0516|피맛|맘모스쿠폰(40050)|1|4900|500
2021-05-03 16:05:21|ds0516|피맛|맘모스쿠폰(40050)|1|4900|55600
2021-05-03 16:05:45|ds0516|피맛|맘모스쿠폰(40050)|1|4900|50700
2021-05-03 16:05:46|ds0516|피맛|맘모스쿠폰(40050)|1|4900|45800
2021-05-03 16:05:47|ds0516|피맛|맘모스쿠폰(40050)|1|4900|40900
2021-05-03 16:05:49|ds0516|피맛|맘모스쿠폰(40050)|1|4900|36000
2021-05-03 16:05:50|ds0516|피맛|맘모스쿠폰(40050)|1|4900|31100
2021-05-03 16:05:51|ds0516|피맛|맘모스쿠폰(40050)|1|4900|26200
2021-05-03 16:05:52|ds0516|피맛|맘모스쿠폰(40050)|1|4900|21300
2021-05-03 16:05:53|ds0516|피맛|맘모스쿠폰(40050)|1|4900|16400
2021-05-03 16:05:56|ds0516|피맛|맘모스쿠폰(40050)|1|4900|11500
2021-05-03 16:05:57|ds0516|피맛|맘모스쿠폰(40050)|1|4900|6600
2021-05-03 16:05:58|ds0516|피맛|맘모스쿠폰(40050)|1|4900|1700
2021-05-03 16:21:07|ds0516|피맛|맘모스쿠폰(40050)|1|4900|46800
2021-05-03 16:21:08|ds0516|피맛|맘모스쿠폰(40050)|1|4900|41900
2021-05-03 16:21:09|ds0516|피맛|맘모스쿠폰(40050)|1|4900|37000
2021-05-03 16:21:10|ds0516|피맛|맘모스쿠폰(40050)|1|4900|32100
2021-05-03 16:21:11|ds0516|피맛|맘모스쿠폰(40050)|1|4900|27200
2021-05-03 16:21:12|ds0516|피맛|맘모스쿠폰(40050)|1|4900|22300
2021-05-03 16:21:14|ds0516|피맛|맘모스쿠폰(40050)|1|4900|17400
2021-05-03 16:21:15|ds0516|피맛|맘모스쿠폰(40050)|1|4900|12500
2021-05-03 16:21:16|ds0516|피맛|맘모스쿠폰(40050)|1|4900|7600
2021-05-03 16:21:18|ds0516|피맛|맘모스쿠폰(40050)|1|4900|2700
2021-05-03 17:47:42|ccs56|츄르|VIP POINT 10000＄(21114)|1|10000|15300
2021-05-03 17:47:44|ccs56|츄르|VIP POINT 10000＄(21114)|1|10000|5300
2021-05-03 17:47:46|ccs56|츄르|VIP POINT 5000＄(21113)|1|5000|300
2021-05-03 17:48:57|ds0516|피맛|맘모스쿠폰(40050)|1|4900|22800
2021-05-03 17:48:58|ds0516|피맛|맘모스쿠폰(40050)|1|4900|17900
2021-05-03 17:48:59|ds0516|피맛|맘모스쿠폰(40050)|1|4900|13000
2021-05-03 17:49:01|ds0516|피맛|맘모스쿠폰(40050)|1|4900|8100
2021-05-03 17:49:02|ds0516|피맛|맘모스쿠폰(40050)|1|4900|3200
