2021-05-12 00:04:51|tndud5233|뚜야|황금자루(25151)|1|15000|2217100
2021-05-12 00:04:52|tndud5233|뚜야|황금자루(25151)|1|15000|2202100
2021-05-12 00:04:53|tndud5233|뚜야|황금자루(25151)|1|15000|2187100
2021-05-12 00:04:54|tndud5233|뚜야|황금자루(25151)|1|15000|2172100
2021-05-12 00:07:28|cjdwn3|TG|VIP POINT 100000＄(21117)|1|100000|26200
2021-05-12 00:07:32|cjdwn3|TG|VIP POINT 10000＄(21114)|1|10000|16200
2021-05-12 00:07:34|cjdwn3|TG|VIP POINT 10000＄(21114)|1|10000|6200
2021-05-12 00:14:51|ghrn|호규맨|거울의 목걸이(98000)|1|20000|1700
2021-05-12 00:18:05|cjdwn3|TG|VIP POINT 100000＄(21117)|1|100000|156200
2021-05-12 00:18:06|cjdwn3|TG|VIP POINT 100000＄(21117)|1|100000|56200
2021-05-12 00:21:43|tndud5233|뚜야|악몽의성세트(47004)|1|60000|2432100
2021-05-12 00:24:31|||경험치 구슬(교불)(100508)|1|5|0
2021-05-12 00:24:38|f0dg91|마왕|페트초기화(25150)|1|1000|31200
2021-05-12 00:24:39|f0dg91|마왕|페트초기화(25150)|1|1000|30200
2021-05-12 00:28:06|f0dg91|마왕|페트초기화(25150)|1|1000|29200
2021-05-12 00:28:07|f0dg91|마왕|페트초기화(25150)|1|1000|28200
2021-05-12 00:35:02|f0dg91|마왕|맘모스쿠폰(40050)|1|4900|23300
2021-05-12 00:35:04|f0dg91|마왕|맘모스쿠폰(40050)|1|4900|18400
2021-05-12 00:35:07|f0dg91|마왕|맘모스쿠폰(40050)|1|4900|13500
2021-05-12 00:36:42|f0dg91|마왕|맘모스쿠폰(40050)|1|4900|8600
2021-05-12 00:36:43|f0dg91|마왕|맘모스쿠폰(40050)|1|4900|3700
2021-05-12 01:58:28|f0dg91|마왕|경험치 구슬(100507)|1|2000|1700
2021-05-12 02:16:33|msy2010|이실장|VIP POINT 5000＄(21113)|1|5000|17000
2021-05-12 02:16:35|msy2010|이실장|VIP POINT 3000＄(21112)|1|3000|14000
2021-05-12 03:39:36|f0dg91|마왕|페트초기화(25150)|1|1000|700
2021-05-12 03:59:40|||경험치 구슬(교불)(100508)|1|3|1
2021-05-12 06:55:09|||경험치 구슬(교불)(100508)|1|3|0
2021-05-12 13:48:44|||30만스톤 수표(100033)|1|4|72
2021-05-12 13:49:03|||30만스톤 수표(100033)|1|4|68
2021-05-12 13:49:05|||30만스톤 수표(100033)|1|4|64
2021-05-12 13:49:07|||30만스톤 수표(100033)|1|4|60
2021-05-12 13:49:09|||30만스톤 수표(100033)|1|4|56
2021-05-12 13:49:11|||30만스톤 수표(100033)|1|4|52
2021-05-12 13:49:13|||30만스톤 수표(100033)|1|4|48
2021-05-12 13:49:15|||30만스톤 수표(100033)|1|4|44
2021-05-12 13:49:27|||30만스톤 수표(100033)|1|4|40
2021-05-12 13:49:30|||30만스톤 수표(100033)|1|4|36
2021-05-12 13:49:32|||30만스톤 수표(100033)|1|4|32
2021-05-12 13:49:34|||30만스톤 수표(100033)|1|4|28
2021-05-12 13:49:36|||30만스톤 수표(100033)|1|4|24
2021-05-12 13:52:02|||30만스톤 수표(100033)|1|4|83
2021-05-12 13:52:04|||30만스톤 수표(100033)|1|4|79
2021-05-12 13:52:05|||30만스톤 수표(100033)|1|4|75
2021-05-12 13:52:07|||30만스톤 수표(100033)|1|4|71
2021-05-12 13:52:09|||30만스톤 수표(100033)|1|4|67
2021-05-12 13:52:18|||30만스톤 수표(100033)|1|4|63
2021-05-12 13:52:21|||30만스톤 수표(100033)|1|4|59
2021-05-12 13:52:22|||30만스톤 수표(100033)|1|4|55
2021-05-12 13:52:24|||30만스톤 수표(100033)|1|4|51
2021-05-12 13:52:26|||30만스톤 수표(100033)|1|4|47
2021-05-12 13:52:28|||30만스톤 수표(100033)|1|4|43
2021-05-12 13:52:30|||30만스톤 수표(100033)|1|4|39
2021-05-12 13:58:38|||30만스톤 수표(100033)|1|4|20
2021-05-12 13:58:41|||30만스톤 수표(100033)|1|4|16
2021-05-12 13:58:42|||30만스톤 수표(100033)|1|4|12
2021-05-12 14:26:30|||모가로스호리병(40160)|1|15|62
2021-05-12 14:27:03|||모가로스호리병(40160)|1|15|41
2021-05-12 14:27:32|||블랙펄호리병(40154)|1|15|26
2021-05-12 14:27:58|||경험치 구슬(교불)(100508)|1|3|23
2021-05-12 14:28:00|||경험치 구슬(교불)(100508)|1|3|20
2021-05-12 14:28:02|||경험치 구슬(교불)(100508)|1|3|17
2021-05-12 14:28:04|||경험치 구슬(교불)(100508)|1|3|14
2021-05-12 14:28:12|||경험치 구슬(교불)(100508)|1|3|59
2021-05-12 14:28:14|||경험치 구슬(교불)(100508)|1|3|56
2021-05-12 14:28:16|||경험치 구슬(교불)(100508)|1|3|53
2021-05-12 14:28:17|||경험치 구슬(교불)(100508)|1|3|50
2021-05-12 14:28:21|||경험치 구슬(교불)(100508)|1|3|47
2021-05-12 14:28:23|||경험치 구슬(교불)(100508)|1|3|44
2021-05-12 14:28:25|||경험치 구슬(교불)(100508)|1|3|41
2021-05-12 14:28:56|||경험치 구슬(교불)(100508)|1|3|11
2021-05-12 14:28:57|||경험치 구슬(교불)(100508)|1|3|8
2021-05-12 14:28:59|||경험치 구슬(교불)(100508)|1|3|5
2021-05-12 14:29:00|||경험치 구슬(교불)(100508)|1|3|2
2021-05-12 15:59:11|||30만스톤 수표(100033)|1|4|36
2021-05-12 15:59:12|||30만스톤 수표(100033)|1|4|32
2021-05-12 15:59:14|||30만스톤 수표(100033)|1|4|28
2021-05-12 17:08:54|||경험치 구슬(교불)(100508)|1|3|5
2021-05-12 17:08:56|||경험치 구슬(교불)(100508)|1|3|2
2021-05-12 17:48:45|leesuhyun913|먹성|맘모스쿠폰(40050)|1|4900|1300
2021-05-12 18:45:47|||갈푸스퀘 깃털(100130)|1|4|123
2021-05-12 18:45:52|||갈푸스퀘 깃털(100130)|1|4|124
2021-05-12 18:51:47|||갈푸스퀘 깃털(100130)|1|4|119
2021-05-12 18:51:51|||갈푸스퀘 깃털(100130)|1|4|120
2021-05-12 18:54:22|||갈푸스퀘 깃털(100130)|1|4|116
2021-05-12 18:54:24|||갈푸스퀘 깃털(100130)|1|4|115
2021-05-12 18:58:31|||갈푸스퀘 깃털(100130)|1|4|112
2021-05-12 18:58:34|||갈푸스퀘 깃털(100130)|1|4|111
2021-05-12 19:10:39|msy2010|이실장|진화열매(45009)|1|15000|0
2021-05-12 19:41:37|||갈푸스퀘 깃털(100130)|1|4|78
2021-05-12 19:41:38|||갈푸스퀘 깃털(100130)|1|4|74
2021-05-12 19:41:39|||갈푸스퀘 깃털(100130)|1|4|70
2021-05-12 19:41:44|||갈푸스퀘 깃털(100130)|1|4|146
2021-05-12 19:41:45|||갈푸스퀘 깃털(100130)|1|4|142
2021-05-12 19:41:46|||갈푸스퀘 깃털(100130)|1|4|138
2021-05-12 20:55:19|||경험치 구슬(교불)(100508)|1|5|6
2021-05-12 20:55:24|||경험치 구슬(교불)(100508)|1|5|1
2021-05-12 20:56:17|||경험치 구슬(교불)(100508)|1|5|0
2021-05-12 20:57:38|||이구로스호리병(40161)|1|15|36
2021-05-12 20:57:39|||이구로스호리병(40161)|1|15|21
2021-05-12 21:02:51|||경험치 구슬(교불)(100508)|1|5|7
2021-05-12 21:02:57|||경험치 구슬(교불)(100508)|1|5|2
2021-05-12 21:12:06|||모가로스호리병(40160)|1|15|3
2021-05-12 21:43:23|||경험치 구슬(교불)(100508)|1|5|526
2021-05-12 21:43:24|||경험치 구슬(교불)(100508)|1|5|521
2021-05-12 21:43:26|||경험치 구슬(교불)(100508)|1|5|516
2021-05-12 21:43:30|||경험치 구슬(교불)(100508)|1|5|511
2021-05-12 21:59:35|||경험치 구슬(교불)(100508)|1|5|527
2021-05-12 21:59:36|||경험치 구슬(교불)(100508)|1|5|522
2021-05-12 21:59:38|||경험치 구슬(교불)(100508)|1|5|517
2021-05-12 21:59:39|||경험치 구슬(교불)(100508)|1|5|512
2021-05-12 22:56:49|cjdwn3|TG|VIP POINT 10000＄(21114)|1|10000|46200
2021-05-12 22:57:25|cjdwn4|티지|2환생의도끼(100104)|1|2000|8000
2021-05-12 22:57:31|cjdwn3|TG|2환생의도끼(100104)|1|2000|44200
2021-05-12 23:49:50|kimds1995|동수|진화열매(45009)|1|15000|23100
