2021-03-23 00:01:59|||경험치 구슬(교불)(100508)|1|3|0
2021-03-23 00:02:15|||경험치 구슬(교불)(100508)|1|3|0
2021-03-23 00:14:14|rkdlekwl|불꽃남자|맘모스쿠폰(40050)|1|4900|15100
2021-03-23 00:14:16|rkdlekwl|불꽃남자|맘모스쿠폰(40050)|1|4900|10200
2021-03-23 00:14:17|rkdlekwl|불꽃남자|맘모스쿠폰(40050)|1|4900|5300
2021-03-23 00:14:18|rkdlekwl|불꽃남자|맘모스쿠폰(40050)|1|4900|400
2021-03-23 00:33:27|janginsub|깡북이|1환생의도끼(100103)|1|1000|298600
2021-03-23 00:33:30|janginsub|깡북이|2환생의도끼(100104)|1|2000|296600
2021-03-23 00:33:32|janginsub|깡북이|3환생의도끼(100105)|1|2500|294100
2021-03-23 00:33:33|janginsub|깡북이|4환생의도끼(100106)|1|3000|291100
2021-03-23 00:33:36|janginsub|깡북이|5환생의도끼(100107)|1|4000|287100
2021-03-23 00:45:16|||경험치 구슬(교불)(100508)|1|3|42
2021-03-23 00:45:18|||경험치 구슬(교불)(100508)|1|3|39
2021-03-23 00:45:19|||경험치 구슬(교불)(100508)|1|3|36
2021-03-23 00:45:20|||경험치 구슬(교불)(100508)|1|3|33
2021-03-23 00:45:22|||경험치 구슬(교불)(100508)|1|3|30
2021-03-23 00:45:23|||경험치 구슬(교불)(100508)|1|3|27
2021-03-23 00:49:45|||경험치 구슬(교불)(100508)|1|3|48
2021-03-23 00:49:47|||경험치 구슬(교불)(100508)|1|3|45
2021-03-23 00:49:49|||경험치 구슬(교불)(100508)|1|3|42
2021-03-23 00:49:50|||경험치 구슬(교불)(100508)|1|3|39
2021-03-23 00:49:52|||경험치 구슬(교불)(100508)|1|3|36
2021-03-23 00:49:54|||경험치 구슬(교불)(100508)|1|3|33
2021-03-23 01:01:27|to2532|리바이|1환생의도끼(100103)|1|1000|132700
2021-03-23 02:35:30|to2532|리바이|레이드일반강화(40039)|1|1000|131700
2021-03-23 02:35:32|to2532|리바이|레이드일반강화(40039)|1|1000|130700
2021-03-23 02:35:33|to2532|리바이|레이드일반강화(40039)|1|1000|129700
2021-03-23 02:35:35|to2532|리바이|레이드일반강화(40039)|1|1000|128700
2021-03-23 02:35:36|to2532|리바이|레이드일반강화(40039)|1|1000|127700
2021-03-23 02:35:38|to2532|리바이|레이드일반강화(40039)|1|1000|126700
2021-03-23 02:35:39|to2532|리바이|레이드일반강화(40039)|1|1000|125700
2021-03-23 02:35:40|to2532|리바이|레이드일반강화(40039)|1|1000|124700
2021-03-23 02:35:41|to2532|리바이|레이드일반강화(40039)|1|1000|123700
2021-03-23 02:35:43|to2532|리바이|레이드일반강화(40039)|1|1000|122700
2021-03-23 02:35:45|to2532|리바이|레이드일반강화(40039)|1|1000|121700
2021-03-23 02:35:47|to2532|리바이|레이드일반강화(40039)|1|1000|120700
2021-03-23 02:56:34|||경험치 구슬(교불)(100508)|1|5|5
2021-03-23 02:56:36|||경험치 구슬(교불)(100508)|1|5|0
2021-03-23 02:56:44|||경험치 구슬(교불)(100508)|1|5|5
2021-03-23 02:56:45|||경험치 구슬(교불)(100508)|1|5|0
2021-03-23 12:57:42|||경험치 구슬(교불)(100508)|1|5|205
2021-03-23 12:57:43|||경험치 구슬(교불)(100508)|1|5|200
2021-03-23 12:57:45|||경험치 구슬(교불)(100508)|1|5|195
2021-03-23 12:57:46|||경험치 구슬(교불)(100508)|1|5|190
2021-03-23 12:57:48|||경험치 구슬(교불)(100508)|1|5|185
2021-03-23 12:57:53|||경험치 구슬(교불)(100508)|1|5|141
2021-03-23 12:57:54|||경험치 구슬(교불)(100508)|1|5|136
2021-03-23 12:57:55|||경험치 구슬(교불)(100508)|1|5|131
2021-03-23 12:57:56|||경험치 구슬(교불)(100508)|1|5|126
2021-03-23 12:57:58|||경험치 구슬(교불)(100508)|1|5|121
2021-03-23 17:18:15|kby6325|오르곤|Lv4페트 통조림(46018)|1|5000|2000
2021-03-23 17:44:06|||페트초기화(25150)|1|8|9
2021-03-23 17:44:08|||페트초기화(25150)|1|8|1
2021-03-23 17:44:13|||페트초기화(25150)|1|8|8
2021-03-23 17:44:14|||페트초기화(25150)|1|8|0
2021-03-23 17:47:51|||경험치 구슬(교불)(100508)|1|5|116
2021-03-23 17:47:53|||경험치 구슬(교불)(100508)|1|5|111
2021-03-23 17:47:57|||경험치 구슬(교불)(100508)|1|5|106
2021-03-23 18:04:04|||경험치 구슬(교불)(100508)|1|5|333
2021-03-23 18:04:06|||경험치 구슬(교불)(100508)|1|5|328
2021-03-23 18:04:08|||경험치 구슬(교불)(100508)|1|5|323
2021-03-23 18:04:09|||경험치 구슬(교불)(100508)|1|5|318
2021-03-23 18:04:10|||경험치 구슬(교불)(100508)|1|5|313
2021-03-23 18:04:11|||경험치 구슬(교불)(100508)|1|5|308
2021-03-23 18:04:12|||경험치 구슬(교불)(100508)|1|5|303
2021-03-23 18:04:14|||경험치 구슬(교불)(100508)|1|5|298
2021-03-23 18:04:15|||경험치 구슬(교불)(100508)|1|5|293
2021-03-23 18:04:16|||경험치 구슬(교불)(100508)|1|5|288
2021-03-23 18:04:17|||경험치 구슬(교불)(100508)|1|5|283
2021-03-23 18:06:44|||경험치 구슬(교불)(100508)|1|3|22
2021-03-23 18:06:46|||경험치 구슬(교불)(100508)|1|3|19
2021-03-23 18:06:48|||경험치 구슬(교불)(100508)|1|3|16
2021-03-23 19:30:41|||30만스톤 수표(100033)|1|4|9
2021-03-23 19:30:44|||30만스톤 수표(100033)|1|4|5
2021-03-23 19:30:45|||30만스톤 수표(100033)|1|4|1
2021-03-23 19:36:59|||경험치 구슬(교불)(100508)|1|3|6
2021-03-23 19:37:00|||경험치 구슬(교불)(100508)|1|3|3
2021-03-23 19:37:02|||경험치 구슬(교불)(100508)|1|3|0
2021-03-23 19:37:18|||경험치 구슬(교불)(100508)|1|3|7
2021-03-23 19:37:19|||경험치 구슬(교불)(100508)|1|3|4
2021-03-23 19:37:21|||경험치 구슬(교불)(100508)|1|3|1
2021-03-23 19:38:26|||경험치 구슬(교불)(100508)|1|3|10
2021-03-23 19:38:36|||경험치 구슬(교불)(100508)|1|3|7
2021-03-23 19:38:39|||30만스톤 수표(100033)|1|4|3
2021-03-23 19:38:41|||경험치 구슬(교불)(100508)|1|3|0
2021-03-23 19:39:38|||경험치 구슬(교불)(100508)|1|3|14
2021-03-23 19:39:40|||경험치 구슬(교불)(100508)|1|3|11
2021-03-23 19:39:41|||경험치 구슬(교불)(100508)|1|3|8
2021-03-23 19:39:43|||경험치 구슬(교불)(100508)|1|3|5
2021-03-23 19:39:44|||경험치 구슬(교불)(100508)|1|3|2
2021-03-23 19:41:02|||경험치 구슬(교불)(100508)|1|3|23
2021-03-23 19:41:04|||경험치 구슬(교불)(100508)|1|3|20
2021-03-23 19:41:05|||경험치 구슬(교불)(100508)|1|3|17
2021-03-23 19:41:07|||경험치 구슬(교불)(100508)|1|3|14
2021-03-23 21:42:44|to2532|리바이|Lv4페트 통조림(46018)|1|5000|115700
2021-03-23 21:42:46|to2532|리바이|Lv4페트 통조림(46018)|1|5000|110700
2021-03-23 21:42:48|to2532|리바이|Lv4페트 통조림(46018)|1|5000|105700
2021-03-23 21:49:36|||경험치 구슬(교불)(100508)|1|5|103
2021-03-23 21:49:37|||경험치 구슬(교불)(100508)|1|5|98
2021-03-23 21:53:22|||하드기성클리어상자(40161)|1|15|25
2021-03-23 21:53:24|||하드기성클리어상자(40161)|1|15|10
2021-03-23 21:55:13|||하드기성클리어상자(40161)|1|15|25
2021-03-23 21:55:16|||하드기성클리어상자(40161)|1|15|10
2021-03-23 22:02:14|jinsung0305|부처|진화열매(45009)|1|15000|30000
2021-03-23 22:03:06|jinsung0305|부처|진화열매(45009)|1|15000|15000
2021-03-23 22:26:28|jinsung0305|부처|진화열매(45009)|1|15000|0
2021-03-23 22:30:59|to2532|리바이|Lv4페트 통조림(46018)|1|5000|100700
2021-03-23 22:38:01|to2532|리바이|Lv4페트 통조림(46018)|1|5000|95700
2021-03-23 22:38:04|to2532|리바이|Lv4페트 통조림(46018)|1|5000|90700
2021-03-23 23:09:36|||경험치 구슬(교불)(100508)|1|5|0
2021-03-23 23:09:39|||경험치 구슬(교불)(100508)|1|5|0
2021-03-23 23:10:27|||경험치 구슬(교불)(100508)|1|3|9
2021-03-23 23:14:41|||경험치 구슬(교불)(100508)|1|5|182
2021-03-23 23:14:42|||경험치 구슬(교불)(100508)|1|5|177
2021-03-23 23:14:43|||경험치 구슬(교불)(100508)|1|5|172
2021-03-23 23:14:45|||경험치 구슬(교불)(100508)|1|5|167
2021-03-23 23:14:46|||경험치 구슬(교불)(100508)|1|5|162
2021-03-23 23:15:30|||경험치 구슬(교불)(100508)|1|5|95
2021-03-23 23:15:31|||경험치 구슬(교불)(100508)|1|5|90
2021-03-23 23:15:32|||경험치 구슬(교불)(100508)|1|5|85
