2021-03-14 00:41:05|destop123|짱구|페트초기화(25150)|1|1000|0
2021-03-14 01:38:48|lkl8611|돌북이|툰가 상자(22122)|1|4900|190303
2021-03-14 04:01:20|kby6328|노르곤2|일반강화(40039)|1|1000|21200
2021-03-14 04:01:22|kby6328|노르곤2|일반강화(40039)|1|1000|20200
2021-03-14 04:01:23|kby6328|노르곤2|일반강화(40039)|1|1000|19200
2021-03-14 04:01:25|kby6328|노르곤2|일반강화(40039)|1|1000|18200
2021-03-14 04:02:31|kby6328|노르곤2|일반강화(40039)|1|1000|17200
2021-03-14 04:02:32|kby6328|노르곤2|일반강화(40039)|1|1000|16200
2021-03-14 04:02:33|kby6328|노르곤2|일반강화(40039)|1|1000|15200
2021-03-14 04:02:36|kby6328|노르곤2|일반강화(40039)|1|1000|14200
2021-03-14 04:03:09|kby6328|노르곤2|일반강화(40039)|1|1000|13200
2021-03-14 04:03:11|kby6328|노르곤2|일반강화(40039)|1|1000|12200
2021-03-14 04:03:13|kby6328|노르곤2|일반강화(40039)|1|1000|11200
2021-03-14 04:33:52|destop123|짱구|100만스톤 수표(100041)|1|1000|9000
2021-03-14 05:05:49|destop123|짱구|일반강화(40039)|1|1000|8000
2021-03-14 05:06:36|destop123|짱구|일반강화(40039)|1|1000|7000
2021-03-14 08:36:52|cm900|유혹|Lv4페트 통조림(46018)|1|5000|44800
2021-03-14 09:12:53|kokopp345|나바리|(-1)|1|0|30700
2021-03-14 09:13:21|kokopp345|나바리|(-1)|1|0|30700
2021-03-14 09:13:39|kokopp345|나바리|(-1)|1|0|30700
2021-03-14 10:36:07|cm900|유혹|청룡호리병(40118)|1|6900|37900
2021-03-14 10:40:33|cm900|유혹|청룡호리병(40118)|1|6900|31000
2021-03-14 10:54:58|cm900|유혹|일반강화(40039)|1|1000|30000
2021-03-14 11:15:25|jis8711255|핸콕|500만스톤 수표(100045)|1|4000|302300
2021-03-14 11:18:19|jis871125|루피|7환생의도끼(100109)|1|8000|1615400
2021-03-14 11:18:27|jis8711255|핸콕|3환생의도끼(100105)|1|2500|299800
2021-03-14 11:21:23|jis871125|루피|경험치 구슬(100507)|1|2000|1613400
2021-03-14 11:21:24|jis871125|루피|경험치 구슬(100507)|1|2000|1611400
2021-03-14 11:21:26|jis871125|루피|경험치 구슬(100507)|1|2000|1609400
2021-03-14 11:21:28|jis871125|루피|경험치 구슬(100507)|1|2000|1607400
2021-03-14 11:21:30|jis871125|루피|경험치 구슬(100507)|1|2000|1605400
2021-03-14 11:22:04|jis8711255|핸콕|경험치 구슬(100507)|1|2000|297800
2021-03-14 11:22:05|jis8711255|핸콕|경험치 구슬(100507)|1|2000|295800
2021-03-14 11:22:06|jis8711255|핸콕|경험치 구슬(100507)|1|2000|293800
2021-03-14 11:22:07|jis8711255|핸콕|경험치 구슬(100507)|1|2000|291800
2021-03-14 11:22:10|jis8711255|핸콕|경험치 구슬(100507)|1|2000|289800
2021-03-14 11:23:39|jis8711255|핸콕|디어룬호리병(40140)|1|6900|1282900
2021-03-14 11:58:17|cm900|유혹|Lv4페트 통조림(46018)|1|5000|25000
2021-03-14 12:19:14|cm900|유혹|일반강화(40039)|1|1000|24000
2021-03-14 12:19:16|cm900|유혹|일반강화(40039)|1|1000|23000
2021-03-14 12:19:18|cm900|유혹|일반강화(40039)|1|1000|22000
2021-03-14 12:19:19|cm900|유혹|일반강화(40039)|1|1000|21000
2021-03-14 12:19:20|cm900|유혹|일반강화(40039)|1|1000|20000
2021-03-14 13:31:52|jis871125|루피|Lv4페트 통조림(46018)|1|5000|1600400
2021-03-14 13:37:22|jis8711255|핸콕|4환생의도끼(100106)|1|3000|1279900
2021-03-14 13:42:10|hihoce|마루|(-1)|1|0|0
2021-03-14 15:14:09|kby6328|노르곤2|3환생의도끼(100105)|1|2500|8700
2021-03-14 15:14:17|kby6325|오르곤|3환생의도끼(100105)|1|2500|19700
2021-03-14 15:14:44|kby6325|오르곤|100만스톤 수표(100041)|1|1000|18700
2021-03-14 15:22:48|kokopp345|나바리|Lv4페트 통조림(46018)|1|5000|25700
2021-03-14 15:22:50|kokopp345|나바리|Lv4페트 통조림(46018)|1|5000|20700
2021-03-14 15:49:49|jis8711255|핸콕|5환생의도끼(100107)|1|4000|1275900
2021-03-14 16:40:31|destop123|짱구|일반강화(40039)|1|1000|6000
2021-03-14 16:40:56|destop123|짱구|일반강화(40039)|1|1000|5000
2021-03-14 16:40:57|destop123|짱구|일반강화(40039)|1|1000|4000
2021-03-14 16:40:58|destop123|짱구|일반강화(40039)|1|1000|3000
2021-03-14 16:41:28|destop123|짱구|일반강화(40039)|1|1000|2000
2021-03-14 16:41:29|destop123|짱구|일반강화(40039)|1|1000|1000
2021-03-14 16:41:32|destop123|짱구|일반강화(40039)|1|1000|0
2021-03-14 17:19:13|jju4585|달|(-1)|1|0|200
2021-03-14 17:19:32|jju4585|달|(-1)|1|0|200
2021-03-14 22:23:58|jis8711255|핸콕|경험치 구슬(100507)|1|2000|1273900
2021-03-14 22:24:00|jis8711255|핸콕|경험치 구슬(100507)|1|2000|1271900
2021-03-14 22:24:02|jis8711255|핸콕|경험치 구슬(100507)|1|2000|1269900
2021-03-14 22:52:05|comic300|격|(-1)|1|0|0
