2021-05-01 01:23:38|||경험치 구슬(교불)(100508)|1|3|1
2021-05-01 02:07:56|||경험치 구슬(교불)(100508)|1|5|46
2021-05-01 02:07:57|||경험치 구슬(교불)(100508)|1|5|41
2021-05-01 02:07:58|||경험치 구슬(교불)(100508)|1|5|36
2021-05-01 02:07:59|||경험치 구슬(교불)(100508)|1|5|31
2021-05-01 02:08:01|||경험치 구슬(교불)(100508)|1|5|26
2021-05-01 02:08:02|||경험치 구슬(교불)(100508)|1|5|21
2021-05-01 02:08:11|||경험치 구슬(교불)(100508)|1|5|16
2021-05-01 04:53:59|||경험치 구슬(교불)(100508)|1|3|0
2021-05-01 14:46:09|||경험치 구슬(교불)(100508)|1|5|11
2021-05-01 14:46:10|||경험치 구슬(교불)(100508)|1|5|6
2021-05-01 14:46:11|||경험치 구슬(교불)(100508)|1|5|1
2021-05-01 15:49:28|||경험치 구슬(교불)(100508)|1|5|597
2021-05-01 15:49:30|||경험치 구슬(교불)(100508)|1|5|592
2021-05-01 15:49:34|||경험치 구슬(교불)(100508)|1|5|587
2021-05-01 18:43:32|||경험치 구슬(교불)(100508)|1|5|86
2021-05-01 18:43:33|||경험치 구슬(교불)(100508)|1|5|81
2021-05-01 18:43:34|||경험치 구슬(교불)(100508)|1|5|76
2021-05-01 18:43:35|||경험치 구슬(교불)(100508)|1|5|71
2021-05-01 18:43:36|||경험치 구슬(교불)(100508)|1|5|66
2021-05-01 18:43:37|||경험치 구슬(교불)(100508)|1|5|61
2021-05-01 19:16:31|||경험치 구슬(교불)(100508)|1|3|4
2021-05-01 19:16:33|||경험치 구슬(교불)(100508)|1|3|1
2021-05-01 20:44:53|||갈푸스퀘 깃털(100130)|1|4|28
2021-05-01 20:45:02|||갈푸스퀘 깃털(100130)|1|4|27
2021-05-01 20:48:50|||갈푸스퀘 깃털(100130)|1|4|24
2021-05-01 20:48:57|||갈푸스퀘 깃털(100130)|1|4|24
2021-05-01 20:54:08|||갈푸스퀘 깃털(100130)|1|4|20
2021-05-01 20:54:14|||갈푸스퀘 깃털(100130)|1|4|20
2021-05-01 22:20:02|||경험치 구슬(교불)(100508)|1|3|30
2021-05-01 22:20:05|||경험치 구슬(교불)(100508)|1|3|27
2021-05-01 22:20:07|||경험치 구슬(교불)(100508)|1|3|24
2021-05-01 22:20:11|||경험치 구슬(교불)(100508)|1|3|21
2021-05-01 22:29:07|kimds1995|동수|카오스SD박스(57700)|1|9900|40100
2021-05-01 22:29:57|kimds1995|동수|카오스SD박스(57700)|1|9900|30200
2021-05-01 22:32:09|kimds1995|동수|맘모스쿠폰(40050)|1|4900|25300
2021-05-01 22:32:11|kimds1995|동수|맘모스쿠폰(40050)|1|4900|20400
2021-05-01 22:35:30|kimds1995|동수|거울의 목걸이(98000)|1|20000|400
2021-05-01 23:55:23|||갈푸스퀘 깃털(100130)|1|4|58
2021-05-01 23:55:25|||갈푸스퀘 깃털(100130)|1|4|54
2021-05-01 23:55:32|||갈푸스퀘 깃털(100130)|1|4|24
2021-05-01 23:55:36|||갈푸스퀘 깃털(100130)|1|4|29
2021-05-01 23:55:54|||갈푸스퀘 깃털(100130)|1|4|20
2021-05-01 23:55:54|||갈푸스퀘 깃털(100130)|1|4|17
2021-05-01 23:55:57|||갈푸스퀘 깃털(100130)|1|4|13
2021-05-01 23:55:57|||갈푸스퀘 깃털(100130)|1|4|25
