2021-04-13 00:12:21|||모가로스호리병(40160)|1|15|9
2021-04-13 03:22:32|||경험치 구슬(교불)(100508)|1|3|23
2021-04-13 03:22:37|||경험치 구슬(교불)(100508)|1|3|35
2021-04-13 09:33:44|||경험치 구슬(교불)(100508)|1|5|10
2021-04-13 09:33:46|||경험치 구슬(교불)(100508)|1|5|5
2021-04-13 09:33:47|||경험치 구슬(교불)(100508)|1|5|0
2021-04-13 11:21:35|||경험치 구슬(교불)(100508)|1|3|35
2021-04-13 12:12:46|||경험치 구슬(교불)(100508)|1|5|124
2021-04-13 12:12:48|||경험치 구슬(교불)(100508)|1|5|119
2021-04-13 12:12:49|||경험치 구슬(교불)(100508)|1|5|114
2021-04-13 12:12:50|||경험치 구슬(교불)(100508)|1|5|109
2021-04-13 12:12:52|||경험치 구슬(교불)(100508)|1|5|104
2021-04-13 12:12:54|||경험치 구슬(교불)(100508)|1|5|99
2021-04-13 12:12:57|||경험치 구슬(교불)(100508)|1|5|94
2021-04-13 12:12:59|||경험치 구슬(교불)(100508)|1|5|89
2021-04-13 12:13:05|||경험치 구슬(교불)(100508)|1|5|84
2021-04-13 12:13:07|||경험치 구슬(교불)(100508)|1|5|79
2021-04-13 12:13:18|||경험치 구슬(교불)(100508)|1|5|91
2021-04-13 12:13:20|||경험치 구슬(교불)(100508)|1|5|86
2021-04-13 12:13:21|||경험치 구슬(교불)(100508)|1|5|81
2021-04-13 12:13:23|||경험치 구슬(교불)(100508)|1|5|76
2021-04-13 12:13:24|||경험치 구슬(교불)(100508)|1|5|71
2021-04-13 12:13:26|||경험치 구슬(교불)(100508)|1|5|66
2021-04-13 12:13:28|||경험치 구슬(교불)(100508)|1|5|61
2021-04-13 12:13:30|||경험치 구슬(교불)(100508)|1|5|56
2021-04-13 12:13:31|||경험치 구슬(교불)(100508)|1|5|51
2021-04-13 12:13:33|||경험치 구슬(교불)(100508)|1|5|46
2021-04-13 14:38:15|||갈푸스퀘 깃털(100130)|1|4|42
2021-04-13 14:38:20|||갈푸스퀘 깃털(100130)|1|4|49
2021-04-13 18:33:07|dkdldh3|어둠|(-1)|1|0|0
2021-04-13 18:47:13|||30만스톤 수표(100033)|1|4|2
2021-04-13 19:53:29|dkdldh33|일랜|VIP페트뽑기박스(40196)|1|7900|32100
2021-04-13 19:53:31|dkdldh33|일랜|VIP페트뽑기박스(40196)|1|7900|24200
2021-04-13 19:54:15|dkdldh33|일랜|VIP페트뽑기박스(40196)|1|7900|16300
2021-04-13 20:00:15|dkdldh33|일랜|맘모스쿠폰(40050)|1|4900|11400
2021-04-13 20:00:19|dkdldh33|일랜|맘모스쿠폰(40050)|1|4900|6500
2021-04-13 20:00:22|dkdldh33|일랜|맘모스쿠폰(40050)|1|4900|1600
2021-04-13 21:24:26|jinsung0305|부처|VIP POINT 3000＄(21112)|1|3000|0
2021-04-13 22:10:47|||페트초기화(25150)|1|8|61
2021-04-13 23:05:30|||경험치 구슬(교불)(100508)|1|3|1
2021-04-13 23:05:45|||경험치 구슬(교불)(100508)|1|3|1
2021-04-13 23:36:49|||갈푸스퀘 깃털(100130)|1|4|52
2021-04-13 23:36:56|||갈푸스퀘 깃털(100130)|1|4|52
2021-04-13 23:41:55|||갈푸스퀘 깃털(100130)|1|4|48
2021-04-13 23:41:57|||갈푸스퀘 깃털(100130)|1|4|44
2021-04-13 23:42:02|||갈푸스퀘 깃털(100130)|1|4|48
2021-04-13 23:42:04|||갈푸스퀘 깃털(100130)|1|4|44
2021-04-13 23:47:57|||갈푸스퀘 깃털(100130)|1|4|40
2021-04-13 23:48:00|||갈푸스퀘 깃털(100130)|1|4|36
2021-04-13 23:48:07|||갈푸스퀘 깃털(100130)|1|4|40
2021-04-13 23:48:10|||갈푸스퀘 깃털(100130)|1|4|36
