GM: ooo11	test	warp 9000 10 10	(9001,24,18)	 (2021-1-9 4:49:1) 
GM: ooo11	test	skywalker	(9000,10,9)	 (2021-1-9 4:49:16) 
GM: ooo11	test	skywalker on	(9000,10,8)	 (2021-1-9 4:49:30) 
GM: server down(2021-1-9 5:1:13) 
GM: ooo11	test	itemreload all	(9000,5,5)	 (2021-1-9 5:4:0) 
GM: ooo11	test	additem 27004	(9000,5,5)	 (2021-1-9 5:4:5) 
GM: ooo11	test	additem 27005	(9000,6,6)	 (2021-1-9 5:4:15) 
GM: ooo11	test	warp 100 500 500	(9000,6,6)	 (2021-1-9 5:4:21) 
GM: ooo11	test	additem 27005	(100,500,500)	 (2021-1-9 5:4:30) 
GM: server down(2021-1-9 5:6:21) 
GM: ooo11	test	additem 27005	(100,500,500)	 (2021-1-9 5:7:10) 
GM: ooo11	test	additem 27004	(100,501,498)	 (2021-1-9 5:7:50) 
GM: server down(2021-1-9 5:27:2) 
GM: server down(2021-1-9 5:29:29) 
GM: server down(2021-1-9 5:31:2) 
GM: ooo11	test	itemreload all	(100,505,487)	 (2021-1-9 5:32:29) 
GM: ooo11	test	additem 27004	(100,505,487)	 (2021-1-9 5:32:35) 
GM: ooo11	test	additem 27005	(100,505,487)	 (2021-1-9 5:32:36) 
GM: ooo11	test	itemreload all	(100,505,487)	 (2021-1-9 5:32:59) 
GM: ooo11	test	additem 27004	(100,505,487)	 (2021-1-9 5:33:1) 
GM: ooo11	test	itemreload all	(100,505,487)	 (2021-1-9 5:33:41) 
GM: ooo11	test	additem 27004	(100,505,487)	 (2021-1-9 5:33:43) 
GM: ooo11	test	additem 27005	(100,505,487)	 (2021-1-9 5:33:44) 
GM: server down(2021-1-9 5:34:46) 
