ITEM: server down(2021-1-9 5:1:13) 
ITEM: ooo11|test|版氰摹 备浇(27004)|GM制作道具|9000|5|5|2021-1-9 5:4:5|1610197445i01100
ITEM: ooo11|test|版氰摹 备浇(27004)|使用道具|9000|5|5|2021-1-9 5:4:7|1610197445i01100
ITEM: ooo11|test|版氰摹 备浇(27004)|战斗使用道具|9000|5|5|2021-1-9 5:4:7|1610197445i01100
ITEM: ooo11|test|寒没狼 家扼(27005)|GM制作道具|9000|6|6|2021-1-9 5:4:15|1610197455i11100
ITEM: ooo11|test|寒没狼 家扼(27005)|使用道具|9000|6|6|2021-1-9 5:4:18|1610197455i11100
ITEM: ooo11|test|寒没狼 家扼(27005)|GM制作道具|100|500|500|2021-1-9 5:4:30|1610197470i21100
ITEM: server down(2021-1-9 5:6:21) 
ITEM: ooo11|test|寒没狼 家扼(27005)|GM制作道具|100|500|500|2021-1-9 5:7:10|1610197630i61100
ITEM: ooo11|test|寒没狼 家扼(27005)|使用道具|100|500|500|2021-1-9 5:7:12|1610197630i61100
ITEM: ooo11|test|版氰摹 备浇(27004)|GM制作道具|100|501|498|2021-1-9 5:7:50|1610197670i71100
ITEM: ooo11|test|版氰摹 备浇(27004)|使用道具|100|501|498|2021-1-9 5:7:51|1610197670i71100
ITEM: ooo11|test|版氰摹 备浇(27004)|战斗使用道具|100|501|498|2021-1-9 5:7:51|1610197670i71100
ITEM: server down(2021-1-9 5:27:2) 
ITEM: server down(2021-1-9 5:29:29) 
ITEM: server down(2021-1-9 5:31:2) 
ITEM: ooo11|test|寒没狼 家扼(27005)|Drop(酒捞袍滚覆)|100|505|487|2021-1-9 5:32:54|1610197470i21100
ITEM: ooo11|test|技聪酒狼 采(2415)|酒捞袍 家戈|100|505|487|2021-1-9 5:32:55|1610189737i01100
ITEM: ooo11|test|版氰摹 备浇(27004)|GM制作道具|100|505|487|2021-1-9 5:33:43|1610199223i61100
ITEM: ooo11|test|寒没狼 家扼(27005)|GM制作道具|100|505|487|2021-1-9 5:33:44|1610199224i71100
ITEM: ooo11|test|版氰摹 备浇(27004)|使用道具|100|505|487|2021-1-9 5:33:47|1610199223i61100
ITEM: ooo11|test|版氰摹 备浇(27004)|战斗使用道具|100|505|487|2021-1-9 5:33:47|1610199223i61100
ITEM: ooo11|test|寒没狼 家扼(27005)|使用道具|100|505|489|2021-1-9 5:33:51|1610199224i71100
ITEM: server down(2021-1-9 5:34:46) 
