GM: ooo11	test	warp 91 10 10	(10001,40,3)	 (2021-1-8 23:29:23) 
GM: ooo11	test	warp 700 10 10	(91,10,10)	 (2021-1-8 23:29:53) 
GM: ooo11	test	warp 700 50 50	(700,10,10)	 (2021-1-8 23:29:58) 
GM: ooo11	test	warp 130 10 10	(700,50,50)	 (2021-1-8 23:30:23) 
GM: ooo11	test	warp 700 130 130	(130,14,6)	 (2021-1-8 23:30:33) 
GM: ooo11	test	warp 7000 130 130	(700,130,130)	 (2021-1-8 23:30:40) 
GM: ooo11	test	warp 7005 130 130	(7000,130,130)	 (2021-1-8 23:31:19) 
GM: ooo11	test	warp 7005	(7000,130,130)	 (2021-1-8 23:31:25) 
GM: ooo11	test	warp 7011 10 10	(7005,0,0)	 (2021-1-8 23:31:34) 
GM: ooo11	test	warp 6100 10 10	(7011,36,24)	 (2021-1-8 23:32:35) 
GM: ooo11	test	warp 6100	(7011,36,24)	 (2021-1-8 23:32:38) 
GM: ooo11	test	warp 6160	(7011,36,24)	 (2021-1-8 23:32:40) 
GM: ooo11	test	warp 6161	(6160,0,0)	 (2021-1-8 23:32:45) 
GM: ooo11	test	skywalker on	(6161,0,0)	 (2021-1-8 23:32:51) 
GM: ooo11	test	warp 410	(6161,6,8)	 (2021-1-8 23:33:11) 
GM: ooo11	test	warp 9113	(410,37,45)	 (2021-1-8 23:33:32) 
GM: ooo11	test	warp 9111	(410,37,45)	 (2021-1-8 23:33:35) 
GM: ooo11	test	warp 9120	(410,37,45)	 (2021-1-8 23:33:43) 
GM: ooo11	test	warp 9000	(410,37,45)	 (2021-1-8 23:33:50) 
GM: ooo11	test	warp 9004	(410,37,45)	 (2021-1-8 23:33:52) 
GM: ooo11	test	warp 9200	(410,37,45)	 (2021-1-8 23:33:57) 
GM: ooo11	test	warp 86	(410,37,45)	 (2021-1-8 23:34:3) 
GM: asdasd	sasky	warp 91	(1006,15,22)	 (2021-1-8 23:44:8) 
GM: asdasd	sasky	skywalker on	(91,0,0)	 (2021-1-8 23:44:19) 
GM: ooo11	test	skywalker on	(86,6,9)	 (2021-1-8 23:46:14) 
GM: ooo11	test	skywalker off	(86,31,27)	 (2021-1-8 23:47:4) 
GM: ooo11	test	warp 900 30 30	(86,32,25)	 (2021-1-8 23:48:7) 
GM: ooo11	test	warp 900	(86,32,25)	 (2021-1-8 23:48:11) 
GM: ooo11	test	warp 700	(86,32,25)	 (2021-1-8 23:48:18) 
GM: ooo11	test	warp 700 30 30	(700,0,0)	 (2021-1-8 23:48:25) 
GM: ooo11	test	skywalker	(700,30,30)	 (2021-1-8 23:48:30) 
GM: ooo11	test	skywalker on	(700,30,30)	 (2021-1-8 23:48:35) 
GM: ooo11	test	warp 7000 11 11	(700,42,47)	 (2021-1-8 23:49:7) 
GM: ooo11	test	skywalker on	(7000,11,11)	 (2021-1-8 23:49:13) 
GM: ooo11	test	warp 7000 130 130	(7000,28,32)	 (2021-1-8 23:49:23) 
GM: ooo11	test	warp 9110	(7000,113,92)	 (2021-1-8 23:51:26) 
GM: ooo11	test	warp 7012	(1000,87,67)	 (2021-1-8 23:55:11) 
GM: ooo11	test	skywalker on	(7012,0,0)	 (2021-1-8 23:55:20) 
GM: ooo11	test	skywalker off	(7012,25,13)	 (2021-1-8 23:55:34) 
