GM: 유비	1111	petmake 291	(1000,93,80)	 (2020-9-3 7:58:54) 
GM: 유비	1111	petmake 292	(1000,93,80)	 (2020-9-3 7:59:46) 
GM: 유비	1111	petmake 293	(1000,93,80)	 (2020-9-3 8:0:5) 
GM: 유비	1111	petmake 294	(1000,93,80)	 (2020-9-3 8:0:7) 
GM: 유비	1111	petmake 295	(1000,93,80)	 (2020-9-3 8:0:47) 
GM: 유비	1111	petmake 296	(1000,93,80)	 (2020-9-3 8:1:17) 
GM: 유비	1111	petmake 297	(1000,93,80)	 (2020-9-3 8:1:29) 
GM: 유비	1111	petmake 298	(1000,93,80)	 (2020-9-3 8:1:39) 
GM: 유비	1111	petmake 299	(1000,93,80)	 (2020-9-3 8:1:45) 
GM: 유비	1111	petmake 300	(1000,93,80)	 (2020-9-3 8:1:50) 
GM: 유비	1111	petmake 301	(1000,93,80)	 (2020-9-3 8:1:59) 
GM: 유비	1111	petmake 302	(1000,93,80)	 (2020-9-3 8:2:11) 
GM: 유비	1111	petmake 303	(1000,93,80)	 (2020-9-3 8:2:15) 
GM: 유비	1111	petmake 303	(1000,93,80)	 (2020-9-3 8:19:20) 
GM: 유비	1111	petmake 304	(1000,93,80)	 (2020-9-3 8:20:48) 
GM: 유비	1111	petmake 305	(1000,93,80)	 (2020-9-3 8:22:18) 
GM: 유비	1111	petmake 306	(1000,93,80)	 (2020-9-3 8:22:53) 
GM: 유비	1111	petmake 308	(1000,93,80)	 (2020-9-3 8:23:5) 
GM: 유비	1111	petmake 309	(1000,93,80)	 (2020-9-3 8:23:18) 
GM: 유비	1111	petmake 310	(1000,93,80)	 (2020-9-3 8:23:30) 
GM: 유비	1111	petmake 311	(1000,93,80)	 (2020-9-3 8:23:41) 
GM: 유비	1111	petmake 311	(1000,93,80)	 (2020-9-3 8:23:52) 
GM: 유비	1111	petmake 312	(1000,93,80)	 (2020-9-3 8:23:55) 
GM: 유비	1111	petmake 313	(1000,93,80)	 (2020-9-3 8:23:58) 
GM: 유비	1111	petmake 314	(1000,93,80)	 (2020-9-3 8:24:2) 
GM: 유비	1111	petmake 315	(1000,93,80)	 (2020-9-3 8:24:4) 
GM: 유비	1111	petmake 313	(1000,93,80)	 (2020-9-3 8:24:55) 
GM: 유비	1111	petmake 313	(1000,93,80)	 (2020-9-3 8:25:2) 
GM: 유비	1111	petmake 313	(1000,91,80)	 (2020-9-3 8:25:11) 
GM: 유비	1111	petmake 312	(1000,90,79)	 (2020-9-3 8:25:20) 
GM: 유비	1111	petmake 313	(1000,90,80)	 (2020-9-3 8:25:31) 
GM: 유비	1111	petmake 311	(1000,90,80)	 (2020-9-3 8:25:40) 
GM: 유비	1111	petmake 304	(1000,90,80)	 (2020-9-3 8:25:53) 
GM: 유비	1111	petmake 305	(1000,90,80)	 (2020-9-3 8:25:57) 
GM: 유비	1111	petmake 306	(1000,90,80)	 (2020-9-3 8:26:48) 
GM: 유비	1111	petmake 307	(1000,90,80)	 (2020-9-3 8:27:4) 
GM: 유비	1111	petmake 308	(1000,90,80)	 (2020-9-3 8:27:23) 
GM: 유비	1111	petmake 308	(1000,90,80)	 (2020-9-3 8:27:41) 
GM: 유비	1111	petmake 309	(1000,90,80)	 (2020-9-3 8:27:52) 
GM: 유비	1111	petmake 310	(1000,90,80)	 (2020-9-3 8:27:59) 
GM: 유비	1111	petmake 311	(1000,90,80)	 (2020-9-3 8:28:12) 
GM: 유비	1111	petmake 312	(1000,90,80)	 (2020-9-3 8:28:24) 
GM: 유비	1111	petmake 313	(1000,90,80)	 (2020-9-3 8:28:27) 
GM: 유비	1111	petmake 314	(1000,90,80)	 (2020-9-3 8:28:33) 
GM: 유비	1111	petmake 315	(1000,90,80)	 (2020-9-3 8:28:36) 
GM: 유비	1111	petmake 316	(1000,90,80)	 (2020-9-3 8:29:22) 
GM: 유비	1111	petmake 317	(1000,90,80)	 (2020-9-3 8:29:34) 
GM: 유비	1111	petmake 318	(1000,90,80)	 (2020-9-3 8:29:39) 
GM: 유비	1111	petmake 319	(1000,90,80)	 (2020-9-3 8:31:10) 
GM: 유비	1111	petmake 320	(1000,90,80)	 (2020-9-3 8:31:33) 
GM: 유비	1111	petmake 321	(1000,89,80)	 (2020-9-3 8:31:47) 
GM: 유비	1111	petmake 322	(1000,89,80)	 (2020-9-3 8:31:59) 
GM: 유비	1111	petmake 323	(1000,89,80)	 (2020-9-3 8:32:24) 
GM: 유비	1111	petmake 323	(1000,89,80)	 (2020-9-3 8:32:33) 
GM: 유비	1111	petmake 324	(1000,89,80)	 (2020-9-3 8:33:6) 
GM: 유비	1111	petmake 325	(1000,89,80)	 (2020-9-3 8:33:45) 
GM: 유비	1111	petmake 326	(1000,89,80)	 (2020-9-3 8:33:54) 
GM: 유비	1111	petmake 327	(1000,90,79)	 (2020-9-3 8:35:2) 
GM: 유비	1111	petmake 328	(1000,90,79)	 (2020-9-3 8:35:26) 
GM: 유비	1111	petmake 329	(1000,90,79)	 (2020-9-3 8:35:39) 
GM: 유비	1111	petmake 330	(1000,90,79)	 (2020-9-3 8:35:54) 
GM: 유비	1111	petmake 331	(1000,90,79)	 (2020-9-3 8:36:38) 
GM: 유비	1111	petmake 331	(1000,90,79)	 (2020-9-3 8:36:46) 
GM: 유비	1111	petmake 332	(1000,90,79)	 (2020-9-3 8:37:4) 
GM: 유비	1111	petmake 333	(1000,90,79)	 (2020-9-3 8:37:14) 
GM: 유비	1111	petmake 334	(1000,90,79)	 (2020-9-3 8:37:40) 
GM: 유비	1111	petmake 335	(1000,91,81)	 (2020-9-3 8:38:6) 
GM: 유비	1111	petmake 336	(1000,91,81)	 (2020-9-3 8:38:26) 
GM: 유비	1111	petmake 337	(1000,91,81)	 (2020-9-3 8:38:44) 
GM: 유비	1111	petmake 338	(1000,91,81)	 (2020-9-3 8:39:0) 
GM: 유비	1111	petmake 339	(1000,91,81)	 (2020-9-3 8:39:30) 
GM: 유비	1111	petmake 339	(1000,91,81)	 (2020-9-3 8:39:44) 
GM: 유비	1111	petmake 340	(1000,91,81)	 (2020-9-3 8:39:52) 
GM: 유비	1111	petmake 341	(1000,91,81)	 (2020-9-3 8:40:3) 
GM: 유비	1111	petmake 342	(1000,91,81)	 (2020-9-3 8:40:11) 
GM: 유비	1111	petmake 342	(1000,91,81)	 (2020-9-3 8:40:16) 
GM: 유비	1111	petmake 343	(1000,91,81)	 (2020-9-3 8:40:20) 
GM: 유비	1111	petmake 344	(1000,91,81)	 (2020-9-3 8:40:22) 
GM: 유비	1111	petmake 345	(1000,91,81)	 (2020-9-3 8:40:24) 
GM: 유비	1111	petmake 346	(1000,91,81)	 (2020-9-3 8:40:29) 
GM: 유비	1111	petmake 347	(1000,91,81)	 (2020-9-3 8:40:53) 
GM: 유비	1111	petmake 348	(1000,91,81)	 (2020-9-3 8:41:4) 
GM: 유비	1111	petmake 349	(1000,91,81)	 (2020-9-3 8:41:29) 
GM: 유비	1111	petmake 350	(1000,91,81)	 (2020-9-3 8:41:39) 
GM: 유비	1111	petmake 351	(1000,91,81)	 (2020-9-3 8:41:58) 
GM: 유비	1111	petmake 352	(1000,91,81)	 (2020-9-3 8:42:6) 
GM: 유비	1111	petmake 353	(1000,91,81)	 (2020-9-3 8:42:15) 
GM: 유비	1111	petmake 354	(1000,91,81)	 (2020-9-3 8:42:25) 
GM: 유비	1111	petmake 355	(1000,91,81)	 (2020-9-3 8:42:46) 
GM: 유비	1111	petmake 355	(1000,91,81)	 (2020-9-3 8:42:54) 
GM: 유비	1111	petmake 356	(1000,91,81)	 (2020-9-3 8:43:6) 
GM: 유비	1111	petmake 357	(1000,90,80)	 (2020-9-3 8:43:26) 
GM: 유비	1111	petmake 358	(1000,90,80)	 (2020-9-3 8:44:21) 
GM: 유비	1111	petmake 359	(1000,90,80)	 (2020-9-3 8:49:12) 
GM: 유비	1111	petmake 360	(1000,90,80)	 (2020-9-3 8:49:24) 
GM: 유비	1111	petmake 361	(1000,89,78)	 (2020-9-3 8:51:30) 
GM: 유비	1111	petmake 361	(1000,89,78)	 (2020-9-3 8:51:48) 
GM: 유비	1111	petmake 362	(1000,89,78)	 (2020-9-3 8:53:10) 
GM: 유비	1111	petmake 363	(1000,89,78)	 (2020-9-3 8:56:6) 
GM: 유비	1111	petmake 364	(1000,89,78)	 (2020-9-3 8:57:1) 
GM: 유비	1111	petmake 365	(1000,89,78)	 (2020-9-3 8:57:47) 
GM: 유비	1111	petmake 366	(1000,89,78)	 (2020-9-3 8:57:58) 
GM: 유비	1111	petmake 367	(1000,89,78)	 (2020-9-3 9:0:7) 
GM: 유비	1111	petmake .68	(1000,89,78)	 (2020-9-3 9:0:31) 
GM: 유비	1111	petmake 368	(1000,89,78)	 (2020-9-3 9:0:35) 
GM: 유비	1111	petmake 368	(1000,89,78)	 (2020-9-3 9:0:43) 
GM: 유비	1111	petmake 369	(1000,89,78)	 (2020-9-3 9:0:47) 
GM: 유비	1111	petmake 370	(1000,89,78)	 (2020-9-3 9:1:10) 
GM: 유비	1111	petmake 371	(1000,89,78)	 (2020-9-3 9:1:25) 
GM: 유비	1111	petmake 378	(1000,89,78)	 (2020-9-3 9:1:27) 
GM: 유비	1111	petmake 379	(1000,89,78)	 (2020-9-3 9:2:4) 
GM: 유비	1111	petmake 380	(1000,89,78)	 (2020-9-3 9:2:8) 
GM: 유비	1111	petmake 381	(1000,89,78)	 (2020-9-3 9:2:11) 
GM: 유비	1111	petmake 373	(1000,89,78)	 (2020-9-3 9:2:23) 
GM: 유비	1111	petmake 374	(1000,89,78)	 (2020-9-3 9:2:55) 
GM: 유비	1111	petmake 375	(1000,89,78)	 (2020-9-3 9:2:57) 
GM: 유비	1111	petmake 376	(1000,89,78)	 (2020-9-3 9:5:17) 
GM: 유비	1111	petmake 377	(1000,89,78)	 (2020-9-3 9:5:20) 
GM: 유비	1111	petmake 378	(1000,89,78)	 (2020-9-3 9:5:46) 
GM: 유비	1111	petmake 372	(1000,89,78)	 (2020-9-3 9:5:57) 
GM: 유비	1111	petmake 379	(1000,89,78)	 (2020-9-3 9:6:13) 
GM: 유비	1111	petmake 380	(1000,89,78)	 (2020-9-3 9:6:17) 
GM: 유비	1111	petmake 381	(1000,89,78)	 (2020-9-3 9:6:30) 
GM: 유비	1111	petmake 382	(1000,89,78)	 (2020-9-3 9:6:36) 
GM: 유비	1111	petmake 383	(1000,89,78)	 (2020-9-3 9:7:56) 
GM: 유비	1111	petmake 384	(1000,89,78)	 (2020-9-3 9:8:1) 
GM: 유비	1111	petmake 385	(1000,89,78)	 (2020-9-3 9:8:15) 
GM: 유비	1111	petmake 386	(1000,89,78)	 (2020-9-3 9:8:41) 
GM: 유비	1111	petmake 387	(1000,89,78)	 (2020-9-3 9:8:43) 
GM: 유비	1111	petmake 388	(1000,89,78)	 (2020-9-3 9:8:45) 
GM: 유비	1111	petmake 389	(1000,89,78)	 (2020-9-3 9:10:10) 
GM: 유비	1111	petmake 390	(1000,89,78)	 (2020-9-3 9:10:16) 
GM: 유비	1111	petmake 391	(1000,89,78)	 (2020-9-3 9:10:20) 
GM: 유비	1111	petmake 392	(1000,89,78)	 (2020-9-3 9:11:5) 
GM: 유비	1111	petmake 393	(1000,89,78)	 (2020-9-3 9:11:20) 
GM: 유비	1111	petmake 394	(1000,89,78)	 (2020-9-3 9:11:23) 
GM: 유비	1111	petmake 395	(1000,89,78)	 (2020-9-3 9:11:37) 
GM: 유비	1111	petmake 395	(1000,89,78)	 (2020-9-3 9:11:40) 
GM: 유비	1111	petmake 396	(1000,89,77)	 (2020-9-3 9:12:5) 
GM: 유비	1111	petmake 393	(1000,89,77)	 (2020-9-3 9:12:20) 
GM: 유비	1111	petmake 394	(1000,89,77)	 (2020-9-3 9:12:26) 
GM: 유비	1111	petmake 395	(1000,89,77)	 (2020-9-3 9:12:30) 
GM: 유비	1111	petmake 396	(1000,89,77)	 (2020-9-3 9:12:37) 
GM: 유비	1111	petmake 397	(1000,89,77)	 (2020-9-3 9:12:44) 
GM: 유비	1111	petmake 397	(1000,89,77)	 (2020-9-3 9:12:47) 
GM: 유비	1111	petmake 398	(1000,89,77)	 (2020-9-3 9:12:50) 
GM: 유비	1111	petmake 399	(1000,89,77)	 (2020-9-3 9:13:49) 
GM: 유비	1111	petmake 400	(1000,89,80)	 (2020-9-3 9:14:3) 
GM: 유비	1111	petmake 401	(1000,89,80)	 (2020-9-3 9:14:6) 
GM: 유비	1111	petmake 402	(1000,88,81)	 (2020-9-3 9:14:28) 
GM: 유비	1111	petmake 403	(1000,88,81)	 (2020-9-3 9:14:50) 
GM: 유비	1111	petmake 404	(1000,88,81)	 (2020-9-3 9:14:52) 
GM: 유비	1111	petmake 405	(1000,88,81)	 (2020-9-3 9:14:54) 
GM: 유비	1111	petmake 406	(1000,88,81)	 (2020-9-3 9:15:18) 
GM: 유비	1111	petmake 407	(1000,88,81)	 (2020-9-3 9:15:44) 
GM: 유비	1111	petmake 408	(1000,88,81)	 (2020-9-3 9:15:46) 
GM: 유비	1111	petmake 409	(1000,88,81)	 (2020-9-3 9:15:49) 
GM: 유비	1111	petmake 410	(1000,88,81)	 (2020-9-3 9:16:1) 
GM: 유비	1111	petmake 411	(1000,88,81)	 (2020-9-3 9:16:20) 
GM: 유비	1111	petmake 412	(1000,88,81)	 (2020-9-3 9:16:22) 
GM: 유비	1111	petmake 413	(1000,88,81)	 (2020-9-3 9:16:28) 
GM: 유비	1111	petmake 414	(1000,88,81)	 (2020-9-3 9:16:30) 
GM: 유비	1111	petmake 415	(1000,87,81)	 (2020-9-3 9:17:1) 
GM: 유비	1111	petmake 416	(1000,87,81)	 (2020-9-3 9:17:6) 
GM: 유비	1111	petmake 417	(1000,87,81)	 (2020-9-3 9:17:9) 
GM: 유비	1111	petmake 418	(1000,87,81)	 (2020-9-3 9:17:11) 
GM: 유비	1111	petmake 419	(1000,87,81)	 (2020-9-3 9:17:34) 
GM: 유비	1111	petmake 120	(1000,87,81)	 (2020-9-3 9:17:36) 
GM: 유비	1111	petmake 420	(1000,87,81)	 (2020-9-3 9:17:41) 
GM: 유비	1111	petmake 421	(1000,87,81)	 (2020-9-3 9:17:44) 
GM: 유비	1111	petmake 422	(1000,87,81)	 (2020-9-3 9:17:51) 
GM: 유비	1111	petmake 418	(1000,87,81)	 (2020-9-3 9:18:5) 
GM: 유비	1111	petmake 418	(1000,87,81)	 (2020-9-3 9:18:13) 
GM: 유비	1111	petmake 419	(1000,87,81)	 (2020-9-3 9:18:16) 
GM: 유비	1111	petmake 420	(1000,87,81)	 (2020-9-3 9:18:19) 
GM: 유비	1111	petmake 421	(1000,87,81)	 (2020-9-3 9:18:21) 
GM: 유비	1111	petmake 422	(1000,87,81)	 (2020-9-3 9:18:32) 
GM: 유비	1111	petmake 423	(1000,87,81)	 (2020-9-3 9:18:56) 
GM: 유비	1111	petmake 424	(1000,87,81)	 (2020-9-3 9:18:58) 
GM: 유비	1111	petmake 425	(1000,87,81)	 (2020-9-3 9:19:1) 
GM: 유비	1111	petmake 426	(1000,87,81)	 (2020-9-3 9:19:16) 
GM: 유비	1111	petmake 427	(1000,87,81)	 (2020-9-3 9:19:21) 
GM: 유비	1111	petmake 428	(1000,87,81)	 (2020-9-3 9:19:24) 
GM: 유비	1111	petmake 428	(1000,87,81)	 (2020-9-3 9:19:45) 
GM: 유비	1111	petmake 429	(1000,87,81)	 (2020-9-3 9:19:48) 
GM: 유비	1111	petmake 430	(1000,87,81)	 (2020-9-3 9:20:15) 
GM: 유비	1111	petmake 431	(1000,87,81)	 (2020-9-3 9:20:25) 
GM: 유비	1111	petmake 432	(1000,87,81)	 (2020-9-3 9:21:1) 
GM: 유비	1111	petmake 433	(1000,87,81)	 (2020-9-3 9:21:15) 
GM: 유비	1111	petmake 434	(1000,87,81)	 (2020-9-3 9:21:35) 
GM: 유비	1111	petmake 435	(1000,87,81)	 (2020-9-3 9:21:39) 
GM: 유비	1111	petmake 436	(1000,87,81)	 (2020-9-3 9:22:2) 
GM: 유비	1111	petmake 437	(1000,87,81)	 (2020-9-3 9:22:5) 
GM: 유비	1111	petmake 438	(1000,87,81)	 (2020-9-3 9:22:33) 
GM: 유비	1111	petmake 439	(1000,87,81)	 (2020-9-3 9:22:43) 
GM: 유비	1111	petmake 440	(1000,87,81)	 (2020-9-3 9:22:55) 
GM: 유비	1111	petmake 441	(1000,87,81)	 (2020-9-3 9:23:26) 
GM: 유비	1111	petmake 442	(1000,87,81)	 (2020-9-3 9:23:51) 
GM: 유비	1111	petmake 443	(1000,87,81)	 (2020-9-3 9:24:2) 
GM: 유비	1111	petmake 444	(1000,87,81)	 (2020-9-3 9:24:23) 
GM: 유비	1111	petmake 444	(1000,87,81)	 (2020-9-3 9:24:27) 
GM: 유비	1111	petmake 445	(1000,87,81)	 (2020-9-3 9:24:39) 
GM: 유비	1111	petmake 446	(1000,87,81)	 (2020-9-3 9:24:41) 
GM: 유비	1111	petmake 447	(1000,87,81)	 (2020-9-3 9:24:49) 
GM: 유비	1111	petmake 448	(1000,87,81)	 (2020-9-3 9:24:52) 
GM: 유비	1111	petmake 449	(1000,87,81)	 (2020-9-3 9:24:59) 
GM: 유비	1111	petmake 450	(1000,87,81)	 (2020-9-3 9:25:2) 
GM: 유비	1111	petmake 451	(1000,87,81)	 (2020-9-3 9:25:13) 
GM: 유비	1111	petmake 452	(1000,86,81)	 (2020-9-3 9:25:35) 
GM: 유비	1111	petmake 453	(1000,86,81)	 (2020-9-3 9:25:37) 
GM: 유비	1111	petmake 454	(1000,86,81)	 (2020-9-3 9:25:57) 
GM: 유비	1111	petmake 455	(1000,86,81)	 (2020-9-3 9:25:59) 
GM: 유비	1111	petmake 456	(1000,86,81)	 (2020-9-3 9:26:20) 
GM: 유비	1111	petmake 457	(1000,86,81)	 (2020-9-3 9:26:25) 
GM: 유비	1111	petmake 458	(1000,86,81)	 (2020-9-3 9:27:20) 
GM: 유비	1111	petmake 459	(1000,86,81)	 (2020-9-3 9:27:23) 
GM: 유비	1111	petmake 460	(1000,86,81)	 (2020-9-3 9:27:54) 
GM: 유비	1111	petmake 461	(1000,86,81)	 (2020-9-3 9:27:56) 
GM: 유비	1111	petmake 462	(1000,86,81)	 (2020-9-3 9:28:2) 
GM: 유비	1111	petmake 463	(1000,86,81)	 (2020-9-3 9:28:19) 
GM: 유비	1111	petmake 464	(1000,86,81)	 (2020-9-3 9:28:33) 
GM: 유비	1111	petmake 465	(1000,86,81)	 (2020-9-3 9:28:35) 
GM: 유비	1111	petmake 466	(1000,86,81)	 (2020-9-3 9:29:9) 
GM: 유비	1111	petmake 467	(1000,86,81)	 (2020-9-3 9:29:12) 
GM: 유비	1111	petmake 468	(1000,86,81)	 (2020-9-3 9:29:20) 
GM: 유비	1111	petmake 469	(1000,86,81)	 (2020-9-3 9:29:26) 
GM: 유비	1111	petmake 470	(1000,86,81)	 (2020-9-3 9:30:23) 
GM: 유비	1111	petmake 471	(1000,86,81)	 (2020-9-3 9:30:29) 
GM: 유비	1111	petmake 472	(1000,86,81)	 (2020-9-3 9:30:38) 
GM: 유비	1111	petmake 473	(1000,86,81)	 (2020-9-3 9:30:44) 
GM: 유비	1111	petmake 473	(1000,86,81)	 (2020-9-3 9:31:19) 
GM: 유비	1111	petmake 474	(1000,86,81)	 (2020-9-3 9:31:33) 
GM: 유비	1111	petmake 475	(1000,86,81)	 (2020-9-3 9:31:51) 
GM: 유비	1111	petmake 476	(1000,86,81)	 (2020-9-3 9:32:5) 
GM: 유비	1111	petmake 477	(1000,86,81)	 (2020-9-3 9:32:35) 
GM: 유비	1111	petmake 478	(1000,86,81)	 (2020-9-3 9:32:53) 
GM: 유비	1111	petmake 479	(1000,86,81)	 (2020-9-3 9:33:13) 
GM: 유비	1111	petmake 480	(1000,86,81)	 (2020-9-3 9:33:34) 
GM: 유비	1111	petmake 481	(1000,86,81)	 (2020-9-3 9:33:51) 
GM: 유비	1111	petmake 482	(1000,86,81)	 (2020-9-3 9:34:6) 
GM: 유비	1111	petmake 483	(1000,86,81)	 (2020-9-3 9:35:19) 
GM: 유비	1111	petmake 484	(1000,86,81)	 (2020-9-3 9:36:37) 
GM: 유비	1111	petmake 485	(1000,86,81)	 (2020-9-3 9:36:49) 
GM: 유비	1111	petmake  486	(1000,86,81)	 (2020-9-3 9:37:12) 
GM: 유비	1111	petmake 487	(1000,86,81)	 (2020-9-3 9:37:24) 
GM: 유비	1111	petmake 488	(1000,86,81)	 (2020-9-3 9:37:36) 
GM: 유비	1111	petmake 489	(1000,86,81)	 (2020-9-3 9:37:45) 
GM: 유비	1111	petmake 490	(1000,86,81)	 (2020-9-3 9:37:58) 
GM: 유비	1111	petmake 490	(1000,86,81)	 (2020-9-3 9:38:4) 
GM: 유비	1111	petmake 489	(1000,86,81)	 (2020-9-3 9:38:8) 
GM: 유비	1111	petmake 491	(1000,86,81)	 (2020-9-3 9:38:29) 
GM: 유비	1111	petmake 492	(1000,86,81)	 (2020-9-3 9:38:31) 
GM: 유비	1111	petmake 493	(1000,86,81)	 (2020-9-3 9:38:34) 
GM: 유비	1111	petmake 494	(1000,86,81)	 (2020-9-3 9:38:49) 
GM: 유비	1111	petmake 495	(1000,86,81)	 (2020-9-3 9:38:58) 
GM: 유비	1111	petmake 496	(1000,86,81)	 (2020-9-3 9:39:0) 
GM: 유비	1111	petmake 497	(1000,86,81)	 (2020-9-3 9:39:20) 
GM: 유비	1111	petmake 498	(1000,86,81)	 (2020-9-3 9:39:25) 
GM: 유비	1111	petmake 499	(1000,86,81)	 (2020-9-3 9:39:37) 
GM: 유비	1111	petmake 500	(1000,86,81)	 (2020-9-3 9:39:56) 
GM: 유비	1111	petmake 501	(1000,86,81)	 (2020-9-3 9:40:1) 
GM: 유비	1111	petmake 502	(1000,86,81)	 (2020-9-3 9:40:3) 
GM: 유비	1111	petmake 503	(1000,86,81)	 (2020-9-3 9:40:37) 
GM: 유비	1111	petmake 504	(1000,86,81)	 (2020-9-3 9:40:49) 
GM: 유비	1111	petmake 505	(1000,86,81)	 (2020-9-3 9:40:52) 
GM: 유비	1111	petmake 506	(1000,86,81)	 (2020-9-3 9:41:6) 
GM: 유비	1111	petmake 507	(1000,86,81)	 (2020-9-3 9:41:9) 
GM: 유비	1111	petmake 508	(1000,86,81)	 (2020-9-3 9:41:19) 
GM: 유비	1111	petmake 509	(1000,86,81)	 (2020-9-3 9:41:21) 
GM: 유비	1111	petmake 510	(1000,86,81)	 (2020-9-3 9:42:15) 
GM: 유비	1111	petmake 511	(1000,86,81)	 (2020-9-3 9:42:17) 
GM: 유비	1111	petmake 512	(1000,86,81)	 (2020-9-3 9:42:26) 
GM: 유비	1111	petmake 513	(1000,86,81)	 (2020-9-3 9:42:30) 
GM: 유비	1111	petmake 514	(1000,86,81)	 (2020-9-3 9:42:57) 
GM: 유비	1111	petmake 515	(100