PET: 蜡厚|1111|姆伊(1)|GM命令制作|1000|93|80|2020-9-3 8:1:59|1599145319i1224
PET: 蜡厚|1111|姆伊(1)|丢宠|1000|93|80|2020-9-3 8:2:13|1599145319i1224
PET: 蜡厚|1111|卡克尔(1)|GM命令制作|1000|93|80|2020-9-3 8:2:15|1599145335i1225
PET: 系统|Watchfunc|姆伊(1)|系统清除-地上自由宠|1000|92|81|2020-9-3 8:2:56|1599145319i1224
PET: 蜡厚|1111|卡克尔(1)|GM命令制作|1000|93|80|2020-9-3 8:19:20|1599146360i1226
PET: 蜡厚|1111|巴克(1)|GM命令制作|1000|93|80|2020-9-3 8:20:48|1599146448i1227
PET: 蜡厚|1111|鲍(1)|GM命令制作|1000|93|80|2020-9-3 8:22:18|1599146538i1228
PET: 蜡厚|1111|鲍(1)|丢宠|1000|93|80|2020-9-3 8:22:44|1599146538i1228
PET: 蜡厚|1111|巴克(1)|丢宠|1000|93|80|2020-9-3 8:22:45|1599146448i1227
PET: 蜡厚|1111|卡克尔(1)|丢宠|1000|93|80|2020-9-3 8:22:47|1599146360i1226
PET: 蜡厚|1111|卡克尔(1)|丢宠|1000|93|80|2020-9-3 8:22:48|1599145335i1225
PET: 蜡厚|1111|卡拉卡利(1)|GM命令制作|1000|93|80|2020-9-3 8:22:53|1599146573i1229
PET: 蜡厚|1111|贝鲁伊卡(1)|GM命令制作|1000|93|80|2020-9-3 8:23:5|1599146585i1230
PET: 蜡厚|1111|格鲁西斯(1)|GM命令制作|1000|93|80|2020-9-3 8:23:18|1599146598i1231
PET: 蜡厚|1111|金格萨贝鲁(1)|GM命令制作|1000|93|80|2020-9-3 8:23:30|1599146610i1232
PET: 蜡厚|1111|金格萨贝鲁(1)|丢宠|1000|93|80|2020-9-3 8:23:47|1599146610i1232
PET: 蜡厚|1111|格鲁西斯(1)|丢宠|1000|93|80|2020-9-3 8:23:47|1599146598i1231
PET: 蜡厚|1111|贝鲁伊卡(1)|丢宠|1000|93|80|2020-9-3 8:23:48|1599146585i1230
PET: 蜡厚|1111|卡拉卡利(1)|丢宠|1000|93|80|2020-9-3 8:23:49|1599146573i1229
PET: 系统|Watchfunc|鲍(1)|系统清除-地上自由宠|1000|92|81|2020-9-3 8:23:55|1599146538i1228
PET: 系统|Watchfunc|巴克(1)|系统清除-地上自由宠|1000|92|80|2020-9-3 8:23:55|1599146448i1227
PET: 系统|Watchfunc|卡克尔(1)|系统清除-地上自由宠|1000|92|79|2020-9-3 8:23:55|1599146360i1226
PET: 系统|Watchfunc|卡克尔(1)|系统清除-地上自由宠|1000|93|79|2020-9-3 8:23:55|1599145335i1225
PET: 蜡厚|1111|多利诺布斯(1)|GM命令制作|1000|93|80|2020-9-3 8:24:4|1599146644i1233
PET: 系统|Watchfunc|卡拉卡利(1)|系统清除-地上自由宠|1000|93|81|2020-9-3 8:24:48|1599146573i1229
PET: 系统|Watchfunc|金格萨贝鲁(1)|系统清除-地上自由宠|1000|94|79|2020-9-3 8:24:48|1599146610i1232
PET: 系统|Watchfunc|格鲁西斯(1)|系统清除-地上自由宠|1000|94|80|2020-9-3 8:24:48|1599146598i1231
PET: 系统|Watchfunc|贝鲁伊卡(1)|系统清除-地上自由宠|1000|94|81|2020-9-3 8:24:48|1599146585i1230
PET: 蜡厚|1111|多利诺布斯(1)|丢宠|1000|93|79|2020-9-3 8:25:5|1599146644i1233
PET: 系统|Watchfunc|多利诺布斯(1)|系统清除-地上自由宠|1000|93|78|2020-9-3 8:25:35|1599146644i1233
PET: 蜡厚|1111|巴克(1)|GM命令制作|1000|90|80|2020-9-3 8:25:53|1599146753i1234
PET: 蜡厚|1111|鲍(1)|GM命令制作|1000|90|80|2020-9-3 8:25:57|1599146757i1235
PET: 蜡厚|1111|卡拉卡利(1)|GM命令制作|1000|90|80|2020-9-3 8:26:48|1599146808i1236
PET: 蜡厚|1111|贝鲁卡(1)|GM命令制作|1000|90|80|2020-9-3 8:27:4|1599146824i1237
PET: 蜡厚|1111|贝鲁卡(1)|丢宠|1000|90|80|2020-9-3 8:27:29|1599146824i1237
PET: 蜡厚|1111|卡拉卡利(1)|丢宠|1000|90|80|2020-9-3 8:27:30|1599146808i1236
PET: 蜡厚|1111|贝鲁卡(1)|捡宠|1000|90|80|2020-9-3 8:27:30|1599146824i1237
PET: 蜡厚|1111|鲍(1)|丢宠|1000|90|80|2020-9-3 8:27:34|1599146757i1235
PET: 蜡厚|1111|巴克(1)|丢宠|1000|90|80|2020-9-3 8:27:35|1599146753i1234
PET: 蜡厚|1111|贝鲁卡(1)|丢宠|1000|90|80|2020-9-3 8:27:37|1599146824i1237
PET: 蜡厚|1111|贝鲁伊卡(1)|GM命令制作|1000|90|80|2020-9-3 8:27:41|1599146861i1238
PET: 蜡厚|1111|格鲁西斯(1)|GM命令制作|1000|90|80|2020-9-3 8:27:52|1599146872i1239
PET: 蜡厚|1111|金格萨贝鲁(1)|GM命令制作|1000|90|80|2020-9-3 8:27:59|1599146879i1240
PET: 蜡厚|1111|金格萨贝鲁(1)|丢宠|1000|90|80|2020-9-3 8:28:14|1599146879i1240
PET: 蜡厚|1111|格鲁西斯(1)|丢宠|1000|90|80|2020-9-3 8:28:15|1599146872i1239
PET: 蜡厚|1111|贝鲁伊卡(1)|丢宠|1000|90|80|2020-9-3 8:28:17|1599146861i1238
PET: 蜡厚|1111|多利诺布斯(1)|GM命令制作|1000|90|80|2020-9-3 8:28:36|1599146916i1241
PET: 系统|Watchfunc|卡拉卡利(1)|系统清除-地上自由宠|1000|89|81|2020-9-3 8:28:55|1599146808i1236
PET: 系统|Watchfunc|鲍(1)|系统清除-地上自由宠|1000|90|81|2020-9-3 8:28:55|1599146757i1235
PET: 系统|Watchfunc|巴克(1)|系统清除-地上自由宠|1000|89|80|2020-9-3 8:28:55|1599146753i1234
PET: 系统|Watchfunc|贝鲁卡(1)|系统清除-地上自由宠|1000|89|79|2020-9-3 8:28:55|1599146824i1237
PET: 系统|Watchfunc|金格萨贝鲁(1)|系统清除-地上自由宠|1000|90|79|2020-9-3 8:28:55|1599146879i1240
PET: 系统|Watchfunc|格鲁西斯(1)|系统清除-地上自由宠|1000|91|79|2020-9-3 8:28:55|1599146872i1239
PET: 系统|Watchfunc|贝鲁伊卡(1)|系统清除-地上自由宠|1000|91|80|2020-9-3 8:28:55|1599146861i1238
PET: 蜡厚|1111|贝恩达斯(1)|GM命令制作|1000|90|80|2020-9-3 8:29:22|1599146962i1242
PET: 蜡厚|1111|多利凯拉(1)|GM命令制作|1000|90|80|2020-9-3 8:29:34|1599146974i1243
PET: 蜡厚|1111|多洛布斯(1)|GM命令制作|1000|90|80|2020-9-3 8:29:39|1599146979i1244
PET: 蜡厚|1111|多洛布斯(1)|丢宠|1000|90|80|2020-9-3 8:31:3|1599146979i1244
PET: 蜡厚|1111|多利凯拉(1)|丢宠|1000|90|80|2020-9-3 8:31:4|1599146974i1243
PET: 蜡厚|1111|贝恩达斯(1)|丢宠|1000|90|80|2020-9-3 8:31:5|1599146962i1242
PET: 蜡厚|1111|多利诺布斯(1)|丢宠|1000|90|80|2020-9-3 8:31:6|1599146916i1241
PET: 蜡厚|1111|克邦凯斯(1)|GM命令制作|1000|90|80|2020-9-3 8:31:10|1599147070i1245
PET: 蜡厚|1111|加克拉(1)|GM命令制作|1000|90|80|2020-9-3 8:31:33|1599147093i1246
PET: 系统|Watchfunc|贝恩达斯(1)|系统清除-地上自由宠|1000|89|79|2020-9-3 8:31:44|1599146962i1242
PET: 系统|Watchfunc|多利凯拉(1)|系统清除-地上自由宠|1000|89|80|2020-9-3 8:31:44|1599146974i1243
PET: 系统|Watchfunc|多洛布斯(1)|系统清除-地上自由宠|1000|89|81|2020-9-3 8:31:44|1599146979i1244
PET: 系统|Watchfunc|多利诺布斯(1)|系统清除-地上自由宠|1000|90|79|2020-9-3 8:31:44|1599146916i1241
PET: 蜡厚|1111|加格(1)|GM命令制作|1000|89|80|2020-9-3 8:31:47|1599147107i1247
PET: 蜡厚|1111|邦恩吉(1)|GM命令制作|1000|89|80|2020-9-3 8:31:59|1599147119i1248
PET: 蜡厚|1111|邦恩吉(1)|丢宠|1000|89|80|2020-9-3 8:32:26|1599147119i1248
PET: 蜡厚|1111|加格(1)|丢宠|1000|89|80|2020-9-3 8:32:28|1599147107i1247
PET: 蜡厚|1111|加克拉(1)|丢宠|1000|89|80|2020-9-3 8:32:30|1599147093i1246
PET: 蜡厚|1111|克邦凯斯(1)|丢宠|1000|89|80|2020-9-3 8:32:31|1599147070i1245
PET: 蜡厚|1111|奇卡洛斯(1)|GM命令制作|1000|89|80|2020-9-3 8:32:33|1599147153i1249
PET: 系统|Watchfunc|加克拉(1)|系统清除-地上自由宠|1000|88|79|2020-9-3 8:33:4|1599147093i1246
PET: 系统|Watchfunc|加格(1)|系统清除-地上自由宠|1000|88|80|2020-9-3 8:33:4|1599147107i1247
PET: 系统|Watchfunc|邦恩吉(1)|系统清除-地上自由宠|1000|88|81|2020-9-3 8:33:4|1599147119i1248
PET: 系统|Watchfunc|克邦凯斯(1)|系统清除-地上自由宠|1000|89|79|2020-9-3 8:33:4|1599147070i1245
PET: 蜡厚|1111|奇娜(1)|GM命令制作|1000|89|80|2020-9-3 8:33:6|1599147186i1250
PET: 蜡厚|1111|卡卡金宝(1)|GM命令制作|1000|89|80|2020-9-3 8:33:45|1599147225i1251
PET: 蜡厚|1111|邦奇(1)|GM命令制作|1000|89|80|2020-9-3 8:33:54|1599147234i1252
PET: 蜡厚|1111|邦奇(1)|丢宠|1000|88|79|2020-9-3 8:34:55|1599147234i1252
PET: 蜡厚|1111|卡卡金宝(1)|丢宠|1000|89|76|2020-9-3 8:34:57|1599147225i1251
PET: 蜡厚|1111|奇娜(1)|丢宠|1000|89|75|2020-9-3 8:34:58|1599147186i1250
PET: 蜡厚|1111|奇卡洛斯(1)|丢宠|1000|89|75|2020-9-3 8:34:59|1599147153i1249
PET: 蜡厚|1111|姆伊(1)|GM命令制作|1000|90|79|2020-9-3 8:35:2|1599147302i1253
PET: 蜡厚|1111|海主人(1)|GM命令制作|1000|90|79|2020-9-3 8:35:26|1599147326i1254
PET: 蜡厚|1111|多鲁宝(1)|GM命令制作|1000|90|79|2020-9-3 8:35:39|1599147339i1255
PET: 蜡厚|1111|布洛多斯(1)|GM命令制作|1000|90|79|2020-9-3 8:35:54|1599147354i1256
PET: 系统|Watchfunc|邦奇(1)|系统清除-地上自由宠|1000|87|78|2020-9-3 8:35:55|1599147234i1252
PET: 系统|Watchfunc|卡卡金宝(1)|系统清除-地上自由宠|1000|89|75|2020-9-3 8:35:55|1599147225i1251
PET: 系统|Watchfunc|奇娜(1)|系统清除-地上自由宠|1000|89|74|2020-9-3 8:35:55|1599147186i1250
PET: 系统|Watchfunc|奇卡洛斯(1)|系统清除-地上自由宠|1000|90|74|2020-9-3 8:35:55|1599147153i1249
PET: 蜡厚|1111|布洛多斯(1)|丢宠|1000|90|79|2020-9-3 8:36:40|1599147354i1256
PET: 蜡厚|1111|多鲁宝(1)|丢宠|1000|90|79|2020-9-3 8:36:41|1599147339i1255
PET: 蜡厚|1111|海主人(1)|丢宠|1000|90|79|2020-9-3 8:36:42|1599147326i1254
PET: 蜡厚|1111|姆伊(1)|丢宠|1000|90|79|2020-9-3 8:36:44|1599147302i1253
PET: 蜡厚|1111|布林帖斯(1)|GM命令制作|1000|90|79|2020-9-3 8:36:46|1599147406i1257
PET: 蜡厚|1111|布拉奇多斯(1)|GM命令制作|1000|90|79|2020-9-3 8:37:4|1599147424i1258
PET: 蜡厚|1111|斯天多斯(1)|GM命令制作|1000|90|79|2020-9-3 8:37:14|1599147434i1259
PET: 蜡厚|1111|玛恩摩(1)|GM命令制作|1000|90|79|2020-9-3 8:37:40|1599147460i1260
PET: 系统|Watchfunc|布洛多斯(1)|系统清除-地上自由宠|1000|89|80|2020-9-3 8:37:55|1599147354i1256
PET: 系统|Watchfunc|多鲁宝(1)|系统清除-地上自由宠|1000|89|79|2020-9-3 8:37:55|1599147339i1255
PET: 系统|Watchfunc|海主人(1)|系统清除-地上自由宠|1000|89|78|2020-9-3 8:37:55|1599147326i1254
PET: 系统|Watchfunc|姆伊(1)|系统清除-地上自由宠|1000|90|78|2020-9-3 8:37:55|1599147302i1253
PET: 蜡厚|1111|玛恩摩(1)|丢宠|1000|90|79|2020-9-3 8:37:57|1599147460i1260
PET: 蜡厚|1111|斯天多斯(1)|丢宠|1000|90|79|2020-9-3 8:37:58|1599147434i1259
PET: 蜡厚|1111|布拉奇多斯(1)|丢宠|1000|90|79|2020-9-3 8:37:59|1599147424i1258
PET: 蜡厚|1111|布林帖斯(1)|丢宠|1000|90|78|2020-9-3 8:38:0|1599147406i1257
PET: 蜡厚|1111|恩摩摩(1)|GM命令制作|1000|91|81|2020-9-3 8:38:6|1599147486i1261
PET: 蜡厚|1111|玛摩那斯(1)|GM命令制作|1000|91|81|2020-9-3 8:38:26|1599147506i1262
PET: 蜡厚|1111|玛恩摩洛斯(1)|GM命令制作|1000|91|81|2020-9-3 8:38:44|1599147524i1263
PET: 系统|Watchfunc|玛恩摩(1)|系统清除-地上自由宠|1000|89|80|2020-9-3 8:38:55|1599147460i1260
PET: 系统|Watchfunc|斯天多斯(1)|系统清除-地上自由宠|1000|89|79|2020-9-3 8:38:55|1599147434i1259
PET: 系统|Watchfunc|布拉奇多斯(1)|系统清除-地上自由宠|1000|89|78|2020-9-3 8:38:55|1599147424i1258
PET: 系统|Watchfunc|布林帖斯(1)|系统清除-地上自由宠|1000|90|77|2020-9-3 8:38:55|1599147406i1257
PET: 蜡厚|1111|帖拉格恩(1)|GM命令制作|1000|91|81|2020-9-3 8:39:0|1599147540i1264
PET: 蜡厚|1111|帖拉格恩(1)|丢宠|1000|91|81|2020-9-3 8:39:33|1599147540i1264
PET: 蜡厚|1111|玛恩摩洛斯(1)|丢宠|1000|91|81|2020-9-3 8:39:34|1599147524i1263
PET: 蜡厚|1111|玛摩那斯(1)|丢宠|1000|91|81|2020-9-3 8:39:34|1599147506i1262
PET: 蜡厚|1111|恩摩摩(1)|丢宠|1000|91|81|2020-9-3 8:39:36|1599147486i1261
PET: 蜡厚|1111|帖拉格恩(1)|捡宠|1000|91|81|2020-9-3 8:39:36|1599147540i1264
PET: 蜡厚|1111|帖拉格恩(1)|丢宠|1000|91|81|2020-9-3 8:39:39|1599147540i1264
PET: 蜡厚|1111|洛卡伦恩(1)|GM命令制作|1000|91|81|2020-9-3 8:39:44|1599147584i1265
PET: 蜡厚|1111|加宝格恩(1)|GM命令制作|1000|91|81|2020-9-3 8:39:52|1599147592i1266
PET: 蜡厚|1111|朵拉比斯(1)|GM命令制作|1000|91|81|2020-9-3 8:40:3|1599147603i1267
PET: 蜡厚|1111|火鸡(1)|GM命令制作|1000|91|81|2020-9-3 8:40:29|1599147629i1268
PET: 蜡厚|1111|火鸡(1)|丢宠|1000|91|81|2020-9-3 8:40:43|1599147629i1268
PET: 蜡厚|1111|朵拉比斯(1)|丢宠|1000|91|81|2020-9-3 8:40:44|1599147603i1267
PET: 蜡厚|1111|加宝格恩(1)|丢宠|1000|91|81|2020-9-3 8:40:46|1599147592i1266
PET: 蜡厚|1111|洛卡伦恩(1)|丢宠|1000|91|81|2020-9-3 8:40:47|1599147584i1265
PET: 蜡厚|1111|克克洛斯(1)|GM命令制作|1000|91|81|2020-9-3 8:40:53|1599147653i1269
PET: 系统|Watchfunc|玛恩摩洛斯(1)|系统清除-地上自由宠|1000|90|81|2020-9-3 8:40:55|1599147524i1263
PET: 系统|Watchfunc|玛摩那斯(1)|系统清除-地上自由宠|1000|90|80|2020-9-3 8:40:55|1599147506i1262
PET: 系统|Watchfunc|恩摩摩(1)|系统清除-地上自由宠|1000|91|80|2020-9-3 8:40:55|1599147486i1261
PET: 系统|Watchfunc|帖拉格恩(1)|系统清除-地上自由宠|1000|90|82|2020-9-3 8:40:55|1599147540i1264
PET: 蜡厚|1111|霍尔克(1)|GM命令制作|1000|91|81|2020-9-3 8:41:4|1599147664i1270
PET: 蜡厚|1111|奇宝(1)|GM命令制作|1000|91|81|2020-9-3 8:41:29|1599147689i1271
PET: 蜡厚|1111|奥卡洛斯(1)|GM命令制作|1000|91|81|2020-9-3 8:41:39|1599147699i1272
PET: 蜡厚|1111|奥卡洛斯(1)|丢宠|1000|91|81|2020-9-3 8:41:47|1599147699i1272
PET: 系统|Watchfunc|洛卡伦恩(1)|系统清除-地上自由宠|1000|91|82|2020-9-3 8:41:48|1599147584i1265
PET: 系统|Watchfunc|火鸡(1)|系统清除-地上自由宠|1000|92|80|2020-9-3 8:41:48|1599147629i1268
PET: 系统|Watchfunc|朵拉比斯(1)|系统清除-地上自由宠|1000|92|81|2020-9-3 8:41:48|1599147603i1267
PET: 系统|Watchfunc|加宝格恩(1)|系统清除-地上自由宠|1000|92|82|2020-9-3 8:41:48|1599147592i1266
PET: 蜡厚|1111|奇宝(1)|丢宠|1000|91|81|2020-9-3 8:41:48|1599147689i1271
PET: 蜡厚|1111|霍尔克(1)|丢宠|1000|91|81|2020-9-3 8:41:49|1599147664i1270
PET: 蜡厚|1111|克克洛斯(1)|丢宠|1000|91|81|2020-9-3 8:41:50|1599147653i1269
PET: 蜡厚|1111|左迪洛斯(1)|GM命令制作|1000|91|81|2020-9-3 8:41:58|1599147718i1273
PET: 蜡厚|1111|巴朵兰恩(1)|GM命令制作|1000|91|81|2020-9-3 8:42:6|1599147726i1274
PET: 蜡厚|1111|帖拉所伊朵(1)|GM命令制作|1000|91|81|2020-9-3 8:42:15|1599147735i1275
PET: 蜡厚|1111|布伊德(1)|GM命令制作|1000|91|81|2020-9-3 8:42:25|1599147745i1276
PET: 蜡厚|1111|布伊德(1)|丢宠|1000|91|81|2020-9-3 8:42:48|1599147745i1276
PET: 蜡厚|1111|帖拉所伊朵(1)|丢宠|1000|91|81|2020-9-3 8:42:50|1599147735i1275
PET: 蜡厚|1111|巴朵兰恩(1)|丢宠|1000|91|81|2020-9-3 8:42:51|1599147726i1274
PET: 蜡厚|1111|左迪洛斯(1)|丢宠|1000|91|81|2020-9-3 8:42:52|1599147718i1273
PET: 蜡厚|1111|摩娜西普(1)|GM命令制作|1000|91|81|2020-9-3 8:42:54|1599147774i1277
PET: 系统|Watchfunc|奥卡洛斯(1)|系统清除-地上自由宠|1000|90|82|2020-9-3 8:42:55|1599147699i1272
PET: 系统|Watchfunc|奇宝(1)|系统清除-地上自由宠|1000|90|80|2020-9-3 8:42:55|1599147689i1271
PET: 系统|Watchfunc|霍尔克(1)|系统清除-地上自由宠|1000|91|80|2020-9-3 8:42:55|1599147664i1270
PET: 系统|Watchfunc|克克洛斯(1)|系统清除-地上自由宠|1000|92|80|2020-9-3 8:42:55|1599147653i1269
PET: 蜡厚|1111|卡伊霍恩(1)|GM命令制作|1000|91|81|2020-9-3 8:43:6|1599147786i1278
PET: 蜡厚|1111|卡伊霍恩(1)|丢宠|1000|90|80|2020-9-3 8:43:16|1599147786i1278
PET: 蜡厚|1111|摩娜西普(1)|丢宠|1000|90|79|2020-9-3 8:43:18|1599147774i1277
PET: 系统|Watchfunc|布伊德(1)|系统清除-地上自由宠|1000|92|81|2020-9-3 8:43:18|1599147745i1276
PET: 蜡厚|1111|拉伊霍恩(1)|GM命令制作|1000|90|80|2020-9-3 8:43:26|1599147806i1279
PET: 系统|Watchfunc|帖拉所伊朵(1)|系统清除-地上自由宠|1000|92|82|2020-9-3 8:43:55|1599147735i1275
PET: 系统|Watchfunc|巴朵兰恩(1)|系统清除-地上自由宠|1000|91|82|2020-9-3 8:43:55|1599147726i1274
PET: 系统|Watchfunc|左迪洛斯(1)|系统清除-地上自由宠|1000|91|81|2020-9-3 8:43:55|1599147718i1273
PET: 系统|Watchfunc|卡伊霍恩(1)|系统清除-地上自由宠|1000|89|79|2020-9-3 8:43:55|1599147786i1278
PET: 系统|Watchfunc|摩娜西普(1)|系统清除-地上自由宠|1000|91|80|2020-9-3 8:43:55|1599147774i1277
PET: 蜡厚|1111|史多拉奇顿(1)|GM命令制作|1000|90|80|2020-9-3 8:44:21|1599147861i1280
PET: 蜡厚|1111|萨美洛斯(1)|GM命令制作|1000|90|80|2020-9-3 8:49:12|1599148152i1281
PET: 蜡厚|1111|阿利给洛斯(1)|GM命令制作|1000|90|80|2020-9-3 8:49:24|1599148164i1282
PET: 蜡厚|1111|萨美洛斯(1)|丢宠|1000|90|80|2020-9-3 8:50:41|1599148152i1281
PET: 蜡厚|1111|史多拉奇顿(1)|丢宠|1000|89|78|2020-9-3 8:50:42|1599147861i1280
PET: 蜡厚|1111|拉伊霍恩(1)|丢宠|1000|89|76|2020-9-3 8:50:45|1599147806i1279
PET: 蜡厚|1111|阿利给洛斯(1)|丢宠|1000|89|78|2020-9-3 8:51:15|1599148164i1282
PET: 蜡厚|1111|达伊诺洛斯(1)|GM命令制作|1000|89|78|2020-9-3 8:51:30|1599148290i1283
PET: 系统|Watchfunc|史多拉奇顿(1)|系统清除-地上自由宠|1000|88|77|2020-9-3 8:51:40|1599147861i1280
PET: 系统|Watchfunc|拉伊霍恩(1)|系统清除-地上自由宠|1000|89|75|2020-9-3 8:51:40|1599147806i1279
PET: 系统|Watchfunc|萨美洛斯(1)|系统清除-地上自由宠|1000|89|80|2020-9-3 8:51:40|1599148152i1281
PET: 蜡厚|1111|达伊诺洛斯(1)|丢宠|1000|89|78|2020-9-3 8:51:42|1599148290i1283
PET: 蜡厚|1111|达伊诺洛斯(1)|GM命令制作|1000|89|78|2020-9-3 8:51:48|1599148308i1284
PET: 系统|Watchfunc|阿利给洛斯(1)|系统清除-地上自由宠|1000|88|79|2020-9-3 8:51:55|1599148164i1282
PET: 系统|Watchfunc|达伊诺洛斯(1)|系统清除-地上自由宠|1000|90|79|2020-9-3 8:52:55|1599148290i1283
PET: 蜡厚|1111|拉可拉斯(1)|GM命令制作|1000|89|78|2020-9-3 8:53:10|1599148390i1285
PET: 蜡厚|1111|邦洛洛克斯(1)|GM命令制作|1000|89|78|2020-9-3 8:56:6|1599148566i1286
PET: 蜡厚|1111|邦洛洛克斯(1)|丢宠|1000|89|78|2020-9-3 8:56:55|1599148566i1286
PET: 蜡厚|1111|拉可拉斯(1)|丢宠|1000|89|78|2020-9-3 8:56:56|1599148390i1285
PET: 蜡厚|1111|达伊诺洛斯(1)|丢宠|1000|89|78|2020-9-3 8:56:57|1599148308i1284
PET: 蜡厚|1111|兰贝鲁斯(1)|GM命令制作|1000|89|78|2020-9-3 8:57:1|1599148621i1287
PET: 蜡厚|1111|可利多洛斯(1)|GM命令制作|1000|89|78|2020-9-3 8:57:47|1599148667i1288
PET: 系统|Watchfunc|邦洛洛克斯(1)|系统清除-地上自由宠|1000|88|79|2020-9-3 8:57:56|1599148566i1286
PET: 系统|Watchfunc|拉可拉斯(1)|系统清除-地上自由宠|1000|88|78|2020-9-3 8:57:56|1599148390i1285
PET: 系统|Watchfunc|达伊诺洛斯(1)|系统清除-地上自由宠|1000|88|77|2020-9-3 8:57:56|1599148308i1284
PET: 蜡厚|1111|诺斯多洛斯(1)|GM命令制作|1000|89|78|2020-9-3 8:57:58|1599148678i1289
PET: 蜡厚|1111|奇卡宝斯(1)|GM命令制作|1000|89|78|2020-9-3 9:0:7|1599148807i1290
PET: 蜡厚|1111|奇卡宝斯(1)|丢宠|1000|89|78|2020-9-3 9:0:23|1599148807i1290
PET: 蜡厚|1111|诺斯多洛斯(1)|丢宠|1000|89|78|2020-9-3 9:0:24|1599148678i1289
PET: 蜡厚|1111|可利多洛斯(1)|丢宠|1000|89|78|2020-9-3 9:0:25|1599148667i1288
PET: 蜡厚|1111|兰贝鲁斯(1)|丢宠|1000|89|78|2020-9-3 9:0:26|1599148621i1287
PET: 蜡厚|1111|乌宝宝(1)|GM命令制作|1000|89|78|2020-9-3 9:0:47|1599148847i1291
PET: 系统|Watchfunc|奇卡宝斯(1)|系统清除-地上自由宠|1000|88|79|2020-9-3 9:0:55|1599148807i1290
PET: 系统|Watchfunc|诺斯多洛斯(1)|系统清除-地上自由宠|1000|88|78|2020-9-3 9:0:55|1599148678i1289
PET: 系统|Watchfunc|可利多洛斯(1)|系统清除-地上自由宠|1000|88|77|2020-9-3 9:0:55|1599148667i1288
PET: 蜡厚|1111|乌宝宝(1)|GM命令制作|1000|89|78|2020-9-3 9:1:10|1599148870i1292
PET: 蜡厚|1111|克洛尔(1)|GM命令制作|1000|89|78|2020-9-3 9:1:27|1599148887i1294
PET: 蜡厚|1111|克洛尔(1)|丢宠|1000|89|78|2020-9-3 9:1:52|1599148887i1294
PET: 蜡厚|1111|乌宝宝(1)|丢宠|1000|89|78|2020-9-3 9:1:55|1599148870i1292
PET: 系统|Watchfunc|兰贝鲁斯(1)|系统清除-地上自由宠|1000|89|77|2020-9-3 9:1:55|1599148621i1287
PET: 蜡厚|1111|乌宝宝(1)|丢宠|1000|89|78|2020-9-3 9:1:56|1599148847i1291
PET: 系统|Watchfunc|克洛尔(1)|系统清除-地上自由宠|1000|88|79|2020-9-3 9:2:55|1599148887i1294
PET: 系统|Watchfunc|乌宝宝(1)|系统清除-地上自由宠|1000|88|77|2020-9-3 9:2:55|1599148870i1292
PET: 系统|Watchfunc|乌宝宝(1)|系统清除-地上自由宠|1000|89|77|2020-9-3 9:2:55|1599148847i1291
PET: 蜡厚|1111|克洛尔(1)|GM命令制作|1000|89|78|2020-9-3 9:5:46|1599149146i1302
PET: 蜡厚|1111|威威(1)|GM命令制作|1000|89|78|2020-9-3 9:5:57|1599149157i1303
PET: 蜡厚|1111|威威(1)|丢宠|1000|89|78|2020-9-3 9:6:5|1599149157i1303
PET: 蜡厚|1111|克洛尔(1)|丢宠|1000|89|78|2020-9-3 9:6:6|1599149146i1302
PET: 蜡厚|1111|克雷尔(1)|GM命令制作|1000|89|78|2020-9-3 9:6:36|1599149196i1306
PET: 系统|Watchfunc|威威(1)|系统清除-地上自由宠|1000|90|77|2020-9-3 9:6:55|1599149157i1303
PET: 系统|Watchfunc|克洛尔(1)|系统清除-地上自由宠|1000|90|78|2020-9-3 9:6:55|1599149146i1302
PET: 蜡厚|1111|里斯基(1)|GM命令制作|1000|89|78|2020-9-3 9:8:15|1599149295i1309
PET: 蜡厚|1111|里斯基(1)|丢宠|1000|89|78|2020-9-3 9:8:27|1599149295i1309
PET: 蜡厚|1111|克雷尔(1)|丢宠|1000|89|78|2020-9-3 9:8:30|1599149196i1306
PET: 系统|Watchfunc|里斯基(1)|系统清除-地上自由宠|1000|88|79|2020-9-3 9:9:55|1599149295i1309
PET: 系统|Watchfunc|克雷尔(1)|系统清除-地上自由宠|1000|89|77|2020-9-3 9:9:55|1599149196i1306
PET: 蜡厚|1111|尼可斯(1)|GM命令制作|1000|89|78|2020-9-3 9:10:20|1599149420i1315
PET: 蜡厚|1111|尼可斯(1)|丢宠|1000|89|78|2020-9-3 9:11:9|1599149420i1315
PET: 蜡厚|1111|克邦凯斯(1)|GM命令制作|1000|89|78|2020-9-3 9:11:23|1599149483i1318
PET: 系统|Watchfunc|尼可斯(1)|系统清除-地上自由宠|1000|88|78|2020-9-3 9:11:55|1599149420i1315
PET: 蜡厚|1111|克邦凯斯(1)|丢宠|1000|89|78|2020-9-3 9:11:57|1599149483i1318
PET: 蜡厚|1111|邦恩吉(1)|GM命令制作|1000|89|77|2020-9-3 9:12:5|1599149525i1321
PET: 蜡厚|1111|邦恩吉(1)|丢宠|1000|89|77|2020-9-3 9:12:35|1599149525i1321
PET: 蜡厚|1111|邦恩吉(1)|GM命令制作|1000|89|77|2020-9-3 9:12:37|1599149557i1325
PET: 蜡厚|1111|邦恩吉(1)|丢宠|1000|89|77|2020-9-3 9:12:40|1599149557i1325
PET: 蜡厚|1111|克克洛斯(1)|GM命令制作|1000|89|77|2020-9-3 9:12:50|1599149570i1326
PET: 系统|Watchfunc|克邦凯斯(1)|系统清除-地上自由宠|1000|88|78|2020-9-3 9:12:55|1599149483i1318
PET: 系统|Watchfunc|邦恩吉(1)|系统清除-地上自由宠|1000|90|76|2020-9-3 9:13:55|1599149525i1321
PET: 系统|Watchfunc|邦恩吉(1)|系统清除-地上自由宠|1000|90|78|2020-9-3 9:13:55|1599149557i1325
PET: 蜡厚|1111|克克洛斯(1)|丢宠|1000|89|80|2020-9-3 9:14:23|1599149570i1326
PET: 蜡厚|1111|霍尔克(1)|GM命令制作|1000|88|81|2020-9-3 9:14:28|1599149668i1330
PET: 系统|Watchfunc|克克洛斯(1)|系统清除-地上自由宠|1000|89|79|2020-9-3 9:14:55|1599149570i1326
PET: 蜡厚|1111|霍尔克(1)|丢宠|1000|88|81|2020-9-3 9:15:15|1599149668i1330
PET: 蜡厚|1111|卡克尔(1)|GM命令制作|1000|88|81|2020-9-3 9:15:18|1599149718i1334
PET: 系统|Watchfunc|霍尔克(1)|系统清除-地上自由宠|1000|88|80|2020-9-3 9:15:55|1599149668i1330
PET: 蜡厚|1111|巴克(1)|GM命令制作|1000|88|81|2020-9-3 9:16:1|1599149761i1338
PET: 蜡厚|1111|卡克尔(1)|丢宠|1000|88|81|2020-9-3 9:16:5|1599149718i1334
PET: 蜡厚|1111|巴克(1)|丢宠|1000|88|81|2020-9-3 9:16:7|1599149761i1338
PET: 蜡厚|1111|贝鲁卡(1)|GM命令制作|1000|88|81|2020-9-3 9:16:30|1599149790i1342
PET: 蜡厚|1111|贝鲁卡(1)|丢宠|1000|88|81|2020-9-3 9:16:45|1599149790i1342
PET: 系统|Watchfunc|卡克尔(1)|系统清除-地上自由宠|1000|88|80|2020-9-3 9:16:49|1599149718i1334
PET: 系统|Watchfunc|巴克(1)|系统清除-地上自由宠|1000|89|80|2020-9-3 9:16:49|1599149761i1338
PET: 蜡厚|1111|贝鲁卡(1)|捡宠|1000|88|81|2020-9-3 9:16:49|1599149790i1342
PET: 蜡厚|1111|贝鲁卡(1)|丢宠|1000|87|79|2020-9-3 9:16:53|1599149790i1342
PET: 蜡厚|1111|贝鲁伊卡(1)|GM命令制作|1000|87|81|2020-9-3 9:17:11|1599149831i1346
PET: 蜡厚|1111|贝鲁伊卡(1)|丢宠|1000|87|81|2020-9-3 9:17:27|1599149831i1346
PET: 系统|Watchfunc|贝鲁卡(1)|系统清除-地上自由宠|1000|87|78|2020-9-3 9:17:55|1599149790i1342
PET: 蜡厚|1111|贝鲁伊卡(1)|GM命令制作|1000|87|81|2020-9-3 9:18:13|1599149893i1352
PET: 系统|Watchfunc|贝鲁伊卡(1)|系统清除-地上自由宠|1000|86|82|2020-9-3 9:18:26|1599149831i1346
PET: 蜡厚|1111|贝鲁伊卡(1)|丢宠|1000|87|81|2020-9-3 9:18:29|1599149893i1352
PET: 系统|Watchfunc|贝鲁伊卡(1)|系统清除-地上自由宠|1000|86|80|2020-9-3 9:19:55|1599149893i1352
PET: 蜡厚|1111|布伊比(1)|GM命令制作|1000|87|81|2020-9-3 9:21:15|1599150075i1368
PET: 蜡厚|1111|布伊比(1)|丢宠|1000|87|81|2020-9-3 9:21:56|1599150075i1368
PET: 系统|Watchfunc|布伊比(1)|系统清除-地上自由宠|1000|86|82|2020-9-3 9:22:30|1599150075i1368
PET: 蜡厚|1111|海主人(1)|GM命令制作|1000|87|81|2020-9-3 9:22:33|1599150153i1373
PET: 蜡厚|1111|海主人(1)|丢宠|1000|87|81|2020-9-3 9:22:48|1599150153i1373
PET: 蜡厚|1111|加克拉(1)|GM命令制作|1000|87|81|2020-9-3 9:23:51|1599150231i1377
PET: 系统|Watchfunc|海主人(1)|系统清除-地上自由宠|1000|86|81|2020-9-3 9:23:55|1599150153i1373
PET: 蜡厚|1111|加克拉(1)|丢宠|1000|87|81|2020-9-3 9:24:29|1599150231i1377
PET: 蜡厚|1111|加格(1)|GM命令制作|1000|87|81|2020-9-3 9:24:41|1599150281i1379
PET: 系统|Watchfunc|加克拉(1)|系统清除-地上自由宠|1000|86|81|2020-9-3 9:25:28|1599150231i1377
PET: 蜡厚|1111|加格(1)|丢宠|1000|86|81|2020-9-3 9:25:30|1599150281i1379
PET: 蜡厚|1111|加美(1)|GM命令制作|1000|86|81|2020-9-3 9:25:59|1599150359i1385
PET: 蜡厚|1111|加美(1)|丢宠|1000|86|81|2020-9-3 9:26:13|1599150359i1385
PET: 蜡厚|1111|加比(1)|GM命令制作|1000|86|81|2020-9-3 9:26:25|1599150385i1387
PET: 系统|Watchfunc|加格(1)|系统清除-地上自由宠|1000|86|82|2020-9-3 9:26:55|1599150281i1379
PET: 系统|Watchfunc|加美(1)|系统清除-地上自由宠|1000|85|82|2020-9-3 9:26:55|1599150359i1385
PET: 蜡厚|1111|鲍(1)|GM命令制作|1000|86|81|2020-9-3 9:27:23|1599150443i1389
PET: 蜡厚|1111|鲍(1)|丢宠|1000|86|81|2020-9-3 9:27:46|1599150443i1389
PET: 蜡厚|1111|加比(1)|丢宠|1000|86|81|2020-9-3 9:27:48|1599150385i1387
PET: 蜡厚|1111|卡拉卡利(1)|GM命令制作|1000|86|81|2020-9-3 9:28:2|1599150482i1392
PET: 蜡厚|1111|卡拉卡利(1)|丢宠|1000|86|81|2020-9-3 9:28:25|1599150482i1392
PET: 蜡厚|1111|卡拉宝斯(1)|GM命令制作|1000|86|81|2020-9-3 9:28:35|1599150515i1395
PET: 系统|Watchfunc|鲍(1)|系统清除-地上自由宠|1000|85|82|2020-9-3 9:28:55|1599150443i1389
PET: 系统|Watchfunc|加比(1)|系统清除-地上自由宠|1000|85|80|2020-9-3 9:28:55|1599150385i1387
PET: 系统|Watchfunc|卡拉卡利(1)|系统清除-地上自由宠|1000|87|81|2020-9-3 9:28:55|1599150482i1392
PET: 蜡厚|1111|卡拉宝斯(1)|丢宠|1000|86|81|2020-9-3 9:29:17|1599150515i1395
PET: 蜡厚|1111|可利多洛斯(1)|GM命令制作|1000|86|81|2020-9-3 9:29:26|1599150566i1399
PET: 系统|Watchfunc|卡拉宝斯(1)|系统清除-地上自由宠|1000|85|80|2020-9-3 9:29:55|1599150515i1395
PET: 蜡厚|1111|可利多洛斯(1)|丢宠|1000|86|81|2020-9-3 9:30:34|1599150566i1399
PET: 蜡厚|1111|黑乌力(1)|GM命令制作|1000|86|81|2020-9-3 9:31:51|1599150711i1406
PET: 系统|Watchfunc|可利多洛斯(1)|系统清除-地上自由宠|1000|85|80|2020-9-3 9:31:55|1599150566i1399
PET: 蜡厚|1111|柏克尔(1)|GM命令制作|1000|86|81|2020-9-3 9:32:5|1599150725i1407
PET: 蜡厚|1111|洛克斯(1)|GM命令制作|1000|86|81|2020-9-3 9:32:35|1599150755i1408
PET: 蜡厚|1111|洛克斯(1)|丢宠|1000|86|81|2020-9-3 9:32:45|1599150755i1408
PET: 蜡厚|1111|柏克尔(1)|丢宠|1000|86|81