ITEM: ТЏИкСјРхКёДд|yesdw00|ХѕБтРх ЦМФЯ A(2597)|ШЮЮёЕУЕНЕРОп|1000|50|64|2020-9-13 10:9:10|1600016950i01100
ITEM: ТЏИкСјРхКёДд|yesdw00|ХѕБтРх ЦМФЯ A(2597)|ЖЊГіКѓЯћЪЇ|130|8|30|2020-9-13 10:10:54|1600016950i01100
ITEM: server down(2020-9-13 10:23:39) 
ITEM: СІАЅЗЎ|gkrrua55|ОсЄ§ЙЬЦЎРЧ ПЪ(2551)|Drop(ОЦРЬХлЙіИВ)|100|634|491|2020-9-13 21:56:27|1599816251i831100
ITEM: СІАЅЗЎ|gkrrua55|ОсЄ§ЙЬЦЎРЧ ПЪ(2551)|PickUp(ОЦРЬХлСнДй)|100|634|491|2020-9-13 21:56:28|1599816251i831100
ITEM: СІАЅЗЎ|gkrrua55|ЛѓОЦРЧ СЖАЂ(11830)|ТєЕРОп|1009|25|24|2020-9-13 22:28:33|1600061309i21100
ITEM: СІАЅЗЎ|gkrrua55|(-1)|СьШЁЕРОп|1009|14|15|2020-9-13 22:28:59|
ITEM: СІАЅЗЎ|gkrrua55|ОсЄ§ЙЬЦЎРЧ ПЪ(2551)|ТєЕРОп|1001|15|15|2020-9-13 22:30:54|1599816251i831100
ITEM: СІАЅЗЎ|gkrrua55|БЄМЎРЧ КИПь(2541)|ТєЕРОп|1001|15|13|2020-9-13 22:30:59|1599816467i841100
ITEM: СІАЅЗЎ|gkrrua55|ПЄЗЮПь ДѓЪзЪЮ(1357)|ТєЕРОп|1002|16|15|2020-9-13 22:31:24|1599813579i421100
ITEM: СІАЅЗЎ|gkrrua55|БЉСњЕФМтбР(21685)|Drop(ОЦРЬХлЙіИВ)|1002|16|15|2020-9-13 22:31:27|
ITEM: СІАЅЗЎ|gkrrua55|БЉСњЕФМтбР(21685)|Drop(ОЦРЬХлЙіИВ)|1002|15|15|2020-9-13 22:31:29|
ITEM: СІАЅЗЎ|gkrrua55|ИДЛюжЎЪЏ(23024)|Drop(ОЦРЬХлЙіИВ)|1002|15|15|2020-9-13 22:32:47|
ITEM: СІАЅЗЎ|gkrrua55|ИДЛюжЎЪЏ(23024)|PickUp(ОЦРЬХлСнДй)|1002|15|15|2020-9-13 22:32:48|1600061568i31100
ITEM: server down(2020-9-13 23:12:14) 
ITEM: NULL|NULL|БЉСњЕФМтбР(21685)|TiemDelete|1002|14|15|2020-9-13 23:16:12|
ITEM: NULL|NULL|БЉСњЕФМтбР(21685)|TiemDelete|1002|16|16|2020-9-13 23:16:12|
ITEM: СІАЅЗЎ|gkrrua55|ИДЛюжЎЪЏ(23024)|Drop(ОЦРЬХлЙіИВ)|1000|76|74|2020-9-13 23:29:43|
ITEM: СІАЅЗЎ|gkrrua55|ИДЛюжЎЪЏ(23024)|PickUp(ОЦРЬХлСнДй)|1000|76|74|2020-9-13 23:29:44|1600064984i01100
ITEM: СІАЅЗЎ|gkrrua55|ИДЛюжЎЪЏ(23024)|Drop(ОЦРЬХлЙіИВ)|1000|76|74|2020-9-13 23:29:46|
ITEM: СІАЅЗЎ|gkrrua55|ИДЛюжЎЪЏ(23024)|PickUp(ОЦРЬХлСнДй)|1000|76|74|2020-9-13 23:29:47|1600064987i11100
ITEM: СІАЅЗЎ|gkrrua55|ИДЛюжЎЪЏ(23024)|Drop(ОЦРЬХлЙіИВ)|1000|76|74|2020-9-13 23:29:49|
ITEM: СІАЅЗЎ|gkrrua55|ИДЛюжЎЪЏ(23024)|PickUp(ОЦРЬХлСнДй)|1000|76|74|2020-9-13 23:29:50|1600064990i21100
ITEM: СІАЅЗЎ|gkrrua55|ИДЛюжЎЪЏ(23024)|Drop(ОЦРЬХлЙіИВ)|1000|76|74|2020-9-13 23:29:51|
ITEM: СІАЅЗЎ|gkrrua55|ИДЛюжЎЪЏ(23024)|Drop(ОЦРЬХлЙіИВ)|1000|76|74|2020-9-13 23:29:52|
ITEM: СІАЅЗЎ|gkrrua55|ИДЛюжЎЪЏ(23024)|Drop(ОЦРЬХлЙіИВ)|1000|76|74|2020-9-13 23:29:53|
ITEM: СІАЅЗЎ|gkrrua55|ИДЛюжЎЪЏ(23024)|Drop(ОЦРЬХлЙіИВ)|1000|76|74|2020-9-13 23:29:54|
ITEM: NULL|NULL|ИДЛюжЎЪЏ(23024)|TiemDelete|1000|75|73|2020-9-13 23:41:17|
ITEM: NULL|NULL|ИДЛюжЎЪЏ(23024)|TiemDelete|1000|75|74|2020-9-13 23:41:17|
ITEM: NULL|NULL|ИДЛюжЎЪЏ(23024)|TiemDelete|1000|75|75|2020-9-13 23:41:17|
ITEM: NULL|NULL|ИДЛюжЎЪЏ(23024)|TiemDelete|1000|76|73|2020-9-13 23:41:17|
