GM: server down(2020-9-6 4:37:25) 
GM: °üżě	jmycxc	clean_floor	(1000,70,82)	 (2020-9-6 7:3:11) 
GM: °üżě	jmycxc	itemreload all	(1000,70,82)	 (2020-9-6 7:3:13) 
GM: °üżě	jmycxc	enemyrestart	(1000,70,82)	 (2020-9-6 7:3:18) 
GM: °üżě	jmycxc	delpet	(1000,70,82)	 (2020-9-6 7:3:21) 
GM: °üżě	jmycxc	delitem all	(1000,70,82)	 (2020-9-6 7:3:24) 
GM: °üżě	jmycxc	clean_floor	(1005,14,15)	 (2020-9-6 7:3:39) 
GM: °üżě	jmycxc	clean_floor	(1005,14,15)	 (2020-9-6 7:3:40) 
GM: °üżě	jmycxc	additem 1500	(1005,15,18)	 (2020-9-6 7:6:11) 
GM: ŔŻşń	1111	clean_floor	(1006,17,24)	 (2020-9-6 7:14:27) 
GM: ŔŻşń	1111	clean_floor	(1000,108,29)	 (2020-9-6 7:14:47) 
GM: ŔŻşń	1111	clean_floor	(1000,93,101)	 (2020-9-6 7:16:39) 
GM: ŔŻşń	1111	clean_floor	(1000,93,101)	 (2020-9-6 7:16:40) 
GM: ŔŻşń	1111	clean_floor	(1000,93,101)	 (2020-9-6 7:16:41) 
GM: ŔŻşń	1111	clean_floor	(1000,93,101)	 (2020-9-6 7:16:45) 
GM: ŔŻşń	1111	clean_floor	(1000,93,101)	 (2020-9-6 7:16:48) 
GM: °üżě	jmycxc	additem 1501	(1005,15,18)	 (2020-9-6 7:20:38) 
GM: °üżě	jmycxc	additem 2349	(1005,16,19)	 (2020-9-6 7:21:2) 
GM: °üżě	jmycxc	additem 2350	(1005,16,19)	 (2020-9-6 7:21:33) 
GM: °üżě	jmycxc	additem 2351	(1005,16,19)	 (2020-9-6 7:22:24) 
GM: °üżě	jmycxc	additem 24383	(1005,16,19)	 (2020-9-6 7:22:50) 
GM: °üżě	jmycxc	additem 24384	(1005,16,19)	 (2020-9-6 7:23:9) 
GM: °üżě	jmycxc	clean_floor	(1001,15,13)	 (2020-9-6 8:52:24) 
GM: °üżě	jmycxc	clean_floor	(1001,15,13)	 (2020-9-6 8:52:24) 
GM: °üżě	jmycxc	clean_floor	(1001,15,13)	 (2020-9-6 8:52:25) 
GM: °üżě	jmycxc	clean_floor	(1001,15,15)	 (2020-9-6 8:52:27) 
GM: °üżě	jmycxc	additem 1203	(1001,13,16)	 (2020-9-6 9:3:10) 
GM: °üżě	jmycxc	additem 1203	(1001,13,16)	 (2020-9-6 9:3:17) 
GM: °üżě	jmycxc	additem 1285	(1001,13,16)	 (2020-9-6 9:3:34) 
GM: °üżě	jmycxc	additem 1500	(1000,57,107)	 (2020-9-6 10:20:0) 
GM: °üżě	jmycxc	additem 1500	(1000,57,107)	 (2020-9-6 10:20:9) 
GM: °üżě	jmycxc	additem 1500 10	(1000,57,107)	 (2020-9-6 10:20:14) 
GM: °üżě	jmycxc	petmake 352	(1000,57,107)	 (2020-9-6 10:26:45) 
GM: °üżě	jmycxc	petmake 2618	(1000,58,108)	 (2020-9-6 10:27:16) 
GM: °üżě	jmycxc	petmake 5059	(1000,58,106)	 (2020-9-6 10:30:14) 
GM: °üżě	jmycxc	petmake 5095	(1000,58,106)	 (2020-9-6 10:32:52) 
GM: °üżě	jmycxc	enemyrestart	(1000,58,106)	 (2020-9-6 10:33:11) 
GM: °üżě	jmycxc	itemreload all	(1000,58,106)	 (2020-9-6 10:33:15) 
GM: °üżě	jmycxc	petmake 5059	(1000,58,106)	 (2020-9-6 10:33:22) 
GM: °üżě	jmycxc	petmake 5050	(1000,59,109)	 (2020-9-6 10:33:44) 
GM: °üżě	jmycxc	petmake 5060	(1000,59,109)	 (2020-9-6 10:35:47) 
GM: °üżě	jmycxc	petmake 5060	(1000,59,109)	 (2020-9-6 10:36:59) 
GM: °üżě	jmycxc	petmake 5047	(1000,59,109)	 (2020-9-6 10:37:21) 
GM: °üżě	jmycxc	petmake 5048	(1000,59,109)	 (2020-9-6 10:37:26) 
GM: °üżě	jmycxc	delpet	(1000,59,110)	 (2020-9-6 10:46:58) 
GM: °üżě	jmycxc	delitem all	(1000,59,110)	 (2020-9-6 10:47:6) 
GM: °üżě	jmycxc	additem 15400	(1000,59,110)	 (2020-9-6 10:47:29) 
GM: °üżě	jmycxc	additem 15401	(1000,59,110)	 (2020-9-6 10:47:32) 
GM: °üżě	jmycxc	additem 15402	(1000,59,110)	 (2020-9-6 10:47:36) 
GM: °üżě	jmycxc	additem 15403	(1000,59,110)	 (2020-9-6 10:47:44) 
GM: °üżě	jmycxc	additem 15404	(1000,59,110)	 (2020-9-6 10:47:49) 
GM: °üżě	jmycxc	additem 15405	(1000,59,110)	 (2020-9-6 10:47:53) 
GM: °üżě	jmycxc	additem 15406	(1000,59,110)	 (2020-9-6 10:48:6) 
GM: °üżě	jmycxc	additem 15407	(1000,59,110)	 (2020-9-6 10:48:12) 
GM: °üżě	jmycxc	additem 15408	(1000,59,110)	 (2020-9-6 10:48:15) 
GM: °üżě	jmycxc	additem 15409	(1000,59,110)	 (2020-9-6 10:48:24) 
GM: °üżě	jmycxc	additem 24283	(1000,59,110)	 (2020-9-6 10:48:54) 
GM: °üżě	jmycxc	additem 24282	(1000,59,110)	 (2020-9-6 10:49:10) 
GM: °üżě	jmycxc	additem 26008	(1000,59,110)	 (2020-9-6 10:49:41) 
GM: °üżě	jmycxc	additem 26010	(1000,59,110)	 (2020-9-6 10:49:47) 
GM: °üżě	jmycxc	additem 20934	(1000,58,110)	 (2020-9-6 10:51:27) 
GM: °üżě	jmycxc	additem 26010	(1000,58,110)	 (2020-9-6 10:52:9) 
GM: °üżě	jmycxc	additem 26008	(1000,58,110)	 (2020-9-6 10:52:17) 
GM: °üżě	jmycxc	additem 26008	(1000,58,110)	 (2020-9-6 10:52:22) 
GM: °üżě	jmycxc	warp 1041 9 17	(1000,58,106)	 (2020-9-6 11:9:56) 
GM: °üżě	jmycxc	warGM: server down(2020-9-6 23:7:3) 
