ITEM: server down(2020-9-6 4:37:25) 
ITEM: 包快|jmycxc|窍靛 努反(150)|GM删除道具|1000|70|82|2020-9-6 7:3:24|1599356665i241100
ITEM: 包快|jmycxc|海畴固胶Lv1 竣胶(1)|GM删除道具|1000|70|82|2020-9-6 7:3:24|1599355893i221100
ITEM: 包快|jmycxc|激扁福狼 竣胶(90)|GM删除道具|1000|70|82|2020-9-6 7:3:24|1599356644i231100
ITEM: 包快|jmycxc|胶隔 匙老(300)|GM删除道具|1000|70|82|2020-9-6 7:3:24|1599356743i251100
ITEM: 包快|jmycxc|蜡令靛 母(900)|GM删除道具|1000|70|82|2020-9-6 7:3:24|1599357543i261100
ITEM: 包快|jmycxc|酒农俊聪胶 Lv1伎 骇(1251)|GM删除道具|1000|70|82|2020-9-6 7:3:24|1599357553i271100
ITEM: 包快|jmycxc|海畴固胶Lv1 竣胶(1)|GM删除道具|1000|70|82|2020-9-6 7:3:24|1599324930i891100
ITEM: 包快|jmycxc|尖牙头盔(2349)|GM制作道具|1005|16|19|2020-9-6 7:21:2|1599402062i31100
ITEM: 包快|jmycxc|尖牙之铠(2350)|GM制作道具|1005|16|19|2020-9-6 7:21:33|1599402093i41100
ITEM: 包快|jmycxc|尖牙腰带(2351)|GM制作道具|1005|16|19|2020-9-6 7:22:24|1599402144i51100
ITEM: 蜡厚|1111|老鼠爱吃的大福(1696)|任务得到道具|3000|62|101|2020-9-6 7:22:43|1599402163i61100
ITEM: 蜡厚|1111|老鼠爱吃的大福(1696)|丢出后消失|3000|67|105|2020-9-6 7:22:48|1599402163i61100
ITEM: 蜡厚|1111|沥飞空狼 劝(2775)|丢出道具|3000|71|105|2020-9-6 7:22:49|1599266764i111100
ITEM: 蜡厚|1111|沥飞空狼 劝(2775)|捡起道具|3000|71|105|2020-9-6 7:22:50|1599266764i111100
ITEM: 蜡厚|1111|海畴磊Lv1 竣胶(11)|丢出道具|3000|75|104|2020-9-6 7:22:51|1599260544i101100
ITEM: 蜡厚|1111|海畴磊Lv1 竣胶(11)|捡起道具|3000|75|104|2020-9-6 7:22:52|1599260544i101100
ITEM: 包快|jmycxc|尖牙腰带(2351)|丢出道具|1001|15|13|2020-9-6 9:2:13|1599402144i51100
ITEM: 包快|jmycxc|尖牙之铠(2350)|丢出道具|1001|15|13|2020-9-6 9:2:14|1599402093i41100
ITEM: 包快|jmycxc|尖牙头盔(2349)|丢出道具|1001|14|16|2020-9-6 9:2:17|1599402062i31100
ITEM: NULL|NULL|尖牙之铠(2350)|TiemDelete|1001|14|14|2020-9-6 9:3:0|1599402093i41100
ITEM: NULL|NULL|尖牙头盔(2349)|TiemDelete|1001|14|17|2020-9-6 9:3:0|1599402062i31100
ITEM: NULL|NULL|尖牙腰带(2351)|TiemDelete|1001|15|14|2020-9-6 9:3:0|1599402144i51100
ITEM: 包快|jmycxc|皮的手环(红)(1203)|GM制作道具|1001|13|16|2020-9-6 9:3:10|1599408190i131100
ITEM: 包快|jmycxc|皮的手环(红)(1203)|GM制作道具|1001|13|16|2020-9-6 9:3:17|1599408197i141100
ITEM: 包快|jmycxc|皮的手环(红)(1203)|丢出道具|1001|13|16|2020-9-6 9:3:20|1599408190i131100
ITEM: 包快|jmycxc|抗毒护身符1(1285)|GM制作道具|1001|13|16|2020-9-6 9:3:34|1599408214i151100
ITEM: NULL|NULL|皮的手环(红)(1203)|TiemDelete|1001|12|16|2020-9-6 9:4:31|1599408190i131100
ITEM: 包快|jmycxc|怕浅狼 癌渴(15400)|GM制作道具|1000|59|110|2020-9-6 10:47:29|1599414449i281100
ITEM: 包快|jmycxc|怕浅狼 芒(15401)|GM制作道具|1000|59|110|2020-9-6 10:47:32|1599414452i291100
ITEM: 包快|jmycxc|怕浅狼 格吧捞(15402)|GM制作道具|1000|59|110|2020-9-6 10:47:36|1599414456i301100
ITEM: 包快|jmycxc|脚格狼 癌渴(15403)|GM制作道具|1000|59|110|2020-9-6 10:47:44|1599414464i311100
ITEM: 包快|jmycxc|脚格狼 芒(15404)|GM制作道具|1000|59|110|2020-9-6 10:47:49|1599414469i321100
ITEM: 包快|jmycxc|脚格狼 格吧捞(15405)|GM制作道具|1000|59|110|2020-9-6 10:47:53|1599414473i331100
ITEM: 包快|jmycxc|阂采颇祈 档尝(15406)|GM制作道具|1000|59|110|2020-9-6 10:48:6|1599414486i341100
ITEM: 包快|jmycxc|阂采颇祈 格吧捞(15407)|GM制作道具|1000|59|110|2020-9-6 10:48:12|1599414492i351100
ITEM: 包快|jmycxc|阂采颇祈 捧备(15408)|GM制作道具|1000|59|110|2020-9-6 10:48:15|1599414495i361100
ITEM: 包快|jmycxc|官恩狼 癌渴(15409)|GM制作道具|1000|59|110|2020-9-6 10:48:24|1599414504i371100
ITEM: 包快|jmycxc|官恩狼 癌渴(15409)|丢出道具|1000|59|110|2020-9-6 10:48:39|1599414504i371100
ITEM: 包快|jmycxc|趁悼 曼 促尔绢(24283)|GM制作道具|1000|59|110|2020-9-6 10:48:54|1599414534i381100
ITEM: 包快|jmycxc|趁悼 曼 促尔绢(24283)|丢出道具|1000|59|110|2020-9-6 10:48:56|1599414534i381100
ITEM: 包快|jmycxc|庆萍酒狼 芒(24282)|GM制作道具|1000|59|110|2020-9-6 10:49:10|1599414550i391100
ITEM: 包快|jmycxc|倔澜狼 捧备(26008)|GM制作道具|1000|59|110|2020-9-6 10:49:41|1599414581i401100
ITEM: 包快|jmycxc|萍酒飘狼 措瘤(26010)|GM制作道具|1000|59|110|2020-9-6 10:49:47|1599414587i411100
ITEM: 包快|jmycxc|萍酒飘狼 措瘤(26010)|丢出道具|1000|59|110|2020-9-6 10:49:49|1599414587i411100
ITEM: NULL|NULLITEM: server down(2020-9-6 23:7:3) 
