PET: server down(2020-9-6 4:37:25) 
PET: 蜡厚|1111|左迪洛斯(1)|丢宠|1000|92|78|2020-9-6 7:12:46|1599215745i10
PET: 蜡厚|1111|左迪洛斯(1)|捡宠|1000|92|78|2020-9-6 7:12:47|1599215745i10
PET: 蜡厚|1111|钮捞(1)|捕获宠物|100|634|493|2020-9-6 8:24:21|
PET: 蜡厚|1111|钮捞(1)|捕获宠物|100|634|493|2020-9-6 8:24:41|
PET: 包快|jmycxc|葛啊肺胶(1)|GM命令制作|1000|57|107|2020-9-6 10:26:45|1599413205i12
PET: 包快|jmycxc|箕福眉(1)|GM命令制作|1000|58|108|2020-9-6 10:27:16|1599413236i13
PET: 包快|jmycxc|酒捞胶靛贰帮(1)|GM命令制作|1000|58|106|2020-9-6 10:33:22|1599413602i14
PET: 包快|jmycxc|浅归(1)|GM命令制作|1000|59|109|2020-9-6 10:33:44|1599413624i15
PET: 包快|jmycxc|浅归(1)|丢宠|1000|59|109|2020-9-6 10:33:53|1599413624i15
PET: 包快|jmycxc|酒捞胶靛贰帮(1)|丢宠|1000|59|109|2020-9-6 10:33:54|1599413602i14
PET: 蜡厚|1111|钮捞(1)|丢宠|1000|60|109|2020-9-6 10:34:10|1599405881i11
PET: 蜡厚|1111|钮捞(1)|丢宠|1000|60|107|2020-9-6 10:34:12|1599405861i10
PET: 系统|Watchfunc|浅归(1)|系统清除-地上自由宠|1000|58|110|2020-9-6 10:34:55|1599413624i15
PET: 系统|Watchfunc|酒捞胶靛贰帮(1)|系统清除-地上自由宠|1000|58|109|2020-9-6 10:34:55|1599413602i14
PET: 系统|Watchfunc|钮捞(1)|系统清除-地上自由宠|1000|61|109|2020-9-6 10:34:55|1599405881i11
PET: 系统|Watchfunc|钮捞(1)|系统清除-地上自由宠|1000|60|106|2020-9-6 10:34:55|1599405861i10
PET: 包快|jmycxc|绢赴酒捞胶靛贰帮(1)|GM命令制作|1000|59|109|2020-9-6 10:35:47|1599413747i16
PET: 包快|jmycxc|绢赴酒捞胶靛贰帮(1)|丢宠|1000|59|109|2020-9-6 10:36:7|1599413747i16
PET: 系统|Watchfunc|绢赴酒捞胶靛贰帮(1)|系统清除-地上自由宠|1000|58|110|2020-9-6 10:36:39|1599413747i16
PET: 包快|jmycxc|绢赴酒捞胶靛贰帮(1)|GM命令制作|1000|59|109|2020-9-6 10:36:59|1599413819i17
PET: 包快|jmycxc|绢赴酒捞胶靛贰帮(1)|丢宠|1000|59|109|2020-9-6 10:37:0|1599413819i17
PET: 包快|jmycxc|其啊荐胶(1)|GM命令制作|1000|59|109|2020-9-6 10:37:21|1599413841i18
PET: 包快|jmycxc|没锋(1)|GM命令制作|1000|59|109|2020-9-6 10:37:26|1599413846i19
PET: 包快|jmycxc|其啊荐胶(1)|丢宠|1000|59|109|2020-9-6 10:37:30|1599413841i18
PET: 包快|jmycxc|没锋(1)|丢宠|1000|59|109|2020-9-6 10:37:32|1599413846i19
PET: 系统|Watchfunc|绢赴酒捞胶靛贰帮(1)|系统清除-地上自由宠|1000|58|110|2020-9-6 10:37:34|1599413819i17
PET: 包快|jmycxc|没锋(1)|捡宠|1000|59|109|2020-9-6 10:37:34|1599413846i19
PET: 包快|jmycxc|没锋(1)|丢宠|1000|59|109|2020-9-6 10:37:36|1599413846i19
PET: 系统|Watchfunc|其啊荐胶(1)|系统清除-地上自由宠|1000|58|109|2020-9-6 10:38:3|1599413841i18
PET: 系统|Watchfunc|没锋(1)|系统清除-地上自由宠|1000|59|110|2020-9-6 10:38:7|1599413846i19
PET: 包快|jmycxc|全访(1)|GM命令制作|4030|34|21|2020-9-6 11:15:47|1599416147i110
PET: 包快|jmycxc|全访(1)|丢宠|4030|34|21|2020-9-6 11:15:53|1599416147i110
PET: 系统|Watchfunc|全访(1)|系统清除-地上自由宠|4030|33|22|2020-9-6 11:16:55|1599416147i110
PET: 包快|jmycxc|绊坷促(1)|GM命令制作|1000|59|110|2020-9-6 11:32:9|1599417129i111
PET: 包快|jmycxc|弊府橇胶(1)|GM命令制作|1000|59|110|2020-9-6 11:32:15|1599417135i112
PET: 包快|jmycxc|酒付鄂(1)|GM命令制作|1000|59|110|2020-9-6 11:32:20|1599417140i113
PET: 包快|jmycxc|酒付鄂胶(1)|GM命令制作|1000|59|110|2020-9-6 11:32:23|1599417143i114
PET: 包快|jmycxc|绊坷促(1)|丢宠|1000|58|108|2020-9-6 11:32:35|1599417129i111
PET: 包快|jmycxc|弊府橇胶(1)|丢宠|1000|58|108|2020-9-6 11:32:36|1599417135i112
PET: 包快|jmycxc|酒付鄂(1)|丢宠|1000|58|108|2020-9-6 11:32:37|1599417140i113
PET: 包快|jmycxc|酒付鄂胶(1)|丢宠|1000|58|108|2020-9-6 11:32:39|1599417143i114
PET: 包快|jmycxc|弊府橇胶(1)|捡宠|1000|57|108|2020-9-6 11:32:45|1599417135i112
PET: 包快|jmycxc|酒付鄂(1)|捡宠|1000|57|108|2020-9-6 11:32:46|1599417140i113
PET: 包快|jmycxc|酒付鄂胶(1)|捡宠|1000|57|108|2020-9-6 11:32:46|1599417143i114
PET: 包快|jmycxc|酒付鄂胶(1)|丢宠|1000|57|107|2020-9-6 11:32:51|1599417143i114
PET: 包快|jmycxc|酒付鄂(1)|丢宠|1000|59|106|2020-9-6 11:32:53|1599417140i113
PET: 包快|jmycxc|弊府橇胶(1)|丢宠|1000|58|106|2020-9-6 11:32:56|1599417135i112
PET: 包快|jmycxc|弊府橇胶(1)|捡宠|1000|58|106|2020-9-6 11:32:57|1599417135i112
PET: 包快|jmycxc|弊府橇胶(1)|丢宠|1000|59|108|2020-9-6 11:33:3|1599417135i112
PET: 包快|jmycxc|酱惯府(1)|GM命令制作|1000|59|108|2020-9-6 11:33:16|1599417196i115PET: server down(2020-9-6 23:7:3) 
