PET: มฆฐฅทฎ|gkrrua55|ะยสึบฃท็ท็(1)|ย๔ณ่|2003|16|17|2020-9-10 19:3:51|1599664627i130
PET: มฆฐฅทฎ|gkrrua55|ศๆฤซลฐ(1)|LUAตฤchar.AddPet|2000|76|64|2020-9-10 19:4:27|1599789867i10
PET: มฆฐฅทฎ|gkrrua55|ตฮธฎ(140)|ศฺบฯฝปณ๖ณ่ฮ๏|2000|85|87|2020-9-10 19:5:19|1599664627i128
PET: มฆฐฅทฎ|gkrrua55|ศๆฤซลฐ(1)|ศฺบฯฝปณ๖ณ่ฮ๏|2000|85|87|2020-9-10 19:5:19|1599789867i10
PET: มฆฐฅทฎ|gkrrua55|ธฎฤซฝบ(1)|ศฺบฯป๑ตรตฐ|2000|85|87|2020-9-10 19:5:19|1599789919i11
PET: aaaaaaaaa|159159|ตฮธฎ(1)|LUAตฤchar.AddPet|2006|20|16|2020-9-10 20:22:18|1599794538i12
PET: aaaaaaaaa|159159|ศซทร(1)|LUAตฤchar.AddPet|2006|20|16|2020-9-10 20:22:18|1599794538i13
PET: aaaaaaaaa|159159|ะยสึบฃท็ท็(1)|LUAตฤchar.AddPet|2006|20|16|2020-9-10 20:22:18|1599794538i14
PET: aaaaaaaaa|159159|ะยสึบฃท็ท็(1)|LUAตฤchar.AddPet|2006|20|16|2020-9-10 20:22:18|1599794538i15
PET: aa|jmycxc|ตฮธฎ(1)|LUAตฤchar.AddPet|2006|20|16|2020-9-10 20:28:15|1599794895i16
PET: aa|jmycxc|ศซทร(1)|LUAตฤchar.AddPet|2006|20|16|2020-9-10 20:28:15|1599794895i17
PET: aa|jmycxc|ะยสึฐํธฃฐํธฃ(1)|LUAตฤchar.AddPet|2006|20|16|2020-9-10 20:28:15|1599794895i18
PET: aa|jmycxc|ะยสึฐํธฃฐํธฃ(1)|LUAตฤchar.AddPet|2006|20|16|2020-9-10 20:28:15|1599794895i19
PET: มฆฐฅทฎT|gkrrua55|ตฮธฎ(1)|LUAตฤchar.AddPet|2006|20|16|2020-9-10 20:55:37|1599796537i110
PET: มฆฐฅทฎT|gkrrua55|ศซทร(1)|LUAตฤchar.AddPet|2006|20|16|2020-9-10 20:55:37|1599796537i111
PET: มฆฐฅทฎT|gkrrua55|ะยสึบฃท็ท็(1)|LUAตฤchar.AddPet|2006|20|16|2020-9-10 20:55:37|1599796537i112
PET: มฆฐฅทฎT|gkrrua55|ะยสึบฃท็ท็(1)|LUAตฤchar.AddPet|2006|20|16|2020-9-10 20:55:37|1599796537i113
PET: s|159159|ตฮธฎ(1)|LUAตฤchar.AddPet|2006|20|16|2020-9-10 20:57:16|1599796636i114
PET: s|159159|ศซทร(1)|LUAตฤchar.AddPet|2006|20|16|2020-9-10 20:57:16|1599796636i115
PET: s|159159|ะยสึบฃธฃฐก(1)|LUAตฤchar.AddPet|2006|20|16|2020-9-10 20:57:16|1599796636i116
PET: s|159159|ะยสึบฃธฃฐก(1)|LUAตฤchar.AddPet|2006|20|16|2020-9-10 20:57:16|1599796636i117
PET: adidas|jmycxc1|ตฮธฎ(1)|LUAตฤchar.AddPet|2006|20|16|2020-9-10 21:14:31|1599797671i118
PET: adidas|jmycxc1|ศซทร(1)|LUAตฤchar.AddPet|2006|20|16|2020-9-10 21:14:31|1599797671i119
PET: adidas|jmycxc1|ะยสึบฃท็ท็(1)|LUAตฤchar.AddPet|2006|20|16|2020-9-10 21:14:31|1599797671i120
PET: adidas|jmycxc1|ะยสึบฃท็ท็(1)|LUAตฤchar.AddPet|2006|20|16|2020-9-10 21:14:31|1599797671i121
PET: ssssss|159159|ตฮธฎ(1)|LUAตฤchar.AddPet|2006|20|16|2020-9-10 21:25:7|1599798307i122
PET: ssssss|159159|ศซทร(1)|LUAตฤchar.AddPet|2006|20|16|2020-9-10 21:25:7|1599798307i123
PET: ssssss|159159|ะยสึบฃท็ท็(1)|LUAตฤchar.AddPet|2006|20|16|2020-9-10 21:25:7|1599798307i124
PET: ssssss|159159|ะยสึบฃท็ท็(1)|LUAตฤchar.AddPet|2006|20|16|2020-9-10 21:25:7|1599798307i125
PET: ddddd|159159|ตฮธฎ(1)|LUAตฤchar.AddPet|2006|20|16|2020-9-10 21:25:24|1599798324i126
PET: ddddd|159159|ศซทร(1)|LUAตฤchar.AddPet|2006|20|16|2020-9-10 21:25:24|1599798324i127
PET: ddddd|159159|ะยสึฐํธฃฐํธฃ(1)|LUAตฤchar.AddPet|2006|20|16|2020-9-10 21:25:24|1599798324i128
PET: ddddd|159159|ะยสึฐํธฃฐํธฃ(1)|LUAตฤchar.AddPet|2006|20|16|2020-9-10 21:25:24|1599798324i129
PET: ภๅบ๑|yesdw00|ตฮธฎ(1)|LUAตฤchar.AddPet|2006|20|16|2020-9-10 21:38:52|1599799132i130
PET: ภๅบ๑|yesdw00|ศซทร(1)|LUAตฤchar.AddPet|2006|20|16|2020-9-10 21:38:52|1599799132i131
PET: ภๅบ๑|yesdw00|ะยสึฐํธฃฐํธฃ(1)|LUAตฤchar.AddPet|2006|20|16|2020-9-10 21:38:52|1599799132i132
PET: ภๅบ๑|yesdw00|ะยสึฐํธฃฐํธฃ(1)|LUAตฤchar.AddPet|2006|20|16|2020-9-10 21:38:52|1599799132i133
PET: a|159159|ตฮธฎ(1)|LUAตฤchar.AddPet|2006|20|16|2020-9-10 22:3:54|1599800634i134
PET: a|159159|ศซทร(1)|LUAตฤchar.AddPet|2006|20|16|2020-9-10 22:3:54|1599800634i135
PET: a|159159|ะยสึฐํธฃฐํธฃ(1)|LUAตฤchar.AddPet|2006|20|16|2020-9-10 22:3:54|1599800634i136
PET: a|159159|ะยสึฐํธฃฐํธฃ(1)|LUAตฤchar.AddPet|2006|20|16|2020-9-10 22:3:54|1599800634i137
